2019-01-15 06:19:48,455:INFO: Loading the datasets...
2019-01-15 06:19:56,054:INFO: - done.
2019-01-15 06:19:56,055:INFO: For k-fold 1/5:
2019-01-15 06:19:56,055:INFO: Starting training for 45 epoch(s)
2019-01-15 06:19:56,055:INFO: Epoch 1/45
2019-01-15 06:20:14,899:INFO: - Train metrics: dsc: 0.097 ; iou: 0.052 ; accuracy: 0.862 ; precision: 0.053 ; recall: 0.751 ; loss: 0.969
2019-01-15 06:20:16,707:INFO: - Eval metrics : dsc: 0.115 ; iou: 0.063 ; accuracy: 0.851 ; precision: 0.063 ; recall: 0.940 ; loss: 0.958
2019-01-15 06:20:16,725:INFO: - Found new best DSC
2019-01-15 06:20:16,725:INFO: Epoch 2/45
2019-01-15 06:20:35,598:INFO: - Train metrics: dsc: 0.200 ; iou: 0.118 ; accuracy: 0.921 ; precision: 0.118 ; recall: 0.944 ; loss: 0.954
2019-01-15 06:20:37,394:INFO: - Eval metrics : dsc: 0.247 ; iou: 0.150 ; accuracy: 0.947 ; precision: 0.150 ; recall: 0.944 ; loss: 0.950
2019-01-15 06:20:37,413:INFO: - Found new best DSC
2019-01-15 06:20:37,413:INFO: Epoch 3/45
2019-01-15 06:20:56,379:INFO: - Train metrics: dsc: 0.315 ; iou: 0.201 ; accuracy: 0.960 ; precision: 0.201 ; recall: 0.958 ; loss: 0.948
2019-01-15 06:20:58,189:INFO: - Eval metrics : dsc: 0.343 ; iou: 0.221 ; accuracy: 0.968 ; precision: 0.222 ; recall: 0.944 ; loss: 0.946
2019-01-15 06:20:58,206:INFO: - Found new best DSC
2019-01-15 06:20:58,206:INFO: Epoch 4/45
2019-01-15 06:21:17,176:INFO: - Train metrics: dsc: 0.401 ; iou: 0.272 ; accuracy: 0.974 ; precision: 0.272 ; recall: 0.961 ; loss: 0.945
2019-01-15 06:21:19,003:INFO: - Eval metrics : dsc: 0.411 ; iou: 0.278 ; accuracy: 0.977 ; precision: 0.280 ; recall: 0.941 ; loss: 0.943
2019-01-15 06:21:19,025:INFO: - Found new best DSC
2019-01-15 06:21:19,025:INFO: Epoch 5/45
2019-01-15 06:21:37,994:INFO: - Train metrics: dsc: 0.449 ; iou: 0.313 ; accuracy: 0.980 ; precision: 0.314 ; recall: 0.966 ; loss: 0.942
2019-01-15 06:21:39,804:INFO: - Eval metrics : dsc: 0.472 ; iou: 0.333 ; accuracy: 0.983 ; precision: 0.335 ; recall: 0.945 ; loss: 0.940
2019-01-15 06:21:39,825:INFO: - Found new best DSC
2019-01-15 06:21:39,825:INFO: Epoch 6/45
2019-01-15 06:21:58,716:INFO: - Train metrics: dsc: 0.491 ; iou: 0.353 ; accuracy: 0.983 ; precision: 0.354 ; recall: 0.967 ; loss: 0.940
2019-01-15 06:22:00,591:INFO: - Eval metrics : dsc: 0.502 ; iou: 0.361 ; accuracy: 0.985 ; precision: 0.366 ; recall: 0.948 ; loss: 0.938
2019-01-15 06:22:00,613:INFO: - Found new best DSC
2019-01-15 06:22:00,613:INFO: Epoch 7/45
2019-01-15 06:22:19,480:INFO: - Train metrics: dsc: 0.526 ; iou: 0.386 ; accuracy: 0.986 ; precision: 0.387 ; recall: 0.968 ; loss: 0.937
2019-01-15 06:22:21,299:INFO: - Eval metrics : dsc: 0.546 ; iou: 0.405 ; accuracy: 0.988 ; precision: 0.413 ; recall: 0.950 ; loss: 0.936
2019-01-15 06:22:21,317:INFO: - Found new best DSC
2019-01-15 06:22:21,317:INFO: Epoch 8/45
2019-01-15 06:22:40,236:INFO: - Train metrics: dsc: 0.552 ; iou: 0.414 ; accuracy: 0.987 ; precision: 0.416 ; recall: 0.973 ; loss: 0.934
2019-01-15 06:22:42,040:INFO: - Eval metrics : dsc: 0.575 ; iou: 0.436 ; accuracy: 0.990 ; precision: 0.440 ; recall: 0.954 ; loss: 0.934
2019-01-15 06:22:42,056:INFO: - Found new best DSC
2019-01-15 06:22:42,056:INFO: Epoch 9/45
2019-01-15 06:23:00,984:INFO: - Train metrics: dsc: 0.572 ; iou: 0.433 ; accuracy: 0.989 ; precision: 0.435 ; recall: 0.974 ; loss: 0.932
2019-01-15 06:23:02,846:INFO: - Eval metrics : dsc: 0.591 ; iou: 0.454 ; accuracy: 0.991 ; precision: 0.457 ; recall: 0.950 ; loss: 0.929
2019-01-15 06:23:02,862:INFO: - Found new best DSC
2019-01-15 06:23:02,862:INFO: Epoch 10/45
2019-01-15 06:23:21,769:INFO: - Train metrics: dsc: 0.593 ; iou: 0.456 ; accuracy: 0.990 ; precision: 0.457 ; recall: 0.974 ; loss: 0.929
2019-01-15 06:23:23,576:INFO: - Eval metrics : dsc: 0.572 ; iou: 0.435 ; accuracy: 0.989 ; precision: 0.437 ; recall: 0.954 ; loss: 0.927
2019-01-15 06:23:23,595:INFO: Epoch 11/45
2019-01-15 06:23:42,477:INFO: - Train metrics: dsc: 0.607 ; iou: 0.471 ; accuracy: 0.990 ; precision: 0.474 ; recall: 0.974 ; loss: 0.925
2019-01-15 06:23:44,306:INFO: - Eval metrics : dsc: 0.600 ; iou: 0.465 ; accuracy: 0.991 ; precision: 0.473 ; recall: 0.955 ; loss: 0.926
2019-01-15 06:23:44,322:INFO: - Found new best DSC
2019-01-15 06:23:44,322:INFO: Epoch 12/45
2019-01-15 06:24:03,288:INFO: - Train metrics: dsc: 0.614 ; iou: 0.480 ; accuracy: 0.991 ; precision: 0.483 ; recall: 0.975 ; loss: 0.922
2019-01-15 06:24:05,105:INFO: - Eval metrics : dsc: 0.608 ; iou: 0.473 ; accuracy: 0.992 ; precision: 0.482 ; recall: 0.956 ; loss: 0.920
2019-01-15 06:24:05,125:INFO: - Found new best DSC
2019-01-15 06:24:05,125:INFO: Epoch 13/45
2019-01-15 06:24:24,008:INFO: - Train metrics: dsc: 0.630 ; iou: 0.499 ; accuracy: 0.992 ; precision: 0.502 ; recall: 0.975 ; loss: 0.918
2019-01-15 06:24:25,851:INFO: - Eval metrics : dsc: 0.652 ; iou: 0.525 ; accuracy: 0.993 ; precision: 0.540 ; recall: 0.939 ; loss: 0.916
2019-01-15 06:24:25,867:INFO: - Found new best DSC
2019-01-15 06:24:25,867:INFO: Epoch 14/45
2019-01-15 06:24:44,849:INFO: - Train metrics: dsc: 0.632 ; iou: 0.502 ; accuracy: 0.992 ; precision: 0.505 ; recall: 0.974 ; loss: 0.913
2019-01-15 06:24:46,640:INFO: - Eval metrics : dsc: 0.602 ; iou: 0.472 ; accuracy: 0.991 ; precision: 0.483 ; recall: 0.944 ; loss: 0.912
2019-01-15 06:24:46,655:INFO: Epoch 15/45
2019-01-15 06:25:05,573:INFO: - Train metrics: dsc: 0.639 ; iou: 0.510 ; accuracy: 0.992 ; precision: 0.513 ; recall: 0.973 ; loss: 0.909
2019-01-15 06:25:07,406:INFO: - Eval metrics : dsc: 0.637 ; iou: 0.509 ; accuracy: 0.993 ; precision: 0.520 ; recall: 0.937 ; loss: 0.905
2019-01-15 06:25:07,420:INFO: Epoch 16/45
2019-01-15 06:25:26,385:INFO: - Train metrics: dsc: 0.640 ; iou: 0.511 ; accuracy: 0.992 ; precision: 0.514 ; recall: 0.968 ; loss: 0.904
2019-01-15 06:25:28,224:INFO: - Eval metrics : dsc: 0.612 ; iou: 0.482 ; accuracy: 0.991 ; precision: 0.493 ; recall: 0.944 ; loss: 0.903
2019-01-15 06:25:28,245:INFO: Epoch 17/45
2019-01-15 06:25:47,177:INFO: - Train metrics: dsc: 0.645 ; iou: 0.517 ; accuracy: 0.992 ; precision: 0.524 ; recall: 0.968 ; loss: 0.898
2019-01-15 06:25:48,988:INFO: - Eval metrics : dsc: 0.649 ; iou: 0.525 ; accuracy: 0.993 ; precision: 0.544 ; recall: 0.931 ; loss: 0.892
2019-01-15 06:25:49,002:INFO: Epoch 18/45
2019-01-15 06:26:07,852:INFO: - Train metrics: dsc: 0.655 ; iou: 0.529 ; accuracy: 0.993 ; precision: 0.534 ; recall: 0.965 ; loss: 0.890
2019-01-15 06:26:09,658:INFO: - Eval metrics : dsc: 0.641 ; iou: 0.515 ; accuracy: 0.993 ; precision: 0.555 ; recall: 0.921 ; loss: 0.896
2019-01-15 06:26:09,673:INFO: Epoch 19/45
2019-01-15 06:26:28,548:INFO: - Train metrics: dsc: 0.651 ; iou: 0.526 ; accuracy: 0.993 ; precision: 0.532 ; recall: 0.965 ; loss: 0.885
2019-01-15 06:26:30,354:INFO: - Eval metrics : dsc: 0.649 ; iou: 0.525 ; accuracy: 0.993 ; precision: 0.543 ; recall: 0.932 ; loss: 0.891
2019-01-15 06:26:30,368:INFO: Epoch 20/45
2019-01-15 06:26:49,279:INFO: - Train metrics: dsc: 0.659 ; iou: 0.536 ; accuracy: 0.993 ; precision: 0.543 ; recall: 0.966 ; loss: 0.878
2019-01-15 06:26:51,101:INFO: - Eval metrics : dsc: 0.634 ; iou: 0.508 ; accuracy: 0.993 ; precision: 0.526 ; recall: 0.931 ; loss: 0.892
2019-01-15 06:26:51,119:INFO: Epoch 21/45
2019-01-15 06:27:09,995:INFO: - Train metrics: dsc: 0.661 ; iou: 0.538 ; accuracy: 0.993 ; precision: 0.548 ; recall: 0.961 ; loss: 0.872
2019-01-15 06:27:11,815:INFO: - Eval metrics : dsc: 0.647 ; iou: 0.522 ; accuracy: 0.993 ; precision: 0.550 ; recall: 0.927 ; loss: 0.856
2019-01-15 06:27:11,834:INFO: Epoch 22/45
2019-01-15 06:27:30,920:INFO: - Train metrics: dsc: 0.668 ; iou: 0.546 ; accuracy: 0.993 ; precision: 0.554 ; recall: 0.960 ; loss: 0.864
2019-01-15 06:27:32,769:INFO: - Eval metrics : dsc: 0.623 ; iou: 0.501 ; accuracy: 0.991 ; precision: 0.530 ; recall: 0.923 ; loss: 0.878
2019-01-15 06:27:32,788:INFO: Epoch 23/45
2019-01-15 06:27:51,658:INFO: - Train metrics: dsc: 0.661 ; iou: 0.539 ; accuracy: 0.993 ; precision: 0.550 ; recall: 0.961 ; loss: 0.857
2019-01-15 06:27:53,455:INFO: - Eval metrics : dsc: 0.570 ; iou: 0.449 ; accuracy: 0.986 ; precision: 0.464 ; recall: 0.929 ; loss: 0.884
2019-01-15 06:27:53,469:INFO: Epoch 24/45
2019-01-15 06:28:12,460:INFO: - Train metrics: dsc: 0.649 ; iou: 0.528 ; accuracy: 0.992 ; precision: 0.537 ; recall: 0.959 ; loss: 0.845
2019-01-15 06:28:14,286:INFO: - Eval metrics : dsc: 0.637 ; iou: 0.521 ; accuracy: 0.991 ; precision: 0.550 ; recall: 0.919 ; loss: 0.866
2019-01-15 06:28:14,305:INFO: Epoch 25/45
2019-01-15 06:28:33,233:INFO: - Train metrics: dsc: 0.644 ; iou: 0.524 ; accuracy: 0.991 ; precision: 0.537 ; recall: 0.954 ; loss: 0.842
2019-01-15 06:28:35,060:INFO: - Eval metrics : dsc: 0.606 ; iou: 0.488 ; accuracy: 0.988 ; precision: 0.522 ; recall: 0.925 ; loss: 0.846
2019-01-15 06:28:35,082:INFO: Epoch 26/45
2019-01-15 06:28:54,036:INFO: - Train metrics: dsc: 0.640 ; iou: 0.521 ; accuracy: 0.991 ; precision: 0.535 ; recall: 0.955 ; loss: 0.830
2019-01-15 06:28:55,836:INFO: - Eval metrics : dsc: 0.592 ; iou: 0.473 ; accuracy: 0.988 ; precision: 0.498 ; recall: 0.926 ; loss: 0.853
2019-01-15 06:28:55,855:INFO: Epoch 27/45
2019-01-15 06:29:14,857:INFO: - Train metrics: dsc: 0.644 ; iou: 0.526 ; accuracy: 0.991 ; precision: 0.538 ; recall: 0.954 ; loss: 0.824
2019-01-15 06:29:16,659:INFO: - Eval metrics : dsc: 0.624 ; iou: 0.506 ; accuracy: 0.989 ; precision: 0.538 ; recall: 0.914 ; loss: 0.859
2019-01-15 06:29:16,678:INFO: Epoch 28/45
2019-01-15 06:29:35,630:INFO: - Train metrics: dsc: 0.643 ; iou: 0.526 ; accuracy: 0.991 ; precision: 0.539 ; recall: 0.952 ; loss: 0.819
2019-01-15 06:29:37,457:INFO: - Eval metrics : dsc: 0.644 ; iou: 0.530 ; accuracy: 0.990 ; precision: 0.588 ; recall: 0.899 ; loss: 0.826
2019-01-15 06:29:37,471:INFO: Epoch 29/45
2019-01-15 06:29:56,452:INFO: - Train metrics: dsc: 0.658 ; iou: 0.542 ; accuracy: 0.992 ; precision: 0.556 ; recall: 0.954 ; loss: 0.810
2019-01-15 06:29:58,305:INFO: - Eval metrics : dsc: 0.601 ; iou: 0.486 ; accuracy: 0.987 ; precision: 0.511 ; recall: 0.932 ; loss: 0.851
2019-01-15 06:29:58,323:INFO: Epoch 30/45
2019-01-15 06:30:17,226:INFO: - Train metrics: dsc: 0.675 ; iou: 0.559 ; accuracy: 0.993 ; precision: 0.573 ; recall: 0.952 ; loss: 0.807
2019-01-15 06:30:19,044:INFO: - Eval metrics : dsc: 0.555 ; iou: 0.445 ; accuracy: 0.978 ; precision: 0.481 ; recall: 0.926 ; loss: 0.848
2019-01-15 06:30:19,055:INFO: Epoch 31/45
2019-01-15 06:30:38,023:INFO: - Train metrics: dsc: 0.666 ; iou: 0.552 ; accuracy: 0.992 ; precision: 0.566 ; recall: 0.954 ; loss: 0.796
2019-01-15 06:30:39,830:INFO: - Eval metrics : dsc: 0.564 ; iou: 0.451 ; accuracy: 0.982 ; precision: 0.479 ; recall: 0.930 ; loss: 0.845
2019-01-15 06:30:39,848:INFO: Epoch 32/45
2019-01-15 06:30:58,757:INFO: - Train metrics: dsc: 0.684 ; iou: 0.572 ; accuracy: 0.993 ; precision: 0.584 ; recall: 0.955 ; loss: 0.788
2019-01-15 06:31:00,578:INFO: - Eval metrics : dsc: 0.650 ; iou: 0.542 ; accuracy: 0.989 ; precision: 0.582 ; recall: 0.917 ; loss: 0.801
2019-01-15 06:31:00,597:INFO: Epoch 33/45
2019-01-15 06:31:19,487:INFO: - Train metrics: dsc: 0.687 ; iou: 0.577 ; accuracy: 0.993 ; precision: 0.596 ; recall: 0.947 ; loss: 0.781
2019-01-15 06:31:21,297:INFO: - Eval metrics : dsc: 0.679 ; iou: 0.569 ; accuracy: 0.992 ; precision: 0.611 ; recall: 0.917 ; loss: 0.775
2019-01-15 06:31:21,318:INFO: - Found new best DSC
2019-01-15 06:31:21,318:INFO: Epoch 34/45
2019-01-15 06:31:40,262:INFO: - Train metrics: dsc: 0.697 ; iou: 0.586 ; accuracy: 0.993 ; precision: 0.607 ; recall: 0.951 ; loss: 0.776
2019-01-15 06:31:42,069:INFO: - Eval metrics : dsc: 0.650 ; iou: 0.540 ; accuracy: 0.989 ; precision: 0.578 ; recall: 0.923 ; loss: 0.791
2019-01-15 06:31:42,088:INFO: Epoch 35/45
2019-01-15 06:32:01,005:INFO: - Train metrics: dsc: 0.710 ; iou: 0.600 ; accuracy: 0.994 ; precision: 0.617 ; recall: 0.951 ; loss: 0.769
2019-01-15 06:32:02,893:INFO: - Eval metrics : dsc: 0.679 ; iou: 0.573 ; accuracy: 0.991 ; precision: 0.614 ; recall: 0.918 ; loss: 0.800
2019-01-15 06:32:02,915:INFO: - Found new best DSC
2019-01-15 06:32:02,915:INFO: Epoch 36/45
2019-01-15 06:32:21,923:INFO: - Train metrics: dsc: 0.703 ; iou: 0.595 ; accuracy: 0.994 ; precision: 0.613 ; recall: 0.951 ; loss: 0.755
2019-01-15 06:32:23,740:INFO: - Eval metrics : dsc: 0.610 ; iou: 0.497 ; accuracy: 0.987 ; precision: 0.519 ; recall: 0.938 ; loss: 0.799
2019-01-15 06:32:23,764:INFO: Epoch 37/45
2019-01-15 06:32:42,704:INFO: - Train metrics: dsc: 0.722 ; iou: 0.616 ; accuracy: 0.994 ; precision: 0.636 ; recall: 0.947 ; loss: 0.749
2019-01-15 06:32:44,511:INFO: - Eval metrics : dsc: 0.718 ; iou: 0.616 ; accuracy: 0.994 ; precision: 0.678 ; recall: 0.903 ; loss: 0.741
2019-01-15 06:32:44,527:INFO: - Found new best DSC
2019-01-15 06:32:44,527:INFO: Epoch 38/45
2019-01-15 06:33:03,525:INFO: - Train metrics: dsc: 0.735 ; iou: 0.631 ; accuracy: 0.995 ; precision: 0.652 ; recall: 0.948 ; loss: 0.737
2019-01-15 06:33:05,380:INFO: - Eval metrics : dsc: 0.706 ; iou: 0.603 ; accuracy: 0.993 ; precision: 0.645 ; recall: 0.913 ; loss: 0.765
2019-01-15 06:33:05,399:INFO: Epoch 39/45
2019-01-15 06:33:24,312:INFO: - Train metrics: dsc: 0.748 ; iou: 0.645 ; accuracy: 0.996 ; precision: 0.668 ; recall: 0.949 ; loss: 0.730
2019-01-15 06:33:26,164:INFO: - Eval metrics : dsc: 0.700 ; iou: 0.593 ; accuracy: 0.993 ; precision: 0.629 ; recall: 0.929 ; loss: 0.708
2019-01-15 06:33:26,179:INFO: Epoch 40/45
2019-01-15 06:33:45,065:INFO: - Train metrics: dsc: 0.760 ; iou: 0.660 ; accuracy: 0.996 ; precision: 0.683 ; recall: 0.949 ; loss: 0.721
2019-01-15 06:33:46,876:INFO: - Eval metrics : dsc: 0.662 ; iou: 0.560 ; accuracy: 0.988 ; precision: 0.598 ; recall: 0.928 ; loss: 0.725
2019-01-15 06:33:46,895:INFO: Epoch 41/45
2019-01-15 06:34:05,864:INFO: - Train metrics: dsc: 0.756 ; iou: 0.658 ; accuracy: 0.996 ; precision: 0.682 ; recall: 0.946 ; loss: 0.706
2019-01-15 06:34:07,678:INFO: - Eval metrics : dsc: 0.706 ; iou: 0.603 ; accuracy: 0.993 ; precision: 0.645 ; recall: 0.924 ; loss: 0.707
2019-01-15 06:34:07,692:INFO: Epoch 42/45
2019-01-15 06:34:26,607:INFO: - Train metrics: dsc: 0.770 ; iou: 0.674 ; accuracy: 0.996 ; precision: 0.699 ; recall: 0.947 ; loss: 0.696
2019-01-15 06:34:28,441:INFO: - Eval metrics : dsc: 0.745 ; iou: 0.643 ; accuracy: 0.995 ; precision: 0.685 ; recall: 0.922 ; loss: 0.722
2019-01-15 06:34:28,465:INFO: - Found new best DSC
2019-01-15 06:34:28,465:INFO: Epoch 43/45
2019-01-15 06:34:47,439:INFO: - Train metrics: dsc: 0.781 ; iou: 0.686 ; accuracy: 0.997 ; precision: 0.716 ; recall: 0.947 ; loss: 0.686
2019-01-15 06:34:49,254:INFO: - Eval metrics : dsc: 0.778 ; iou: 0.685 ; accuracy: 0.997 ; precision: 0.741 ; recall: 0.907 ; loss: 0.668
2019-01-15 06:34:49,270:INFO: - Found new best DSC
2019-01-15 06:34:49,271:INFO: Epoch 44/45
2019-01-15 06:35:08,160:INFO: - Train metrics: dsc: 0.790 ; iou: 0.698 ; accuracy: 0.997 ; precision: 0.727 ; recall: 0.949 ; loss: 0.673
2019-01-15 06:35:09,984:INFO: - Eval metrics : dsc: 0.768 ; iou: 0.669 ; accuracy: 0.996 ; precision: 0.713 ; recall: 0.922 ; loss: 0.692
2019-01-15 06:35:09,999:INFO: Epoch 45/45
2019-01-15 06:35:28,914:INFO: - Train metrics: dsc: 0.797 ; iou: 0.707 ; accuracy: 0.997 ; precision: 0.736 ; recall: 0.948 ; loss: 0.657
2019-01-15 06:35:30,776:INFO: - Eval metrics : dsc: 0.770 ; iou: 0.671 ; accuracy: 0.996 ; precision: 0.716 ; recall: 0.928 ; loss: 0.682
2019-01-15 06:35:30,847:INFO: Loading the datasets...
2019-01-15 06:35:40,231:INFO: - done.
2019-01-15 06:35:40,231:INFO: For k-fold 2/5:
2019-01-15 06:35:40,231:INFO: Starting training for 45 epoch(s)
2019-01-15 06:35:40,231:INFO: Epoch 1/45
2019-01-15 06:35:59,087:INFO: - Train metrics: dsc: 0.096 ; iou: 0.052 ; accuracy: 0.861 ; precision: 0.053 ; recall: 0.753 ; loss: 0.969
2019-01-15 06:36:00,886:INFO: - Eval metrics : dsc: 0.116 ; iou: 0.064 ; accuracy: 0.851 ; precision: 0.064 ; recall: 0.936 ; loss: 0.957
2019-01-15 06:36:00,907:INFO: - Found new best DSC
2019-01-15 06:36:00,907:INFO: Epoch 2/45
2019-01-15 06:36:19,751:INFO: - Train metrics: dsc: 0.195 ; iou: 0.115 ; accuracy: 0.918 ; precision: 0.115 ; recall: 0.945 ; loss: 0.954
2019-01-15 06:36:21,599:INFO: - Eval metrics : dsc: 0.281 ; iou: 0.173 ; accuracy: 0.954 ; precision: 0.173 ; recall: 0.942 ; loss: 0.949
2019-01-15 06:36:21,622:INFO: - Found new best DSC
2019-01-15 06:36:21,622:INFO: Epoch 3/45
2019-01-15 06:36:40,537:INFO: - Train metrics: dsc: 0.312 ; iou: 0.199 ; accuracy: 0.960 ; precision: 0.200 ; recall: 0.956 ; loss: 0.949
2019-01-15 06:36:42,376:INFO: - Eval metrics : dsc: 0.350 ; iou: 0.225 ; accuracy: 0.968 ; precision: 0.226 ; recall: 0.954 ; loss: 0.945
2019-01-15 06:36:42,392:INFO: - Found new best DSC
2019-01-15 06:36:42,392:INFO: Epoch 4/45
2019-01-15 06:37:01,302:INFO: - Train metrics: dsc: 0.389 ; iou: 0.261 ; accuracy: 0.973 ; precision: 0.262 ; recall: 0.962 ; loss: 0.945
2019-01-15 06:37:03,165:INFO: - Eval metrics : dsc: 0.419 ; iou: 0.282 ; accuracy: 0.977 ; precision: 0.283 ; recall: 0.959 ; loss: 0.942
2019-01-15 06:37:03,181:INFO: - Found new best DSC
2019-01-15 06:37:03,181:INFO: Epoch 5/45
2019-01-15 06:37:22,128:INFO: - Train metrics: dsc: 0.443 ; iou: 0.308 ; accuracy: 0.979 ; precision: 0.310 ; recall: 0.963 ; loss: 0.943
2019-01-15 06:37:23,947:INFO: - Eval metrics : dsc: 0.504 ; iou: 0.361 ; accuracy: 0.985 ; precision: 0.364 ; recall: 0.952 ; loss: 0.940
2019-01-15 06:37:23,966:INFO: - Found new best DSC
2019-01-15 06:37:23,966:INFO: Epoch 6/45
2019-01-15 06:37:42,946:INFO: - Train metrics: dsc: 0.486 ; iou: 0.349 ; accuracy: 0.983 ; precision: 0.350 ; recall: 0.963 ; loss: 0.940
2019-01-15 06:37:44,800:INFO: - Eval metrics : dsc: 0.493 ; iou: 0.350 ; accuracy: 0.984 ; precision: 0.352 ; recall: 0.961 ; loss: 0.937
2019-01-15 06:37:44,820:INFO: Epoch 7/45
2019-01-15 06:38:03,730:INFO: - Train metrics: dsc: 0.517 ; iou: 0.380 ; accuracy: 0.985 ; precision: 0.381 ; recall: 0.965 ; loss: 0.938
2019-01-15 06:38:05,555:INFO: - Eval metrics : dsc: 0.560 ; iou: 0.416 ; accuracy: 0.988 ; precision: 0.420 ; recall: 0.962 ; loss: 0.934
2019-01-15 06:38:05,571:INFO: - Found new best DSC
2019-01-15 06:38:05,571:INFO: Epoch 8/45
2019-01-15 06:38:24,480:INFO: - Train metrics: dsc: 0.545 ; iou: 0.407 ; accuracy: 0.987 ; precision: 0.409 ; recall: 0.971 ; loss: 0.935
2019-01-15 06:38:26,315:INFO: - Eval metrics : dsc: 0.566 ; iou: 0.423 ; accuracy: 0.989 ; precision: 0.426 ; recall: 0.963 ; loss: 0.933
2019-01-15 06:38:26,340:INFO: - Found new best DSC
2019-01-15 06:38:26,340:INFO: Epoch 9/45
2019-01-15 06:38:45,268:INFO: - Train metrics: dsc: 0.558 ; iou: 0.421 ; accuracy: 0.988 ; precision: 0.422 ; recall: 0.971 ; loss: 0.932
2019-01-15 06:38:47,140:INFO: - Eval metrics : dsc: 0.612 ; iou: 0.474 ; accuracy: 0.991 ; precision: 0.481 ; recall: 0.956 ; loss: 0.928
2019-01-15 06:38:47,161:INFO: - Found new best DSC
2019-01-15 06:38:47,161:INFO: Epoch 10/45
2019-01-15 06:39:06,075:INFO: - Train metrics: dsc: 0.582 ; iou: 0.446 ; accuracy: 0.989 ; precision: 0.447 ; recall: 0.972 ; loss: 0.929
2019-01-15 06:39:07,888:INFO: - Eval metrics : dsc: 0.595 ; iou: 0.455 ; accuracy: 0.990 ; precision: 0.462 ; recall: 0.960 ; loss: 0.928
2019-01-15 06:39:07,903:INFO: Epoch 11/45
2019-01-15 06:39:26,869:INFO: - Train metrics: dsc: 0.595 ; iou: 0.460 ; accuracy: 0.990 ; precision: 0.461 ; recall: 0.971 ; loss: 0.925
2019-01-15 06:39:28,673:INFO: - Eval metrics : dsc: 0.596 ; iou: 0.457 ; accuracy: 0.990 ; precision: 0.460 ; recall: 0.961 ; loss: 0.926
2019-01-15 06:39:28,692:INFO: Epoch 12/45
2019-01-15 06:39:47,647:INFO: - Train metrics: dsc: 0.608 ; iou: 0.473 ; accuracy: 0.991 ; precision: 0.476 ; recall: 0.973 ; loss: 0.922
2019-01-15 06:39:49,513:INFO: - Eval metrics : dsc: 0.613 ; iou: 0.476 ; accuracy: 0.991 ; precision: 0.480 ; recall: 0.959 ; loss: 0.918
2019-01-15 06:39:49,530:INFO: - Found new best DSC
2019-01-15 06:39:49,530:INFO: Epoch 13/45
2019-01-15 06:40:08,486:INFO: - Train metrics: dsc: 0.621 ; iou: 0.488 ; accuracy: 0.991 ; precision: 0.491 ; recall: 0.974 ; loss: 0.917
2019-01-15 06:40:10,295:INFO: - Eval metrics : dsc: 0.638 ; iou: 0.504 ; accuracy: 0.992 ; precision: 0.512 ; recall: 0.950 ; loss: 0.920
2019-01-15 06:40:10,320:INFO: - Found new best DSC
2019-01-15 06:40:10,320:INFO: Epoch 14/45
2019-01-15 06:40:29,277:INFO: - Train metrics: dsc: 0.619 ; iou: 0.487 ; accuracy: 0.991 ; precision: 0.491 ; recall: 0.968 ; loss: 0.913
2019-01-15 06:40:31,134:INFO: - Eval metrics : dsc: 0.621 ; iou: 0.486 ; accuracy: 0.991 ; precision: 0.490 ; recall: 0.953 ; loss: 0.917
2019-01-15 06:40:31,149:INFO: Epoch 15/45
2019-01-15 06:40:50,113:INFO: - Train metrics: dsc: 0.626 ; iou: 0.495 ; accuracy: 0.992 ; precision: 0.498 ; recall: 0.970 ; loss: 0.908
2019-01-15 06:40:51,923:INFO: - Eval metrics : dsc: 0.649 ; iou: 0.517 ; accuracy: 0.993 ; precision: 0.525 ; recall: 0.947 ; loss: 0.905
2019-01-15 06:40:51,941:INFO: - Found new best DSC
2019-01-15 06:40:51,941:INFO: Epoch 16/45
2019-01-15 06:41:10,906:INFO: - Train metrics: dsc: 0.641 ; iou: 0.511 ; accuracy: 0.992 ; precision: 0.515 ; recall: 0.965 ; loss: 0.903
2019-01-15 06:41:12,717:INFO: - Eval metrics : dsc: 0.599 ; iou: 0.464 ; accuracy: 0.990 ; precision: 0.469 ; recall: 0.957 ; loss: 0.908
2019-01-15 06:41:12,737:INFO: Epoch 17/45
2019-01-15 06:41:31,713:INFO: - Train metrics: dsc: 0.639 ; iou: 0.510 ; accuracy: 0.992 ; precision: 0.516 ; recall: 0.966 ; loss: 0.897
2019-01-15 06:41:33,513:INFO: - Eval metrics : dsc: 0.647 ; iou: 0.516 ; accuracy: 0.992 ; precision: 0.528 ; recall: 0.949 ; loss: 0.897
2019-01-15 06:41:33,528:INFO: Epoch 18/45
2019-01-15 06:41:52,487:INFO: - Train metrics: dsc: 0.644 ; iou: 0.516 ; accuracy: 0.992 ; precision: 0.522 ; recall: 0.963 ; loss: 0.891
2019-01-15 06:41:54,283:INFO: - Eval metrics : dsc: 0.659 ; iou: 0.530 ; accuracy: 0.993 ; precision: 0.548 ; recall: 0.941 ; loss: 0.884
2019-01-15 06:41:54,299:INFO: - Found new best DSC
2019-01-15 06:41:54,300:INFO: Epoch 19/45
2019-01-15 06:42:13,237:INFO: - Train metrics: dsc: 0.640 ; iou: 0.514 ; accuracy: 0.992 ; precision: 0.523 ; recall: 0.959 ; loss: 0.885
2019-01-15 06:42:15,059:INFO: - Eval metrics : dsc: 0.675 ; iou: 0.551 ; accuracy: 0.993 ; precision: 0.567 ; recall: 0.938 ; loss: 0.886
2019-01-15 06:42:15,076:INFO: - Found new best DSC
2019-01-15 06:42:15,076:INFO: Epoch 20/45
2019-01-15 06:42:34,084:INFO: - Train metrics: dsc: 0.634 ; iou: 0.508 ; accuracy: 0.992 ; precision: 0.514 ; recall: 0.960 ; loss: 0.877
2019-01-15 06:42:35,954:INFO: - Eval metrics : dsc: 0.643 ; iou: 0.517 ; accuracy: 0.991 ; precision: 0.537 ; recall: 0.930 ; loss: 0.880
2019-01-15 06:42:35,969:INFO: Epoch 21/45
2019-01-15 06:42:54,974:INFO: - Train metrics: dsc: 0.618 ; iou: 0.493 ; accuracy: 0.991 ; precision: 0.499 ; recall: 0.959 ; loss: 0.870
2019-01-15 06:42:56,825:INFO: - Eval metrics : dsc: 0.641 ; iou: 0.516 ; accuracy: 0.991 ; precision: 0.533 ; recall: 0.931 ; loss: 0.859
2019-01-15 06:42:56,845:INFO: Epoch 22/45
2019-01-15 06:43:15,790:INFO: - Train metrics: dsc: 0.612 ; iou: 0.488 ; accuracy: 0.990 ; precision: 0.496 ; recall: 0.956 ; loss: 0.862
2019-01-15 06:43:17,585:INFO: - Eval metrics : dsc: 0.637 ; iou: 0.515 ; accuracy: 0.989 ; precision: 0.539 ; recall: 0.928 ; loss: 0.875
2019-01-15 06:43:17,605:INFO: Epoch 23/45
2019-01-15 06:43:36,586:INFO: - Train metrics: dsc: 0.615 ; iou: 0.492 ; accuracy: 0.990 ; precision: 0.502 ; recall: 0.958 ; loss: 0.851
2019-01-15 06:43:38,415:INFO: - Eval metrics : dsc: 0.538 ; iou: 0.416 ; accuracy: 0.981 ; precision: 0.423 ; recall: 0.945 ; loss: 0.896
2019-01-15 06:43:38,436:INFO: Epoch 24/45
2019-01-15 06:43:57,338:INFO: - Train metrics: dsc: 0.616 ; iou: 0.496 ; accuracy: 0.990 ; precision: 0.505 ; recall: 0.951 ; loss: 0.842
2019-01-15 06:43:59,177:INFO: - Eval metrics : dsc: 0.683 ; iou: 0.563 ; accuracy: 0.993 ; precision: 0.592 ; recall: 0.922 ; loss: 0.846
2019-01-15 06:43:59,203:INFO: - Found new best DSC
2019-01-15 06:43:59,203:INFO: Epoch 25/45
2019-01-15 06:44:18,183:INFO: - Train metrics: dsc: 0.633 ; iou: 0.513 ; accuracy: 0.991 ; precision: 0.522 ; recall: 0.949 ; loss: 0.840
2019-01-15 06:44:20,004:INFO: - Eval metrics : dsc: 0.647 ; iou: 0.527 ; accuracy: 0.990 ; precision: 0.548 ; recall: 0.930 ; loss: 0.841
2019-01-15 06:44:20,023:INFO: Epoch 26/45
2019-01-15 06:44:38,988:INFO: - Train metrics: dsc: 0.640 ; iou: 0.521 ; accuracy: 0.991 ; precision: 0.534 ; recall: 0.951 ; loss: 0.831
2019-01-15 06:44:40,797:INFO: - Eval metrics : dsc: 0.686 ; iou: 0.570 ; accuracy: 0.992 ; precision: 0.606 ; recall: 0.919 ; loss: 0.817
2019-01-15 06:44:40,814:INFO: - Found new best DSC
2019-01-15 06:44:40,814:INFO: Epoch 27/45
2019-01-15 06:44:59,708:INFO: - Train metrics: dsc: 0.647 ; iou: 0.530 ; accuracy: 0.992 ; precision: 0.543 ; recall: 0.952 ; loss: 0.826
2019-01-15 06:45:01,534:INFO: - Eval metrics : dsc: 0.623 ; iou: 0.502 ; accuracy: 0.988 ; precision: 0.522 ; recall: 0.936 ; loss: 0.866
2019-01-15 06:45:01,548:INFO: Epoch 28/45
2019-01-15 06:45:20,493:INFO: - Train metrics: dsc: 0.647 ; iou: 0.529 ; accuracy: 0.991 ; precision: 0.542 ; recall: 0.953 ; loss: 0.820
2019-01-15 06:45:22,311:INFO: - Eval metrics : dsc: 0.636 ; iou: 0.518 ; accuracy: 0.988 ; precision: 0.535 ; recall: 0.934 ; loss: 0.839
2019-01-15 06:45:22,338:INFO: Epoch 29/45
2019-01-15 06:45:41,209:INFO: - Train metrics: dsc: 0.670 ; iou: 0.552 ; accuracy: 0.993 ; precision: 0.564 ; recall: 0.954 ; loss: 0.811
2019-01-15 06:45:43,019:INFO: - Eval metrics : dsc: 0.679 ; iou: 0.559 ; accuracy: 0.992 ; precision: 0.574 ; recall: 0.938 ; loss: 0.831
2019-01-15 06:45:43,034:INFO: Epoch 30/45
2019-01-15 06:46:01,865:INFO: - Train metrics: dsc: 0.676 ; iou: 0.560 ; accuracy: 0.993 ; precision: 0.574 ; recall: 0.948 ; loss: 0.807
2019-01-15 06:46:03,665:INFO: - Eval metrics : dsc: 0.664 ; iou: 0.549 ; accuracy: 0.990 ; precision: 0.574 ; recall: 0.932 ; loss: 0.806
2019-01-15 06:46:03,679:INFO: Epoch 31/45
2019-01-15 06:46:22,549:INFO: - Train metrics: dsc: 0.678 ; iou: 0.563 ; accuracy: 0.993 ; precision: 0.580 ; recall: 0.949 ; loss: 0.797
2019-01-15 06:46:24,348:INFO: - Eval metrics : dsc: 0.695 ; iou: 0.581 ; accuracy: 0.993 ; precision: 0.613 ; recall: 0.921 ; loss: 0.805
2019-01-15 06:46:24,361:INFO: - Found new best DSC
2019-01-15 06:46:24,361:INFO: Epoch 32/45
2019-01-15 06:46:43,301:INFO: - Train metrics: dsc: 0.683 ; iou: 0.570 ; accuracy: 0.993 ; precision: 0.589 ; recall: 0.951 ; loss: 0.791
2019-01-15 06:46:45,195:INFO: - Eval metrics : dsc: 0.705 ; iou: 0.595 ; accuracy: 0.993 ; precision: 0.628 ; recall: 0.921 ; loss: 0.761
2019-01-15 06:46:45,211:INFO: - Found new best DSC
2019-01-15 06:46:45,211:INFO: Epoch 33/45
2019-01-15 06:47:04,104:INFO: - Train metrics: dsc: 0.696 ; iou: 0.585 ; accuracy: 0.994 ; precision: 0.604 ; recall: 0.946 ; loss: 0.784
2019-01-15 06:47:05,953:INFO: - Eval metrics : dsc: 0.695 ; iou: 0.581 ; accuracy: 0.993 ; precision: 0.601 ; recall: 0.936 ; loss: 0.828
2019-01-15 06:47:05,982:INFO: Epoch 34/45
2019-01-15 06:47:25,056:INFO: - Train metrics: dsc: 0.704 ; iou: 0.594 ; accuracy: 0.994 ; precision: 0.611 ; recall: 0.952 ; loss: 0.774
2019-01-15 06:47:26,859:INFO: - Eval metrics : dsc: 0.707 ; iou: 0.597 ; accuracy: 0.993 ; precision: 0.624 ; recall: 0.924 ; loss: 0.791
2019-01-15 06:47:26,881:INFO: - Found new best DSC
2019-01-15 06:47:26,881:INFO: Epoch 35/45
2019-01-15 06:47:45,800:INFO: - Train metrics: dsc: 0.707 ; iou: 0.598 ; accuracy: 0.994 ; precision: 0.617 ; recall: 0.948 ; loss: 0.770
2019-01-15 06:47:47,617:INFO: - Eval metrics : dsc: 0.746 ; iou: 0.644 ; accuracy: 0.995 ; precision: 0.674 ; recall: 0.926 ; loss: 0.785
2019-01-15 06:47:47,634:INFO: - Found new best DSC
2019-01-15 06:47:47,634:INFO: Epoch 36/45
2019-01-15 06:48:06,574:INFO: - Train metrics: dsc: 0.708 ; iou: 0.601 ; accuracy: 0.994 ; precision: 0.622 ; recall: 0.945 ; loss: 0.757
2019-01-15 06:48:08,388:INFO: - Eval metrics : dsc: 0.686 ; iou: 0.570 ; accuracy: 0.992 ; precision: 0.588 ; recall: 0.942 ; loss: 0.763
2019-01-15 06:48:08,402:INFO: Epoch 37/45
2019-01-15 06:48:27,343:INFO: - Train metrics: dsc: 0.722 ; iou: 0.615 ; accuracy: 0.995 ; precision: 0.637 ; recall: 0.947 ; loss: 0.752
2019-01-15 06:48:29,177:INFO: - Eval metrics : dsc: 0.768 ; iou: 0.671 ; accuracy: 0.996 ; precision: 0.707 ; recall: 0.926 ; loss: 0.732
2019-01-15 06:48:29,199:INFO: - Found new best DSC
2019-01-15 06:48:29,199:INFO: Epoch 38/45
2019-01-15 06:48:48,101:INFO: - Train metrics: dsc: 0.732 ; iou: 0.627 ; accuracy: 0.995 ; precision: 0.647 ; recall: 0.947 ; loss: 0.742
2019-01-15 06:48:49,909:INFO: - Eval metrics : dsc: 0.749 ; iou: 0.651 ; accuracy: 0.995 ; precision: 0.693 ; recall: 0.916 ; loss: 0.736
2019-01-15 06:48:49,927:INFO: Epoch 39/45
2019-01-15 06:49:08,786:INFO: - Train metrics: dsc: 0.737 ; iou: 0.633 ; accuracy: 0.995 ; precision: 0.653 ; recall: 0.947 ; loss: 0.734
2019-01-15 06:49:10,680:INFO: - Eval metrics : dsc: 0.751 ; iou: 0.650 ; accuracy: 0.995 ; precision: 0.687 ; recall: 0.927 ; loss: 0.680
2019-01-15 06:49:10,694:INFO: Epoch 40/45
2019-01-15 06:49:29,558:INFO: - Train metrics: dsc: 0.745 ; iou: 0.643 ; accuracy: 0.996 ; precision: 0.666 ; recall: 0.944 ; loss: 0.727
2019-01-15 06:49:31,357:INFO: - Eval metrics : dsc: 0.727 ; iou: 0.623 ; accuracy: 0.993 ; precision: 0.652 ; recall: 0.931 ; loss: 0.713
2019-01-15 06:49:31,371:INFO: Epoch 41/45
2019-01-15 06:49:50,195:INFO: - Train metrics: dsc: 0.744 ; iou: 0.644 ; accuracy: 0.995 ; precision: 0.665 ; recall: 0.943 ; loss: 0.713
2019-01-15 06:49:52,009:INFO: - Eval metrics : dsc: 0.763 ; iou: 0.666 ; accuracy: 0.995 ; precision: 0.695 ; recall: 0.935 ; loss: 0.656
2019-01-15 06:49:52,027:INFO: Epoch 42/45
2019-01-15 06:50:10,927:INFO: - Train metrics: dsc: 0.755 ; iou: 0.657 ; accuracy: 0.996 ; precision: 0.682 ; recall: 0.942 ; loss: 0.706
2019-01-15 06:50:12,724:INFO: - Eval metrics : dsc: 0.772 ; iou: 0.676 ; accuracy: 0.996 ; precision: 0.712 ; recall: 0.924 ; loss: 0.710
2019-01-15 06:50:12,749:INFO: - Found new best DSC
2019-01-15 06:50:12,749:INFO: Epoch 43/45
2019-01-15 06:50:31,750:INFO: - Train metrics: dsc: 0.762 ; iou: 0.665 ; accuracy: 0.996 ; precision: 0.692 ; recall: 0.944 ; loss: 0.698
2019-01-15 06:50:33,628:INFO: - Eval metrics : dsc: 0.797 ; iou: 0.710 ; accuracy: 0.997 ; precision: 0.764 ; recall: 0.910 ; loss: 0.624
2019-01-15 06:50:33,650:INFO: - Found new best DSC
2019-01-15 06:50:33,650:INFO: Epoch 44/45
2019-01-15 06:50:52,576:INFO: - Train metrics: dsc: 0.768 ; iou: 0.672 ; accuracy: 0.996 ; precision: 0.698 ; recall: 0.945 ; loss: 0.689
2019-01-15 06:50:54,387:INFO: - Eval metrics : dsc: 0.758 ; iou: 0.660 ; accuracy: 0.995 ; precision: 0.693 ; recall: 0.929 ; loss: 0.674
2019-01-15 06:50:54,406:INFO: Epoch 45/45
2019-01-15 06:51:13,310:INFO: - Train metrics: dsc: 0.772 ; iou: 0.677 ; accuracy: 0.997 ; precision: 0.706 ; recall: 0.943 ; loss: 0.673
2019-01-15 06:51:15,115:INFO: - Eval metrics : dsc: 0.744 ; iou: 0.646 ; accuracy: 0.993 ; precision: 0.680 ; recall: 0.929 ; loss: 0.695
2019-01-15 06:51:15,176:INFO: Loading the datasets...
2019-01-15 06:51:22,582:INFO: - done.
2019-01-15 06:51:22,582:INFO: For k-fold 3/5:
2019-01-15 06:51:22,582:INFO: Starting training for 45 epoch(s)
2019-01-15 06:51:22,582:INFO: Epoch 1/45
2019-01-15 06:51:41,411:INFO: - Train metrics: dsc: 0.098 ; iou: 0.053 ; accuracy: 0.862 ; precision: 0.054 ; recall: 0.756 ; loss: 0.968
2019-01-15 06:51:43,217:INFO: - Eval metrics : dsc: 0.124 ; iou: 0.068 ; accuracy: 0.865 ; precision: 0.069 ; recall: 0.929 ; loss: 0.958
2019-01-15 06:51:43,238:INFO: - Found new best DSC
2019-01-15 06:51:43,238:INFO: Epoch 2/45
2019-01-15 06:52:02,115:INFO: - Train metrics: dsc: 0.203 ; iou: 0.120 ; accuracy: 0.922 ; precision: 0.120 ; recall: 0.948 ; loss: 0.953
2019-01-15 06:52:03,925:INFO: - Eval metrics : dsc: 0.267 ; iou: 0.163 ; accuracy: 0.951 ; precision: 0.163 ; recall: 0.940 ; loss: 0.951
2019-01-15 06:52:03,947:INFO: - Found new best DSC
2019-01-15 06:52:03,947:INFO: Epoch 3/45
2019-01-15 06:52:22,880:INFO: - Train metrics: dsc: 0.320 ; iou: 0.205 ; accuracy: 0.962 ; precision: 0.205 ; recall: 0.955 ; loss: 0.948
2019-01-15 06:52:24,666:INFO: - Eval metrics : dsc: 0.336 ; iou: 0.215 ; accuracy: 0.966 ; precision: 0.216 ; recall: 0.949 ; loss: 0.947
2019-01-15 06:52:24,689:INFO: - Found new best DSC
2019-01-15 06:52:24,689:INFO: Epoch 4/45
2019-01-15 06:52:43,684:INFO: - Train metrics: dsc: 0.399 ; iou: 0.270 ; accuracy: 0.974 ; precision: 0.271 ; recall: 0.961 ; loss: 0.945
2019-01-15 06:52:45,492:INFO: - Eval metrics : dsc: 0.393 ; iou: 0.261 ; accuracy: 0.975 ; precision: 0.262 ; recall: 0.955 ; loss: 0.944
2019-01-15 06:52:45,514:INFO: - Found new best DSC
2019-01-15 06:52:45,514:INFO: Epoch 5/45
2019-01-15 06:53:04,449:INFO: - Train metrics: dsc: 0.453 ; iou: 0.317 ; accuracy: 0.980 ; precision: 0.319 ; recall: 0.961 ; loss: 0.942
2019-01-15 06:53:06,242:INFO: - Eval metrics : dsc: 0.454 ; iou: 0.315 ; accuracy: 0.981 ; precision: 0.317 ; recall: 0.953 ; loss: 0.942
2019-01-15 06:53:06,259:INFO: - Found new best DSC
2019-01-15 06:53:06,259:INFO: Epoch 6/45
2019-01-15 06:53:25,137:INFO: - Train metrics: dsc: 0.493 ; iou: 0.356 ; accuracy: 0.983 ; precision: 0.357 ; recall: 0.965 ; loss: 0.940
2019-01-15 06:53:26,940:INFO: - Eval metrics : dsc: 0.506 ; iou: 0.365 ; accuracy: 0.985 ; precision: 0.367 ; recall: 0.952 ; loss: 0.939
2019-01-15 06:53:26,956:INFO: - Found new best DSC
2019-01-15 06:53:26,956:INFO: Epoch 7/45
2019-01-15 06:53:45,839:INFO: - Train metrics: dsc: 0.521 ; iou: 0.382 ; accuracy: 0.985 ; precision: 0.385 ; recall: 0.967 ; loss: 0.937
2019-01-15 06:53:47,631:INFO: - Eval metrics : dsc: 0.538 ; iou: 0.397 ; accuracy: 0.988 ; precision: 0.400 ; recall: 0.956 ; loss: 0.936
2019-01-15 06:53:47,649:INFO: - Found new best DSC
2019-01-15 06:53:47,649:INFO: Epoch 8/45
2019-01-15 06:54:06,544:INFO: - Train metrics: dsc: 0.547 ; iou: 0.409 ; accuracy: 0.987 ; precision: 0.410 ; recall: 0.972 ; loss: 0.934
2019-01-15 06:54:08,349:INFO: - Eval metrics : dsc: 0.550 ; iou: 0.410 ; accuracy: 0.989 ; precision: 0.413 ; recall: 0.955 ; loss: 0.934
2019-01-15 06:54:08,372:INFO: - Found new best DSC
2019-01-15 06:54:08,372:INFO: Epoch 9/45
2019-01-15 06:54:27,276:INFO: - Train metrics: dsc: 0.560 ; iou: 0.421 ; accuracy: 0.988 ; precision: 0.422 ; recall: 0.972 ; loss: 0.931
2019-01-15 06:54:29,171:INFO: - Eval metrics : dsc: 0.602 ; iou: 0.465 ; accuracy: 0.991 ; precision: 0.476 ; recall: 0.952 ; loss: 0.930
2019-01-15 06:54:29,199:INFO: - Found new best DSC
2019-01-15 06:54:29,199:INFO: Epoch 10/45
2019-01-15 06:54:48,118:INFO: - Train metrics: dsc: 0.584 ; iou: 0.447 ; accuracy: 0.990 ; precision: 0.448 ; recall: 0.971 ; loss: 0.928
2019-01-15 06:54:49,917:INFO: - Eval metrics : dsc: 0.596 ; iou: 0.459 ; accuracy: 0.991 ; precision: 0.464 ; recall: 0.956 ; loss: 0.927
2019-01-15 06:54:49,939:INFO: Epoch 11/45
2019-01-15 06:55:08,957:INFO: - Train metrics: dsc: 0.593 ; iou: 0.458 ; accuracy: 0.990 ; precision: 0.459 ; recall: 0.971 ; loss: 0.924
2019-01-15 06:55:10,801:INFO: - Eval metrics : dsc: 0.557 ; iou: 0.418 ; accuracy: 0.988 ; precision: 0.423 ; recall: 0.964 ; loss: 0.925
2019-01-15 06:55:10,815:INFO: Epoch 12/45
2019-01-15 06:55:29,717:INFO: - Train metrics: dsc: 0.604 ; iou: 0.470 ; accuracy: 0.991 ; precision: 0.473 ; recall: 0.973 ; loss: 0.920
2019-01-15 06:55:31,518:INFO: - Eval metrics : dsc: 0.595 ; iou: 0.460 ; accuracy: 0.990 ; precision: 0.471 ; recall: 0.956 ; loss: 0.922
2019-01-15 06:55:31,537:INFO: Epoch 13/45
2019-01-15 06:55:50,541:INFO: - Train metrics: dsc: 0.613 ; iou: 0.480 ; accuracy: 0.991 ; precision: 0.483 ; recall: 0.968 ; loss: 0.916
2019-01-15 06:55:52,345:INFO: - Eval metrics : dsc: 0.631 ; iou: 0.499 ; accuracy: 0.992 ; precision: 0.511 ; recall: 0.945 ; loss: 0.923
2019-01-15 06:55:52,368:INFO: - Found new best DSC
2019-01-15 06:55:52,368:INFO: Epoch 14/45
2019-01-15 06:56:11,374:INFO: - Train metrics: dsc: 0.617 ; iou: 0.485 ; accuracy: 0.991 ; precision: 0.490 ; recall: 0.963 ; loss: 0.911
2019-01-15 06:56:13,178:INFO: - Eval metrics : dsc: 0.585 ; iou: 0.450 ; accuracy: 0.990 ; precision: 0.455 ; recall: 0.950 ; loss: 0.920
2019-01-15 06:56:13,193:INFO: Epoch 15/45
2019-01-15 06:56:32,161:INFO: - Train metrics: dsc: 0.624 ; iou: 0.492 ; accuracy: 0.992 ; precision: 0.495 ; recall: 0.967 ; loss: 0.905
2019-01-15 06:56:34,033:INFO: - Eval metrics : dsc: 0.633 ; iou: 0.502 ; accuracy: 0.992 ; precision: 0.518 ; recall: 0.941 ; loss: 0.911
2019-01-15 06:56:34,049:INFO: - Found new best DSC
2019-01-15 06:56:34,050:INFO: Epoch 16/45
2019-01-15 06:56:53,031:INFO: - Train metrics: dsc: 0.636 ; iou: 0.506 ; accuracy: 0.992 ; precision: 0.511 ; recall: 0.960 ; loss: 0.900
2019-01-15 06:56:54,824:INFO: - Eval metrics : dsc: 0.639 ; iou: 0.510 ; accuracy: 0.993 ; precision: 0.523 ; recall: 0.937 ; loss: 0.911
2019-01-15 06:56:54,845:INFO: - Found new best DSC
2019-01-15 06:56:54,845:INFO: Epoch 17/45
2019-01-15 06:57:13,848:INFO: - Train metrics: dsc: 0.636 ; iou: 0.506 ; accuracy: 0.992 ; precision: 0.512 ; recall: 0.965 ; loss: 0.894
2019-01-15 06:57:15,660:INFO: - Eval metrics : dsc: 0.632 ; iou: 0.503 ; accuracy: 0.992 ; precision: 0.531 ; recall: 0.924 ; loss: 0.894
2019-01-15 06:57:15,680:INFO: Epoch 18/45
2019-01-15 06:57:34,666:INFO: - Train metrics: dsc: 0.636 ; iou: 0.507 ; accuracy: 0.992 ; precision: 0.513 ; recall: 0.962 ; loss: 0.887
2019-01-15 06:57:36,509:INFO: - Eval metrics : dsc: 0.656 ; iou: 0.531 ; accuracy: 0.994 ; precision: 0.565 ; recall: 0.920 ; loss: 0.888
2019-01-15 06:57:36,532:INFO: - Found new best DSC
2019-01-15 06:57:36,533:INFO: Epoch 19/45
2019-01-15 06:57:55,372:INFO: - Train metrics: dsc: 0.631 ; iou: 0.505 ; accuracy: 0.992 ; precision: 0.516 ; recall: 0.957 ; loss: 0.879
2019-01-15 06:57:57,249:INFO: - Eval metrics : dsc: 0.586 ; iou: 0.459 ; accuracy: 0.990 ; precision: 0.479 ; recall: 0.923 ; loss: 0.898
2019-01-15 06:57:57,276:INFO: Epoch 20/45
2019-01-15 06:58:16,163:INFO: - Train metrics: dsc: 0.622 ; iou: 0.495 ; accuracy: 0.991 ; precision: 0.504 ; recall: 0.957 ; loss: 0.871
2019-01-15 06:58:17,983:INFO: - Eval metrics : dsc: 0.536 ; iou: 0.413 ; accuracy: 0.984 ; precision: 0.426 ; recall: 0.929 ; loss: 0.893
2019-01-15 06:58:18,003:INFO: Epoch 21/45
2019-01-15 06:58:36,903:INFO: - Train metrics: dsc: 0.613 ; iou: 0.487 ; accuracy: 0.990 ; precision: 0.498 ; recall: 0.955 ; loss: 0.862
2019-01-15 06:58:38,710:INFO: - Eval metrics : dsc: 0.610 ; iou: 0.486 ; accuracy: 0.991 ; precision: 0.527 ; recall: 0.912 ; loss: 0.877
2019-01-15 06:58:38,730:INFO: Epoch 22/45
2019-01-15 06:58:57,588:INFO: - Train metrics: dsc: 0.609 ; iou: 0.485 ; accuracy: 0.990 ; precision: 0.495 ; recall: 0.954 ; loss: 0.854
2019-01-15 06:58:59,390:INFO: - Eval metrics : dsc: 0.551 ; iou: 0.431 ; accuracy: 0.984 ; precision: 0.458 ; recall: 0.917 ; loss: 0.887
2019-01-15 06:58:59,409:INFO: Epoch 23/45
2019-01-15 06:59:18,289:INFO: - Train metrics: dsc: 0.616 ; iou: 0.492 ; accuracy: 0.990 ; precision: 0.503 ; recall: 0.954 ; loss: 0.849
2019-01-15 06:59:20,169:INFO: - Eval metrics : dsc: 0.583 ; iou: 0.458 ; accuracy: 0.988 ; precision: 0.479 ; recall: 0.929 ; loss: 0.895
2019-01-15 06:59:20,189:INFO: Epoch 24/45
2019-01-15 06:59:39,081:INFO: - Train metrics: dsc: 0.636 ; iou: 0.515 ; accuracy: 0.991 ; precision: 0.525 ; recall: 0.952 ; loss: 0.843
2019-01-15 06:59:40,887:INFO: - Eval metrics : dsc: 0.640 ; iou: 0.521 ; accuracy: 0.992 ; precision: 0.549 ; recall: 0.909 ; loss: 0.859
2019-01-15 06:59:40,901:INFO: Epoch 25/45
2019-01-15 06:59:59,855:INFO: - Train metrics: dsc: 0.632 ; iou: 0.511 ; accuracy: 0.991 ; precision: 0.524 ; recall: 0.951 ; loss: 0.836
2019-01-15 07:00:01,713:INFO: - Eval metrics : dsc: 0.603 ; iou: 0.482 ; accuracy: 0.989 ; precision: 0.510 ; recall: 0.927 ; loss: 0.856
2019-01-15 07:00:01,731:INFO: Epoch 26/45
2019-01-15 07:00:20,683:INFO: - Train metrics: dsc: 0.644 ; iou: 0.525 ; accuracy: 0.992 ; precision: 0.539 ; recall: 0.950 ; loss: 0.830
2019-01-15 07:00:22,507:INFO: - Eval metrics : dsc: 0.640 ; iou: 0.518 ; accuracy: 0.992 ; precision: 0.554 ; recall: 0.923 ; loss: 0.840
2019-01-15 07:00:22,522:INFO: Epoch 27/45
2019-01-15 07:00:41,392:INFO: - Train metrics: dsc: 0.653 ; iou: 0.533 ; accuracy: 0.992 ; precision: 0.547 ; recall: 0.947 ; loss: 0.824
2019-01-15 07:00:43,194:INFO: - Eval metrics : dsc: 0.580 ; iou: 0.463 ; accuracy: 0.986 ; precision: 0.485 ; recall: 0.921 ; loss: 0.881
2019-01-15 07:00:43,213:INFO: Epoch 28/45
2019-01-15 07:01:02,221:INFO: - Train metrics: dsc: 0.665 ; iou: 0.546 ; accuracy: 0.993 ; precision: 0.560 ; recall: 0.952 ; loss: 0.820
2019-01-15 07:01:04,018:INFO: - Eval metrics : dsc: 0.652 ; iou: 0.536 ; accuracy: 0.992 ; precision: 0.593 ; recall: 0.901 ; loss: 0.840
2019-01-15 07:01:04,032:INFO: Epoch 29/45
2019-01-15 07:01:22,952:INFO: - Train metrics: dsc: 0.664 ; iou: 0.547 ; accuracy: 0.993 ; precision: 0.561 ; recall: 0.950 ; loss: 0.808
2019-01-15 07:01:24,796:INFO: - Eval metrics : dsc: 0.636 ; iou: 0.520 ; accuracy: 0.990 ; precision: 0.553 ; recall: 0.923 ; loss: 0.847
2019-01-15 07:01:24,823:INFO: Epoch 30/45
2019-01-15 07:01:43,813:INFO: - Train metrics: dsc: 0.681 ; iou: 0.565 ; accuracy: 0.993 ; precision: 0.582 ; recall: 0.949 ; loss: 0.805
2019-01-15 07:01:45,638:INFO: - Eval metrics : dsc: 0.650 ; iou: 0.533 ; accuracy: 0.991 ; precision: 0.563 ; recall: 0.927 ; loss: 0.817
2019-01-15 07:01:45,658:INFO: Epoch 31/45
2019-01-15 07:02:04,591:INFO: - Train metrics: dsc: 0.686 ; iou: 0.571 ; accuracy: 0.993 ; precision: 0.588 ; recall: 0.950 ; loss: 0.796
2019-01-15 07:02:06,404:INFO: - Eval metrics : dsc: 0.678 ; iou: 0.564 ; accuracy: 0.994 ; precision: 0.617 ; recall: 0.908 ; loss: 0.823
2019-01-15 07:02:06,425:INFO: - Found new best DSC
2019-01-15 07:02:06,426:INFO: Epoch 32/45
2019-01-15 07:02:25,342:INFO: - Train metrics: dsc: 0.690 ; iou: 0.576 ; accuracy: 0.994 ; precision: 0.597 ; recall: 0.950 ; loss: 0.790
2019-01-15 07:02:27,196:INFO: - Eval metrics : dsc: 0.683 ; iou: 0.574 ; accuracy: 0.993 ; precision: 0.629 ; recall: 0.907 ; loss: 0.779
2019-01-15 07:02:27,214:INFO: - Found new best DSC
2019-01-15 07:02:27,214:INFO: Epoch 33/45
2019-01-15 07:02:46,193:INFO: - Train metrics: dsc: 0.698 ; iou: 0.586 ; accuracy: 0.994 ; precision: 0.604 ; recall: 0.947 ; loss: 0.782
2019-01-15 07:02:48,064:INFO: - Eval metrics : dsc: 0.691 ; iou: 0.582 ; accuracy: 0.993 ; precision: 0.635 ; recall: 0.914 ; loss: 0.803
2019-01-15 07:02:48,087:INFO: - Found new best DSC
2019-01-15 07:02:48,087:INFO: Epoch 34/45
2019-01-15 07:03:06,992:INFO: - Train metrics: dsc: 0.714 ; iou: 0.604 ; accuracy: 0.995 ; precision: 0.625 ; recall: 0.947 ; loss: 0.775
2019-01-15 07:03:08,831:INFO: - Eval metrics : dsc: 0.722 ; iou: 0.615 ; accuracy: 0.995 ; precision: 0.669 ; recall: 0.910 ; loss: 0.764
2019-01-15 07:03:08,848:INFO: - Found new best DSC
2019-01-15 07:03:08,848:INFO: Epoch 35/45
2019-01-15 07:03:27,759:INFO: - Train metrics: dsc: 0.718 ; iou: 0.609 ; accuracy: 0.995 ; precision: 0.630 ; recall: 0.946 ; loss: 0.769
2019-01-15 07:03:29,585:INFO: - Eval metrics : dsc: 0.733 ; iou: 0.629 ; accuracy: 0.996 ; precision: 0.678 ; recall: 0.906 ; loss: 0.804
2019-01-15 07:03:29,606:INFO: - Found new best DSC
2019-01-15 07:03:29,606:INFO: Epoch 36/45
2019-01-15 07:03:48,568:INFO: - Train metrics: dsc: 0.717 ; iou: 0.609 ; accuracy: 0.995 ; precision: 0.631 ; recall: 0.947 ; loss: 0.753
2019-01-15 07:03:50,376:INFO: - Eval metrics : dsc: 0.685 ; iou: 0.572 ; accuracy: 0.993 ; precision: 0.602 ; recall: 0.930 ; loss: 0.808
2019-01-15 07:03:50,390:INFO: Epoch 37/45
2019-01-15 07:04:09,408:INFO: - Train metrics: dsc: 0.724 ; iou: 0.617 ; accuracy: 0.995 ; precision: 0.640 ; recall: 0.948 ; loss: 0.751
2019-01-15 07:04:11,263:INFO: - Eval metrics : dsc: 0.705 ; iou: 0.598 ; accuracy: 0.994 ; precision: 0.641 ; recall: 0.919 ; loss: 0.767
2019-01-15 07:04:11,277:INFO: Epoch 38/45
2019-01-15 07:04:30,188:INFO: - Train metrics: dsc: 0.733 ; iou: 0.626 ; accuracy: 0.995 ; precision: 0.650 ; recall: 0.946 ; loss: 0.743
2019-01-15 07:04:32,039:INFO: - Eval metrics : dsc: 0.675 ; iou: 0.570 ; accuracy: 0.991 ; precision: 0.626 ; recall: 0.908 ; loss: 0.781
2019-01-15 07:04:32,067:INFO: Epoch 39/45
2019-01-15 07:04:50,950:INFO: - Train metrics: dsc: 0.747 ; iou: 0.643 ; accuracy: 0.996 ; precision: 0.664 ; recall: 0.946 ; loss: 0.735
2019-01-15 07:04:52,780:INFO: - Eval metrics : dsc: 0.742 ; iou: 0.641 ; accuracy: 0.996 ; precision: 0.700 ; recall: 0.909 ; loss: 0.693
2019-01-15 07:04:52,802:INFO: - Found new best DSC
2019-01-15 07:04:52,802:INFO: Epoch 40/45
2019-01-15 07:05:11,734:INFO: - Train metrics: dsc: 0.751 ; iou: 0.648 ; accuracy: 0.996 ; precision: 0.673 ; recall: 0.946 ; loss: 0.725
2019-01-15 07:05:13,584:INFO: - Eval metrics : dsc: 0.702 ; iou: 0.597 ; accuracy: 0.993 ; precision: 0.643 ; recall: 0.917 ; loss: 0.767
2019-01-15 07:05:13,599:INFO: Epoch 41/45
2019-01-15 07:05:32,514:INFO: - Train metrics: dsc: 0.752 ; iou: 0.651 ; accuracy: 0.996 ; precision: 0.676 ; recall: 0.945 ; loss: 0.715
2019-01-15 07:05:34,411:INFO: - Eval metrics : dsc: 0.703 ; iou: 0.596 ; accuracy: 0.993 ; precision: 0.636 ; recall: 0.923 ; loss: 0.734
2019-01-15 07:05:34,426:INFO: Epoch 42/45
2019-01-15 07:05:53,348:INFO: - Train metrics: dsc: 0.757 ; iou: 0.658 ; accuracy: 0.996 ; precision: 0.682 ; recall: 0.944 ; loss: 0.707
2019-01-15 07:05:55,157:INFO: - Eval metrics : dsc: 0.735 ; iou: 0.632 ; accuracy: 0.995 ; precision: 0.680 ; recall: 0.915 ; loss: 0.730
2019-01-15 07:05:55,173:INFO: Epoch 43/45
2019-01-15 07:06:14,035:INFO: - Train metrics: dsc: 0.771 ; iou: 0.673 ; accuracy: 0.996 ; precision: 0.702 ; recall: 0.944 ; loss: 0.695
2019-01-15 07:06:15,856:INFO: - Eval metrics : dsc: 0.755 ; iou: 0.661 ; accuracy: 0.996 ; precision: 0.728 ; recall: 0.899 ; loss: 0.677
2019-01-15 07:06:15,873:INFO: - Found new best DSC
2019-01-15 07:06:15,873:INFO: Epoch 44/45
2019-01-15 07:06:34,766:INFO: - Train metrics: dsc: 0.768 ; iou: 0.670 ; accuracy: 0.996 ; precision: 0.698 ; recall: 0.945 ; loss: 0.684
2019-01-15 07:06:36,571:INFO: - Eval metrics : dsc: 0.759 ; iou: 0.665 ; accuracy: 0.996 ; precision: 0.732 ; recall: 0.897 ; loss: 0.686
2019-01-15 07:06:36,594:INFO: - Found new best DSC
2019-01-15 07:06:36,594:INFO: Epoch 45/45
2019-01-15 07:06:55,556:INFO: - Train metrics: dsc: 0.777 ; iou: 0.683 ; accuracy: 0.997 ; precision: 0.711 ; recall: 0.942 ; loss: 0.671
2019-01-15 07:06:57,381:INFO: - Eval metrics : dsc: 0.732 ; iou: 0.636 ; accuracy: 0.994 ; precision: 0.689 ; recall: 0.906 ; loss: 0.684
2019-01-15 07:06:57,454:INFO: Loading the datasets...
2019-01-15 07:07:04,962:INFO: - done.
2019-01-15 07:07:04,963:INFO: For k-fold 4/5:
2019-01-15 07:07:04,963:INFO: Starting training for 45 epoch(s)
2019-01-15 07:07:04,963:INFO: Epoch 1/45
2019-01-15 07:07:23,751:INFO: - Train metrics: dsc: 0.097 ; iou: 0.052 ; accuracy: 0.861 ; precision: 0.053 ; recall: 0.750 ; loss: 0.968
2019-01-15 07:07:25,550:INFO: - Eval metrics : dsc: 0.121 ; iou: 0.067 ; accuracy: 0.861 ; precision: 0.067 ; recall: 0.950 ; loss: 0.958
2019-01-15 07:07:25,575:INFO: - Found new best DSC
2019-01-15 07:07:25,576:INFO: Epoch 2/45
2019-01-15 07:07:44,412:INFO: - Train metrics: dsc: 0.197 ; iou: 0.116 ; accuracy: 0.919 ; precision: 0.116 ; recall: 0.944 ; loss: 0.954
2019-01-15 07:07:46,257:INFO: - Eval metrics : dsc: 0.253 ; iou: 0.153 ; accuracy: 0.948 ; precision: 0.153 ; recall: 0.954 ; loss: 0.951
2019-01-15 07:07:46,280:INFO: - Found new best DSC
2019-01-15 07:07:46,280:INFO: Epoch 3/45
2019-01-15 07:08:05,181:INFO: - Train metrics: dsc: 0.310 ; iou: 0.197 ; accuracy: 0.960 ; precision: 0.198 ; recall: 0.951 ; loss: 0.949
2019-01-15 07:08:07,017:INFO: - Eval metrics : dsc: 0.307 ; iou: 0.192 ; accuracy: 0.962 ; precision: 0.192 ; recall: 0.963 ; loss: 0.946
2019-01-15 07:08:07,033:INFO: - Found new best DSC
2019-01-15 07:08:07,033:INFO: Epoch 4/45
2019-01-15 07:08:25,981:INFO: - Train metrics: dsc: 0.395 ; iou: 0.266 ; accuracy: 0.974 ; precision: 0.267 ; recall: 0.960 ; loss: 0.945
2019-01-15 07:08:27,777:INFO: - Eval metrics : dsc: 0.395 ; iou: 0.262 ; accuracy: 0.975 ; precision: 0.262 ; recall: 0.957 ; loss: 0.944
2019-01-15 07:08:27,798:INFO: - Found new best DSC
2019-01-15 07:08:27,799:INFO: Epoch 5/45
2019-01-15 07:08:46,716:INFO: - Train metrics: dsc: 0.444 ; iou: 0.309 ; accuracy: 0.979 ; precision: 0.310 ; recall: 0.962 ; loss: 0.943
2019-01-15 07:08:48,516:INFO: - Eval metrics : dsc: 0.474 ; iou: 0.332 ; accuracy: 0.983 ; precision: 0.336 ; recall: 0.958 ; loss: 0.942
2019-01-15 07:08:48,544:INFO: - Found new best DSC
2019-01-15 07:08:48,544:INFO: Epoch 6/45
2019-01-15 07:09:07,494:INFO: - Train metrics: dsc: 0.486 ; iou: 0.348 ; accuracy: 0.983 ; precision: 0.349 ; recall: 0.965 ; loss: 0.940
2019-01-15 07:09:09,302:INFO: - Eval metrics : dsc: 0.499 ; iou: 0.356 ; accuracy: 0.984 ; precision: 0.360 ; recall: 0.959 ; loss: 0.939
2019-01-15 07:09:09,322:INFO: - Found new best DSC
2019-01-15 07:09:09,322:INFO: Epoch 7/45
2019-01-15 07:09:28,341:INFO: - Train metrics: dsc: 0.517 ; iou: 0.379 ; accuracy: 0.985 ; precision: 0.381 ; recall: 0.966 ; loss: 0.937
2019-01-15 07:09:30,162:INFO: - Eval metrics : dsc: 0.558 ; iou: 0.416 ; accuracy: 0.988 ; precision: 0.425 ; recall: 0.954 ; loss: 0.935
2019-01-15 07:09:30,185:INFO: - Found new best DSC
2019-01-15 07:09:30,185:INFO: Epoch 8/45
2019-01-15 07:09:49,095:INFO: - Train metrics: dsc: 0.547 ; iou: 0.408 ; accuracy: 0.987 ; precision: 0.409 ; recall: 0.971 ; loss: 0.934
2019-01-15 07:09:50,923:INFO: - Eval metrics : dsc: 0.567 ; iou: 0.425 ; accuracy: 0.989 ; precision: 0.433 ; recall: 0.954 ; loss: 0.934
2019-01-15 07:09:50,940:INFO: - Found new best DSC
2019-01-15 07:09:50,941:INFO: Epoch 9/45
2019-01-15 07:10:09,896:INFO: - Train metrics: dsc: 0.563 ; iou: 0.424 ; accuracy: 0.988 ; precision: 0.425 ; recall: 0.971 ; loss: 0.932
2019-01-15 07:10:11,696:INFO: - Eval metrics : dsc: 0.613 ; iou: 0.476 ; accuracy: 0.991 ; precision: 0.487 ; recall: 0.954 ; loss: 0.928
2019-01-15 07:10:11,713:INFO: - Found new best DSC
2019-01-15 07:10:11,713:INFO: Epoch 10/45
2019-01-15 07:10:30,603:INFO: - Train metrics: dsc: 0.580 ; iou: 0.444 ; accuracy: 0.989 ; precision: 0.445 ; recall: 0.973 ; loss: 0.928
2019-01-15 07:10:32,432:INFO: - Eval metrics : dsc: 0.615 ; iou: 0.479 ; accuracy: 0.991 ; precision: 0.493 ; recall: 0.952 ; loss: 0.926
2019-01-15 07:10:32,458:INFO: - Found new best DSC
2019-01-15 07:10:32,458:INFO: Epoch 11/45
2019-01-15 07:10:51,440:INFO: - Train metrics: dsc: 0.589 ; iou: 0.453 ; accuracy: 0.990 ; precision: 0.454 ; recall: 0.972 ; loss: 0.925
2019-01-15 07:10:53,248:INFO: - Eval metrics : dsc: 0.560 ; iou: 0.421 ; accuracy: 0.988 ; precision: 0.423 ; recall: 0.964 ; loss: 0.923
2019-01-15 07:10:53,263:INFO: Epoch 12/45
2019-01-15 07:11:12,190:INFO: - Train metrics: dsc: 0.604 ; iou: 0.469 ; accuracy: 0.990 ; precision: 0.471 ; recall: 0.974 ; loss: 0.921
2019-01-15 07:11:14,047:INFO: - Eval metrics : dsc: 0.583 ; iou: 0.445 ; accuracy: 0.990 ; precision: 0.452 ; recall: 0.957 ; loss: 0.923
2019-01-15 07:11:14,062:INFO: Epoch 13/45
2019-01-15 07:11:33,067:INFO: - Train metrics: dsc: 0.611 ; iou: 0.477 ; accuracy: 0.991 ; precision: 0.479 ; recall: 0.971 ; loss: 0.917
2019-01-15 07:11:34,886:INFO: - Eval metrics : dsc: 0.624 ; iou: 0.491 ; accuracy: 0.992 ; precision: 0.505 ; recall: 0.952 ; loss: 0.916
2019-01-15 07:11:34,902:INFO: - Found new best DSC
2019-01-15 07:11:34,903:INFO: Epoch 14/45
2019-01-15 07:11:53,844:INFO: - Train metrics: dsc: 0.618 ; iou: 0.486 ; accuracy: 0.991 ; precision: 0.488 ; recall: 0.970 ; loss: 0.913
2019-01-15 07:11:55,662:INFO: - Eval metrics : dsc: 0.612 ; iou: 0.478 ; accuracy: 0.991 ; precision: 0.488 ; recall: 0.953 ; loss: 0.917
2019-01-15 07:11:55,682:INFO: Epoch 15/45
2019-01-15 07:12:14,549:INFO: - Train metrics: dsc: 0.626 ; iou: 0.495 ; accuracy: 0.992 ; precision: 0.498 ; recall: 0.968 ; loss: 0.907
2019-01-15 07:12:16,444:INFO: - Eval metrics : dsc: 0.656 ; iou: 0.528 ; accuracy: 0.993 ; precision: 0.546 ; recall: 0.939 ; loss: 0.912
2019-01-15 07:12:16,460:INFO: - Found new best DSC
2019-01-15 07:12:16,460:INFO: Epoch 16/45
2019-01-15 07:12:35,275:INFO: - Train metrics: dsc: 0.628 ; iou: 0.498 ; accuracy: 0.992 ; precision: 0.502 ; recall: 0.963 ; loss: 0.903
2019-01-15 07:12:37,095:INFO: - Eval metrics : dsc: 0.615 ; iou: 0.482 ; accuracy: 0.991 ; precision: 0.504 ; recall: 0.941 ; loss: 0.903
2019-01-15 07:12:37,109:INFO: Epoch 17/45
2019-01-15 07:12:55,982:INFO: - Train metrics: dsc: 0.631 ; iou: 0.501 ; accuracy: 0.992 ; precision: 0.506 ; recall: 0.963 ; loss: 0.897
2019-01-15 07:12:57,786:INFO: - Eval metrics : dsc: 0.621 ; iou: 0.489 ; accuracy: 0.992 ; precision: 0.510 ; recall: 0.938 ; loss: 0.889
2019-01-15 07:12:57,807:INFO: Epoch 18/45
2019-01-15 07:13:16,663:INFO: - Train metrics: dsc: 0.640 ; iou: 0.512 ; accuracy: 0.992 ; precision: 0.517 ; recall: 0.960 ; loss: 0.890
2019-01-15 07:13:18,499:INFO: - Eval metrics : dsc: 0.648 ; iou: 0.518 ; accuracy: 0.993 ; precision: 0.554 ; recall: 0.924 ; loss: 0.879
2019-01-15 07:13:18,515:INFO: Epoch 19/45
2019-01-15 07:13:37,447:INFO: - Train metrics: dsc: 0.639 ; iou: 0.511 ; accuracy: 0.992 ; precision: 0.517 ; recall: 0.958 ; loss: 0.884
2019-01-15 07:13:39,267:INFO: - Eval metrics : dsc: 0.656 ; iou: 0.529 ; accuracy: 0.993 ; precision: 0.560 ; recall: 0.929 ; loss: 0.891
2019-01-15 07:13:39,281:INFO: Epoch 20/45
2019-01-15 07:13:58,178:INFO: - Train metrics: dsc: 0.646 ; iou: 0.520 ; accuracy: 0.992 ; precision: 0.529 ; recall: 0.956 ; loss: 0.878
2019-01-15 07:13:59,995:INFO: - Eval metrics : dsc: 0.642 ; iou: 0.516 ; accuracy: 0.992 ; precision: 0.556 ; recall: 0.916 ; loss: 0.882
2019-01-15 07:14:00,015:INFO: Epoch 21/45
2019-01-15 07:14:18,908:INFO: - Train metrics: dsc: 0.636 ; iou: 0.510 ; accuracy: 0.992 ; precision: 0.518 ; recall: 0.954 ; loss: 0.871
2019-01-15 07:14:20,765:INFO: - Eval metrics : dsc: 0.643 ; iou: 0.515 ; accuracy: 0.992 ; precision: 0.543 ; recall: 0.923 ; loss: 0.883
2019-01-15 07:14:20,784:INFO: Epoch 22/45
2019-01-15 07:14:39,731:INFO: - Train metrics: dsc: 0.616 ; iou: 0.493 ; accuracy: 0.990 ; precision: 0.502 ; recall: 0.956 ; loss: 0.860
2019-01-15 07:14:41,583:INFO: - Eval metrics : dsc: 0.582 ; iou: 0.455 ; accuracy: 0.987 ; precision: 0.503 ; recall: 0.916 ; loss: 0.867
2019-01-15 07:14:41,602:INFO: Epoch 23/45
2019-01-15 07:15:00,505:INFO: - Train metrics: dsc: 0.618 ; iou: 0.495 ; accuracy: 0.990 ; precision: 0.504 ; recall: 0.956 ; loss: 0.852
2019-01-15 07:15:02,346:INFO: - Eval metrics : dsc: 0.596 ; iou: 0.468 ; accuracy: 0.989 ; precision: 0.506 ; recall: 0.926 ; loss: 0.875
2019-01-15 07:15:02,365:INFO: Epoch 24/45
2019-01-15 07:15:21,310:INFO: - Train metrics: dsc: 0.621 ; iou: 0.500 ; accuracy: 0.990 ; precision: 0.510 ; recall: 0.953 ; loss: 0.844
2019-01-15 07:15:23,140:INFO: - Eval metrics : dsc: 0.660 ; iou: 0.537 ; accuracy: 0.993 ; precision: 0.622 ; recall: 0.873 ; loss: 0.854
2019-01-15 07:15:23,162:INFO: - Found new best DSC
2019-01-15 07:15:23,162:INFO: Epoch 25/45
2019-01-15 07:15:42,048:INFO: - Train metrics: dsc: 0.618 ; iou: 0.498 ; accuracy: 0.990 ; precision: 0.509 ; recall: 0.953 ; loss: 0.837
2019-01-15 07:15:43,846:INFO: - Eval metrics : dsc: 0.557 ; iou: 0.437 ; accuracy: 0.984 ; precision: 0.474 ; recall: 0.927 ; loss: 0.867
2019-01-15 07:15:43,864:INFO: Epoch 26/45
2019-01-15 07:16:02,828:INFO: - Train metrics: dsc: 0.625 ; iou: 0.507 ; accuracy: 0.990 ; precision: 0.518 ; recall: 0.952 ; loss: 0.831
2019-01-15 07:16:04,683:INFO: - Eval metrics : dsc: 0.637 ; iou: 0.517 ; accuracy: 0.991 ; precision: 0.566 ; recall: 0.905 ; loss: 0.825
2019-01-15 07:16:04,701:INFO: Epoch 27/45
2019-01-15 07:16:23,666:INFO: - Train metrics: dsc: 0.644 ; iou: 0.525 ; accuracy: 0.991 ; precision: 0.537 ; recall: 0.951 ; loss: 0.823
2019-01-15 07:16:25,481:INFO: - Eval metrics : dsc: 0.602 ; iou: 0.478 ; accuracy: 0.988 ; precision: 0.506 ; recall: 0.930 ; loss: 0.870
2019-01-15 07:16:25,500:INFO: Epoch 28/45
2019-01-15 07:16:44,371:INFO: - Train metrics: dsc: 0.653 ; iou: 0.535 ; accuracy: 0.991 ; precision: 0.548 ; recall: 0.952 ; loss: 0.817
2019-01-15 07:16:46,230:INFO: - Eval metrics : dsc: 0.622 ; iou: 0.503 ; accuracy: 0.989 ; precision: 0.556 ; recall: 0.905 ; loss: 0.850
2019-01-15 07:16:46,249:INFO: Epoch 29/45
2019-01-15 07:17:05,154:INFO: - Train metrics: dsc: 0.655 ; iou: 0.539 ; accuracy: 0.991 ; precision: 0.554 ; recall: 0.949 ; loss: 0.807
2019-01-15 07:17:07,014:INFO: - Eval metrics : dsc: 0.647 ; iou: 0.526 ; accuracy: 0.991 ; precision: 0.582 ; recall: 0.904 ; loss: 0.842
2019-01-15 07:17:07,035:INFO: Epoch 30/45
2019-01-15 07:17:26,010:INFO: - Train metrics: dsc: 0.667 ; iou: 0.551 ; accuracy: 0.992 ; precision: 0.565 ; recall: 0.950 ; loss: 0.805
2019-01-15 07:17:27,843:INFO: - Eval metrics : dsc: 0.665 ; iou: 0.548 ; accuracy: 0.992 ; precision: 0.605 ; recall: 0.901 ; loss: 0.815
2019-01-15 07:17:27,867:INFO: - Found new best DSC
2019-01-15 07:17:27,867:INFO: Epoch 31/45
2019-01-15 07:17:46,803:INFO: - Train metrics: dsc: 0.668 ; iou: 0.554 ; accuracy: 0.992 ; precision: 0.567 ; recall: 0.951 ; loss: 0.792
2019-01-15 07:17:48,608:INFO: - Eval metrics : dsc: 0.603 ; iou: 0.487 ; accuracy: 0.988 ; precision: 0.536 ; recall: 0.908 ; loss: 0.832
2019-01-15 07:17:48,628:INFO: Epoch 32/45
2019-01-15 07:18:07,505:INFO: - Train metrics: dsc: 0.670 ; iou: 0.557 ; accuracy: 0.992 ; precision: 0.577 ; recall: 0.949 ; loss: 0.787
2019-01-15 07:18:09,323:INFO: - Eval metrics : dsc: 0.653 ; iou: 0.540 ; accuracy: 0.991 ; precision: 0.606 ; recall: 0.898 ; loss: 0.809
2019-01-15 07:18:09,341:INFO: Epoch 33/45
2019-01-15 07:18:28,224:INFO: - Train metrics: dsc: 0.687 ; iou: 0.575 ; accuracy: 0.993 ; precision: 0.594 ; recall: 0.949 ; loss: 0.780
2019-01-15 07:18:30,048:INFO: - Eval metrics : dsc: 0.695 ; iou: 0.582 ; accuracy: 0.994 ; precision: 0.634 ; recall: 0.910 ; loss: 0.780
2019-01-15 07:18:30,065:INFO: - Found new best DSC
2019-01-15 07:18:30,065:INFO: Epoch 34/45
2019-01-15 07:18:48,927:INFO: - Train metrics: dsc: 0.683 ; iou: 0.573 ; accuracy: 0.992 ; precision: 0.592 ; recall: 0.947 ; loss: 0.771
2019-01-15 07:18:50,731:INFO: - Eval metrics : dsc: 0.687 ; iou: 0.574 ; accuracy: 0.993 ; precision: 0.630 ; recall: 0.908 ; loss: 0.762
2019-01-15 07:18:50,746:INFO: Epoch 35/45
2019-01-15 07:19:09,581:INFO: - Train metrics: dsc: 0.689 ; iou: 0.579 ; accuracy: 0.993 ; precision: 0.598 ; recall: 0.950 ; loss: 0.764
2019-01-15 07:19:11,398:INFO: - Eval metrics : dsc: 0.708 ; iou: 0.597 ; accuracy: 0.994 ; precision: 0.635 ; recall: 0.912 ; loss: 0.768
2019-01-15 07:19:11,415:INFO: - Found new best DSC
2019-01-15 07:19:11,415:INFO: Epoch 36/45
2019-01-15 07:19:30,356:INFO: - Train metrics: dsc: 0.703 ; iou: 0.595 ; accuracy: 0.994 ; precision: 0.613 ; recall: 0.948 ; loss: 0.755
2019-01-15 07:19:32,170:INFO: - Eval metrics : dsc: 0.681 ; iou: 0.568 ; accuracy: 0.992 ; precision: 0.597 ; recall: 0.924 ; loss: 0.785
2019-01-15 07:19:32,185:INFO: Epoch 37/45
2019-01-15 07:19:51,141:INFO: - Train metrics: dsc: 0.699 ; iou: 0.592 ; accuracy: 0.993 ; precision: 0.612 ; recall: 0.948 ; loss: 0.747
2019-01-15 07:19:52,942:INFO: - Eval metrics : dsc: 0.700 ; iou: 0.589 ; accuracy: 0.994 ; precision: 0.628 ; recall: 0.926 ; loss: 0.739
2019-01-15 07:19:52,959:INFO: Epoch 38/45
2019-01-15 07:20:11,908:INFO: - Train metrics: dsc: 0.713 ; iou: 0.605 ; accuracy: 0.994 ; precision: 0.624 ; recall: 0.947 ; loss: 0.742
2019-01-15 07:20:13,724:INFO: - Eval metrics : dsc: 0.651 ; iou: 0.533 ; accuracy: 0.992 ; precision: 0.567 ; recall: 0.922 ; loss: 0.817
2019-01-15 07:20:13,740:INFO: Epoch 39/45
2019-01-15 07:20:32,697:INFO: - Train metrics: dsc: 0.721 ; iou: 0.616 ; accuracy: 0.994 ; precision: 0.634 ; recall: 0.947 ; loss: 0.733
2019-01-15 07:20:34,548:INFO: - Eval metrics : dsc: 0.718 ; iou: 0.612 ; accuracy: 0.994 ; precision: 0.662 ; recall: 0.916 ; loss: 0.703
2019-01-15 07:20:34,570:INFO: - Found new best DSC
2019-01-15 07:20:34,570:INFO: Epoch 40/45
2019-01-15 07:20:53,438:INFO: - Train metrics: dsc: 0.724 ; iou: 0.621 ; accuracy: 0.995 ; precision: 0.643 ; recall: 0.948 ; loss: 0.720
2019-01-15 07:20:55,267:INFO: - Eval metrics : dsc: 0.700 ; iou: 0.586 ; accuracy: 0.994 ; precision: 0.631 ; recall: 0.917 ; loss: 0.764
2019-01-15 07:20:55,287:INFO: Epoch 41/45
2019-01-15 07:21:14,309:INFO: - Train metrics: dsc: 0.723 ; iou: 0.621 ; accuracy: 0.994 ; precision: 0.642 ; recall: 0.944 ; loss: 0.711
2019-01-15 07:21:16,119:INFO: - Eval metrics : dsc: 0.691 ; iou: 0.581 ; accuracy: 0.993 ; precision: 0.637 ; recall: 0.913 ; loss: 0.735
2019-01-15 07:21:16,138:INFO: Epoch 42/45
2019-01-15 07:21:35,128:INFO: - Train metrics: dsc: 0.730 ; iou: 0.629 ; accuracy: 0.994 ; precision: 0.650 ; recall: 0.946 ; loss: 0.701
2019-01-15 07:21:36,936:INFO: - Eval metrics : dsc: 0.718 ; iou: 0.613 ; accuracy: 0.994 ; precision: 0.664 ; recall: 0.919 ; loss: 0.698
2019-01-15 07:21:36,954:INFO: Epoch 43/45
2019-01-15 07:21:55,910:INFO: - Train metrics: dsc: 0.736 ; iou: 0.636 ; accuracy: 0.995 ; precision: 0.657 ; recall: 0.947 ; loss: 0.691
2019-01-15 07:21:57,777:INFO: - Eval metrics : dsc: 0.759 ; iou: 0.660 ; accuracy: 0.996 ; precision: 0.715 ; recall: 0.908 ; loss: 0.687
2019-01-15 07:21:57,800:INFO: - Found new best DSC
2019-01-15 07:21:57,800:INFO: Epoch 44/45
2019-01-15 07:22:16,792:INFO: - Train metrics: dsc: 0.741 ; iou: 0.643 ; accuracy: 0.995 ; precision: 0.667 ; recall: 0.946 ; loss: 0.674
2019-01-15 07:22:18,610:INFO: - Eval metrics : dsc: 0.720 ; iou: 0.618 ; accuracy: 0.994 ; precision: 0.670 ; recall: 0.913 ; loss: 0.691
2019-01-15 07:22:18,626:INFO: Epoch 45/45
2019-01-15 07:22:37,648:INFO: - Train metrics: dsc: 0.753 ; iou: 0.656 ; accuracy: 0.995 ; precision: 0.683 ; recall: 0.944 ; loss: 0.669
2019-01-15 07:22:39,471:INFO: - Eval metrics : dsc: 0.748 ; iou: 0.647 ; accuracy: 0.996 ; precision: 0.695 ; recall: 0.909 ; loss: 0.686
2019-01-15 07:22:39,525:INFO: Loading the datasets...
2019-01-15 07:22:48,430:INFO: - done.
2019-01-15 07:22:48,430:INFO: For k-fold 5/5:
2019-01-15 07:22:48,430:INFO: Starting training for 45 epoch(s)
2019-01-15 07:22:48,430:INFO: Epoch 1/45
2019-01-15 07:23:07,385:INFO: - Train metrics: dsc: 0.097 ; iou: 0.052 ; accuracy: 0.862 ; precision: 0.053 ; recall: 0.749 ; loss: 0.968
2019-01-15 07:23:09,269:INFO: - Eval metrics : dsc: 0.110 ; iou: 0.060 ; accuracy: 0.849 ; precision: 0.060 ; recall: 0.932 ; loss: 0.959
2019-01-15 07:23:09,288:INFO: - Found new best DSC
2019-01-15 07:23:09,289:INFO: Epoch 2/45
2019-01-15 07:23:28,120:INFO: - Train metrics: dsc: 0.198 ; iou: 0.116 ; accuracy: 0.918 ; precision: 0.117 ; recall: 0.942 ; loss: 0.953
2019-01-15 07:23:29,997:INFO: - Eval metrics : dsc: 0.244 ; iou: 0.146 ; accuracy: 0.947 ; precision: 0.146 ; recall: 0.942 ; loss: 0.952
2019-01-15 07:23:30,019:INFO: - Found new best DSC
2019-01-15 07:23:30,019:INFO: Epoch 3/45
2019-01-15 07:23:48,965:INFO: - Train metrics: dsc: 0.320 ; iou: 0.205 ; accuracy: 0.961 ; precision: 0.205 ; recall: 0.952 ; loss: 0.948
2019-01-15 07:23:50,779:INFO: - Eval metrics : dsc: 0.297 ; iou: 0.185 ; accuracy: 0.961 ; precision: 0.185 ; recall: 0.955 ; loss: 0.948
2019-01-15 07:23:50,797:INFO: - Found new best DSC
2019-01-15 07:23:50,797:INFO: Epoch 4/45
2019-01-15 07:24:09,820:INFO: - Train metrics: dsc: 0.397 ; iou: 0.268 ; accuracy: 0.974 ; precision: 0.269 ; recall: 0.960 ; loss: 0.945
2019-01-15 07:24:11,696:INFO: - Eval metrics : dsc: 0.388 ; iou: 0.256 ; accuracy: 0.975 ; precision: 0.257 ; recall: 0.952 ; loss: 0.946
2019-01-15 07:24:11,718:INFO: - Found new best DSC
2019-01-15 07:24:11,719:INFO: Epoch 5/45
2019-01-15 07:24:30,716:INFO: - Train metrics: dsc: 0.446 ; iou: 0.311 ; accuracy: 0.980 ; precision: 0.312 ; recall: 0.961 ; loss: 0.942
2019-01-15 07:24:32,585:INFO: - Eval metrics : dsc: 0.467 ; iou: 0.326 ; accuracy: 0.983 ; precision: 0.330 ; recall: 0.947 ; loss: 0.944
2019-01-15 07:24:32,601:INFO: - Found new best DSC
2019-01-15 07:24:32,601:INFO: Epoch 6/45
2019-01-15 07:24:51,565:INFO: - Train metrics: dsc: 0.493 ; iou: 0.355 ; accuracy: 0.984 ; precision: 0.356 ; recall: 0.964 ; loss: 0.939
2019-01-15 07:24:53,383:INFO: - Eval metrics : dsc: 0.497 ; iou: 0.356 ; accuracy: 0.985 ; precision: 0.359 ; recall: 0.951 ; loss: 0.942
2019-01-15 07:24:53,399:INFO: - Found new best DSC
2019-01-15 07:24:53,399:INFO: Epoch 7/45
2019-01-15 07:25:12,316:INFO: - Train metrics: dsc: 0.521 ; iou: 0.383 ; accuracy: 0.985 ; precision: 0.384 ; recall: 0.966 ; loss: 0.937
2019-01-15 07:25:14,133:INFO: - Eval metrics : dsc: 0.567 ; iou: 0.426 ; accuracy: 0.990 ; precision: 0.432 ; recall: 0.941 ; loss: 0.938
2019-01-15 07:25:14,149:INFO: - Found new best DSC
2019-01-15 07:25:14,149:INFO: Epoch 8/45
2019-01-15 07:25:33,070:INFO: - Train metrics: dsc: 0.556 ; iou: 0.417 ; accuracy: 0.988 ; precision: 0.419 ; recall: 0.969 ; loss: 0.934
2019-01-15 07:25:34,908:INFO: - Eval metrics : dsc: 0.532 ; iou: 0.390 ; accuracy: 0.988 ; precision: 0.392 ; recall: 0.956 ; loss: 0.937
2019-01-15 07:25:34,927:INFO: Epoch 9/45
2019-01-15 07:25:53,969:INFO: - Train metrics: dsc: 0.570 ; iou: 0.432 ; accuracy: 0.989 ; precision: 0.433 ; recall: 0.971 ; loss: 0.931
2019-01-15 07:25:55,853:INFO: - Eval metrics : dsc: 0.581 ; iou: 0.442 ; accuracy: 0.990 ; precision: 0.448 ; recall: 0.946 ; loss: 0.932
2019-01-15 07:25:55,873:INFO: - Found new best DSC
2019-01-15 07:25:55,873:INFO: Epoch 10/45
2019-01-15 07:26:14,837:INFO: - Train metrics: dsc: 0.592 ; iou: 0.457 ; accuracy: 0.990 ; precision: 0.460 ; recall: 0.967 ; loss: 0.928
2019-01-15 07:26:16,730:INFO: - Eval metrics : dsc: 0.587 ; iou: 0.448 ; accuracy: 0.991 ; precision: 0.454 ; recall: 0.944 ; loss: 0.930
2019-01-15 07:26:16,752:INFO: - Found new best DSC
2019-01-15 07:26:16,753:INFO: Epoch 11/45
2019-01-15 07:26:35,746:INFO: - Train metrics: dsc: 0.604 ; iou: 0.468 ; accuracy: 0.991 ; precision: 0.470 ; recall: 0.968 ; loss: 0.924
2019-01-15 07:26:37,552:INFO: - Eval metrics : dsc: 0.577 ; iou: 0.437 ; accuracy: 0.990 ; precision: 0.440 ; recall: 0.961 ; loss: 0.925
2019-01-15 07:26:37,567:INFO: Epoch 12/45
2019-01-15 07:26:56,541:INFO: - Train metrics: dsc: 0.617 ; iou: 0.482 ; accuracy: 0.991 ; precision: 0.484 ; recall: 0.972 ; loss: 0.921
2019-01-15 07:26:58,351:INFO: - Eval metrics : dsc: 0.583 ; iou: 0.444 ; accuracy: 0.990 ; precision: 0.448 ; recall: 0.959 ; loss: 0.924
2019-01-15 07:26:58,366:INFO: Epoch 13/45
2019-01-15 07:27:17,235:INFO: - Train metrics: dsc: 0.627 ; iou: 0.494 ; accuracy: 0.992 ; precision: 0.497 ; recall: 0.971 ; loss: 0.916
2019-01-15 07:27:19,082:INFO: - Eval metrics : dsc: 0.622 ; iou: 0.487 ; accuracy: 0.992 ; precision: 0.492 ; recall: 0.955 ; loss: 0.922
2019-01-15 07:27:19,098:INFO: - Found new best DSC
2019-01-15 07:27:19,098:INFO: Epoch 14/45
2019-01-15 07:27:38,096:INFO: - Train metrics: dsc: 0.629 ; iou: 0.498 ; accuracy: 0.992 ; precision: 0.503 ; recall: 0.972 ; loss: 0.912
2019-01-15 07:27:39,942:INFO: - Eval metrics : dsc: 0.585 ; iou: 0.448 ; accuracy: 0.990 ; precision: 0.453 ; recall: 0.955 ; loss: 0.916
2019-01-15 07:27:39,961:INFO: Epoch 15/45
2019-01-15 07:27:58,978:INFO: - Train metrics: dsc: 0.633 ; iou: 0.503 ; accuracy: 0.992 ; precision: 0.507 ; recall: 0.966 ; loss: 0.907
2019-01-15 07:28:00,799:INFO: - Eval metrics : dsc: 0.633 ; iou: 0.500 ; accuracy: 0.992 ; precision: 0.511 ; recall: 0.951 ; loss: 0.916
2019-01-15 07:28:00,822:INFO: - Found new best DSC
2019-01-15 07:28:00,822:INFO: Epoch 16/45
2019-01-15 07:28:19,802:INFO: - Train metrics: dsc: 0.637 ; iou: 0.507 ; accuracy: 0.992 ; precision: 0.511 ; recall: 0.963 ; loss: 0.903
2019-01-15 07:28:21,657:INFO: - Eval metrics : dsc: 0.632 ; iou: 0.500 ; accuracy: 0.993 ; precision: 0.518 ; recall: 0.945 ; loss: 0.905
2019-01-15 07:28:21,678:INFO: Epoch 17/45
2019-01-15 07:28:40,699:INFO: - Train metrics: dsc: 0.644 ; iou: 0.515 ; accuracy: 0.992 ; precision: 0.522 ; recall: 0.966 ; loss: 0.895
2019-01-15 07:28:42,511:INFO: - Eval metrics : dsc: 0.580 ; iou: 0.445 ; accuracy: 0.990 ; precision: 0.457 ; recall: 0.945 ; loss: 0.892
2019-01-15 07:28:42,529:INFO: Epoch 18/45
2019-01-15 07:29:01,479:INFO: - Train metrics: dsc: 0.634 ; iou: 0.505 ; accuracy: 0.992 ; precision: 0.512 ; recall: 0.961 ; loss: 0.889
2019-01-15 07:29:03,285:INFO: - Eval metrics : dsc: 0.628 ; iou: 0.498 ; accuracy: 0.992 ; precision: 0.508 ; recall: 0.939 ; loss: 0.888
2019-01-15 07:29:03,299:INFO: Epoch 19/45
2019-01-15 07:29:22,273:INFO: - Train metrics: dsc: 0.636 ; iou: 0.509 ; accuracy: 0.992 ; precision: 0.516 ; recall: 0.962 ; loss: 0.882
2019-01-15 07:29:24,138:INFO: - Eval metrics : dsc: 0.584 ; iou: 0.451 ; accuracy: 0.990 ; precision: 0.464 ; recall: 0.941 ; loss: 0.899
2019-01-15 07:29:24,152:INFO: Epoch 20/45
2019-01-15 07:29:43,161:INFO: - Train metrics: dsc: 0.628 ; iou: 0.501 ; accuracy: 0.992 ; precision: 0.509 ; recall: 0.959 ; loss: 0.875
2019-01-15 07:29:44,980:INFO: - Eval metrics : dsc: 0.625 ; iou: 0.498 ; accuracy: 0.992 ; precision: 0.534 ; recall: 0.908 ; loss: 0.884
2019-01-15 07:29:44,998:INFO: Epoch 21/45
2019-01-15 07:30:03,954:INFO: - Train metrics: dsc: 0.631 ; iou: 0.506 ; accuracy: 0.991 ; precision: 0.514 ; recall: 0.957 ; loss: 0.866
2019-01-15 07:30:05,765:INFO: - Eval metrics : dsc: 0.634 ; iou: 0.503 ; accuracy: 0.992 ; precision: 0.527 ; recall: 0.927 ; loss: 0.899
2019-01-15 07:30:05,786:INFO: - Found new best DSC
2019-01-15 07:30:05,786:INFO: Epoch 22/45
2019-01-15 07:30:24,697:INFO: - Train metrics: dsc: 0.625 ; iou: 0.502 ; accuracy: 0.991 ; precision: 0.512 ; recall: 0.958 ; loss: 0.858
2019-01-15 07:30:26,490:INFO: - Eval metrics : dsc: 0.615 ; iou: 0.486 ; accuracy: 0.991 ; precision: 0.530 ; recall: 0.906 ; loss: 0.868
2019-01-15 07:30:26,511:INFO: Epoch 23/45
2019-01-15 07:30:45,456:INFO: - Train metrics: dsc: 0.642 ; iou: 0.519 ; accuracy: 0.992 ; precision: 0.529 ; recall: 0.957 ; loss: 0.852
2019-01-15 07:30:47,277:INFO: - Eval metrics : dsc: 0.604 ; iou: 0.476 ; accuracy: 0.990 ; precision: 0.504 ; recall: 0.920 ; loss: 0.892
2019-01-15 07:30:47,293:INFO: Epoch 24/45
2019-01-15 07:31:06,257:INFO: - Train metrics: dsc: 0.650 ; iou: 0.529 ; accuracy: 0.992 ; precision: 0.541 ; recall: 0.953 ; loss: 0.844
2019-01-15 07:31:08,078:INFO: - Eval metrics : dsc: 0.635 ; iou: 0.506 ; accuracy: 0.993 ; precision: 0.552 ; recall: 0.904 ; loss: 0.876
2019-01-15 07:31:08,094:INFO: - Found new best DSC
2019-01-15 07:31:08,095:INFO: Epoch 25/45
2019-01-15 07:31:26,985:INFO: - Train metrics: dsc: 0.658 ; iou: 0.538 ; accuracy: 0.993 ; precision: 0.548 ; recall: 0.956 ; loss: 0.838
2019-01-15 07:31:28,835:INFO: - Eval metrics : dsc: 0.627 ; iou: 0.499 ; accuracy: 0.991 ; precision: 0.523 ; recall: 0.927 ; loss: 0.879
2019-01-15 07:31:28,850:INFO: Epoch 26/45
2019-01-15 07:31:47,782:INFO: - Train metrics: dsc: 0.660 ; iou: 0.542 ; accuracy: 0.993 ; precision: 0.557 ; recall: 0.952 ; loss: 0.831
2019-01-15 07:31:49,635:INFO: - Eval metrics : dsc: 0.650 ; iou: 0.525 ; accuracy: 0.992 ; precision: 0.577 ; recall: 0.904 ; loss: 0.832
2019-01-15 07:31:49,671:INFO: - Found new best DSC
2019-01-15 07:31:49,671:INFO: Epoch 27/45
2019-01-15 07:32:08,647:INFO: - Train metrics: dsc: 0.675 ; iou: 0.557 ; accuracy: 0.993 ; precision: 0.570 ; recall: 0.952 ; loss: 0.825
2019-01-15 07:32:10,502:INFO: - Eval metrics : dsc: 0.686 ; iou: 0.568 ; accuracy: 0.994 ; precision: 0.622 ; recall: 0.900 ; loss: 0.860
2019-01-15 07:32:10,520:INFO: - Found new best DSC
2019-01-15 07:32:10,520:INFO: Epoch 28/45
2019-01-15 07:32:29,458:INFO: - Train metrics: dsc: 0.675 ; iou: 0.556 ; accuracy: 0.993 ; precision: 0.571 ; recall: 0.956 ; loss: 0.819
2019-01-15 07:32:31,267:INFO: - Eval metrics : dsc: 0.622 ; iou: 0.497 ; accuracy: 0.990 ; precision: 0.529 ; recall: 0.915 ; loss: 0.863
2019-01-15 07:32:31,289:INFO: Epoch 29/45
2019-01-15 07:32:50,233:INFO: - Train metrics: dsc: 0.682 ; iou: 0.567 ; accuracy: 0.993 ; precision: 0.582 ; recall: 0.951 ; loss: 0.810
2019-01-15 07:32:52,040:INFO: - Eval metrics : dsc: 0.608 ; iou: 0.484 ; accuracy: 0.989 ; precision: 0.500 ; recall: 0.936 ; loss: 0.850
2019-01-15 07:32:52,059:INFO: Epoch 30/45
2019-01-15 07:33:11,060:INFO: - Train metrics: dsc: 0.692 ; iou: 0.576 ; accuracy: 0.994 ; precision: 0.593 ; recall: 0.954 ; loss: 0.807
2019-01-15 07:33:12,872:INFO: - Eval metrics : dsc: 0.694 ; iou: 0.577 ; accuracy: 0.994 ; precision: 0.618 ; recall: 0.915 ; loss: 0.833
2019-01-15 07:33:12,899:INFO: - Found new best DSC
2019-01-15 07:33:12,900:INFO: Epoch 31/45
2019-01-15 07:33:31,834:INFO: - Train metrics: dsc: 0.697 ; iou: 0.583 ; accuracy: 0.994 ; precision: 0.598 ; recall: 0.954 ; loss: 0.795
2019-01-15 07:33:33,660:INFO: - Eval metrics : dsc: 0.669 ; iou: 0.554 ; accuracy: 0.992 ; precision: 0.603 ; recall: 0.898 ; loss: 0.846
2019-01-15 07:33:33,674:INFO: Epoch 32/45
2019-01-15 07:33:52,643:INFO: - Train metrics: dsc: 0.698 ; iou: 0.585 ; accuracy: 0.994 ; precision: 0.603 ; recall: 0.951 ; loss: 0.789
2019-01-15 07:33:54,530:INFO: - Eval metrics : dsc: 0.698 ; iou: 0.585 ; accuracy: 0.994 ; precision: 0.637 ; recall: 0.900 ; loss: 0.805
2019-01-15 07:33:54,548:INFO: - Found new best DSC
2019-01-15 07:33:54,548:INFO: Epoch 33/45
2019-01-15 07:34:13,393:INFO: - Train metrics: dsc: 0.706 ; iou: 0.595 ; accuracy: 0.995 ; precision: 0.614 ; recall: 0.945 ; loss: 0.781
2019-01-15 07:34:15,213:INFO: - Eval metrics : dsc: 0.666 ; iou: 0.552 ; accuracy: 0.992 ; precision: 0.578 ; recall: 0.924 ; loss: 0.819
2019-01-15 07:34:15,227:INFO: Epoch 34/45
2019-01-15 07:34:34,179:INFO: - Train metrics: dsc: 0.710 ; iou: 0.600 ; accuracy: 0.994 ; precision: 0.617 ; recall: 0.948 ; loss: 0.777
2019-01-15 07:34:35,986:INFO: - Eval metrics : dsc: 0.693 ; iou: 0.580 ; accuracy: 0.994 ; precision: 0.613 ; recall: 0.918 ; loss: 0.789
2019-01-15 07:34:36,000:INFO: Epoch 35/45
2019-01-15 07:34:55,027:INFO: - Train metrics: dsc: 0.708 ; iou: 0.596 ; accuracy: 0.994 ; precision: 0.615 ; recall: 0.951 ; loss: 0.770
2019-01-15 07:34:56,881:INFO: - Eval metrics : dsc: 0.729 ; iou: 0.623 ; accuracy: 0.995 ; precision: 0.664 ; recall: 0.913 ; loss: 0.768
2019-01-15 07:34:56,897:INFO: - Found new best DSC
2019-01-15 07:34:56,898:INFO: Epoch 36/45
2019-01-15 07:35:15,862:INFO: - Train metrics: dsc: 0.727 ; iou: 0.620 ; accuracy: 0.995 ; precision: 0.640 ; recall: 0.945 ; loss: 0.764
2019-01-15 07:35:17,679:INFO: - Eval metrics : dsc: 0.724 ; iou: 0.616 ; accuracy: 0.995 ; precision: 0.653 ; recall: 0.921 ; loss: 0.809
2019-01-15 07:35:17,698:INFO: Epoch 37/45
2019-01-15 07:35:36,640:INFO: - Train metrics: dsc: 0.724 ; iou: 0.617 ; accuracy: 0.995 ; precision: 0.636 ; recall: 0.951 ; loss: 0.754
2019-01-15 07:35:38,456:INFO: - Eval metrics : dsc: 0.696 ; iou: 0.584 ; accuracy: 0.994 ; precision: 0.609 ; recall: 0.923 ; loss: 0.800
2019-01-15 07:35:38,474:INFO: Epoch 38/45
2019-01-15 07:35:57,383:INFO: - Train metrics: dsc: 0.738 ; iou: 0.633 ; accuracy: 0.995 ; precision: 0.651 ; recall: 0.946 ; loss: 0.746
2019-01-15 07:35:59,191:INFO: - Eval metrics : dsc: 0.669 ; iou: 0.556 ; accuracy: 0.991 ; precision: 0.581 ; recall: 0.926 ; loss: 0.788
2019-01-15 07:35:59,206:INFO: Epoch 39/45
2019-01-15 07:36:18,106:INFO: - Train metrics: dsc: 0.737 ; iou: 0.632 ; accuracy: 0.995 ; precision: 0.649 ; recall: 0.951 ; loss: 0.739
2019-01-15 07:36:19,977:INFO: - Eval metrics : dsc: 0.716 ; iou: 0.610 ; accuracy: 0.994 ; precision: 0.635 ; recall: 0.928 ; loss: 0.730
2019-01-15 07:36:19,988:INFO: Epoch 40/45
2019-01-15 07:36:38,881:INFO: - Train metrics: dsc: 0.747 ; iou: 0.644 ; accuracy: 0.996 ; precision: 0.667 ; recall: 0.948 ; loss: 0.728
2019-01-15 07:36:40,730:INFO: - Eval metrics : dsc: 0.720 ; iou: 0.614 ; accuracy: 0.994 ; precision: 0.644 ; recall: 0.920 ; loss: 0.778
2019-01-15 07:36:40,748:INFO: Epoch 41/45
2019-01-15 07:36:59,714:INFO: - Train metrics: dsc: 0.747 ; iou: 0.644 ; accuracy: 0.996 ; precision: 0.665 ; recall: 0.946 ; loss: 0.719
2019-01-15 07:37:01,528:INFO: - Eval metrics : dsc: 0.716 ; iou: 0.607 ; accuracy: 0.995 ; precision: 0.632 ; recall: 0.929 ; loss: 0.762
2019-01-15 07:37:01,542:INFO: Epoch 42/45
2019-01-15 07:37:20,486:INFO: - Train metrics: dsc: 0.755 ; iou: 0.655 ; accuracy: 0.996 ; precision: 0.676 ; recall: 0.948 ; loss: 0.709
2019-01-15 07:37:22,311:INFO: - Eval metrics : dsc: 0.755 ; iou: 0.657 ; accuracy: 0.996 ; precision: 0.694 ; recall: 0.922 ; loss: 0.710
2019-01-15 07:37:22,336:INFO: - Found new best DSC
2019-01-15 07:37:22,336:INFO: Epoch 43/45
2019-01-15 07:37:41,302:INFO: - Train metrics: dsc: 0.762 ; iou: 0.662 ; accuracy: 0.996 ; precision: 0.685 ; recall: 0.947 ; loss: 0.701
2019-01-15 07:37:43,147:INFO: - Eval metrics : dsc: 0.723 ; iou: 0.619 ; accuracy: 0.995 ; precision: 0.647 ; recall: 0.926 ; loss: 0.715
2019-01-15 07:37:43,169:INFO: Epoch 44/45
2019-01-15 07:38:02,124:INFO: - Train metrics: dsc: 0.762 ; iou: 0.664 ; accuracy: 0.996 ; precision: 0.688 ; recall: 0.948 ; loss: 0.683
2019-01-15 07:38:03,969:INFO: - Eval metrics : dsc: 0.722 ; iou: 0.620 ; accuracy: 0.994 ; precision: 0.652 ; recall: 0.921 ; loss: 0.716
2019-01-15 07:38:03,989:INFO: Epoch 45/45
2019-01-15 07:38:22,985:INFO: - Train metrics: dsc: 0.779 ; iou: 0.684 ; accuracy: 0.997 ; precision: 0.708 ; recall: 0.949 ; loss: 0.679
2019-01-15 07:38:24,800:INFO: - Eval metrics : dsc: 0.767 ; iou: 0.671 ; accuracy: 0.997 ; precision: 0.717 ; recall: 0.910 ; loss: 0.708
2019-01-15 07:38:24,821:INFO: - Found new best DSC
