2019-01-10 10:16:45,877:INFO: Loading the datasets...
2019-01-10 10:16:50,317:INFO: - done.
2019-01-10 10:16:50,317:INFO: For k-fold 1/5:
2019-01-10 10:16:50,317:INFO: Starting training for 45 epoch(s)
2019-01-10 10:16:50,317:INFO: Epoch 1/45
2019-01-10 10:17:44,687:INFO: - Train metrics: dsc: 0.050 ; iou: 0.027 ; accuracy: 0.674 ; precision: 0.033 ; recall: 0.643 ; loss: 0.656
2019-01-10 10:17:48,911:INFO: - Eval metrics : dsc: 0.026 ; iou: 0.026 ; accuracy: 0.992 ; precision: 0.864 ; recall: 0.035 ; loss: 0.586
2019-01-10 10:17:49,390:INFO: - Found new best DSC
2019-01-10 10:17:49,390:INFO: Epoch 2/45
2019-01-10 10:18:43,826:INFO: - Train metrics: dsc: 0.043 ; iou: 0.026 ; accuracy: 0.979 ; precision: 0.101 ; recall: 0.124 ; loss: 0.520
2019-01-10 10:18:48,060:INFO: - Eval metrics : dsc: 0.035 ; iou: 0.035 ; accuracy: 0.992 ; precision: 0.980 ; recall: 0.035 ; loss: 0.561
2019-01-10 10:18:50,018:INFO: - Found new best DSC
2019-01-10 10:18:50,019:INFO: Epoch 3/45
2019-01-10 10:19:44,570:INFO: - Train metrics: dsc: 0.030 ; iou: 0.021 ; accuracy: 0.989 ; precision: 0.255 ; recall: 0.059 ; loss: 0.471
2019-01-10 10:19:48,764:INFO: - Eval metrics : dsc: 0.035 ; iou: 0.035 ; accuracy: 0.992 ; precision: 0.985 ; recall: 0.035 ; loss: 0.435
2019-01-10 10:19:50,574:INFO: - Found new best DSC
2019-01-10 10:19:50,574:INFO: Epoch 4/45
2019-01-10 10:20:45,109:INFO: - Train metrics: dsc: 0.047 ; iou: 0.035 ; accuracy: 0.989 ; precision: 0.369 ; recall: 0.085 ; loss: 0.438
2019-01-10 10:20:49,315:INFO: - Eval metrics : dsc: 0.035 ; iou: 0.035 ; accuracy: 0.992 ; precision: 1.000 ; recall: 0.035 ; loss: 0.409
2019-01-10 10:20:51,068:INFO: - Found new best DSC
2019-01-10 10:20:51,068:INFO: Epoch 5/45
2019-01-10 10:21:45,593:INFO: - Train metrics: dsc: 0.055 ; iou: 0.044 ; accuracy: 0.991 ; precision: 0.759 ; recall: 0.067 ; loss: 0.400
2019-01-10 10:21:49,766:INFO: - Eval metrics : dsc: 0.035 ; iou: 0.035 ; accuracy: 0.992 ; precision: 1.000 ; recall: 0.035 ; loss: 0.379
2019-01-10 10:21:51,459:INFO: - Found new best DSC
2019-01-10 10:21:51,460:INFO: Epoch 6/45
2019-01-10 10:22:45,875:INFO: - Train metrics: dsc: 0.050 ; iou: 0.041 ; accuracy: 0.991 ; precision: 0.887 ; recall: 0.053 ; loss: 0.366
2019-01-10 10:22:50,028:INFO: - Eval metrics : dsc: 0.035 ; iou: 0.035 ; accuracy: 0.992 ; precision: 1.000 ; recall: 0.035 ; loss: 0.352
2019-01-10 10:22:51,706:INFO: - Found new best DSC
2019-01-10 10:22:51,706:INFO: Epoch 7/45
2019-01-10 10:23:46,194:INFO: - Train metrics: dsc: 0.052 ; iou: 0.043 ; accuracy: 0.991 ; precision: 0.891 ; recall: 0.053 ; loss: 0.341
2019-01-10 10:23:50,385:INFO: - Eval metrics : dsc: 0.035 ; iou: 0.035 ; accuracy: 0.992 ; precision: 1.000 ; recall: 0.035 ; loss: 0.334
2019-01-10 10:23:52,009:INFO: - Found new best DSC
2019-01-10 10:23:52,009:INFO: Epoch 8/45
2019-01-10 10:24:46,414:INFO: - Train metrics: dsc: 0.028 ; iou: 0.026 ; accuracy: 0.992 ; precision: 0.895 ; recall: 0.031 ; loss: 0.311
2019-01-10 10:24:50,627:INFO: - Eval metrics : dsc: 0.035 ; iou: 0.035 ; accuracy: 0.992 ; precision: 1.000 ; recall: 0.035 ; loss: 0.294
2019-01-10 10:24:52,274:INFO: - Found new best DSC
2019-01-10 10:24:52,274:INFO: Epoch 9/45
2019-01-10 10:25:46,778:INFO: - Train metrics: dsc: 0.032 ; iou: 0.028 ; accuracy: 0.992 ; precision: 0.906 ; recall: 0.036 ; loss: 0.284
2019-01-10 10:25:51,007:INFO: - Eval metrics : dsc: 0.035 ; iou: 0.035 ; accuracy: 0.992 ; precision: 1.000 ; recall: 0.035 ; loss: 0.267
2019-01-10 10:25:52,739:INFO: - Found new best DSC
2019-01-10 10:25:52,739:INFO: Epoch 10/45
2019-01-10 10:26:47,261:INFO: - Train metrics: dsc: 0.036 ; iou: 0.032 ; accuracy: 0.992 ; precision: 0.914 ; recall: 0.036 ; loss: 0.259
2019-01-10 10:26:51,446:INFO: - Eval metrics : dsc: 0.035 ; iou: 0.035 ; accuracy: 0.992 ; precision: 1.000 ; recall: 0.035 ; loss: 0.244
2019-01-10 10:26:53,040:INFO: - Found new best DSC
2019-01-10 10:26:53,040:INFO: Epoch 11/45
2019-01-10 10:27:47,399:INFO: - Train metrics: dsc: 0.055 ; iou: 0.046 ; accuracy: 0.992 ; precision: 0.916 ; recall: 0.052 ; loss: 0.236
2019-01-10 10:27:51,627:INFO: - Eval metrics : dsc: 0.035 ; iou: 0.035 ; accuracy: 0.992 ; precision: 1.000 ; recall: 0.035 ; loss: 0.221
2019-01-10 10:27:53,494:INFO: - Found new best DSC
2019-01-10 10:27:53,494:INFO: Epoch 12/45
2019-01-10 10:28:47,913:INFO: - Train metrics: dsc: 0.087 ; iou: 0.066 ; accuracy: 0.992 ; precision: 0.841 ; recall: 0.078 ; loss: 0.214
2019-01-10 10:28:52,117:INFO: - Eval metrics : dsc: 0.035 ; iou: 0.035 ; accuracy: 0.992 ; precision: 1.000 ; recall: 0.035 ; loss: 0.207
2019-01-10 10:28:53,692:INFO: - Found new best DSC
2019-01-10 10:28:53,692:INFO: Epoch 13/45
2019-01-10 10:29:48,160:INFO: - Train metrics: dsc: 0.112 ; iou: 0.085 ; accuracy: 0.992 ; precision: 0.827 ; recall: 0.104 ; loss: 0.195
2019-01-10 10:29:52,386:INFO: - Eval metrics : dsc: 0.035 ; iou: 0.035 ; accuracy: 0.992 ; precision: 1.000 ; recall: 0.035 ; loss: 0.185
2019-01-10 10:29:53,992:INFO: - Found new best DSC
2019-01-10 10:29:53,992:INFO: Epoch 14/45
2019-01-10 10:30:48,414:INFO: - Train metrics: dsc: 0.106 ; iou: 0.079 ; accuracy: 0.992 ; precision: 0.815 ; recall: 0.096 ; loss: 0.177
2019-01-10 10:30:52,652:INFO: - Eval metrics : dsc: 0.035 ; iou: 0.035 ; accuracy: 0.992 ; precision: 1.000 ; recall: 0.035 ; loss: 0.167
2019-01-10 10:30:54,364:INFO: - Found new best DSC
2019-01-10 10:30:54,364:INFO: Epoch 15/45
2019-01-10 10:31:48,772:INFO: - Train metrics: dsc: 0.228 ; iou: 0.173 ; accuracy: 0.993 ; precision: 0.767 ; recall: 0.209 ; loss: 0.160
2019-01-10 10:31:52,969:INFO: - Eval metrics : dsc: 0.035 ; iou: 0.035 ; accuracy: 0.992 ; precision: 1.000 ; recall: 0.035 ; loss: 0.154
2019-01-10 10:31:54,593:INFO: - Found new best DSC
2019-01-10 10:31:54,593:INFO: Epoch 16/45
2019-01-10 10:32:49,060:INFO: - Train metrics: dsc: 0.276 ; iou: 0.216 ; accuracy: 0.993 ; precision: 0.766 ; recall: 0.252 ; loss: 0.145
2019-01-10 10:32:53,233:INFO: - Eval metrics : dsc: 0.042 ; iou: 0.039 ; accuracy: 0.992 ; precision: 1.000 ; recall: 0.039 ; loss: 0.139
2019-01-10 10:32:54,822:INFO: - Found new best DSC
2019-01-10 10:32:54,822:INFO: Epoch 17/45
2019-01-10 10:33:49,243:INFO: - Train metrics: dsc: 0.331 ; iou: 0.262 ; accuracy: 0.994 ; precision: 0.801 ; recall: 0.305 ; loss: 0.131
2019-01-10 10:33:53,424:INFO: - Eval metrics : dsc: 0.249 ; iou: 0.196 ; accuracy: 0.994 ; precision: 0.882 ; recall: 0.204 ; loss: 0.125
2019-01-10 10:33:54,960:INFO: - Found new best DSC
2019-01-10 10:33:54,960:INFO: Epoch 18/45
2019-01-10 10:34:49,329:INFO: - Train metrics: dsc: 0.395 ; iou: 0.320 ; accuracy: 0.994 ; precision: 0.797 ; recall: 0.374 ; loss: 0.119
2019-01-10 10:34:53,447:INFO: - Eval metrics : dsc: 0.258 ; iou: 0.189 ; accuracy: 0.994 ; precision: 0.948 ; recall: 0.193 ; loss: 0.122
2019-01-10 10:34:55,103:INFO: - Found new best DSC
2019-01-10 10:34:55,103:INFO: Epoch 19/45
2019-01-10 10:35:49,514:INFO: - Train metrics: dsc: 0.488 ; iou: 0.404 ; accuracy: 0.995 ; precision: 0.816 ; recall: 0.468 ; loss: 0.108
2019-01-10 10:35:53,773:INFO: - Eval metrics : dsc: 0.458 ; iou: 0.383 ; accuracy: 0.996 ; precision: 0.902 ; recall: 0.413 ; loss: 0.102
2019-01-10 10:35:55,481:INFO: - Found new best DSC
2019-01-10 10:35:55,482:INFO: Epoch 20/45
2019-01-10 10:36:49,937:INFO: - Train metrics: dsc: 0.528 ; iou: 0.441 ; accuracy: 0.995 ; precision: 0.817 ; recall: 0.512 ; loss: 0.099
2019-01-10 10:36:54,173:INFO: - Eval metrics : dsc: 0.440 ; iou: 0.357 ; accuracy: 0.996 ; precision: 0.987 ; recall: 0.360 ; loss: 0.093
2019-01-10 10:36:54,910:INFO: Epoch 21/45
2019-01-10 10:37:49,267:INFO: - Train metrics: dsc: 0.563 ; iou: 0.477 ; accuracy: 0.996 ; precision: 0.816 ; recall: 0.555 ; loss: 0.090
2019-01-10 10:37:53,480:INFO: - Eval metrics : dsc: 0.642 ; iou: 0.565 ; accuracy: 0.997 ; precision: 0.800 ; recall: 0.650 ; loss: 0.085
2019-01-10 10:37:55,153:INFO: - Found new best DSC
2019-01-10 10:37:55,153:INFO: Epoch 22/45
2019-01-10 10:38:49,659:INFO: - Train metrics: dsc: 0.623 ; iou: 0.539 ; accuracy: 0.997 ; precision: 0.836 ; recall: 0.621 ; loss: 0.082
2019-01-10 10:38:53,880:INFO: - Eval metrics : dsc: 0.645 ; iou: 0.567 ; accuracy: 0.997 ; precision: 0.869 ; recall: 0.638 ; loss: 0.077
2019-01-10 10:38:55,532:INFO: - Found new best DSC
2019-01-10 10:38:55,532:INFO: Epoch 23/45
2019-01-10 10:39:50,116:INFO: - Train metrics: dsc: 0.644 ; iou: 0.559 ; accuracy: 0.997 ; precision: 0.825 ; recall: 0.653 ; loss: 0.075
2019-01-10 10:39:54,286:INFO: - Eval metrics : dsc: 0.686 ; iou: 0.607 ; accuracy: 0.997 ; precision: 0.891 ; recall: 0.658 ; loss: 0.070
2019-01-10 10:39:55,851:INFO: - Found new best DSC
2019-01-10 10:39:55,851:INFO: Epoch 24/45
2019-01-10 10:40:50,331:INFO: - Train metrics: dsc: 0.688 ; iou: 0.602 ; accuracy: 0.997 ; precision: 0.852 ; recall: 0.694 ; loss: 0.069
2019-01-10 10:40:54,600:INFO: - Eval metrics : dsc: 0.706 ; iou: 0.625 ; accuracy: 0.997 ; precision: 0.825 ; recall: 0.744 ; loss: 0.065
2019-01-10 10:40:56,265:INFO: - Found new best DSC
2019-01-10 10:40:56,266:INFO: Epoch 25/45
2019-01-10 10:41:50,763:INFO: - Train metrics: dsc: 0.693 ; iou: 0.607 ; accuracy: 0.997 ; precision: 0.845 ; recall: 0.703 ; loss: 0.063
2019-01-10 10:41:55,003:INFO: - Eval metrics : dsc: 0.687 ; iou: 0.613 ; accuracy: 0.998 ; precision: 0.922 ; recall: 0.654 ; loss: 0.061
2019-01-10 10:41:55,793:INFO: Epoch 26/45
2019-01-10 10:42:50,274:INFO: - Train metrics: dsc: 0.718 ; iou: 0.634 ; accuracy: 0.997 ; precision: 0.846 ; recall: 0.732 ; loss: 0.058
2019-01-10 10:42:54,482:INFO: - Eval metrics : dsc: 0.742 ; iou: 0.664 ; accuracy: 0.998 ; precision: 0.872 ; recall: 0.749 ; loss: 0.056
2019-01-10 10:42:56,030:INFO: - Found new best DSC
2019-01-10 10:42:56,031:INFO: Epoch 27/45
2019-01-10 10:43:50,483:INFO: - Train metrics: dsc: 0.719 ; iou: 0.635 ; accuracy: 0.997 ; precision: 0.856 ; recall: 0.733 ; loss: 0.054
2019-01-10 10:43:54,737:INFO: - Eval metrics : dsc: 0.734 ; iou: 0.657 ; accuracy: 0.998 ; precision: 0.840 ; recall: 0.760 ; loss: 0.052
2019-01-10 10:43:55,554:INFO: Epoch 28/45
2019-01-10 10:44:50,051:INFO: - Train metrics: dsc: 0.736 ; iou: 0.654 ; accuracy: 0.998 ; precision: 0.858 ; recall: 0.752 ; loss: 0.050
2019-01-10 10:44:54,270:INFO: - Eval metrics : dsc: 0.705 ; iou: 0.630 ; accuracy: 0.998 ; precision: 0.918 ; recall: 0.678 ; loss: 0.048
2019-01-10 10:44:55,036:INFO: Epoch 29/45
2019-01-10 10:45:49,539:INFO: - Train metrics: dsc: 0.741 ; iou: 0.660 ; accuracy: 0.998 ; precision: 0.861 ; recall: 0.759 ; loss: 0.046
2019-01-10 10:45:53,734:INFO: - Eval metrics : dsc: 0.745 ; iou: 0.663 ; accuracy: 0.998 ; precision: 0.864 ; recall: 0.758 ; loss: 0.044
2019-01-10 10:45:55,462:INFO: - Found new best DSC
2019-01-10 10:45:55,463:INFO: Epoch 30/45
2019-01-10 10:46:50,092:INFO: - Train metrics: dsc: 0.754 ; iou: 0.673 ; accuracy: 0.998 ; precision: 0.859 ; recall: 0.772 ; loss: 0.043
2019-01-10 10:46:54,326:INFO: - Eval metrics : dsc: 0.705 ; iou: 0.615 ; accuracy: 0.997 ; precision: 0.740 ; recall: 0.804 ; loss: 0.043
2019-01-10 10:46:55,077:INFO: Epoch 31/45
2019-01-10 10:47:49,500:INFO: - Train metrics: dsc: 0.755 ; iou: 0.676 ; accuracy: 0.998 ; precision: 0.870 ; recall: 0.777 ; loss: 0.040
2019-01-10 10:47:53,767:INFO: - Eval metrics : dsc: 0.757 ; iou: 0.675 ; accuracy: 0.998 ; precision: 0.813 ; recall: 0.804 ; loss: 0.039
2019-01-10 10:47:55,390:INFO: - Found new best DSC
2019-01-10 10:47:55,390:INFO: Epoch 32/45
2019-01-10 10:48:50,015:INFO: - Train metrics: dsc: 0.746 ; iou: 0.668 ; accuracy: 0.998 ; precision: 0.862 ; recall: 0.774 ; loss: 0.037
2019-01-10 10:48:54,253:INFO: - Eval metrics : dsc: 0.770 ; iou: 0.695 ; accuracy: 0.998 ; precision: 0.900 ; recall: 0.769 ; loss: 0.035
2019-01-10 10:48:56,061:INFO: - Found new best DSC
2019-01-10 10:48:56,061:INFO: Epoch 33/45
2019-01-10 10:49:50,691:INFO: - Train metrics: dsc: 0.755 ; iou: 0.676 ; accuracy: 0.998 ; precision: 0.855 ; recall: 0.777 ; loss: 0.034
2019-01-10 10:49:54,946:INFO: - Eval metrics : dsc: 0.705 ; iou: 0.628 ; accuracy: 0.998 ; precision: 0.919 ; recall: 0.677 ; loss: 0.034
2019-01-10 10:49:55,758:INFO: Epoch 34/45
2019-01-10 10:50:50,337:INFO: - Train metrics: dsc: 0.772 ; iou: 0.695 ; accuracy: 0.998 ; precision: 0.875 ; recall: 0.788 ; loss: 0.032
2019-01-10 10:50:54,540:INFO: - Eval metrics : dsc: 0.768 ; iou: 0.693 ; accuracy: 0.998 ; precision: 0.847 ; recall: 0.798 ; loss: 0.031
2019-01-10 10:50:55,297:INFO: Epoch 35/45
2019-01-10 10:51:49,939:INFO: - Train metrics: dsc: 0.770 ; iou: 0.693 ; accuracy: 0.998 ; precision: 0.874 ; recall: 0.789 ; loss: 0.030
2019-01-10 10:51:54,162:INFO: - Eval metrics : dsc: 0.770 ; iou: 0.696 ; accuracy: 0.998 ; precision: 0.873 ; recall: 0.796 ; loss: 0.029
2019-01-10 10:51:55,910:INFO: - Found new best DSC
2019-01-10 10:51:55,910:INFO: Epoch 36/45
2019-01-10 10:52:50,452:INFO: - Train metrics: dsc: 0.777 ; iou: 0.702 ; accuracy: 0.998 ; precision: 0.877 ; recall: 0.794 ; loss: 0.028
2019-01-10 10:52:54,646:INFO: - Eval metrics : dsc: 0.774 ; iou: 0.702 ; accuracy: 0.998 ; precision: 0.912 ; recall: 0.768 ; loss: 0.027
2019-01-10 10:52:56,344:INFO: - Found new best DSC
2019-01-10 10:52:56,345:INFO: Epoch 37/45
2019-01-10 10:53:50,908:INFO: - Train metrics: dsc: 0.781 ; iou: 0.705 ; accuracy: 0.998 ; precision: 0.884 ; recall: 0.796 ; loss: 0.026
2019-01-10 10:53:55,165:INFO: - Eval metrics : dsc: 0.771 ; iou: 0.691 ; accuracy: 0.998 ; precision: 0.808 ; recall: 0.823 ; loss: 0.025
2019-01-10 10:53:55,918:INFO: Epoch 38/45
2019-01-10 10:54:50,396:INFO: - Train metrics: dsc: 0.786 ; iou: 0.712 ; accuracy: 0.998 ; precision: 0.879 ; recall: 0.805 ; loss: 0.025
2019-01-10 10:54:54,630:INFO: - Eval metrics : dsc: 0.779 ; iou: 0.707 ; accuracy: 0.998 ; precision: 0.872 ; recall: 0.813 ; loss: 0.024
2019-01-10 10:54:56,288:INFO: - Found new best DSC
2019-01-10 10:54:56,288:INFO: Epoch 39/45
2019-01-10 10:55:50,891:INFO: - Train metrics: dsc: 0.786 ; iou: 0.711 ; accuracy: 0.998 ; precision: 0.885 ; recall: 0.801 ; loss: 0.023
2019-01-10 10:55:55,085:INFO: - Eval metrics : dsc: 0.781 ; iou: 0.709 ; accuracy: 0.998 ; precision: 0.872 ; recall: 0.816 ; loss: 0.022
2019-01-10 10:55:56,766:INFO: - Found new best DSC
2019-01-10 10:55:56,766:INFO: Epoch 40/45
2019-01-10 10:56:51,345:INFO: - Train metrics: dsc: 0.794 ; iou: 0.721 ; accuracy: 0.998 ; precision: 0.881 ; recall: 0.810 ; loss: 0.022
2019-01-10 10:56:55,590:INFO: - Eval metrics : dsc: 0.761 ; iou: 0.686 ; accuracy: 0.998 ; precision: 0.818 ; recall: 0.800 ; loss: 0.022
2019-01-10 10:56:56,342:INFO: Epoch 41/45
2019-01-10 10:57:50,904:INFO: - Train metrics: dsc: 0.792 ; iou: 0.716 ; accuracy: 0.998 ; precision: 0.883 ; recall: 0.807 ; loss: 0.021
2019-01-10 10:57:55,205:INFO: - Eval metrics : dsc: 0.781 ; iou: 0.710 ; accuracy: 0.998 ; precision: 0.864 ; recall: 0.813 ; loss: 0.021
2019-01-10 10:57:56,864:INFO: - Found new best DSC
2019-01-10 10:57:56,865:INFO: Epoch 42/45
2019-01-10 10:58:51,517:INFO: - Train metrics: dsc: 0.793 ; iou: 0.718 ; accuracy: 0.998 ; precision: 0.882 ; recall: 0.810 ; loss: 0.020
2019-01-10 10:58:55,761:INFO: - Eval metrics : dsc: 0.772 ; iou: 0.697 ; accuracy: 0.998 ; precision: 0.841 ; recall: 0.799 ; loss: 0.020
2019-01-10 10:58:56,533:INFO: Epoch 43/45
2019-01-10 10:59:51,173:INFO: - Train metrics: dsc: 0.802 ; iou: 0.727 ; accuracy: 0.998 ; precision: 0.889 ; recall: 0.813 ; loss: 0.019
2019-01-10 10:59:55,437:INFO: - Eval metrics : dsc: 0.789 ; iou: 0.717 ; accuracy: 0.998 ; precision: 0.899 ; recall: 0.795 ; loss: 0.018
2019-01-10 10:59:57,262:INFO: - Found new best DSC
2019-01-10 10:59:57,262:INFO: Epoch 44/45
2019-01-10 11:00:51,821:INFO: - Train metrics: dsc: 0.804 ; iou: 0.729 ; accuracy: 0.998 ; precision: 0.891 ; recall: 0.818 ; loss: 0.018
2019-01-10 11:00:56,069:INFO: - Eval metrics : dsc: 0.785 ; iou: 0.712 ; accuracy: 0.998 ; precision: 0.830 ; recall: 0.838 ; loss: 0.017
2019-01-10 11:00:56,903:INFO: Epoch 45/45
2019-01-10 11:01:51,445:INFO: - Train metrics: dsc: 0.817 ; iou: 0.745 ; accuracy: 0.998 ; precision: 0.895 ; recall: 0.830 ; loss: 0.016
2019-01-10 11:01:55,728:INFO: - Eval metrics : dsc: 0.785 ; iou: 0.716 ; accuracy: 0.998 ; precision: 0.873 ; recall: 0.814 ; loss: 0.017
2019-01-10 11:01:56,876:INFO: Loading the datasets...
2019-01-10 11:02:01,581:INFO: - done.
2019-01-10 11:02:01,581:INFO: For k-fold 2/5:
2019-01-10 11:02:01,591:INFO: Starting training for 45 epoch(s)
2019-01-10 11:02:01,591:INFO: Epoch 1/45
2019-01-10 11:02:56,411:INFO: - Train metrics: dsc: 0.045 ; iou: 0.024 ; accuracy: 0.673 ; precision: 0.026 ; recall: 0.621 ; loss: 0.656
2019-01-10 11:03:00,648:INFO: - Eval metrics : dsc: 0.018 ; iou: 0.018 ; accuracy: 0.992 ; precision: 0.544 ; recall: 0.031 ; loss: 0.546
2019-01-10 11:03:02,461:INFO: - Found new best DSC
2019-01-10 11:03:02,461:INFO: Epoch 2/45
2019-01-10 11:03:58,449:INFO: - Train metrics: dsc: 0.048 ; iou: 0.030 ; accuracy: 0.979 ; precision: 0.101 ; recall: 0.126 ; loss: 0.520
2019-01-10 11:04:02,845:INFO: - Eval metrics : dsc: 0.026 ; iou: 0.026 ; accuracy: 0.992 ; precision: 0.963 ; recall: 0.031 ; loss: 0.491
2019-01-10 11:04:04,518:INFO: - Found new best DSC
2019-01-10 11:04:04,518:INFO: Epoch 3/45
2019-01-10 11:05:00,831:INFO: - Train metrics: dsc: 0.023 ; iou: 0.015 ; accuracy: 0.989 ; precision: 0.199 ; recall: 0.059 ; loss: 0.471
2019-01-10 11:05:05,223:INFO: - Eval metrics : dsc: 0.031 ; iou: 0.031 ; accuracy: 0.992 ; precision: 0.991 ; recall: 0.031 ; loss: 0.460
2019-01-10 11:05:07,059:INFO: - Found new best DSC
2019-01-10 11:05:07,059:INFO: Epoch 4/45
2019-01-10 11:06:03,379:INFO: - Train metrics: dsc: 0.039 ; iou: 0.031 ; accuracy: 0.989 ; precision: 0.455 ; recall: 0.063 ; loss: 0.435
2019-01-10 11:06:07,792:INFO: - Eval metrics : dsc: 0.026 ; iou: 0.026 ; accuracy: 0.992 ; precision: 0.925 ; recall: 0.031 ; loss: 0.408
2019-01-10 11:06:08,584:INFO: Epoch 5/45
2019-01-10 11:07:04,882:INFO: - Train metrics: dsc: 0.041 ; iou: 0.033 ; accuracy: 0.990 ; precision: 0.601 ; recall: 0.054 ; loss: 0.402
2019-01-10 11:07:09,234:INFO: - Eval metrics : dsc: 0.031 ; iou: 0.031 ; accuracy: 0.992 ; precision: 0.987 ; recall: 0.031 ; loss: 0.379
2019-01-10 11:07:10,013:INFO: Epoch 6/45
2019-01-10 11:08:06,297:INFO: - Train metrics: dsc: 0.038 ; iou: 0.033 ; accuracy: 0.991 ; precision: 0.841 ; recall: 0.041 ; loss: 0.368
2019-01-10 11:08:10,738:INFO: - Eval metrics : dsc: 0.031 ; iou: 0.031 ; accuracy: 0.992 ; precision: 1.000 ; recall: 0.031 ; loss: 0.368
2019-01-10 11:08:12,415:INFO: - Found new best DSC
2019-01-10 11:08:12,416:INFO: Epoch 7/45
2019-01-10 11:09:08,768:INFO: - Train metrics: dsc: 0.039 ; iou: 0.035 ; accuracy: 0.992 ; precision: 0.881 ; recall: 0.041 ; loss: 0.337
2019-01-10 11:09:13,141:INFO: - Eval metrics : dsc: 0.031 ; iou: 0.031 ; accuracy: 0.992 ; precision: 1.000 ; recall: 0.031 ; loss: 0.328
2019-01-10 11:09:14,821:INFO: - Found new best DSC
2019-01-10 11:09:14,822:INFO: Epoch 8/45
2019-01-10 11:10:11,070:INFO: - Train metrics: dsc: 0.035 ; iou: 0.031 ; accuracy: 0.992 ; precision: 0.882 ; recall: 0.035 ; loss: 0.309
2019-01-10 11:10:15,491:INFO: - Eval metrics : dsc: 0.031 ; iou: 0.031 ; accuracy: 0.992 ; precision: 1.000 ; recall: 0.031 ; loss: 0.300
2019-01-10 11:10:17,038:INFO: - Found new best DSC
2019-01-10 11:10:17,039:INFO: Epoch 9/45
2019-01-10 11:11:13,232:INFO: - Train metrics: dsc: 0.060 ; iou: 0.046 ; accuracy: 0.992 ; precision: 0.864 ; recall: 0.059 ; loss: 0.282
2019-01-10 11:11:17,589:INFO: - Eval metrics : dsc: 0.031 ; iou: 0.031 ; accuracy: 0.992 ; precision: 1.000 ; recall: 0.031 ; loss: 0.282
2019-01-10 11:11:19,350:INFO: - Found new best DSC
2019-01-10 11:11:19,350:INFO: Epoch 10/45
2019-01-10 11:12:15,588:INFO: - Train metrics: dsc: 0.104 ; iou: 0.077 ; accuracy: 0.992 ; precision: 0.810 ; recall: 0.093 ; loss: 0.257
2019-01-10 11:12:19,938:INFO: - Eval metrics : dsc: 0.031 ; iou: 0.031 ; accuracy: 0.992 ; precision: 1.000 ; recall: 0.031 ; loss: 0.251
2019-01-10 11:12:21,568:INFO: - Found new best DSC
2019-01-10 11:12:21,568:INFO: Epoch 11/45
2019-01-10 11:13:17,787:INFO: - Train metrics: dsc: 0.149 ; iou: 0.112 ; accuracy: 0.992 ; precision: 0.789 ; recall: 0.133 ; loss: 0.234
2019-01-10 11:13:22,128:INFO: - Eval metrics : dsc: 0.031 ; iou: 0.031 ; accuracy: 0.992 ; precision: 1.000 ; recall: 0.031 ; loss: 0.228
2019-01-10 11:13:24,028:INFO: - Found new best DSC
2019-01-10 11:13:24,029:INFO: Epoch 12/45
2019-01-10 11:14:20,190:INFO: - Train metrics: dsc: 0.227 ; iou: 0.173 ; accuracy: 0.993 ; precision: 0.730 ; recall: 0.207 ; loss: 0.213
2019-01-10 11:14:24,624:INFO: - Eval metrics : dsc: 0.031 ; iou: 0.031 ; accuracy: 0.992 ; precision: 1.000 ; recall: 0.031 ; loss: 0.211
2019-01-10 11:14:26,312:INFO: - Found new best DSC
2019-01-10 11:14:26,313:INFO: Epoch 13/45
2019-01-10 11:15:22,570:INFO: - Train metrics: dsc: 0.299 ; iou: 0.235 ; accuracy: 0.993 ; precision: 0.756 ; recall: 0.282 ; loss: 0.193
2019-01-10 11:15:26,929:INFO: - Eval metrics : dsc: 0.031 ; iou: 0.031 ; accuracy: 0.992 ; precision: 1.000 ; recall: 0.031 ; loss: 0.211
2019-01-10 11:15:28,795:INFO: - Found new best DSC
2019-01-10 11:15:28,795:INFO: Epoch 14/45
2019-01-10 11:16:25,075:INFO: - Train metrics: dsc: 0.326 ; iou: 0.262 ; accuracy: 0.994 ; precision: 0.750 ; recall: 0.313 ; loss: 0.175
2019-01-10 11:16:29,465:INFO: - Eval metrics : dsc: 0.033 ; iou: 0.032 ; accuracy: 0.992 ; precision: 1.000 ; recall: 0.032 ; loss: 0.173
2019-01-10 11:16:31,149:INFO: - Found new best DSC
2019-01-10 11:16:31,149:INFO: Epoch 15/45
2019-01-10 11:17:27,383:INFO: - Train metrics: dsc: 0.422 ; iou: 0.348 ; accuracy: 0.994 ; precision: 0.772 ; recall: 0.413 ; loss: 0.158
2019-01-10 11:17:31,717:INFO: - Eval metrics : dsc: 0.050 ; iou: 0.044 ; accuracy: 0.992 ; precision: 0.987 ; recall: 0.044 ; loss: 0.165
2019-01-10 11:17:33,452:INFO: - Found new best DSC
2019-01-10 11:17:33,453:INFO: Epoch 16/45
2019-01-10 11:18:29,765:INFO: - Train metrics: dsc: 0.437 ; iou: 0.359 ; accuracy: 0.995 ; precision: 0.753 ; recall: 0.443 ; loss: 0.143
2019-01-10 11:18:34,152:INFO: - Eval metrics : dsc: 0.133 ; iou: 0.107 ; accuracy: 0.993 ; precision: 0.917 ; recall: 0.120 ; loss: 0.143
2019-01-10 11:18:35,807:INFO: - Found new best DSC
2019-01-10 11:18:35,807:INFO: Epoch 17/45
2019-01-10 11:19:32,060:INFO: - Train metrics: dsc: 0.505 ; iou: 0.427 ; accuracy: 0.995 ; precision: 0.794 ; recall: 0.512 ; loss: 0.130
2019-01-10 11:19:36,425:INFO: - Eval metrics : dsc: 0.190 ; iou: 0.153 ; accuracy: 0.993 ; precision: 0.962 ; recall: 0.161 ; loss: 0.134
2019-01-10 11:19:38,255:INFO: - Found new best DSC
2019-01-10 11:19:38,256:INFO: Epoch 18/45
2019-01-10 11:20:34,418:INFO: - Train metrics: dsc: 0.537 ; iou: 0.454 ; accuracy: 0.995 ; precision: 0.778 ; recall: 0.555 ; loss: 0.118
2019-01-10 11:20:38,754:INFO: - Eval metrics : dsc: 0.356 ; iou: 0.292 ; accuracy: 0.995 ; precision: 0.861 ; recall: 0.327 ; loss: 0.116
2019-01-10 11:20:40,488:INFO: - Found new best DSC
2019-01-10 11:20:40,489:INFO: Epoch 19/45
2019-01-10 11:21:35,983:INFO: - Train metrics: dsc: 0.578 ; iou: 0.496 ; accuracy: 0.996 ; precision: 0.802 ; recall: 0.589 ; loss: 0.107
2019-01-10 11:21:40,318:INFO: - Eval metrics : dsc: 0.452 ; iou: 0.375 ; accuracy: 0.995 ; precision: 0.840 ; recall: 0.424 ; loss: 0.103
2019-01-10 11:21:42,027:INFO: - Found new best DSC
2019-01-10 11:21:42,028:INFO: Epoch 20/45
2019-01-10 11:22:37,992:INFO: - Train metrics: dsc: 0.609 ; iou: 0.523 ; accuracy: 0.996 ; precision: 0.802 ; recall: 0.624 ; loss: 0.097
2019-01-10 11:22:42,290:INFO: - Eval metrics : dsc: 0.535 ; iou: 0.458 ; accuracy: 0.996 ; precision: 0.892 ; recall: 0.496 ; loss: 0.096
2019-01-10 11:22:44,028:INFO: - Found new best DSC
2019-01-10 11:22:44,029:INFO: Epoch 21/45
2019-01-10 11:23:40,373:INFO: - Train metrics: dsc: 0.653 ; iou: 0.568 ; accuracy: 0.997 ; precision: 0.833 ; recall: 0.661 ; loss: 0.088
2019-01-10 11:23:44,671:INFO: - Eval metrics : dsc: 0.662 ; iou: 0.582 ; accuracy: 0.997 ; precision: 0.824 ; recall: 0.665 ; loss: 0.088
2019-01-10 11:23:46,393:INFO: - Found new best DSC
2019-01-10 11:23:46,393:INFO: Epoch 22/45
2019-01-10 11:24:42,194:INFO: - Train metrics: dsc: 0.660 ; iou: 0.576 ; accuracy: 0.997 ; precision: 0.827 ; recall: 0.669 ; loss: 0.081
2019-01-10 11:24:46,424:INFO: - Eval metrics : dsc: 0.666 ; iou: 0.587 ; accuracy: 0.997 ; precision: 0.866 ; recall: 0.656 ; loss: 0.077
2019-01-10 11:24:48,044:INFO: - Found new best DSC
2019-01-10 11:24:48,044:INFO: Epoch 23/45
2019-01-10 11:25:43,873:INFO: - Train metrics: dsc: 0.677 ; iou: 0.591 ; accuracy: 0.997 ; precision: 0.829 ; recall: 0.691 ; loss: 0.074
2019-01-10 11:25:48,165:INFO: - Eval metrics : dsc: 0.703 ; iou: 0.624 ; accuracy: 0.998 ; precision: 0.850 ; recall: 0.696 ; loss: 0.069
2019-01-10 11:25:49,810:INFO: - Found new best DSC
2019-01-10 11:25:49,810:INFO: Epoch 24/45
2019-01-10 11:26:45,737:INFO: - Train metrics: dsc: 0.710 ; iou: 0.626 ; accuracy: 0.997 ; precision: 0.852 ; recall: 0.721 ; loss: 0.067
2019-01-10 11:26:50,044:INFO: - Eval metrics : dsc: 0.709 ; iou: 0.628 ; accuracy: 0.997 ; precision: 0.752 ; recall: 0.780 ; loss: 0.066
2019-01-10 11:26:51,830:INFO: - Found new best DSC
2019-01-10 11:26:51,830:INFO: Epoch 25/45
2019-01-10 11:27:47,464:INFO: - Train metrics: dsc: 0.720 ; iou: 0.636 ; accuracy: 0.997 ; precision: 0.846 ; recall: 0.733 ; loss: 0.062
2019-01-10 11:27:51,732:INFO: - Eval metrics : dsc: 0.747 ; iou: 0.671 ; accuracy: 0.998 ; precision: 0.831 ; recall: 0.778 ; loss: 0.059
2019-01-10 11:27:53,366:INFO: - Found new best DSC
2019-01-10 11:27:53,366:INFO: Epoch 26/45
2019-01-10 11:28:49,389:INFO: - Train metrics: dsc: 0.725 ; iou: 0.642 ; accuracy: 0.997 ; precision: 0.850 ; recall: 0.744 ; loss: 0.057
2019-01-10 11:28:53,753:INFO: - Eval metrics : dsc: 0.745 ; iou: 0.665 ; accuracy: 0.998 ; precision: 0.818 ; recall: 0.798 ; loss: 0.055
2019-01-10 11:28:54,592:INFO: Epoch 27/45
2019-01-10 11:29:50,520:INFO: - Train metrics: dsc: 0.729 ; iou: 0.649 ; accuracy: 0.998 ; precision: 0.855 ; recall: 0.743 ; loss: 0.053
2019-01-10 11:29:54,785:INFO: - Eval metrics : dsc: 0.736 ; iou: 0.652 ; accuracy: 0.997 ; precision: 0.763 ; recall: 0.821 ; loss: 0.054
2019-01-10 11:29:55,630:INFO: Epoch 28/45
2019-01-10 11:30:52,518:INFO: - Train metrics: dsc: 0.748 ; iou: 0.668 ; accuracy: 0.998 ; precision: 0.866 ; recall: 0.761 ; loss: 0.049
2019-01-10 11:30:56,829:INFO: - Eval metrics : dsc: 0.753 ; iou: 0.680 ; accuracy: 0.998 ; precision: 0.897 ; recall: 0.746 ; loss: 0.048
2019-01-10 11:30:58,545:INFO: - Found new best DSC
2019-01-10 11:30:58,545:INFO: Epoch 29/45
2019-01-10 11:31:54,247:INFO: - Train metrics: dsc: 0.759 ; iou: 0.680 ; accuracy: 0.998 ; precision: 0.871 ; recall: 0.770 ; loss: 0.045
2019-01-10 11:31:58,605:INFO: - Eval metrics : dsc: 0.754 ; iou: 0.670 ; accuracy: 0.998 ; precision: 0.791 ; recall: 0.828 ; loss: 0.045
2019-01-10 11:32:00,329:INFO: - Found new best DSC
2019-01-10 11:32:00,329:INFO: Epoch 30/45
2019-01-10 11:32:57,362:INFO: - Train metrics: dsc: 0.765 ; iou: 0.686 ; accuracy: 0.998 ; precision: 0.863 ; recall: 0.784 ; loss: 0.042
2019-01-10 11:33:01,604:INFO: - Eval metrics : dsc: 0.743 ; iou: 0.662 ; accuracy: 0.998 ; precision: 0.812 ; recall: 0.811 ; loss: 0.042
2019-01-10 11:33:02,400:INFO: Epoch 31/45
2019-01-10 11:33:58,491:INFO: - Train metrics: dsc: 0.763 ; iou: 0.684 ; accuracy: 0.998 ; precision: 0.860 ; recall: 0.779 ; loss: 0.039
2019-01-10 11:34:02,737:INFO: - Eval metrics : dsc: 0.745 ; iou: 0.664 ; accuracy: 0.998 ; precision: 0.773 ; recall: 0.821 ; loss: 0.040
2019-01-10 11:34:03,502:INFO: Epoch 32/45
2019-01-10 11:34:59,524:INFO: - Train metrics: dsc: 0.765 ; iou: 0.687 ; accuracy: 0.998 ; precision: 0.872 ; recall: 0.779 ; loss: 0.036
2019-01-10 11:35:03,800:INFO: - Eval metrics : dsc: 0.764 ; iou: 0.688 ; accuracy: 0.998 ; precision: 0.835 ; recall: 0.803 ; loss: 0.036
2019-01-10 11:35:05,606:INFO: - Found new best DSC
2019-01-10 11:35:05,607:INFO: Epoch 33/45
2019-01-10 11:36:01,358:INFO: - Train metrics: dsc: 0.768 ; iou: 0.691 ; accuracy: 0.998 ; precision: 0.872 ; recall: 0.785 ; loss: 0.034
2019-01-10 11:36:05,617:INFO: - Eval metrics : dsc: 0.758 ; iou: 0.685 ; accuracy: 0.998 ; precision: 0.865 ; recall: 0.785 ; loss: 0.034
2019-01-10 11:36:06,381:INFO: Epoch 34/45
2019-01-10 11:37:03,379:INFO: - Train metrics: dsc: 0.775 ; iou: 0.700 ; accuracy: 0.998 ; precision: 0.886 ; recall: 0.786 ; loss: 0.031
2019-01-10 11:37:07,791:INFO: - Eval metrics : dsc: 0.771 ; iou: 0.699 ; accuracy: 0.998 ; precision: 0.867 ; recall: 0.794 ; loss: 0.030
2019-01-10 11:37:09,635:INFO: - Found new best DSC
2019-01-10 11:37:09,635:INFO: Epoch 35/45
2019-01-10 11:38:06,566:INFO: - Train metrics: dsc: 0.776 ; iou: 0.701 ; accuracy: 0.998 ; precision: 0.881 ; recall: 0.788 ; loss: 0.029
2019-01-10 11:38:11,024:INFO: - Eval metrics : dsc: 0.780 ; iou: 0.707 ; accuracy: 0.998 ; precision: 0.852 ; recall: 0.819 ; loss: 0.028
2019-01-10 11:38:12,846:INFO: - Found new best DSC
2019-01-10 11:38:12,846:INFO: Epoch 36/45
2019-01-10 11:39:09,915:INFO: - Train metrics: dsc: 0.785 ; iou: 0.709 ; accuracy: 0.998 ; precision: 0.881 ; recall: 0.796 ; loss: 0.027
2019-01-10 11:39:14,293:INFO: - Eval metrics : dsc: 0.779 ; iou: 0.705 ; accuracy: 0.998 ; precision: 0.829 ; recall: 0.825 ; loss: 0.027
2019-01-10 11:39:15,125:INFO: Epoch 37/45
2019-01-10 11:40:10,415:INFO: - Train metrics: dsc: 0.784 ; iou: 0.709 ; accuracy: 0.998 ; precision: 0.879 ; recall: 0.791 ; loss: 0.026
2019-01-10 11:40:14,674:INFO: - Eval metrics : dsc: 0.776 ; iou: 0.704 ; accuracy: 0.998 ; precision: 0.836 ; recall: 0.831 ; loss: 0.025
2019-01-10 11:40:15,542:INFO: Epoch 38/45
2019-01-10 11:41:11,743:INFO: - Train metrics: dsc: 0.790 ; iou: 0.715 ; accuracy: 0.998 ; precision: 0.875 ; recall: 0.804 ; loss: 0.024
2019-01-10 11:41:16,053:INFO: - Eval metrics : dsc: 0.779 ; iou: 0.708 ; accuracy: 0.998 ; precision: 0.836 ; recall: 0.840 ; loss: 0.023
2019-01-10 11:41:16,883:INFO: Epoch 39/45
2019-01-10 11:42:13,083:INFO: - Train metrics: dsc: 0.794 ; iou: 0.720 ; accuracy: 0.998 ; precision: 0.883 ; recall: 0.804 ; loss: 0.023
2019-01-10 11:42:17,359:INFO: - Eval metrics : dsc: 0.788 ; iou: 0.716 ; accuracy: 0.998 ; precision: 0.840 ; recall: 0.845 ; loss: 0.022
2019-01-10 11:42:18,855:INFO: - Found new best DSC
2019-01-10 11:42:18,855:INFO: Epoch 40/45
2019-01-10 11:43:14,963:INFO: - Train metrics: dsc: 0.807 ; iou: 0.734 ; accuracy: 0.998 ; precision: 0.897 ; recall: 0.815 ; loss: 0.021
2019-01-10 11:43:19,334:INFO: - Eval metrics : dsc: 0.797 ; iou: 0.727 ; accuracy: 0.998 ; precision: 0.856 ; recall: 0.837 ; loss: 0.022
2019-01-10 11:43:21,136:INFO: - Found new best DSC
2019-01-10 11:43:21,137:INFO: Epoch 41/45
2019-01-10 11:44:17,004:INFO: - Train metrics: dsc: 0.802 ; iou: 0.726 ; accuracy: 0.998 ; precision: 0.885 ; recall: 0.814 ; loss: 0.020
2019-01-10 11:44:21,286:INFO: - Eval metrics : dsc: 0.795 ; iou: 0.725 ; accuracy: 0.998 ; precision: 0.844 ; recall: 0.848 ; loss: 0.020
2019-01-10 11:44:22,085:INFO: Epoch 42/45
2019-01-10 11:45:18,470:INFO: - Train metrics: dsc: 0.814 ; iou: 0.740 ; accuracy: 0.998 ; precision: 0.891 ; recall: 0.826 ; loss: 0.019
2019-01-10 11:45:22,875:INFO: - Eval metrics : dsc: 0.784 ; iou: 0.716 ; accuracy: 0.998 ; precision: 0.901 ; recall: 0.790 ; loss: 0.019
2019-01-10 11:45:23,615:INFO: Epoch 43/45
2019-01-10 11:46:20,723:INFO: - Train metrics: dsc: 0.812 ; iou: 0.734 ; accuracy: 0.998 ; precision: 0.884 ; recall: 0.823 ; loss: 0.018
2019-01-10 11:46:25,029:INFO: - Eval metrics : dsc: 0.784 ; iou: 0.715 ; accuracy: 0.998 ; precision: 0.901 ; recall: 0.786 ; loss: 0.018
2019-01-10 11:46:25,878:INFO: Epoch 44/45
2019-01-10 11:47:21,150:INFO: - Train metrics: dsc: 0.807 ; iou: 0.732 ; accuracy: 0.998 ; precision: 0.893 ; recall: 0.816 ; loss: 0.017
2019-01-10 11:47:25,443:INFO: - Eval metrics : dsc: 0.786 ; iou: 0.712 ; accuracy: 0.998 ; precision: 0.807 ; recall: 0.865 ; loss: 0.018
2019-01-10 11:47:26,244:INFO: Epoch 45/45
2019-01-10 11:48:22,674:INFO: - Train metrics: dsc: 0.830 ; iou: 0.757 ; accuracy: 0.998 ; precision: 0.902 ; recall: 0.837 ; loss: 0.016
2019-01-10 11:48:27,018:INFO: - Eval metrics : dsc: 0.803 ; iou: 0.735 ; accuracy: 0.998 ; precision: 0.872 ; recall: 0.833 ; loss: 0.016
2019-01-10 11:48:28,801:INFO: - Found new best DSC
2019-01-10 11:48:29,222:INFO: Loading the datasets...
2019-01-10 11:48:33,964:INFO: - done.
2019-01-10 11:48:33,965:INFO: For k-fold 3/5:
2019-01-10 11:48:33,965:INFO: Starting training for 45 epoch(s)
2019-01-10 11:48:33,965:INFO: Epoch 1/45
2019-01-10 11:49:29,205:INFO: - Train metrics: dsc: 0.050 ; iou: 0.027 ; accuracy: 0.684 ; precision: 0.032 ; recall: 0.595 ; loss: 0.652
2019-01-10 11:49:33,477:INFO: - Eval metrics : dsc: 0.017 ; iou: 0.015 ; accuracy: 0.991 ; precision: 0.295 ; recall: 0.028 ; loss: 0.534
2019-01-10 11:49:35,245:INFO: - Found new best DSC
2019-01-10 11:49:35,245:INFO: Epoch 2/45
2019-01-10 11:50:31,161:INFO: - Train metrics: dsc: 0.054 ; iou: 0.033 ; accuracy: 0.975 ; precision: 0.113 ; recall: 0.151 ; loss: 0.522
2019-01-10 11:50:35,564:INFO: - Eval metrics : dsc: 0.000 ; iou: 0.000 ; accuracy: 0.988 ; precision: 0.000 ; recall: 0.026 ; loss: 0.491
2019-01-10 11:50:36,326:INFO: Epoch 3/45
2019-01-10 11:51:32,615:INFO: - Train metrics: dsc: 0.030 ; iou: 0.020 ; accuracy: 0.988 ; precision: 0.222 ; recall: 0.072 ; loss: 0.471
2019-01-10 11:51:36,990:INFO: - Eval metrics : dsc: 0.026 ; iou: 0.026 ; accuracy: 0.992 ; precision: 1.000 ; recall: 0.026 ; loss: 0.443
2019-01-10 11:51:38,726:INFO: - Found new best DSC
2019-01-10 11:51:38,727:INFO: Epoch 4/45
2019-01-10 11:52:35,076:INFO: - Train metrics: dsc: 0.042 ; iou: 0.029 ; accuracy: 0.989 ; precision: 0.396 ; recall: 0.077 ; loss: 0.434
2019-01-10 11:52:39,455:INFO: - Eval metrics : dsc: 0.014 ; iou: 0.014 ; accuracy: 0.992 ; precision: 0.494 ; recall: 0.027 ; loss: 0.402
2019-01-10 11:52:40,197:INFO: Epoch 5/45
2019-01-10 11:53:36,478:INFO: - Train metrics: dsc: 0.049 ; iou: 0.038 ; accuracy: 0.990 ; precision: 0.639 ; recall: 0.074 ; loss: 0.401
2019-01-10 11:53:40,924:INFO: - Eval metrics : dsc: 0.026 ; iou: 0.026 ; accuracy: 0.992 ; precision: 1.000 ; recall: 0.026 ; loss: 0.388
2019-01-10 11:53:42,603:INFO: - Found new best DSC
2019-01-10 11:53:42,603:INFO: Epoch 6/45
2019-01-10 11:54:38,840:INFO: - Train metrics: dsc: 0.054 ; iou: 0.045 ; accuracy: 0.991 ; precision: 0.854 ; recall: 0.060 ; loss: 0.367
2019-01-10 11:54:43,093:INFO: - Eval metrics : dsc: 0.026 ; iou: 0.026 ; accuracy: 0.992 ; precision: 1.000 ; recall: 0.026 ; loss: 0.345
2019-01-10 11:54:44,734:INFO: - Found new best DSC
2019-01-10 11:54:44,735:INFO: Epoch 7/45
2019-01-10 11:55:40,549:INFO: - Train metrics: dsc: 0.046 ; iou: 0.038 ; accuracy: 0.992 ; precision: 0.889 ; recall: 0.047 ; loss: 0.338
2019-01-10 11:55:44,994:INFO: - Eval metrics : dsc: 0.026 ; iou: 0.026 ; accuracy: 0.992 ; precision: 1.000 ; recall: 0.026 ; loss: 0.315
2019-01-10 11:55:46,765:INFO: - Found new best DSC
2019-01-10 11:55:46,765:INFO: Epoch 8/45
2019-01-10 11:56:44,239:INFO: - Train metrics: dsc: 0.049 ; iou: 0.041 ; accuracy: 0.992 ; precision: 0.900 ; recall: 0.050 ; loss: 0.309
2019-01-10 11:56:48,521:INFO: - Eval metrics : dsc: 0.026 ; iou: 0.026 ; accuracy: 0.992 ; precision: 1.000 ; recall: 0.026 ; loss: 0.287
2019-01-10 11:56:50,114:INFO: - Found new best DSC
2019-01-10 11:56:50,114:INFO: Epoch 9/45
2019-01-10 11:57:45,403:INFO: - Train metrics: dsc: 0.063 ; iou: 0.051 ; accuracy: 0.992 ; precision: 0.906 ; recall: 0.060 ; loss: 0.283
2019-01-10 11:57:49,650:INFO: - Eval metrics : dsc: 0.026 ; iou: 0.026 ; accuracy: 0.992 ; precision: 1.000 ; recall: 0.026 ; loss: 0.269
2019-01-10 11:57:51,378:INFO: - Found new best DSC
2019-01-10 11:57:51,379:INFO: Epoch 10/45
2019-01-10 11:58:47,464:INFO: - Train metrics: dsc: 0.060 ; iou: 0.049 ; accuracy: 0.992 ; precision: 0.906 ; recall: 0.058 ; loss: 0.259
2019-01-10 11:58:51,796:INFO: - Eval metrics : dsc: 0.026 ; iou: 0.026 ; accuracy: 0.992 ; precision: 1.000 ; recall: 0.026 ; loss: 0.240
2019-01-10 11:58:53,577:INFO: - Found new best DSC
2019-01-10 11:58:53,577:INFO: Epoch 11/45
2019-01-10 11:59:49,576:INFO: - Train metrics: dsc: 0.082 ; iou: 0.063 ; accuracy: 0.992 ; precision: 0.869 ; recall: 0.078 ; loss: 0.235
2019-01-10 11:59:53,830:INFO: - Eval metrics : dsc: 0.026 ; iou: 0.026 ; accuracy: 0.992 ; precision: 1.000 ; recall: 0.026 ; loss: 0.219
2019-01-10 11:59:55,628:INFO: - Found new best DSC
2019-01-10 11:59:55,628:INFO: Epoch 12/45
2019-01-10 12:00:51,780:INFO: - Train metrics: dsc: 0.154 ; iou: 0.116 ; accuracy: 0.993 ; precision: 0.821 ; recall: 0.136 ; loss: 0.214
2019-01-10 12:00:56,037:INFO: - Eval metrics : dsc: 0.032 ; iou: 0.029 ; accuracy: 0.992 ; precision: 0.996 ; recall: 0.029 ; loss: 0.202
2019-01-10 12:00:57,825:INFO: - Found new best DSC
2019-01-10 12:00:57,825:INFO: Epoch 13/45
2019-01-10 12:01:53,668:INFO: - Train metrics: dsc: 0.200 ; iou: 0.153 ; accuracy: 0.993 ; precision: 0.781 ; recall: 0.184 ; loss: 0.195
2019-01-10 12:01:57,942:INFO: - Eval metrics : dsc: 0.046 ; iou: 0.038 ; accuracy: 0.992 ; precision: 0.978 ; recall: 0.038 ; loss: 0.183
2019-01-10 12:01:59,678:INFO: - Found new best DSC
2019-01-10 12:01:59,678:INFO: Epoch 14/45
2019-01-10 12:02:55,597:INFO: - Train metrics: dsc: 0.261 ; iou: 0.202 ; accuracy: 0.993 ; precision: 0.737 ; recall: 0.246 ; loss: 0.177
2019-01-10 12:02:59,907:INFO: - Eval metrics : dsc: 0.187 ; iou: 0.142 ; accuracy: 0.993 ; precision: 0.845 ; recall: 0.158 ; loss: 0.164
2019-01-10 12:03:01,746:INFO: - Found new best DSC
2019-01-10 12:03:01,747:INFO: Epoch 15/45
2019-01-10 12:03:57,488:INFO: - Train metrics: dsc: 0.351 ; iou: 0.285 ; accuracy: 0.994 ; precision: 0.762 ; recall: 0.338 ; loss: 0.160
2019-01-10 12:04:01,778:INFO: - Eval metrics : dsc: 0.195 ; iou: 0.151 ; accuracy: 0.993 ; precision: 0.883 ; recall: 0.153 ; loss: 0.153
2019-01-10 12:04:03,605:INFO: - Found new best DSC
2019-01-10 12:04:03,605:INFO: Epoch 16/45
2019-01-10 12:04:59,227:INFO: - Train metrics: dsc: 0.415 ; iou: 0.341 ; accuracy: 0.994 ; precision: 0.760 ; recall: 0.415 ; loss: 0.144
2019-01-10 12:05:03,475:INFO: - Eval metrics : dsc: 0.296 ; iou: 0.233 ; accuracy: 0.994 ; precision: 0.730 ; recall: 0.272 ; loss: 0.140
2019-01-10 12:05:05,066:INFO: - Found new best DSC
2019-01-10 12:05:05,067:INFO: Epoch 17/45
2019-01-10 12:06:00,877:INFO: - Train metrics: dsc: 0.470 ; iou: 0.395 ; accuracy: 0.995 ; precision: 0.771 ; recall: 0.468 ; loss: 0.130
2019-01-10 12:06:05,140:INFO: - Eval metrics : dsc: 0.506 ; iou: 0.423 ; accuracy: 0.995 ; precision: 0.688 ; recall: 0.472 ; loss: 0.123
2019-01-10 12:06:06,907:INFO: - Found new best DSC
2019-01-10 12:06:06,907:INFO: Epoch 18/45
2019-01-10 12:07:02,546:INFO: - Train metrics: dsc: 0.537 ; iou: 0.456 ; accuracy: 0.996 ; precision: 0.788 ; recall: 0.546 ; loss: 0.118
2019-01-10 12:07:06,861:INFO: - Eval metrics : dsc: 0.526 ; iou: 0.445 ; accuracy: 0.995 ; precision: 0.657 ; recall: 0.539 ; loss: 0.113
2019-01-10 12:07:08,845:INFO: - Found new best DSC
2019-01-10 12:07:08,845:INFO: Epoch 19/45
2019-01-10 12:08:04,708:INFO: - Train metrics: dsc: 0.588 ; iou: 0.505 ; accuracy: 0.996 ; precision: 0.797 ; recall: 0.593 ; loss: 0.107
2019-01-10 12:08:09,116:INFO: - Eval metrics : dsc: 0.580 ; iou: 0.498 ; accuracy: 0.996 ; precision: 0.741 ; recall: 0.591 ; loss: 0.101
2019-01-10 12:08:10,919:INFO: - Found new best DSC
2019-01-10 12:08:10,919:INFO: Epoch 20/45
2019-01-10 12:09:07,252:INFO: - Train metrics: dsc: 0.606 ; iou: 0.520 ; accuracy: 0.996 ; precision: 0.806 ; recall: 0.622 ; loss: 0.098
2019-01-10 12:09:11,484:INFO: - Eval metrics : dsc: 0.536 ; iou: 0.463 ; accuracy: 0.996 ; precision: 0.832 ; recall: 0.525 ; loss: 0.094
2019-01-10 12:09:12,300:INFO: Epoch 21/45
2019-01-10 12:10:08,114:INFO: - Train metrics: dsc: 0.612 ; iou: 0.528 ; accuracy: 0.996 ; precision: 0.817 ; recall: 0.624 ; loss: 0.089
2019-01-10 12:10:12,380:INFO: - Eval metrics : dsc: 0.639 ; iou: 0.560 ; accuracy: 0.997 ; precision: 0.827 ; recall: 0.642 ; loss: 0.086
2019-01-10 12:10:14,072:INFO: - Found new best DSC
2019-01-10 12:10:14,072:INFO: Epoch 22/45
2019-01-10 12:11:10,013:INFO: - Train metrics: dsc: 0.662 ; iou: 0.581 ; accuracy: 0.997 ; precision: 0.829 ; recall: 0.679 ; loss: 0.081
2019-01-10 12:11:14,283:INFO: - Eval metrics : dsc: 0.655 ; iou: 0.570 ; accuracy: 0.996 ; precision: 0.759 ; recall: 0.700 ; loss: 0.079
2019-01-10 12:11:15,944:INFO: - Found new best DSC
2019-01-10 12:11:15,944:INFO: Epoch 23/45
2019-01-10 12:12:12,037:INFO: - Train metrics: dsc: 0.681 ; iou: 0.596 ; accuracy: 0.997 ; precision: 0.841 ; recall: 0.697 ; loss: 0.074
2019-01-10 12:12:16,315:INFO: - Eval metrics : dsc: 0.696 ; iou: 0.608 ; accuracy: 0.997 ; precision: 0.805 ; recall: 0.705 ; loss: 0.071
2019-01-10 12:12:18,044:INFO: - Found new best DSC
2019-01-10 12:12:18,044:INFO: Epoch 24/45
2019-01-10 12:13:13,994:INFO: - Train metrics: dsc: 0.687 ; iou: 0.605 ; accuracy: 0.997 ; precision: 0.846 ; recall: 0.703 ; loss: 0.068
2019-01-10 12:13:18,258:INFO: - Eval metrics : dsc: 0.683 ; iou: 0.603 ; accuracy: 0.997 ; precision: 0.780 ; recall: 0.736 ; loss: 0.065
2019-01-10 12:13:19,023:INFO: Epoch 25/45
2019-01-10 12:14:15,010:INFO: - Train metrics: dsc: 0.711 ; iou: 0.629 ; accuracy: 0.997 ; precision: 0.844 ; recall: 0.729 ; loss: 0.062
2019-01-10 12:14:19,303:INFO: - Eval metrics : dsc: 0.742 ; iou: 0.660 ; accuracy: 0.998 ; precision: 0.887 ; recall: 0.727 ; loss: 0.060
2019-01-10 12:14:21,070:INFO: - Found new best DSC
2019-01-10 12:14:21,070:INFO: Epoch 26/45
2019-01-10 12:15:17,102:INFO: - Train metrics: dsc: 0.724 ; iou: 0.642 ; accuracy: 0.998 ; precision: 0.840 ; recall: 0.742 ; loss: 0.058
2019-01-10 12:15:21,374:INFO: - Eval metrics : dsc: 0.736 ; iou: 0.655 ; accuracy: 0.998 ; precision: 0.832 ; recall: 0.752 ; loss: 0.055
2019-01-10 12:15:22,189:INFO: Epoch 27/45
2019-01-10 12:16:18,035:INFO: - Train metrics: dsc: 0.710 ; iou: 0.632 ; accuracy: 0.998 ; precision: 0.844 ; recall: 0.732 ; loss: 0.053
2019-01-10 12:16:22,371:INFO: - Eval metrics : dsc: 0.739 ; iou: 0.656 ; accuracy: 0.997 ; precision: 0.801 ; recall: 0.782 ; loss: 0.052
2019-01-10 12:16:23,119:INFO: Epoch 28/45
2019-01-10 12:17:19,199:INFO: - Train metrics: dsc: 0.746 ; iou: 0.668 ; accuracy: 0.998 ; precision: 0.868 ; recall: 0.761 ; loss: 0.049
2019-01-10 12:17:23,471:INFO: - Eval metrics : dsc: 0.745 ; iou: 0.660 ; accuracy: 0.998 ; precision: 0.874 ; recall: 0.718 ; loss: 0.050
2019-01-10 12:17:25,242:INFO: - Found new best DSC
2019-01-10 12:17:25,243:INFO: Epoch 29/45
2019-01-10 12:18:21,103:INFO: - Train metrics: dsc: 0.735 ; iou: 0.655 ; accuracy: 0.998 ; precision: 0.855 ; recall: 0.751 ; loss: 0.046
2019-01-10 12:18:25,356:INFO: - Eval metrics : dsc: 0.754 ; iou: 0.676 ; accuracy: 0.998 ; precision: 0.846 ; recall: 0.765 ; loss: 0.044
2019-01-10 12:18:27,019:INFO: - Found new best DSC
2019-01-10 12:18:27,019:INFO: Epoch 30/45
2019-01-10 12:19:22,835:INFO: - Train metrics: dsc: 0.758 ; iou: 0.680 ; accuracy: 0.998 ; precision: 0.869 ; recall: 0.768 ; loss: 0.042
2019-01-10 12:19:27,132:INFO: - Eval metrics : dsc: 0.741 ; iou: 0.657 ; accuracy: 0.997 ; precision: 0.797 ; recall: 0.790 ; loss: 0.041
2019-01-10 12:19:27,924:INFO: Epoch 31/45
2019-01-10 12:20:24,116:INFO: - Train metrics: dsc: 0.757 ; iou: 0.681 ; accuracy: 0.998 ; precision: 0.882 ; recall: 0.772 ; loss: 0.039
2019-01-10 12:20:28,376:INFO: - Eval metrics : dsc: 0.750 ; iou: 0.674 ; accuracy: 0.998 ; precision: 0.896 ; recall: 0.747 ; loss: 0.038
2019-01-10 12:20:29,122:INFO: Epoch 32/45
2019-01-10 12:21:24,956:INFO: - Train metrics: dsc: 0.762 ; iou: 0.685 ; accuracy: 0.998 ; precision: 0.865 ; recall: 0.780 ; loss: 0.036
2019-01-10 12:21:29,256:INFO: - Eval metrics : dsc: 0.754 ; iou: 0.671 ; accuracy: 0.998 ; precision: 0.794 ; recall: 0.819 ; loss: 0.035
2019-01-10 12:21:29,995:INFO: Epoch 33/45
2019-01-10 12:22:26,112:INFO: - Train metrics: dsc: 0.765 ; iou: 0.688 ; accuracy: 0.998 ; precision: 0.873 ; recall: 0.780 ; loss: 0.034
2019-01-10 12:22:30,367:INFO: - Eval metrics : dsc: 0.770 ; iou: 0.692 ; accuracy: 0.998 ; precision: 0.892 ; recall: 0.750 ; loss: 0.032
2019-01-10 12:22:32,089:INFO: - Found new best DSC
2019-01-10 12:22:32,090:INFO: Epoch 34/45
2019-01-10 12:23:27,114:INFO: - Train metrics: dsc: 0.772 ; iou: 0.697 ; accuracy: 0.998 ; precision: 0.885 ; recall: 0.786 ; loss: 0.031
2019-01-10 12:23:31,428:INFO: - Eval metrics : dsc: 0.777 ; iou: 0.701 ; accuracy: 0.998 ; precision: 0.847 ; recall: 0.790 ; loss: 0.031
2019-01-10 12:23:33,282:INFO: - Found new best DSC
2019-01-10 12:23:33,282:INFO: Epoch 35/45
2019-01-10 12:24:28,216:INFO: - Train metrics: dsc: 0.764 ; iou: 0.689 ; accuracy: 0.998 ; precision: 0.881 ; recall: 0.780 ; loss: 0.030
2019-01-10 12:24:32,479:INFO: - Eval metrics : dsc: 0.765 ; iou: 0.690 ; accuracy: 0.998 ; precision: 0.901 ; recall: 0.744 ; loss: 0.029
2019-01-10 12:24:33,221:INFO: Epoch 36/45
2019-01-10 12:25:28,143:INFO: - Train metrics: dsc: 0.774 ; iou: 0.697 ; accuracy: 0.998 ; precision: 0.885 ; recall: 0.788 ; loss: 0.027
2019-01-10 12:25:32,391:INFO: - Eval metrics : dsc: 0.786 ; iou: 0.708 ; accuracy: 0.998 ; precision: 0.887 ; recall: 0.779 ; loss: 0.028
2019-01-10 12:25:34,104:INFO: - Found new best DSC
2019-01-10 12:25:34,104:INFO: Epoch 37/45
2019-01-10 12:26:28,709:INFO: - Train metrics: dsc: 0.784 ; iou: 0.713 ; accuracy: 0.998 ; precision: 0.895 ; recall: 0.795 ; loss: 0.025
2019-01-10 12:26:32,879:INFO: - Eval metrics : dsc: 0.785 ; iou: 0.705 ; accuracy: 0.998 ; precision: 0.787 ; recall: 0.845 ; loss: 0.026
2019-01-10 12:26:33,703:INFO: Epoch 38/45
2019-01-10 12:27:28,294:INFO: - Train metrics: dsc: 0.781 ; iou: 0.709 ; accuracy: 0.998 ; precision: 0.889 ; recall: 0.796 ; loss: 0.024
2019-01-10 12:27:32,492:INFO: - Eval metrics : dsc: 0.786 ; iou: 0.714 ; accuracy: 0.998 ; precision: 0.818 ; recall: 0.826 ; loss: 0.024
2019-01-10 12:27:34,177:INFO: - Found new best DSC
2019-01-10 12:27:34,178:INFO: Epoch 39/45
2019-01-10 12:28:28,857:INFO: - Train metrics: dsc: 0.786 ; iou: 0.715 ; accuracy: 0.998 ; precision: 0.892 ; recall: 0.797 ; loss: 0.023
2019-01-10 12:28:33,106:INFO: - Eval metrics : dsc: 0.776 ; iou: 0.705 ; accuracy: 0.998 ; precision: 0.903 ; recall: 0.771 ; loss: 0.023
2019-01-10 12:28:33,917:INFO: Epoch 40/45
2019-01-10 12:29:28,543:INFO: - Train metrics: dsc: 0.787 ; iou: 0.714 ; accuracy: 0.998 ; precision: 0.895 ; recall: 0.798 ; loss: 0.021
2019-01-10 12:29:32,777:INFO: - Eval metrics : dsc: 0.791 ; iou: 0.718 ; accuracy: 0.998 ; precision: 0.879 ; recall: 0.797 ; loss: 0.022
2019-01-10 12:29:34,498:INFO: - Found new best DSC
2019-01-10 12:29:34,498:INFO: Epoch 41/45
2019-01-10 12:30:29,126:INFO: - Train metrics: dsc: 0.792 ; iou: 0.720 ; accuracy: 0.998 ; precision: 0.899 ; recall: 0.804 ; loss: 0.020
2019-01-10 12:30:33,357:INFO: - Eval metrics : dsc: 0.789 ; iou: 0.717 ; accuracy: 0.998 ; precision: 0.861 ; recall: 0.813 ; loss: 0.021
2019-01-10 12:30:34,164:INFO: Epoch 42/45
2019-01-10 12:31:28,781:INFO: - Train metrics: dsc: 0.796 ; iou: 0.724 ; accuracy: 0.998 ; precision: 0.889 ; recall: 0.811 ; loss: 0.019
2019-01-10 12:31:32,990:INFO: - Eval metrics : dsc: 0.780 ; iou: 0.708 ; accuracy: 0.998 ; precision: 0.850 ; recall: 0.807 ; loss: 0.019
2019-01-10 12:31:33,841:INFO: Epoch 43/45
2019-01-10 12:32:28,473:INFO: - Train metrics: dsc: 0.794 ; iou: 0.723 ; accuracy: 0.998 ; precision: 0.894 ; recall: 0.805 ; loss: 0.018
2019-01-10 12:32:32,692:INFO: - Eval metrics : dsc: 0.792 ; iou: 0.721 ; accuracy: 0.998 ; precision: 0.859 ; recall: 0.812 ; loss: 0.018
2019-01-10 12:32:34,274:INFO: - Found new best DSC
2019-01-10 12:32:34,274:INFO: Epoch 44/45
2019-01-10 12:33:28,848:INFO: - Train metrics: dsc: 0.794 ; iou: 0.720 ; accuracy: 0.998 ; precision: 0.887 ; recall: 0.808 ; loss: 0.017
2019-01-10 12:33:33,110:INFO: - Eval metrics : dsc: 0.803 ; iou: 0.730 ; accuracy: 0.998 ; precision: 0.840 ; recall: 0.839 ; loss: 0.017
2019-01-10 12:33:34,877:INFO: - Found new best DSC
2019-01-10 12:33:34,877:INFO: Epoch 45/45
2019-01-10 12:34:29,443:INFO: - Train metrics: dsc: 0.807 ; iou: 0.736 ; accuracy: 0.998 ; precision: 0.907 ; recall: 0.815 ; loss: 0.016
2019-01-10 12:34:33,707:INFO: - Eval metrics : dsc: 0.801 ; iou: 0.729 ; accuracy: 0.998 ; precision: 0.897 ; recall: 0.803 ; loss: 0.017
2019-01-10 12:34:34,806:INFO: Loading the datasets...
2019-01-10 12:34:39,187:INFO: - done.
2019-01-10 12:34:39,187:INFO: For k-fold 4/5:
2019-01-10 12:34:39,187:INFO: Starting training for 45 epoch(s)
2019-01-10 12:34:39,187:INFO: Epoch 1/45
2019-01-10 12:35:33,689:INFO: - Train metrics: dsc: 0.044 ; iou: 0.024 ; accuracy: 0.682 ; precision: 0.032 ; recall: 0.531 ; loss: 0.648
2019-01-10 12:35:37,886:INFO: - Eval metrics : dsc: 0.018 ; iou: 0.009 ; accuracy: 0.158 ; precision: 0.009 ; recall: 1.000 ; loss: 0.991
2019-01-10 12:35:39,621:INFO: - Found new best DSC
2019-01-10 12:35:39,621:INFO: Epoch 2/45
2019-01-10 12:36:34,227:INFO: - Train metrics: dsc: 0.021 ; iou: 0.012 ; accuracy: 0.981 ; precision: 0.076 ; recall: 0.070 ; loss: 0.521
2019-01-10 12:36:38,474:INFO: - Eval metrics : dsc: 0.018 ; iou: 0.018 ; accuracy: 0.992 ; precision: 0.978 ; recall: 0.018 ; loss: 0.512
2019-01-10 12:36:39,239:INFO: Epoch 3/45
2019-01-10 12:37:33,755:INFO: - Train metrics: dsc: 0.014 ; iou: 0.013 ; accuracy: 0.989 ; precision: 0.221 ; recall: 0.034 ; loss: 0.473
2019-01-10 12:37:37,892:INFO: - Eval metrics : dsc: 0.018 ; iou: 0.018 ; accuracy: 0.992 ; precision: 1.000 ; recall: 0.018 ; loss: 0.450
2019-01-10 12:37:38,679:INFO: Epoch 4/45
2019-01-10 12:38:33,248:INFO: - Train metrics: dsc: 0.019 ; iou: 0.017 ; accuracy: 0.990 ; precision: 0.435 ; recall: 0.037 ; loss: 0.436
2019-01-10 12:38:37,479:INFO: - Eval metrics : dsc: 0.009 ; iou: 0.009 ; accuracy: 0.992 ; precision: 0.587 ; recall: 0.018 ; loss: 0.396
2019-01-10 12:38:38,220:INFO: Epoch 5/45
2019-01-10 12:39:32,771:INFO: - Train metrics: dsc: 0.024 ; iou: 0.023 ; accuracy: 0.991 ; precision: 0.772 ; recall: 0.033 ; loss: 0.399
2019-01-10 12:39:37,071:INFO: - Eval metrics : dsc: 0.018 ; iou: 0.018 ; accuracy: 0.992 ; precision: 1.000 ; recall: 0.018 ; loss: 0.379
2019-01-10 12:39:37,916:INFO: Epoch 6/45
2019-01-10 12:40:32,472:INFO: - Train metrics: dsc: 0.032 ; iou: 0.032 ; accuracy: 0.991 ; precision: 0.824 ; recall: 0.032 ; loss: 0.369
2019-01-10 12:40:36,674:INFO: - Eval metrics : dsc: 0.018 ; iou: 0.018 ; accuracy: 0.992 ; precision: 1.000 ; recall: 0.018 ; loss: 0.352
2019-01-10 12:40:37,429:INFO: Epoch 7/45
2019-01-10 12:41:31,937:INFO: - Train metrics: dsc: 0.028 ; iou: 0.028 ; accuracy: 0.991 ; precision: 0.862 ; recall: 0.031 ; loss: 0.338
2019-01-10 12:41:36,188:INFO: - Eval metrics : dsc: 0.018 ; iou: 0.018 ; accuracy: 0.992 ; precision: 1.000 ; recall: 0.018 ; loss: 0.326
2019-01-10 12:41:37,003:INFO: Epoch 8/45
2019-01-10 12:42:31,597:INFO: - Train metrics: dsc: 0.027 ; iou: 0.027 ; accuracy: 0.992 ; precision: 0.886 ; recall: 0.031 ; loss: 0.309
2019-01-10 12:42:35,876:INFO: - Eval metrics : dsc: 0.018 ; iou: 0.018 ; accuracy: 0.992 ; precision: 1.000 ; recall: 0.018 ; loss: 0.296
2019-01-10 12:42:36,629:INFO: Epoch 9/45
2019-01-10 12:43:31,130:INFO: - Train metrics: dsc: 0.029 ; iou: 0.028 ; accuracy: 0.992 ; precision: 0.892 ; recall: 0.032 ; loss: 0.283
2019-01-10 12:43:35,391:INFO: - Eval metrics : dsc: 0.018 ; iou: 0.018 ; accuracy: 0.992 ; precision: 1.000 ; recall: 0.018 ; loss: 0.270
2019-01-10 12:43:36,148:INFO: Epoch 10/45
2019-01-10 12:44:30,682:INFO: - Train metrics: dsc: 0.032 ; iou: 0.031 ; accuracy: 0.992 ; precision: 0.878 ; recall: 0.034 ; loss: 0.257
2019-01-10 12:44:34,854:INFO: - Eval metrics : dsc: 0.018 ; iou: 0.018 ; accuracy: 0.992 ; precision: 1.000 ; recall: 0.018 ; loss: 0.248
2019-01-10 12:44:35,646:INFO: Epoch 11/45
2019-01-10 12:45:30,196:INFO: - Train metrics: dsc: 0.037 ; iou: 0.033 ; accuracy: 0.992 ; precision: 0.869 ; recall: 0.037 ; loss: 0.233
2019-01-10 12:45:34,442:INFO: - Eval metrics : dsc: 0.018 ; iou: 0.018 ; accuracy: 0.992 ; precision: 1.000 ; recall: 0.018 ; loss: 0.219
2019-01-10 12:45:35,220:INFO: Epoch 12/45
2019-01-10 12:46:29,841:INFO: - Train metrics: dsc: 0.050 ; iou: 0.041 ; accuracy: 0.992 ; precision: 0.857 ; recall: 0.053 ; loss: 0.212
2019-01-10 12:46:34,013:INFO: - Eval metrics : dsc: 0.018 ; iou: 0.018 ; accuracy: 0.992 ; precision: 1.000 ; recall: 0.018 ; loss: 0.199
2019-01-10 12:46:34,819:INFO: Epoch 13/45
2019-01-10 12:47:29,349:INFO: - Train metrics: dsc: 0.103 ; iou: 0.077 ; accuracy: 0.992 ; precision: 0.802 ; recall: 0.099 ; loss: 0.192
2019-01-10 12:47:33,610:INFO: - Eval metrics : dsc: 0.018 ; iou: 0.018 ; accuracy: 0.992 ; precision: 1.000 ; recall: 0.018 ; loss: 0.182
2019-01-10 12:47:34,401:INFO: Epoch 14/45
2019-01-10 12:48:29,062:INFO: - Train metrics: dsc: 0.160 ; iou: 0.122 ; accuracy: 0.993 ; precision: 0.813 ; recall: 0.145 ; loss: 0.174
2019-01-10 12:48:33,288:INFO: - Eval metrics : dsc: 0.018 ; iou: 0.018 ; accuracy: 0.992 ; precision: 1.000 ; recall: 0.018 ; loss: 0.163
2019-01-10 12:48:34,059:INFO: Epoch 15/45
2019-01-10 12:49:28,585:INFO: - Train metrics: dsc: 0.222 ; iou: 0.171 ; accuracy: 0.993 ; precision: 0.803 ; recall: 0.200 ; loss: 0.158
2019-01-10 12:49:32,878:INFO: - Eval metrics : dsc: 0.018 ; iou: 0.018 ; accuracy: 0.992 ; precision: 1.000 ; recall: 0.018 ; loss: 0.150
2019-01-10 12:49:33,738:INFO: Epoch 16/45
2019-01-10 12:50:28,299:INFO: - Train metrics: dsc: 0.290 ; iou: 0.230 ; accuracy: 0.994 ; precision: 0.797 ; recall: 0.263 ; loss: 0.143
2019-01-10 12:50:32,565:INFO: - Eval metrics : dsc: 0.018 ; iou: 0.018 ; accuracy: 0.992 ; precision: 1.000 ; recall: 0.018 ; loss: 0.143
2019-01-10 12:50:33,354:INFO: Epoch 17/45
2019-01-10 12:51:27,964:INFO: - Train metrics: dsc: 0.352 ; iou: 0.283 ; accuracy: 0.994 ; precision: 0.814 ; recall: 0.323 ; loss: 0.130
2019-01-10 12:51:32,212:INFO: - Eval metrics : dsc: 0.033 ; iou: 0.026 ; accuracy: 0.992 ; precision: 1.000 ; recall: 0.026 ; loss: 0.125
2019-01-10 12:51:34,024:INFO: - Found new best DSC
2019-01-10 12:51:34,024:INFO: Epoch 18/45
2019-01-10 12:52:28,611:INFO: - Train metrics: dsc: 0.431 ; iou: 0.355 ; accuracy: 0.995 ; precision: 0.802 ; recall: 0.415 ; loss: 0.118
2019-01-10 12:52:32,821:INFO: - Eval metrics : dsc: 0.172 ; iou: 0.135 ; accuracy: 0.993 ; precision: 0.941 ; recall: 0.139 ; loss: 0.115
2019-01-10 12:52:34,402:INFO: - Found new best DSC
2019-01-10 12:52:34,402:INFO: Epoch 19/45
2019-01-10 12:53:29,050:INFO: - Train metrics: dsc: 0.484 ; iou: 0.406 ; accuracy: 0.995 ; precision: 0.798 ; recall: 0.478 ; loss: 0.107
2019-01-10 12:53:33,307:INFO: - Eval metrics : dsc: 0.356 ; iou: 0.285 ; accuracy: 0.994 ; precision: 0.800 ; recall: 0.320 ; loss: 0.110
2019-01-10 12:53:35,026:INFO: - Found new best DSC
2019-01-10 12:53:35,026:INFO: Epoch 20/45
2019-01-10 12:54:29,591:INFO: - Train metrics: dsc: 0.528 ; iou: 0.446 ; accuracy: 0.996 ; precision: 0.795 ; recall: 0.530 ; loss: 0.097
2019-01-10 12:54:33,866:INFO: - Eval metrics : dsc: 0.459 ; iou: 0.382 ; accuracy: 0.995 ; precision: 0.755 ; recall: 0.436 ; loss: 0.095
2019-01-10 12:54:35,633:INFO: - Found new best DSC
2019-01-10 12:54:35,634:INFO: Epoch 21/45
2019-01-10 12:55:30,210:INFO: - Train metrics: dsc: 0.556 ; iou: 0.473 ; accuracy: 0.996 ; precision: 0.795 ; recall: 0.562 ; loss: 0.089
2019-01-10 12:55:34,491:INFO: - Eval metrics : dsc: 0.529 ; iou: 0.457 ; accuracy: 0.996 ; precision: 0.793 ; recall: 0.515 ; loss: 0.085
2019-01-10 12:55:36,192:INFO: - Found new best DSC
2019-01-10 12:55:36,192:INFO: Epoch 22/45
2019-01-10 12:56:30,778:INFO: - Train metrics: dsc: 0.597 ; iou: 0.511 ; accuracy: 0.996 ; precision: 0.799 ; recall: 0.605 ; loss: 0.081
2019-01-10 12:56:34,962:INFO: - Eval metrics : dsc: 0.601 ; iou: 0.529 ; accuracy: 0.997 ; precision: 0.792 ; recall: 0.604 ; loss: 0.076
2019-01-10 12:56:36,671:INFO: - Found new best DSC
2019-01-10 12:56:36,671:INFO: Epoch 23/45
2019-01-10 12:57:31,274:INFO: - Train metrics: dsc: 0.629 ; iou: 0.544 ; accuracy: 0.996 ; precision: 0.822 ; recall: 0.633 ; loss: 0.074
2019-01-10 12:57:35,551:INFO: - Eval metrics : dsc: 0.596 ; iou: 0.517 ; accuracy: 0.996 ; precision: 0.752 ; recall: 0.621 ; loss: 0.069
2019-01-10 12:57:36,342:INFO: Epoch 24/45
2019-01-10 12:58:30,874:INFO: - Train metrics: dsc: 0.654 ; iou: 0.570 ; accuracy: 0.997 ; precision: 0.816 ; recall: 0.663 ; loss: 0.067
2019-01-10 12:58:35,075:INFO: - Eval metrics : dsc: 0.661 ; iou: 0.586 ; accuracy: 0.997 ; precision: 0.834 ; recall: 0.668 ; loss: 0.063
2019-01-10 12:58:36,711:INFO: - Found new best DSC
2019-01-10 12:58:36,711:INFO: Epoch 25/45
2019-01-10 12:59:31,346:INFO: - Train metrics: dsc: 0.672 ; iou: 0.588 ; accuracy: 0.997 ; precision: 0.827 ; recall: 0.681 ; loss: 0.062
2019-01-10 12:59:35,626:INFO: - Eval metrics : dsc: 0.680 ; iou: 0.604 ; accuracy: 0.998 ; precision: 0.868 ; recall: 0.675 ; loss: 0.058
2019-01-10 12:59:37,307:INFO: - Found new best DSC
2019-01-10 12:59:37,307:INFO: Epoch 26/45
2019-01-10 13:00:31,879:INFO: - Train metrics: dsc: 0.688 ; iou: 0.601 ; accuracy: 0.997 ; precision: 0.834 ; recall: 0.703 ; loss: 0.057
2019-01-10 13:00:36,118:INFO: - Eval metrics : dsc: 0.683 ; iou: 0.611 ; accuracy: 0.998 ; precision: 0.871 ; recall: 0.691 ; loss: 0.053
2019-01-10 13:00:37,925:INFO: - Found new best DSC
2019-01-10 13:00:37,925:INFO: Epoch 27/45
2019-01-10 13:01:32,514:INFO: - Train metrics: dsc: 0.705 ; iou: 0.624 ; accuracy: 0.997 ; precision: 0.844 ; recall: 0.718 ; loss: 0.052
2019-01-10 13:01:36,738:INFO: - Eval metrics : dsc: 0.705 ; iou: 0.633 ; accuracy: 0.998 ; precision: 0.848 ; recall: 0.715 ; loss: 0.049
2019-01-10 13:01:38,393:INFO: - Found new best DSC
2019-01-10 13:01:38,393:INFO: Epoch 28/45
2019-01-10 13:02:33,018:INFO: - Train metrics: dsc: 0.718 ; iou: 0.633 ; accuracy: 0.997 ; precision: 0.844 ; recall: 0.728 ; loss: 0.049
2019-01-10 13:02:37,295:INFO: - Eval metrics : dsc: 0.706 ; iou: 0.635 ; accuracy: 0.998 ; precision: 0.893 ; recall: 0.700 ; loss: 0.045
2019-01-10 13:02:39,199:INFO: - Found new best DSC
2019-01-10 13:02:39,199:INFO: Epoch 29/45
2019-01-10 13:03:33,842:INFO: - Train metrics: dsc: 0.736 ; iou: 0.653 ; accuracy: 0.998 ; precision: 0.853 ; recall: 0.748 ; loss: 0.045
2019-01-10 13:03:38,117:INFO: - Eval metrics : dsc: 0.706 ; iou: 0.635 ; accuracy: 0.998 ; precision: 0.884 ; recall: 0.717 ; loss: 0.041
2019-01-10 13:03:39,604:INFO: - Found new best DSC
2019-01-10 13:03:39,605:INFO: Epoch 30/45
2019-01-10 13:04:34,230:INFO: - Train metrics: dsc: 0.743 ; iou: 0.664 ; accuracy: 0.998 ; precision: 0.865 ; recall: 0.752 ; loss: 0.041
2019-01-10 13:04:38,500:INFO: - Eval metrics : dsc: 0.715 ; iou: 0.646 ; accuracy: 0.998 ; precision: 0.904 ; recall: 0.719 ; loss: 0.040
2019-01-10 13:04:40,035:INFO: - Found new best DSC
2019-01-10 13:04:40,035:INFO: Epoch 31/45
2019-01-10 13:05:34,618:INFO: - Train metrics: dsc: 0.756 ; iou: 0.676 ; accuracy: 0.998 ; precision: 0.871 ; recall: 0.767 ; loss: 0.038
2019-01-10 13:05:38,896:INFO: - Eval metrics : dsc: 0.734 ; iou: 0.660 ; accuracy: 0.998 ; precision: 0.886 ; recall: 0.744 ; loss: 0.036
2019-01-10 13:05:40,381:INFO: - Found new best DSC
2019-01-10 13:05:40,382:INFO: Epoch 32/45
2019-01-10 13:06:34,982:INFO: - Train metrics: dsc: 0.755 ; iou: 0.675 ; accuracy: 0.998 ; precision: 0.868 ; recall: 0.761 ; loss: 0.035
2019-01-10 13:06:39,288:INFO: - Eval metrics : dsc: 0.727 ; iou: 0.653 ; accuracy: 0.998 ; precision: 0.844 ; recall: 0.770 ; loss: 0.034
2019-01-10 13:06:40,089:INFO: Epoch 33/45
2019-01-10 13:07:34,723:INFO: - Train metrics: dsc: 0.751 ; iou: 0.670 ; accuracy: 0.998 ; precision: 0.862 ; recall: 0.763 ; loss: 0.033
2019-01-10 13:07:38,990:INFO: - Eval metrics : dsc: 0.738 ; iou: 0.666 ; accuracy: 0.998 ; precision: 0.906 ; recall: 0.731 ; loss: 0.031
2019-01-10 13:07:40,819:INFO: - Found new best DSC
2019-01-10 13:07:40,819:INFO: Epoch 34/45
2019-01-10 13:08:35,426:INFO: - Train metrics: dsc: 0.755 ; iou: 0.675 ; accuracy: 0.998 ; precision: 0.873 ; recall: 0.766 ; loss: 0.031
2019-01-10 13:08:39,688:INFO: - Eval metrics : dsc: 0.758 ; iou: 0.681 ; accuracy: 0.998 ; precision: 0.823 ; recall: 0.813 ; loss: 0.029
2019-01-10 13:08:41,406:INFO: - Found new best DSC
2019-01-10 13:08:41,407:INFO: Epoch 35/45
2019-01-10 13:09:35,935:INFO: - Train metrics: dsc: 0.760 ; iou: 0.683 ; accuracy: 0.998 ; precision: 0.873 ; recall: 0.773 ; loss: 0.029
2019-01-10 13:09:40,192:INFO: - Eval metrics : dsc: 0.763 ; iou: 0.691 ; accuracy: 0.998 ; precision: 0.884 ; recall: 0.759 ; loss: 0.026
2019-01-10 13:09:41,738:INFO: - Found new best DSC
2019-01-10 13:09:41,738:INFO: Epoch 36/45
2019-01-10 13:10:36,283:INFO: - Train metrics: dsc: 0.772 ; iou: 0.695 ; accuracy: 0.998 ; precision: 0.873 ; recall: 0.780 ; loss: 0.027
2019-01-10 13:10:40,491:INFO: - Eval metrics : dsc: 0.770 ; iou: 0.701 ; accuracy: 0.998 ; precision: 0.904 ; recall: 0.775 ; loss: 0.025
2019-01-10 13:10:42,161:INFO: - Found new best DSC
2019-01-10 13:10:42,161:INFO: Epoch 37/45
2019-01-10 13:11:36,750:INFO: - Train metrics: dsc: 0.777 ; iou: 0.700 ; accuracy: 0.998 ; precision: 0.887 ; recall: 0.786 ; loss: 0.025
2019-01-10 13:11:41,065:INFO: - Eval metrics : dsc: 0.774 ; iou: 0.703 ; accuracy: 0.998 ; precision: 0.889 ; recall: 0.792 ; loss: 0.024
2019-01-10 13:11:42,701:INFO: - Found new best DSC
2019-01-10 13:11:42,701:INFO: Epoch 38/45
2019-01-10 13:12:37,267:INFO: - Train metrics: dsc: 0.773 ; iou: 0.698 ; accuracy: 0.998 ; precision: 0.878 ; recall: 0.785 ; loss: 0.024
2019-01-10 13:12:41,505:INFO: - Eval metrics : dsc: 0.784 ; iou: 0.713 ; accuracy: 0.998 ; precision: 0.912 ; recall: 0.782 ; loss: 0.022
2019-01-10 13:12:43,009:INFO: - Found new best DSC
2019-01-10 13:12:43,010:INFO: Epoch 39/45
2019-01-10 13:13:37,618:INFO: - Train metrics: dsc: 0.779 ; iou: 0.704 ; accuracy: 0.998 ; precision: 0.884 ; recall: 0.787 ; loss: 0.023
2019-01-10 13:13:41,899:INFO: - Eval metrics : dsc: 0.769 ; iou: 0.698 ; accuracy: 0.998 ; precision: 0.869 ; recall: 0.805 ; loss: 0.021
2019-01-10 13:13:42,720:INFO: Epoch 40/45
2019-01-10 13:14:37,243:INFO: - Train metrics: dsc: 0.777 ; iou: 0.702 ; accuracy: 0.998 ; precision: 0.882 ; recall: 0.784 ; loss: 0.021
2019-01-10 13:14:41,468:INFO: - Eval metrics : dsc: 0.778 ; iou: 0.707 ; accuracy: 0.998 ; precision: 0.871 ; recall: 0.818 ; loss: 0.020
2019-01-10 13:14:42,235:INFO: Epoch 41/45
2019-01-10 13:15:36,834:INFO: - Train metrics: dsc: 0.782 ; iou: 0.707 ; accuracy: 0.998 ; precision: 0.888 ; recall: 0.794 ; loss: 0.020
2019-01-10 13:15:41,040:INFO: - Eval metrics : dsc: 0.780 ; iou: 0.707 ; accuracy: 0.998 ; precision: 0.855 ; recall: 0.824 ; loss: 0.019
2019-01-10 13:15:41,790:INFO: Epoch 42/45
2019-01-10 13:16:36,428:INFO: - Train metrics: dsc: 0.788 ; iou: 0.714 ; accuracy: 0.998 ; precision: 0.885 ; recall: 0.798 ; loss: 0.019
2019-01-10 13:16:40,729:INFO: - Eval metrics : dsc: 0.778 ; iou: 0.704 ; accuracy: 0.998 ; precision: 0.927 ; recall: 0.758 ; loss: 0.018
2019-01-10 13:16:41,464:INFO: Epoch 43/45
2019-01-10 13:17:36,043:INFO: - Train metrics: dsc: 0.787 ; iou: 0.714 ; accuracy: 0.998 ; precision: 0.885 ; recall: 0.795 ; loss: 0.018
2019-01-10 13:17:40,313:INFO: - Eval metrics : dsc: 0.791 ; iou: 0.719 ; accuracy: 0.998 ; precision: 0.875 ; recall: 0.821 ; loss: 0.017
2019-01-10 13:17:41,932:INFO: - Found new best DSC
2019-01-10 13:17:41,932:INFO: Epoch 44/45
2019-01-10 13:18:36,436:INFO: - Train metrics: dsc: 0.795 ; iou: 0.722 ; accuracy: 0.998 ; precision: 0.892 ; recall: 0.807 ; loss: 0.017
2019-01-10 13:18:40,718:INFO: - Eval metrics : dsc: 0.791 ; iou: 0.719 ; accuracy: 0.998 ; precision: 0.880 ; recall: 0.821 ; loss: 0.017
2019-01-10 13:18:42,339:INFO: - Found new best DSC
2019-01-10 13:18:42,339:INFO: Epoch 45/45
2019-01-10 13:19:36,846:INFO: - Train metrics: dsc: 0.805 ; iou: 0.731 ; accuracy: 0.998 ; precision: 0.893 ; recall: 0.809 ; loss: 0.016
2019-01-10 13:19:41,174:INFO: - Eval metrics : dsc: 0.792 ; iou: 0.722 ; accuracy: 0.998 ; precision: 0.866 ; recall: 0.829 ; loss: 0.015
2019-01-10 13:19:42,855:INFO: - Found new best DSC
2019-01-10 13:19:43,133:INFO: Loading the datasets...
2019-01-10 13:19:47,555:INFO: - done.
2019-01-10 13:19:47,556:INFO: For k-fold 5/5:
2019-01-10 13:19:47,556:INFO: Starting training for 45 epoch(s)
2019-01-10 13:19:47,556:INFO: Epoch 1/45
2019-01-10 13:20:42,101:INFO: - Train metrics: dsc: 0.044 ; iou: 0.024 ; accuracy: 0.673 ; precision: 0.029 ; recall: 0.556 ; loss: 0.652
2019-01-10 13:20:46,355:INFO: - Eval metrics : dsc: 0.018 ; iou: 0.018 ; accuracy: 0.992 ; precision: 0.599 ; recall: 0.031 ; loss: 0.561
2019-01-10 13:20:47,946:INFO: - Found new best DSC
2019-01-10 13:20:47,946:INFO: Epoch 2/45
2019-01-10 13:21:42,457:INFO: - Train metrics: dsc: 0.037 ; iou: 0.022 ; accuracy: 0.977 ; precision: 0.078 ; recall: 0.118 ; loss: 0.522
2019-01-10 13:21:46,626:INFO: - Eval metrics : dsc: 0.031 ; iou: 0.031 ; accuracy: 0.992 ; precision: 0.996 ; recall: 0.031 ; loss: 0.492
2019-01-10 13:21:48,199:INFO: - Found new best DSC
2019-01-10 13:21:48,199:INFO: Epoch 3/45
2019-01-10 13:22:42,710:INFO: - Train metrics: dsc: 0.020 ; iou: 0.013 ; accuracy: 0.987 ; precision: 0.148 ; recall: 0.063 ; loss: 0.474
2019-01-10 13:22:46,852:INFO: - Eval metrics : dsc: 0.031 ; iou: 0.031 ; accuracy: 0.992 ; precision: 1.000 ; recall: 0.031 ; loss: 0.476
2019-01-10 13:22:48,498:INFO: - Found new best DSC
2019-01-10 13:22:48,499:INFO: Epoch 4/45
2019-01-10 13:23:43,026:INFO: - Train metrics: dsc: 0.020 ; iou: 0.016 ; accuracy: 0.990 ; precision: 0.360 ; recall: 0.042 ; loss: 0.435
2019-01-10 13:23:47,237:INFO: - Eval metrics : dsc: 0.031 ; iou: 0.031 ; accuracy: 0.992 ; precision: 1.000 ; recall: 0.031 ; loss: 0.424
2019-01-10 13:23:48,904:INFO: - Found new best DSC
2019-01-10 13:23:48,905:INFO: Epoch 5/45
2019-01-10 13:24:43,455:INFO: - Train metrics: dsc: 0.027 ; iou: 0.024 ; accuracy: 0.991 ; precision: 0.673 ; recall: 0.038 ; loss: 0.401
2019-01-10 13:24:47,666:INFO: - Eval metrics : dsc: 0.031 ; iou: 0.031 ; accuracy: 0.992 ; precision: 1.000 ; recall: 0.031 ; loss: 0.404
2019-01-10 13:24:49,401:INFO: - Found new best DSC
2019-01-10 13:24:49,401:INFO: Epoch 6/45
2019-01-10 13:25:43,890:INFO: - Train metrics: dsc: 0.032 ; iou: 0.028 ; accuracy: 0.991 ; precision: 0.840 ; recall: 0.038 ; loss: 0.368
2019-01-10 13:25:48,116:INFO: - Eval metrics : dsc: 0.031 ; iou: 0.031 ; accuracy: 0.992 ; precision: 1.000 ; recall: 0.031 ; loss: 0.366
2019-01-10 13:25:49,751:INFO: - Found new best DSC
2019-01-10 13:25:49,752:INFO: Epoch 7/45
2019-01-10 13:26:44,291:INFO: - Train metrics: dsc: 0.033 ; iou: 0.030 ; accuracy: 0.991 ; precision: 0.872 ; recall: 0.039 ; loss: 0.340
2019-01-10 13:26:48,486:INFO: - Eval metrics : dsc: 0.031 ; iou: 0.031 ; accuracy: 0.992 ; precision: 1.000 ; recall: 0.031 ; loss: 0.337
2019-01-10 13:26:50,126:INFO: - Found new best DSC
2019-01-10 13:26:50,126:INFO: Epoch 8/45
2019-01-10 13:27:44,636:INFO: - Train metrics: dsc: 0.032 ; iou: 0.030 ; accuracy: 0.992 ; precision: 0.900 ; recall: 0.034 ; loss: 0.313
2019-01-10 13:27:48,861:INFO: - Eval metrics : dsc: 0.031 ; iou: 0.031 ; accuracy: 0.992 ; precision: 1.000 ; recall: 0.031 ; loss: 0.305
2019-01-10 13:27:50,535:INFO: - Found new best DSC
2019-01-10 13:27:50,536:INFO: Epoch 9/45
2019-01-10 13:28:45,111:INFO: - Train metrics: dsc: 0.029 ; iou: 0.028 ; accuracy: 0.992 ; precision: 0.936 ; recall: 0.030 ; loss: 0.285
2019-01-10 13:28:49,320:INFO: - Eval metrics : dsc: 0.031 ; iou: 0.031 ; accuracy: 0.992 ; precision: 1.000 ; recall: 0.031 ; loss: 0.248
2019-01-10 13:28:51,052:INFO: - Found new best DSC
2019-01-10 13:28:51,052:INFO: Epoch 10/45
2019-01-10 13:29:45,600:INFO: - Train metrics: dsc: 0.030 ; iou: 0.029 ; accuracy: 0.992 ; precision: 0.932 ; recall: 0.030 ; loss: 0.259
2019-01-10 13:29:49,786:INFO: - Eval metrics : dsc: 0.031 ; iou: 0.031 ; accuracy: 0.992 ; precision: 1.000 ; recall: 0.031 ; loss: 0.230
2019-01-10 13:29:51,376:INFO: - Found new best DSC
2019-01-10 13:29:51,376:INFO: Epoch 11/45
2019-01-10 13:30:45,912:INFO: - Train metrics: dsc: 0.034 ; iou: 0.032 ; accuracy: 0.992 ; precision: 0.927 ; recall: 0.033 ; loss: 0.236
2019-01-10 13:30:50,086:INFO: - Eval metrics : dsc: 0.031 ; iou: 0.031 ; accuracy: 0.992 ; precision: 1.000 ; recall: 0.031 ; loss: 0.236
2019-01-10 13:30:51,784:INFO: - Found new best DSC
2019-01-10 13:30:51,784:INFO: Epoch 12/45
2019-01-10 13:31:46,353:INFO: - Train metrics: dsc: 0.025 ; iou: 0.024 ; accuracy: 0.992 ; precision: 0.933 ; recall: 0.030 ; loss: 0.214
2019-01-10 13:31:50,608:INFO: - Eval metrics : dsc: 0.031 ; iou: 0.031 ; accuracy: 0.992 ; precision: 1.000 ; recall: 0.031 ; loss: 0.192
2019-01-10 13:31:52,287:INFO: - Found new best DSC
2019-01-10 13:31:52,287:INFO: Epoch 13/45
2019-01-10 13:32:46,783:INFO: - Train metrics: dsc: 0.046 ; iou: 0.038 ; accuracy: 0.992 ; precision: 0.908 ; recall: 0.044 ; loss: 0.195
2019-01-10 13:32:51,058:INFO: - Eval metrics : dsc: 0.031 ; iou: 0.031 ; accuracy: 0.992 ; precision: 1.000 ; recall: 0.031 ; loss: 0.180
2019-01-10 13:32:52,795:INFO: - Found new best DSC
2019-01-10 13:32:52,795:INFO: Epoch 14/45
2019-01-10 13:33:47,296:INFO: - Train metrics: dsc: 0.059 ; iou: 0.048 ; accuracy: 0.992 ; precision: 0.903 ; recall: 0.052 ; loss: 0.178
2019-01-10 13:33:51,565:INFO: - Eval metrics : dsc: 0.031 ; iou: 0.031 ; accuracy: 0.992 ; precision: 1.000 ; recall: 0.031 ; loss: 0.158
2019-01-10 13:33:53,365:INFO: - Found new best DSC
2019-01-10 13:33:53,365:INFO: Epoch 15/45
2019-01-10 13:34:47,847:INFO: - Train metrics: dsc: 0.072 ; iou: 0.056 ; accuracy: 0.992 ; precision: 0.868 ; recall: 0.061 ; loss: 0.162
2019-01-10 13:34:52,092:INFO: - Eval metrics : dsc: 0.031 ; iou: 0.031 ; accuracy: 0.992 ; precision: 1.000 ; recall: 0.031 ; loss: 0.146
2019-01-10 13:34:53,748:INFO: - Found new best DSC
2019-01-10 13:34:53,748:INFO: Epoch 16/45
2019-01-10 13:35:48,256:INFO: - Train metrics: dsc: 0.101 ; iou: 0.075 ; accuracy: 0.992 ; precision: 0.849 ; recall: 0.086 ; loss: 0.148
2019-01-10 13:35:52,499:INFO: - Eval metrics : dsc: 0.031 ; iou: 0.031 ; accuracy: 0.992 ; precision: 1.000 ; recall: 0.031 ; loss: 0.134
2019-01-10 13:35:54,176:INFO: - Found new best DSC
2019-01-10 13:35:54,176:INFO: Epoch 17/45
2019-01-10 13:36:48,595:INFO: - Train metrics: dsc: 0.108 ; iou: 0.081 ; accuracy: 0.992 ; precision: 0.832 ; recall: 0.098 ; loss: 0.135
2019-01-10 13:36:52,873:INFO: - Eval metrics : dsc: 0.031 ; iou: 0.031 ; accuracy: 0.992 ; precision: 1.000 ; recall: 0.031 ; loss: 0.125
2019-01-10 13:36:54,504:INFO: - Found new best DSC
2019-01-10 13:36:54,505:INFO: Epoch 18/45
2019-01-10 13:37:48,977:INFO: - Train metrics: dsc: 0.200 ; iou: 0.155 ; accuracy: 0.993 ; precision: 0.839 ; recall: 0.179 ; loss: 0.123
2019-01-10 13:37:53,183:INFO: - Eval metrics : dsc: 0.031 ; iou: 0.031 ; accuracy: 0.992 ; precision: 1.000 ; recall: 0.031 ; loss: 0.113
2019-01-10 13:37:54,936:INFO: - Found new best DSC
2019-01-10 13:37:54,937:INFO: Epoch 19/45
2019-01-10 13:38:49,444:INFO: - Train metrics: dsc: 0.303 ; iou: 0.245 ; accuracy: 0.994 ; precision: 0.798 ; recall: 0.289 ; loss: 0.113
2019-01-10 13:38:53,665:INFO: - Eval metrics : dsc: 0.031 ; iou: 0.031 ; accuracy: 0.992 ; precision: 1.000 ; recall: 0.031 ; loss: 0.106
2019-01-10 13:38:55,237:INFO: - Found new best DSC
2019-01-10 13:38:55,237:INFO: Epoch 20/45
2019-01-10 13:39:49,749:INFO: - Train metrics: dsc: 0.358 ; iou: 0.293 ; accuracy: 0.994 ; precision: 0.783 ; recall: 0.354 ; loss: 0.103
2019-01-10 13:39:53,995:INFO: - Eval metrics : dsc: 0.031 ; iou: 0.031 ; accuracy: 0.992 ; precision: 1.000 ; recall: 0.031 ; loss: 0.100
2019-01-10 13:39:55,880:INFO: - Found new best DSC
2019-01-10 13:39:55,880:INFO: Epoch 21/45
2019-01-10 13:40:50,410:INFO: - Train metrics: dsc: 0.441 ; iou: 0.370 ; accuracy: 0.995 ; precision: 0.805 ; recall: 0.428 ; loss: 0.093
2019-01-10 13:40:54,635:INFO: - Eval metrics : dsc: 0.045 ; iou: 0.040 ; accuracy: 0.992 ; precision: 1.000 ; recall: 0.040 ; loss: 0.093
2019-01-10 13:40:56,241:INFO: - Found new best DSC
2019-01-10 13:40:56,241:INFO: Epoch 22/45
2019-01-10 13:41:50,761:INFO: - Train metrics: dsc: 0.480 ; iou: 0.404 ; accuracy: 0.995 ; precision: 0.794 ; recall: 0.470 ; loss: 0.086
2019-01-10 13:41:54,985:INFO: - Eval metrics : dsc: 0.067 ; iou: 0.056 ; accuracy: 0.992 ; precision: 0.996 ; recall: 0.056 ; loss: 0.086
2019-01-10 13:41:56,807:INFO: - Found new best DSC
2019-01-10 13:41:56,807:INFO: Epoch 23/45
2019-01-10 13:42:51,363:INFO: - Train metrics: dsc: 0.548 ; iou: 0.465 ; accuracy: 0.996 ; precision: 0.805 ; recall: 0.543 ; loss: 0.078
2019-01-10 13:42:55,579:INFO: - Eval metrics : dsc: 0.225 ; iou: 0.181 ; accuracy: 0.994 ; precision: 0.996 ; recall: 0.182 ; loss: 0.082
2019-01-10 13:42:57,163:INFO: - Found new best DSC
2019-01-10 13:42:57,163:INFO: Epoch 24/45
2019-01-10 13:43:51,735:INFO: - Train metrics: dsc: 0.568 ; iou: 0.486 ; accuracy: 0.996 ; precision: 0.810 ; recall: 0.571 ; loss: 0.071
2019-01-10 13:43:55,928:INFO: - Eval metrics : dsc: 0.364 ; iou: 0.307 ; accuracy: 0.995 ; precision: 0.926 ; recall: 0.336 ; loss: 0.075
2019-01-10 13:43:57,731:INFO: - Found new best DSC
2019-01-10 13:43:57,731:INFO: Epoch 25/45
2019-01-10 13:44:52,290:INFO: - Train metrics: dsc: 0.607 ; iou: 0.521 ; accuracy: 0.996 ; precision: 0.814 ; recall: 0.607 ; loss: 0.066
2019-01-10 13:44:56,547:INFO: - Eval metrics : dsc: 0.356 ; iou: 0.294 ; accuracy: 0.995 ; precision: 0.961 ; recall: 0.308 ; loss: 0.069
2019-01-10 13:44:57,353:INFO: Epoch 26/45
2019-01-10 13:45:51,833:INFO: - Train metrics: dsc: 0.639 ; iou: 0.555 ; accuracy: 0.997 ; precision: 0.835 ; recall: 0.641 ; loss: 0.060
2019-01-10 13:45:56,075:INFO: - Eval metrics : dsc: 0.551 ; iou: 0.472 ; accuracy: 0.996 ; precision: 0.835 ; recall: 0.535 ; loss: 0.070
2019-01-10 13:45:57,792:INFO: - Found new best DSC
2019-01-10 13:45:57,792:INFO: Epoch 27/45
2019-01-10 13:46:52,309:INFO: - Train metrics: dsc: 0.656 ; iou: 0.573 ; accuracy: 0.997 ; precision: 0.838 ; recall: 0.667 ; loss: 0.056
2019-01-10 13:46:56,507:INFO: - Eval metrics : dsc: 0.593 ; iou: 0.513 ; accuracy: 0.996 ; precision: 0.862 ; recall: 0.568 ; loss: 0.060
2019-01-10 13:46:58,137:INFO: - Found new best DSC
2019-01-10 13:46:58,137:INFO: Epoch 28/45
2019-01-10 13:47:52,693:INFO: - Train metrics: dsc: 0.685 ; iou: 0.599 ; accuracy: 0.997 ; precision: 0.837 ; recall: 0.691 ; loss: 0.051
2019-01-10 13:47:56,903:INFO: - Eval metrics : dsc: 0.529 ; iou: 0.450 ; accuracy: 0.996 ; precision: 0.930 ; recall: 0.475 ; loss: 0.054
2019-01-10 13:47:57,722:INFO: Epoch 29/45
2019-01-10 13:48:52,267:INFO: - Train metrics: dsc: 0.686 ; iou: 0.602 ; accuracy: 0.997 ; precision: 0.843 ; recall: 0.698 ; loss: 0.048
2019-01-10 13:48:56,507:INFO: - Eval metrics : dsc: 0.676 ; iou: 0.588 ; accuracy: 0.997 ; precision: 0.736 ; recall: 0.690 ; loss: 0.060
2019-01-10 13:48:58,178:INFO: - Found new best DSC
2019-01-10 13:48:58,179:INFO: Epoch 30/45
2019-01-10 13:49:52,608:INFO: - Train metrics: dsc: 0.719 ; iou: 0.636 ; accuracy: 0.997 ; precision: 0.849 ; recall: 0.728 ; loss: 0.044
2019-01-10 13:49:56,851:INFO: - Eval metrics : dsc: 0.661 ; iou: 0.586 ; accuracy: 0.997 ; precision: 0.894 ; recall: 0.661 ; loss: 0.045
2019-01-10 13:49:57,600:INFO: Epoch 31/45
2019-01-10 13:50:52,168:INFO: - Train metrics: dsc: 0.723 ; iou: 0.642 ; accuracy: 0.998 ; precision: 0.860 ; recall: 0.736 ; loss: 0.041
2019-01-10 13:50:56,437:INFO: - Eval metrics : dsc: 0.711 ; iou: 0.629 ; accuracy: 0.998 ; precision: 0.888 ; recall: 0.703 ; loss: 0.041
2019-01-10 13:50:58,148:INFO: - Found new best DSC
2019-01-10 13:50:58,148:INFO: Epoch 32/45
2019-01-10 13:51:52,691:INFO: - Train metrics: dsc: 0.718 ; iou: 0.634 ; accuracy: 0.997 ; precision: 0.841 ; recall: 0.731 ; loss: 0.039
2019-01-10 13:51:56,909:INFO: - Eval metrics : dsc: 0.710 ; iou: 0.629 ; accuracy: 0.998 ; precision: 0.900 ; recall: 0.699 ; loss: 0.039
2019-01-10 13:51:57,700:INFO: Epoch 33/45
2019-01-10 13:52:52,204:INFO: - Train metrics: dsc: 0.722 ; iou: 0.637 ; accuracy: 0.997 ; precision: 0.848 ; recall: 0.733 ; loss: 0.036
2019-01-10 13:52:56,485:INFO: - Eval metrics : dsc: 0.670 ; iou: 0.585 ; accuracy: 0.997 ; precision: 0.934 ; recall: 0.614 ; loss: 0.037
2019-01-10 13:52:57,289:INFO: Epoch 34/45
2019-01-10 13:53:51,807:INFO: - Train metrics: dsc: 0.740 ; iou: 0.659 ; accuracy: 0.998 ; precision: 0.863 ; recall: 0.752 ; loss: 0.033
2019-01-10 13:53:56,065:INFO: - Eval metrics : dsc: 0.713 ; iou: 0.623 ; accuracy: 0.997 ; precision: 0.738 ; recall: 0.763 ; loss: 0.043
2019-01-10 13:53:57,590:INFO: - Found new best DSC
2019-01-10 13:53:57,591:INFO: Epoch 35/45
2019-01-10 13:54:52,134:INFO: - Train metrics: dsc: 0.746 ; iou: 0.666 ; accuracy: 0.998 ; precision: 0.868 ; recall: 0.757 ; loss: 0.031
2019-01-10 13:54:56,369:INFO: - Eval metrics : dsc: 0.688 ; iou: 0.610 ; accuracy: 0.998 ; precision: 0.934 ; recall: 0.653 ; loss: 0.033
2019-01-10 13:54:57,132:INFO: Epoch 36/45
2019-01-10 13:55:51,757:INFO: - Train metrics: dsc: 0.746 ; iou: 0.664 ; accuracy: 0.998 ; precision: 0.861 ; recall: 0.762 ; loss: 0.030
2019-01-10 13:55:55,953:INFO: - Eval metrics : dsc: 0.735 ; iou: 0.655 ; accuracy: 0.998 ; precision: 0.830 ; recall: 0.769 ; loss: 0.031
2019-01-10 13:55:57,635:INFO: - Found new best DSC
2019-01-10 13:55:57,635:INFO: Epoch 37/45
2019-01-10 13:56:52,160:INFO: - Train metrics: dsc: 0.759 ; iou: 0.679 ; accuracy: 0.998 ; precision: 0.873 ; recall: 0.771 ; loss: 0.027
2019-01-10 13:56:56,407:INFO: - Eval metrics : dsc: 0.728 ; iou: 0.654 ; accuracy: 0.998 ; precision: 0.896 ; recall: 0.736 ; loss: 0.029
2019-01-10 13:56:57,177:INFO: Epoch 38/45
2019-01-10 13:57:51,758:INFO: - Train metrics: dsc: 0.759 ; iou: 0.682 ; accuracy: 0.998 ; precision: 0.866 ; recall: 0.777 ; loss: 0.025
2019-01-10 13:57:55,980:INFO: - Eval metrics : dsc: 0.705 ; iou: 0.617 ; accuracy: 0.997 ; precision: 0.762 ; recall: 0.789 ; loss: 0.028
2019-01-10 13:57:56,746:INFO: Epoch 39/45
2019-01-10 13:58:51,217:INFO: - Train metrics: dsc: 0.761 ; iou: 0.683 ; accuracy: 0.998 ; precision: 0.870 ; recall: 0.774 ; loss: 0.024
2019-01-10 13:58:55,411:INFO: - Eval metrics : dsc: 0.764 ; iou: 0.687 ; accuracy: 0.998 ; precision: 0.846 ; recall: 0.797 ; loss: 0.024
2019-01-10 13:58:56,951:INFO: - Found new best DSC
2019-01-10 13:58:56,951:INFO: Epoch 40/45
2019-01-10 13:59:51,437:INFO: - Train metrics: dsc: 0.762 ; iou: 0.684 ; accuracy: 0.998 ; precision: 0.861 ; recall: 0.778 ; loss: 0.023
2019-01-10 13:59:55,598:INFO: - Eval metrics : dsc: 0.757 ; iou: 0.681 ; accuracy: 0.998 ; precision: 0.920 ; recall: 0.728 ; loss: 0.024
2019-01-10 13:59:56,333:INFO: Epoch 41/45
2019-01-10 14:00:50,750:INFO: - Train metrics: dsc: 0.778 ; iou: 0.700 ; accuracy: 0.998 ; precision: 0.883 ; recall: 0.791 ; loss: 0.021
2019-01-10 14:00:54,947:INFO: - Eval metrics : dsc: 0.764 ; iou: 0.690 ; accuracy: 0.998 ; precision: 0.918 ; recall: 0.743 ; loss: 0.022
2019-01-10 14:00:56,656:INFO: - Found new best DSC
2019-01-10 14:00:56,656:INFO: Epoch 42/45
2019-01-10 14:01:51,121:INFO: - Train metrics: dsc: 0.779 ; iou: 0.702 ; accuracy: 0.998 ; precision: 0.881 ; recall: 0.794 ; loss: 0.020
2019-01-10 14:01:55,339:INFO: - Eval metrics : dsc: 0.769 ; iou: 0.694 ; accuracy: 0.998 ; precision: 0.895 ; recall: 0.763 ; loss: 0.020
2019-01-10 14:01:56,969:INFO: - Found new best DSC
2019-01-10 14:01:56,969:INFO: Epoch 43/45
2019-01-10 14:02:51,457:INFO: - Train metrics: dsc: 0.786 ; iou: 0.709 ; accuracy: 0.998 ; precision: 0.880 ; recall: 0.801 ; loss: 0.019
2019-01-10 14:02:55,616:INFO: - Eval metrics : dsc: 0.782 ; iou: 0.708 ; accuracy: 0.998 ; precision: 0.852 ; recall: 0.813 ; loss: 0.019
2019-01-10 14:02:57,223:INFO: - Found new best DSC
2019-01-10 14:02:57,223:INFO: Epoch 44/45
2019-01-10 14:03:51,787:INFO: - Train metrics: dsc: 0.793 ; iou: 0.715 ; accuracy: 0.998 ; precision: 0.880 ; recall: 0.806 ; loss: 0.018
2019-01-10 14:03:56,014:INFO: - Eval metrics : dsc: 0.788 ; iou: 0.715 ; accuracy: 0.998 ; precision: 0.852 ; recall: 0.816 ; loss: 0.018
2019-01-10 14:03:57,800:INFO: - Found new best DSC
2019-01-10 14:03:57,801:INFO: Epoch 45/45
2019-01-10 14:04:52,269:INFO: - Train metrics: dsc: 0.786 ; iou: 0.709 ; accuracy: 0.998 ; precision: 0.883 ; recall: 0.801 ; loss: 0.017
2019-01-10 14:04:56,453:INFO: - Eval metrics : dsc: 0.776 ; iou: 0.700 ; accuracy: 0.998 ; precision: 0.907 ; recall: 0.757 ; loss: 0.017
