2019-02-08 23:42:09,295:INFO: Loading the datasets...
2019-02-08 23:42:13,471:INFO: - done.
2019-02-08 23:42:13,471:INFO: For k-fold 1/5:
2019-02-08 23:42:13,471:INFO: Starting training for 45 epoch(s)
2019-02-08 23:42:13,471:INFO: Restoring parameters from experiments/EPI/model_ModelA_transfer/data_augmentation/data_rot/batch_size_30/learning_rate_0.0001/ENDO-modelA_random-data_rot-batch_size_3-learning_rate_1e-04-best.pth.tar
2019-02-08 23:42:13,489:INFO: Epoch 1/45
2019-02-08 23:42:23,894:INFO: - Train metrics: dsc: 0.804 ; iou: 0.703 ; accuracy: 0.995 ; precision: 0.914 ; recall: 0.769 ; loss: 0.196
2019-02-08 23:42:25,102:INFO: - Eval metrics : dsc: 0.888 ; iou: 0.819 ; accuracy: 0.997 ; precision: 0.939 ; recall: 0.874 ; loss: 0.113
2019-02-08 23:42:25,132:INFO: - Found new best DSC
2019-02-08 23:42:25,132:INFO: Epoch 2/45
2019-02-08 23:42:35,589:INFO: - Train metrics: dsc: 0.893 ; iou: 0.832 ; accuracy: 0.998 ; precision: 0.922 ; recall: 0.898 ; loss: 0.107
2019-02-08 23:42:36,748:INFO: - Eval metrics : dsc: 0.904 ; iou: 0.847 ; accuracy: 0.998 ; precision: 0.944 ; recall: 0.897 ; loss: 0.097
2019-02-08 23:42:36,773:INFO: - Found new best DSC
2019-02-08 23:42:36,773:INFO: Epoch 3/45
2019-02-08 23:42:47,157:INFO: - Train metrics: dsc: 0.902 ; iou: 0.847 ; accuracy: 0.998 ; precision: 0.928 ; recall: 0.907 ; loss: 0.098
2019-02-08 23:42:48,367:INFO: - Eval metrics : dsc: 0.909 ; iou: 0.857 ; accuracy: 0.998 ; precision: 0.949 ; recall: 0.904 ; loss: 0.092
2019-02-08 23:42:48,425:INFO: - Found new best DSC
2019-02-08 23:42:48,425:INFO: Epoch 4/45
2019-02-08 23:42:58,808:INFO: - Train metrics: dsc: 0.907 ; iou: 0.855 ; accuracy: 0.998 ; precision: 0.938 ; recall: 0.910 ; loss: 0.092
2019-02-08 23:43:00,007:INFO: - Eval metrics : dsc: 0.911 ; iou: 0.862 ; accuracy: 0.998 ; precision: 0.930 ; recall: 0.919 ; loss: 0.089
2019-02-08 23:43:00,040:INFO: - Found new best DSC
2019-02-08 23:43:00,040:INFO: Epoch 5/45
2019-02-08 23:43:10,605:INFO: - Train metrics: dsc: 0.910 ; iou: 0.860 ; accuracy: 0.998 ; precision: 0.938 ; recall: 0.916 ; loss: 0.089
2019-02-08 23:43:11,765:INFO: - Eval metrics : dsc: 0.913 ; iou: 0.865 ; accuracy: 0.998 ; precision: 0.947 ; recall: 0.910 ; loss: 0.088
2019-02-08 23:43:11,785:INFO: - Found new best DSC
2019-02-08 23:43:11,785:INFO: Epoch 6/45
2019-02-08 23:43:22,365:INFO: - Train metrics: dsc: 0.912 ; iou: 0.863 ; accuracy: 0.998 ; precision: 0.942 ; recall: 0.915 ; loss: 0.087
2019-02-08 23:43:23,504:INFO: - Eval metrics : dsc: 0.914 ; iou: 0.867 ; accuracy: 0.998 ; precision: 0.955 ; recall: 0.907 ; loss: 0.086
2019-02-08 23:43:23,527:INFO: - Found new best DSC
2019-02-08 23:43:23,527:INFO: Epoch 7/45
2019-02-08 23:43:33,967:INFO: - Train metrics: dsc: 0.913 ; iou: 0.866 ; accuracy: 0.998 ; precision: 0.940 ; recall: 0.920 ; loss: 0.085
2019-02-08 23:43:35,165:INFO: - Eval metrics : dsc: 0.912 ; iou: 0.863 ; accuracy: 0.998 ; precision: 0.965 ; recall: 0.894 ; loss: 0.088
2019-02-08 23:43:35,186:INFO: Epoch 8/45
2019-02-08 23:43:45,613:INFO: - Train metrics: dsc: 0.915 ; iou: 0.869 ; accuracy: 0.998 ; precision: 0.945 ; recall: 0.919 ; loss: 0.084
2019-02-08 23:43:46,799:INFO: - Eval metrics : dsc: 0.916 ; iou: 0.870 ; accuracy: 0.998 ; precision: 0.958 ; recall: 0.908 ; loss: 0.084
2019-02-08 23:43:46,831:INFO: - Found new best DSC
2019-02-08 23:43:46,832:INFO: Epoch 9/45
2019-02-08 23:43:57,364:INFO: - Train metrics: dsc: 0.917 ; iou: 0.872 ; accuracy: 0.998 ; precision: 0.947 ; recall: 0.921 ; loss: 0.081
2019-02-08 23:43:58,515:INFO: - Eval metrics : dsc: 0.917 ; iou: 0.872 ; accuracy: 0.998 ; precision: 0.951 ; recall: 0.917 ; loss: 0.083
2019-02-08 23:43:58,542:INFO: - Found new best DSC
2019-02-08 23:43:58,542:INFO: Epoch 10/45
2019-02-08 23:44:08,998:INFO: - Train metrics: dsc: 0.919 ; iou: 0.875 ; accuracy: 0.998 ; precision: 0.946 ; recall: 0.924 ; loss: 0.080
2019-02-08 23:44:10,159:INFO: - Eval metrics : dsc: 0.917 ; iou: 0.872 ; accuracy: 0.998 ; precision: 0.952 ; recall: 0.917 ; loss: 0.083
2019-02-08 23:44:10,190:INFO: - Found new best DSC
2019-02-08 23:44:10,190:INFO: Epoch 11/45
2019-02-08 23:44:20,573:INFO: - Train metrics: dsc: 0.920 ; iou: 0.877 ; accuracy: 0.998 ; precision: 0.948 ; recall: 0.925 ; loss: 0.079
2019-02-08 23:44:21,793:INFO: - Eval metrics : dsc: 0.918 ; iou: 0.873 ; accuracy: 0.998 ; precision: 0.955 ; recall: 0.914 ; loss: 0.082
2019-02-08 23:44:21,816:INFO: - Found new best DSC
2019-02-08 23:44:21,817:INFO: Epoch 12/45
2019-02-08 23:44:32,294:INFO: - Train metrics: dsc: 0.921 ; iou: 0.879 ; accuracy: 0.998 ; precision: 0.949 ; recall: 0.925 ; loss: 0.077
2019-02-08 23:44:33,522:INFO: - Eval metrics : dsc: 0.918 ; iou: 0.874 ; accuracy: 0.998 ; precision: 0.949 ; recall: 0.921 ; loss: 0.082
2019-02-08 23:44:33,567:INFO: - Found new best DSC
2019-02-08 23:44:33,567:INFO: Epoch 13/45
2019-02-08 23:44:44,081:INFO: - Train metrics: dsc: 0.923 ; iou: 0.882 ; accuracy: 0.998 ; precision: 0.949 ; recall: 0.927 ; loss: 0.076
2019-02-08 23:44:45,338:INFO: - Eval metrics : dsc: 0.918 ; iou: 0.874 ; accuracy: 0.998 ; precision: 0.957 ; recall: 0.914 ; loss: 0.081
2019-02-08 23:44:45,372:INFO: - Found new best DSC
2019-02-08 23:44:45,372:INFO: Epoch 14/45
2019-02-08 23:44:55,953:INFO: - Train metrics: dsc: 0.923 ; iou: 0.883 ; accuracy: 0.998 ; precision: 0.950 ; recall: 0.928 ; loss: 0.075
2019-02-08 23:44:57,193:INFO: - Eval metrics : dsc: 0.918 ; iou: 0.874 ; accuracy: 0.998 ; precision: 0.954 ; recall: 0.913 ; loss: 0.082
2019-02-08 23:44:57,221:INFO: Epoch 15/45
2019-02-08 23:45:07,737:INFO: - Train metrics: dsc: 0.924 ; iou: 0.884 ; accuracy: 0.998 ; precision: 0.951 ; recall: 0.927 ; loss: 0.074
2019-02-08 23:45:08,951:INFO: - Eval metrics : dsc: 0.920 ; iou: 0.876 ; accuracy: 0.998 ; precision: 0.945 ; recall: 0.923 ; loss: 0.080
2019-02-08 23:45:08,981:INFO: - Found new best DSC
2019-02-08 23:45:08,981:INFO: Epoch 16/45
2019-02-08 23:45:19,461:INFO: - Train metrics: dsc: 0.922 ; iou: 0.881 ; accuracy: 0.998 ; precision: 0.947 ; recall: 0.929 ; loss: 0.076
2019-02-08 23:45:20,691:INFO: - Eval metrics : dsc: 0.920 ; iou: 0.876 ; accuracy: 0.998 ; precision: 0.949 ; recall: 0.919 ; loss: 0.080
2019-02-08 23:45:20,714:INFO: Epoch 17/45
2019-02-08 23:45:31,204:INFO: - Train metrics: dsc: 0.926 ; iou: 0.886 ; accuracy: 0.998 ; precision: 0.949 ; recall: 0.930 ; loss: 0.073
2019-02-08 23:45:32,360:INFO: - Eval metrics : dsc: 0.921 ; iou: 0.878 ; accuracy: 0.998 ; precision: 0.951 ; recall: 0.919 ; loss: 0.079
2019-02-08 23:45:32,386:INFO: - Found new best DSC
2019-02-08 23:45:32,386:INFO: Epoch 18/45
2019-02-08 23:45:42,866:INFO: - Train metrics: dsc: 0.927 ; iou: 0.888 ; accuracy: 0.998 ; precision: 0.949 ; recall: 0.933 ; loss: 0.071
2019-02-08 23:45:44,084:INFO: - Eval metrics : dsc: 0.917 ; iou: 0.872 ; accuracy: 0.998 ; precision: 0.952 ; recall: 0.912 ; loss: 0.082
2019-02-08 23:45:44,108:INFO: Epoch 19/45
2019-02-08 23:45:54,494:INFO: - Train metrics: dsc: 0.926 ; iou: 0.888 ; accuracy: 0.998 ; precision: 0.949 ; recall: 0.931 ; loss: 0.072
2019-02-08 23:45:55,776:INFO: - Eval metrics : dsc: 0.920 ; iou: 0.877 ; accuracy: 0.998 ; precision: 0.944 ; recall: 0.925 ; loss: 0.079
2019-02-08 23:45:55,800:INFO: Epoch 20/45
2019-02-08 23:46:06,388:INFO: - Train metrics: dsc: 0.928 ; iou: 0.891 ; accuracy: 0.999 ; precision: 0.951 ; recall: 0.933 ; loss: 0.070
2019-02-08 23:46:07,573:INFO: - Eval metrics : dsc: 0.921 ; iou: 0.878 ; accuracy: 0.998 ; precision: 0.948 ; recall: 0.922 ; loss: 0.079
2019-02-08 23:46:07,597:INFO: Epoch 21/45
2019-02-08 23:46:18,106:INFO: - Train metrics: dsc: 0.929 ; iou: 0.892 ; accuracy: 0.999 ; precision: 0.952 ; recall: 0.934 ; loss: 0.069
2019-02-08 23:46:19,264:INFO: - Eval metrics : dsc: 0.921 ; iou: 0.879 ; accuracy: 0.998 ; precision: 0.945 ; recall: 0.926 ; loss: 0.078
2019-02-08 23:46:19,310:INFO: - Found new best DSC
2019-02-08 23:46:19,310:INFO: Epoch 22/45
2019-02-08 23:46:29,777:INFO: - Train metrics: dsc: 0.929 ; iou: 0.893 ; accuracy: 0.999 ; precision: 0.950 ; recall: 0.935 ; loss: 0.069
2019-02-08 23:46:30,986:INFO: - Eval metrics : dsc: 0.921 ; iou: 0.878 ; accuracy: 0.998 ; precision: 0.949 ; recall: 0.921 ; loss: 0.079
2019-02-08 23:46:31,022:INFO: Epoch 23/45
2019-02-08 23:46:41,464:INFO: - Train metrics: dsc: 0.930 ; iou: 0.894 ; accuracy: 0.999 ; precision: 0.953 ; recall: 0.935 ; loss: 0.069
2019-02-08 23:46:42,661:INFO: - Eval metrics : dsc: 0.921 ; iou: 0.878 ; accuracy: 0.998 ; precision: 0.951 ; recall: 0.920 ; loss: 0.079
2019-02-08 23:46:42,682:INFO: Epoch 24/45
2019-02-08 23:46:53,119:INFO: - Train metrics: dsc: 0.930 ; iou: 0.894 ; accuracy: 0.999 ; precision: 0.953 ; recall: 0.936 ; loss: 0.068
2019-02-08 23:46:54,315:INFO: - Eval metrics : dsc: 0.922 ; iou: 0.880 ; accuracy: 0.998 ; precision: 0.952 ; recall: 0.920 ; loss: 0.077
2019-02-08 23:46:54,340:INFO: - Found new best DSC
2019-02-08 23:46:54,341:INFO: Epoch 25/45
2019-02-08 23:47:04,853:INFO: - Train metrics: dsc: 0.931 ; iou: 0.896 ; accuracy: 0.999 ; precision: 0.956 ; recall: 0.936 ; loss: 0.067
2019-02-08 23:47:06,003:INFO: - Eval metrics : dsc: 0.921 ; iou: 0.878 ; accuracy: 0.998 ; precision: 0.947 ; recall: 0.923 ; loss: 0.079
2019-02-08 23:47:06,019:INFO: Epoch 26/45
2019-02-08 23:47:16,485:INFO: - Train metrics: dsc: 0.931 ; iou: 0.896 ; accuracy: 0.999 ; precision: 0.955 ; recall: 0.937 ; loss: 0.067
2019-02-08 23:47:17,637:INFO: - Eval metrics : dsc: 0.922 ; iou: 0.879 ; accuracy: 0.998 ; precision: 0.940 ; recall: 0.931 ; loss: 0.078
2019-02-08 23:47:17,661:INFO: Epoch 27/45
2019-02-08 23:47:28,197:INFO: - Train metrics: dsc: 0.932 ; iou: 0.898 ; accuracy: 0.999 ; precision: 0.953 ; recall: 0.938 ; loss: 0.066
2019-02-08 23:47:29,346:INFO: - Eval metrics : dsc: 0.921 ; iou: 0.879 ; accuracy: 0.998 ; precision: 0.948 ; recall: 0.923 ; loss: 0.079
2019-02-08 23:47:29,371:INFO: Epoch 28/45
2019-02-08 23:47:39,811:INFO: - Train metrics: dsc: 0.931 ; iou: 0.896 ; accuracy: 0.999 ; precision: 0.956 ; recall: 0.935 ; loss: 0.067
2019-02-08 23:47:40,933:INFO: - Eval metrics : dsc: 0.922 ; iou: 0.879 ; accuracy: 0.998 ; precision: 0.940 ; recall: 0.927 ; loss: 0.077
2019-02-08 23:47:40,960:INFO: - Found new best DSC
2019-02-08 23:47:40,960:INFO: Epoch 29/45
2019-02-08 23:47:51,344:INFO: - Train metrics: dsc: 0.931 ; iou: 0.897 ; accuracy: 0.999 ; precision: 0.955 ; recall: 0.937 ; loss: 0.067
2019-02-08 23:47:52,493:INFO: - Eval metrics : dsc: 0.920 ; iou: 0.878 ; accuracy: 0.998 ; precision: 0.954 ; recall: 0.916 ; loss: 0.079
2019-02-08 23:47:52,517:INFO: Epoch 30/45
2019-02-08 23:48:02,968:INFO: - Train metrics: dsc: 0.933 ; iou: 0.900 ; accuracy: 0.999 ; precision: 0.955 ; recall: 0.938 ; loss: 0.065
2019-02-08 23:48:04,183:INFO: - Eval metrics : dsc: 0.920 ; iou: 0.878 ; accuracy: 0.998 ; precision: 0.957 ; recall: 0.913 ; loss: 0.079
2019-02-08 23:48:04,211:INFO: Epoch 31/45
2019-02-08 23:48:14,626:INFO: - Train metrics: dsc: 0.933 ; iou: 0.900 ; accuracy: 0.999 ; precision: 0.956 ; recall: 0.938 ; loss: 0.065
2019-02-08 23:48:15,810:INFO: - Eval metrics : dsc: 0.919 ; iou: 0.877 ; accuracy: 0.998 ; precision: 0.952 ; recall: 0.917 ; loss: 0.081
2019-02-08 23:48:15,835:INFO: Epoch 32/45
2019-02-08 23:48:26,204:INFO: - Train metrics: dsc: 0.934 ; iou: 0.901 ; accuracy: 0.999 ; precision: 0.958 ; recall: 0.938 ; loss: 0.064
2019-02-08 23:48:27,393:INFO: - Eval metrics : dsc: 0.921 ; iou: 0.878 ; accuracy: 0.998 ; precision: 0.955 ; recall: 0.915 ; loss: 0.079
2019-02-08 23:48:27,416:INFO: Epoch 33/45
2019-02-08 23:48:37,946:INFO: - Train metrics: dsc: 0.935 ; iou: 0.903 ; accuracy: 0.999 ; precision: 0.960 ; recall: 0.938 ; loss: 0.063
2019-02-08 23:48:39,183:INFO: - Eval metrics : dsc: 0.921 ; iou: 0.879 ; accuracy: 0.998 ; precision: 0.949 ; recall: 0.922 ; loss: 0.078
2019-02-08 23:48:39,209:INFO: Epoch 34/45
2019-02-08 23:48:49,647:INFO: - Train metrics: dsc: 0.935 ; iou: 0.903 ; accuracy: 0.999 ; precision: 0.959 ; recall: 0.939 ; loss: 0.064
2019-02-08 23:48:50,835:INFO: - Eval metrics : dsc: 0.921 ; iou: 0.879 ; accuracy: 0.998 ; precision: 0.953 ; recall: 0.918 ; loss: 0.079
2019-02-08 23:48:50,871:INFO: Epoch 35/45
2019-02-08 23:49:01,360:INFO: - Train metrics: dsc: 0.935 ; iou: 0.904 ; accuracy: 0.999 ; precision: 0.959 ; recall: 0.940 ; loss: 0.063
2019-02-08 23:49:02,583:INFO: - Eval metrics : dsc: 0.922 ; iou: 0.879 ; accuracy: 0.998 ; precision: 0.956 ; recall: 0.915 ; loss: 0.078
2019-02-08 23:49:02,606:INFO: Epoch 36/45
2019-02-08 23:49:13,057:INFO: - Train metrics: dsc: 0.934 ; iou: 0.901 ; accuracy: 0.999 ; precision: 0.957 ; recall: 0.938 ; loss: 0.065
2019-02-08 23:49:14,270:INFO: - Eval metrics : dsc: 0.907 ; iou: 0.857 ; accuracy: 0.998 ; precision: 0.970 ; recall: 0.884 ; loss: 0.093
2019-02-08 23:49:14,291:INFO: Epoch 37/45
2019-02-08 23:49:24,745:INFO: - Train metrics: dsc: 0.932 ; iou: 0.898 ; accuracy: 0.999 ; precision: 0.955 ; recall: 0.938 ; loss: 0.066
2019-02-08 23:49:25,925:INFO: - Eval metrics : dsc: 0.922 ; iou: 0.880 ; accuracy: 0.998 ; precision: 0.962 ; recall: 0.914 ; loss: 0.078
2019-02-08 23:49:25,940:INFO: Epoch 38/45
2019-02-08 23:49:36,522:INFO: - Train metrics: dsc: 0.935 ; iou: 0.903 ; accuracy: 0.999 ; precision: 0.959 ; recall: 0.941 ; loss: 0.063
2019-02-08 23:49:37,729:INFO: - Eval metrics : dsc: 0.924 ; iou: 0.882 ; accuracy: 0.998 ; precision: 0.945 ; recall: 0.930 ; loss: 0.076
2019-02-08 23:49:37,754:INFO: - Found new best DSC
2019-02-08 23:49:37,755:INFO: Epoch 39/45
2019-02-08 23:49:48,233:INFO: - Train metrics: dsc: 0.936 ; iou: 0.905 ; accuracy: 0.999 ; precision: 0.961 ; recall: 0.941 ; loss: 0.062
2019-02-08 23:49:49,367:INFO: - Eval metrics : dsc: 0.924 ; iou: 0.882 ; accuracy: 0.998 ; precision: 0.952 ; recall: 0.922 ; loss: 0.076
2019-02-08 23:49:49,391:INFO: Epoch 40/45
2019-02-08 23:49:59,892:INFO: - Train metrics: dsc: 0.937 ; iou: 0.907 ; accuracy: 0.999 ; precision: 0.960 ; recall: 0.943 ; loss: 0.061
2019-02-08 23:50:01,117:INFO: - Eval metrics : dsc: 0.924 ; iou: 0.882 ; accuracy: 0.998 ; precision: 0.939 ; recall: 0.935 ; loss: 0.075
2019-02-08 23:50:01,137:INFO: - Found new best DSC
2019-02-08 23:50:01,137:INFO: Epoch 41/45
2019-02-08 23:50:11,553:INFO: - Train metrics: dsc: 0.938 ; iou: 0.908 ; accuracy: 0.999 ; precision: 0.963 ; recall: 0.942 ; loss: 0.060
2019-02-08 23:50:12,725:INFO: - Eval metrics : dsc: 0.923 ; iou: 0.881 ; accuracy: 0.998 ; precision: 0.946 ; recall: 0.928 ; loss: 0.076
2019-02-08 23:50:12,750:INFO: Epoch 42/45
2019-02-08 23:50:23,249:INFO: - Train metrics: dsc: 0.936 ; iou: 0.904 ; accuracy: 0.999 ; precision: 0.957 ; recall: 0.941 ; loss: 0.062
2019-02-08 23:50:24,435:INFO: - Eval metrics : dsc: 0.923 ; iou: 0.880 ; accuracy: 0.998 ; precision: 0.935 ; recall: 0.937 ; loss: 0.077
2019-02-08 23:50:24,457:INFO: Epoch 43/45
2019-02-08 23:50:34,929:INFO: - Train metrics: dsc: 0.937 ; iou: 0.907 ; accuracy: 0.999 ; precision: 0.960 ; recall: 0.943 ; loss: 0.061
2019-02-08 23:50:36,171:INFO: - Eval metrics : dsc: 0.924 ; iou: 0.883 ; accuracy: 0.998 ; precision: 0.954 ; recall: 0.921 ; loss: 0.075
2019-02-08 23:50:36,201:INFO: - Found new best DSC
2019-02-08 23:50:36,201:INFO: Epoch 44/45
2019-02-08 23:50:46,691:INFO: - Train metrics: dsc: 0.938 ; iou: 0.909 ; accuracy: 0.999 ; precision: 0.961 ; recall: 0.944 ; loss: 0.060
2019-02-08 23:50:47,878:INFO: - Eval metrics : dsc: 0.924 ; iou: 0.883 ; accuracy: 0.998 ; precision: 0.952 ; recall: 0.923 ; loss: 0.075
2019-02-08 23:50:47,905:INFO: Epoch 45/45
2019-02-08 23:50:58,426:INFO: - Train metrics: dsc: 0.939 ; iou: 0.910 ; accuracy: 0.999 ; precision: 0.963 ; recall: 0.943 ; loss: 0.060
2019-02-08 23:50:59,655:INFO: - Eval metrics : dsc: 0.924 ; iou: 0.883 ; accuracy: 0.998 ; precision: 0.952 ; recall: 0.924 ; loss: 0.075
2019-02-08 23:50:59,680:INFO: - Found new best DSC
2019-02-08 23:50:59,722:INFO: Loading the datasets...
2019-02-08 23:51:03,943:INFO: - done.
2019-02-08 23:51:03,943:INFO: For k-fold 2/5:
2019-02-08 23:51:03,943:INFO: Starting training for 45 epoch(s)
2019-02-08 23:51:03,943:INFO: Restoring parameters from experiments/EPI/model_ModelA_transfer/data_augmentation/data_rot/batch_size_30/learning_rate_0.0001/ENDO-modelA_random-data_rot-batch_size_3-learning_rate_1e-04-best.pth.tar
2019-02-08 23:51:03,960:INFO: Epoch 1/45
2019-02-08 23:51:14,397:INFO: - Train metrics: dsc: 0.805 ; iou: 0.704 ; accuracy: 0.995 ; precision: 0.917 ; recall: 0.771 ; loss: 0.194
2019-02-08 23:51:15,634:INFO: - Eval metrics : dsc: 0.886 ; iou: 0.820 ; accuracy: 0.997 ; precision: 0.937 ; recall: 0.876 ; loss: 0.114
2019-02-08 23:51:15,668:INFO: - Found new best DSC
2019-02-08 23:51:15,668:INFO: Epoch 2/45
2019-02-08 23:51:26,102:INFO: - Train metrics: dsc: 0.895 ; iou: 0.835 ; accuracy: 0.998 ; precision: 0.929 ; recall: 0.897 ; loss: 0.106
2019-02-08 23:51:27,355:INFO: - Eval metrics : dsc: 0.897 ; iou: 0.841 ; accuracy: 0.998 ; precision: 0.933 ; recall: 0.902 ; loss: 0.102
2019-02-08 23:51:27,378:INFO: - Found new best DSC
2019-02-08 23:51:27,379:INFO: Epoch 3/45
2019-02-08 23:51:37,798:INFO: - Train metrics: dsc: 0.905 ; iou: 0.850 ; accuracy: 0.998 ; precision: 0.931 ; recall: 0.909 ; loss: 0.095
2019-02-08 23:51:38,980:INFO: - Eval metrics : dsc: 0.902 ; iou: 0.849 ; accuracy: 0.998 ; precision: 0.936 ; recall: 0.908 ; loss: 0.096
2019-02-08 23:51:39,003:INFO: - Found new best DSC
2019-02-08 23:51:39,004:INFO: Epoch 4/45
2019-02-08 23:51:49,419:INFO: - Train metrics: dsc: 0.910 ; iou: 0.859 ; accuracy: 0.998 ; precision: 0.940 ; recall: 0.913 ; loss: 0.090
2019-02-08 23:51:50,571:INFO: - Eval metrics : dsc: 0.906 ; iou: 0.854 ; accuracy: 0.998 ; precision: 0.939 ; recall: 0.910 ; loss: 0.093
2019-02-08 23:51:50,593:INFO: - Found new best DSC
2019-02-08 23:51:50,594:INFO: Epoch 5/45
2019-02-08 23:52:01,091:INFO: - Train metrics: dsc: 0.914 ; iou: 0.865 ; accuracy: 0.998 ; precision: 0.938 ; recall: 0.917 ; loss: 0.086
2019-02-08 23:52:02,285:INFO: - Eval metrics : dsc: 0.905 ; iou: 0.854 ; accuracy: 0.998 ; precision: 0.935 ; recall: 0.914 ; loss: 0.094
2019-02-08 23:52:02,307:INFO: Epoch 6/45
2019-02-08 23:52:12,738:INFO: - Train metrics: dsc: 0.916 ; iou: 0.869 ; accuracy: 0.998 ; precision: 0.940 ; recall: 0.921 ; loss: 0.083
2019-02-08 23:52:13,932:INFO: - Eval metrics : dsc: 0.908 ; iou: 0.858 ; accuracy: 0.998 ; precision: 0.942 ; recall: 0.911 ; loss: 0.091
2019-02-08 23:52:13,958:INFO: - Found new best DSC
2019-02-08 23:52:13,958:INFO: Epoch 7/45
2019-02-08 23:52:24,422:INFO: - Train metrics: dsc: 0.918 ; iou: 0.872 ; accuracy: 0.998 ; precision: 0.941 ; recall: 0.924 ; loss: 0.081
2019-02-08 23:52:25,585:INFO: - Eval metrics : dsc: 0.909 ; iou: 0.860 ; accuracy: 0.998 ; precision: 0.948 ; recall: 0.907 ; loss: 0.090
2019-02-08 23:52:25,613:INFO: - Found new best DSC
2019-02-08 23:52:25,613:INFO: Epoch 8/45
2019-02-08 23:52:36,102:INFO: - Train metrics: dsc: 0.920 ; iou: 0.875 ; accuracy: 0.998 ; precision: 0.947 ; recall: 0.922 ; loss: 0.079
2019-02-08 23:52:37,292:INFO: - Eval metrics : dsc: 0.909 ; iou: 0.861 ; accuracy: 0.998 ; precision: 0.945 ; recall: 0.910 ; loss: 0.090
2019-02-08 23:52:37,315:INFO: - Found new best DSC
2019-02-08 23:52:37,316:INFO: Epoch 9/45
2019-02-08 23:52:47,774:INFO: - Train metrics: dsc: 0.921 ; iou: 0.878 ; accuracy: 0.998 ; precision: 0.947 ; recall: 0.924 ; loss: 0.078
2019-02-08 23:52:48,972:INFO: - Eval metrics : dsc: 0.912 ; iou: 0.864 ; accuracy: 0.998 ; precision: 0.938 ; recall: 0.920 ; loss: 0.086
2019-02-08 23:52:49,000:INFO: - Found new best DSC
2019-02-08 23:52:49,000:INFO: Epoch 10/45
2019-02-08 23:52:59,508:INFO: - Train metrics: dsc: 0.922 ; iou: 0.879 ; accuracy: 0.998 ; precision: 0.947 ; recall: 0.926 ; loss: 0.077
2019-02-08 23:53:00,653:INFO: - Eval metrics : dsc: 0.912 ; iou: 0.864 ; accuracy: 0.998 ; precision: 0.947 ; recall: 0.911 ; loss: 0.086
2019-02-08 23:53:00,672:INFO: Epoch 11/45
2019-02-08 23:53:11,133:INFO: - Train metrics: dsc: 0.924 ; iou: 0.882 ; accuracy: 0.998 ; precision: 0.948 ; recall: 0.927 ; loss: 0.075
2019-02-08 23:53:12,310:INFO: - Eval metrics : dsc: 0.913 ; iou: 0.866 ; accuracy: 0.998 ; precision: 0.946 ; recall: 0.914 ; loss: 0.085
2019-02-08 23:53:12,360:INFO: - Found new best DSC
2019-02-08 23:53:12,361:INFO: Epoch 12/45
2019-02-08 23:53:22,815:INFO: - Train metrics: dsc: 0.926 ; iou: 0.885 ; accuracy: 0.998 ; precision: 0.949 ; recall: 0.929 ; loss: 0.073
2019-02-08 23:53:23,985:INFO: - Eval metrics : dsc: 0.914 ; iou: 0.866 ; accuracy: 0.998 ; precision: 0.945 ; recall: 0.916 ; loss: 0.084
2019-02-08 23:53:24,006:INFO: - Found new best DSC
2019-02-08 23:53:24,006:INFO: Epoch 13/45
2019-02-08 23:53:34,492:INFO: - Train metrics: dsc: 0.926 ; iou: 0.885 ; accuracy: 0.998 ; precision: 0.944 ; recall: 0.931 ; loss: 0.074
2019-02-08 23:53:35,693:INFO: - Eval metrics : dsc: 0.913 ; iou: 0.867 ; accuracy: 0.998 ; precision: 0.948 ; recall: 0.913 ; loss: 0.085
2019-02-08 23:53:35,714:INFO: Epoch 14/45
2019-02-08 23:53:46,220:INFO: - Train metrics: dsc: 0.927 ; iou: 0.887 ; accuracy: 0.998 ; precision: 0.948 ; recall: 0.931 ; loss: 0.072
2019-02-08 23:53:47,424:INFO: - Eval metrics : dsc: 0.911 ; iou: 0.864 ; accuracy: 0.998 ; precision: 0.950 ; recall: 0.909 ; loss: 0.087
2019-02-08 23:53:47,476:INFO: Epoch 15/45
2019-02-08 23:53:58,011:INFO: - Train metrics: dsc: 0.927 ; iou: 0.887 ; accuracy: 0.998 ; precision: 0.949 ; recall: 0.930 ; loss: 0.072
2019-02-08 23:53:59,208:INFO: - Eval metrics : dsc: 0.915 ; iou: 0.867 ; accuracy: 0.998 ; precision: 0.937 ; recall: 0.920 ; loss: 0.083
2019-02-08 23:53:59,231:INFO: - Found new best DSC
2019-02-08 23:53:59,231:INFO: Epoch 16/45
2019-02-08 23:54:09,711:INFO: - Train metrics: dsc: 0.928 ; iou: 0.888 ; accuracy: 0.998 ; precision: 0.948 ; recall: 0.934 ; loss: 0.072
2019-02-08 23:54:10,861:INFO: - Eval metrics : dsc: 0.915 ; iou: 0.868 ; accuracy: 0.998 ; precision: 0.937 ; recall: 0.926 ; loss: 0.083
2019-02-08 23:54:10,889:INFO: - Found new best DSC
2019-02-08 23:54:10,889:INFO: Epoch 17/45
2019-02-08 23:54:21,353:INFO: - Train metrics: dsc: 0.929 ; iou: 0.890 ; accuracy: 0.998 ; precision: 0.949 ; recall: 0.933 ; loss: 0.070
2019-02-08 23:54:22,458:INFO: - Eval metrics : dsc: 0.912 ; iou: 0.865 ; accuracy: 0.998 ; precision: 0.949 ; recall: 0.911 ; loss: 0.086
2019-02-08 23:54:22,480:INFO: Epoch 18/45
2019-02-08 23:54:32,930:INFO: - Train metrics: dsc: 0.930 ; iou: 0.890 ; accuracy: 0.998 ; precision: 0.952 ; recall: 0.932 ; loss: 0.069
2019-02-08 23:54:34,120:INFO: - Eval metrics : dsc: 0.911 ; iou: 0.865 ; accuracy: 0.998 ; precision: 0.950 ; recall: 0.910 ; loss: 0.087
2019-02-08 23:54:34,142:INFO: Epoch 19/45
2019-02-08 23:54:44,631:INFO: - Train metrics: dsc: 0.931 ; iou: 0.893 ; accuracy: 0.999 ; precision: 0.952 ; recall: 0.934 ; loss: 0.068
2019-02-08 23:54:45,818:INFO: - Eval metrics : dsc: 0.911 ; iou: 0.865 ; accuracy: 0.998 ; precision: 0.957 ; recall: 0.903 ; loss: 0.087
2019-02-08 23:54:45,849:INFO: Epoch 20/45
2019-02-08 23:54:56,351:INFO: - Train metrics: dsc: 0.931 ; iou: 0.894 ; accuracy: 0.999 ; precision: 0.954 ; recall: 0.934 ; loss: 0.068
2019-02-08 23:54:57,594:INFO: - Eval metrics : dsc: 0.914 ; iou: 0.868 ; accuracy: 0.998 ; precision: 0.938 ; recall: 0.924 ; loss: 0.084
2019-02-08 23:54:57,620:INFO: Epoch 21/45
2019-02-08 23:55:08,105:INFO: - Train metrics: dsc: 0.932 ; iou: 0.896 ; accuracy: 0.999 ; precision: 0.954 ; recall: 0.934 ; loss: 0.067
2019-02-08 23:55:09,280:INFO: - Eval metrics : dsc: 0.915 ; iou: 0.869 ; accuracy: 0.998 ; precision: 0.941 ; recall: 0.921 ; loss: 0.083
2019-02-08 23:55:09,301:INFO: Epoch 22/45
2019-02-08 23:55:19,850:INFO: - Train metrics: dsc: 0.934 ; iou: 0.898 ; accuracy: 0.999 ; precision: 0.955 ; recall: 0.938 ; loss: 0.065
2019-02-08 23:55:21,076:INFO: - Eval metrics : dsc: 0.915 ; iou: 0.869 ; accuracy: 0.998 ; precision: 0.946 ; recall: 0.918 ; loss: 0.083
2019-02-08 23:55:21,116:INFO: Epoch 23/45
2019-02-08 23:55:31,547:INFO: - Train metrics: dsc: 0.935 ; iou: 0.900 ; accuracy: 0.999 ; precision: 0.956 ; recall: 0.938 ; loss: 0.064
2019-02-08 23:55:32,686:INFO: - Eval metrics : dsc: 0.913 ; iou: 0.868 ; accuracy: 0.998 ; precision: 0.957 ; recall: 0.906 ; loss: 0.084
2019-02-08 23:55:32,706:INFO: Epoch 24/45
2019-02-08 23:55:43,156:INFO: - Train metrics: dsc: 0.935 ; iou: 0.900 ; accuracy: 0.999 ; precision: 0.957 ; recall: 0.938 ; loss: 0.064
2019-02-08 23:55:44,315:INFO: - Eval metrics : dsc: 0.917 ; iou: 0.871 ; accuracy: 0.998 ; precision: 0.942 ; recall: 0.921 ; loss: 0.081
2019-02-08 23:55:44,335:INFO: - Found new best DSC
2019-02-08 23:55:44,335:INFO: Epoch 25/45
2019-02-08 23:55:54,829:INFO: - Train metrics: dsc: 0.935 ; iou: 0.900 ; accuracy: 0.999 ; precision: 0.957 ; recall: 0.937 ; loss: 0.064
2019-02-08 23:55:55,997:INFO: - Eval metrics : dsc: 0.915 ; iou: 0.870 ; accuracy: 0.998 ; precision: 0.938 ; recall: 0.927 ; loss: 0.082
2019-02-08 23:55:56,028:INFO: Epoch 26/45
2019-02-08 23:56:06,507:INFO: - Train metrics: dsc: 0.935 ; iou: 0.901 ; accuracy: 0.999 ; precision: 0.957 ; recall: 0.938 ; loss: 0.064
2019-02-08 23:56:07,653:INFO: - Eval metrics : dsc: 0.915 ; iou: 0.869 ; accuracy: 0.998 ; precision: 0.938 ; recall: 0.926 ; loss: 0.083
2019-02-08 23:56:07,673:INFO: Epoch 27/45
2019-02-08 23:56:18,172:INFO: - Train metrics: dsc: 0.937 ; iou: 0.903 ; accuracy: 0.999 ; precision: 0.959 ; recall: 0.940 ; loss: 0.062
2019-02-08 23:56:19,391:INFO: - Eval metrics : dsc: 0.916 ; iou: 0.870 ; accuracy: 0.998 ; precision: 0.947 ; recall: 0.918 ; loss: 0.082
2019-02-08 23:56:19,429:INFO: Epoch 28/45
2019-02-08 23:56:29,885:INFO: - Train metrics: dsc: 0.938 ; iou: 0.905 ; accuracy: 0.999 ; precision: 0.959 ; recall: 0.940 ; loss: 0.061
2019-02-08 23:56:31,108:INFO: - Eval metrics : dsc: 0.915 ; iou: 0.870 ; accuracy: 0.998 ; precision: 0.938 ; recall: 0.926 ; loss: 0.082
2019-02-08 23:56:31,129:INFO: Epoch 29/45
2019-02-08 23:56:41,685:INFO: - Train metrics: dsc: 0.937 ; iou: 0.904 ; accuracy: 0.999 ; precision: 0.961 ; recall: 0.939 ; loss: 0.062
2019-02-08 23:56:42,853:INFO: - Eval metrics : dsc: 0.916 ; iou: 0.872 ; accuracy: 0.998 ; precision: 0.943 ; recall: 0.924 ; loss: 0.081
2019-02-08 23:56:42,883:INFO: Epoch 30/45
2019-02-08 23:56:53,326:INFO: - Train metrics: dsc: 0.938 ; iou: 0.906 ; accuracy: 0.999 ; precision: 0.958 ; recall: 0.942 ; loss: 0.061
2019-02-08 23:56:54,466:INFO: - Eval metrics : dsc: 0.914 ; iou: 0.869 ; accuracy: 0.998 ; precision: 0.943 ; recall: 0.920 ; loss: 0.084
2019-02-08 23:56:54,490:INFO: Epoch 31/45
2019-02-08 23:57:05,039:INFO: - Train metrics: dsc: 0.939 ; iou: 0.906 ; accuracy: 0.999 ; precision: 0.960 ; recall: 0.942 ; loss: 0.060
2019-02-08 23:57:06,210:INFO: - Eval metrics : dsc: 0.914 ; iou: 0.869 ; accuracy: 0.998 ; precision: 0.952 ; recall: 0.912 ; loss: 0.084
2019-02-08 23:57:06,236:INFO: Epoch 32/45
2019-02-08 23:57:16,689:INFO: - Train metrics: dsc: 0.939 ; iou: 0.907 ; accuracy: 0.999 ; precision: 0.962 ; recall: 0.942 ; loss: 0.060
2019-02-08 23:57:17,876:INFO: - Eval metrics : dsc: 0.917 ; iou: 0.871 ; accuracy: 0.998 ; precision: 0.948 ; recall: 0.919 ; loss: 0.081
2019-02-08 23:57:17,895:INFO: - Found new best DSC
2019-02-08 23:57:17,895:INFO: Epoch 33/45
2019-02-08 23:57:28,376:INFO: - Train metrics: dsc: 0.939 ; iou: 0.908 ; accuracy: 0.999 ; precision: 0.962 ; recall: 0.942 ; loss: 0.059
2019-02-08 23:57:29,592:INFO: - Eval metrics : dsc: 0.915 ; iou: 0.869 ; accuracy: 0.998 ; precision: 0.940 ; recall: 0.924 ; loss: 0.083
2019-02-08 23:57:29,618:INFO: Epoch 34/45
2019-02-08 23:57:40,150:INFO: - Train metrics: dsc: 0.940 ; iou: 0.909 ; accuracy: 0.999 ; precision: 0.961 ; recall: 0.943 ; loss: 0.059
2019-02-08 23:57:41,316:INFO: - Eval metrics : dsc: 0.915 ; iou: 0.871 ; accuracy: 0.998 ; precision: 0.948 ; recall: 0.918 ; loss: 0.082
2019-02-08 23:57:41,335:INFO: Epoch 35/45
2019-02-08 23:57:51,767:INFO: - Train metrics: dsc: 0.940 ; iou: 0.909 ; accuracy: 0.999 ; precision: 0.961 ; recall: 0.943 ; loss: 0.058
2019-02-08 23:57:52,977:INFO: - Eval metrics : dsc: 0.913 ; iou: 0.868 ; accuracy: 0.998 ; precision: 0.958 ; recall: 0.904 ; loss: 0.084
2019-02-08 23:57:53,002:INFO: Epoch 36/45
2019-02-08 23:58:03,537:INFO: - Train metrics: dsc: 0.941 ; iou: 0.910 ; accuracy: 0.999 ; precision: 0.963 ; recall: 0.943 ; loss: 0.058
2019-02-08 23:58:04,691:INFO: - Eval metrics : dsc: 0.915 ; iou: 0.871 ; accuracy: 0.998 ; precision: 0.944 ; recall: 0.921 ; loss: 0.082
2019-02-08 23:58:04,713:INFO: Epoch 37/45
2019-02-08 23:58:15,225:INFO: - Train metrics: dsc: 0.939 ; iou: 0.906 ; accuracy: 0.999 ; precision: 0.960 ; recall: 0.941 ; loss: 0.060
2019-02-08 23:58:16,455:INFO: - Eval metrics : dsc: 0.918 ; iou: 0.870 ; accuracy: 0.998 ; precision: 0.920 ; recall: 0.937 ; loss: 0.080
2019-02-08 23:58:16,484:INFO: - Found new best DSC
2019-02-08 23:58:16,484:INFO: Epoch 38/45
2019-02-08 23:58:26,967:INFO: - Train metrics: dsc: 0.936 ; iou: 0.901 ; accuracy: 0.999 ; precision: 0.953 ; recall: 0.942 ; loss: 0.063
2019-02-08 23:58:28,125:INFO: - Eval metrics : dsc: 0.916 ; iou: 0.870 ; accuracy: 0.998 ; precision: 0.930 ; recall: 0.933 ; loss: 0.082
2019-02-08 23:58:28,151:INFO: Epoch 39/45
2019-02-08 23:58:38,536:INFO: - Train metrics: dsc: 0.940 ; iou: 0.908 ; accuracy: 0.999 ; precision: 0.958 ; recall: 0.944 ; loss: 0.059
2019-02-08 23:58:39,713:INFO: - Eval metrics : dsc: 0.920 ; iou: 0.874 ; accuracy: 0.998 ; precision: 0.946 ; recall: 0.922 ; loss: 0.078
2019-02-08 23:58:39,760:INFO: - Found new best DSC
2019-02-08 23:58:39,761:INFO: Epoch 40/45
2019-02-08 23:58:50,279:INFO: - Train metrics: dsc: 0.942 ; iou: 0.911 ; accuracy: 0.999 ; precision: 0.959 ; recall: 0.947 ; loss: 0.057
2019-02-08 23:58:51,498:INFO: - Eval metrics : dsc: 0.919 ; iou: 0.873 ; accuracy: 0.998 ; precision: 0.933 ; recall: 0.932 ; loss: 0.078
2019-02-08 23:58:51,514:INFO: Epoch 41/45
2019-02-08 23:59:01,971:INFO: - Train metrics: dsc: 0.943 ; iou: 0.912 ; accuracy: 0.999 ; precision: 0.962 ; recall: 0.947 ; loss: 0.056
2019-02-08 23:59:03,124:INFO: - Eval metrics : dsc: 0.918 ; iou: 0.873 ; accuracy: 0.998 ; precision: 0.953 ; recall: 0.914 ; loss: 0.080
2019-02-08 23:59:03,137:INFO: Epoch 42/45
2019-02-08 23:59:13,659:INFO: - Train metrics: dsc: 0.944 ; iou: 0.914 ; accuracy: 0.999 ; precision: 0.962 ; recall: 0.949 ; loss: 0.055
2019-02-08 23:59:14,793:INFO: - Eval metrics : dsc: 0.918 ; iou: 0.873 ; accuracy: 0.998 ; precision: 0.940 ; recall: 0.928 ; loss: 0.080
2019-02-08 23:59:14,817:INFO: Epoch 43/45
2019-02-08 23:59:25,355:INFO: - Train metrics: dsc: 0.945 ; iou: 0.916 ; accuracy: 0.999 ; precision: 0.963 ; recall: 0.949 ; loss: 0.054
2019-02-08 23:59:26,560:INFO: - Eval metrics : dsc: 0.918 ; iou: 0.872 ; accuracy: 0.998 ; precision: 0.953 ; recall: 0.914 ; loss: 0.080
2019-02-08 23:59:26,581:INFO: Epoch 44/45
2019-02-08 23:59:37,057:INFO: - Train metrics: dsc: 0.945 ; iou: 0.916 ; accuracy: 0.999 ; precision: 0.963 ; recall: 0.949 ; loss: 0.054
2019-02-08 23:59:38,219:INFO: - Eval metrics : dsc: 0.918 ; iou: 0.873 ; accuracy: 0.998 ; precision: 0.936 ; recall: 0.929 ; loss: 0.079
2019-02-08 23:59:38,239:INFO: Epoch 45/45
2019-02-08 23:59:48,653:INFO: - Train metrics: dsc: 0.944 ; iou: 0.915 ; accuracy: 0.999 ; precision: 0.964 ; recall: 0.948 ; loss: 0.054
2019-02-08 23:59:49,804:INFO: - Eval metrics : dsc: 0.920 ; iou: 0.873 ; accuracy: 0.998 ; precision: 0.941 ; recall: 0.923 ; loss: 0.078
2019-02-08 23:59:49,870:INFO: Loading the datasets...
2019-02-08 23:59:54,039:INFO: - done.
2019-02-08 23:59:54,039:INFO: For k-fold 3/5:
2019-02-08 23:59:54,039:INFO: Starting training for 45 epoch(s)
2019-02-08 23:59:54,039:INFO: Restoring parameters from experiments/EPI/model_ModelA_transfer/data_augmentation/data_rot/batch_size_30/learning_rate_0.0001/ENDO-modelA_random-data_rot-batch_size_3-learning_rate_1e-04-best.pth.tar
2019-02-08 23:59:54,057:INFO: Epoch 1/45
2019-02-09 00:00:04,461:INFO: - Train metrics: dsc: 0.803 ; iou: 0.701 ; accuracy: 0.995 ; precision: 0.920 ; recall: 0.768 ; loss: 0.197
2019-02-09 00:00:05,623:INFO: - Eval metrics : dsc: 0.866 ; iou: 0.795 ; accuracy: 0.997 ; precision: 0.944 ; recall: 0.843 ; loss: 0.132
2019-02-09 00:00:05,651:INFO: - Found new best DSC
2019-02-09 00:00:05,651:INFO: Epoch 2/45
2019-02-09 00:00:16,138:INFO: - Train metrics: dsc: 0.896 ; iou: 0.835 ; accuracy: 0.998 ; precision: 0.928 ; recall: 0.898 ; loss: 0.105
2019-02-09 00:00:17,308:INFO: - Eval metrics : dsc: 0.889 ; iou: 0.831 ; accuracy: 0.998 ; precision: 0.925 ; recall: 0.895 ; loss: 0.109
2019-02-09 00:00:17,347:INFO: - Found new best DSC
2019-02-09 00:00:17,347:INFO: Epoch 3/45
2019-02-09 00:00:27,796:INFO: - Train metrics: dsc: 0.906 ; iou: 0.850 ; accuracy: 0.998 ; precision: 0.931 ; recall: 0.909 ; loss: 0.094
2019-02-09 00:00:28,960:INFO: - Eval metrics : dsc: 0.894 ; iou: 0.839 ; accuracy: 0.998 ; precision: 0.928 ; recall: 0.900 ; loss: 0.104
2019-02-09 00:00:28,984:INFO: - Found new best DSC
2019-02-09 00:00:28,984:INFO: Epoch 4/45
2019-02-09 00:00:39,442:INFO: - Train metrics: dsc: 0.912 ; iou: 0.860 ; accuracy: 0.998 ; precision: 0.938 ; recall: 0.916 ; loss: 0.087
2019-02-09 00:00:40,589:INFO: - Eval metrics : dsc: 0.897 ; iou: 0.843 ; accuracy: 0.998 ; precision: 0.933 ; recall: 0.901 ; loss: 0.102
2019-02-09 00:00:40,610:INFO: - Found new best DSC
2019-02-09 00:00:40,610:INFO: Epoch 5/45
2019-02-09 00:00:51,059:INFO: - Train metrics: dsc: 0.917 ; iou: 0.867 ; accuracy: 0.998 ; precision: 0.941 ; recall: 0.919 ; loss: 0.083
2019-02-09 00:00:52,244:INFO: - Eval metrics : dsc: 0.896 ; iou: 0.844 ; accuracy: 0.998 ; precision: 0.938 ; recall: 0.896 ; loss: 0.102
2019-02-09 00:00:52,285:INFO: Epoch 6/45
2019-02-09 00:01:02,741:INFO: - Train metrics: dsc: 0.918 ; iou: 0.869 ; accuracy: 0.998 ; precision: 0.944 ; recall: 0.920 ; loss: 0.082
2019-02-09 00:01:03,925:INFO: - Eval metrics : dsc: 0.900 ; iou: 0.849 ; accuracy: 0.998 ; precision: 0.937 ; recall: 0.902 ; loss: 0.098
2019-02-09 00:01:03,946:INFO: - Found new best DSC
2019-02-09 00:01:03,946:INFO: Epoch 7/45
2019-02-09 00:01:14,478:INFO: - Train metrics: dsc: 0.919 ; iou: 0.872 ; accuracy: 0.998 ; precision: 0.942 ; recall: 0.925 ; loss: 0.080
2019-02-09 00:01:15,642:INFO: - Eval metrics : dsc: 0.901 ; iou: 0.851 ; accuracy: 0.998 ; precision: 0.937 ; recall: 0.904 ; loss: 0.097
2019-02-09 00:01:15,667:INFO: - Found new best DSC
2019-02-09 00:01:15,667:INFO: Epoch 8/45
2019-02-09 00:01:26,169:INFO: - Train metrics: dsc: 0.921 ; iou: 0.875 ; accuracy: 0.998 ; precision: 0.941 ; recall: 0.926 ; loss: 0.078
2019-02-09 00:01:27,323:INFO: - Eval metrics : dsc: 0.900 ; iou: 0.847 ; accuracy: 0.998 ; precision: 0.949 ; recall: 0.888 ; loss: 0.098
2019-02-09 00:01:27,345:INFO: Epoch 9/45
2019-02-09 00:01:37,781:INFO: - Train metrics: dsc: 0.920 ; iou: 0.873 ; accuracy: 0.998 ; precision: 0.943 ; recall: 0.922 ; loss: 0.079
2019-02-09 00:01:38,987:INFO: - Eval metrics : dsc: 0.902 ; iou: 0.853 ; accuracy: 0.998 ; precision: 0.946 ; recall: 0.901 ; loss: 0.096
2019-02-09 00:01:39,012:INFO: - Found new best DSC
2019-02-09 00:01:39,012:INFO: Epoch 10/45
2019-02-09 00:01:49,416:INFO: - Train metrics: dsc: 0.924 ; iou: 0.879 ; accuracy: 0.998 ; precision: 0.946 ; recall: 0.929 ; loss: 0.076
2019-02-09 00:01:50,653:INFO: - Eval metrics : dsc: 0.902 ; iou: 0.852 ; accuracy: 0.998 ; precision: 0.937 ; recall: 0.905 ; loss: 0.098
2019-02-09 00:01:50,675:INFO: Epoch 11/45
2019-02-09 00:02:01,189:INFO: - Train metrics: dsc: 0.925 ; iou: 0.882 ; accuracy: 0.998 ; precision: 0.947 ; recall: 0.929 ; loss: 0.074
2019-02-09 00:02:02,405:INFO: - Eval metrics : dsc: 0.905 ; iou: 0.857 ; accuracy: 0.998 ; precision: 0.934 ; recall: 0.908 ; loss: 0.093
2019-02-09 00:02:02,434:INFO: - Found new best DSC
2019-02-09 00:02:02,434:INFO: Epoch 12/45
2019-02-09 00:02:12,946:INFO: - Train metrics: dsc: 0.927 ; iou: 0.884 ; accuracy: 0.998 ; precision: 0.949 ; recall: 0.931 ; loss: 0.072
2019-02-09 00:02:14,065:INFO: - Eval metrics : dsc: 0.905 ; iou: 0.857 ; accuracy: 0.998 ; precision: 0.915 ; recall: 0.919 ; loss: 0.094
2019-02-09 00:02:14,095:INFO: - Found new best DSC
2019-02-09 00:02:14,095:INFO: Epoch 13/45
2019-02-09 00:02:24,678:INFO: - Train metrics: dsc: 0.928 ; iou: 0.885 ; accuracy: 0.998 ; precision: 0.948 ; recall: 0.932 ; loss: 0.072
2019-02-09 00:02:25,853:INFO: - Eval metrics : dsc: 0.905 ; iou: 0.858 ; accuracy: 0.998 ; precision: 0.940 ; recall: 0.904 ; loss: 0.092
2019-02-09 00:02:25,903:INFO: - Found new best DSC
2019-02-09 00:02:25,904:INFO: Epoch 14/45
2019-02-09 00:02:36,327:INFO: - Train metrics: dsc: 0.929 ; iou: 0.887 ; accuracy: 0.998 ; precision: 0.949 ; recall: 0.933 ; loss: 0.070
2019-02-09 00:02:37,496:INFO: - Eval metrics : dsc: 0.906 ; iou: 0.859 ; accuracy: 0.998 ; precision: 0.941 ; recall: 0.904 ; loss: 0.091
2019-02-09 00:02:37,527:INFO: - Found new best DSC
2019-02-09 00:02:37,527:INFO: Epoch 15/45
2019-02-09 00:02:48,012:INFO: - Train metrics: dsc: 0.930 ; iou: 0.890 ; accuracy: 0.998 ; precision: 0.952 ; recall: 0.934 ; loss: 0.069
2019-02-09 00:02:49,254:INFO: - Eval metrics : dsc: 0.907 ; iou: 0.860 ; accuracy: 0.998 ; precision: 0.932 ; recall: 0.915 ; loss: 0.090
2019-02-09 00:02:49,275:INFO: - Found new best DSC
2019-02-09 00:02:49,276:INFO: Epoch 16/45
2019-02-09 00:02:59,732:INFO: - Train metrics: dsc: 0.931 ; iou: 0.891 ; accuracy: 0.998 ; precision: 0.951 ; recall: 0.936 ; loss: 0.068
2019-02-09 00:03:00,927:INFO: - Eval metrics : dsc: 0.907 ; iou: 0.861 ; accuracy: 0.998 ; precision: 0.932 ; recall: 0.916 ; loss: 0.090
2019-02-09 00:03:00,952:INFO: - Found new best DSC
2019-02-09 00:03:00,952:INFO: Epoch 17/45
2019-02-09 00:03:11,473:INFO: - Train metrics: dsc: 0.932 ; iou: 0.892 ; accuracy: 0.998 ; precision: 0.952 ; recall: 0.935 ; loss: 0.067
2019-02-09 00:03:12,601:INFO: - Eval metrics : dsc: 0.908 ; iou: 0.862 ; accuracy: 0.998 ; precision: 0.941 ; recall: 0.907 ; loss: 0.089
2019-02-09 00:03:12,626:INFO: - Found new best DSC
2019-02-09 00:03:12,626:INFO: Epoch 18/45
2019-02-09 00:03:23,129:INFO: - Train metrics: dsc: 0.933 ; iou: 0.894 ; accuracy: 0.999 ; precision: 0.951 ; recall: 0.937 ; loss: 0.066
2019-02-09 00:03:24,348:INFO: - Eval metrics : dsc: 0.907 ; iou: 0.860 ; accuracy: 0.998 ; precision: 0.937 ; recall: 0.910 ; loss: 0.090
2019-02-09 00:03:24,374:INFO: Epoch 19/45
2019-02-09 00:03:34,841:INFO: - Train metrics: dsc: 0.932 ; iou: 0.891 ; accuracy: 0.998 ; precision: 0.950 ; recall: 0.936 ; loss: 0.067
2019-02-09 00:03:36,026:INFO: - Eval metrics : dsc: 0.906 ; iou: 0.860 ; accuracy: 0.998 ; precision: 0.939 ; recall: 0.907 ; loss: 0.091
2019-02-09 00:03:36,057:INFO: Epoch 20/45
2019-02-09 00:03:46,525:INFO: - Train metrics: dsc: 0.933 ; iou: 0.894 ; accuracy: 0.998 ; precision: 0.950 ; recall: 0.938 ; loss: 0.066
2019-02-09 00:03:47,717:INFO: - Eval metrics : dsc: 0.906 ; iou: 0.860 ; accuracy: 0.998 ; precision: 0.944 ; recall: 0.902 ; loss: 0.091
2019-02-09 00:03:47,751:INFO: Epoch 21/45
2019-02-09 00:03:58,174:INFO: - Train metrics: dsc: 0.935 ; iou: 0.896 ; accuracy: 0.999 ; precision: 0.953 ; recall: 0.939 ; loss: 0.064
2019-02-09 00:03:59,402:INFO: - Eval metrics : dsc: 0.908 ; iou: 0.862 ; accuracy: 0.998 ; precision: 0.928 ; recall: 0.920 ; loss: 0.089
2019-02-09 00:03:59,430:INFO: - Found new best DSC
2019-02-09 00:03:59,430:INFO: Epoch 22/45
2019-02-09 00:04:09,911:INFO: - Train metrics: dsc: 0.936 ; iou: 0.898 ; accuracy: 0.999 ; precision: 0.955 ; recall: 0.940 ; loss: 0.063
2019-02-09 00:04:11,063:INFO: - Eval metrics : dsc: 0.908 ; iou: 0.864 ; accuracy: 0.998 ; precision: 0.941 ; recall: 0.909 ; loss: 0.088
2019-02-09 00:04:11,086:INFO: - Found new best DSC
2019-02-09 00:04:11,086:INFO: Epoch 23/45
2019-02-09 00:04:21,472:INFO: - Train metrics: dsc: 0.936 ; iou: 0.899 ; accuracy: 0.999 ; precision: 0.954 ; recall: 0.941 ; loss: 0.063
2019-02-09 00:04:22,645:INFO: - Eval metrics : dsc: 0.907 ; iou: 0.861 ; accuracy: 0.998 ; precision: 0.949 ; recall: 0.899 ; loss: 0.090
2019-02-09 00:04:22,668:INFO: Epoch 24/45
2019-02-09 00:04:33,132:INFO: - Train metrics: dsc: 0.937 ; iou: 0.900 ; accuracy: 0.999 ; precision: 0.957 ; recall: 0.940 ; loss: 0.062
2019-02-09 00:04:34,278:INFO: - Eval metrics : dsc: 0.910 ; iou: 0.864 ; accuracy: 0.998 ; precision: 0.942 ; recall: 0.911 ; loss: 0.087
2019-02-09 00:04:34,308:INFO: - Found new best DSC
2019-02-09 00:04:34,308:INFO: Epoch 25/45
2019-02-09 00:04:44,778:INFO: - Train metrics: dsc: 0.937 ; iou: 0.901 ; accuracy: 0.999 ; precision: 0.954 ; recall: 0.942 ; loss: 0.062
2019-02-09 00:04:45,967:INFO: - Eval metrics : dsc: 0.909 ; iou: 0.864 ; accuracy: 0.998 ; precision: 0.941 ; recall: 0.910 ; loss: 0.088
2019-02-09 00:04:45,994:INFO: Epoch 26/45
2019-02-09 00:04:56,511:INFO: - Train metrics: dsc: 0.938 ; iou: 0.903 ; accuracy: 0.999 ; precision: 0.956 ; recall: 0.942 ; loss: 0.061
2019-02-09 00:04:57,706:INFO: - Eval metrics : dsc: 0.910 ; iou: 0.865 ; accuracy: 0.998 ; precision: 0.933 ; recall: 0.919 ; loss: 0.087
2019-02-09 00:04:57,748:INFO: - Found new best DSC
2019-02-09 00:04:57,748:INFO: Epoch 27/45
2019-02-09 00:05:08,161:INFO: - Train metrics: dsc: 0.938 ; iou: 0.903 ; accuracy: 0.999 ; precision: 0.957 ; recall: 0.942 ; loss: 0.061
2019-02-09 00:05:09,305:INFO: - Eval metrics : dsc: 0.909 ; iou: 0.865 ; accuracy: 0.998 ; precision: 0.945 ; recall: 0.907 ; loss: 0.087
2019-02-09 00:05:09,331:INFO: Epoch 28/45
2019-02-09 00:05:19,782:INFO: - Train metrics: dsc: 0.939 ; iou: 0.904 ; accuracy: 0.999 ; precision: 0.956 ; recall: 0.943 ; loss: 0.060
2019-02-09 00:05:20,936:INFO: - Eval metrics : dsc: 0.910 ; iou: 0.866 ; accuracy: 0.998 ; precision: 0.940 ; recall: 0.912 ; loss: 0.087
2019-02-09 00:05:20,961:INFO: - Found new best DSC
2019-02-09 00:05:20,961:INFO: Epoch 29/45
2019-02-09 00:05:31,375:INFO: - Train metrics: dsc: 0.940 ; iou: 0.905 ; accuracy: 0.999 ; precision: 0.955 ; recall: 0.943 ; loss: 0.059
2019-02-09 00:05:32,568:INFO: - Eval metrics : dsc: 0.910 ; iou: 0.867 ; accuracy: 0.998 ; precision: 0.941 ; recall: 0.912 ; loss: 0.086
2019-02-09 00:05:32,591:INFO: - Found new best DSC
2019-02-09 00:05:32,591:INFO: Epoch 30/45
2019-02-09 00:05:43,000:INFO: - Train metrics: dsc: 0.941 ; iou: 0.908 ; accuracy: 0.999 ; precision: 0.959 ; recall: 0.945 ; loss: 0.057
2019-02-09 00:05:44,137:INFO: - Eval metrics : dsc: 0.909 ; iou: 0.865 ; accuracy: 0.998 ; precision: 0.945 ; recall: 0.907 ; loss: 0.088
2019-02-09 00:05:44,159:INFO: Epoch 31/45
2019-02-09 00:05:54,640:INFO: - Train metrics: dsc: 0.942 ; iou: 0.908 ; accuracy: 0.999 ; precision: 0.959 ; recall: 0.945 ; loss: 0.057
2019-02-09 00:05:55,852:INFO: - Eval metrics : dsc: 0.909 ; iou: 0.864 ; accuracy: 0.998 ; precision: 0.946 ; recall: 0.905 ; loss: 0.088
2019-02-09 00:05:55,870:INFO: Epoch 32/45
2019-02-09 00:06:06,356:INFO: - Train metrics: dsc: 0.941 ; iou: 0.907 ; accuracy: 0.999 ; precision: 0.959 ; recall: 0.944 ; loss: 0.058
2019-02-09 00:06:07,601:INFO: - Eval metrics : dsc: 0.912 ; iou: 0.868 ; accuracy: 0.998 ; precision: 0.936 ; recall: 0.919 ; loss: 0.085
2019-02-09 00:06:07,635:INFO: - Found new best DSC
2019-02-09 00:06:07,635:INFO: Epoch 33/45
2019-02-09 00:06:18,200:INFO: - Train metrics: dsc: 0.942 ; iou: 0.908 ; accuracy: 0.999 ; precision: 0.959 ; recall: 0.946 ; loss: 0.057
2019-02-09 00:06:19,400:INFO: - Eval metrics : dsc: 0.910 ; iou: 0.866 ; accuracy: 0.998 ; precision: 0.939 ; recall: 0.914 ; loss: 0.087
2019-02-09 00:06:19,420:INFO: Epoch 34/45
2019-02-09 00:06:29,818:INFO: - Train metrics: dsc: 0.940 ; iou: 0.906 ; accuracy: 0.999 ; precision: 0.958 ; recall: 0.943 ; loss: 0.059
2019-02-09 00:06:31,047:INFO: - Eval metrics : dsc: 0.910 ; iou: 0.865 ; accuracy: 0.998 ; precision: 0.938 ; recall: 0.914 ; loss: 0.087
2019-02-09 00:06:31,075:INFO: Epoch 35/45
2019-02-09 00:06:41,503:INFO: - Train metrics: dsc: 0.941 ; iou: 0.908 ; accuracy: 0.999 ; precision: 0.959 ; recall: 0.945 ; loss: 0.058
2019-02-09 00:06:42,693:INFO: - Eval metrics : dsc: 0.909 ; iou: 0.865 ; accuracy: 0.998 ; precision: 0.947 ; recall: 0.905 ; loss: 0.088
2019-02-09 00:06:42,709:INFO: Epoch 36/45
2019-02-09 00:06:53,261:INFO: - Train metrics: dsc: 0.941 ; iou: 0.909 ; accuracy: 0.999 ; precision: 0.960 ; recall: 0.945 ; loss: 0.057
2019-02-09 00:06:54,419:INFO: - Eval metrics : dsc: 0.911 ; iou: 0.867 ; accuracy: 0.998 ; precision: 0.942 ; recall: 0.912 ; loss: 0.086
2019-02-09 00:06:54,441:INFO: Epoch 37/45
2019-02-09 00:07:04,873:INFO: - Train metrics: dsc: 0.942 ; iou: 0.911 ; accuracy: 0.999 ; precision: 0.962 ; recall: 0.945 ; loss: 0.056
2019-02-09 00:07:06,050:INFO: - Eval metrics : dsc: 0.911 ; iou: 0.867 ; accuracy: 0.998 ; precision: 0.940 ; recall: 0.914 ; loss: 0.086
2019-02-09 00:07:06,066:INFO: Epoch 38/45
2019-02-09 00:07:16,513:INFO: - Train metrics: dsc: 0.943 ; iou: 0.912 ; accuracy: 0.999 ; precision: 0.962 ; recall: 0.947 ; loss: 0.055
2019-02-09 00:07:17,769:INFO: - Eval metrics : dsc: 0.910 ; iou: 0.866 ; accuracy: 0.998 ; precision: 0.947 ; recall: 0.906 ; loss: 0.087
2019-02-09 00:07:17,794:INFO: Epoch 39/45
2019-02-09 00:07:28,279:INFO: - Train metrics: dsc: 0.943 ; iou: 0.912 ; accuracy: 0.999 ; precision: 0.963 ; recall: 0.945 ; loss: 0.055
2019-02-09 00:07:29,491:INFO: - Eval metrics : dsc: 0.911 ; iou: 0.868 ; accuracy: 0.998 ; precision: 0.936 ; recall: 0.919 ; loss: 0.085
2019-02-09 00:07:29,512:INFO: Epoch 40/45
2019-02-09 00:07:39,930:INFO: - Train metrics: dsc: 0.944 ; iou: 0.913 ; accuracy: 0.999 ; precision: 0.961 ; recall: 0.948 ; loss: 0.055
2019-02-09 00:07:41,137:INFO: - Eval metrics : dsc: 0.911 ; iou: 0.868 ; accuracy: 0.998 ; precision: 0.935 ; recall: 0.916 ; loss: 0.085
2019-02-09 00:07:41,165:INFO: Epoch 41/45
2019-02-09 00:07:51,713:INFO: - Train metrics: dsc: 0.944 ; iou: 0.914 ; accuracy: 0.999 ; precision: 0.963 ; recall: 0.947 ; loss: 0.055
2019-02-09 00:07:52,969:INFO: - Eval metrics : dsc: 0.911 ; iou: 0.867 ; accuracy: 0.998 ; precision: 0.942 ; recall: 0.912 ; loss: 0.086
2019-02-09 00:07:52,991:INFO: Epoch 42/45
2019-02-09 00:08:03,481:INFO: - Train metrics: dsc: 0.945 ; iou: 0.915 ; accuracy: 0.999 ; precision: 0.964 ; recall: 0.948 ; loss: 0.054
2019-02-09 00:08:04,707:INFO: - Eval metrics : dsc: 0.913 ; iou: 0.869 ; accuracy: 0.998 ; precision: 0.942 ; recall: 0.914 ; loss: 0.084
2019-02-09 00:08:04,732:INFO: - Found new best DSC
2019-02-09 00:08:04,733:INFO: Epoch 43/45
2019-02-09 00:08:15,288:INFO: - Train metrics: dsc: 0.945 ; iou: 0.914 ; accuracy: 0.999 ; precision: 0.962 ; recall: 0.949 ; loss: 0.054
2019-02-09 00:08:16,491:INFO: - Eval metrics : dsc: 0.911 ; iou: 0.867 ; accuracy: 0.998 ; precision: 0.946 ; recall: 0.909 ; loss: 0.086
2019-02-09 00:08:16,512:INFO: Epoch 44/45
2019-02-09 00:08:26,956:INFO: - Train metrics: dsc: 0.945 ; iou: 0.914 ; accuracy: 0.999 ; precision: 0.961 ; recall: 0.949 ; loss: 0.054
2019-02-09 00:08:28,178:INFO: - Eval metrics : dsc: 0.910 ; iou: 0.866 ; accuracy: 0.998 ; precision: 0.935 ; recall: 0.918 ; loss: 0.086
2019-02-09 00:08:28,197:INFO: Epoch 45/45
2019-02-09 00:08:38,707:INFO: - Train metrics: dsc: 0.945 ; iou: 0.912 ; accuracy: 0.999 ; precision: 0.960 ; recall: 0.949 ; loss: 0.054
2019-02-09 00:08:39,884:INFO: - Eval metrics : dsc: 0.913 ; iou: 0.869 ; accuracy: 0.998 ; precision: 0.944 ; recall: 0.912 ; loss: 0.083
2019-02-09 00:08:39,903:INFO: - Found new best DSC
2019-02-09 00:08:39,942:INFO: Loading the datasets...
2019-02-09 00:08:44,117:INFO: - done.
2019-02-09 00:08:44,117:INFO: For k-fold 4/5:
2019-02-09 00:08:44,117:INFO: Starting training for 45 epoch(s)
2019-02-09 00:08:44,117:INFO: Restoring parameters from experiments/EPI/model_ModelA_transfer/data_augmentation/data_rot/batch_size_30/learning_rate_0.0001/ENDO-modelA_random-data_rot-batch_size_3-learning_rate_1e-04-best.pth.tar
2019-02-09 00:08:44,134:INFO: Epoch 1/45
2019-02-09 00:08:54,569:INFO: - Train metrics: dsc: 0.798 ; iou: 0.694 ; accuracy: 0.995 ; precision: 0.912 ; recall: 0.766 ; loss: 0.202
2019-02-09 00:08:55,723:INFO: - Eval metrics : dsc: 0.881 ; iou: 0.807 ; accuracy: 0.997 ; precision: 0.935 ; recall: 0.865 ; loss: 0.119
2019-02-09 00:08:55,748:INFO: - Found new best DSC
2019-02-09 00:08:55,748:INFO: Epoch 2/45
2019-02-09 00:09:06,186:INFO: - Train metrics: dsc: 0.895 ; iou: 0.833 ; accuracy: 0.997 ; precision: 0.925 ; recall: 0.900 ; loss: 0.105
2019-02-09 00:09:07,323:INFO: - Eval metrics : dsc: 0.900 ; iou: 0.837 ; accuracy: 0.998 ; precision: 0.926 ; recall: 0.902 ; loss: 0.101
2019-02-09 00:09:07,341:INFO: - Found new best DSC
2019-02-09 00:09:07,342:INFO: Epoch 3/45
2019-02-09 00:09:17,790:INFO: - Train metrics: dsc: 0.906 ; iou: 0.850 ; accuracy: 0.998 ; precision: 0.926 ; recall: 0.911 ; loss: 0.095
2019-02-09 00:09:18,957:INFO: - Eval metrics : dsc: 0.903 ; iou: 0.843 ; accuracy: 0.998 ; precision: 0.911 ; recall: 0.922 ; loss: 0.097
2019-02-09 00:09:18,980:INFO: - Found new best DSC
2019-02-09 00:09:18,980:INFO: Epoch 4/45
2019-02-09 00:09:29,405:INFO: - Train metrics: dsc: 0.913 ; iou: 0.859 ; accuracy: 0.998 ; precision: 0.929 ; recall: 0.918 ; loss: 0.087
2019-02-09 00:09:30,611:INFO: - Eval metrics : dsc: 0.906 ; iou: 0.847 ; accuracy: 0.998 ; precision: 0.933 ; recall: 0.909 ; loss: 0.094
2019-02-09 00:09:30,646:INFO: - Found new best DSC
2019-02-09 00:09:30,647:INFO: Epoch 5/45
2019-02-09 00:09:41,095:INFO: - Train metrics: dsc: 0.918 ; iou: 0.866 ; accuracy: 0.998 ; precision: 0.936 ; recall: 0.922 ; loss: 0.082
2019-02-09 00:09:42,293:INFO: - Eval metrics : dsc: 0.909 ; iou: 0.854 ; accuracy: 0.998 ; precision: 0.933 ; recall: 0.915 ; loss: 0.090
2019-02-09 00:09:42,323:INFO: - Found new best DSC
2019-02-09 00:09:42,323:INFO: Epoch 6/45
2019-02-09 00:09:52,794:INFO: - Train metrics: dsc: 0.921 ; iou: 0.871 ; accuracy: 0.998 ; precision: 0.940 ; recall: 0.924 ; loss: 0.079
2019-02-09 00:09:53,996:INFO: - Eval metrics : dsc: 0.912 ; iou: 0.857 ; accuracy: 0.998 ; precision: 0.931 ; recall: 0.921 ; loss: 0.087
2019-02-09 00:09:54,021:INFO: - Found new best DSC
2019-02-09 00:09:54,021:INFO: Epoch 7/45
2019-02-09 00:10:04,468:INFO: - Train metrics: dsc: 0.923 ; iou: 0.874 ; accuracy: 0.998 ; precision: 0.941 ; recall: 0.928 ; loss: 0.077
2019-02-09 00:10:05,620:INFO: - Eval metrics : dsc: 0.913 ; iou: 0.858 ; accuracy: 0.998 ; precision: 0.930 ; recall: 0.923 ; loss: 0.086
2019-02-09 00:10:05,646:INFO: - Found new best DSC
2019-02-09 00:10:05,646:INFO: Epoch 8/45
2019-02-09 00:10:16,062:INFO: - Train metrics: dsc: 0.925 ; iou: 0.879 ; accuracy: 0.998 ; precision: 0.941 ; recall: 0.931 ; loss: 0.075
2019-02-09 00:10:17,246:INFO: - Eval metrics : dsc: 0.913 ; iou: 0.859 ; accuracy: 0.998 ; precision: 0.938 ; recall: 0.916 ; loss: 0.086
2019-02-09 00:10:17,268:INFO: Epoch 9/45
2019-02-09 00:10:27,681:INFO: - Train metrics: dsc: 0.927 ; iou: 0.882 ; accuracy: 0.998 ; precision: 0.946 ; recall: 0.930 ; loss: 0.073
2019-02-09 00:10:28,851:INFO: - Eval metrics : dsc: 0.913 ; iou: 0.861 ; accuracy: 0.998 ; precision: 0.934 ; recall: 0.922 ; loss: 0.086
2019-02-09 00:10:28,883:INFO: - Found new best DSC
2019-02-09 00:10:28,883:INFO: Epoch 10/45
2019-02-09 00:10:39,425:INFO: - Train metrics: dsc: 0.928 ; iou: 0.884 ; accuracy: 0.998 ; precision: 0.946 ; recall: 0.932 ; loss: 0.071
2019-02-09 00:10:40,680:INFO: - Eval metrics : dsc: 0.914 ; iou: 0.861 ; accuracy: 0.998 ; precision: 0.922 ; recall: 0.934 ; loss: 0.085
2019-02-09 00:10:40,703:INFO: - Found new best DSC
2019-02-09 00:10:40,704:INFO: Epoch 11/45
2019-02-09 00:10:51,173:INFO: - Train metrics: dsc: 0.929 ; iou: 0.886 ; accuracy: 0.998 ; precision: 0.947 ; recall: 0.934 ; loss: 0.070
2019-02-09 00:10:52,332:INFO: - Eval metrics : dsc: 0.915 ; iou: 0.863 ; accuracy: 0.998 ; precision: 0.934 ; recall: 0.924 ; loss: 0.084
2019-02-09 00:10:52,356:INFO: - Found new best DSC
2019-02-09 00:10:52,356:INFO: Epoch 12/45
2019-02-09 00:11:02,885:INFO: - Train metrics: dsc: 0.931 ; iou: 0.888 ; accuracy: 0.998 ; precision: 0.949 ; recall: 0.934 ; loss: 0.068
2019-02-09 00:11:04,081:INFO: - Eval metrics : dsc: 0.918 ; iou: 0.867 ; accuracy: 0.998 ; precision: 0.933 ; recall: 0.929 ; loss: 0.081
2019-02-09 00:11:04,104:INFO: - Found new best DSC
2019-02-09 00:11:04,104:INFO: Epoch 13/45
2019-02-09 00:11:14,624:INFO: - Train metrics: dsc: 0.931 ; iou: 0.889 ; accuracy: 0.998 ; precision: 0.949 ; recall: 0.935 ; loss: 0.068
2019-02-09 00:11:15,780:INFO: - Eval metrics : dsc: 0.917 ; iou: 0.866 ; accuracy: 0.998 ; precision: 0.945 ; recall: 0.916 ; loss: 0.081
2019-02-09 00:11:15,806:INFO: Epoch 14/45
2019-02-09 00:11:26,208:INFO: - Train metrics: dsc: 0.931 ; iou: 0.889 ; accuracy: 0.998 ; precision: 0.948 ; recall: 0.936 ; loss: 0.068
2019-02-09 00:11:27,405:INFO: - Eval metrics : dsc: 0.918 ; iou: 0.868 ; accuracy: 0.998 ; precision: 0.936 ; recall: 0.927 ; loss: 0.080
2019-02-09 00:11:27,439:INFO: - Found new best DSC
2019-02-09 00:11:27,440:INFO: Epoch 15/45
2019-02-09 00:11:37,848:INFO: - Train metrics: dsc: 0.933 ; iou: 0.892 ; accuracy: 0.998 ; precision: 0.949 ; recall: 0.936 ; loss: 0.066
2019-02-09 00:11:39,037:INFO: - Eval metrics : dsc: 0.916 ; iou: 0.866 ; accuracy: 0.998 ; precision: 0.923 ; recall: 0.935 ; loss: 0.082
2019-02-09 00:11:39,056:INFO: Epoch 16/45
2019-02-09 00:11:49,606:INFO: - Train metrics: dsc: 0.932 ; iou: 0.891 ; accuracy: 0.998 ; precision: 0.947 ; recall: 0.938 ; loss: 0.067
2019-02-09 00:11:50,784:INFO: - Eval metrics : dsc: 0.916 ; iou: 0.864 ; accuracy: 0.998 ; precision: 0.946 ; recall: 0.912 ; loss: 0.082
2019-02-09 00:11:50,808:INFO: Epoch 17/45
2019-02-09 00:12:01,274:INFO: - Train metrics: dsc: 0.933 ; iou: 0.892 ; accuracy: 0.998 ; precision: 0.948 ; recall: 0.939 ; loss: 0.066
2019-02-09 00:12:02,435:INFO: - Eval metrics : dsc: 0.920 ; iou: 0.870 ; accuracy: 0.998 ; precision: 0.932 ; recall: 0.933 ; loss: 0.078
2019-02-09 00:12:02,461:INFO: - Found new best DSC
2019-02-09 00:12:02,461:INFO: Epoch 18/45
2019-02-09 00:12:12,850:INFO: - Train metrics: dsc: 0.935 ; iou: 0.896 ; accuracy: 0.998 ; precision: 0.950 ; recall: 0.941 ; loss: 0.064
2019-02-09 00:12:14,034:INFO: - Eval metrics : dsc: 0.922 ; iou: 0.872 ; accuracy: 0.998 ; precision: 0.936 ; recall: 0.930 ; loss: 0.077
2019-02-09 00:12:14,062:INFO: - Found new best DSC
2019-02-09 00:12:14,063:INFO: Epoch 19/45
2019-02-09 00:12:24,538:INFO: - Train metrics: dsc: 0.937 ; iou: 0.898 ; accuracy: 0.999 ; precision: 0.951 ; recall: 0.942 ; loss: 0.062
2019-02-09 00:12:25,737:INFO: - Eval metrics : dsc: 0.922 ; iou: 0.874 ; accuracy: 0.998 ; precision: 0.940 ; recall: 0.929 ; loss: 0.076
2019-02-09 00:12:25,760:INFO: - Found new best DSC
2019-02-09 00:12:25,761:INFO: Epoch 20/45
2019-02-09 00:12:36,189:INFO: - Train metrics: dsc: 0.937 ; iou: 0.899 ; accuracy: 0.999 ; precision: 0.952 ; recall: 0.942 ; loss: 0.062
2019-02-09 00:12:37,367:INFO: - Eval metrics : dsc: 0.922 ; iou: 0.873 ; accuracy: 0.998 ; precision: 0.931 ; recall: 0.937 ; loss: 0.077
2019-02-09 00:12:37,383:INFO: Epoch 21/45
2019-02-09 00:12:47,885:INFO: - Train metrics: dsc: 0.937 ; iou: 0.900 ; accuracy: 0.999 ; precision: 0.951 ; recall: 0.943 ; loss: 0.061
2019-02-09 00:12:49,059:INFO: - Eval metrics : dsc: 0.922 ; iou: 0.873 ; accuracy: 0.998 ; precision: 0.928 ; recall: 0.939 ; loss: 0.077
2019-02-09 00:12:49,084:INFO: Epoch 22/45
2019-02-09 00:12:59,585:INFO: - Train metrics: dsc: 0.938 ; iou: 0.900 ; accuracy: 0.999 ; precision: 0.953 ; recall: 0.943 ; loss: 0.061
2019-02-09 00:13:00,740:INFO: - Eval metrics : dsc: 0.923 ; iou: 0.875 ; accuracy: 0.998 ; precision: 0.933 ; recall: 0.937 ; loss: 0.075
2019-02-09 00:13:00,766:INFO: - Found new best DSC
2019-02-09 00:13:00,766:INFO: Epoch 23/45
2019-02-09 00:13:11,149:INFO: - Train metrics: dsc: 0.939 ; iou: 0.902 ; accuracy: 0.999 ; precision: 0.953 ; recall: 0.945 ; loss: 0.060
2019-02-09 00:13:12,289:INFO: - Eval metrics : dsc: 0.923 ; iou: 0.875 ; accuracy: 0.998 ; precision: 0.943 ; recall: 0.926 ; loss: 0.076
2019-02-09 00:13:12,305:INFO: Epoch 24/45
2019-02-09 00:13:22,760:INFO: - Train metrics: dsc: 0.940 ; iou: 0.904 ; accuracy: 0.999 ; precision: 0.955 ; recall: 0.945 ; loss: 0.059
2019-02-09 00:13:23,939:INFO: - Eval metrics : dsc: 0.924 ; iou: 0.877 ; accuracy: 0.998 ; precision: 0.939 ; recall: 0.932 ; loss: 0.074
2019-02-09 00:13:23,967:INFO: - Found new best DSC
2019-02-09 00:13:23,967:INFO: Epoch 25/45
2019-02-09 00:13:34,383:INFO: - Train metrics: dsc: 0.940 ; iou: 0.904 ; accuracy: 0.999 ; precision: 0.955 ; recall: 0.944 ; loss: 0.059
2019-02-09 00:13:35,556:INFO: - Eval metrics : dsc: 0.923 ; iou: 0.875 ; accuracy: 0.998 ; precision: 0.929 ; recall: 0.940 ; loss: 0.076
2019-02-09 00:13:35,578:INFO: Epoch 26/45
2019-02-09 00:13:46,089:INFO: - Train metrics: dsc: 0.940 ; iou: 0.904 ; accuracy: 0.999 ; precision: 0.954 ; recall: 0.946 ; loss: 0.059
2019-02-09 00:13:47,236:INFO: - Eval metrics : dsc: 0.922 ; iou: 0.873 ; accuracy: 0.998 ; precision: 0.925 ; recall: 0.942 ; loss: 0.077
2019-02-09 00:13:47,251:INFO: Epoch 27/45
2019-02-09 00:13:57,693:INFO: - Train metrics: dsc: 0.940 ; iou: 0.905 ; accuracy: 0.999 ; precision: 0.955 ; recall: 0.946 ; loss: 0.058
2019-02-09 00:13:58,915:INFO: - Eval metrics : dsc: 0.924 ; iou: 0.877 ; accuracy: 0.998 ; precision: 0.934 ; recall: 0.938 ; loss: 0.074
2019-02-09 00:13:58,939:INFO: - Found new best DSC
2019-02-09 00:13:58,939:INFO: Epoch 28/45
2019-02-09 00:14:09,429:INFO: - Train metrics: dsc: 0.942 ; iou: 0.907 ; accuracy: 0.999 ; precision: 0.957 ; recall: 0.947 ; loss: 0.057
2019-02-09 00:14:10,636:INFO: - Eval metrics : dsc: 0.925 ; iou: 0.878 ; accuracy: 0.998 ; precision: 0.937 ; recall: 0.935 ; loss: 0.074
2019-02-09 00:14:10,663:INFO: - Found new best DSC
2019-02-09 00:14:10,664:INFO: Epoch 29/45
2019-02-09 00:14:21,073:INFO: - Train metrics: dsc: 0.942 ; iou: 0.908 ; accuracy: 0.999 ; precision: 0.958 ; recall: 0.948 ; loss: 0.056
2019-02-09 00:14:22,318:INFO: - Eval metrics : dsc: 0.923 ; iou: 0.877 ; accuracy: 0.998 ; precision: 0.940 ; recall: 0.932 ; loss: 0.075
2019-02-09 00:14:22,342:INFO: Epoch 30/45
2019-02-09 00:14:32,895:INFO: - Train metrics: dsc: 0.943 ; iou: 0.910 ; accuracy: 0.999 ; precision: 0.957 ; recall: 0.948 ; loss: 0.056
2019-02-09 00:14:34,100:INFO: - Eval metrics : dsc: 0.925 ; iou: 0.878 ; accuracy: 0.998 ; precision: 0.934 ; recall: 0.937 ; loss: 0.074
2019-02-09 00:14:34,126:INFO: Epoch 31/45
2019-02-09 00:14:44,586:INFO: - Train metrics: dsc: 0.943 ; iou: 0.910 ; accuracy: 0.999 ; precision: 0.958 ; recall: 0.949 ; loss: 0.055
2019-02-09 00:14:45,806:INFO: - Eval metrics : dsc: 0.924 ; iou: 0.877 ; accuracy: 0.998 ; precision: 0.942 ; recall: 0.930 ; loss: 0.074
2019-02-09 00:14:45,832:INFO: Epoch 32/45
2019-02-09 00:14:56,289:INFO: - Train metrics: dsc: 0.944 ; iou: 0.911 ; accuracy: 0.999 ; precision: 0.960 ; recall: 0.948 ; loss: 0.055
2019-02-09 00:14:57,450:INFO: - Eval metrics : dsc: 0.922 ; iou: 0.874 ; accuracy: 0.998 ; precision: 0.924 ; recall: 0.944 ; loss: 0.076
2019-02-09 00:14:57,476:INFO: Epoch 33/45
2019-02-09 00:15:07,979:INFO: - Train metrics: dsc: 0.945 ; iou: 0.912 ; accuracy: 0.999 ; precision: 0.960 ; recall: 0.949 ; loss: 0.054
2019-02-09 00:15:09,168:INFO: - Eval metrics : dsc: 0.923 ; iou: 0.876 ; accuracy: 0.998 ; precision: 0.934 ; recall: 0.937 ; loss: 0.076
2019-02-09 00:15:09,189:INFO: Epoch 34/45
2019-02-09 00:15:19,633:INFO: - Train metrics: dsc: 0.944 ; iou: 0.912 ; accuracy: 0.999 ; precision: 0.960 ; recall: 0.949 ; loss: 0.054
2019-02-09 00:15:20,853:INFO: - Eval metrics : dsc: 0.924 ; iou: 0.877 ; accuracy: 0.998 ; precision: 0.942 ; recall: 0.929 ; loss: 0.074
2019-02-09 00:15:20,878:INFO: Epoch 35/45
2019-02-09 00:15:31,293:INFO: - Train metrics: dsc: 0.945 ; iou: 0.913 ; accuracy: 0.999 ; precision: 0.961 ; recall: 0.950 ; loss: 0.054
2019-02-09 00:15:32,441:INFO: - Eval metrics : dsc: 0.925 ; iou: 0.878 ; accuracy: 0.998 ; precision: 0.940 ; recall: 0.934 ; loss: 0.073
2019-02-09 00:15:32,464:INFO: - Found new best DSC
2019-02-09 00:15:32,464:INFO: Epoch 36/45
2019-02-09 00:15:42,877:INFO: - Train metrics: dsc: 0.946 ; iou: 0.914 ; accuracy: 0.999 ; precision: 0.962 ; recall: 0.950 ; loss: 0.053
2019-02-09 00:15:44,036:INFO: - Eval metrics : dsc: 0.923 ; iou: 0.877 ; accuracy: 0.998 ; precision: 0.945 ; recall: 0.926 ; loss: 0.075
2019-02-09 00:15:44,058:INFO: Epoch 37/45
2019-02-09 00:15:54,534:INFO: - Train metrics: dsc: 0.947 ; iou: 0.915 ; accuracy: 0.999 ; precision: 0.961 ; recall: 0.950 ; loss: 0.052
2019-02-09 00:15:55,749:INFO: - Eval metrics : dsc: 0.923 ; iou: 0.877 ; accuracy: 0.998 ; precision: 0.936 ; recall: 0.935 ; loss: 0.075
2019-02-09 00:15:55,776:INFO: Epoch 38/45
2019-02-09 00:16:06,308:INFO: - Train metrics: dsc: 0.947 ; iou: 0.916 ; accuracy: 0.999 ; precision: 0.962 ; recall: 0.951 ; loss: 0.052
2019-02-09 00:16:07,416:INFO: - Eval metrics : dsc: 0.923 ; iou: 0.877 ; accuracy: 0.998 ; precision: 0.941 ; recall: 0.932 ; loss: 0.075
2019-02-09 00:16:07,442:INFO: Epoch 39/45
2019-02-09 00:16:17,973:INFO: - Train metrics: dsc: 0.947 ; iou: 0.916 ; accuracy: 0.999 ; precision: 0.961 ; recall: 0.951 ; loss: 0.052
2019-02-09 00:16:19,139:INFO: - Eval metrics : dsc: 0.923 ; iou: 0.877 ; accuracy: 0.998 ; precision: 0.929 ; recall: 0.938 ; loss: 0.076
2019-02-09 00:16:19,169:INFO: Epoch 40/45
2019-02-09 00:16:29,576:INFO: - Train metrics: dsc: 0.946 ; iou: 0.914 ; accuracy: 0.999 ; precision: 0.961 ; recall: 0.950 ; loss: 0.053
2019-02-09 00:16:30,765:INFO: - Eval metrics : dsc: 0.923 ; iou: 0.877 ; accuracy: 0.998 ; precision: 0.933 ; recall: 0.937 ; loss: 0.075
2019-02-09 00:16:30,786:INFO: Epoch 41/45
2019-02-09 00:16:41,316:INFO: - Train metrics: dsc: 0.945 ; iou: 0.913 ; accuracy: 0.999 ; precision: 0.962 ; recall: 0.947 ; loss: 0.054
2019-02-09 00:16:42,494:INFO: - Eval metrics : dsc: 0.921 ; iou: 0.874 ; accuracy: 0.998 ; precision: 0.946 ; recall: 0.920 ; loss: 0.077
2019-02-09 00:16:42,518:INFO: Epoch 42/45
2019-02-09 00:16:52,917:INFO: - Train metrics: dsc: 0.944 ; iou: 0.912 ; accuracy: 0.999 ; precision: 0.959 ; recall: 0.949 ; loss: 0.054
2019-02-09 00:16:54,109:INFO: - Eval metrics : dsc: 0.920 ; iou: 0.872 ; accuracy: 0.998 ; precision: 0.926 ; recall: 0.940 ; loss: 0.078
2019-02-09 00:16:54,145:INFO: Epoch 43/45
2019-02-09 00:17:04,594:INFO: - Train metrics: dsc: 0.945 ; iou: 0.912 ; accuracy: 0.999 ; precision: 0.961 ; recall: 0.948 ; loss: 0.054
2019-02-09 00:17:05,753:INFO: - Eval metrics : dsc: 0.922 ; iou: 0.876 ; accuracy: 0.998 ; precision: 0.937 ; recall: 0.934 ; loss: 0.076
2019-02-09 00:17:05,780:INFO: Epoch 44/45
2019-02-09 00:17:16,207:INFO: - Train metrics: dsc: 0.945 ; iou: 0.913 ; accuracy: 0.999 ; precision: 0.961 ; recall: 0.948 ; loss: 0.054
2019-02-09 00:17:17,365:INFO: - Eval metrics : dsc: 0.923 ; iou: 0.876 ; accuracy: 0.998 ; precision: 0.938 ; recall: 0.934 ; loss: 0.075
2019-02-09 00:17:17,388:INFO: Epoch 45/45
2019-02-09 00:17:27,885:INFO: - Train metrics: dsc: 0.941 ; iou: 0.906 ; accuracy: 0.999 ; precision: 0.953 ; recall: 0.947 ; loss: 0.057
2019-02-09 00:17:29,059:INFO: - Eval metrics : dsc: 0.925 ; iou: 0.878 ; accuracy: 0.998 ; precision: 0.939 ; recall: 0.933 ; loss: 0.074
2019-02-09 00:17:29,124:INFO: Loading the datasets...
2019-02-09 00:17:33,403:INFO: - done.
2019-02-09 00:17:33,404:INFO: For k-fold 5/5:
2019-02-09 00:17:33,404:INFO: Starting training for 45 epoch(s)
2019-02-09 00:17:33,404:INFO: Restoring parameters from experiments/EPI/model_ModelA_transfer/data_augmentation/data_rot/batch_size_30/learning_rate_0.0001/ENDO-modelA_random-data_rot-batch_size_3-learning_rate_1e-04-best.pth.tar
2019-02-09 00:17:33,421:INFO: Epoch 1/45
2019-02-09 00:17:43,801:INFO: - Train metrics: dsc: 0.797 ; iou: 0.691 ; accuracy: 0.995 ; precision: 0.913 ; recall: 0.763 ; loss: 0.203
2019-02-09 00:17:44,965:INFO: - Eval metrics : dsc: 0.867 ; iou: 0.798 ; accuracy: 0.997 ; precision: 0.947 ; recall: 0.843 ; loss: 0.133
2019-02-09 00:17:44,997:INFO: - Found new best DSC
2019-02-09 00:17:44,997:INFO: Epoch 2/45
2019-02-09 00:17:55,407:INFO: - Train metrics: dsc: 0.897 ; iou: 0.835 ; accuracy: 0.997 ; precision: 0.923 ; recall: 0.902 ; loss: 0.103
2019-02-09 00:17:56,642:INFO: - Eval metrics : dsc: 0.892 ; iou: 0.833 ; accuracy: 0.998 ; precision: 0.916 ; recall: 0.897 ; loss: 0.109
2019-02-09 00:17:56,667:INFO: - Found new best DSC
2019-02-09 00:17:56,667:INFO: Epoch 3/45
2019-02-09 00:18:07,074:INFO: - Train metrics: dsc: 0.908 ; iou: 0.851 ; accuracy: 0.998 ; precision: 0.933 ; recall: 0.911 ; loss: 0.091
2019-02-09 00:18:08,269:INFO: - Eval metrics : dsc: 0.893 ; iou: 0.838 ; accuracy: 0.998 ; precision: 0.927 ; recall: 0.900 ; loss: 0.107
2019-02-09 00:18:08,291:INFO: - Found new best DSC
2019-02-09 00:18:08,291:INFO: Epoch 4/45
2019-02-09 00:18:18,730:INFO: - Train metrics: dsc: 0.916 ; iou: 0.862 ; accuracy: 0.998 ; precision: 0.933 ; recall: 0.921 ; loss: 0.084
2019-02-09 00:18:19,894:INFO: - Eval metrics : dsc: 0.895 ; iou: 0.841 ; accuracy: 0.998 ; precision: 0.942 ; recall: 0.885 ; loss: 0.106
2019-02-09 00:18:19,923:INFO: - Found new best DSC
2019-02-09 00:18:19,923:INFO: Epoch 5/45
2019-02-09 00:18:30,336:INFO: - Train metrics: dsc: 0.919 ; iou: 0.867 ; accuracy: 0.998 ; precision: 0.938 ; recall: 0.923 ; loss: 0.080
2019-02-09 00:18:31,535:INFO: - Eval metrics : dsc: 0.898 ; iou: 0.846 ; accuracy: 0.998 ; precision: 0.948 ; recall: 0.888 ; loss: 0.102
2019-02-09 00:18:31,563:INFO: - Found new best DSC
2019-02-09 00:18:31,563:INFO: Epoch 6/45
2019-02-09 00:18:42,067:INFO: - Train metrics: dsc: 0.923 ; iou: 0.873 ; accuracy: 0.998 ; precision: 0.941 ; recall: 0.926 ; loss: 0.077
2019-02-09 00:18:43,206:INFO: - Eval metrics : dsc: 0.899 ; iou: 0.848 ; accuracy: 0.998 ; precision: 0.938 ; recall: 0.897 ; loss: 0.101
2019-02-09 00:18:43,235:INFO: - Found new best DSC
2019-02-09 00:18:43,235:INFO: Epoch 7/45
2019-02-09 00:18:53,682:INFO: - Train metrics: dsc: 0.925 ; iou: 0.877 ; accuracy: 0.998 ; precision: 0.942 ; recall: 0.929 ; loss: 0.074
2019-02-09 00:18:54,866:INFO: - Eval metrics : dsc: 0.901 ; iou: 0.851 ; accuracy: 0.998 ; precision: 0.933 ; recall: 0.905 ; loss: 0.098
2019-02-09 00:18:54,895:INFO: - Found new best DSC
2019-02-09 00:18:54,895:INFO: Epoch 8/45
2019-02-09 00:19:05,383:INFO: - Train metrics: dsc: 0.927 ; iou: 0.879 ; accuracy: 0.998 ; precision: 0.942 ; recall: 0.932 ; loss: 0.072
2019-02-09 00:19:06,551:INFO: - Eval metrics : dsc: 0.902 ; iou: 0.853 ; accuracy: 0.998 ; precision: 0.944 ; recall: 0.900 ; loss: 0.098
2019-02-09 00:19:06,578:INFO: - Found new best DSC
2019-02-09 00:19:06,578:INFO: Epoch 9/45
2019-02-09 00:19:17,014:INFO: - Train metrics: dsc: 0.928 ; iou: 0.881 ; accuracy: 0.998 ; precision: 0.945 ; recall: 0.931 ; loss: 0.071
2019-02-09 00:19:18,157:INFO: - Eval metrics : dsc: 0.905 ; iou: 0.856 ; accuracy: 0.998 ; precision: 0.942 ; recall: 0.901 ; loss: 0.095
2019-02-09 00:19:18,183:INFO: - Found new best DSC
2019-02-09 00:19:18,183:INFO: Epoch 10/45
2019-02-09 00:19:28,637:INFO: - Train metrics: dsc: 0.929 ; iou: 0.884 ; accuracy: 0.998 ; precision: 0.944 ; recall: 0.934 ; loss: 0.070
2019-02-09 00:19:29,838:INFO: - Eval metrics : dsc: 0.904 ; iou: 0.856 ; accuracy: 0.998 ; precision: 0.926 ; recall: 0.913 ; loss: 0.095
2019-02-09 00:19:29,859:INFO: Epoch 11/45
2019-02-09 00:19:40,451:INFO: - Train metrics: dsc: 0.931 ; iou: 0.886 ; accuracy: 0.998 ; precision: 0.946 ; recall: 0.935 ; loss: 0.068
2019-02-09 00:19:41,579:INFO: - Eval metrics : dsc: 0.905 ; iou: 0.859 ; accuracy: 0.998 ; precision: 0.935 ; recall: 0.907 ; loss: 0.094
2019-02-09 00:19:41,607:INFO: - Found new best DSC
2019-02-09 00:19:41,607:INFO: Epoch 12/45
2019-02-09 00:19:52,051:INFO: - Train metrics: dsc: 0.932 ; iou: 0.889 ; accuracy: 0.998 ; precision: 0.948 ; recall: 0.936 ; loss: 0.066
2019-02-09 00:19:53,237:INFO: - Eval metrics : dsc: 0.906 ; iou: 0.860 ; accuracy: 0.998 ; precision: 0.929 ; recall: 0.914 ; loss: 0.093
2019-02-09 00:19:53,268:INFO: - Found new best DSC
2019-02-09 00:19:53,268:INFO: Epoch 13/45
2019-02-09 00:20:03,809:INFO: - Train metrics: dsc: 0.933 ; iou: 0.891 ; accuracy: 0.998 ; precision: 0.946 ; recall: 0.939 ; loss: 0.065
2019-02-09 00:20:05,030:INFO: - Eval metrics : dsc: 0.906 ; iou: 0.859 ; accuracy: 0.998 ; precision: 0.955 ; recall: 0.899 ; loss: 0.094
2019-02-09 00:20:05,055:INFO: Epoch 14/45
2019-02-09 00:20:15,515:INFO: - Train metrics: dsc: 0.934 ; iou: 0.892 ; accuracy: 0.998 ; precision: 0.949 ; recall: 0.938 ; loss: 0.064
2019-02-09 00:20:16,679:INFO: - Eval metrics : dsc: 0.908 ; iou: 0.862 ; accuracy: 0.998 ; precision: 0.938 ; recall: 0.907 ; loss: 0.092
2019-02-09 00:20:16,705:INFO: - Found new best DSC
2019-02-09 00:20:16,705:INFO: Epoch 15/45
2019-02-09 00:20:27,161:INFO: - Train metrics: dsc: 0.935 ; iou: 0.893 ; accuracy: 0.998 ; precision: 0.948 ; recall: 0.938 ; loss: 0.064
2019-02-09 00:20:28,363:INFO: - Eval metrics : dsc: 0.907 ; iou: 0.861 ; accuracy: 0.998 ; precision: 0.956 ; recall: 0.896 ; loss: 0.092
2019-02-09 00:20:28,390:INFO: Epoch 16/45
2019-02-09 00:20:38,849:INFO: - Train metrics: dsc: 0.935 ; iou: 0.894 ; accuracy: 0.998 ; precision: 0.950 ; recall: 0.939 ; loss: 0.063
2019-02-09 00:20:40,065:INFO: - Eval metrics : dsc: 0.909 ; iou: 0.864 ; accuracy: 0.998 ; precision: 0.932 ; recall: 0.915 ; loss: 0.091
2019-02-09 00:20:40,098:INFO: - Found new best DSC
2019-02-09 00:20:40,098:INFO: Epoch 17/45
2019-02-09 00:20:50,581:INFO: - Train metrics: dsc: 0.937 ; iou: 0.897 ; accuracy: 0.998 ; precision: 0.951 ; recall: 0.940 ; loss: 0.062
2019-02-09 00:20:51,785:INFO: - Eval metrics : dsc: 0.909 ; iou: 0.864 ; accuracy: 0.998 ; precision: 0.934 ; recall: 0.913 ; loss: 0.090
2019-02-09 00:20:51,809:INFO: - Found new best DSC
2019-02-09 00:20:51,809:INFO: Epoch 18/45
2019-02-09 00:21:02,351:INFO: - Train metrics: dsc: 0.937 ; iou: 0.896 ; accuracy: 0.998 ; precision: 0.949 ; recall: 0.942 ; loss: 0.062
2019-02-09 00:21:03,484:INFO: - Eval metrics : dsc: 0.908 ; iou: 0.863 ; accuracy: 0.998 ; precision: 0.956 ; recall: 0.903 ; loss: 0.091
2019-02-09 00:21:03,506:INFO: Epoch 19/45
2019-02-09 00:21:13,970:INFO: - Train metrics: dsc: 0.937 ; iou: 0.897 ; accuracy: 0.998 ; precision: 0.950 ; recall: 0.943 ; loss: 0.061
2019-02-09 00:21:15,121:INFO: - Eval metrics : dsc: 0.910 ; iou: 0.866 ; accuracy: 0.998 ; precision: 0.945 ; recall: 0.913 ; loss: 0.089
2019-02-09 00:21:15,147:INFO: - Found new best DSC
2019-02-09 00:21:15,147:INFO: Epoch 20/45
2019-02-09 00:21:25,643:INFO: - Train metrics: dsc: 0.939 ; iou: 0.900 ; accuracy: 0.999 ; precision: 0.951 ; recall: 0.944 ; loss: 0.060
2019-02-09 00:21:26,832:INFO: - Eval metrics : dsc: 0.910 ; iou: 0.866 ; accuracy: 0.998 ; precision: 0.949 ; recall: 0.909 ; loss: 0.089
2019-02-09 00:21:26,853:INFO: Epoch 21/45
2019-02-09 00:21:37,328:INFO: - Train metrics: dsc: 0.940 ; iou: 0.902 ; accuracy: 0.999 ; precision: 0.954 ; recall: 0.943 ; loss: 0.059
2019-02-09 00:21:38,579:INFO: - Eval metrics : dsc: 0.911 ; iou: 0.867 ; accuracy: 0.998 ; precision: 0.935 ; recall: 0.920 ; loss: 0.088
2019-02-09 00:21:38,615:INFO: - Found new best DSC
2019-02-09 00:21:38,615:INFO: Epoch 22/45
2019-02-09 00:21:49,047:INFO: - Train metrics: dsc: 0.940 ; iou: 0.902 ; accuracy: 0.999 ; precision: 0.952 ; recall: 0.945 ; loss: 0.058
2019-02-09 00:21:50,213:INFO: - Eval metrics : dsc: 0.912 ; iou: 0.868 ; accuracy: 0.998 ; precision: 0.946 ; recall: 0.914 ; loss: 0.087
2019-02-09 00:21:50,237:INFO: - Found new best DSC
2019-02-09 00:21:50,237:INFO: Epoch 23/45
2019-02-09 00:22:00,752:INFO: - Train metrics: dsc: 0.941 ; iou: 0.904 ; accuracy: 0.999 ; precision: 0.953 ; recall: 0.945 ; loss: 0.058
2019-02-09 00:22:01,944:INFO: - Eval metrics : dsc: 0.913 ; iou: 0.869 ; accuracy: 0.998 ; precision: 0.951 ; recall: 0.911 ; loss: 0.086
2019-02-09 00:22:01,969:INFO: - Found new best DSC
2019-02-09 00:22:01,969:INFO: Epoch 24/45
2019-02-09 00:22:12,407:INFO: - Train metrics: dsc: 0.942 ; iou: 0.905 ; accuracy: 0.999 ; precision: 0.953 ; recall: 0.947 ; loss: 0.057
2019-02-09 00:22:13,577:INFO: - Eval metrics : dsc: 0.912 ; iou: 0.869 ; accuracy: 0.998 ; precision: 0.952 ; recall: 0.913 ; loss: 0.087
2019-02-09 00:22:13,595:INFO: Epoch 25/45
2019-02-09 00:22:24,108:INFO: - Train metrics: dsc: 0.943 ; iou: 0.906 ; accuracy: 0.999 ; precision: 0.955 ; recall: 0.947 ; loss: 0.056
2019-02-09 00:22:25,322:INFO: - Eval metrics : dsc: 0.912 ; iou: 0.867 ; accuracy: 0.998 ; precision: 0.931 ; recall: 0.920 ; loss: 0.087
2019-02-09 00:22:25,363:INFO: Epoch 26/45
2019-02-09 00:22:35,838:INFO: - Train metrics: dsc: 0.944 ; iou: 0.908 ; accuracy: 0.999 ; precision: 0.956 ; recall: 0.948 ; loss: 0.055
2019-02-09 00:22:37,052:INFO: - Eval metrics : dsc: 0.913 ; iou: 0.870 ; accuracy: 0.998 ; precision: 0.953 ; recall: 0.913 ; loss: 0.086
2019-02-09 00:22:37,075:INFO: - Found new best DSC
2019-02-09 00:22:37,075:INFO: Epoch 27/45
2019-02-09 00:22:47,554:INFO: - Train metrics: dsc: 0.945 ; iou: 0.909 ; accuracy: 0.999 ; precision: 0.956 ; recall: 0.947 ; loss: 0.054
2019-02-09 00:22:48,722:INFO: - Eval metrics : dsc: 0.913 ; iou: 0.870 ; accuracy: 0.998 ; precision: 0.955 ; recall: 0.911 ; loss: 0.086
2019-02-09 00:22:48,763:INFO: - Found new best DSC
2019-02-09 00:22:48,763:INFO: Epoch 28/45
2019-02-09 00:22:59,237:INFO: - Train metrics: dsc: 0.946 ; iou: 0.910 ; accuracy: 0.999 ; precision: 0.955 ; recall: 0.951 ; loss: 0.053
2019-02-09 00:23:00,426:INFO: - Eval metrics : dsc: 0.913 ; iou: 0.870 ; accuracy: 0.998 ; precision: 0.942 ; recall: 0.916 ; loss: 0.085
2019-02-09 00:23:00,456:INFO: - Found new best DSC
2019-02-09 00:23:00,456:INFO: Epoch 29/45
2019-02-09 00:23:10,931:INFO: - Train metrics: dsc: 0.946 ; iou: 0.911 ; accuracy: 0.999 ; precision: 0.956 ; recall: 0.950 ; loss: 0.052
2019-02-09 00:23:12,086:INFO: - Eval metrics : dsc: 0.914 ; iou: 0.870 ; accuracy: 0.998 ; precision: 0.953 ; recall: 0.909 ; loss: 0.085
2019-02-09 00:23:12,112:INFO: - Found new best DSC
2019-02-09 00:23:12,112:INFO: Epoch 30/45
2019-02-09 00:23:22,565:INFO: - Train metrics: dsc: 0.947 ; iou: 0.913 ; accuracy: 0.999 ; precision: 0.958 ; recall: 0.951 ; loss: 0.051
2019-02-09 00:23:23,749:INFO: - Eval metrics : dsc: 0.912 ; iou: 0.868 ; accuracy: 0.998 ; precision: 0.929 ; recall: 0.923 ; loss: 0.087
2019-02-09 00:23:23,785:INFO: Epoch 31/45
2019-02-09 00:23:34,274:INFO: - Train metrics: dsc: 0.946 ; iou: 0.911 ; accuracy: 0.999 ; precision: 0.957 ; recall: 0.949 ; loss: 0.053
2019-02-09 00:23:35,440:INFO: - Eval metrics : dsc: 0.914 ; iou: 0.870 ; accuracy: 0.998 ; precision: 0.952 ; recall: 0.915 ; loss: 0.085
2019-02-09 00:23:35,466:INFO: Epoch 32/45
2019-02-09 00:23:45,977:INFO: - Train metrics: dsc: 0.945 ; iou: 0.909 ; accuracy: 0.999 ; precision: 0.954 ; recall: 0.949 ; loss: 0.054
2019-02-09 00:23:47,182:INFO: - Eval metrics : dsc: 0.913 ; iou: 0.870 ; accuracy: 0.998 ; precision: 0.952 ; recall: 0.914 ; loss: 0.086
2019-02-09 00:23:47,241:INFO: Epoch 33/45
2019-02-09 00:23:57,701:INFO: - Train metrics: dsc: 0.947 ; iou: 0.912 ; accuracy: 0.999 ; precision: 0.956 ; recall: 0.952 ; loss: 0.052
2019-02-09 00:23:58,914:INFO: - Eval metrics : dsc: 0.916 ; iou: 0.873 ; accuracy: 0.998 ; precision: 0.950 ; recall: 0.915 ; loss: 0.083
2019-02-09 00:23:58,945:INFO: - Found new best DSC
2019-02-09 00:23:58,945:INFO: Epoch 34/45
2019-02-09 00:24:09,502:INFO: - Train metrics: dsc: 0.948 ; iou: 0.914 ; accuracy: 0.999 ; precision: 0.957 ; recall: 0.952 ; loss: 0.051
2019-02-09 00:24:10,726:INFO: - Eval metrics : dsc: 0.917 ; iou: 0.873 ; accuracy: 0.998 ; precision: 0.951 ; recall: 0.914 ; loss: 0.082
2019-02-09 00:24:10,748:INFO: - Found new best DSC
2019-02-09 00:24:10,748:INFO: Epoch 35/45
2019-02-09 00:24:21,148:INFO: - Train metrics: dsc: 0.949 ; iou: 0.916 ; accuracy: 0.999 ; precision: 0.958 ; recall: 0.953 ; loss: 0.050
2019-02-09 00:24:22,270:INFO: - Eval metrics : dsc: 0.916 ; iou: 0.873 ; accuracy: 0.998 ; precision: 0.956 ; recall: 0.913 ; loss: 0.083
2019-02-09 00:24:22,283:INFO: Epoch 36/45
2019-02-09 00:24:32,689:INFO: - Train metrics: dsc: 0.949 ; iou: 0.916 ; accuracy: 0.999 ; precision: 0.958 ; recall: 0.953 ; loss: 0.050
2019-02-09 00:24:33,897:INFO: - Eval metrics : dsc: 0.918 ; iou: 0.875 ; accuracy: 0.998 ; precision: 0.950 ; recall: 0.921 ; loss: 0.081
2019-02-09 00:24:33,921:INFO: - Found new best DSC
2019-02-09 00:24:33,921:INFO: Epoch 37/45
2019-02-09 00:24:44,410:INFO: - Train metrics: dsc: 0.950 ; iou: 0.918 ; accuracy: 0.999 ; precision: 0.958 ; recall: 0.955 ; loss: 0.049
2019-02-09 00:24:45,561:INFO: - Eval metrics : dsc: 0.917 ; iou: 0.874 ; accuracy: 0.998 ; precision: 0.955 ; recall: 0.914 ; loss: 0.082
2019-02-09 00:24:45,593:INFO: Epoch 38/45
2019-02-09 00:24:56,040:INFO: - Train metrics: dsc: 0.950 ; iou: 0.918 ; accuracy: 0.999 ; precision: 0.960 ; recall: 0.954 ; loss: 0.048
2019-02-09 00:24:57,239:INFO: - Eval metrics : dsc: 0.916 ; iou: 0.872 ; accuracy: 0.998 ; precision: 0.958 ; recall: 0.910 ; loss: 0.083
2019-02-09 00:24:57,267:INFO: Epoch 39/45
2019-02-09 00:25:07,756:INFO: - Train metrics: dsc: 0.950 ; iou: 0.918 ; accuracy: 0.999 ; precision: 0.959 ; recall: 0.955 ; loss: 0.048
2019-02-09 00:25:08,961:INFO: - Eval metrics : dsc: 0.917 ; iou: 0.873 ; accuracy: 0.998 ; precision: 0.935 ; recall: 0.930 ; loss: 0.083
2019-02-09 00:25:08,986:INFO: Epoch 40/45
2019-02-09 00:25:19,476:INFO: - Train metrics: dsc: 0.951 ; iou: 0.919 ; accuracy: 0.999 ; precision: 0.960 ; recall: 0.955 ; loss: 0.048
2019-02-09 00:25:20,666:INFO: - Eval metrics : dsc: 0.916 ; iou: 0.873 ; accuracy: 0.998 ; precision: 0.936 ; recall: 0.925 ; loss: 0.083
2019-02-09 00:25:20,690:INFO: Epoch 41/45
2019-02-09 00:25:31,136:INFO: - Train metrics: dsc: 0.951 ; iou: 0.920 ; accuracy: 0.999 ; precision: 0.960 ; recall: 0.955 ; loss: 0.047
2019-02-09 00:25:32,338:INFO: - Eval metrics : dsc: 0.916 ; iou: 0.873 ; accuracy: 0.998 ; precision: 0.941 ; recall: 0.924 ; loss: 0.083
2019-02-09 00:25:32,387:INFO: Epoch 42/45
2019-02-09 00:25:42,934:INFO: - Train metrics: dsc: 0.951 ; iou: 0.920 ; accuracy: 0.999 ; precision: 0.961 ; recall: 0.955 ; loss: 0.047
2019-02-09 00:25:44,134:INFO: - Eval metrics : dsc: 0.916 ; iou: 0.872 ; accuracy: 0.998 ; precision: 0.932 ; recall: 0.932 ; loss: 0.083
2019-02-09 00:25:44,153:INFO: Epoch 43/45
2019-02-09 00:25:54,633:INFO: - Train metrics: dsc: 0.951 ; iou: 0.919 ; accuracy: 0.999 ; precision: 0.961 ; recall: 0.954 ; loss: 0.048
2019-02-09 00:25:55,784:INFO: - Eval metrics : dsc: 0.914 ; iou: 0.870 ; accuracy: 0.998 ; precision: 0.962 ; recall: 0.904 ; loss: 0.085
2019-02-09 00:25:55,816:INFO: Epoch 44/45
2019-02-09 00:26:06,268:INFO: - Train metrics: dsc: 0.951 ; iou: 0.920 ; accuracy: 0.999 ; precision: 0.960 ; recall: 0.955 ; loss: 0.047
2019-02-09 00:26:07,494:INFO: - Eval metrics : dsc: 0.917 ; iou: 0.873 ; accuracy: 0.998 ; precision: 0.944 ; recall: 0.926 ; loss: 0.082
2019-02-09 00:26:07,519:INFO: Epoch 45/45
2019-02-09 00:26:17,985:INFO: - Train metrics: dsc: 0.953 ; iou: 0.922 ; accuracy: 0.999 ; precision: 0.963 ; recall: 0.957 ; loss: 0.046
2019-02-09 00:26:19,184:INFO: - Eval metrics : dsc: 0.914 ; iou: 0.871 ; accuracy: 0.998 ; precision: 0.949 ; recall: 0.914 ; loss: 0.085
