2019-02-09 02:38:55,267:INFO: Loading the datasets...
2019-02-09 02:38:59,448:INFO: - done.
2019-02-09 02:38:59,448:INFO: For k-fold 1/5:
2019-02-09 02:38:59,448:INFO: Starting training for 45 epoch(s)
2019-02-09 02:38:59,448:INFO: Restoring parameters from experiments/ENDO/model_ModelA_transfer/data_augmentation/data_rot/batch_size_30/learning_rate_0.0001/EPI-modelA_random-data_rot-batch_size_30-learning_rate_6e-04-best.pth.tar
2019-02-09 02:38:59,472:INFO: Epoch 1/45
2019-02-09 02:39:10,618:INFO: - Train metrics: dsc: 0.857 ; iou: 0.779 ; accuracy: 0.998 ; precision: 0.845 ; recall: 0.921 ; loss: 0.154
2019-02-09 02:39:11,667:INFO: - Eval metrics : dsc: 0.867 ; iou: 0.801 ; accuracy: 0.999 ; precision: 0.849 ; recall: 0.942 ; loss: 0.139
2019-02-09 02:39:11,685:INFO: - Found new best DSC
2019-02-09 02:39:11,685:INFO: Epoch 2/45
2019-02-09 02:39:22,407:INFO: - Train metrics: dsc: 0.889 ; iou: 0.825 ; accuracy: 0.999 ; precision: 0.886 ; recall: 0.930 ; loss: 0.120
2019-02-09 02:39:23,515:INFO: - Eval metrics : dsc: 0.873 ; iou: 0.808 ; accuracy: 0.999 ; precision: 0.858 ; recall: 0.942 ; loss: 0.133
2019-02-09 02:39:23,538:INFO: - Found new best DSC
2019-02-09 02:39:23,538:INFO: Epoch 3/45
2019-02-09 02:39:34,307:INFO: - Train metrics: dsc: 0.903 ; iou: 0.842 ; accuracy: 0.999 ; precision: 0.902 ; recall: 0.932 ; loss: 0.106
2019-02-09 02:39:35,377:INFO: - Eval metrics : dsc: 0.883 ; iou: 0.820 ; accuracy: 0.999 ; precision: 0.902 ; recall: 0.908 ; loss: 0.125
2019-02-09 02:39:35,400:INFO: - Found new best DSC
2019-02-09 02:39:35,401:INFO: Epoch 4/45
2019-02-09 02:39:46,083:INFO: - Train metrics: dsc: 0.903 ; iou: 0.844 ; accuracy: 0.999 ; precision: 0.907 ; recall: 0.925 ; loss: 0.101
2019-02-09 02:39:47,116:INFO: - Eval metrics : dsc: 0.876 ; iou: 0.813 ; accuracy: 0.999 ; precision: 0.885 ; recall: 0.918 ; loss: 0.125
2019-02-09 02:39:47,136:INFO: Epoch 5/45
2019-02-09 02:39:57,917:INFO: - Train metrics: dsc: 0.893 ; iou: 0.833 ; accuracy: 0.999 ; precision: 0.911 ; recall: 0.912 ; loss: 0.108
2019-02-09 02:39:58,984:INFO: - Eval metrics : dsc: 0.888 ; iou: 0.827 ; accuracy: 0.999 ; precision: 0.899 ; recall: 0.919 ; loss: 0.108
2019-02-09 02:39:59,002:INFO: - Found new best DSC
2019-02-09 02:39:59,002:INFO: Epoch 6/45
2019-02-09 02:40:09,744:INFO: - Train metrics: dsc: 0.911 ; iou: 0.853 ; accuracy: 0.999 ; precision: 0.918 ; recall: 0.926 ; loss: 0.086
2019-02-09 02:40:10,773:INFO: - Eval metrics : dsc: 0.885 ; iou: 0.825 ; accuracy: 0.999 ; precision: 0.890 ; recall: 0.927 ; loss: 0.111
2019-02-09 02:40:10,794:INFO: Epoch 7/45
2019-02-09 02:40:21,505:INFO: - Train metrics: dsc: 0.909 ; iou: 0.852 ; accuracy: 0.999 ; precision: 0.915 ; recall: 0.926 ; loss: 0.083
2019-02-09 02:40:22,541:INFO: - Eval metrics : dsc: 0.884 ; iou: 0.824 ; accuracy: 0.999 ; precision: 0.897 ; recall: 0.917 ; loss: 0.108
2019-02-09 02:40:22,556:INFO: Epoch 8/45
2019-02-09 02:40:33,266:INFO: - Train metrics: dsc: 0.913 ; iou: 0.857 ; accuracy: 0.999 ; precision: 0.920 ; recall: 0.928 ; loss: 0.074
2019-02-09 02:40:34,306:INFO: - Eval metrics : dsc: 0.883 ; iou: 0.822 ; accuracy: 0.999 ; precision: 0.901 ; recall: 0.912 ; loss: 0.107
2019-02-09 02:40:34,321:INFO: Epoch 9/45
2019-02-09 02:40:45,051:INFO: - Train metrics: dsc: 0.912 ; iou: 0.856 ; accuracy: 0.999 ; precision: 0.916 ; recall: 0.930 ; loss: 0.075
2019-02-09 02:40:46,103:INFO: - Eval metrics : dsc: 0.891 ; iou: 0.832 ; accuracy: 0.999 ; precision: 0.900 ; recall: 0.923 ; loss: 0.097
2019-02-09 02:40:46,125:INFO: - Found new best DSC
2019-02-09 02:40:46,125:INFO: Epoch 10/45
2019-02-09 02:40:56,851:INFO: - Train metrics: dsc: 0.917 ; iou: 0.862 ; accuracy: 0.999 ; precision: 0.923 ; recall: 0.931 ; loss: 0.065
2019-02-09 02:40:57,888:INFO: - Eval metrics : dsc: 0.887 ; iou: 0.825 ; accuracy: 0.999 ; precision: 0.922 ; recall: 0.894 ; loss: 0.097
2019-02-09 02:40:57,908:INFO: Epoch 11/45
2019-02-09 02:41:08,639:INFO: - Train metrics: dsc: 0.915 ; iou: 0.861 ; accuracy: 0.999 ; precision: 0.920 ; recall: 0.932 ; loss: 0.066
2019-02-09 02:41:09,692:INFO: - Eval metrics : dsc: 0.886 ; iou: 0.828 ; accuracy: 0.999 ; precision: 0.900 ; recall: 0.919 ; loss: 0.102
2019-02-09 02:41:09,713:INFO: Epoch 12/45
2019-02-09 02:41:20,397:INFO: - Train metrics: dsc: 0.918 ; iou: 0.865 ; accuracy: 0.999 ; precision: 0.925 ; recall: 0.933 ; loss: 0.060
2019-02-09 02:41:21,447:INFO: - Eval metrics : dsc: 0.889 ; iou: 0.833 ; accuracy: 0.999 ; precision: 0.892 ; recall: 0.933 ; loss: 0.097
2019-02-09 02:41:21,462:INFO: Epoch 13/45
2019-02-09 02:41:32,228:INFO: - Train metrics: dsc: 0.920 ; iou: 0.867 ; accuracy: 0.999 ; precision: 0.926 ; recall: 0.933 ; loss: 0.056
2019-02-09 02:41:33,284:INFO: - Eval metrics : dsc: 0.895 ; iou: 0.838 ; accuracy: 0.999 ; precision: 0.911 ; recall: 0.918 ; loss: 0.088
2019-02-09 02:41:33,303:INFO: - Found new best DSC
2019-02-09 02:41:33,303:INFO: Epoch 14/45
2019-02-09 02:41:44,109:INFO: - Train metrics: dsc: 0.918 ; iou: 0.866 ; accuracy: 0.999 ; precision: 0.925 ; recall: 0.932 ; loss: 0.059
2019-02-09 02:41:45,182:INFO: - Eval metrics : dsc: 0.892 ; iou: 0.834 ; accuracy: 0.999 ; precision: 0.913 ; recall: 0.908 ; loss: 0.089
2019-02-09 02:41:45,202:INFO: Epoch 15/45
2019-02-09 02:41:56,011:INFO: - Train metrics: dsc: 0.916 ; iou: 0.863 ; accuracy: 0.999 ; precision: 0.923 ; recall: 0.932 ; loss: 0.059
2019-02-09 02:41:57,090:INFO: - Eval metrics : dsc: 0.889 ; iou: 0.833 ; accuracy: 0.999 ; precision: 0.892 ; recall: 0.933 ; loss: 0.097
2019-02-09 02:41:57,107:INFO: Epoch 16/45
2019-02-09 02:42:07,978:INFO: - Train metrics: dsc: 0.920 ; iou: 0.867 ; accuracy: 0.999 ; precision: 0.925 ; recall: 0.935 ; loss: 0.055
2019-02-09 02:42:09,075:INFO: - Eval metrics : dsc: 0.891 ; iou: 0.834 ; accuracy: 0.999 ; precision: 0.911 ; recall: 0.914 ; loss: 0.090
2019-02-09 02:42:09,102:INFO: Epoch 17/45
2019-02-09 02:42:19,880:INFO: - Train metrics: dsc: 0.917 ; iou: 0.864 ; accuracy: 0.999 ; precision: 0.919 ; recall: 0.936 ; loss: 0.060
2019-02-09 02:42:20,923:INFO: - Eval metrics : dsc: 0.886 ; iou: 0.824 ; accuracy: 0.999 ; precision: 0.896 ; recall: 0.919 ; loss: 0.103
2019-02-09 02:42:20,942:INFO: Epoch 18/45
2019-02-09 02:42:31,729:INFO: - Train metrics: dsc: 0.918 ; iou: 0.865 ; accuracy: 0.999 ; precision: 0.921 ; recall: 0.934 ; loss: 0.057
2019-02-09 02:42:32,785:INFO: - Eval metrics : dsc: 0.887 ; iou: 0.830 ; accuracy: 0.999 ; precision: 0.907 ; recall: 0.914 ; loss: 0.096
2019-02-09 02:42:32,805:INFO: Epoch 19/45
2019-02-09 02:42:43,594:INFO: - Train metrics: dsc: 0.924 ; iou: 0.873 ; accuracy: 0.999 ; precision: 0.928 ; recall: 0.937 ; loss: 0.050
2019-02-09 02:42:44,654:INFO: - Eval metrics : dsc: 0.890 ; iou: 0.834 ; accuracy: 0.999 ; precision: 0.893 ; recall: 0.934 ; loss: 0.095
2019-02-09 02:42:44,669:INFO: Epoch 20/45
2019-02-09 02:42:55,518:INFO: - Train metrics: dsc: 0.926 ; iou: 0.875 ; accuracy: 0.999 ; precision: 0.929 ; recall: 0.939 ; loss: 0.047
2019-02-09 02:42:56,575:INFO: - Eval metrics : dsc: 0.888 ; iou: 0.831 ; accuracy: 0.999 ; precision: 0.910 ; recall: 0.913 ; loss: 0.097
2019-02-09 02:42:56,596:INFO: Epoch 21/45
2019-02-09 02:43:07,436:INFO: - Train metrics: dsc: 0.925 ; iou: 0.875 ; accuracy: 0.999 ; precision: 0.930 ; recall: 0.936 ; loss: 0.048
2019-02-09 02:43:08,488:INFO: - Eval metrics : dsc: 0.889 ; iou: 0.832 ; accuracy: 0.999 ; precision: 0.888 ; recall: 0.937 ; loss: 0.094
2019-02-09 02:43:08,508:INFO: Epoch 22/45
2019-02-09 02:43:19,268:INFO: - Train metrics: dsc: 0.924 ; iou: 0.875 ; accuracy: 0.999 ; precision: 0.931 ; recall: 0.937 ; loss: 0.048
2019-02-09 02:43:20,309:INFO: - Eval metrics : dsc: 0.883 ; iou: 0.826 ; accuracy: 0.999 ; precision: 0.905 ; recall: 0.913 ; loss: 0.102
2019-02-09 02:43:20,325:INFO: Epoch 23/45
2019-02-09 02:43:31,107:INFO: - Train metrics: dsc: 0.926 ; iou: 0.877 ; accuracy: 0.999 ; precision: 0.932 ; recall: 0.938 ; loss: 0.045
2019-02-09 02:43:32,167:INFO: - Eval metrics : dsc: 0.890 ; iou: 0.836 ; accuracy: 0.999 ; precision: 0.897 ; recall: 0.931 ; loss: 0.094
2019-02-09 02:43:32,186:INFO: Epoch 24/45
2019-02-09 02:43:42,945:INFO: - Train metrics: dsc: 0.920 ; iou: 0.869 ; accuracy: 0.999 ; precision: 0.930 ; recall: 0.931 ; loss: 0.052
2019-02-09 02:43:43,979:INFO: - Eval metrics : dsc: 0.890 ; iou: 0.832 ; accuracy: 0.999 ; precision: 0.910 ; recall: 0.913 ; loss: 0.088
2019-02-09 02:43:43,999:INFO: Epoch 25/45
2019-02-09 02:43:54,801:INFO: - Train metrics: dsc: 0.922 ; iou: 0.871 ; accuracy: 0.999 ; precision: 0.929 ; recall: 0.936 ; loss: 0.049
2019-02-09 02:43:55,842:INFO: - Eval metrics : dsc: 0.895 ; iou: 0.840 ; accuracy: 0.999 ; precision: 0.896 ; recall: 0.936 ; loss: 0.086
2019-02-09 02:43:55,861:INFO: Epoch 26/45
2019-02-09 02:44:06,604:INFO: - Train metrics: dsc: 0.927 ; iou: 0.878 ; accuracy: 0.999 ; precision: 0.932 ; recall: 0.938 ; loss: 0.044
2019-02-09 02:44:07,656:INFO: - Eval metrics : dsc: 0.893 ; iou: 0.836 ; accuracy: 0.999 ; precision: 0.918 ; recall: 0.909 ; loss: 0.087
2019-02-09 02:44:07,671:INFO: Epoch 27/45
2019-02-09 02:44:18,490:INFO: - Train metrics: dsc: 0.928 ; iou: 0.880 ; accuracy: 0.999 ; precision: 0.935 ; recall: 0.938 ; loss: 0.043
2019-02-09 02:44:19,539:INFO: - Eval metrics : dsc: 0.898 ; iou: 0.844 ; accuracy: 0.999 ; precision: 0.902 ; recall: 0.934 ; loss: 0.083
2019-02-09 02:44:19,564:INFO: - Found new best DSC
2019-02-09 02:44:19,564:INFO: Epoch 28/45
2019-02-09 02:44:30,339:INFO: - Train metrics: dsc: 0.929 ; iou: 0.882 ; accuracy: 0.999 ; precision: 0.935 ; recall: 0.940 ; loss: 0.041
2019-02-09 02:44:31,373:INFO: - Eval metrics : dsc: 0.896 ; iou: 0.840 ; accuracy: 0.999 ; precision: 0.915 ; recall: 0.918 ; loss: 0.084
2019-02-09 02:44:31,388:INFO: Epoch 29/45
2019-02-09 02:44:42,158:INFO: - Train metrics: dsc: 0.929 ; iou: 0.881 ; accuracy: 0.999 ; precision: 0.936 ; recall: 0.938 ; loss: 0.042
2019-02-09 02:44:43,205:INFO: - Eval metrics : dsc: 0.893 ; iou: 0.837 ; accuracy: 0.999 ; precision: 0.910 ; recall: 0.919 ; loss: 0.086
2019-02-09 02:44:43,216:INFO: Epoch 30/45
2019-02-09 02:44:54,002:INFO: - Train metrics: dsc: 0.930 ; iou: 0.883 ; accuracy: 0.999 ; precision: 0.935 ; recall: 0.940 ; loss: 0.041
2019-02-09 02:44:55,056:INFO: - Eval metrics : dsc: 0.896 ; iou: 0.841 ; accuracy: 0.999 ; precision: 0.899 ; recall: 0.935 ; loss: 0.084
2019-02-09 02:44:55,075:INFO: Epoch 31/45
2019-02-09 02:45:05,831:INFO: - Train metrics: dsc: 0.928 ; iou: 0.881 ; accuracy: 0.999 ; precision: 0.935 ; recall: 0.938 ; loss: 0.042
2019-02-09 02:45:06,889:INFO: - Eval metrics : dsc: 0.895 ; iou: 0.840 ; accuracy: 0.999 ; precision: 0.913 ; recall: 0.919 ; loss: 0.085
2019-02-09 02:45:06,909:INFO: Epoch 32/45
2019-02-09 02:45:17,724:INFO: - Train metrics: dsc: 0.930 ; iou: 0.883 ; accuracy: 0.999 ; precision: 0.936 ; recall: 0.940 ; loss: 0.040
2019-02-09 02:45:18,766:INFO: - Eval metrics : dsc: 0.897 ; iou: 0.842 ; accuracy: 0.999 ; precision: 0.906 ; recall: 0.928 ; loss: 0.083
2019-02-09 02:45:18,781:INFO: Epoch 33/45
2019-02-09 02:45:29,525:INFO: - Train metrics: dsc: 0.931 ; iou: 0.885 ; accuracy: 0.999 ; precision: 0.938 ; recall: 0.940 ; loss: 0.039
2019-02-09 02:45:30,570:INFO: - Eval metrics : dsc: 0.892 ; iou: 0.834 ; accuracy: 0.999 ; precision: 0.927 ; recall: 0.899 ; loss: 0.088
2019-02-09 02:45:30,585:INFO: Epoch 34/45
2019-02-09 02:45:41,418:INFO: - Train metrics: dsc: 0.927 ; iou: 0.879 ; accuracy: 0.999 ; precision: 0.933 ; recall: 0.939 ; loss: 0.043
2019-02-09 02:45:42,518:INFO: - Eval metrics : dsc: 0.891 ; iou: 0.836 ; accuracy: 0.999 ; precision: 0.897 ; recall: 0.931 ; loss: 0.093
2019-02-09 02:45:42,533:INFO: Epoch 35/45
2019-02-09 02:45:53,339:INFO: - Train metrics: dsc: 0.932 ; iou: 0.886 ; accuracy: 0.999 ; precision: 0.936 ; recall: 0.943 ; loss: 0.038
2019-02-09 02:45:54,407:INFO: - Eval metrics : dsc: 0.896 ; iou: 0.840 ; accuracy: 0.999 ; precision: 0.920 ; recall: 0.912 ; loss: 0.084
2019-02-09 02:45:54,426:INFO: Epoch 36/45
2019-02-09 02:46:05,305:INFO: - Train metrics: dsc: 0.929 ; iou: 0.882 ; accuracy: 0.999 ; precision: 0.934 ; recall: 0.940 ; loss: 0.042
2019-02-09 02:46:06,357:INFO: - Eval metrics : dsc: 0.893 ; iou: 0.836 ; accuracy: 0.999 ; precision: 0.912 ; recall: 0.915 ; loss: 0.086
2019-02-09 02:46:06,372:INFO: Epoch 37/45
2019-02-09 02:46:17,210:INFO: - Train metrics: dsc: 0.932 ; iou: 0.886 ; accuracy: 0.999 ; precision: 0.937 ; recall: 0.942 ; loss: 0.038
2019-02-09 02:46:18,269:INFO: - Eval metrics : dsc: 0.898 ; iou: 0.844 ; accuracy: 0.999 ; precision: 0.900 ; recall: 0.937 ; loss: 0.082
2019-02-09 02:46:18,287:INFO: - Found new best DSC
2019-02-09 02:46:18,287:INFO: Epoch 38/45
2019-02-09 02:46:29,117:INFO: - Train metrics: dsc: 0.933 ; iou: 0.888 ; accuracy: 0.999 ; precision: 0.940 ; recall: 0.941 ; loss: 0.037
2019-02-09 02:46:30,176:INFO: - Eval metrics : dsc: 0.893 ; iou: 0.837 ; accuracy: 0.999 ; precision: 0.900 ; recall: 0.929 ; loss: 0.086
2019-02-09 02:46:30,191:INFO: Epoch 39/45
2019-02-09 02:46:41,011:INFO: - Train metrics: dsc: 0.926 ; iou: 0.878 ; accuracy: 0.999 ; precision: 0.933 ; recall: 0.938 ; loss: 0.044
2019-02-09 02:46:42,059:INFO: - Eval metrics : dsc: 0.892 ; iou: 0.837 ; accuracy: 0.999 ; precision: 0.909 ; recall: 0.921 ; loss: 0.088
2019-02-09 02:46:42,079:INFO: Epoch 40/45
2019-02-09 02:46:52,878:INFO: - Train metrics: dsc: 0.935 ; iou: 0.890 ; accuracy: 0.999 ; precision: 0.941 ; recall: 0.942 ; loss: 0.034
2019-02-09 02:46:53,940:INFO: - Eval metrics : dsc: 0.895 ; iou: 0.840 ; accuracy: 0.999 ; precision: 0.915 ; recall: 0.917 ; loss: 0.085
2019-02-09 02:46:53,955:INFO: Epoch 41/45
2019-02-09 02:47:04,758:INFO: - Train metrics: dsc: 0.930 ; iou: 0.885 ; accuracy: 0.999 ; precision: 0.940 ; recall: 0.939 ; loss: 0.039
2019-02-09 02:47:05,801:INFO: - Eval metrics : dsc: 0.895 ; iou: 0.841 ; accuracy: 0.999 ; precision: 0.904 ; recall: 0.929 ; loss: 0.084
2019-02-09 02:47:05,815:INFO: Epoch 42/45
2019-02-09 02:47:16,597:INFO: - Train metrics: dsc: 0.933 ; iou: 0.888 ; accuracy: 0.999 ; precision: 0.939 ; recall: 0.941 ; loss: 0.035
2019-02-09 02:47:17,625:INFO: - Eval metrics : dsc: 0.895 ; iou: 0.839 ; accuracy: 0.999 ; precision: 0.911 ; recall: 0.920 ; loss: 0.085
2019-02-09 02:47:17,644:INFO: Epoch 43/45
2019-02-09 02:47:28,423:INFO: - Train metrics: dsc: 0.934 ; iou: 0.890 ; accuracy: 0.999 ; precision: 0.939 ; recall: 0.943 ; loss: 0.036
2019-02-09 02:47:29,471:INFO: - Eval metrics : dsc: 0.892 ; iou: 0.835 ; accuracy: 0.999 ; precision: 0.921 ; recall: 0.906 ; loss: 0.087
2019-02-09 02:47:29,486:INFO: Epoch 44/45
2019-02-09 02:47:40,335:INFO: - Train metrics: dsc: 0.937 ; iou: 0.893 ; accuracy: 0.999 ; precision: 0.942 ; recall: 0.944 ; loss: 0.032
2019-02-09 02:47:41,377:INFO: - Eval metrics : dsc: 0.896 ; iou: 0.842 ; accuracy: 0.999 ; precision: 0.908 ; recall: 0.926 ; loss: 0.083
2019-02-09 02:47:41,398:INFO: Epoch 45/45
2019-02-09 02:47:52,223:INFO: - Train metrics: dsc: 0.937 ; iou: 0.894 ; accuracy: 0.999 ; precision: 0.944 ; recall: 0.945 ; loss: 0.031
2019-02-09 02:47:53,272:INFO: - Eval metrics : dsc: 0.896 ; iou: 0.841 ; accuracy: 0.999 ; precision: 0.918 ; recall: 0.915 ; loss: 0.084
2019-02-09 02:47:53,328:INFO: Loading the datasets...
2019-02-09 02:47:58,489:INFO: - done.
2019-02-09 02:47:58,489:INFO: For k-fold 2/5:
2019-02-09 02:47:58,489:INFO: Starting training for 45 epoch(s)
2019-02-09 02:47:58,489:INFO: Restoring parameters from experiments/ENDO/model_ModelA_transfer/data_augmentation/data_rot/batch_size_30/learning_rate_0.0001/EPI-modelA_random-data_rot-batch_size_30-learning_rate_6e-04-best.pth.tar
2019-02-09 02:47:58,506:INFO: Epoch 1/45
2019-02-09 02:48:09,281:INFO: - Train metrics: dsc: 0.856 ; iou: 0.779 ; accuracy: 0.998 ; precision: 0.848 ; recall: 0.920 ; loss: 0.155
2019-02-09 02:48:10,346:INFO: - Eval metrics : dsc: 0.897 ; iou: 0.836 ; accuracy: 0.999 ; precision: 0.885 ; recall: 0.940 ; loss: 0.117
2019-02-09 02:48:10,375:INFO: - Found new best DSC
2019-02-09 02:48:10,376:INFO: Epoch 2/45
2019-02-09 02:48:21,119:INFO: - Train metrics: dsc: 0.891 ; iou: 0.827 ; accuracy: 0.999 ; precision: 0.887 ; recall: 0.930 ; loss: 0.119
2019-02-09 02:48:22,177:INFO: - Eval metrics : dsc: 0.895 ; iou: 0.836 ; accuracy: 0.999 ; precision: 0.897 ; recall: 0.928 ; loss: 0.117
2019-02-09 02:48:22,188:INFO: Epoch 3/45
2019-02-09 02:48:32,924:INFO: - Train metrics: dsc: 0.902 ; iou: 0.843 ; accuracy: 0.999 ; precision: 0.901 ; recall: 0.932 ; loss: 0.106
2019-02-09 02:48:33,970:INFO: - Eval metrics : dsc: 0.897 ; iou: 0.839 ; accuracy: 0.999 ; precision: 0.905 ; recall: 0.924 ; loss: 0.112
2019-02-09 02:48:33,986:INFO: - Found new best DSC
2019-02-09 02:48:33,987:INFO: Epoch 4/45
2019-02-09 02:48:44,768:INFO: - Train metrics: dsc: 0.901 ; iou: 0.841 ; accuracy: 0.999 ; precision: 0.903 ; recall: 0.930 ; loss: 0.104
2019-02-09 02:48:45,812:INFO: - Eval metrics : dsc: 0.884 ; iou: 0.821 ; accuracy: 0.999 ; precision: 0.906 ; recall: 0.905 ; loss: 0.114
2019-02-09 02:48:45,830:INFO: Epoch 5/45
2019-02-09 02:48:56,668:INFO: - Train metrics: dsc: 0.907 ; iou: 0.848 ; accuracy: 0.999 ; precision: 0.906 ; recall: 0.934 ; loss: 0.096
2019-02-09 02:48:57,728:INFO: - Eval metrics : dsc: 0.899 ; iou: 0.843 ; accuracy: 0.999 ; precision: 0.898 ; recall: 0.934 ; loss: 0.098
2019-02-09 02:48:57,750:INFO: - Found new best DSC
2019-02-09 02:48:57,750:INFO: Epoch 6/45
2019-02-09 02:49:08,510:INFO: - Train metrics: dsc: 0.905 ; iou: 0.847 ; accuracy: 0.999 ; precision: 0.907 ; recall: 0.933 ; loss: 0.094
2019-02-09 02:49:09,590:INFO: - Eval metrics : dsc: 0.900 ; iou: 0.843 ; accuracy: 0.999 ; precision: 0.911 ; recall: 0.922 ; loss: 0.093
2019-02-09 02:49:09,607:INFO: - Found new best DSC
2019-02-09 02:49:09,607:INFO: Epoch 7/45
2019-02-09 02:49:20,433:INFO: - Train metrics: dsc: 0.912 ; iou: 0.855 ; accuracy: 0.999 ; precision: 0.911 ; recall: 0.936 ; loss: 0.084
2019-02-09 02:49:21,516:INFO: - Eval metrics : dsc: 0.901 ; iou: 0.845 ; accuracy: 0.999 ; precision: 0.901 ; recall: 0.934 ; loss: 0.090
2019-02-09 02:49:21,534:INFO: - Found new best DSC
2019-02-09 02:49:21,534:INFO: Epoch 8/45
2019-02-09 02:49:32,348:INFO: - Train metrics: dsc: 0.912 ; iou: 0.855 ; accuracy: 0.999 ; precision: 0.910 ; recall: 0.936 ; loss: 0.082
2019-02-09 02:49:33,455:INFO: - Eval metrics : dsc: 0.902 ; iou: 0.844 ; accuracy: 0.999 ; precision: 0.915 ; recall: 0.916 ; loss: 0.088
2019-02-09 02:49:33,479:INFO: - Found new best DSC
2019-02-09 02:49:33,479:INFO: Epoch 9/45
2019-02-09 02:49:44,305:INFO: - Train metrics: dsc: 0.911 ; iou: 0.855 ; accuracy: 0.999 ; precision: 0.910 ; recall: 0.937 ; loss: 0.084
2019-02-09 02:49:45,405:INFO: - Eval metrics : dsc: 0.893 ; iou: 0.834 ; accuracy: 0.999 ; precision: 0.895 ; recall: 0.927 ; loss: 0.101
2019-02-09 02:49:45,425:INFO: Epoch 10/45
2019-02-09 02:49:56,251:INFO: - Train metrics: dsc: 0.897 ; iou: 0.838 ; accuracy: 0.999 ; precision: 0.911 ; recall: 0.917 ; loss: 0.093
2019-02-09 02:49:57,328:INFO: - Eval metrics : dsc: 0.898 ; iou: 0.840 ; accuracy: 0.999 ; precision: 0.912 ; recall: 0.918 ; loss: 0.086
2019-02-09 02:49:57,352:INFO: Epoch 11/45
2019-02-09 02:50:08,146:INFO: - Train metrics: dsc: 0.899 ; iou: 0.839 ; accuracy: 0.999 ; precision: 0.911 ; recall: 0.919 ; loss: 0.090
2019-02-09 02:50:09,260:INFO: - Eval metrics : dsc: 0.889 ; iou: 0.828 ; accuracy: 0.999 ; precision: 0.895 ; recall: 0.921 ; loss: 0.092
2019-02-09 02:50:09,284:INFO: Epoch 12/45
2019-02-09 02:50:20,050:INFO: - Train metrics: dsc: 0.913 ; iou: 0.855 ; accuracy: 0.999 ; precision: 0.910 ; recall: 0.935 ; loss: 0.074
2019-02-09 02:50:21,090:INFO: - Eval metrics : dsc: 0.899 ; iou: 0.840 ; accuracy: 0.999 ; precision: 0.916 ; recall: 0.913 ; loss: 0.077
2019-02-09 02:50:21,110:INFO: Epoch 13/45
2019-02-09 02:50:31,933:INFO: - Train metrics: dsc: 0.916 ; iou: 0.861 ; accuracy: 0.999 ; precision: 0.915 ; recall: 0.937 ; loss: 0.068
2019-02-09 02:50:33,024:INFO: - Eval metrics : dsc: 0.902 ; iou: 0.844 ; accuracy: 0.999 ; precision: 0.921 ; recall: 0.912 ; loss: 0.071
2019-02-09 02:50:33,046:INFO: - Found new best DSC
2019-02-09 02:50:33,047:INFO: Epoch 14/45
2019-02-09 02:50:43,846:INFO: - Train metrics: dsc: 0.917 ; iou: 0.863 ; accuracy: 0.999 ; precision: 0.916 ; recall: 0.938 ; loss: 0.066
2019-02-09 02:50:44,943:INFO: - Eval metrics : dsc: 0.904 ; iou: 0.847 ; accuracy: 0.999 ; precision: 0.907 ; recall: 0.928 ; loss: 0.068
2019-02-09 02:50:44,969:INFO: - Found new best DSC
2019-02-09 02:50:44,969:INFO: Epoch 15/45
2019-02-09 02:50:55,774:INFO: - Train metrics: dsc: 0.919 ; iou: 0.865 ; accuracy: 0.999 ; precision: 0.918 ; recall: 0.939 ; loss: 0.063
2019-02-09 02:50:56,854:INFO: - Eval metrics : dsc: 0.905 ; iou: 0.848 ; accuracy: 0.999 ; precision: 0.910 ; recall: 0.926 ; loss: 0.064
2019-02-09 02:50:56,879:INFO: - Found new best DSC
2019-02-09 02:50:56,879:INFO: Epoch 16/45
2019-02-09 02:51:07,732:INFO: - Train metrics: dsc: 0.920 ; iou: 0.867 ; accuracy: 0.999 ; precision: 0.919 ; recall: 0.940 ; loss: 0.062
2019-02-09 02:51:08,782:INFO: - Eval metrics : dsc: 0.905 ; iou: 0.849 ; accuracy: 0.999 ; precision: 0.916 ; recall: 0.921 ; loss: 0.063
2019-02-09 02:51:08,802:INFO: - Found new best DSC
2019-02-09 02:51:08,802:INFO: Epoch 17/45
2019-02-09 02:51:19,648:INFO: - Train metrics: dsc: 0.920 ; iou: 0.867 ; accuracy: 0.999 ; precision: 0.921 ; recall: 0.938 ; loss: 0.061
2019-02-09 02:51:20,766:INFO: - Eval metrics : dsc: 0.903 ; iou: 0.847 ; accuracy: 0.999 ; precision: 0.902 ; recall: 0.935 ; loss: 0.067
2019-02-09 02:51:20,781:INFO: Epoch 18/45
2019-02-09 02:51:31,590:INFO: - Train metrics: dsc: 0.920 ; iou: 0.868 ; accuracy: 0.999 ; precision: 0.919 ; recall: 0.940 ; loss: 0.061
2019-02-09 02:51:32,707:INFO: - Eval metrics : dsc: 0.901 ; iou: 0.845 ; accuracy: 0.999 ; precision: 0.893 ; recall: 0.941 ; loss: 0.076
2019-02-09 02:51:32,722:INFO: Epoch 19/45
2019-02-09 02:51:43,559:INFO: - Train metrics: dsc: 0.920 ; iou: 0.868 ; accuracy: 0.999 ; precision: 0.923 ; recall: 0.937 ; loss: 0.060
2019-02-09 02:51:44,666:INFO: - Eval metrics : dsc: 0.904 ; iou: 0.849 ; accuracy: 0.999 ; precision: 0.904 ; recall: 0.934 ; loss: 0.065
2019-02-09 02:51:44,682:INFO: Epoch 20/45
2019-02-09 02:51:55,531:INFO: - Train metrics: dsc: 0.922 ; iou: 0.870 ; accuracy: 0.999 ; precision: 0.921 ; recall: 0.940 ; loss: 0.057
2019-02-09 02:51:56,612:INFO: - Eval metrics : dsc: 0.904 ; iou: 0.847 ; accuracy: 0.999 ; precision: 0.929 ; recall: 0.907 ; loss: 0.062
2019-02-09 02:51:56,631:INFO: Epoch 21/45
2019-02-09 02:52:07,461:INFO: - Train metrics: dsc: 0.922 ; iou: 0.872 ; accuracy: 0.999 ; precision: 0.924 ; recall: 0.940 ; loss: 0.056
2019-02-09 02:52:08,531:INFO: - Eval metrics : dsc: 0.909 ; iou: 0.853 ; accuracy: 0.999 ; precision: 0.910 ; recall: 0.933 ; loss: 0.060
2019-02-09 02:52:08,549:INFO: - Found new best DSC
2019-02-09 02:52:08,549:INFO: Epoch 22/45
2019-02-09 02:52:19,362:INFO: - Train metrics: dsc: 0.923 ; iou: 0.873 ; accuracy: 0.999 ; precision: 0.925 ; recall: 0.941 ; loss: 0.058
2019-02-09 02:52:20,423:INFO: - Eval metrics : dsc: 0.905 ; iou: 0.849 ; accuracy: 0.999 ; precision: 0.918 ; recall: 0.921 ; loss: 0.062
2019-02-09 02:52:20,443:INFO: Epoch 23/45
2019-02-09 02:52:31,262:INFO: - Train metrics: dsc: 0.922 ; iou: 0.872 ; accuracy: 0.999 ; precision: 0.927 ; recall: 0.938 ; loss: 0.055
2019-02-09 02:52:32,311:INFO: - Eval metrics : dsc: 0.903 ; iou: 0.848 ; accuracy: 0.999 ; precision: 0.917 ; recall: 0.919 ; loss: 0.064
2019-02-09 02:52:32,331:INFO: Epoch 24/45
2019-02-09 02:52:43,117:INFO: - Train metrics: dsc: 0.924 ; iou: 0.875 ; accuracy: 0.999 ; precision: 0.929 ; recall: 0.939 ; loss: 0.054
2019-02-09 02:52:44,179:INFO: - Eval metrics : dsc: 0.906 ; iou: 0.851 ; accuracy: 0.999 ; precision: 0.916 ; recall: 0.926 ; loss: 0.059
2019-02-09 02:52:44,194:INFO: Epoch 25/45
2019-02-09 02:52:54,993:INFO: - Train metrics: dsc: 0.921 ; iou: 0.870 ; accuracy: 0.999 ; precision: 0.925 ; recall: 0.937 ; loss: 0.056
2019-02-09 02:52:56,088:INFO: - Eval metrics : dsc: 0.907 ; iou: 0.851 ; accuracy: 0.999 ; precision: 0.911 ; recall: 0.929 ; loss: 0.057
2019-02-09 02:52:56,104:INFO: Epoch 26/45
2019-02-09 02:53:06,861:INFO: - Train metrics: dsc: 0.917 ; iou: 0.867 ; accuracy: 0.999 ; precision: 0.923 ; recall: 0.935 ; loss: 0.061
2019-02-09 02:53:07,906:INFO: - Eval metrics : dsc: 0.906 ; iou: 0.849 ; accuracy: 0.999 ; precision: 0.920 ; recall: 0.916 ; loss: 0.058
2019-02-09 02:53:07,924:INFO: Epoch 27/45
2019-02-09 02:53:18,734:INFO: - Train metrics: dsc: 0.918 ; iou: 0.867 ; accuracy: 0.999 ; precision: 0.919 ; recall: 0.940 ; loss: 0.062
2019-02-09 02:53:19,851:INFO: - Eval metrics : dsc: 0.907 ; iou: 0.851 ; accuracy: 0.999 ; precision: 0.902 ; recall: 0.939 ; loss: 0.065
2019-02-09 02:53:19,872:INFO: Epoch 28/45
2019-02-09 02:53:30,738:INFO: - Train metrics: dsc: 0.926 ; iou: 0.876 ; accuracy: 0.999 ; precision: 0.926 ; recall: 0.943 ; loss: 0.051
2019-02-09 02:53:31,844:INFO: - Eval metrics : dsc: 0.903 ; iou: 0.847 ; accuracy: 0.999 ; precision: 0.909 ; recall: 0.927 ; loss: 0.064
2019-02-09 02:53:31,859:INFO: Epoch 29/45
2019-02-09 02:53:42,648:INFO: - Train metrics: dsc: 0.926 ; iou: 0.878 ; accuracy: 0.999 ; precision: 0.928 ; recall: 0.943 ; loss: 0.050
2019-02-09 02:53:43,700:INFO: - Eval metrics : dsc: 0.907 ; iou: 0.850 ; accuracy: 0.999 ; precision: 0.924 ; recall: 0.915 ; loss: 0.057
2019-02-09 02:53:43,723:INFO: Epoch 30/45
2019-02-09 02:53:54,611:INFO: - Train metrics: dsc: 0.926 ; iou: 0.876 ; accuracy: 0.999 ; precision: 0.926 ; recall: 0.941 ; loss: 0.052
2019-02-09 02:53:55,740:INFO: - Eval metrics : dsc: 0.900 ; iou: 0.844 ; accuracy: 0.999 ; precision: 0.915 ; recall: 0.920 ; loss: 0.060
2019-02-09 02:53:55,754:INFO: Epoch 31/45
2019-02-09 02:54:06,576:INFO: - Train metrics: dsc: 0.928 ; iou: 0.880 ; accuracy: 0.999 ; precision: 0.929 ; recall: 0.944 ; loss: 0.048
2019-02-09 02:54:07,694:INFO: - Eval metrics : dsc: 0.904 ; iou: 0.849 ; accuracy: 0.999 ; precision: 0.916 ; recall: 0.920 ; loss: 0.060
2019-02-09 02:54:07,713:INFO: Epoch 32/45
2019-02-09 02:54:18,478:INFO: - Train metrics: dsc: 0.928 ; iou: 0.881 ; accuracy: 0.999 ; precision: 0.930 ; recall: 0.943 ; loss: 0.048
2019-02-09 02:54:19,581:INFO: - Eval metrics : dsc: 0.904 ; iou: 0.848 ; accuracy: 0.999 ; precision: 0.910 ; recall: 0.927 ; loss: 0.063
2019-02-09 02:54:19,600:INFO: Epoch 33/45
2019-02-09 02:54:30,431:INFO: - Train metrics: dsc: 0.929 ; iou: 0.882 ; accuracy: 0.999 ; precision: 0.929 ; recall: 0.946 ; loss: 0.047
2019-02-09 02:54:31,481:INFO: - Eval metrics : dsc: 0.904 ; iou: 0.848 ; accuracy: 0.999 ; precision: 0.927 ; recall: 0.906 ; loss: 0.058
2019-02-09 02:54:31,497:INFO: Epoch 34/45
2019-02-09 02:54:42,274:INFO: - Train metrics: dsc: 0.928 ; iou: 0.882 ; accuracy: 0.999 ; precision: 0.932 ; recall: 0.942 ; loss: 0.047
2019-02-09 02:54:43,327:INFO: - Eval metrics : dsc: 0.907 ; iou: 0.852 ; accuracy: 0.999 ; precision: 0.913 ; recall: 0.926 ; loss: 0.057
2019-02-09 02:54:43,347:INFO: Epoch 35/45
2019-02-09 02:54:54,120:INFO: - Train metrics: dsc: 0.930 ; iou: 0.883 ; accuracy: 0.999 ; precision: 0.933 ; recall: 0.943 ; loss: 0.046
2019-02-09 02:54:55,179:INFO: - Eval metrics : dsc: 0.909 ; iou: 0.853 ; accuracy: 0.999 ; precision: 0.917 ; recall: 0.925 ; loss: 0.055
2019-02-09 02:54:55,194:INFO: Epoch 36/45
2019-02-09 02:55:05,968:INFO: - Train metrics: dsc: 0.929 ; iou: 0.883 ; accuracy: 0.999 ; precision: 0.930 ; recall: 0.945 ; loss: 0.047
2019-02-09 02:55:07,044:INFO: - Eval metrics : dsc: 0.904 ; iou: 0.849 ; accuracy: 0.999 ; precision: 0.904 ; recall: 0.934 ; loss: 0.063
2019-02-09 02:55:07,065:INFO: Epoch 37/45
2019-02-09 02:55:17,825:INFO: - Train metrics: dsc: 0.925 ; iou: 0.878 ; accuracy: 0.999 ; precision: 0.929 ; recall: 0.942 ; loss: 0.051
2019-02-09 02:55:18,877:INFO: - Eval metrics : dsc: 0.905 ; iou: 0.849 ; accuracy: 0.999 ; precision: 0.914 ; recall: 0.925 ; loss: 0.063
2019-02-09 02:55:18,892:INFO: Epoch 38/45
2019-02-09 02:55:29,704:INFO: - Train metrics: dsc: 0.931 ; iou: 0.885 ; accuracy: 0.999 ; precision: 0.933 ; recall: 0.946 ; loss: 0.045
2019-02-09 02:55:30,821:INFO: - Eval metrics : dsc: 0.908 ; iou: 0.852 ; accuracy: 0.999 ; precision: 0.904 ; recall: 0.931 ; loss: 0.058
2019-02-09 02:55:30,841:INFO: Epoch 39/45
2019-02-09 02:55:41,681:INFO: - Train metrics: dsc: 0.925 ; iou: 0.877 ; accuracy: 0.999 ; precision: 0.928 ; recall: 0.942 ; loss: 0.053
2019-02-09 02:55:42,719:INFO: - Eval metrics : dsc: 0.907 ; iou: 0.851 ; accuracy: 0.999 ; precision: 0.913 ; recall: 0.922 ; loss: 0.059
2019-02-09 02:55:42,733:INFO: Epoch 40/45
2019-02-09 02:55:53,584:INFO: - Train metrics: dsc: 0.925 ; iou: 0.877 ; accuracy: 0.999 ; precision: 0.931 ; recall: 0.939 ; loss: 0.050
2019-02-09 02:55:54,645:INFO: - Eval metrics : dsc: 0.901 ; iou: 0.845 ; accuracy: 0.999 ; precision: 0.910 ; recall: 0.926 ; loss: 0.067
2019-02-09 02:55:54,660:INFO: Epoch 41/45
2019-02-09 02:56:05,440:INFO: - Train metrics: dsc: 0.928 ; iou: 0.880 ; accuracy: 0.999 ; precision: 0.933 ; recall: 0.940 ; loss: 0.047
2019-02-09 02:56:06,501:INFO: - Eval metrics : dsc: 0.903 ; iou: 0.848 ; accuracy: 0.999 ; precision: 0.907 ; recall: 0.926 ; loss: 0.063
2019-02-09 02:56:06,516:INFO: Epoch 42/45
2019-02-09 02:56:17,319:INFO: - Train metrics: dsc: 0.932 ; iou: 0.886 ; accuracy: 0.999 ; precision: 0.935 ; recall: 0.944 ; loss: 0.044
2019-02-09 02:56:18,404:INFO: - Eval metrics : dsc: 0.903 ; iou: 0.847 ; accuracy: 0.999 ; precision: 0.929 ; recall: 0.904 ; loss: 0.059
2019-02-09 02:56:18,427:INFO: Epoch 43/45
2019-02-09 02:56:29,327:INFO: - Train metrics: dsc: 0.934 ; iou: 0.890 ; accuracy: 0.999 ; precision: 0.937 ; recall: 0.946 ; loss: 0.042
2019-02-09 02:56:30,380:INFO: - Eval metrics : dsc: 0.906 ; iou: 0.852 ; accuracy: 0.999 ; precision: 0.921 ; recall: 0.916 ; loss: 0.055
2019-02-09 02:56:30,401:INFO: Epoch 44/45
2019-02-09 02:56:41,250:INFO: - Train metrics: dsc: 0.906 ; iou: 0.853 ; accuracy: 0.999 ; precision: 0.926 ; recall: 0.919 ; loss: 0.073
2019-02-09 02:56:42,371:INFO: - Eval metrics : dsc: 0.877 ; iou: 0.820 ; accuracy: 0.999 ; precision: 0.918 ; recall: 0.886 ; loss: 0.083
2019-02-09 02:56:42,385:INFO: Epoch 45/45
2019-02-09 02:56:53,223:INFO: - Train metrics: dsc: 0.915 ; iou: 0.864 ; accuracy: 0.999 ; precision: 0.925 ; recall: 0.931 ; loss: 0.060
2019-02-09 02:56:54,322:INFO: - Eval metrics : dsc: 0.905 ; iou: 0.850 ; accuracy: 0.999 ; precision: 0.910 ; recall: 0.923 ; loss: 0.060
2019-02-09 02:56:54,380:INFO: Loading the datasets...
2019-02-09 02:56:58,659:INFO: - done.
2019-02-09 02:56:58,659:INFO: For k-fold 3/5:
2019-02-09 02:56:58,659:INFO: Starting training for 45 epoch(s)
2019-02-09 02:56:58,659:INFO: Restoring parameters from experiments/ENDO/model_ModelA_transfer/data_augmentation/data_rot/batch_size_30/learning_rate_0.0001/EPI-modelA_random-data_rot-batch_size_30-learning_rate_6e-04-best.pth.tar
2019-02-09 02:56:58,676:INFO: Epoch 1/45
2019-02-09 02:57:09,375:INFO: - Train metrics: dsc: 0.844 ; iou: 0.766 ; accuracy: 0.998 ; precision: 0.837 ; recall: 0.915 ; loss: 0.163
2019-02-09 02:57:10,413:INFO: - Eval metrics : dsc: 0.907 ; iou: 0.844 ; accuracy: 0.999 ; precision: 0.916 ; recall: 0.917 ; loss: 0.105
2019-02-09 02:57:10,430:INFO: - Found new best DSC
2019-02-09 02:57:10,430:INFO: Epoch 2/45
2019-02-09 02:57:21,169:INFO: - Train metrics: dsc: 0.881 ; iou: 0.817 ; accuracy: 0.999 ; precision: 0.879 ; recall: 0.928 ; loss: 0.127
2019-02-09 02:57:22,217:INFO: - Eval metrics : dsc: 0.913 ; iou: 0.853 ; accuracy: 0.999 ; precision: 0.910 ; recall: 0.933 ; loss: 0.098
2019-02-09 02:57:22,231:INFO: - Found new best DSC
2019-02-09 02:57:22,231:INFO: Epoch 3/45
2019-02-09 02:57:33,087:INFO: - Train metrics: dsc: 0.898 ; iou: 0.836 ; accuracy: 0.999 ; precision: 0.894 ; recall: 0.933 ; loss: 0.112
2019-02-09 02:57:34,133:INFO: - Eval metrics : dsc: 0.905 ; iou: 0.846 ; accuracy: 0.999 ; precision: 0.919 ; recall: 0.916 ; loss: 0.099
2019-02-09 02:57:34,148:INFO: Epoch 4/45
2019-02-09 02:57:44,926:INFO: - Train metrics: dsc: 0.896 ; iou: 0.836 ; accuracy: 0.999 ; precision: 0.900 ; recall: 0.928 ; loss: 0.109
2019-02-09 02:57:45,985:INFO: - Eval metrics : dsc: 0.897 ; iou: 0.835 ; accuracy: 0.999 ; precision: 0.941 ; recall: 0.883 ; loss: 0.105
2019-02-09 02:57:45,999:INFO: Epoch 5/45
2019-02-09 02:57:56,791:INFO: - Train metrics: dsc: 0.895 ; iou: 0.834 ; accuracy: 0.999 ; precision: 0.899 ; recall: 0.924 ; loss: 0.106
2019-02-09 02:57:57,842:INFO: - Eval metrics : dsc: 0.908 ; iou: 0.850 ; accuracy: 0.999 ; precision: 0.904 ; recall: 0.936 ; loss: 0.092
2019-02-09 02:57:57,860:INFO: Epoch 6/45
2019-02-09 02:58:08,701:INFO: - Train metrics: dsc: 0.900 ; iou: 0.840 ; accuracy: 0.999 ; precision: 0.905 ; recall: 0.923 ; loss: 0.098
2019-02-09 02:58:09,757:INFO: - Eval metrics : dsc: 0.896 ; iou: 0.828 ; accuracy: 0.999 ; precision: 0.889 ; recall: 0.929 ; loss: 0.101
2019-02-09 02:58:09,772:INFO: Epoch 7/45
2019-02-09 02:58:20,598:INFO: - Train metrics: dsc: 0.897 ; iou: 0.837 ; accuracy: 0.999 ; precision: 0.908 ; recall: 0.919 ; loss: 0.095
2019-02-09 02:58:21,688:INFO: - Eval metrics : dsc: 0.912 ; iou: 0.854 ; accuracy: 0.999 ; precision: 0.930 ; recall: 0.914 ; loss: 0.079
2019-02-09 02:58:21,703:INFO: Epoch 8/45
2019-02-09 02:58:32,598:INFO: - Train metrics: dsc: 0.902 ; iou: 0.843 ; accuracy: 0.999 ; precision: 0.907 ; recall: 0.927 ; loss: 0.088
2019-02-09 02:58:33,708:INFO: - Eval metrics : dsc: 0.908 ; iou: 0.850 ; accuracy: 0.999 ; precision: 0.930 ; recall: 0.911 ; loss: 0.081
2019-02-09 02:58:33,723:INFO: Epoch 9/45
2019-02-09 02:58:44,615:INFO: - Train metrics: dsc: 0.906 ; iou: 0.848 ; accuracy: 0.999 ; precision: 0.913 ; recall: 0.925 ; loss: 0.083
2019-02-09 02:58:45,710:INFO: - Eval metrics : dsc: 0.910 ; iou: 0.853 ; accuracy: 0.999 ; precision: 0.930 ; recall: 0.914 ; loss: 0.078
2019-02-09 02:58:45,729:INFO: Epoch 10/45
2019-02-09 02:58:56,524:INFO: - Train metrics: dsc: 0.907 ; iou: 0.851 ; accuracy: 0.999 ; precision: 0.916 ; recall: 0.926 ; loss: 0.075
2019-02-09 02:58:57,583:INFO: - Eval metrics : dsc: 0.912 ; iou: 0.855 ; accuracy: 0.999 ; precision: 0.904 ; recall: 0.943 ; loss: 0.072
2019-02-09 02:58:57,603:INFO: Epoch 11/45
2019-02-09 02:59:08,495:INFO: - Train metrics: dsc: 0.908 ; iou: 0.853 ; accuracy: 0.999 ; precision: 0.915 ; recall: 0.930 ; loss: 0.072
2019-02-09 02:59:09,609:INFO: - Eval metrics : dsc: 0.911 ; iou: 0.855 ; accuracy: 0.999 ; precision: 0.924 ; recall: 0.921 ; loss: 0.073
2019-02-09 02:59:09,633:INFO: Epoch 12/45
2019-02-09 02:59:20,389:INFO: - Train metrics: dsc: 0.903 ; iou: 0.845 ; accuracy: 0.999 ; precision: 0.910 ; recall: 0.925 ; loss: 0.077
2019-02-09 02:59:21,452:INFO: - Eval metrics : dsc: 0.911 ; iou: 0.854 ; accuracy: 0.999 ; precision: 0.930 ; recall: 0.913 ; loss: 0.071
2019-02-09 02:59:21,472:INFO: Epoch 13/45
2019-02-09 02:59:32,249:INFO: - Train metrics: dsc: 0.909 ; iou: 0.853 ; accuracy: 0.999 ; precision: 0.910 ; recall: 0.933 ; loss: 0.070
2019-02-09 02:59:33,298:INFO: - Eval metrics : dsc: 0.914 ; iou: 0.858 ; accuracy: 0.999 ; precision: 0.937 ; recall: 0.911 ; loss: 0.068
2019-02-09 02:59:33,321:INFO: - Found new best DSC
2019-02-09 02:59:33,321:INFO: Epoch 14/45
2019-02-09 02:59:44,202:INFO: - Train metrics: dsc: 0.910 ; iou: 0.854 ; accuracy: 0.999 ; precision: 0.915 ; recall: 0.931 ; loss: 0.069
2019-02-09 02:59:45,311:INFO: - Eval metrics : dsc: 0.914 ; iou: 0.858 ; accuracy: 0.999 ; precision: 0.926 ; recall: 0.923 ; loss: 0.066
2019-02-09 02:59:45,329:INFO: - Found new best DSC
2019-02-09 02:59:45,329:INFO: Epoch 15/45
2019-02-09 02:59:56,174:INFO: - Train metrics: dsc: 0.912 ; iou: 0.857 ; accuracy: 0.999 ; precision: 0.917 ; recall: 0.931 ; loss: 0.065
2019-02-09 02:59:57,242:INFO: - Eval metrics : dsc: 0.914 ; iou: 0.858 ; accuracy: 0.999 ; precision: 0.931 ; recall: 0.918 ; loss: 0.066
2019-02-09 02:59:57,263:INFO: Epoch 16/45
2019-02-09 03:00:08,051:INFO: - Train metrics: dsc: 0.915 ; iou: 0.861 ; accuracy: 0.999 ; precision: 0.917 ; recall: 0.936 ; loss: 0.060
2019-02-09 03:00:09,109:INFO: - Eval metrics : dsc: 0.916 ; iou: 0.861 ; accuracy: 0.999 ; precision: 0.934 ; recall: 0.918 ; loss: 0.064
2019-02-09 03:00:09,128:INFO: - Found new best DSC
2019-02-09 03:00:09,128:INFO: Epoch 17/45
2019-02-09 03:00:19,953:INFO: - Train metrics: dsc: 0.914 ; iou: 0.859 ; accuracy: 0.999 ; precision: 0.918 ; recall: 0.932 ; loss: 0.061
2019-02-09 03:00:21,088:INFO: - Eval metrics : dsc: 0.912 ; iou: 0.856 ; accuracy: 0.999 ; precision: 0.936 ; recall: 0.910 ; loss: 0.067
2019-02-09 03:00:21,107:INFO: Epoch 18/45
2019-02-09 03:00:31,900:INFO: - Train metrics: dsc: 0.906 ; iou: 0.851 ; accuracy: 0.999 ; precision: 0.921 ; recall: 0.921 ; loss: 0.068
2019-02-09 03:00:32,954:INFO: - Eval metrics : dsc: 0.893 ; iou: 0.831 ; accuracy: 0.999 ; precision: 0.890 ; recall: 0.931 ; loss: 0.092
2019-02-09 03:00:32,974:INFO: Epoch 19/45
2019-02-09 03:00:43,819:INFO: - Train metrics: dsc: 0.905 ; iou: 0.848 ; accuracy: 0.999 ; precision: 0.916 ; recall: 0.924 ; loss: 0.069
2019-02-09 03:00:44,866:INFO: - Eval metrics : dsc: 0.914 ; iou: 0.858 ; accuracy: 0.999 ; precision: 0.919 ; recall: 0.930 ; loss: 0.065
2019-02-09 03:00:44,881:INFO: Epoch 20/45
2019-02-09 03:00:55,766:INFO: - Train metrics: dsc: 0.910 ; iou: 0.855 ; accuracy: 0.999 ; precision: 0.912 ; recall: 0.935 ; loss: 0.065
2019-02-09 03:00:56,851:INFO: - Eval metrics : dsc: 0.912 ; iou: 0.855 ; accuracy: 0.999 ; precision: 0.944 ; recall: 0.902 ; loss: 0.066
2019-02-09 03:00:56,867:INFO: Epoch 21/45
2019-02-09 03:01:07,652:INFO: - Train metrics: dsc: 0.916 ; iou: 0.862 ; accuracy: 0.999 ; precision: 0.918 ; recall: 0.936 ; loss: 0.058
2019-02-09 03:01:08,716:INFO: - Eval metrics : dsc: 0.916 ; iou: 0.862 ; accuracy: 0.999 ; precision: 0.931 ; recall: 0.921 ; loss: 0.061
2019-02-09 03:01:08,732:INFO: - Found new best DSC
2019-02-09 03:01:08,733:INFO: Epoch 22/45
2019-02-09 03:01:19,477:INFO: - Train metrics: dsc: 0.916 ; iou: 0.863 ; accuracy: 0.999 ; precision: 0.920 ; recall: 0.935 ; loss: 0.056
2019-02-09 03:01:20,530:INFO: - Eval metrics : dsc: 0.916 ; iou: 0.862 ; accuracy: 0.999 ; precision: 0.929 ; recall: 0.923 ; loss: 0.062
2019-02-09 03:01:20,550:INFO: Epoch 23/45
2019-02-09 03:01:31,488:INFO: - Train metrics: dsc: 0.920 ; iou: 0.867 ; accuracy: 0.999 ; precision: 0.921 ; recall: 0.938 ; loss: 0.051
2019-02-09 03:01:32,563:INFO: - Eval metrics : dsc: 0.915 ; iou: 0.859 ; accuracy: 0.999 ; precision: 0.937 ; recall: 0.913 ; loss: 0.063
2019-02-09 03:01:32,585:INFO: Epoch 24/45
2019-02-09 03:01:43,420:INFO: - Train metrics: dsc: 0.922 ; iou: 0.870 ; accuracy: 0.999 ; precision: 0.922 ; recall: 0.938 ; loss: 0.049
2019-02-09 03:01:44,479:INFO: - Eval metrics : dsc: 0.915 ; iou: 0.860 ; accuracy: 0.999 ; precision: 0.939 ; recall: 0.912 ; loss: 0.062
2019-02-09 03:01:44,494:INFO: Epoch 25/45
2019-02-09 03:01:55,318:INFO: - Train metrics: dsc: 0.922 ; iou: 0.871 ; accuracy: 0.999 ; precision: 0.926 ; recall: 0.937 ; loss: 0.048
2019-02-09 03:01:56,409:INFO: - Eval metrics : dsc: 0.917 ; iou: 0.863 ; accuracy: 0.999 ; precision: 0.921 ; recall: 0.933 ; loss: 0.060
2019-02-09 03:01:56,429:INFO: - Found new best DSC
2019-02-09 03:01:56,430:INFO: Epoch 26/45
2019-02-09 03:02:07,249:INFO: - Train metrics: dsc: 0.923 ; iou: 0.871 ; accuracy: 0.999 ; precision: 0.924 ; recall: 0.940 ; loss: 0.047
2019-02-09 03:02:08,320:INFO: - Eval metrics : dsc: 0.910 ; iou: 0.852 ; accuracy: 0.999 ; precision: 0.943 ; recall: 0.899 ; loss: 0.067
2019-02-09 03:02:08,335:INFO: Epoch 27/45
2019-02-09 03:02:19,156:INFO: - Train metrics: dsc: 0.923 ; iou: 0.872 ; accuracy: 0.999 ; precision: 0.926 ; recall: 0.939 ; loss: 0.047
2019-02-09 03:02:20,214:INFO: - Eval metrics : dsc: 0.915 ; iou: 0.861 ; accuracy: 0.999 ; precision: 0.928 ; recall: 0.923 ; loss: 0.062
2019-02-09 03:02:20,235:INFO: Epoch 28/45
2019-02-09 03:02:31,007:INFO: - Train metrics: dsc: 0.925 ; iou: 0.875 ; accuracy: 0.999 ; precision: 0.926 ; recall: 0.941 ; loss: 0.045
2019-02-09 03:02:32,072:INFO: - Eval metrics : dsc: 0.914 ; iou: 0.857 ; accuracy: 0.999 ; precision: 0.943 ; recall: 0.905 ; loss: 0.063
2019-02-09 03:02:32,086:INFO: Epoch 29/45
2019-02-09 03:02:42,848:INFO: - Train metrics: dsc: 0.925 ; iou: 0.875 ; accuracy: 0.999 ; precision: 0.927 ; recall: 0.940 ; loss: 0.044
2019-02-09 03:02:43,889:INFO: - Eval metrics : dsc: 0.906 ; iou: 0.851 ; accuracy: 0.999 ; precision: 0.937 ; recall: 0.902 ; loss: 0.074
2019-02-09 03:02:43,908:INFO: Epoch 30/45
2019-02-09 03:02:54,782:INFO: - Train metrics: dsc: 0.925 ; iou: 0.874 ; accuracy: 0.999 ; precision: 0.925 ; recall: 0.941 ; loss: 0.046
2019-02-09 03:02:55,848:INFO: - Eval metrics : dsc: 0.919 ; iou: 0.866 ; accuracy: 0.999 ; precision: 0.929 ; recall: 0.928 ; loss: 0.058
2019-02-09 03:02:55,870:INFO: - Found new best DSC
2019-02-09 03:02:55,870:INFO: Epoch 31/45
2019-02-09 03:03:06,692:INFO: - Train metrics: dsc: 0.926 ; iou: 0.876 ; accuracy: 0.999 ; precision: 0.928 ; recall: 0.940 ; loss: 0.043
2019-02-09 03:03:07,782:INFO: - Eval metrics : dsc: 0.913 ; iou: 0.857 ; accuracy: 0.999 ; precision: 0.946 ; recall: 0.902 ; loss: 0.064
2019-02-09 03:03:07,798:INFO: Epoch 32/45
2019-02-09 03:03:18,612:INFO: - Train metrics: dsc: 0.926 ; iou: 0.875 ; accuracy: 0.999 ; precision: 0.927 ; recall: 0.941 ; loss: 0.044
2019-02-09 03:03:19,690:INFO: - Eval metrics : dsc: 0.912 ; iou: 0.857 ; accuracy: 0.999 ; precision: 0.926 ; recall: 0.921 ; loss: 0.073
2019-02-09 03:03:19,706:INFO: Epoch 33/45
2019-02-09 03:03:30,524:INFO: - Train metrics: dsc: 0.927 ; iou: 0.877 ; accuracy: 0.999 ; precision: 0.928 ; recall: 0.942 ; loss: 0.043
2019-02-09 03:03:31,574:INFO: - Eval metrics : dsc: 0.910 ; iou: 0.853 ; accuracy: 0.999 ; precision: 0.948 ; recall: 0.895 ; loss: 0.067
2019-02-09 03:03:31,588:INFO: Epoch 34/45
2019-02-09 03:03:42,431:INFO: - Train metrics: dsc: 0.902 ; iou: 0.849 ; accuracy: 0.999 ; precision: 0.926 ; recall: 0.914 ; loss: 0.066
2019-02-09 03:03:43,536:INFO: - Eval metrics : dsc: 0.903 ; iou: 0.849 ; accuracy: 0.999 ; precision: 0.938 ; recall: 0.897 ; loss: 0.073
2019-02-09 03:03:43,562:INFO: Epoch 35/45
2019-02-09 03:03:54,376:INFO: - Train metrics: dsc: 0.912 ; iou: 0.859 ; accuracy: 0.999 ; precision: 0.920 ; recall: 0.930 ; loss: 0.059
2019-02-09 03:03:55,478:INFO: - Eval metrics : dsc: 0.915 ; iou: 0.860 ; accuracy: 0.999 ; precision: 0.920 ; recall: 0.931 ; loss: 0.061
2019-02-09 03:03:55,493:INFO: Epoch 36/45
2019-02-09 03:04:06,330:INFO: - Train metrics: dsc: 0.920 ; iou: 0.869 ; accuracy: 0.999 ; precision: 0.923 ; recall: 0.939 ; loss: 0.050
2019-02-09 03:04:07,439:INFO: - Eval metrics : dsc: 0.914 ; iou: 0.859 ; accuracy: 0.999 ; precision: 0.920 ; recall: 0.930 ; loss: 0.067
2019-02-09 03:04:07,461:INFO: Epoch 37/45
2019-02-09 03:04:18,313:INFO: - Train metrics: dsc: 0.925 ; iou: 0.876 ; accuracy: 0.999 ; precision: 0.928 ; recall: 0.941 ; loss: 0.044
2019-02-09 03:04:19,445:INFO: - Eval metrics : dsc: 0.911 ; iou: 0.855 ; accuracy: 0.999 ; precision: 0.946 ; recall: 0.899 ; loss: 0.065
2019-02-09 03:04:19,459:INFO: Epoch 38/45
2019-02-09 03:04:30,305:INFO: - Train metrics: dsc: 0.927 ; iou: 0.878 ; accuracy: 0.999 ; precision: 0.931 ; recall: 0.940 ; loss: 0.041
2019-02-09 03:04:31,401:INFO: - Eval metrics : dsc: 0.915 ; iou: 0.861 ; accuracy: 0.999 ; precision: 0.932 ; recall: 0.919 ; loss: 0.062
2019-02-09 03:04:31,417:INFO: Epoch 39/45
2019-02-09 03:04:42,354:INFO: - Train metrics: dsc: 0.928 ; iou: 0.879 ; accuracy: 0.999 ; precision: 0.931 ; recall: 0.940 ; loss: 0.041
2019-02-09 03:04:43,452:INFO: - Eval metrics : dsc: 0.914 ; iou: 0.860 ; accuracy: 0.999 ; precision: 0.926 ; recall: 0.924 ; loss: 0.062
2019-02-09 03:04:43,466:INFO: Epoch 40/45
2019-02-09 03:04:54,301:INFO: - Train metrics: dsc: 0.928 ; iou: 0.881 ; accuracy: 0.999 ; precision: 0.932 ; recall: 0.942 ; loss: 0.039
2019-02-09 03:04:55,403:INFO: - Eval metrics : dsc: 0.918 ; iou: 0.866 ; accuracy: 0.999 ; precision: 0.930 ; recall: 0.925 ; loss: 0.059
2019-02-09 03:04:55,424:INFO: Epoch 41/45
2019-02-09 03:05:06,231:INFO: - Train metrics: dsc: 0.923 ; iou: 0.872 ; accuracy: 0.999 ; precision: 0.927 ; recall: 0.939 ; loss: 0.048
2019-02-09 03:05:07,330:INFO: - Eval metrics : dsc: 0.894 ; iou: 0.831 ; accuracy: 0.999 ; precision: 0.910 ; recall: 0.899 ; loss: 0.079
2019-02-09 03:05:07,349:INFO: Epoch 42/45
2019-02-09 03:05:18,217:INFO: - Train metrics: dsc: 0.901 ; iou: 0.843 ; accuracy: 0.999 ; precision: 0.921 ; recall: 0.911 ; loss: 0.070
2019-02-09 03:05:19,306:INFO: - Eval metrics : dsc: 0.908 ; iou: 0.851 ; accuracy: 0.999 ; precision: 0.925 ; recall: 0.912 ; loss: 0.069
2019-02-09 03:05:19,321:INFO: Epoch 43/45
2019-02-09 03:05:30,193:INFO: - Train metrics: dsc: 0.922 ; iou: 0.870 ; accuracy: 0.999 ; precision: 0.928 ; recall: 0.935 ; loss: 0.048
2019-02-09 03:05:31,279:INFO: - Eval metrics : dsc: 0.913 ; iou: 0.858 ; accuracy: 0.999 ; precision: 0.931 ; recall: 0.916 ; loss: 0.064
2019-02-09 03:05:31,299:INFO: Epoch 44/45
2019-02-09 03:05:42,142:INFO: - Train metrics: dsc: 0.927 ; iou: 0.878 ; accuracy: 0.999 ; precision: 0.929 ; recall: 0.941 ; loss: 0.042
2019-02-09 03:05:43,210:INFO: - Eval metrics : dsc: 0.911 ; iou: 0.856 ; accuracy: 0.999 ; precision: 0.932 ; recall: 0.915 ; loss: 0.075
2019-02-09 03:05:43,230:INFO: Epoch 45/45
2019-02-09 03:05:54,009:INFO: - Train metrics: dsc: 0.929 ; iou: 0.881 ; accuracy: 0.999 ; precision: 0.930 ; recall: 0.943 ; loss: 0.040
2019-02-09 03:05:55,055:INFO: - Eval metrics : dsc: 0.912 ; iou: 0.858 ; accuracy: 0.999 ; precision: 0.928 ; recall: 0.921 ; loss: 0.069
2019-02-09 03:05:55,111:INFO: Loading the datasets...
2019-02-09 03:05:59,302:INFO: - done.
2019-02-09 03:05:59,302:INFO: For k-fold 4/5:
2019-02-09 03:05:59,302:INFO: Starting training for 45 epoch(s)
2019-02-09 03:05:59,302:INFO: Restoring parameters from experiments/ENDO/model_ModelA_transfer/data_augmentation/data_rot/batch_size_30/learning_rate_0.0001/EPI-modelA_random-data_rot-batch_size_30-learning_rate_6e-04-best.pth.tar
2019-02-09 03:05:59,319:INFO: Epoch 1/45
2019-02-09 03:06:10,006:INFO: - Train metrics: dsc: 0.850 ; iou: 0.772 ; accuracy: 0.998 ; precision: 0.848 ; recall: 0.912 ; loss: 0.160
2019-02-09 03:06:11,058:INFO: - Eval metrics : dsc: 0.894 ; iou: 0.831 ; accuracy: 0.999 ; precision: 0.917 ; recall: 0.904 ; loss: 0.114
2019-02-09 03:06:11,082:INFO: - Found new best DSC
2019-02-09 03:06:11,082:INFO: Epoch 2/45
2019-02-09 03:06:21,820:INFO: - Train metrics: dsc: 0.888 ; iou: 0.823 ; accuracy: 0.999 ; precision: 0.886 ; recall: 0.926 ; loss: 0.124
2019-02-09 03:06:22,865:INFO: - Eval metrics : dsc: 0.895 ; iou: 0.831 ; accuracy: 0.999 ; precision: 0.889 ; recall: 0.933 ; loss: 0.109
2019-02-09 03:06:22,883:INFO: - Found new best DSC
2019-02-09 03:06:22,883:INFO: Epoch 3/45
2019-02-09 03:06:33,645:INFO: - Train metrics: dsc: 0.898 ; iou: 0.838 ; accuracy: 0.999 ; precision: 0.900 ; recall: 0.929 ; loss: 0.111
2019-02-09 03:06:34,698:INFO: - Eval metrics : dsc: 0.892 ; iou: 0.829 ; accuracy: 0.999 ; precision: 0.921 ; recall: 0.897 ; loss: 0.110
2019-02-09 03:06:34,719:INFO: Epoch 4/45
2019-02-09 03:06:45,557:INFO: - Train metrics: dsc: 0.898 ; iou: 0.838 ; accuracy: 0.999 ; precision: 0.899 ; recall: 0.930 ; loss: 0.106
2019-02-09 03:06:46,620:INFO: - Eval metrics : dsc: 0.899 ; iou: 0.837 ; accuracy: 0.999 ; precision: 0.917 ; recall: 0.910 ; loss: 0.102
2019-02-09 03:06:46,638:INFO: - Found new best DSC
2019-02-09 03:06:46,639:INFO: Epoch 5/45
2019-02-09 03:06:57,465:INFO: - Train metrics: dsc: 0.898 ; iou: 0.837 ; accuracy: 0.999 ; precision: 0.905 ; recall: 0.920 ; loss: 0.103
2019-02-09 03:06:58,569:INFO: - Eval metrics : dsc: 0.896 ; iou: 0.837 ; accuracy: 0.999 ; precision: 0.899 ; recall: 0.924 ; loss: 0.102
2019-02-09 03:06:58,584:INFO: Epoch 6/45
2019-02-09 03:07:09,396:INFO: - Train metrics: dsc: 0.902 ; iou: 0.843 ; accuracy: 0.999 ; precision: 0.900 ; recall: 0.933 ; loss: 0.096
2019-02-09 03:07:10,447:INFO: - Eval metrics : dsc: 0.906 ; iou: 0.845 ; accuracy: 0.999 ; precision: 0.926 ; recall: 0.911 ; loss: 0.094
2019-02-09 03:07:10,464:INFO: - Found new best DSC
2019-02-09 03:07:10,464:INFO: Epoch 7/45
2019-02-09 03:07:21,252:INFO: - Train metrics: dsc: 0.905 ; iou: 0.847 ; accuracy: 0.999 ; precision: 0.906 ; recall: 0.932 ; loss: 0.089
2019-02-09 03:07:22,309:INFO: - Eval metrics : dsc: 0.900 ; iou: 0.841 ; accuracy: 0.999 ; precision: 0.907 ; recall: 0.926 ; loss: 0.095
2019-02-09 03:07:22,321:INFO: Epoch 8/45
2019-02-09 03:07:33,156:INFO: - Train metrics: dsc: 0.907 ; iou: 0.851 ; accuracy: 0.999 ; precision: 0.906 ; recall: 0.936 ; loss: 0.084
2019-02-09 03:07:34,224:INFO: - Eval metrics : dsc: 0.902 ; iou: 0.842 ; accuracy: 0.999 ; precision: 0.914 ; recall: 0.918 ; loss: 0.091
2019-02-09 03:07:34,244:INFO: Epoch 9/45
2019-02-09 03:07:45,086:INFO: - Train metrics: dsc: 0.908 ; iou: 0.852 ; accuracy: 0.999 ; precision: 0.910 ; recall: 0.932 ; loss: 0.080
2019-02-09 03:07:46,136:INFO: - Eval metrics : dsc: 0.900 ; iou: 0.840 ; accuracy: 0.999 ; precision: 0.921 ; recall: 0.910 ; loss: 0.091
2019-02-09 03:07:46,151:INFO: Epoch 10/45
2019-02-09 03:07:57,018:INFO: - Train metrics: dsc: 0.903 ; iou: 0.846 ; accuracy: 0.999 ; precision: 0.910 ; recall: 0.927 ; loss: 0.083
2019-02-09 03:07:58,072:INFO: - Eval metrics : dsc: 0.902 ; iou: 0.844 ; accuracy: 0.999 ; precision: 0.918 ; recall: 0.916 ; loss: 0.088
2019-02-09 03:07:58,092:INFO: Epoch 11/45
2019-02-09 03:08:08,947:INFO: - Train metrics: dsc: 0.897 ; iou: 0.838 ; accuracy: 0.999 ; precision: 0.907 ; recall: 0.919 ; loss: 0.085
2019-02-09 03:08:10,007:INFO: - Eval metrics : dsc: 0.905 ; iou: 0.847 ; accuracy: 0.999 ; precision: 0.913 ; recall: 0.921 ; loss: 0.087
2019-02-09 03:08:10,022:INFO: Epoch 12/45
2019-02-09 03:08:20,859:INFO: - Train metrics: dsc: 0.909 ; iou: 0.854 ; accuracy: 0.999 ; precision: 0.909 ; recall: 0.936 ; loss: 0.074
2019-02-09 03:08:21,937:INFO: - Eval metrics : dsc: 0.900 ; iou: 0.841 ; accuracy: 0.999 ; precision: 0.916 ; recall: 0.913 ; loss: 0.091
2019-02-09 03:08:21,954:INFO: Epoch 13/45
2019-02-09 03:08:32,813:INFO: - Train metrics: dsc: 0.909 ; iou: 0.853 ; accuracy: 0.999 ; precision: 0.916 ; recall: 0.927 ; loss: 0.070
2019-02-09 03:08:33,909:INFO: - Eval metrics : dsc: 0.895 ; iou: 0.836 ; accuracy: 0.999 ; precision: 0.934 ; recall: 0.897 ; loss: 0.089
2019-02-09 03:08:33,930:INFO: Epoch 14/45
2019-02-09 03:08:44,820:INFO: - Train metrics: dsc: 0.907 ; iou: 0.853 ; accuracy: 0.999 ; precision: 0.915 ; recall: 0.928 ; loss: 0.071
2019-02-09 03:08:45,938:INFO: - Eval metrics : dsc: 0.903 ; iou: 0.843 ; accuracy: 0.999 ; precision: 0.926 ; recall: 0.907 ; loss: 0.082
2019-02-09 03:08:45,957:INFO: Epoch 15/45
2019-02-09 03:08:56,811:INFO: - Train metrics: dsc: 0.901 ; iou: 0.843 ; accuracy: 0.999 ; precision: 0.922 ; recall: 0.911 ; loss: 0.072
2019-02-09 03:08:57,894:INFO: - Eval metrics : dsc: 0.900 ; iou: 0.843 ; accuracy: 0.999 ; precision: 0.928 ; recall: 0.910 ; loss: 0.086
2019-02-09 03:08:57,909:INFO: Epoch 16/45
2019-02-09 03:09:08,758:INFO: - Train metrics: dsc: 0.892 ; iou: 0.832 ; accuracy: 0.999 ; precision: 0.918 ; recall: 0.902 ; loss: 0.085
2019-02-09 03:09:09,862:INFO: - Eval metrics : dsc: 0.869 ; iou: 0.803 ; accuracy: 0.999 ; precision: 0.896 ; recall: 0.893 ; loss: 0.118
2019-02-09 03:09:09,878:INFO: Epoch 17/45
2019-02-09 03:09:20,695:INFO: - Train metrics: dsc: 0.902 ; iou: 0.844 ; accuracy: 0.999 ; precision: 0.907 ; recall: 0.927 ; loss: 0.072
2019-02-09 03:09:21,742:INFO: - Eval metrics : dsc: 0.898 ; iou: 0.840 ; accuracy: 0.999 ; precision: 0.893 ; recall: 0.934 ; loss: 0.088
2019-02-09 03:09:21,754:INFO: Epoch 18/45
2019-02-09 03:09:32,559:INFO: - Train metrics: dsc: 0.910 ; iou: 0.855 ; accuracy: 0.999 ; precision: 0.912 ; recall: 0.933 ; loss: 0.065
2019-02-09 03:09:33,623:INFO: - Eval metrics : dsc: 0.896 ; iou: 0.837 ; accuracy: 0.999 ; precision: 0.935 ; recall: 0.896 ; loss: 0.089
2019-02-09 03:09:33,642:INFO: Epoch 19/45
2019-02-09 03:09:44,522:INFO: - Train metrics: dsc: 0.913 ; iou: 0.859 ; accuracy: 0.999 ; precision: 0.914 ; recall: 0.935 ; loss: 0.060
2019-02-09 03:09:45,597:INFO: - Eval metrics : dsc: 0.903 ; iou: 0.846 ; accuracy: 0.999 ; precision: 0.922 ; recall: 0.917 ; loss: 0.082
2019-02-09 03:09:45,616:INFO: Epoch 20/45
2019-02-09 03:09:56,458:INFO: - Train metrics: dsc: 0.915 ; iou: 0.862 ; accuracy: 0.999 ; precision: 0.919 ; recall: 0.934 ; loss: 0.058
2019-02-09 03:09:57,557:INFO: - Eval metrics : dsc: 0.902 ; iou: 0.845 ; accuracy: 0.999 ; precision: 0.924 ; recall: 0.915 ; loss: 0.084
2019-02-09 03:09:57,584:INFO: Epoch 21/45
2019-02-09 03:10:08,388:INFO: - Train metrics: dsc: 0.917 ; iou: 0.864 ; accuracy: 0.999 ; precision: 0.918 ; recall: 0.938 ; loss: 0.057
2019-02-09 03:10:09,452:INFO: - Eval metrics : dsc: 0.902 ; iou: 0.845 ; accuracy: 0.999 ; precision: 0.931 ; recall: 0.908 ; loss: 0.083
2019-02-09 03:10:09,472:INFO: Epoch 22/45
2019-02-09 03:10:20,287:INFO: - Train metrics: dsc: 0.918 ; iou: 0.865 ; accuracy: 0.999 ; precision: 0.918 ; recall: 0.937 ; loss: 0.056
2019-02-09 03:10:21,342:INFO: - Eval metrics : dsc: 0.902 ; iou: 0.846 ; accuracy: 0.999 ; precision: 0.927 ; recall: 0.913 ; loss: 0.082
2019-02-09 03:10:21,362:INFO: Epoch 23/45
2019-02-09 03:10:32,188:INFO: - Train metrics: dsc: 0.904 ; iou: 0.849 ; accuracy: 0.999 ; precision: 0.926 ; recall: 0.914 ; loss: 0.065
2019-02-09 03:10:33,241:INFO: - Eval metrics : dsc: 0.863 ; iou: 0.801 ; accuracy: 0.999 ; precision: 0.922 ; recall: 0.866 ; loss: 0.117
2019-02-09 03:10:33,271:INFO: Epoch 24/45
2019-02-09 03:10:44,112:INFO: - Train metrics: dsc: 0.908 ; iou: 0.855 ; accuracy: 0.999 ; precision: 0.922 ; recall: 0.923 ; loss: 0.060
2019-02-09 03:10:45,174:INFO: - Eval metrics : dsc: 0.898 ; iou: 0.845 ; accuracy: 0.999 ; precision: 0.924 ; recall: 0.915 ; loss: 0.086
2019-02-09 03:10:45,190:INFO: Epoch 25/45
2019-02-09 03:10:55,991:INFO: - Train metrics: dsc: 0.915 ; iou: 0.864 ; accuracy: 0.999 ; precision: 0.922 ; recall: 0.932 ; loss: 0.055
2019-02-09 03:10:57,061:INFO: - Eval metrics : dsc: 0.898 ; iou: 0.845 ; accuracy: 0.999 ; precision: 0.925 ; recall: 0.915 ; loss: 0.086
2019-02-09 03:10:57,077:INFO: Epoch 26/45
2019-02-09 03:11:07,896:INFO: - Train metrics: dsc: 0.902 ; iou: 0.846 ; accuracy: 0.999 ; precision: 0.919 ; recall: 0.916 ; loss: 0.068
2019-02-09 03:11:08,950:INFO: - Eval metrics : dsc: 0.874 ; iou: 0.812 ; accuracy: 0.999 ; precision: 0.934 ; recall: 0.867 ; loss: 0.106
2019-02-09 03:11:08,966:INFO: Epoch 27/45
2019-02-09 03:11:19,903:INFO: - Train metrics: dsc: 0.910 ; iou: 0.855 ; accuracy: 0.999 ; precision: 0.918 ; recall: 0.927 ; loss: 0.061
2019-02-09 03:11:20,972:INFO: - Eval metrics : dsc: 0.893 ; iou: 0.836 ; accuracy: 0.999 ; precision: 0.920 ; recall: 0.905 ; loss: 0.092
2019-02-09 03:11:20,992:INFO: Epoch 28/45
2019-02-09 03:11:31,868:INFO: - Train metrics: dsc: 0.912 ; iou: 0.859 ; accuracy: 0.999 ; precision: 0.924 ; recall: 0.926 ; loss: 0.056
2019-02-09 03:11:32,957:INFO: - Eval metrics : dsc: 0.898 ; iou: 0.840 ; accuracy: 0.999 ; precision: 0.937 ; recall: 0.897 ; loss: 0.082
2019-02-09 03:11:32,975:INFO: Epoch 29/45
2019-02-09 03:11:43,760:INFO: - Train metrics: dsc: 0.914 ; iou: 0.861 ; accuracy: 0.999 ; precision: 0.923 ; recall: 0.930 ; loss: 0.056
2019-02-09 03:11:44,862:INFO: - Eval metrics : dsc: 0.898 ; iou: 0.841 ; accuracy: 0.999 ; precision: 0.929 ; recall: 0.905 ; loss: 0.086
2019-02-09 03:11:44,884:INFO: Epoch 30/45
2019-02-09 03:11:55,720:INFO: - Train metrics: dsc: 0.916 ; iou: 0.865 ; accuracy: 0.999 ; precision: 0.925 ; recall: 0.932 ; loss: 0.053
2019-02-09 03:11:56,825:INFO: - Eval metrics : dsc: 0.900 ; iou: 0.844 ; accuracy: 0.999 ; precision: 0.915 ; recall: 0.919 ; loss: 0.083
2019-02-09 03:11:56,850:INFO: Epoch 31/45
2019-02-09 03:12:07,684:INFO: - Train metrics: dsc: 0.919 ; iou: 0.869 ; accuracy: 0.999 ; precision: 0.925 ; recall: 0.936 ; loss: 0.050
2019-02-09 03:12:08,756:INFO: - Eval metrics : dsc: 0.901 ; iou: 0.846 ; accuracy: 0.999 ; precision: 0.916 ; recall: 0.921 ; loss: 0.084
2019-02-09 03:12:08,778:INFO: Epoch 32/45
2019-02-09 03:12:19,668:INFO: - Train metrics: dsc: 0.920 ; iou: 0.870 ; accuracy: 0.999 ; precision: 0.925 ; recall: 0.937 ; loss: 0.049
2019-02-09 03:12:20,715:INFO: - Eval metrics : dsc: 0.900 ; iou: 0.845 ; accuracy: 0.999 ; precision: 0.917 ; recall: 0.919 ; loss: 0.084
2019-02-09 03:12:20,731:INFO: Epoch 33/45
2019-02-09 03:12:31,588:INFO: - Train metrics: dsc: 0.922 ; iou: 0.873 ; accuracy: 0.999 ; precision: 0.927 ; recall: 0.937 ; loss: 0.047
2019-02-09 03:12:32,638:INFO: - Eval metrics : dsc: 0.896 ; iou: 0.840 ; accuracy: 0.999 ; precision: 0.937 ; recall: 0.891 ; loss: 0.088
2019-02-09 03:12:32,659:INFO: Epoch 34/45
2019-02-09 03:12:43,467:INFO: - Train metrics: dsc: 0.922 ; iou: 0.873 ; accuracy: 0.999 ; precision: 0.927 ; recall: 0.937 ; loss: 0.047
2019-02-09 03:12:44,529:INFO: - Eval metrics : dsc: 0.896 ; iou: 0.842 ; accuracy: 0.999 ; precision: 0.932 ; recall: 0.899 ; loss: 0.088
2019-02-09 03:12:44,549:INFO: Epoch 35/45
2019-02-09 03:12:55,332:INFO: - Train metrics: dsc: 0.922 ; iou: 0.873 ; accuracy: 0.999 ; precision: 0.928 ; recall: 0.936 ; loss: 0.047
2019-02-09 03:12:56,380:INFO: - Eval metrics : dsc: 0.903 ; iou: 0.847 ; accuracy: 0.999 ; precision: 0.925 ; recall: 0.910 ; loss: 0.081
2019-02-09 03:12:56,400:INFO: Epoch 36/45
2019-02-09 03:13:07,216:INFO: - Train metrics: dsc: 0.922 ; iou: 0.874 ; accuracy: 0.999 ; precision: 0.927 ; recall: 0.938 ; loss: 0.047
2019-02-09 03:13:08,267:INFO: - Eval metrics : dsc: 0.905 ; iou: 0.848 ; accuracy: 0.999 ; precision: 0.923 ; recall: 0.916 ; loss: 0.080
2019-02-09 03:13:08,283:INFO: Epoch 37/45
2019-02-09 03:13:19,118:INFO: - Train metrics: dsc: 0.921 ; iou: 0.873 ; accuracy: 0.999 ; precision: 0.928 ; recall: 0.936 ; loss: 0.047
2019-02-09 03:13:20,180:INFO: - Eval metrics : dsc: 0.903 ; iou: 0.846 ; accuracy: 0.999 ; precision: 0.930 ; recall: 0.906 ; loss: 0.082
2019-02-09 03:13:20,202:INFO: Epoch 38/45
2019-02-09 03:13:31,075:INFO: - Train metrics: dsc: 0.909 ; iou: 0.855 ; accuracy: 0.999 ; precision: 0.921 ; recall: 0.925 ; loss: 0.061
2019-02-09 03:13:32,118:INFO: - Eval metrics : dsc: 0.902 ; iou: 0.845 ; accuracy: 0.999 ; precision: 0.911 ; recall: 0.921 ; loss: 0.083
2019-02-09 03:13:32,137:INFO: Epoch 39/45
2019-02-09 03:13:42,995:INFO: - Train metrics: dsc: 0.920 ; iou: 0.870 ; accuracy: 0.999 ; precision: 0.925 ; recall: 0.937 ; loss: 0.048
2019-02-09 03:13:44,041:INFO: - Eval metrics : dsc: 0.899 ; iou: 0.843 ; accuracy: 0.999 ; precision: 0.901 ; recall: 0.934 ; loss: 0.088
2019-02-09 03:13:44,058:INFO: Epoch 40/45
2019-02-09 03:13:54,902:INFO: - Train metrics: dsc: 0.924 ; iou: 0.877 ; accuracy: 0.999 ; precision: 0.930 ; recall: 0.938 ; loss: 0.044
2019-02-09 03:13:55,997:INFO: - Eval metrics : dsc: 0.898 ; iou: 0.843 ; accuracy: 0.999 ; precision: 0.916 ; recall: 0.916 ; loss: 0.087
2019-02-09 03:13:56,017:INFO: Epoch 41/45
2019-02-09 03:14:06,889:INFO: - Train metrics: dsc: 0.925 ; iou: 0.877 ; accuracy: 0.999 ; precision: 0.930 ; recall: 0.939 ; loss: 0.044
2019-02-09 03:14:07,976:INFO: - Eval metrics : dsc: 0.900 ; iou: 0.845 ; accuracy: 0.999 ; precision: 0.920 ; recall: 0.916 ; loss: 0.085
2019-02-09 03:14:07,996:INFO: Epoch 42/45
2019-02-09 03:14:18,922:INFO: - Train metrics: dsc: 0.924 ; iou: 0.876 ; accuracy: 0.999 ; precision: 0.931 ; recall: 0.937 ; loss: 0.044
2019-02-09 03:14:20,021:INFO: - Eval metrics : dsc: 0.900 ; iou: 0.844 ; accuracy: 0.999 ; precision: 0.915 ; recall: 0.919 ; loss: 0.084
2019-02-09 03:14:20,039:INFO: Epoch 43/45
2019-02-09 03:14:30,980:INFO: - Train metrics: dsc: 0.924 ; iou: 0.877 ; accuracy: 0.999 ; precision: 0.930 ; recall: 0.939 ; loss: 0.045
2019-02-09 03:14:32,037:INFO: - Eval metrics : dsc: 0.903 ; iou: 0.848 ; accuracy: 0.999 ; precision: 0.915 ; recall: 0.920 ; loss: 0.081
2019-02-09 03:14:32,060:INFO: Epoch 44/45
2019-02-09 03:14:42,840:INFO: - Train metrics: dsc: 0.926 ; iou: 0.880 ; accuracy: 0.999 ; precision: 0.933 ; recall: 0.939 ; loss: 0.042
2019-02-09 03:14:43,880:INFO: - Eval metrics : dsc: 0.903 ; iou: 0.850 ; accuracy: 0.999 ; precision: 0.921 ; recall: 0.917 ; loss: 0.081
2019-02-09 03:14:43,894:INFO: Epoch 45/45
2019-02-09 03:14:54,713:INFO: - Train metrics: dsc: 0.926 ; iou: 0.879 ; accuracy: 0.999 ; precision: 0.930 ; recall: 0.941 ; loss: 0.043
2019-02-09 03:14:55,773:INFO: - Eval metrics : dsc: 0.900 ; iou: 0.843 ; accuracy: 0.999 ; precision: 0.920 ; recall: 0.915 ; loss: 0.088
2019-02-09 03:14:55,846:INFO: Loading the datasets...
2019-02-09 03:15:00,167:INFO: - done.
2019-02-09 03:15:00,167:INFO: For k-fold 5/5:
2019-02-09 03:15:00,167:INFO: Starting training for 45 epoch(s)
2019-02-09 03:15:00,167:INFO: Restoring parameters from experiments/ENDO/model_ModelA_transfer/data_augmentation/data_rot/batch_size_30/learning_rate_0.0001/EPI-modelA_random-data_rot-batch_size_30-learning_rate_6e-04-best.pth.tar
2019-02-09 03:15:00,185:INFO: Epoch 1/45
2019-02-09 03:15:10,959:INFO: - Train metrics: dsc: 0.852 ; iou: 0.775 ; accuracy: 0.998 ; precision: 0.837 ; recall: 0.924 ; loss: 0.156
2019-02-09 03:15:12,017:INFO: - Eval metrics : dsc: 0.883 ; iou: 0.816 ; accuracy: 0.999 ; precision: 0.901 ; recall: 0.905 ; loss: 0.129
2019-02-09 03:15:12,038:INFO: - Found new best DSC
2019-02-09 03:15:12,038:INFO: Epoch 2/45
2019-02-09 03:15:22,802:INFO: - Train metrics: dsc: 0.890 ; iou: 0.827 ; accuracy: 0.999 ; precision: 0.894 ; recall: 0.924 ; loss: 0.119
2019-02-09 03:15:23,898:INFO: - Eval metrics : dsc: 0.881 ; iou: 0.817 ; accuracy: 0.999 ; precision: 0.863 ; recall: 0.944 ; loss: 0.124
2019-02-09 03:15:23,918:INFO: Epoch 3/45
2019-02-09 03:15:34,739:INFO: - Train metrics: dsc: 0.898 ; iou: 0.838 ; accuracy: 0.999 ; precision: 0.897 ; recall: 0.932 ; loss: 0.108
2019-02-09 03:15:35,782:INFO: - Eval metrics : dsc: 0.893 ; iou: 0.831 ; accuracy: 0.999 ; precision: 0.901 ; recall: 0.920 ; loss: 0.112
2019-02-09 03:15:35,804:INFO: - Found new best DSC
2019-02-09 03:15:35,804:INFO: Epoch 4/45
2019-02-09 03:15:46,705:INFO: - Train metrics: dsc: 0.893 ; iou: 0.831 ; accuracy: 0.999 ; precision: 0.907 ; recall: 0.913 ; loss: 0.109
2019-02-09 03:15:47,799:INFO: - Eval metrics : dsc: 0.861 ; iou: 0.799 ; accuracy: 0.999 ; precision: 0.925 ; recall: 0.864 ; loss: 0.136
2019-02-09 03:15:47,819:INFO: Epoch 5/45
2019-02-09 03:15:58,682:INFO: - Train metrics: dsc: 0.901 ; iou: 0.841 ; accuracy: 0.999 ; precision: 0.909 ; recall: 0.922 ; loss: 0.100
2019-02-09 03:15:59,760:INFO: - Eval metrics : dsc: 0.898 ; iou: 0.838 ; accuracy: 0.999 ; precision: 0.899 ; recall: 0.929 ; loss: 0.102
2019-02-09 03:15:59,777:INFO: - Found new best DSC
2019-02-09 03:15:59,777:INFO: Epoch 6/45
2019-02-09 03:16:10,626:INFO: - Train metrics: dsc: 0.900 ; iou: 0.840 ; accuracy: 0.999 ; precision: 0.906 ; recall: 0.923 ; loss: 0.096
2019-02-09 03:16:11,720:INFO: - Eval metrics : dsc: 0.891 ; iou: 0.830 ; accuracy: 0.999 ; precision: 0.904 ; recall: 0.917 ; loss: 0.102
2019-02-09 03:16:11,741:INFO: Epoch 7/45
2019-02-09 03:16:22,589:INFO: - Train metrics: dsc: 0.907 ; iou: 0.849 ; accuracy: 0.999 ; precision: 0.908 ; recall: 0.931 ; loss: 0.087
2019-02-09 03:16:23,696:INFO: - Eval metrics : dsc: 0.899 ; iou: 0.840 ; accuracy: 0.999 ; precision: 0.899 ; recall: 0.932 ; loss: 0.090
2019-02-09 03:16:23,718:INFO: - Found new best DSC
2019-02-09 03:16:23,718:INFO: Epoch 8/45
2019-02-09 03:16:34,608:INFO: - Train metrics: dsc: 0.911 ; iou: 0.854 ; accuracy: 0.999 ; precision: 0.910 ; recall: 0.935 ; loss: 0.080
2019-02-09 03:16:35,762:INFO: - Eval metrics : dsc: 0.899 ; iou: 0.840 ; accuracy: 0.999 ; precision: 0.899 ; recall: 0.930 ; loss: 0.088
2019-02-09 03:16:35,780:INFO: - Found new best DSC
2019-02-09 03:16:35,780:INFO: Epoch 9/45
2019-02-09 03:16:46,599:INFO: - Train metrics: dsc: 0.899 ; iou: 0.841 ; accuracy: 0.999 ; precision: 0.909 ; recall: 0.922 ; loss: 0.088
2019-02-09 03:16:47,650:INFO: - Eval metrics : dsc: 0.891 ; iou: 0.834 ; accuracy: 0.999 ; precision: 0.898 ; recall: 0.928 ; loss: 0.095
2019-02-09 03:16:47,664:INFO: Epoch 10/45
2019-02-09 03:16:58,575:INFO: - Train metrics: dsc: 0.908 ; iou: 0.852 ; accuracy: 0.999 ; precision: 0.916 ; recall: 0.925 ; loss: 0.077
2019-02-09 03:16:59,668:INFO: - Eval metrics : dsc: 0.891 ; iou: 0.833 ; accuracy: 0.999 ; precision: 0.908 ; recall: 0.916 ; loss: 0.088
2019-02-09 03:16:59,688:INFO: Epoch 11/45
2019-02-09 03:17:10,521:INFO: - Train metrics: dsc: 0.912 ; iou: 0.857 ; accuracy: 0.999 ; precision: 0.917 ; recall: 0.932 ; loss: 0.070
2019-02-09 03:17:11,568:INFO: - Eval metrics : dsc: 0.899 ; iou: 0.842 ; accuracy: 0.999 ; precision: 0.901 ; recall: 0.930 ; loss: 0.081
2019-02-09 03:17:11,584:INFO: Epoch 12/45
2019-02-09 03:17:22,370:INFO: - Train metrics: dsc: 0.914 ; iou: 0.860 ; accuracy: 0.999 ; precision: 0.919 ; recall: 0.932 ; loss: 0.066
2019-02-09 03:17:23,431:INFO: - Eval metrics : dsc: 0.887 ; iou: 0.828 ; accuracy: 0.999 ; precision: 0.929 ; recall: 0.888 ; loss: 0.090
2019-02-09 03:17:23,458:INFO: Epoch 13/45
2019-02-09 03:17:34,310:INFO: - Train metrics: dsc: 0.914 ; iou: 0.860 ; accuracy: 0.999 ; precision: 0.920 ; recall: 0.930 ; loss: 0.064
2019-02-09 03:17:35,411:INFO: - Eval metrics : dsc: 0.894 ; iou: 0.837 ; accuracy: 0.999 ; precision: 0.905 ; recall: 0.918 ; loss: 0.087
2019-02-09 03:17:35,426:INFO: Epoch 14/45
2019-02-09 03:17:46,286:INFO: - Train metrics: dsc: 0.907 ; iou: 0.852 ; accuracy: 0.999 ; precision: 0.910 ; recall: 0.934 ; loss: 0.074
2019-02-09 03:17:47,389:INFO: - Eval metrics : dsc: 0.897 ; iou: 0.840 ; accuracy: 0.999 ; precision: 0.911 ; recall: 0.918 ; loss: 0.083
2019-02-09 03:17:47,403:INFO: Epoch 15/45
2019-02-09 03:17:58,204:INFO: - Train metrics: dsc: 0.916 ; iou: 0.862 ; accuracy: 0.999 ; precision: 0.916 ; recall: 0.937 ; loss: 0.063
2019-02-09 03:17:59,242:INFO: - Eval metrics : dsc: 0.897 ; iou: 0.841 ; accuracy: 0.999 ; precision: 0.897 ; recall: 0.935 ; loss: 0.082
2019-02-09 03:17:59,262:INFO: Epoch 16/45
2019-02-09 03:18:10,094:INFO: - Train metrics: dsc: 0.919 ; iou: 0.866 ; accuracy: 0.999 ; precision: 0.922 ; recall: 0.936 ; loss: 0.058
2019-02-09 03:18:11,179:INFO: - Eval metrics : dsc: 0.890 ; iou: 0.831 ; accuracy: 0.999 ; precision: 0.882 ; recall: 0.940 ; loss: 0.093
2019-02-09 03:18:11,196:INFO: Epoch 17/45
2019-02-09 03:18:22,038:INFO: - Train metrics: dsc: 0.914 ; iou: 0.860 ; accuracy: 0.999 ; precision: 0.922 ; recall: 0.930 ; loss: 0.061
2019-02-09 03:18:23,107:INFO: - Eval metrics : dsc: 0.895 ; iou: 0.839 ; accuracy: 0.999 ; precision: 0.909 ; recall: 0.920 ; loss: 0.083
2019-02-09 03:18:23,122:INFO: Epoch 18/45
2019-02-09 03:18:33,922:INFO: - Train metrics: dsc: 0.910 ; iou: 0.853 ; accuracy: 0.999 ; precision: 0.921 ; recall: 0.922 ; loss: 0.064
2019-02-09 03:18:34,987:INFO: - Eval metrics : dsc: 0.893 ; iou: 0.833 ; accuracy: 0.999 ; precision: 0.908 ; recall: 0.913 ; loss: 0.080
2019-02-09 03:18:35,002:INFO: Epoch 19/45
2019-02-09 03:18:45,873:INFO: - Train metrics: dsc: 0.909 ; iou: 0.853 ; accuracy: 0.999 ; precision: 0.916 ; recall: 0.928 ; loss: 0.067
2019-02-09 03:18:46,919:INFO: - Eval metrics : dsc: 0.893 ; iou: 0.832 ; accuracy: 0.999 ; precision: 0.895 ; recall: 0.927 ; loss: 0.080
2019-02-09 03:18:46,930:INFO: Epoch 20/45
2019-02-09 03:18:57,787:INFO: - Train metrics: dsc: 0.915 ; iou: 0.862 ; accuracy: 0.999 ; precision: 0.922 ; recall: 0.931 ; loss: 0.058
2019-02-09 03:18:58,826:INFO: - Eval metrics : dsc: 0.900 ; iou: 0.844 ; accuracy: 0.999 ; precision: 0.913 ; recall: 0.921 ; loss: 0.073
2019-02-09 03:18:58,843:INFO: - Found new best DSC
2019-02-09 03:18:58,843:INFO: Epoch 21/45
2019-02-09 03:19:09,678:INFO: - Train metrics: dsc: 0.919 ; iou: 0.866 ; accuracy: 0.999 ; precision: 0.925 ; recall: 0.934 ; loss: 0.053
2019-02-09 03:19:10,725:INFO: - Eval metrics : dsc: 0.900 ; iou: 0.845 ; accuracy: 0.999 ; precision: 0.909 ; recall: 0.926 ; loss: 0.072
2019-02-09 03:19:10,745:INFO: - Found new best DSC
2019-02-09 03:19:10,745:INFO: Epoch 22/45
2019-02-09 03:19:21,588:INFO: - Train metrics: dsc: 0.919 ; iou: 0.866 ; accuracy: 0.999 ; precision: 0.919 ; recall: 0.939 ; loss: 0.055
2019-02-09 03:19:22,708:INFO: - Eval metrics : dsc: 0.894 ; iou: 0.839 ; accuracy: 0.999 ; precision: 0.892 ; recall: 0.935 ; loss: 0.082
2019-02-09 03:19:22,727:INFO: Epoch 23/45
2019-02-09 03:19:33,587:INFO: - Train metrics: dsc: 0.918 ; iou: 0.865 ; accuracy: 0.999 ; precision: 0.921 ; recall: 0.937 ; loss: 0.057
2019-02-09 03:19:34,694:INFO: - Eval metrics : dsc: 0.901 ; iou: 0.845 ; accuracy: 0.999 ; precision: 0.910 ; recall: 0.927 ; loss: 0.072
2019-02-09 03:19:34,722:INFO: - Found new best DSC
2019-02-09 03:19:34,722:INFO: Epoch 24/45
2019-02-09 03:19:45,584:INFO: - Train metrics: dsc: 0.922 ; iou: 0.870 ; accuracy: 0.999 ; precision: 0.925 ; recall: 0.938 ; loss: 0.051
2019-02-09 03:19:46,669:INFO: - Eval metrics : dsc: 0.900 ; iou: 0.844 ; accuracy: 0.999 ; precision: 0.921 ; recall: 0.914 ; loss: 0.072
2019-02-09 03:19:46,683:INFO: Epoch 25/45
2019-02-09 03:19:57,505:INFO: - Train metrics: dsc: 0.920 ; iou: 0.869 ; accuracy: 0.999 ; precision: 0.924 ; recall: 0.937 ; loss: 0.053
2019-02-09 03:19:58,553:INFO: - Eval metrics : dsc: 0.903 ; iou: 0.846 ; accuracy: 0.999 ; precision: 0.915 ; recall: 0.922 ; loss: 0.069
2019-02-09 03:19:58,569:INFO: - Found new best DSC
2019-02-09 03:19:58,570:INFO: Epoch 26/45
2019-02-09 03:20:09,430:INFO: - Train metrics: dsc: 0.923 ; iou: 0.872 ; accuracy: 0.999 ; precision: 0.928 ; recall: 0.936 ; loss: 0.049
2019-02-09 03:20:10,557:INFO: - Eval metrics : dsc: 0.903 ; iou: 0.846 ; accuracy: 0.999 ; precision: 0.912 ; recall: 0.925 ; loss: 0.069
2019-02-09 03:20:10,577:INFO: Epoch 27/45
2019-02-09 03:20:21,411:INFO: - Train metrics: dsc: 0.924 ; iou: 0.874 ; accuracy: 0.999 ; precision: 0.926 ; recall: 0.940 ; loss: 0.048
2019-02-09 03:20:22,474:INFO: - Eval metrics : dsc: 0.898 ; iou: 0.841 ; accuracy: 0.999 ; precision: 0.915 ; recall: 0.918 ; loss: 0.078
2019-02-09 03:20:22,493:INFO: Epoch 28/45
2019-02-09 03:20:33,325:INFO: - Train metrics: dsc: 0.924 ; iou: 0.874 ; accuracy: 0.999 ; precision: 0.928 ; recall: 0.938 ; loss: 0.047
2019-02-09 03:20:34,435:INFO: - Eval metrics : dsc: 0.899 ; iou: 0.844 ; accuracy: 0.999 ; precision: 0.905 ; recall: 0.930 ; loss: 0.073
2019-02-09 03:20:34,450:INFO: Epoch 29/45
2019-02-09 03:20:45,306:INFO: - Train metrics: dsc: 0.926 ; iou: 0.876 ; accuracy: 0.999 ; precision: 0.929 ; recall: 0.940 ; loss: 0.046
2019-02-09 03:20:46,365:INFO: - Eval metrics : dsc: 0.897 ; iou: 0.841 ; accuracy: 0.999 ; precision: 0.898 ; recall: 0.930 ; loss: 0.078
2019-02-09 03:20:46,385:INFO: Epoch 30/45
2019-02-09 03:20:57,249:INFO: - Train metrics: dsc: 0.926 ; iou: 0.876 ; accuracy: 0.999 ; precision: 0.928 ; recall: 0.941 ; loss: 0.046
2019-02-09 03:20:58,307:INFO: - Eval metrics : dsc: 0.897 ; iou: 0.841 ; accuracy: 0.999 ; precision: 0.880 ; recall: 0.952 ; loss: 0.079
2019-02-09 03:20:58,323:INFO: Epoch 31/45
2019-02-09 03:21:09,162:INFO: - Train metrics: dsc: 0.924 ; iou: 0.875 ; accuracy: 0.999 ; precision: 0.929 ; recall: 0.939 ; loss: 0.047
2019-02-09 03:21:10,226:INFO: - Eval metrics : dsc: 0.903 ; iou: 0.848 ; accuracy: 0.999 ; precision: 0.910 ; recall: 0.928 ; loss: 0.068
2019-02-09 03:21:10,240:INFO: Epoch 32/45
2019-02-09 03:21:21,095:INFO: - Train metrics: dsc: 0.888 ; iou: 0.832 ; accuracy: 0.999 ; precision: 0.927 ; recall: 0.895 ; loss: 0.083
2019-02-09 03:21:22,167:INFO: - Eval metrics : dsc: 0.879 ; iou: 0.817 ; accuracy: 0.999 ; precision: 0.895 ; recall: 0.908 ; loss: 0.102
2019-02-09 03:21:22,193:INFO: Epoch 33/45
2019-02-09 03:21:33,056:INFO: - Train metrics: dsc: 0.905 ; iou: 0.852 ; accuracy: 0.999 ; precision: 0.925 ; recall: 0.919 ; loss: 0.065
2019-02-09 03:21:34,123:INFO: - Eval metrics : dsc: 0.886 ; iou: 0.830 ; accuracy: 0.999 ; precision: 0.897 ; recall: 0.924 ; loss: 0.090
2019-02-09 03:21:34,144:INFO: Epoch 34/45
2019-02-09 03:21:44,993:INFO: - Train metrics: dsc: 0.917 ; iou: 0.865 ; accuracy: 0.999 ; precision: 0.926 ; recall: 0.931 ; loss: 0.054
2019-02-09 03:21:46,106:INFO: - Eval metrics : dsc: 0.890 ; iou: 0.834 ; accuracy: 0.999 ; precision: 0.904 ; recall: 0.921 ; loss: 0.085
2019-02-09 03:21:46,127:INFO: Epoch 35/45
2019-02-09 03:21:56,907:INFO: - Train metrics: dsc: 0.921 ; iou: 0.870 ; accuracy: 0.999 ; precision: 0.923 ; recall: 0.937 ; loss: 0.051
2019-02-09 03:21:58,026:INFO: - Eval metrics : dsc: 0.891 ; iou: 0.834 ; accuracy: 0.999 ; precision: 0.898 ; recall: 0.926 ; loss: 0.085
2019-02-09 03:21:58,046:INFO: Epoch 36/45
2019-02-09 03:22:08,832:INFO: - Train metrics: dsc: 0.923 ; iou: 0.872 ; accuracy: 0.999 ; precision: 0.928 ; recall: 0.936 ; loss: 0.048
2019-02-09 03:22:09,915:INFO: - Eval metrics : dsc: 0.889 ; iou: 0.833 ; accuracy: 0.999 ; precision: 0.909 ; recall: 0.915 ; loss: 0.087
2019-02-09 03:22:09,935:INFO: Epoch 37/45
2019-02-09 03:22:20,752:INFO: - Train metrics: dsc: 0.920 ; iou: 0.867 ; accuracy: 0.999 ; precision: 0.931 ; recall: 0.928 ; loss: 0.050
2019-02-09 03:22:21,803:INFO: - Eval metrics : dsc: 0.828 ; iou: 0.740 ; accuracy: 0.998 ; precision: 0.902 ; recall: 0.811 ; loss: 0.147
2019-02-09 03:22:21,823:INFO: Epoch 38/45
2019-02-09 03:22:32,674:INFO: - Train metrics: dsc: 0.908 ; iou: 0.851 ; accuracy: 0.999 ; precision: 0.921 ; recall: 0.921 ; loss: 0.064
2019-02-09 03:22:33,734:INFO: - Eval metrics : dsc: 0.895 ; iou: 0.837 ; accuracy: 0.999 ; precision: 0.916 ; recall: 0.912 ; loss: 0.076
2019-02-09 03:22:33,754:INFO: Epoch 39/45
2019-02-09 03:22:44,576:INFO: - Train metrics: dsc: 0.924 ; iou: 0.873 ; accuracy: 0.999 ; precision: 0.930 ; recall: 0.936 ; loss: 0.047
2019-02-09 03:22:45,637:INFO: - Eval metrics : dsc: 0.893 ; iou: 0.836 ; accuracy: 0.999 ; precision: 0.894 ; recall: 0.935 ; loss: 0.078
2019-02-09 03:22:45,651:INFO: Epoch 40/45
2019-02-09 03:22:56,506:INFO: - Train metrics: dsc: 0.925 ; iou: 0.876 ; accuracy: 0.999 ; precision: 0.931 ; recall: 0.937 ; loss: 0.045
2019-02-09 03:22:57,566:INFO: - Eval metrics : dsc: 0.896 ; iou: 0.840 ; accuracy: 0.999 ; precision: 0.904 ; recall: 0.927 ; loss: 0.075
2019-02-09 03:22:57,580:INFO: Epoch 41/45
2019-02-09 03:23:08,450:INFO: - Train metrics: dsc: 0.926 ; iou: 0.876 ; accuracy: 0.999 ; precision: 0.929 ; recall: 0.941 ; loss: 0.045
2019-02-09 03:23:09,511:INFO: - Eval metrics : dsc: 0.896 ; iou: 0.841 ; accuracy: 0.999 ; precision: 0.909 ; recall: 0.923 ; loss: 0.075
2019-02-09 03:23:09,526:INFO: Epoch 42/45
2019-02-09 03:23:20,398:INFO: - Train metrics: dsc: 0.926 ; iou: 0.876 ; accuracy: 0.999 ; precision: 0.931 ; recall: 0.937 ; loss: 0.045
2019-02-09 03:23:21,473:INFO: - Eval metrics : dsc: 0.895 ; iou: 0.839 ; accuracy: 0.999 ; precision: 0.901 ; recall: 0.930 ; loss: 0.076
2019-02-09 03:23:21,494:INFO: Epoch 43/45
2019-02-09 03:23:32,242:INFO: - Train metrics: dsc: 0.924 ; iou: 0.874 ; accuracy: 0.999 ; precision: 0.930 ; recall: 0.937 ; loss: 0.047
2019-02-09 03:23:33,308:INFO: - Eval metrics : dsc: 0.896 ; iou: 0.841 ; accuracy: 0.999 ; precision: 0.905 ; recall: 0.927 ; loss: 0.075
2019-02-09 03:23:33,323:INFO: Epoch 44/45
2019-02-09 03:23:44,098:INFO: - Train metrics: dsc: 0.928 ; iou: 0.880 ; accuracy: 0.999 ; precision: 0.933 ; recall: 0.940 ; loss: 0.041
2019-02-09 03:23:45,149:INFO: - Eval metrics : dsc: 0.896 ; iou: 0.840 ; accuracy: 0.999 ; precision: 0.913 ; recall: 0.918 ; loss: 0.075
2019-02-09 03:23:45,168:INFO: Epoch 45/45
2019-02-09 03:23:55,998:INFO: - Train metrics: dsc: 0.929 ; iou: 0.881 ; accuracy: 0.999 ; precision: 0.932 ; recall: 0.942 ; loss: 0.040
2019-02-09 03:23:57,057:INFO: - Eval metrics : dsc: 0.898 ; iou: 0.844 ; accuracy: 0.999 ; precision: 0.907 ; recall: 0.928 ; loss: 0.073
