2019-01-16 14:10:05,269:INFO: Loading the datasets...
2019-01-16 14:10:10,116:INFO: - done.
2019-01-16 14:10:10,116:INFO: For k-fold 1/5:
2019-01-16 14:10:10,116:INFO: Starting training for 45 epoch(s)
2019-01-16 14:10:10,116:INFO: Epoch 1/45
2019-01-16 14:10:20,885:INFO: - Train metrics: dsc: 0.351 ; iou: 0.239 ; accuracy: 0.904 ; precision: 0.241 ; recall: 0.887 ; loss: 0.916
2019-01-16 14:10:21,979:INFO: - Eval metrics : dsc: 0.721 ; iou: 0.597 ; accuracy: 0.989 ; precision: 0.627 ; recall: 0.906 ; loss: 0.891
2019-01-16 14:10:21,998:INFO: - Found new best DSC
2019-01-16 14:10:21,998:INFO: Epoch 2/45
2019-01-16 14:10:32,846:INFO: - Train metrics: dsc: 0.677 ; iou: 0.540 ; accuracy: 0.985 ; precision: 0.544 ; recall: 0.963 ; loss: 0.876
2019-01-16 14:10:33,977:INFO: - Eval metrics : dsc: 0.787 ; iou: 0.669 ; accuracy: 0.992 ; precision: 0.677 ; recall: 0.969 ; loss: 0.850
2019-01-16 14:10:33,998:INFO: - Found new best DSC
2019-01-16 14:10:33,998:INFO: Epoch 3/45
2019-01-16 14:10:44,835:INFO: - Train metrics: dsc: 0.775 ; iou: 0.662 ; accuracy: 0.992 ; precision: 0.670 ; recall: 0.971 ; loss: 0.823
2019-01-16 14:10:45,920:INFO: - Eval metrics : dsc: 0.842 ; iou: 0.749 ; accuracy: 0.995 ; precision: 0.768 ; recall: 0.963 ; loss: 0.771
2019-01-16 14:10:45,937:INFO: - Found new best DSC
2019-01-16 14:10:45,937:INFO: Epoch 4/45
2019-01-16 14:10:56,750:INFO: - Train metrics: dsc: 0.830 ; iou: 0.739 ; accuracy: 0.995 ; precision: 0.749 ; recall: 0.968 ; loss: 0.729
2019-01-16 14:10:57,883:INFO: - Eval metrics : dsc: 0.840 ; iou: 0.750 ; accuracy: 0.995 ; precision: 0.767 ; recall: 0.971 ; loss: 0.659
2019-01-16 14:10:57,897:INFO: Epoch 5/45
2019-01-16 14:11:08,748:INFO: - Train metrics: dsc: 0.864 ; iou: 0.790 ; accuracy: 0.996 ; precision: 0.812 ; recall: 0.964 ; loss: 0.597
2019-01-16 14:11:09,858:INFO: - Eval metrics : dsc: 0.903 ; iou: 0.843 ; accuracy: 0.998 ; precision: 0.886 ; recall: 0.946 ; loss: 0.515
2019-01-16 14:11:09,879:INFO: - Found new best DSC
2019-01-16 14:11:09,880:INFO: Epoch 6/45
2019-01-16 14:11:20,765:INFO: - Train metrics: dsc: 0.883 ; iou: 0.817 ; accuracy: 0.997 ; precision: 0.846 ; recall: 0.954 ; loss: 0.453
2019-01-16 14:11:21,873:INFO: - Eval metrics : dsc: 0.912 ; iou: 0.857 ; accuracy: 0.998 ; precision: 0.895 ; recall: 0.949 ; loss: 0.366
2019-01-16 14:11:21,891:INFO: - Found new best DSC
2019-01-16 14:11:21,891:INFO: Epoch 7/45
2019-01-16 14:11:32,746:INFO: - Train metrics: dsc: 0.900 ; iou: 0.844 ; accuracy: 0.998 ; precision: 0.877 ; recall: 0.951 ; loss: 0.326
2019-01-16 14:11:33,873:INFO: - Eval metrics : dsc: 0.919 ; iou: 0.869 ; accuracy: 0.998 ; precision: 0.925 ; recall: 0.930 ; loss: 0.264
2019-01-16 14:11:33,897:INFO: - Found new best DSC
2019-01-16 14:11:33,897:INFO: Epoch 8/45
2019-01-16 14:11:44,782:INFO: - Train metrics: dsc: 0.902 ; iou: 0.846 ; accuracy: 0.998 ; precision: 0.889 ; recall: 0.942 ; loss: 0.247
2019-01-16 14:11:45,894:INFO: - Eval metrics : dsc: 0.917 ; iou: 0.865 ; accuracy: 0.998 ; precision: 0.912 ; recall: 0.939 ; loss: 0.201
2019-01-16 14:11:45,913:INFO: Epoch 9/45
2019-01-16 14:11:56,791:INFO: - Train metrics: dsc: 0.910 ; iou: 0.859 ; accuracy: 0.998 ; precision: 0.904 ; recall: 0.942 ; loss: 0.193
2019-01-16 14:11:57,921:INFO: - Eval metrics : dsc: 0.924 ; iou: 0.877 ; accuracy: 0.998 ; precision: 0.930 ; recall: 0.938 ; loss: 0.156
2019-01-16 14:11:57,934:INFO: - Found new best DSC
2019-01-16 14:11:57,934:INFO: Epoch 10/45
2019-01-16 14:12:08,838:INFO: - Train metrics: dsc: 0.918 ; iou: 0.870 ; accuracy: 0.998 ; precision: 0.915 ; recall: 0.943 ; loss: 0.155
2019-01-16 14:12:09,961:INFO: - Eval metrics : dsc: 0.921 ; iou: 0.870 ; accuracy: 0.998 ; precision: 0.941 ; recall: 0.920 ; loss: 0.136
2019-01-16 14:12:09,975:INFO: Epoch 11/45
2019-01-16 14:12:20,777:INFO: - Train metrics: dsc: 0.914 ; iou: 0.863 ; accuracy: 0.998 ; precision: 0.914 ; recall: 0.941 ; loss: 0.139
2019-01-16 14:12:21,872:INFO: - Eval metrics : dsc: 0.922 ; iou: 0.875 ; accuracy: 0.998 ; precision: 0.951 ; recall: 0.915 ; loss: 0.121
2019-01-16 14:12:21,891:INFO: Epoch 12/45
2019-01-16 14:12:32,721:INFO: - Train metrics: dsc: 0.914 ; iou: 0.864 ; accuracy: 0.998 ; precision: 0.917 ; recall: 0.937 ; loss: 0.125
2019-01-16 14:12:33,805:INFO: - Eval metrics : dsc: 0.928 ; iou: 0.883 ; accuracy: 0.998 ; precision: 0.952 ; recall: 0.927 ; loss: 0.103
2019-01-16 14:12:33,826:INFO: - Found new best DSC
2019-01-16 14:12:33,826:INFO: Epoch 13/45
2019-01-16 14:12:44,639:INFO: - Train metrics: dsc: 0.919 ; iou: 0.870 ; accuracy: 0.998 ; precision: 0.920 ; recall: 0.939 ; loss: 0.112
2019-01-16 14:12:45,756:INFO: - Eval metrics : dsc: 0.930 ; iou: 0.885 ; accuracy: 0.998 ; precision: 0.932 ; recall: 0.945 ; loss: 0.095
2019-01-16 14:12:45,773:INFO: - Found new best DSC
2019-01-16 14:12:45,773:INFO: Epoch 14/45
2019-01-16 14:12:56,643:INFO: - Train metrics: dsc: 0.923 ; iou: 0.877 ; accuracy: 0.998 ; precision: 0.926 ; recall: 0.942 ; loss: 0.100
2019-01-16 14:12:57,785:INFO: - Eval metrics : dsc: 0.929 ; iou: 0.882 ; accuracy: 0.998 ; precision: 0.941 ; recall: 0.932 ; loss: 0.091
2019-01-16 14:12:57,814:INFO: Epoch 15/45
2019-01-16 14:13:08,635:INFO: - Train metrics: dsc: 0.927 ; iou: 0.878 ; accuracy: 0.998 ; precision: 0.927 ; recall: 0.944 ; loss: 0.093
2019-01-16 14:13:09,729:INFO: - Eval metrics : dsc: 0.932 ; iou: 0.889 ; accuracy: 0.998 ; precision: 0.944 ; recall: 0.938 ; loss: 0.083
2019-01-16 14:13:09,751:INFO: - Found new best DSC
2019-01-16 14:13:09,751:INFO: Epoch 16/45
2019-01-16 14:13:20,609:INFO: - Train metrics: dsc: 0.927 ; iou: 0.880 ; accuracy: 0.998 ; precision: 0.925 ; recall: 0.945 ; loss: 0.088
2019-01-16 14:13:21,696:INFO: - Eval metrics : dsc: 0.940 ; iou: 0.895 ; accuracy: 0.998 ; precision: 0.938 ; recall: 0.951 ; loss: 0.073
2019-01-16 14:13:21,717:INFO: - Found new best DSC
2019-01-16 14:13:21,717:INFO: Epoch 17/45
2019-01-16 14:13:32,570:INFO: - Train metrics: dsc: 0.927 ; iou: 0.880 ; accuracy: 0.998 ; precision: 0.927 ; recall: 0.946 ; loss: 0.085
2019-01-16 14:13:33,651:INFO: - Eval metrics : dsc: 0.933 ; iou: 0.888 ; accuracy: 0.998 ; precision: 0.935 ; recall: 0.944 ; loss: 0.076
2019-01-16 14:13:33,666:INFO: Epoch 18/45
2019-01-16 14:13:44,563:INFO: - Train metrics: dsc: 0.927 ; iou: 0.880 ; accuracy: 0.998 ; precision: 0.925 ; recall: 0.947 ; loss: 0.082
2019-01-16 14:13:45,643:INFO: - Eval metrics : dsc: 0.927 ; iou: 0.882 ; accuracy: 0.998 ; precision: 0.958 ; recall: 0.915 ; loss: 0.081
2019-01-16 14:13:45,656:INFO: Epoch 19/45
2019-01-16 14:13:56,542:INFO: - Train metrics: dsc: 0.931 ; iou: 0.885 ; accuracy: 0.998 ; precision: 0.931 ; recall: 0.947 ; loss: 0.077
2019-01-16 14:13:57,643:INFO: - Eval metrics : dsc: 0.915 ; iou: 0.863 ; accuracy: 0.998 ; precision: 0.919 ; recall: 0.934 ; loss: 0.091
2019-01-16 14:13:57,657:INFO: Epoch 20/45
2019-01-16 14:14:08,511:INFO: - Train metrics: dsc: 0.930 ; iou: 0.884 ; accuracy: 0.998 ; precision: 0.934 ; recall: 0.943 ; loss: 0.076
2019-01-16 14:14:09,630:INFO: - Eval metrics : dsc: 0.935 ; iou: 0.890 ; accuracy: 0.998 ; precision: 0.936 ; recall: 0.943 ; loss: 0.070
2019-01-16 14:14:09,657:INFO: Epoch 21/45
2019-01-16 14:14:20,468:INFO: - Train metrics: dsc: 0.936 ; iou: 0.893 ; accuracy: 0.998 ; precision: 0.937 ; recall: 0.951 ; loss: 0.069
2019-01-16 14:14:21,550:INFO: - Eval metrics : dsc: 0.933 ; iou: 0.890 ; accuracy: 0.998 ; precision: 0.958 ; recall: 0.928 ; loss: 0.071
2019-01-16 14:14:21,564:INFO: Epoch 22/45
2019-01-16 14:14:32,393:INFO: - Train metrics: dsc: 0.938 ; iou: 0.895 ; accuracy: 0.998 ; precision: 0.940 ; recall: 0.949 ; loss: 0.066
2019-01-16 14:14:33,505:INFO: - Eval metrics : dsc: 0.940 ; iou: 0.896 ; accuracy: 0.998 ; precision: 0.947 ; recall: 0.945 ; loss: 0.063
2019-01-16 14:14:33,524:INFO: Epoch 23/45
2019-01-16 14:14:44,413:INFO: - Train metrics: dsc: 0.936 ; iou: 0.892 ; accuracy: 0.998 ; precision: 0.939 ; recall: 0.948 ; loss: 0.067
2019-01-16 14:14:45,501:INFO: - Eval metrics : dsc: 0.940 ; iou: 0.895 ; accuracy: 0.998 ; precision: 0.939 ; recall: 0.950 ; loss: 0.063
2019-01-16 14:14:45,514:INFO: - Found new best DSC
2019-01-16 14:14:45,514:INFO: Epoch 24/45
2019-01-16 14:14:56,379:INFO: - Train metrics: dsc: 0.935 ; iou: 0.891 ; accuracy: 0.998 ; precision: 0.939 ; recall: 0.946 ; loss: 0.068
2019-01-16 14:14:57,519:INFO: - Eval metrics : dsc: 0.934 ; iou: 0.890 ; accuracy: 0.998 ; precision: 0.959 ; recall: 0.924 ; loss: 0.068
2019-01-16 14:14:57,536:INFO: Epoch 25/45
2019-01-16 14:15:08,456:INFO: - Train metrics: dsc: 0.938 ; iou: 0.895 ; accuracy: 0.998 ; precision: 0.943 ; recall: 0.947 ; loss: 0.064
2019-01-16 14:15:09,591:INFO: - Eval metrics : dsc: 0.936 ; iou: 0.894 ; accuracy: 0.998 ; precision: 0.955 ; recall: 0.934 ; loss: 0.066
2019-01-16 14:15:09,609:INFO: Epoch 26/45
2019-01-16 14:15:20,467:INFO: - Train metrics: dsc: 0.941 ; iou: 0.899 ; accuracy: 0.999 ; precision: 0.945 ; recall: 0.950 ; loss: 0.061
2019-01-16 14:15:21,572:INFO: - Eval metrics : dsc: 0.928 ; iou: 0.883 ; accuracy: 0.998 ; precision: 0.969 ; recall: 0.911 ; loss: 0.073
2019-01-16 14:15:21,586:INFO: Epoch 27/45
2019-01-16 14:15:32,420:INFO: - Train metrics: dsc: 0.943 ; iou: 0.903 ; accuracy: 0.999 ; precision: 0.947 ; recall: 0.952 ; loss: 0.058
2019-01-16 14:15:33,549:INFO: - Eval metrics : dsc: 0.929 ; iou: 0.887 ; accuracy: 0.998 ; precision: 0.966 ; recall: 0.917 ; loss: 0.072
2019-01-16 14:15:33,564:INFO: Epoch 28/45
2019-01-16 14:15:44,433:INFO: - Train metrics: dsc: 0.942 ; iou: 0.902 ; accuracy: 0.999 ; precision: 0.948 ; recall: 0.950 ; loss: 0.058
2019-01-16 14:15:45,527:INFO: - Eval metrics : dsc: 0.937 ; iou: 0.896 ; accuracy: 0.998 ; precision: 0.953 ; recall: 0.938 ; loss: 0.063
2019-01-16 14:15:45,540:INFO: Epoch 29/45
2019-01-16 14:15:56,391:INFO: - Train metrics: dsc: 0.938 ; iou: 0.896 ; accuracy: 0.998 ; precision: 0.943 ; recall: 0.947 ; loss: 0.063
2019-01-16 14:15:57,541:INFO: - Eval metrics : dsc: 0.932 ; iou: 0.889 ; accuracy: 0.998 ; precision: 0.947 ; recall: 0.938 ; loss: 0.069
2019-01-16 14:15:57,558:INFO: Epoch 30/45
2019-01-16 14:16:08,510:INFO: - Train metrics: dsc: 0.942 ; iou: 0.902 ; accuracy: 0.999 ; precision: 0.947 ; recall: 0.951 ; loss: 0.058
2019-01-16 14:16:09,603:INFO: - Eval metrics : dsc: 0.939 ; iou: 0.895 ; accuracy: 0.998 ; precision: 0.949 ; recall: 0.942 ; loss: 0.062
2019-01-16 14:16:09,618:INFO: Epoch 31/45
2019-01-16 14:16:20,490:INFO: - Train metrics: dsc: 0.943 ; iou: 0.904 ; accuracy: 0.999 ; precision: 0.949 ; recall: 0.951 ; loss: 0.057
2019-01-16 14:16:21,584:INFO: - Eval metrics : dsc: 0.932 ; iou: 0.889 ; accuracy: 0.998 ; precision: 0.948 ; recall: 0.932 ; loss: 0.068
2019-01-16 14:16:21,602:INFO: Epoch 32/45
2019-01-16 14:16:32,429:INFO: - Train metrics: dsc: 0.942 ; iou: 0.901 ; accuracy: 0.999 ; precision: 0.944 ; recall: 0.951 ; loss: 0.058
2019-01-16 14:16:33,520:INFO: - Eval metrics : dsc: 0.928 ; iou: 0.886 ; accuracy: 0.998 ; precision: 0.967 ; recall: 0.915 ; loss: 0.072
2019-01-16 14:16:33,534:INFO: Epoch 33/45
2019-01-16 14:16:44,365:INFO: - Train metrics: dsc: 0.941 ; iou: 0.901 ; accuracy: 0.999 ; precision: 0.947 ; recall: 0.950 ; loss: 0.058
2019-01-16 14:16:45,495:INFO: - Eval metrics : dsc: 0.936 ; iou: 0.890 ; accuracy: 0.998 ; precision: 0.922 ; recall: 0.958 ; loss: 0.064
2019-01-16 14:16:45,508:INFO: Epoch 34/45
2019-01-16 14:16:56,421:INFO: - Train metrics: dsc: 0.942 ; iou: 0.902 ; accuracy: 0.999 ; precision: 0.946 ; recall: 0.951 ; loss: 0.058
2019-01-16 14:16:57,519:INFO: - Eval metrics : dsc: 0.936 ; iou: 0.890 ; accuracy: 0.998 ; precision: 0.943 ; recall: 0.940 ; loss: 0.064
2019-01-16 14:16:57,533:INFO: Epoch 35/45
2019-01-16 14:17:08,433:INFO: - Train metrics: dsc: 0.943 ; iou: 0.902 ; accuracy: 0.999 ; precision: 0.943 ; recall: 0.954 ; loss: 0.057
2019-01-16 14:17:09,541:INFO: - Eval metrics : dsc: 0.945 ; iou: 0.901 ; accuracy: 0.998 ; precision: 0.950 ; recall: 0.947 ; loss: 0.055
2019-01-16 14:17:09,557:INFO: - Found new best DSC
2019-01-16 14:17:09,557:INFO: Epoch 36/45
2019-01-16 14:17:20,437:INFO: - Train metrics: dsc: 0.944 ; iou: 0.904 ; accuracy: 0.999 ; precision: 0.945 ; recall: 0.954 ; loss: 0.056
2019-01-16 14:17:21,579:INFO: - Eval metrics : dsc: 0.945 ; iou: 0.901 ; accuracy: 0.998 ; precision: 0.949 ; recall: 0.948 ; loss: 0.055
2019-01-16 14:17:21,600:INFO: Epoch 37/45
2019-01-16 14:17:32,429:INFO: - Train metrics: dsc: 0.940 ; iou: 0.899 ; accuracy: 0.998 ; precision: 0.943 ; recall: 0.951 ; loss: 0.060
2019-01-16 14:17:33,528:INFO: - Eval metrics : dsc: 0.939 ; iou: 0.894 ; accuracy: 0.998 ; precision: 0.932 ; recall: 0.956 ; loss: 0.061
2019-01-16 14:17:33,543:INFO: Epoch 38/45
2019-01-16 14:17:44,394:INFO: - Train metrics: dsc: 0.943 ; iou: 0.904 ; accuracy: 0.999 ; precision: 0.947 ; recall: 0.953 ; loss: 0.056
2019-01-16 14:17:45,510:INFO: - Eval metrics : dsc: 0.948 ; iou: 0.905 ; accuracy: 0.998 ; precision: 0.946 ; recall: 0.955 ; loss: 0.052
2019-01-16 14:17:45,527:INFO: - Found new best DSC
2019-01-16 14:17:45,527:INFO: Epoch 39/45
2019-01-16 14:17:56,361:INFO: - Train metrics: dsc: 0.947 ; iou: 0.908 ; accuracy: 0.999 ; precision: 0.948 ; recall: 0.955 ; loss: 0.053
2019-01-16 14:17:57,509:INFO: - Eval metrics : dsc: 0.936 ; iou: 0.894 ; accuracy: 0.998 ; precision: 0.963 ; recall: 0.928 ; loss: 0.063
2019-01-16 14:17:57,527:INFO: Epoch 40/45
2019-01-16 14:18:08,356:INFO: - Train metrics: dsc: 0.939 ; iou: 0.895 ; accuracy: 0.998 ; precision: 0.939 ; recall: 0.951 ; loss: 0.061
2019-01-16 14:18:09,458:INFO: - Eval metrics : dsc: 0.939 ; iou: 0.893 ; accuracy: 0.998 ; precision: 0.958 ; recall: 0.930 ; loss: 0.061
2019-01-16 14:18:09,475:INFO: Epoch 41/45
2019-01-16 14:18:20,337:INFO: - Train metrics: dsc: 0.947 ; iou: 0.909 ; accuracy: 0.999 ; precision: 0.948 ; recall: 0.957 ; loss: 0.052
2019-01-16 14:18:21,459:INFO: - Eval metrics : dsc: 0.939 ; iou: 0.895 ; accuracy: 0.998 ; precision: 0.961 ; recall: 0.930 ; loss: 0.061
2019-01-16 14:18:21,471:INFO: Epoch 42/45
2019-01-16 14:18:32,300:INFO: - Train metrics: dsc: 0.950 ; iou: 0.913 ; accuracy: 0.999 ; precision: 0.952 ; recall: 0.959 ; loss: 0.049
2019-01-16 14:18:33,387:INFO: - Eval metrics : dsc: 0.942 ; iou: 0.899 ; accuracy: 0.998 ; precision: 0.956 ; recall: 0.939 ; loss: 0.058
2019-01-16 14:18:33,402:INFO: Epoch 43/45
2019-01-16 14:18:44,223:INFO: - Train metrics: dsc: 0.950 ; iou: 0.912 ; accuracy: 0.999 ; precision: 0.951 ; recall: 0.957 ; loss: 0.049
2019-01-16 14:18:45,310:INFO: - Eval metrics : dsc: 0.937 ; iou: 0.895 ; accuracy: 0.998 ; precision: 0.967 ; recall: 0.924 ; loss: 0.062
2019-01-16 14:18:45,328:INFO: Epoch 44/45
2019-01-16 14:18:56,154:INFO: - Train metrics: dsc: 0.945 ; iou: 0.904 ; accuracy: 0.999 ; precision: 0.949 ; recall: 0.952 ; loss: 0.054
2019-01-16 14:18:57,238:INFO: - Eval metrics : dsc: 0.939 ; iou: 0.898 ; accuracy: 0.998 ; precision: 0.958 ; recall: 0.937 ; loss: 0.061
2019-01-16 14:18:57,258:INFO: Epoch 45/45
2019-01-16 14:19:08,074:INFO: - Train metrics: dsc: 0.948 ; iou: 0.911 ; accuracy: 0.999 ; precision: 0.952 ; recall: 0.955 ; loss: 0.050
2019-01-16 14:19:09,189:INFO: - Eval metrics : dsc: 0.940 ; iou: 0.898 ; accuracy: 0.998 ; precision: 0.954 ; recall: 0.940 ; loss: 0.060
2019-01-16 14:19:09,253:INFO: Loading the datasets...
2019-01-16 14:19:13,478:INFO: - done.
2019-01-16 14:19:13,479:INFO: For k-fold 2/5:
2019-01-16 14:19:13,479:INFO: Starting training for 45 epoch(s)
2019-01-16 14:19:13,479:INFO: Epoch 1/45
2019-01-16 14:19:24,275:INFO: - Train metrics: dsc: 0.336 ; iou: 0.226 ; accuracy: 0.895 ; precision: 0.227 ; recall: 0.897 ; loss: 0.915
2019-01-16 14:19:25,396:INFO: - Eval metrics : dsc: 0.649 ; iou: 0.505 ; accuracy: 0.984 ; precision: 0.511 ; recall: 0.946 ; loss: 0.893
2019-01-16 14:19:25,413:INFO: - Found new best DSC
2019-01-16 14:19:25,413:INFO: Epoch 2/45
2019-01-16 14:19:36,198:INFO: - Train metrics: dsc: 0.665 ; iou: 0.526 ; accuracy: 0.984 ; precision: 0.528 ; recall: 0.962 ; loss: 0.875
2019-01-16 14:19:37,332:INFO: - Eval metrics : dsc: 0.755 ; iou: 0.635 ; accuracy: 0.991 ; precision: 0.646 ; recall: 0.955 ; loss: 0.859
2019-01-16 14:19:37,349:INFO: - Found new best DSC
2019-01-16 14:19:37,349:INFO: Epoch 3/45
2019-01-16 14:19:48,117:INFO: - Train metrics: dsc: 0.780 ; iou: 0.670 ; accuracy: 0.992 ; precision: 0.676 ; recall: 0.964 ; loss: 0.814
2019-01-16 14:19:49,213:INFO: - Eval metrics : dsc: 0.771 ; iou: 0.653 ; accuracy: 0.992 ; precision: 0.655 ; recall: 0.976 ; loss: 0.774
2019-01-16 14:19:49,232:INFO: - Found new best DSC
2019-01-16 14:19:49,232:INFO: Epoch 4/45
2019-01-16 14:20:00,016:INFO: - Train metrics: dsc: 0.835 ; iou: 0.748 ; accuracy: 0.995 ; precision: 0.758 ; recall: 0.964 ; loss: 0.718
2019-01-16 14:20:01,100:INFO: - Eval metrics : dsc: 0.861 ; iou: 0.787 ; accuracy: 0.997 ; precision: 0.822 ; recall: 0.952 ; loss: 0.669
2019-01-16 14:20:01,122:INFO: - Found new best DSC
2019-01-16 14:20:01,122:INFO: Epoch 5/45
2019-01-16 14:20:11,980:INFO: - Train metrics: dsc: 0.872 ; iou: 0.801 ; accuracy: 0.997 ; precision: 0.824 ; recall: 0.961 ; loss: 0.582
2019-01-16 14:20:13,082:INFO: - Eval metrics : dsc: 0.873 ; iou: 0.804 ; accuracy: 0.997 ; precision: 0.832 ; recall: 0.956 ; loss: 0.515
2019-01-16 14:20:13,103:INFO: - Found new best DSC
2019-01-16 14:20:13,104:INFO: Epoch 6/45
2019-01-16 14:20:23,965:INFO: - Train metrics: dsc: 0.887 ; iou: 0.824 ; accuracy: 0.997 ; precision: 0.852 ; recall: 0.953 ; loss: 0.438
2019-01-16 14:20:25,072:INFO: - Eval metrics : dsc: 0.895 ; iou: 0.841 ; accuracy: 0.998 ; precision: 0.897 ; recall: 0.927 ; loss: 0.389
2019-01-16 14:20:25,094:INFO: - Found new best DSC
2019-01-16 14:20:25,095:INFO: Epoch 7/45
2019-01-16 14:20:35,957:INFO: - Train metrics: dsc: 0.899 ; iou: 0.843 ; accuracy: 0.998 ; precision: 0.881 ; recall: 0.946 ; loss: 0.321
2019-01-16 14:20:37,049:INFO: - Eval metrics : dsc: 0.895 ; iou: 0.840 ; accuracy: 0.998 ; precision: 0.877 ; recall: 0.944 ; loss: 0.281
2019-01-16 14:20:37,065:INFO: - Found new best DSC
2019-01-16 14:20:37,065:INFO: Epoch 8/45
2019-01-16 14:20:47,976:INFO: - Train metrics: dsc: 0.907 ; iou: 0.853 ; accuracy: 0.998 ; precision: 0.892 ; recall: 0.942 ; loss: 0.242
2019-01-16 14:20:49,077:INFO: - Eval metrics : dsc: 0.910 ; iou: 0.859 ; accuracy: 0.998 ; precision: 0.904 ; recall: 0.935 ; loss: 0.211
2019-01-16 14:20:49,094:INFO: - Found new best DSC
2019-01-16 14:20:49,094:INFO: Epoch 9/45
2019-01-16 14:20:59,967:INFO: - Train metrics: dsc: 0.912 ; iou: 0.861 ; accuracy: 0.998 ; precision: 0.902 ; recall: 0.942 ; loss: 0.190
2019-01-16 14:21:01,103:INFO: - Eval metrics : dsc: 0.907 ; iou: 0.858 ; accuracy: 0.998 ; precision: 0.913 ; recall: 0.929 ; loss: 0.175
2019-01-16 14:21:01,117:INFO: Epoch 10/45
2019-01-16 14:21:11,989:INFO: - Train metrics: dsc: 0.924 ; iou: 0.876 ; accuracy: 0.998 ; precision: 0.917 ; recall: 0.949 ; loss: 0.151
2019-01-16 14:21:13,089:INFO: - Eval metrics : dsc: 0.914 ; iou: 0.859 ; accuracy: 0.998 ; precision: 0.908 ; recall: 0.944 ; loss: 0.144
2019-01-16 14:21:13,111:INFO: - Found new best DSC
2019-01-16 14:21:13,111:INFO: Epoch 11/45
2019-01-16 14:21:24,013:INFO: - Train metrics: dsc: 0.919 ; iou: 0.869 ; accuracy: 0.998 ; precision: 0.911 ; recall: 0.944 ; loss: 0.134
2019-01-16 14:21:25,099:INFO: - Eval metrics : dsc: 0.911 ; iou: 0.861 ; accuracy: 0.998 ; precision: 0.937 ; recall: 0.905 ; loss: 0.134
2019-01-16 14:21:25,117:INFO: Epoch 12/45
2019-01-16 14:21:35,952:INFO: - Train metrics: dsc: 0.928 ; iou: 0.881 ; accuracy: 0.998 ; precision: 0.927 ; recall: 0.946 ; loss: 0.112
2019-01-16 14:21:37,052:INFO: - Eval metrics : dsc: 0.907 ; iou: 0.860 ; accuracy: 0.998 ; precision: 0.925 ; recall: 0.915 ; loss: 0.124
2019-01-16 14:21:37,066:INFO: Epoch 13/45
2019-01-16 14:21:47,861:INFO: - Train metrics: dsc: 0.922 ; iou: 0.874 ; accuracy: 0.998 ; precision: 0.920 ; recall: 0.945 ; loss: 0.107
2019-01-16 14:21:48,977:INFO: - Eval metrics : dsc: 0.902 ; iou: 0.854 ; accuracy: 0.998 ; precision: 0.908 ; recall: 0.921 ; loss: 0.120
2019-01-16 14:21:48,999:INFO: Epoch 14/45
2019-01-16 14:21:59,857:INFO: - Train metrics: dsc: 0.924 ; iou: 0.877 ; accuracy: 0.998 ; precision: 0.922 ; recall: 0.947 ; loss: 0.099
2019-01-16 14:22:01,019:INFO: - Eval metrics : dsc: 0.911 ; iou: 0.864 ; accuracy: 0.998 ; precision: 0.938 ; recall: 0.906 ; loss: 0.107
2019-01-16 14:22:01,039:INFO: Epoch 15/45
2019-01-16 14:22:11,943:INFO: - Train metrics: dsc: 0.931 ; iou: 0.886 ; accuracy: 0.998 ; precision: 0.929 ; recall: 0.951 ; loss: 0.088
2019-01-16 14:22:13,022:INFO: - Eval metrics : dsc: 0.917 ; iou: 0.870 ; accuracy: 0.998 ; precision: 0.920 ; recall: 0.941 ; loss: 0.096
2019-01-16 14:22:13,038:INFO: - Found new best DSC
2019-01-16 14:22:13,038:INFO: Epoch 16/45
2019-01-16 14:22:23,926:INFO: - Train metrics: dsc: 0.930 ; iou: 0.883 ; accuracy: 0.998 ; precision: 0.927 ; recall: 0.949 ; loss: 0.085
2019-01-16 14:22:25,092:INFO: - Eval metrics : dsc: 0.914 ; iou: 0.860 ; accuracy: 0.998 ; precision: 0.899 ; recall: 0.949 ; loss: 0.097
2019-01-16 14:22:25,116:INFO: Epoch 17/45
2019-01-16 14:22:35,990:INFO: - Train metrics: dsc: 0.926 ; iou: 0.878 ; accuracy: 0.998 ; precision: 0.924 ; recall: 0.945 ; loss: 0.086
2019-01-16 14:22:37,148:INFO: - Eval metrics : dsc: 0.918 ; iou: 0.871 ; accuracy: 0.998 ; precision: 0.921 ; recall: 0.929 ; loss: 0.091
2019-01-16 14:22:37,166:INFO: - Found new best DSC
2019-01-16 14:22:37,166:INFO: Epoch 18/45
2019-01-16 14:22:48,021:INFO: - Train metrics: dsc: 0.935 ; iou: 0.891 ; accuracy: 0.998 ; precision: 0.933 ; recall: 0.951 ; loss: 0.075
2019-01-16 14:22:49,116:INFO: - Eval metrics : dsc: 0.921 ; iou: 0.873 ; accuracy: 0.998 ; precision: 0.919 ; recall: 0.948 ; loss: 0.086
2019-01-16 14:22:49,132:INFO: - Found new best DSC
2019-01-16 14:22:49,132:INFO: Epoch 19/45
2019-01-16 14:22:59,996:INFO: - Train metrics: dsc: 0.936 ; iou: 0.892 ; accuracy: 0.998 ; precision: 0.939 ; recall: 0.949 ; loss: 0.072
2019-01-16 14:23:01,110:INFO: - Eval metrics : dsc: 0.916 ; iou: 0.869 ; accuracy: 0.998 ; precision: 0.936 ; recall: 0.923 ; loss: 0.091
2019-01-16 14:23:01,124:INFO: Epoch 20/45
2019-01-16 14:23:12,034:INFO: - Train metrics: dsc: 0.937 ; iou: 0.893 ; accuracy: 0.998 ; precision: 0.937 ; recall: 0.950 ; loss: 0.069
2019-01-16 14:23:13,172:INFO: - Eval metrics : dsc: 0.921 ; iou: 0.875 ; accuracy: 0.998 ; precision: 0.932 ; recall: 0.937 ; loss: 0.084
2019-01-16 14:23:13,189:INFO: Epoch 21/45
2019-01-16 14:23:24,060:INFO: - Train metrics: dsc: 0.938 ; iou: 0.895 ; accuracy: 0.998 ; precision: 0.936 ; recall: 0.954 ; loss: 0.067
2019-01-16 14:23:25,175:INFO: - Eval metrics : dsc: 0.920 ; iou: 0.867 ; accuracy: 0.998 ; precision: 0.945 ; recall: 0.908 ; loss: 0.085
2019-01-16 14:23:25,195:INFO: Epoch 22/45
2019-01-16 14:23:36,101:INFO: - Train metrics: dsc: 0.939 ; iou: 0.896 ; accuracy: 0.998 ; precision: 0.939 ; recall: 0.952 ; loss: 0.065
2019-01-16 14:23:37,184:INFO: - Eval metrics : dsc: 0.918 ; iou: 0.873 ; accuracy: 0.998 ; precision: 0.932 ; recall: 0.929 ; loss: 0.085
2019-01-16 14:23:37,208:INFO: Epoch 23/45
2019-01-16 14:23:48,172:INFO: - Train metrics: dsc: 0.943 ; iou: 0.902 ; accuracy: 0.999 ; precision: 0.943 ; recall: 0.954 ; loss: 0.061
2019-01-16 14:23:49,270:INFO: - Eval metrics : dsc: 0.919 ; iou: 0.875 ; accuracy: 0.998 ; precision: 0.941 ; recall: 0.926 ; loss: 0.083
2019-01-16 14:23:49,288:INFO: Epoch 24/45
2019-01-16 14:24:00,109:INFO: - Train metrics: dsc: 0.941 ; iou: 0.898 ; accuracy: 0.998 ; precision: 0.941 ; recall: 0.952 ; loss: 0.062
2019-01-16 14:24:01,188:INFO: - Eval metrics : dsc: 0.910 ; iou: 0.862 ; accuracy: 0.998 ; precision: 0.953 ; recall: 0.897 ; loss: 0.091
2019-01-16 14:24:01,199:INFO: Epoch 25/45
2019-01-16 14:24:12,025:INFO: - Train metrics: dsc: 0.939 ; iou: 0.896 ; accuracy: 0.998 ; precision: 0.939 ; recall: 0.951 ; loss: 0.063
2019-01-16 14:24:13,103:INFO: - Eval metrics : dsc: 0.924 ; iou: 0.879 ; accuracy: 0.998 ; precision: 0.939 ; recall: 0.935 ; loss: 0.077
2019-01-16 14:24:13,120:INFO: - Found new best DSC
2019-01-16 14:24:13,120:INFO: Epoch 26/45
2019-01-16 14:24:23,989:INFO: - Train metrics: dsc: 0.941 ; iou: 0.897 ; accuracy: 0.998 ; precision: 0.938 ; recall: 0.954 ; loss: 0.061
2019-01-16 14:24:25,115:INFO: - Eval metrics : dsc: 0.915 ; iou: 0.866 ; accuracy: 0.998 ; precision: 0.954 ; recall: 0.902 ; loss: 0.086
2019-01-16 14:24:25,134:INFO: Epoch 27/45
2019-01-16 14:24:35,961:INFO: - Train metrics: dsc: 0.945 ; iou: 0.904 ; accuracy: 0.999 ; precision: 0.945 ; recall: 0.954 ; loss: 0.057
2019-01-16 14:24:37,076:INFO: - Eval metrics : dsc: 0.898 ; iou: 0.836 ; accuracy: 0.998 ; precision: 0.970 ; recall: 0.860 ; loss: 0.103
2019-01-16 14:24:37,090:INFO: Epoch 28/45
2019-01-16 14:24:47,950:INFO: - Train metrics: dsc: 0.939 ; iou: 0.895 ; accuracy: 0.998 ; precision: 0.940 ; recall: 0.947 ; loss: 0.062
2019-01-16 14:24:49,072:INFO: - Eval metrics : dsc: 0.925 ; iou: 0.878 ; accuracy: 0.998 ; precision: 0.920 ; recall: 0.943 ; loss: 0.076
2019-01-16 14:24:49,095:INFO: - Found new best DSC
2019-01-16 14:24:49,095:INFO: Epoch 29/45
2019-01-16 14:24:59,964:INFO: - Train metrics: dsc: 0.940 ; iou: 0.896 ; accuracy: 0.998 ; precision: 0.941 ; recall: 0.951 ; loss: 0.061
2019-01-16 14:25:01,117:INFO: - Eval metrics : dsc: 0.927 ; iou: 0.880 ; accuracy: 0.998 ; precision: 0.932 ; recall: 0.938 ; loss: 0.074
2019-01-16 14:25:01,141:INFO: - Found new best DSC
2019-01-16 14:25:01,141:INFO: Epoch 30/45
2019-01-16 14:25:12,060:INFO: - Train metrics: dsc: 0.946 ; iou: 0.906 ; accuracy: 0.999 ; precision: 0.944 ; recall: 0.958 ; loss: 0.055
2019-01-16 14:25:13,150:INFO: - Eval metrics : dsc: 0.909 ; iou: 0.850 ; accuracy: 0.998 ; precision: 0.931 ; recall: 0.905 ; loss: 0.092
2019-01-16 14:25:13,161:INFO: Epoch 31/45
2019-01-16 14:25:23,991:INFO: - Train metrics: dsc: 0.939 ; iou: 0.894 ; accuracy: 0.998 ; precision: 0.938 ; recall: 0.952 ; loss: 0.062
2019-01-16 14:25:25,116:INFO: - Eval metrics : dsc: 0.924 ; iou: 0.877 ; accuracy: 0.998 ; precision: 0.943 ; recall: 0.925 ; loss: 0.076
2019-01-16 14:25:25,136:INFO: Epoch 32/45
2019-01-16 14:25:36,035:INFO: - Train metrics: dsc: 0.946 ; iou: 0.905 ; accuracy: 0.999 ; precision: 0.945 ; recall: 0.957 ; loss: 0.055
2019-01-16 14:25:37,124:INFO: - Eval metrics : dsc: 0.927 ; iou: 0.881 ; accuracy: 0.998 ; precision: 0.942 ; recall: 0.931 ; loss: 0.073
2019-01-16 14:25:37,143:INFO: Epoch 33/45
2019-01-16 14:25:48,028:INFO: - Train metrics: dsc: 0.944 ; iou: 0.904 ; accuracy: 0.999 ; precision: 0.943 ; recall: 0.956 ; loss: 0.056
2019-01-16 14:25:49,143:INFO: - Eval metrics : dsc: 0.928 ; iou: 0.882 ; accuracy: 0.998 ; precision: 0.937 ; recall: 0.938 ; loss: 0.072
2019-01-16 14:25:49,161:INFO: - Found new best DSC
2019-01-16 14:25:49,161:INFO: Epoch 34/45
2019-01-16 14:26:00,019:INFO: - Train metrics: dsc: 0.949 ; iou: 0.910 ; accuracy: 0.999 ; precision: 0.948 ; recall: 0.959 ; loss: 0.051
2019-01-16 14:26:01,095:INFO: - Eval metrics : dsc: 0.927 ; iou: 0.882 ; accuracy: 0.998 ; precision: 0.941 ; recall: 0.936 ; loss: 0.072
2019-01-16 14:26:01,115:INFO: Epoch 35/45
2019-01-16 14:26:12,016:INFO: - Train metrics: dsc: 0.949 ; iou: 0.909 ; accuracy: 0.999 ; precision: 0.946 ; recall: 0.959 ; loss: 0.052
2019-01-16 14:26:13,143:INFO: - Eval metrics : dsc: 0.917 ; iou: 0.870 ; accuracy: 0.998 ; precision: 0.950 ; recall: 0.909 ; loss: 0.082
2019-01-16 14:26:13,158:INFO: Epoch 36/45
2019-01-16 14:26:23,994:INFO: - Train metrics: dsc: 0.948 ; iou: 0.910 ; accuracy: 0.999 ; precision: 0.949 ; recall: 0.957 ; loss: 0.051
2019-01-16 14:26:25,076:INFO: - Eval metrics : dsc: 0.929 ; iou: 0.885 ; accuracy: 0.998 ; precision: 0.930 ; recall: 0.949 ; loss: 0.070
2019-01-16 14:26:25,099:INFO: - Found new best DSC
2019-01-16 14:26:25,099:INFO: Epoch 37/45
2019-01-16 14:26:35,981:INFO: - Train metrics: dsc: 0.951 ; iou: 0.914 ; accuracy: 0.999 ; precision: 0.951 ; recall: 0.959 ; loss: 0.049
2019-01-16 14:26:37,107:INFO: - Eval metrics : dsc: 0.926 ; iou: 0.879 ; accuracy: 0.998 ; precision: 0.919 ; recall: 0.952 ; loss: 0.073
2019-01-16 14:26:37,127:INFO: Epoch 38/45
2019-01-16 14:26:47,978:INFO: - Train metrics: dsc: 0.948 ; iou: 0.909 ; accuracy: 0.999 ; precision: 0.948 ; recall: 0.957 ; loss: 0.052
2019-01-16 14:26:49,056:INFO: - Eval metrics : dsc: 0.928 ; iou: 0.885 ; accuracy: 0.998 ; precision: 0.941 ; recall: 0.934 ; loss: 0.070
2019-01-16 14:26:49,073:INFO: Epoch 39/45
2019-01-16 14:26:59,917:INFO: - Train metrics: dsc: 0.950 ; iou: 0.913 ; accuracy: 0.999 ; precision: 0.951 ; recall: 0.958 ; loss: 0.049
2019-01-16 14:27:01,012:INFO: - Eval metrics : dsc: 0.928 ; iou: 0.883 ; accuracy: 0.998 ; precision: 0.945 ; recall: 0.932 ; loss: 0.071
2019-01-16 14:27:01,038:INFO: Epoch 40/45
2019-01-16 14:27:11,920:INFO: - Train metrics: dsc: 0.952 ; iou: 0.915 ; accuracy: 0.999 ; precision: 0.952 ; recall: 0.960 ; loss: 0.048
2019-01-16 14:27:13,086:INFO: - Eval metrics : dsc: 0.930 ; iou: 0.885 ; accuracy: 0.998 ; precision: 0.943 ; recall: 0.933 ; loss: 0.069
2019-01-16 14:27:13,120:INFO: - Found new best DSC
2019-01-16 14:27:13,121:INFO: Epoch 41/45
2019-01-16 14:27:24,057:INFO: - Train metrics: dsc: 0.954 ; iou: 0.918 ; accuracy: 0.999 ; precision: 0.952 ; recall: 0.963 ; loss: 0.046
2019-01-16 14:27:25,180:INFO: - Eval metrics : dsc: 0.927 ; iou: 0.881 ; accuracy: 0.998 ; precision: 0.945 ; recall: 0.923 ; loss: 0.073
2019-01-16 14:27:25,202:INFO: Epoch 42/45
2019-01-16 14:27:36,026:INFO: - Train metrics: dsc: 0.952 ; iou: 0.916 ; accuracy: 0.999 ; precision: 0.954 ; recall: 0.959 ; loss: 0.047
2019-01-16 14:27:37,115:INFO: - Eval metrics : dsc: 0.925 ; iou: 0.880 ; accuracy: 0.998 ; precision: 0.932 ; recall: 0.942 ; loss: 0.073
2019-01-16 14:27:37,135:INFO: Epoch 43/45
2019-01-16 14:27:48,014:INFO: - Train metrics: dsc: 0.953 ; iou: 0.918 ; accuracy: 0.999 ; precision: 0.955 ; recall: 0.960 ; loss: 0.046
2019-01-16 14:27:49,141:INFO: - Eval metrics : dsc: 0.926 ; iou: 0.880 ; accuracy: 0.998 ; precision: 0.950 ; recall: 0.922 ; loss: 0.073
2019-01-16 14:27:49,167:INFO: Epoch 44/45
2019-01-16 14:28:00,102:INFO: - Train metrics: dsc: 0.950 ; iou: 0.911 ; accuracy: 0.999 ; precision: 0.949 ; recall: 0.958 ; loss: 0.050
2019-01-16 14:28:01,184:INFO: - Eval metrics : dsc: 0.925 ; iou: 0.880 ; accuracy: 0.998 ; precision: 0.937 ; recall: 0.935 ; loss: 0.075
2019-01-16 14:28:01,198:INFO: Epoch 45/45
2019-01-16 14:28:12,056:INFO: - Train metrics: dsc: 0.954 ; iou: 0.919 ; accuracy: 0.999 ; precision: 0.954 ; recall: 0.961 ; loss: 0.045
2019-01-16 14:28:13,211:INFO: - Eval metrics : dsc: 0.929 ; iou: 0.884 ; accuracy: 0.998 ; precision: 0.944 ; recall: 0.933 ; loss: 0.070
2019-01-16 14:28:13,269:INFO: Loading the datasets...
2019-01-16 14:28:17,461:INFO: - done.
2019-01-16 14:28:17,461:INFO: For k-fold 3/5:
2019-01-16 14:28:17,461:INFO: Starting training for 45 epoch(s)
2019-01-16 14:28:17,461:INFO: Epoch 1/45
2019-01-16 14:28:28,231:INFO: - Train metrics: dsc: 0.370 ; iou: 0.255 ; accuracy: 0.906 ; precision: 0.256 ; recall: 0.889 ; loss: 0.914
2019-01-16 14:28:29,312:INFO: - Eval metrics : dsc: 0.649 ; iou: 0.509 ; accuracy: 0.985 ; precision: 0.523 ; recall: 0.915 ; loss: 0.893
2019-01-16 14:28:29,329:INFO: - Found new best DSC
2019-01-16 14:28:29,329:INFO: Epoch 2/45
2019-01-16 14:28:40,150:INFO: - Train metrics: dsc: 0.688 ; iou: 0.553 ; accuracy: 0.986 ; precision: 0.558 ; recall: 0.959 ; loss: 0.874
2019-01-16 14:28:41,277:INFO: - Eval metrics : dsc: 0.793 ; iou: 0.696 ; accuracy: 0.994 ; precision: 0.749 ; recall: 0.907 ; loss: 0.857
2019-01-16 14:28:41,293:INFO: - Found new best DSC
2019-01-16 14:28:41,293:INFO: Epoch 3/45
2019-01-16 14:28:52,122:INFO: - Train metrics: dsc: 0.778 ; iou: 0.667 ; accuracy: 0.992 ; precision: 0.675 ; recall: 0.965 ; loss: 0.825
2019-01-16 14:28:53,246:INFO: - Eval metrics : dsc: 0.819 ; iou: 0.720 ; accuracy: 0.994 ; precision: 0.749 ; recall: 0.948 ; loss: 0.791
2019-01-16 14:28:53,268:INFO: - Found new best DSC
2019-01-16 14:28:53,268:INFO: Epoch 4/45
2019-01-16 14:29:04,238:INFO: - Train metrics: dsc: 0.831 ; iou: 0.739 ; accuracy: 0.995 ; precision: 0.750 ; recall: 0.967 ; loss: 0.741
2019-01-16 14:29:05,373:INFO: - Eval metrics : dsc: 0.853 ; iou: 0.781 ; accuracy: 0.996 ; precision: 0.830 ; recall: 0.928 ; loss: 0.692
2019-01-16 14:29:05,402:INFO: - Found new best DSC
2019-01-16 14:29:05,402:INFO: Epoch 5/45
2019-01-16 14:29:16,254:INFO: - Train metrics: dsc: 0.859 ; iou: 0.784 ; accuracy: 0.996 ; precision: 0.806 ; recall: 0.957 ; loss: 0.612
2019-01-16 14:29:17,333:INFO: - Eval metrics : dsc: 0.857 ; iou: 0.785 ; accuracy: 0.996 ; precision: 0.833 ; recall: 0.934 ; loss: 0.542
2019-01-16 14:29:17,352:INFO: - Found new best DSC
2019-01-16 14:29:17,352:INFO: Epoch 6/45
2019-01-16 14:29:28,273:INFO: - Train metrics: dsc: 0.890 ; iou: 0.828 ; accuracy: 0.997 ; precision: 0.852 ; recall: 0.958 ; loss: 0.461
2019-01-16 14:29:29,368:INFO: - Eval metrics : dsc: 0.867 ; iou: 0.787 ; accuracy: 0.996 ; precision: 0.807 ; recall: 0.963 ; loss: 0.406
2019-01-16 14:29:29,390:INFO: - Found new best DSC
2019-01-16 14:29:29,390:INFO: Epoch 7/45
2019-01-16 14:29:40,290:INFO: - Train metrics: dsc: 0.898 ; iou: 0.841 ; accuracy: 0.998 ; precision: 0.877 ; recall: 0.946 ; loss: 0.329
2019-01-16 14:29:41,392:INFO: - Eval metrics : dsc: 0.905 ; iou: 0.851 ; accuracy: 0.998 ; precision: 0.905 ; recall: 0.933 ; loss: 0.264
2019-01-16 14:29:41,414:INFO: - Found new best DSC
2019-01-16 14:29:41,414:INFO: Epoch 8/45
2019-01-16 14:29:52,253:INFO: - Train metrics: dsc: 0.906 ; iou: 0.854 ; accuracy: 0.998 ; precision: 0.895 ; recall: 0.943 ; loss: 0.234
2019-01-16 14:29:53,388:INFO: - Eval metrics : dsc: 0.912 ; iou: 0.861 ; accuracy: 0.998 ; precision: 0.916 ; recall: 0.927 ; loss: 0.203
2019-01-16 14:29:53,405:INFO: - Found new best DSC
2019-01-16 14:29:53,405:INFO: Epoch 9/45
2019-01-16 14:30:04,269:INFO: - Train metrics: dsc: 0.912 ; iou: 0.862 ; accuracy: 0.998 ; precision: 0.911 ; recall: 0.941 ; loss: 0.182
2019-01-16 14:30:05,394:INFO: - Eval metrics : dsc: 0.906 ; iou: 0.855 ; accuracy: 0.998 ; precision: 0.930 ; recall: 0.912 ; loss: 0.170
2019-01-16 14:30:05,413:INFO: Epoch 10/45
2019-01-16 14:30:16,283:INFO: - Train metrics: dsc: 0.915 ; iou: 0.865 ; accuracy: 0.998 ; precision: 0.912 ; recall: 0.941 ; loss: 0.152
2019-01-16 14:30:17,358:INFO: - Eval metrics : dsc: 0.877 ; iou: 0.808 ; accuracy: 0.996 ; precision: 0.853 ; recall: 0.934 ; loss: 0.172
2019-01-16 14:30:17,373:INFO: Epoch 11/45
2019-01-16 14:30:28,213:INFO: - Train metrics: dsc: 0.917 ; iou: 0.867 ; accuracy: 0.998 ; precision: 0.917 ; recall: 0.938 ; loss: 0.132
2019-01-16 14:30:29,298:INFO: - Eval metrics : dsc: 0.907 ; iou: 0.857 ; accuracy: 0.998 ; precision: 0.932 ; recall: 0.905 ; loss: 0.135
2019-01-16 14:30:29,317:INFO: Epoch 12/45
2019-01-16 14:30:40,206:INFO: - Train metrics: dsc: 0.924 ; iou: 0.876 ; accuracy: 0.998 ; precision: 0.924 ; recall: 0.946 ; loss: 0.113
2019-01-16 14:30:41,328:INFO: - Eval metrics : dsc: 0.910 ; iou: 0.864 ; accuracy: 0.998 ; precision: 0.947 ; recall: 0.905 ; loss: 0.118
2019-01-16 14:30:41,343:INFO: Epoch 13/45
2019-01-16 14:30:52,254:INFO: - Train metrics: dsc: 0.924 ; iou: 0.875 ; accuracy: 0.998 ; precision: 0.925 ; recall: 0.943 ; loss: 0.104
2019-01-16 14:30:53,383:INFO: - Eval metrics : dsc: 0.914 ; iou: 0.864 ; accuracy: 0.998 ; precision: 0.912 ; recall: 0.938 ; loss: 0.109
2019-01-16 14:30:53,400:INFO: - Found new best DSC
2019-01-16 14:30:53,400:INFO: Epoch 14/45
2019-01-16 14:31:04,295:INFO: - Train metrics: dsc: 0.928 ; iou: 0.882 ; accuracy: 0.998 ; precision: 0.927 ; recall: 0.945 ; loss: 0.094
2019-01-16 14:31:05,399:INFO: - Eval metrics : dsc: 0.911 ; iou: 0.864 ; accuracy: 0.998 ; precision: 0.928 ; recall: 0.921 ; loss: 0.107
2019-01-16 14:31:05,413:INFO: Epoch 15/45
2019-01-16 14:31:16,234:INFO: - Train metrics: dsc: 0.927 ; iou: 0.879 ; accuracy: 0.998 ; precision: 0.928 ; recall: 0.944 ; loss: 0.091
2019-01-16 14:31:17,315:INFO: - Eval metrics : dsc: 0.916 ; iou: 0.870 ; accuracy: 0.998 ; precision: 0.933 ; recall: 0.922 ; loss: 0.097
2019-01-16 14:31:17,332:INFO: - Found new best DSC
2019-01-16 14:31:17,332:INFO: Epoch 16/45
2019-01-16 14:31:28,225:INFO: - Train metrics: dsc: 0.930 ; iou: 0.885 ; accuracy: 0.998 ; precision: 0.931 ; recall: 0.944 ; loss: 0.084
2019-01-16 14:31:29,350:INFO: - Eval metrics : dsc: 0.915 ; iou: 0.868 ; accuracy: 0.998 ; precision: 0.938 ; recall: 0.914 ; loss: 0.096
2019-01-16 14:31:29,370:INFO: Epoch 17/45
2019-01-16 14:31:40,281:INFO: - Train metrics: dsc: 0.929 ; iou: 0.882 ; accuracy: 0.998 ; precision: 0.928 ; recall: 0.946 ; loss: 0.082
2019-01-16 14:31:41,371:INFO: - Eval metrics : dsc: 0.914 ; iou: 0.866 ; accuracy: 0.998 ; precision: 0.943 ; recall: 0.909 ; loss: 0.095
2019-01-16 14:31:41,382:INFO: Epoch 18/45
2019-01-16 14:31:52,221:INFO: - Train metrics: dsc: 0.936 ; iou: 0.893 ; accuracy: 0.998 ; precision: 0.933 ; recall: 0.950 ; loss: 0.073
2019-01-16 14:31:53,301:INFO: - Eval metrics : dsc: 0.920 ; iou: 0.874 ; accuracy: 0.998 ; precision: 0.936 ; recall: 0.927 ; loss: 0.087
2019-01-16 14:31:53,321:INFO: - Found new best DSC
2019-01-16 14:31:53,321:INFO: Epoch 19/45
2019-01-16 14:32:04,174:INFO: - Train metrics: dsc: 0.936 ; iou: 0.891 ; accuracy: 0.998 ; precision: 0.935 ; recall: 0.949 ; loss: 0.072
2019-01-16 14:32:05,263:INFO: - Eval metrics : dsc: 0.869 ; iou: 0.799 ; accuracy: 0.997 ; precision: 0.879 ; recall: 0.883 ; loss: 0.136
2019-01-16 14:32:05,281:INFO: Epoch 20/45
2019-01-16 14:32:16,183:INFO: - Train metrics: dsc: 0.928 ; iou: 0.881 ; accuracy: 0.998 ; precision: 0.930 ; recall: 0.946 ; loss: 0.077
2019-01-16 14:32:17,270:INFO: - Eval metrics : dsc: 0.918 ; iou: 0.867 ; accuracy: 0.998 ; precision: 0.907 ; recall: 0.943 ; loss: 0.087
2019-01-16 14:32:17,288:INFO: Epoch 21/45
2019-01-16 14:32:28,164:INFO: - Train metrics: dsc: 0.936 ; iou: 0.892 ; accuracy: 0.998 ; precision: 0.935 ; recall: 0.950 ; loss: 0.069
2019-01-16 14:32:29,259:INFO: - Eval metrics : dsc: 0.914 ; iou: 0.868 ; accuracy: 0.998 ; precision: 0.932 ; recall: 0.920 ; loss: 0.089
2019-01-16 14:32:29,274:INFO: Epoch 22/45
2019-01-16 14:32:40,137:INFO: - Train metrics: dsc: 0.938 ; iou: 0.895 ; accuracy: 0.998 ; precision: 0.939 ; recall: 0.951 ; loss: 0.066
2019-01-16 14:32:41,216:INFO: - Eval metrics : dsc: 0.917 ; iou: 0.872 ; accuracy: 0.998 ; precision: 0.938 ; recall: 0.923 ; loss: 0.086
2019-01-16 14:32:41,230:INFO: Epoch 23/45
2019-01-16 14:32:52,106:INFO: - Train metrics: dsc: 0.941 ; iou: 0.899 ; accuracy: 0.999 ; precision: 0.940 ; recall: 0.953 ; loss: 0.063
2019-01-16 14:32:53,202:INFO: - Eval metrics : dsc: 0.920 ; iou: 0.874 ; accuracy: 0.998 ; precision: 0.936 ; recall: 0.933 ; loss: 0.082
2019-01-16 14:32:53,216:INFO: - Found new best DSC
2019-01-16 14:32:53,216:INFO: Epoch 24/45
2019-01-16 14:33:04,046:INFO: - Train metrics: dsc: 0.942 ; iou: 0.901 ; accuracy: 0.999 ; precision: 0.945 ; recall: 0.952 ; loss: 0.060
2019-01-16 14:33:05,220:INFO: - Eval metrics : dsc: 0.917 ; iou: 0.872 ; accuracy: 0.998 ; precision: 0.943 ; recall: 0.917 ; loss: 0.084
2019-01-16 14:33:05,239:INFO: Epoch 25/45
2019-01-16 14:33:16,123:INFO: - Train metrics: dsc: 0.938 ; iou: 0.896 ; accuracy: 0.998 ; precision: 0.945 ; recall: 0.947 ; loss: 0.064
2019-01-16 14:33:17,204:INFO: - Eval metrics : dsc: 0.911 ; iou: 0.866 ; accuracy: 0.998 ; precision: 0.954 ; recall: 0.906 ; loss: 0.090
2019-01-16 14:33:17,218:INFO: Epoch 26/45
2019-01-16 14:33:28,038:INFO: - Train metrics: dsc: 0.942 ; iou: 0.901 ; accuracy: 0.999 ; precision: 0.944 ; recall: 0.951 ; loss: 0.060
2019-01-16 14:33:29,128:INFO: - Eval metrics : dsc: 0.916 ; iou: 0.867 ; accuracy: 0.998 ; precision: 0.952 ; recall: 0.903 ; loss: 0.085
2019-01-16 14:33:29,142:INFO: Epoch 27/45
2019-01-16 14:33:39,991:INFO: - Train metrics: dsc: 0.938 ; iou: 0.896 ; accuracy: 0.998 ; precision: 0.943 ; recall: 0.949 ; loss: 0.063
2019-01-16 14:33:41,091:INFO: - Eval metrics : dsc: 0.920 ; iou: 0.872 ; accuracy: 0.998 ; precision: 0.958 ; recall: 0.903 ; loss: 0.080
2019-01-16 14:33:41,113:INFO: - Found new best DSC
2019-01-16 14:33:41,113:INFO: Epoch 28/45
2019-01-16 14:33:52,016:INFO: - Train metrics: dsc: 0.938 ; iou: 0.895 ; accuracy: 0.998 ; precision: 0.941 ; recall: 0.946 ; loss: 0.063
2019-01-16 14:33:53,117:INFO: - Eval metrics : dsc: 0.920 ; iou: 0.875 ; accuracy: 0.998 ; precision: 0.951 ; recall: 0.914 ; loss: 0.080
2019-01-16 14:33:53,131:INFO: Epoch 29/45
2019-01-16 14:34:03,955:INFO: - Train metrics: dsc: 0.942 ; iou: 0.902 ; accuracy: 0.999 ; precision: 0.948 ; recall: 0.950 ; loss: 0.058
2019-01-16 14:34:05,057:INFO: - Eval metrics : dsc: 0.920 ; iou: 0.877 ; accuracy: 0.998 ; precision: 0.947 ; recall: 0.919 ; loss: 0.079
2019-01-16 14:34:05,071:INFO: Epoch 30/45
2019-01-16 14:34:15,967:INFO: - Train metrics: dsc: 0.945 ; iou: 0.907 ; accuracy: 0.999 ; precision: 0.951 ; recall: 0.951 ; loss: 0.055
2019-01-16 14:34:17,062:INFO: - Eval metrics : dsc: 0.921 ; iou: 0.879 ; accuracy: 0.998 ; precision: 0.951 ; recall: 0.917 ; loss: 0.078
2019-01-16 14:34:17,078:INFO: - Found new best DSC
2019-01-16 14:34:17,078:INFO: Epoch 31/45
2019-01-16 14:34:27,938:INFO: - Train metrics: dsc: 0.946 ; iou: 0.908 ; accuracy: 0.999 ; precision: 0.953 ; recall: 0.952 ; loss: 0.054
2019-01-16 14:34:29,030:INFO: - Eval metrics : dsc: 0.914 ; iou: 0.868 ; accuracy: 0.998 ; precision: 0.933 ; recall: 0.923 ; loss: 0.086
2019-01-16 14:34:29,048:INFO: Epoch 32/45
2019-01-16 14:34:39,969:INFO: - Train metrics: dsc: 0.935 ; iou: 0.890 ; accuracy: 0.998 ; precision: 0.939 ; recall: 0.945 ; loss: 0.065
2019-01-16 14:34:41,052:INFO: - Eval metrics : dsc: 0.922 ; iou: 0.874 ; accuracy: 0.998 ; precision: 0.934 ; recall: 0.923 ; loss: 0.079
2019-01-16 14:34:41,074:INFO: - Found new best DSC
2019-01-16 14:34:41,074:INFO: Epoch 33/45
2019-01-16 14:34:51,944:INFO: - Train metrics: dsc: 0.940 ; iou: 0.899 ; accuracy: 0.999 ; precision: 0.945 ; recall: 0.950 ; loss: 0.060
2019-01-16 14:34:53,041:INFO: - Eval metrics : dsc: 0.918 ; iou: 0.871 ; accuracy: 0.998 ; precision: 0.951 ; recall: 0.910 ; loss: 0.081
2019-01-16 14:34:53,059:INFO: Epoch 34/45
2019-01-16 14:35:03,966:INFO: - Train metrics: dsc: 0.944 ; iou: 0.905 ; accuracy: 0.999 ; precision: 0.950 ; recall: 0.951 ; loss: 0.056
2019-01-16 14:35:05,108:INFO: - Eval metrics : dsc: 0.921 ; iou: 0.876 ; accuracy: 0.998 ; precision: 0.954 ; recall: 0.915 ; loss: 0.078
2019-01-16 14:35:05,123:INFO: Epoch 35/45
2019-01-16 14:35:16,050:INFO: - Train metrics: dsc: 0.945 ; iou: 0.906 ; accuracy: 0.999 ; precision: 0.950 ; recall: 0.953 ; loss: 0.054
2019-01-16 14:35:17,136:INFO: - Eval metrics : dsc: 0.918 ; iou: 0.870 ; accuracy: 0.998 ; precision: 0.966 ; recall: 0.896 ; loss: 0.081
2019-01-16 14:35:17,153:INFO: Epoch 36/45
2019-01-16 14:35:28,055:INFO: - Train metrics: dsc: 0.947 ; iou: 0.910 ; accuracy: 0.999 ; precision: 0.953 ; recall: 0.953 ; loss: 0.053
2019-01-16 14:35:29,167:INFO: - Eval metrics : dsc: 0.923 ; iou: 0.879 ; accuracy: 0.998 ; precision: 0.943 ; recall: 0.930 ; loss: 0.075
2019-01-16 14:35:29,188:INFO: - Found new best DSC
2019-01-16 14:35:29,190:INFO: Epoch 37/45
2019-01-16 14:35:40,016:INFO: - Train metrics: dsc: 0.947 ; iou: 0.910 ; accuracy: 0.999 ; precision: 0.951 ; recall: 0.956 ; loss: 0.052
2019-01-16 14:35:41,095:INFO: - Eval metrics : dsc: 0.911 ; iou: 0.861 ; accuracy: 0.998 ; precision: 0.965 ; recall: 0.888 ; loss: 0.088
2019-01-16 14:35:41,110:INFO: Epoch 38/45
2019-01-16 14:35:51,939:INFO: - Train metrics: dsc: 0.943 ; iou: 0.903 ; accuracy: 0.999 ; precision: 0.945 ; recall: 0.953 ; loss: 0.057
2019-01-16 14:35:53,025:INFO: - Eval metrics : dsc: 0.922 ; iou: 0.875 ; accuracy: 0.998 ; precision: 0.928 ; recall: 0.935 ; loss: 0.077
2019-01-16 14:35:53,043:INFO: Epoch 39/45
2019-01-16 14:36:03,920:INFO: - Train metrics: dsc: 0.943 ; iou: 0.902 ; accuracy: 0.999 ; precision: 0.944 ; recall: 0.953 ; loss: 0.057
2019-01-16 14:36:05,064:INFO: - Eval metrics : dsc: 0.922 ; iou: 0.879 ; accuracy: 0.998 ; precision: 0.938 ; recall: 0.926 ; loss: 0.076
2019-01-16 14:36:05,083:INFO: Epoch 40/45
2019-01-16 14:36:15,944:INFO: - Train metrics: dsc: 0.946 ; iou: 0.906 ; accuracy: 0.999 ; precision: 0.944 ; recall: 0.956 ; loss: 0.054
2019-01-16 14:36:17,055:INFO: - Eval metrics : dsc: 0.921 ; iou: 0.874 ; accuracy: 0.998 ; precision: 0.927 ; recall: 0.938 ; loss: 0.077
2019-01-16 14:36:17,066:INFO: Epoch 41/45
2019-01-16 14:36:27,960:INFO: - Train metrics: dsc: 0.944 ; iou: 0.905 ; accuracy: 0.999 ; precision: 0.945 ; recall: 0.956 ; loss: 0.055
2019-01-16 14:36:29,035:INFO: - Eval metrics : dsc: 0.926 ; iou: 0.884 ; accuracy: 0.998 ; precision: 0.944 ; recall: 0.929 ; loss: 0.072
2019-01-16 14:36:29,058:INFO: - Found new best DSC
2019-01-16 14:36:29,058:INFO: Epoch 42/45
2019-01-16 14:36:39,944:INFO: - Train metrics: dsc: 0.949 ; iou: 0.913 ; accuracy: 0.999 ; precision: 0.951 ; recall: 0.958 ; loss: 0.050
2019-01-16 14:36:41,067:INFO: - Eval metrics : dsc: 0.905 ; iou: 0.861 ; accuracy: 0.998 ; precision: 0.949 ; recall: 0.901 ; loss: 0.094
2019-01-16 14:36:41,095:INFO: Epoch 43/45
2019-01-16 14:36:51,938:INFO: - Train metrics: dsc: 0.949 ; iou: 0.912 ; accuracy: 0.999 ; precision: 0.952 ; recall: 0.957 ; loss: 0.050
2019-01-16 14:36:53,070:INFO: - Eval metrics : dsc: 0.926 ; iou: 0.884 ; accuracy: 0.998 ; precision: 0.943 ; recall: 0.931 ; loss: 0.072
2019-01-16 14:36:53,087:INFO: - Found new best DSC
2019-01-16 14:36:53,087:INFO: Epoch 44/45
2019-01-16 14:37:03,983:INFO: - Train metrics: dsc: 0.951 ; iou: 0.916 ; accuracy: 0.999 ; precision: 0.955 ; recall: 0.958 ; loss: 0.048
2019-01-16 14:37:05,076:INFO: - Eval metrics : dsc: 0.924 ; iou: 0.882 ; accuracy: 0.998 ; precision: 0.951 ; recall: 0.922 ; loss: 0.074
2019-01-16 14:37:05,090:INFO: Epoch 45/45
2019-01-16 14:37:15,989:INFO: - Train metrics: dsc: 0.950 ; iou: 0.915 ; accuracy: 0.999 ; precision: 0.957 ; recall: 0.956 ; loss: 0.049
2019-01-16 14:37:17,087:INFO: - Eval metrics : dsc: 0.922 ; iou: 0.879 ; accuracy: 0.998 ; precision: 0.946 ; recall: 0.924 ; loss: 0.077
2019-01-16 14:37:17,158:INFO: Loading the datasets...
2019-01-16 14:37:21,418:INFO: - done.
2019-01-16 14:37:21,419:INFO: For k-fold 4/5:
2019-01-16 14:37:21,419:INFO: Starting training for 45 epoch(s)
2019-01-16 14:37:21,419:INFO: Epoch 1/45
2019-01-16 14:37:32,137:INFO: - Train metrics: dsc: 0.369 ; iou: 0.254 ; accuracy: 0.906 ; precision: 0.256 ; recall: 0.891 ; loss: 0.914
2019-01-16 14:37:33,213:INFO: - Eval metrics : dsc: 0.578 ; iou: 0.429 ; accuracy: 0.976 ; precision: 0.430 ; recall: 0.963 ; loss: 0.892
2019-01-16 14:37:33,229:INFO: - Found new best DSC
2019-01-16 14:37:33,230:INFO: Epoch 2/45
2019-01-16 14:37:43,998:INFO: - Train metrics: dsc: 0.688 ; iou: 0.552 ; accuracy: 0.986 ; precision: 0.555 ; recall: 0.959 ; loss: 0.875
2019-01-16 14:37:45,089:INFO: - Eval metrics : dsc: 0.708 ; iou: 0.575 ; accuracy: 0.988 ; precision: 0.578 ; recall: 0.973 ; loss: 0.860
2019-01-16 14:37:45,105:INFO: - Found new best DSC
2019-01-16 14:37:45,106:INFO: Epoch 3/45
2019-01-16 14:37:55,921:INFO: - Train metrics: dsc: 0.786 ; iou: 0.675 ; accuracy: 0.992 ; precision: 0.684 ; recall: 0.969 ; loss: 0.830
2019-01-16 14:37:57,010:INFO: - Eval metrics : dsc: 0.791 ; iou: 0.681 ; accuracy: 0.993 ; precision: 0.687 ; recall: 0.962 ; loss: 0.800
2019-01-16 14:37:57,026:INFO: - Found new best DSC
2019-01-16 14:37:57,026:INFO: Epoch 4/45
2019-01-16 14:38:07,848:INFO: - Train metrics: dsc: 0.834 ; iou: 0.743 ; accuracy: 0.995 ; precision: 0.753 ; recall: 0.972 ; loss: 0.753
2019-01-16 14:38:08,929:INFO: - Eval metrics : dsc: 0.863 ; iou: 0.794 ; accuracy: 0.997 ; precision: 0.833 ; recall: 0.930 ; loss: 0.702
2019-01-16 14:38:08,945:INFO: - Found new best DSC
2019-01-16 14:38:08,945:INFO: Epoch 5/45
2019-01-16 14:38:19,814:INFO: - Train metrics: dsc: 0.861 ; iou: 0.784 ; accuracy: 0.996 ; precision: 0.804 ; recall: 0.963 ; loss: 0.612
2019-01-16 14:38:20,908:INFO: - Eval metrics : dsc: 0.867 ; iou: 0.803 ; accuracy: 0.997 ; precision: 0.855 ; recall: 0.912 ; loss: 0.518
2019-01-16 14:38:20,929:INFO: - Found new best DSC
2019-01-16 14:38:20,930:INFO: Epoch 6/45
2019-01-16 14:38:31,752:INFO: - Train metrics: dsc: 0.894 ; iou: 0.834 ; accuracy: 0.997 ; precision: 0.864 ; recall: 0.956 ; loss: 0.425
2019-01-16 14:38:32,836:INFO: - Eval metrics : dsc: 0.877 ; iou: 0.812 ; accuracy: 0.997 ; precision: 0.848 ; recall: 0.955 ; loss: 0.357
2019-01-16 14:38:32,849:INFO: - Found new best DSC
2019-01-16 14:38:32,849:INFO: Epoch 7/45
2019-01-16 14:38:43,645:INFO: - Train metrics: dsc: 0.901 ; iou: 0.844 ; accuracy: 0.998 ; precision: 0.881 ; recall: 0.944 ; loss: 0.301
2019-01-16 14:38:44,736:INFO: - Eval metrics : dsc: 0.862 ; iou: 0.797 ; accuracy: 0.997 ; precision: 0.881 ; recall: 0.876 ; loss: 0.288
2019-01-16 14:38:44,751:INFO: Epoch 8/45
2019-01-16 14:38:55,760:INFO: - Train metrics: dsc: 0.912 ; iou: 0.859 ; accuracy: 0.998 ; precision: 0.900 ; recall: 0.947 ; loss: 0.221
2019-01-16 14:38:56,865:INFO: - Eval metrics : dsc: 0.901 ; iou: 0.849 ; accuracy: 0.998 ; precision: 0.902 ; recall: 0.934 ; loss: 0.202
2019-01-16 14:38:56,881:INFO: - Found new best DSC
2019-01-16 14:38:56,881:INFO: Epoch 9/45
2019-01-16 14:39:07,782:INFO: - Train metrics: dsc: 0.917 ; iou: 0.866 ; accuracy: 0.998 ; precision: 0.907 ; recall: 0.950 ; loss: 0.172
2019-01-16 14:39:08,901:INFO: - Eval metrics : dsc: 0.898 ; iou: 0.844 ; accuracy: 0.998 ; precision: 0.910 ; recall: 0.920 ; loss: 0.174
2019-01-16 14:39:08,915:INFO: Epoch 10/45
2019-01-16 14:39:19,734:INFO: - Train metrics: dsc: 0.923 ; iou: 0.875 ; accuracy: 0.998 ; precision: 0.922 ; recall: 0.944 ; loss: 0.141
2019-01-16 14:39:20,844:INFO: - Eval metrics : dsc: 0.901 ; iou: 0.850 ; accuracy: 0.998 ; precision: 0.915 ; recall: 0.916 ; loss: 0.151
2019-01-16 14:39:20,858:INFO: Epoch 11/45
2019-01-16 14:39:31,749:INFO: - Train metrics: dsc: 0.926 ; iou: 0.880 ; accuracy: 0.998 ; precision: 0.928 ; recall: 0.945 ; loss: 0.121
2019-01-16 14:39:32,838:INFO: - Eval metrics : dsc: 0.903 ; iou: 0.853 ; accuracy: 0.998 ; precision: 0.900 ; recall: 0.930 ; loss: 0.134
2019-01-16 14:39:32,851:INFO: - Found new best DSC
2019-01-16 14:39:32,852:INFO: Epoch 12/45
2019-01-16 14:39:43,666:INFO: - Train metrics: dsc: 0.926 ; iou: 0.879 ; accuracy: 0.998 ; precision: 0.926 ; recall: 0.946 ; loss: 0.109
2019-01-16 14:39:44,768:INFO: - Eval metrics : dsc: 0.904 ; iou: 0.852 ; accuracy: 0.998 ; precision: 0.935 ; recall: 0.905 ; loss: 0.123
2019-01-16 14:39:44,784:INFO: - Found new best DSC
2019-01-16 14:39:44,784:INFO: Epoch 13/45
2019-01-16 14:39:55,636:INFO: - Train metrics: dsc: 0.929 ; iou: 0.883 ; accuracy: 0.998 ; precision: 0.930 ; recall: 0.944 ; loss: 0.098
2019-01-16 14:39:56,719:INFO: - Eval metrics : dsc: 0.906 ; iou: 0.855 ; accuracy: 0.998 ; precision: 0.913 ; recall: 0.926 ; loss: 0.115
2019-01-16 14:39:56,745:INFO: - Found new best DSC
2019-01-16 14:39:56,746:INFO: Epoch 14/45
2019-01-16 14:40:07,661:INFO: - Train metrics: dsc: 0.929 ; iou: 0.884 ; accuracy: 0.998 ; precision: 0.929 ; recall: 0.946 ; loss: 0.092
2019-01-16 14:40:08,781:INFO: - Eval metrics : dsc: 0.910 ; iou: 0.861 ; accuracy: 0.998 ; precision: 0.932 ; recall: 0.915 ; loss: 0.108
2019-01-16 14:40:08,802:INFO: - Found new best DSC
2019-01-16 14:40:08,802:INFO: Epoch 15/45
2019-01-16 14:40:19,643:INFO: - Train metrics: dsc: 0.934 ; iou: 0.891 ; accuracy: 0.998 ; precision: 0.937 ; recall: 0.948 ; loss: 0.083
2019-01-16 14:40:20,725:INFO: - Eval metrics : dsc: 0.915 ; iou: 0.864 ; accuracy: 0.998 ; precision: 0.924 ; recall: 0.934 ; loss: 0.098
2019-01-16 14:40:20,742:INFO: - Found new best DSC
2019-01-16 14:40:20,742:INFO: Epoch 16/45
2019-01-16 14:40:31,637:INFO: - Train metrics: dsc: 0.932 ; iou: 0.887 ; accuracy: 0.998 ; precision: 0.935 ; recall: 0.945 ; loss: 0.082
2019-01-16 14:40:32,720:INFO: - Eval metrics : dsc: 0.900 ; iou: 0.845 ; accuracy: 0.998 ; precision: 0.883 ; recall: 0.945 ; loss: 0.110
2019-01-16 14:40:32,739:INFO: Epoch 17/45
2019-01-16 14:40:43,617:INFO: - Train metrics: dsc: 0.930 ; iou: 0.886 ; accuracy: 0.998 ; precision: 0.936 ; recall: 0.943 ; loss: 0.080
2019-01-16 14:40:44,718:INFO: - Eval metrics : dsc: 0.913 ; iou: 0.861 ; accuracy: 0.998 ; precision: 0.921 ; recall: 0.931 ; loss: 0.096
2019-01-16 14:40:44,737:INFO: Epoch 18/45
2019-01-16 14:40:55,616:INFO: - Train metrics: dsc: 0.933 ; iou: 0.890 ; accuracy: 0.998 ; precision: 0.934 ; recall: 0.949 ; loss: 0.075
2019-01-16 14:40:56,725:INFO: - Eval metrics : dsc: 0.904 ; iou: 0.852 ; accuracy: 0.998 ; precision: 0.927 ; recall: 0.911 ; loss: 0.103
2019-01-16 14:40:56,750:INFO: Epoch 19/45
2019-01-16 14:41:07,647:INFO: - Train metrics: dsc: 0.935 ; iou: 0.891 ; accuracy: 0.998 ; precision: 0.939 ; recall: 0.945 ; loss: 0.072
2019-01-16 14:41:08,748:INFO: - Eval metrics : dsc: 0.913 ; iou: 0.864 ; accuracy: 0.998 ; precision: 0.921 ; recall: 0.937 ; loss: 0.093
2019-01-16 14:41:08,759:INFO: Epoch 20/45
2019-01-16 14:41:19,627:INFO: - Train metrics: dsc: 0.941 ; iou: 0.899 ; accuracy: 0.999 ; precision: 0.942 ; recall: 0.953 ; loss: 0.065
2019-01-16 14:41:20,716:INFO: - Eval metrics : dsc: 0.914 ; iou: 0.865 ; accuracy: 0.998 ; precision: 0.922 ; recall: 0.932 ; loss: 0.091
2019-01-16 14:41:20,733:INFO: Epoch 21/45
2019-01-16 14:41:31,661:INFO: - Train metrics: dsc: 0.941 ; iou: 0.899 ; accuracy: 0.998 ; precision: 0.941 ; recall: 0.953 ; loss: 0.064
2019-01-16 14:41:32,795:INFO: - Eval metrics : dsc: 0.915 ; iou: 0.863 ; accuracy: 0.998 ; precision: 0.900 ; recall: 0.948 ; loss: 0.089
2019-01-16 14:41:32,808:INFO: - Found new best DSC
2019-01-16 14:41:32,808:INFO: Epoch 22/45
2019-01-16 14:41:43,681:INFO: - Train metrics: dsc: 0.935 ; iou: 0.889 ; accuracy: 0.998 ; precision: 0.934 ; recall: 0.950 ; loss: 0.069
2019-01-16 14:41:44,803:INFO: - Eval metrics : dsc: 0.911 ; iou: 0.861 ; accuracy: 0.998 ; precision: 0.919 ; recall: 0.930 ; loss: 0.092
2019-01-16 14:41:44,820:INFO: Epoch 23/45
2019-01-16 14:41:55,711:INFO: - Train metrics: dsc: 0.935 ; iou: 0.889 ; accuracy: 0.998 ; precision: 0.935 ; recall: 0.949 ; loss: 0.068
2019-01-16 14:41:56,801:INFO: - Eval metrics : dsc: 0.917 ; iou: 0.867 ; accuracy: 0.998 ; precision: 0.914 ; recall: 0.943 ; loss: 0.085
2019-01-16 14:41:56,818:INFO: - Found new best DSC
2019-01-16 14:41:56,818:INFO: Epoch 24/45
2019-01-16 14:42:07,739:INFO: - Train metrics: dsc: 0.940 ; iou: 0.898 ; accuracy: 0.998 ; precision: 0.942 ; recall: 0.953 ; loss: 0.062
2019-01-16 14:42:08,817:INFO: - Eval metrics : dsc: 0.913 ; iou: 0.862 ; accuracy: 0.998 ; precision: 0.936 ; recall: 0.914 ; loss: 0.088
2019-01-16 14:42:08,836:INFO: Epoch 25/45
2019-01-16 14:42:19,687:INFO: - Train metrics: dsc: 0.943 ; iou: 0.903 ; accuracy: 0.999 ; precision: 0.947 ; recall: 0.952 ; loss: 0.059
2019-01-16 14:42:20,780:INFO: - Eval metrics : dsc: 0.917 ; iou: 0.868 ; accuracy: 0.998 ; precision: 0.942 ; recall: 0.919 ; loss: 0.084
2019-01-16 14:42:20,798:INFO: Epoch 26/45
2019-01-16 14:42:31,706:INFO: - Train metrics: dsc: 0.945 ; iou: 0.907 ; accuracy: 0.999 ; precision: 0.948 ; recall: 0.954 ; loss: 0.056
2019-01-16 14:42:32,806:INFO: - Eval metrics : dsc: 0.916 ; iou: 0.869 ; accuracy: 0.998 ; precision: 0.938 ; recall: 0.924 ; loss: 0.085
2019-01-16 14:42:32,823:INFO: Epoch 27/45
2019-01-16 14:42:43,719:INFO: - Train metrics: dsc: 0.946 ; iou: 0.909 ; accuracy: 0.999 ; precision: 0.951 ; recall: 0.954 ; loss: 0.055
2019-01-16 14:42:44,841:INFO: - Eval metrics : dsc: 0.918 ; iou: 0.871 ; accuracy: 0.998 ; precision: 0.935 ; recall: 0.926 ; loss: 0.082
2019-01-16 14:42:44,857:INFO: - Found new best DSC
2019-01-16 14:42:44,857:INFO: Epoch 28/45
2019-01-16 14:42:55,751:INFO: - Train metrics: dsc: 0.947 ; iou: 0.910 ; accuracy: 0.999 ; precision: 0.950 ; recall: 0.955 ; loss: 0.054
2019-01-16 14:42:56,847:INFO: - Eval metrics : dsc: 0.918 ; iou: 0.870 ; accuracy: 0.998 ; precision: 0.936 ; recall: 0.928 ; loss: 0.082
2019-01-16 14:42:56,861:INFO: Epoch 29/45
2019-01-16 14:43:07,682:INFO: - Train metrics: dsc: 0.943 ; iou: 0.902 ; accuracy: 0.999 ; precision: 0.945 ; recall: 0.953 ; loss: 0.058
2019-01-16 14:43:08,765:INFO: - Eval metrics : dsc: 0.895 ; iou: 0.844 ; accuracy: 0.998 ; precision: 0.915 ; recall: 0.916 ; loss: 0.105
2019-01-16 14:43:08,780:INFO: Epoch 30/45
2019-01-16 14:43:19,608:INFO: - Train metrics: dsc: 0.945 ; iou: 0.906 ; accuracy: 0.999 ; precision: 0.948 ; recall: 0.954 ; loss: 0.056
2019-01-16 14:43:20,698:INFO: - Eval metrics : dsc: 0.921 ; iou: 0.871 ; accuracy: 0.998 ; precision: 0.942 ; recall: 0.919 ; loss: 0.078
2019-01-16 14:43:20,714:INFO: - Found new best DSC
2019-01-16 14:43:20,714:INFO: Epoch 31/45
2019-01-16 14:43:31,535:INFO: - Train metrics: dsc: 0.946 ; iou: 0.908 ; accuracy: 0.999 ; precision: 0.949 ; recall: 0.954 ; loss: 0.054
2019-01-16 14:43:32,628:INFO: - Eval metrics : dsc: 0.904 ; iou: 0.856 ; accuracy: 0.998 ; precision: 0.912 ; recall: 0.932 ; loss: 0.095
2019-01-16 14:43:32,642:INFO: Epoch 32/45
2019-01-16 14:43:43,488:INFO: - Train metrics: dsc: 0.947 ; iou: 0.909 ; accuracy: 0.999 ; precision: 0.950 ; recall: 0.953 ; loss: 0.053
2019-01-16 14:43:44,575:INFO: - Eval metrics : dsc: 0.900 ; iou: 0.854 ; accuracy: 0.998 ; precision: 0.947 ; recall: 0.901 ; loss: 0.098
2019-01-16 14:43:44,594:INFO: Epoch 33/45
2019-01-16 14:43:55,427:INFO: - Train metrics: dsc: 0.944 ; iou: 0.906 ; accuracy: 0.999 ; precision: 0.951 ; recall: 0.951 ; loss: 0.056
2019-01-16 14:43:56,521:INFO: - Eval metrics : dsc: 0.902 ; iou: 0.855 ; accuracy: 0.998 ; precision: 0.934 ; recall: 0.915 ; loss: 0.097
2019-01-16 14:43:56,535:INFO: Epoch 34/45
2019-01-16 14:44:07,368:INFO: - Train metrics: dsc: 0.946 ; iou: 0.909 ; accuracy: 0.999 ; precision: 0.951 ; recall: 0.953 ; loss: 0.053
2019-01-16 14:44:08,473:INFO: - Eval metrics : dsc: 0.916 ; iou: 0.869 ; accuracy: 0.998 ; precision: 0.943 ; recall: 0.921 ; loss: 0.083
2019-01-16 14:44:08,493:INFO: Epoch 35/45
2019-01-16 14:44:19,343:INFO: - Train metrics: dsc: 0.944 ; iou: 0.906 ; accuracy: 0.999 ; precision: 0.950 ; recall: 0.952 ; loss: 0.055
2019-01-16 14:44:20,439:INFO: - Eval metrics : dsc: 0.912 ; iou: 0.866 ; accuracy: 0.998 ; precision: 0.933 ; recall: 0.922 ; loss: 0.086
2019-01-16 14:44:20,458:INFO: Epoch 36/45
2019-01-16 14:44:31,364:INFO: - Train metrics: dsc: 0.944 ; iou: 0.904 ; accuracy: 0.999 ; precision: 0.948 ; recall: 0.950 ; loss: 0.056
2019-01-16 14:44:32,454:INFO: - Eval metrics : dsc: 0.921 ; iou: 0.871 ; accuracy: 0.998 ; precision: 0.923 ; recall: 0.943 ; loss: 0.078
2019-01-16 14:44:32,476:INFO: Epoch 37/45
2019-01-16 14:44:43,363:INFO: - Train metrics: dsc: 0.946 ; iou: 0.909 ; accuracy: 0.999 ; precision: 0.951 ; recall: 0.955 ; loss: 0.053
2019-01-16 14:44:44,443:INFO: - Eval metrics : dsc: 0.923 ; iou: 0.876 ; accuracy: 0.998 ; precision: 0.933 ; recall: 0.938 ; loss: 0.076
2019-01-16 14:44:44,465:INFO: - Found new best DSC
2019-01-16 14:44:44,465:INFO: Epoch 38/45
2019-01-16 14:44:55,373:INFO: - Train metrics: dsc: 0.945 ; iou: 0.907 ; accuracy: 0.999 ; precision: 0.949 ; recall: 0.954 ; loss: 0.054
2019-01-16 14:44:56,460:INFO: - Eval metrics : dsc: 0.919 ; iou: 0.866 ; accuracy: 0.998 ; precision: 0.908 ; recall: 0.952 ; loss: 0.080
2019-01-16 14:44:56,474:INFO: Epoch 39/45
2019-01-16 14:45:07,312:INFO: - Train metrics: dsc: 0.949 ; iou: 0.913 ; accuracy: 0.999 ; precision: 0.953 ; recall: 0.957 ; loss: 0.050
2019-01-16 14:45:08,399:INFO: - Eval metrics : dsc: 0.925 ; iou: 0.878 ; accuracy: 0.998 ; precision: 0.942 ; recall: 0.930 ; loss: 0.074
2019-01-16 14:45:08,417:INFO: - Found new best DSC
2019-01-16 14:45:08,417:INFO: Epoch 40/45
2019-01-16 14:45:19,261:INFO: - Train metrics: dsc: 0.951 ; iou: 0.915 ; accuracy: 0.999 ; precision: 0.955 ; recall: 0.957 ; loss: 0.048
2019-01-16 14:45:20,387:INFO: - Eval metrics : dsc: 0.923 ; iou: 0.877 ; accuracy: 0.998 ; precision: 0.928 ; recall: 0.944 ; loss: 0.075
2019-01-16 14:45:20,402:INFO: Epoch 41/45
2019-01-16 14:45:31,295:INFO: - Train metrics: dsc: 0.952 ; iou: 0.917 ; accuracy: 0.999 ; precision: 0.956 ; recall: 0.958 ; loss: 0.047
2019-01-16 14:45:32,398:INFO: - Eval metrics : dsc: 0.918 ; iou: 0.866 ; accuracy: 0.998 ; precision: 0.895 ; recall: 0.958 ; loss: 0.081
2019-01-16 14:45:32,409:INFO: Epoch 42/45
2019-01-16 14:45:43,287:INFO: - Train metrics: dsc: 0.948 ; iou: 0.911 ; accuracy: 0.999 ; precision: 0.953 ; recall: 0.956 ; loss: 0.051
2019-01-16 14:45:44,371:INFO: - Eval metrics : dsc: 0.927 ; iou: 0.880 ; accuracy: 0.998 ; precision: 0.930 ; recall: 0.946 ; loss: 0.071
2019-01-16 14:45:44,387:INFO: - Found new best DSC
2019-01-16 14:45:44,387:INFO: Epoch 43/45
2019-01-16 14:45:55,231:INFO: - Train metrics: dsc: 0.951 ; iou: 0.917 ; accuracy: 0.999 ; precision: 0.956 ; recall: 0.957 ; loss: 0.048
2019-01-16 14:45:56,331:INFO: - Eval metrics : dsc: 0.925 ; iou: 0.879 ; accuracy: 0.998 ; precision: 0.942 ; recall: 0.932 ; loss: 0.073
2019-01-16 14:45:56,346:INFO: Epoch 44/45
2019-01-16 14:46:07,170:INFO: - Train metrics: dsc: 0.954 ; iou: 0.921 ; accuracy: 0.999 ; precision: 0.958 ; recall: 0.959 ; loss: 0.045
2019-01-16 14:46:08,312:INFO: - Eval metrics : dsc: 0.926 ; iou: 0.881 ; accuracy: 0.998 ; precision: 0.929 ; recall: 0.943 ; loss: 0.073
2019-01-16 14:46:08,327:INFO: Epoch 45/45
2019-01-16 14:46:19,223:INFO: - Train metrics: dsc: 0.954 ; iou: 0.921 ; accuracy: 0.999 ; precision: 0.959 ; recall: 0.960 ; loss: 0.045
2019-01-16 14:46:20,350:INFO: - Eval metrics : dsc: 0.916 ; iou: 0.870 ; accuracy: 0.998 ; precision: 0.943 ; recall: 0.922 ; loss: 0.082
2019-01-16 14:46:20,420:INFO: Loading the datasets...
2019-01-16 14:46:24,718:INFO: - done.
2019-01-16 14:46:24,718:INFO: For k-fold 5/5:
2019-01-16 14:46:24,718:INFO: Starting training for 45 epoch(s)
2019-01-16 14:46:24,718:INFO: Epoch 1/45
2019-01-16 14:46:35,533:INFO: - Train metrics: dsc: 0.379 ; iou: 0.263 ; accuracy: 0.914 ; precision: 0.264 ; recall: 0.891 ; loss: 0.914
2019-01-16 14:46:36,629:INFO: - Eval metrics : dsc: 0.692 ; iou: 0.560 ; accuracy: 0.988 ; precision: 0.575 ; recall: 0.926 ; loss: 0.894
2019-01-16 14:46:36,653:INFO: - Found new best DSC
2019-01-16 14:46:36,653:INFO: Epoch 2/45
2019-01-16 14:46:47,466:INFO: - Train metrics: dsc: 0.705 ; iou: 0.571 ; accuracy: 0.987 ; precision: 0.574 ; recall: 0.970 ; loss: 0.874
2019-01-16 14:46:48,545:INFO: - Eval metrics : dsc: 0.773 ; iou: 0.663 ; accuracy: 0.993 ; precision: 0.680 ; recall: 0.938 ; loss: 0.858
2019-01-16 14:46:48,561:INFO: - Found new best DSC
2019-01-16 14:46:48,561:INFO: Epoch 3/45
2019-01-16 14:46:59,379:INFO: - Train metrics: dsc: 0.789 ; iou: 0.679 ; accuracy: 0.993 ; precision: 0.683 ; recall: 0.974 ; loss: 0.824
2019-01-16 14:47:00,489:INFO: - Eval metrics : dsc: 0.749 ; iou: 0.633 ; accuracy: 0.991 ; precision: 0.648 ; recall: 0.939 ; loss: 0.799
2019-01-16 14:47:00,503:INFO: Epoch 4/45
2019-01-16 14:47:11,335:INFO: - Train metrics: dsc: 0.842 ; iou: 0.753 ; accuracy: 0.995 ; precision: 0.761 ; recall: 0.976 ; loss: 0.744
2019-01-16 14:47:12,437:INFO: - Eval metrics : dsc: 0.819 ; iou: 0.734 ; accuracy: 0.995 ; precision: 0.773 ; recall: 0.927 ; loss: 0.698
2019-01-16 14:47:12,454:INFO: - Found new best DSC
2019-01-16 14:47:12,454:INFO: Epoch 5/45
2019-01-16 14:47:23,344:INFO: - Train metrics: dsc: 0.860 ; iou: 0.781 ; accuracy: 0.996 ; precision: 0.797 ; recall: 0.967 ; loss: 0.621
2019-01-16 14:47:24,445:INFO: - Eval metrics : dsc: 0.852 ; iou: 0.786 ; accuracy: 0.997 ; precision: 0.832 ; recall: 0.916 ; loss: 0.547
2019-01-16 14:47:24,461:INFO: - Found new best DSC
2019-01-16 14:47:24,461:INFO: Epoch 6/45
2019-01-16 14:47:35,309:INFO: - Train metrics: dsc: 0.892 ; iou: 0.829 ; accuracy: 0.997 ; precision: 0.857 ; recall: 0.960 ; loss: 0.451
2019-01-16 14:47:36,422:INFO: - Eval metrics : dsc: 0.884 ; iou: 0.836 ; accuracy: 0.998 ; precision: 0.904 ; recall: 0.910 ; loss: 0.383
2019-01-16 14:47:36,451:INFO: - Found new best DSC
2019-01-16 14:47:36,452:INFO: Epoch 7/45
2019-01-16 14:47:47,302:INFO: - Train metrics: dsc: 0.907 ; iou: 0.852 ; accuracy: 0.998 ; precision: 0.887 ; recall: 0.953 ; loss: 0.313
2019-01-16 14:47:48,422:INFO: - Eval metrics : dsc: 0.886 ; iou: 0.836 ; accuracy: 0.998 ; precision: 0.910 ; recall: 0.897 ; loss: 0.283
2019-01-16 14:47:48,440:INFO: - Found new best DSC
2019-01-16 14:47:48,440:INFO: Epoch 8/45
2019-01-16 14:47:59,292:INFO: - Train metrics: dsc: 0.915 ; iou: 0.862 ; accuracy: 0.998 ; precision: 0.902 ; recall: 0.949 ; loss: 0.230
2019-01-16 14:48:00,377:INFO: - Eval metrics : dsc: 0.887 ; iou: 0.844 ; accuracy: 0.998 ; precision: 0.919 ; recall: 0.895 ; loss: 0.224
2019-01-16 14:48:00,399:INFO: - Found new best DSC
2019-01-16 14:48:00,399:INFO: Epoch 9/45
2019-01-16 14:48:11,329:INFO: - Train metrics: dsc: 0.923 ; iou: 0.874 ; accuracy: 0.998 ; precision: 0.916 ; recall: 0.951 ; loss: 0.175
2019-01-16 14:48:12,409:INFO: - Eval metrics : dsc: 0.885 ; iou: 0.832 ; accuracy: 0.998 ; precision: 0.875 ; recall: 0.924 ; loss: 0.189
2019-01-16 14:48:12,438:INFO: Epoch 10/45
2019-01-16 14:48:23,287:INFO: - Train metrics: dsc: 0.925 ; iou: 0.877 ; accuracy: 0.998 ; precision: 0.922 ; recall: 0.947 ; loss: 0.143
2019-01-16 14:48:24,389:INFO: - Eval metrics : dsc: 0.892 ; iou: 0.849 ; accuracy: 0.998 ; precision: 0.929 ; recall: 0.898 ; loss: 0.160
2019-01-16 14:48:24,410:INFO: - Found new best DSC
2019-01-16 14:48:24,410:INFO: Epoch 11/45
2019-01-16 14:48:35,316:INFO: - Train metrics: dsc: 0.929 ; iou: 0.882 ; accuracy: 0.998 ; precision: 0.923 ; recall: 0.951 ; loss: 0.121
2019-01-16 14:48:36,451:INFO: - Eval metrics : dsc: 0.894 ; iou: 0.849 ; accuracy: 0.998 ; precision: 0.909 ; recall: 0.915 ; loss: 0.144
2019-01-16 14:48:36,473:INFO: - Found new best DSC
2019-01-16 14:48:36,473:INFO: Epoch 12/45
2019-01-16 14:48:47,395:INFO: - Train metrics: dsc: 0.933 ; iou: 0.889 ; accuracy: 0.998 ; precision: 0.934 ; recall: 0.948 ; loss: 0.104
2019-01-16 14:48:48,482:INFO: - Eval metrics : dsc: 0.895 ; iou: 0.853 ; accuracy: 0.998 ; precision: 0.933 ; recall: 0.907 ; loss: 0.134
2019-01-16 14:48:48,499:INFO: - Found new best DSC
2019-01-16 14:48:48,499:INFO: Epoch 13/45
2019-01-16 14:48:59,385:INFO: - Train metrics: dsc: 0.933 ; iou: 0.889 ; accuracy: 0.998 ; precision: 0.934 ; recall: 0.950 ; loss: 0.095
2019-01-16 14:49:00,524:INFO: - Eval metrics : dsc: 0.889 ; iou: 0.841 ; accuracy: 0.998 ; precision: 0.937 ; recall: 0.887 ; loss: 0.133
2019-01-16 14:49:00,543:INFO: Epoch 14/45
2019-01-16 14:49:11,430:INFO: - Train metrics: dsc: 0.932 ; iou: 0.887 ; accuracy: 0.998 ; precision: 0.931 ; recall: 0.947 ; loss: 0.090
2019-01-16 14:49:12,557:INFO: - Eval metrics : dsc: 0.892 ; iou: 0.849 ; accuracy: 0.998 ; precision: 0.928 ; recall: 0.896 ; loss: 0.124
2019-01-16 14:49:12,574:INFO: Epoch 15/45
2019-01-16 14:49:23,499:INFO: - Train metrics: dsc: 0.932 ; iou: 0.886 ; accuracy: 0.998 ; precision: 0.932 ; recall: 0.948 ; loss: 0.085
2019-01-16 14:49:24,673:INFO: - Eval metrics : dsc: 0.891 ; iou: 0.845 ; accuracy: 0.998 ; precision: 0.922 ; recall: 0.894 ; loss: 0.122
2019-01-16 14:49:24,691:INFO: Epoch 16/45
2019-01-16 14:49:35,656:INFO: - Train metrics: dsc: 0.934 ; iou: 0.889 ; accuracy: 0.998 ; precision: 0.934 ; recall: 0.947 ; loss: 0.080
2019-01-16 14:49:36,755:INFO: - Eval metrics : dsc: 0.898 ; iou: 0.855 ; accuracy: 0.998 ; precision: 0.918 ; recall: 0.905 ; loss: 0.112
2019-01-16 14:49:36,777:INFO: - Found new best DSC
2019-01-16 14:49:36,777:INFO: Epoch 17/45
2019-01-16 14:49:47,684:INFO: - Train metrics: dsc: 0.935 ; iou: 0.890 ; accuracy: 0.998 ; precision: 0.934 ; recall: 0.949 ; loss: 0.076
2019-01-16 14:49:48,784:INFO: - Eval metrics : dsc: 0.891 ; iou: 0.845 ; accuracy: 0.998 ; precision: 0.944 ; recall: 0.874 ; loss: 0.117
2019-01-16 14:49:48,805:INFO: Epoch 18/45
2019-01-16 14:49:59,669:INFO: - Train metrics: dsc: 0.940 ; iou: 0.898 ; accuracy: 0.998 ; precision: 0.941 ; recall: 0.952 ; loss: 0.069
2019-01-16 14:50:00,799:INFO: - Eval metrics : dsc: 0.891 ; iou: 0.849 ; accuracy: 0.998 ; precision: 0.958 ; recall: 0.883 ; loss: 0.116
2019-01-16 14:50:00,814:INFO: Epoch 19/45
2019-01-16 14:50:11,678:INFO: - Train metrics: dsc: 0.942 ; iou: 0.901 ; accuracy: 0.998 ; precision: 0.944 ; recall: 0.953 ; loss: 0.065
2019-01-16 14:50:12,765:INFO: - Eval metrics : dsc: 0.892 ; iou: 0.847 ; accuracy: 0.998 ; precision: 0.939 ; recall: 0.885 ; loss: 0.113
2019-01-16 14:50:12,784:INFO: Epoch 20/45
2019-01-16 14:50:23,708:INFO: - Train metrics: dsc: 0.939 ; iou: 0.897 ; accuracy: 0.998 ; precision: 0.941 ; recall: 0.951 ; loss: 0.066
2019-01-16 14:50:24,829:INFO: - Eval metrics : dsc: 0.906 ; iou: 0.858 ; accuracy: 0.998 ; precision: 0.936 ; recall: 0.899 ; loss: 0.099
2019-01-16 14:50:24,851:INFO: - Found new best DSC
2019-01-16 14:50:24,851:INFO: Epoch 21/45
2019-01-16 14:50:35,760:INFO: - Train metrics: dsc: 0.935 ; iou: 0.890 ; accuracy: 0.998 ; precision: 0.937 ; recall: 0.949 ; loss: 0.070
2019-01-16 14:50:36,895:INFO: - Eval metrics : dsc: 0.906 ; iou: 0.861 ; accuracy: 0.998 ; precision: 0.906 ; recall: 0.927 ; loss: 0.098
2019-01-16 14:50:36,917:INFO: - Found new best DSC
2019-01-16 14:50:36,917:INFO: Epoch 22/45
2019-01-16 14:50:47,784:INFO: - Train metrics: dsc: 0.945 ; iou: 0.904 ; accuracy: 0.999 ; precision: 0.945 ; recall: 0.955 ; loss: 0.059
2019-01-16 14:50:48,904:INFO: - Eval metrics : dsc: 0.906 ; iou: 0.859 ; accuracy: 0.998 ; precision: 0.961 ; recall: 0.889 ; loss: 0.097
2019-01-16 14:50:48,920:INFO: Epoch 23/45
2019-01-16 14:50:59,838:INFO: - Train metrics: dsc: 0.947 ; iou: 0.908 ; accuracy: 0.999 ; precision: 0.946 ; recall: 0.957 ; loss: 0.056
2019-01-16 14:51:00,924:INFO: - Eval metrics : dsc: 0.916 ; iou: 0.872 ; accuracy: 0.998 ; precision: 0.939 ; recall: 0.920 ; loss: 0.086
2019-01-16 14:51:00,945:INFO: - Found new best DSC
2019-01-16 14:51:00,946:INFO: Epoch 24/45
2019-01-16 14:51:11,859:INFO: - Train metrics: dsc: 0.948 ; iou: 0.909 ; accuracy: 0.999 ; precision: 0.947 ; recall: 0.958 ; loss: 0.055
2019-01-16 14:51:12,983:INFO: - Eval metrics : dsc: 0.903 ; iou: 0.861 ; accuracy: 0.998 ; precision: 0.943 ; recall: 0.900 ; loss: 0.098
2019-01-16 14:51:12,999:INFO: Epoch 25/45
2019-01-16 14:51:23,899:INFO: - Train metrics: dsc: 0.948 ; iou: 0.909 ; accuracy: 0.999 ; precision: 0.949 ; recall: 0.956 ; loss: 0.054
2019-01-16 14:51:24,976:INFO: - Eval metrics : dsc: 0.885 ; iou: 0.823 ; accuracy: 0.997 ; precision: 0.964 ; recall: 0.846 ; loss: 0.116
2019-01-16 14:51:24,987:INFO: Epoch 26/45
2019-01-16 14:51:35,904:INFO: - Train metrics: dsc: 0.945 ; iou: 0.905 ; accuracy: 0.999 ; precision: 0.948 ; recall: 0.952 ; loss: 0.057
2019-01-16 14:51:37,007:INFO: - Eval metrics : dsc: 0.887 ; iou: 0.829 ; accuracy: 0.998 ; precision: 0.930 ; recall: 0.877 ; loss: 0.115
2019-01-16 14:51:37,021:INFO: Epoch 27/45
2019-01-16 14:51:47,928:INFO: - Train metrics: dsc: 0.945 ; iou: 0.904 ; accuracy: 0.999 ; precision: 0.946 ; recall: 0.953 ; loss: 0.056
2019-01-16 14:51:49,046:INFO: - Eval metrics : dsc: 0.915 ; iou: 0.872 ; accuracy: 0.998 ; precision: 0.940 ; recall: 0.914 ; loss: 0.086
2019-01-16 14:51:49,065:INFO: Epoch 28/45
2019-01-16 14:51:59,969:INFO: - Train metrics: dsc: 0.948 ; iou: 0.909 ; accuracy: 0.999 ; precision: 0.950 ; recall: 0.955 ; loss: 0.053
2019-01-16 14:52:01,125:INFO: - Eval metrics : dsc: 0.910 ; iou: 0.867 ; accuracy: 0.998 ; precision: 0.952 ; recall: 0.904 ; loss: 0.091
2019-01-16 14:52:01,155:INFO: Epoch 29/45
2019-01-16 14:52:11,994:INFO: - Train metrics: dsc: 0.951 ; iou: 0.914 ; accuracy: 0.999 ; precision: 0.953 ; recall: 0.958 ; loss: 0.050
2019-01-16 14:52:13,114:INFO: - Eval metrics : dsc: 0.910 ; iou: 0.870 ; accuracy: 0.998 ; precision: 0.935 ; recall: 0.918 ; loss: 0.090
2019-01-16 14:52:13,130:INFO: Epoch 30/45
2019-01-16 14:52:24,028:INFO: - Train metrics: dsc: 0.951 ; iou: 0.915 ; accuracy: 0.999 ; precision: 0.956 ; recall: 0.956 ; loss: 0.049
2019-01-16 14:52:25,165:INFO: - Eval metrics : dsc: 0.907 ; iou: 0.865 ; accuracy: 0.998 ; precision: 0.960 ; recall: 0.898 ; loss: 0.093
2019-01-16 14:52:25,184:INFO: Epoch 31/45
2019-01-16 14:52:36,086:INFO: - Train metrics: dsc: 0.951 ; iou: 0.916 ; accuracy: 0.999 ; precision: 0.956 ; recall: 0.957 ; loss: 0.048
2019-01-16 14:52:37,223:INFO: - Eval metrics : dsc: 0.914 ; iou: 0.872 ; accuracy: 0.998 ; precision: 0.935 ; recall: 0.919 ; loss: 0.086
2019-01-16 14:52:37,243:INFO: Epoch 32/45
2019-01-16 14:52:48,131:INFO: - Train metrics: dsc: 0.950 ; iou: 0.914 ; accuracy: 0.999 ; precision: 0.951 ; recall: 0.959 ; loss: 0.050
2019-01-16 14:52:49,216:INFO: - Eval metrics : dsc: 0.917 ; iou: 0.874 ; accuracy: 0.998 ; precision: 0.941 ; recall: 0.920 ; loss: 0.083
2019-01-16 14:52:49,237:INFO: - Found new best DSC
2019-01-16 14:52:49,238:INFO: Epoch 33/45
2019-01-16 14:53:00,075:INFO: - Train metrics: dsc: 0.950 ; iou: 0.914 ; accuracy: 0.999 ; precision: 0.952 ; recall: 0.958 ; loss: 0.049
2019-01-16 14:53:01,174:INFO: - Eval metrics : dsc: 0.909 ; iou: 0.865 ; accuracy: 0.998 ; precision: 0.935 ; recall: 0.911 ; loss: 0.091
2019-01-16 14:53:01,189:INFO: Epoch 34/45
2019-01-16 14:53:12,052:INFO: - Train metrics: dsc: 0.950 ; iou: 0.914 ; accuracy: 0.999 ; precision: 0.952 ; recall: 0.958 ; loss: 0.049
2019-01-16 14:53:13,156:INFO: - Eval metrics : dsc: 0.913 ; iou: 0.870 ; accuracy: 0.998 ; precision: 0.944 ; recall: 0.909 ; loss: 0.086
2019-01-16 14:53:13,168:INFO: Epoch 35/45
2019-01-16 14:53:24,075:INFO: - Train metrics: dsc: 0.949 ; iou: 0.912 ; accuracy: 0.999 ; precision: 0.950 ; recall: 0.957 ; loss: 0.051
2019-01-16 14:53:25,199:INFO: - Eval metrics : dsc: 0.916 ; iou: 0.872 ; accuracy: 0.998 ; precision: 0.955 ; recall: 0.903 ; loss: 0.084
2019-01-16 14:53:25,213:INFO: Epoch 36/45
2019-01-16 14:53:36,054:INFO: - Train metrics: dsc: 0.943 ; iou: 0.903 ; accuracy: 0.999 ; precision: 0.948 ; recall: 0.952 ; loss: 0.056
2019-01-16 14:53:37,192:INFO: - Eval metrics : dsc: 0.909 ; iou: 0.867 ; accuracy: 0.998 ; precision: 0.945 ; recall: 0.911 ; loss: 0.090
2019-01-16 14:53:37,208:INFO: Epoch 37/45
2019-01-16 14:53:48,175:INFO: - Train metrics: dsc: 0.948 ; iou: 0.911 ; accuracy: 0.999 ; precision: 0.951 ; recall: 0.957 ; loss: 0.051
2019-01-16 14:53:49,259:INFO: - Eval metrics : dsc: 0.914 ; iou: 0.871 ; accuracy: 0.998 ; precision: 0.935 ; recall: 0.915 ; loss: 0.086
2019-01-16 14:53:49,281:INFO: Epoch 38/45
2019-01-16 14:54:00,194:INFO: - Train metrics: dsc: 0.953 ; iou: 0.918 ; accuracy: 0.999 ; precision: 0.955 ; recall: 0.960 ; loss: 0.046
2019-01-16 14:54:01,350:INFO: - Eval metrics : dsc: 0.907 ; iou: 0.862 ; accuracy: 0.998 ; precision: 0.910 ; recall: 0.927 ; loss: 0.093
2019-01-16 14:54:01,371:INFO: Epoch 39/45
2019-01-16 14:54:12,275:INFO: - Train metrics: dsc: 0.952 ; iou: 0.917 ; accuracy: 0.999 ; precision: 0.954 ; recall: 0.960 ; loss: 0.047
2019-01-16 14:54:13,404:INFO: - Eval metrics : dsc: 0.918 ; iou: 0.875 ; accuracy: 0.998 ; precision: 0.930 ; recall: 0.937 ; loss: 0.081
2019-01-16 14:54:13,422:INFO: - Found new best DSC
2019-01-16 14:54:13,422:INFO: Epoch 40/45
2019-01-16 14:54:24,333:INFO: - Train metrics: dsc: 0.953 ; iou: 0.919 ; accuracy: 0.999 ; precision: 0.956 ; recall: 0.960 ; loss: 0.046
2019-01-16 14:54:25,437:INFO: - Eval metrics : dsc: 0.909 ; iou: 0.866 ; accuracy: 0.998 ; precision: 0.926 ; recall: 0.928 ; loss: 0.090
2019-01-16 14:54:25,451:INFO: Epoch 41/45
2019-01-16 14:54:36,297:INFO: - Train metrics: dsc: 0.952 ; iou: 0.917 ; accuracy: 0.999 ; precision: 0.957 ; recall: 0.957 ; loss: 0.047
2019-01-16 14:54:37,341:INFO: - Eval metrics : dsc: 0.918 ; iou: 0.875 ; accuracy: 0.998 ; precision: 0.934 ; recall: 0.928 ; loss: 0.082
2019-01-16 14:54:37,360:INFO: Epoch 42/45
2019-01-16 14:54:48,288:INFO: - Train metrics: dsc: 0.955 ; iou: 0.922 ; accuracy: 0.999 ; precision: 0.959 ; recall: 0.961 ; loss: 0.044
2019-01-16 14:54:49,381:INFO: - Eval metrics : dsc: 0.920 ; iou: 0.878 ; accuracy: 0.998 ; precision: 0.956 ; recall: 0.919 ; loss: 0.080
2019-01-16 14:54:49,397:INFO: - Found new best DSC
2019-01-16 14:54:49,397:INFO: Epoch 43/45
2019-01-16 14:55:00,387:INFO: - Train metrics: dsc: 0.957 ; iou: 0.925 ; accuracy: 0.999 ; precision: 0.960 ; recall: 0.962 ; loss: 0.042
2019-01-16 14:55:01,466:INFO: - Eval metrics : dsc: 0.920 ; iou: 0.880 ; accuracy: 0.998 ; precision: 0.943 ; recall: 0.924 ; loss: 0.079
2019-01-16 14:55:01,487:INFO: - Found new best DSC
2019-01-16 14:55:01,487:INFO: Epoch 44/45
2019-01-16 14:55:12,374:INFO: - Train metrics: dsc: 0.957 ; iou: 0.925 ; accuracy: 0.999 ; precision: 0.960 ; recall: 0.962 ; loss: 0.042
2019-01-16 14:55:13,468:INFO: - Eval metrics : dsc: 0.921 ; iou: 0.878 ; accuracy: 0.998 ; precision: 0.946 ; recall: 0.923 ; loss: 0.078
2019-01-16 14:55:13,481:INFO: - Found new best DSC
2019-01-16 14:55:13,481:INFO: Epoch 45/45
2019-01-16 14:55:24,373:INFO: - Train metrics: dsc: 0.957 ; iou: 0.925 ; accuracy: 0.999 ; precision: 0.960 ; recall: 0.962 ; loss: 0.042
2019-01-16 14:55:25,503:INFO: - Eval metrics : dsc: 0.919 ; iou: 0.877 ; accuracy: 0.998 ; precision: 0.946 ; recall: 0.916 ; loss: 0.080
