2019-01-10 06:31:20,548:INFO: Loading the datasets...
2019-01-10 06:31:24,998:INFO: - done.
2019-01-10 06:31:24,999:INFO: For k-fold 1/5:
2019-01-10 06:31:24,999:INFO: Starting training for 45 epoch(s)
2019-01-10 06:31:24,999:INFO: Epoch 1/45
2019-01-10 06:32:19,450:INFO: - Train metrics: dsc: 0.048 ; iou: 0.027 ; accuracy: 0.751 ; precision: 0.033 ; recall: 0.454 ; loss: 0.636
2019-01-10 06:32:23,577:INFO: - Eval metrics : dsc: 0.003 ; iou: 0.002 ; accuracy: 0.985 ; precision: 0.005 ; recall: 0.038 ; loss: 0.546
2019-01-10 06:32:24,067:INFO: - Found new best DSC
2019-01-10 06:32:24,067:INFO: Epoch 2/45
2019-01-10 06:33:18,595:INFO: - Train metrics: dsc: 0.031 ; iou: 0.023 ; accuracy: 0.989 ; precision: 0.140 ; recall: 0.059 ; loss: 0.509
2019-01-10 06:33:22,723:INFO: - Eval metrics : dsc: 0.000 ; iou: 0.000 ; accuracy: 0.992 ; precision: 0.001 ; recall: 0.035 ; loss: 0.485
2019-01-10 06:33:23,491:INFO: Epoch 3/45
2019-01-10 06:34:17,977:INFO: - Train metrics: dsc: 0.031 ; iou: 0.024 ; accuracy: 0.991 ; precision: 0.543 ; recall: 0.046 ; loss: 0.464
2019-01-10 06:34:22,146:INFO: - Eval metrics : dsc: 0.009 ; iou: 0.009 ; accuracy: 0.992 ; precision: 0.235 ; recall: 0.035 ; loss: 0.444
2019-01-10 06:34:24,024:INFO: - Found new best DSC
2019-01-10 06:34:24,024:INFO: Epoch 4/45
2019-01-10 06:35:18,477:INFO: - Train metrics: dsc: 0.072 ; iou: 0.058 ; accuracy: 0.992 ; precision: 0.848 ; recall: 0.071 ; loss: 0.428
2019-01-10 06:35:22,691:INFO: - Eval metrics : dsc: 0.035 ; iou: 0.035 ; accuracy: 0.992 ; precision: 1.000 ; recall: 0.035 ; loss: 0.408
2019-01-10 06:35:24,344:INFO: - Found new best DSC
2019-01-10 06:35:24,345:INFO: Epoch 5/45
2019-01-10 06:36:18,829:INFO: - Train metrics: dsc: 0.051 ; iou: 0.041 ; accuracy: 0.991 ; precision: 0.865 ; recall: 0.058 ; loss: 0.398
2019-01-10 06:36:22,988:INFO: - Eval metrics : dsc: 0.035 ; iou: 0.035 ; accuracy: 0.992 ; precision: 1.000 ; recall: 0.035 ; loss: 0.381
2019-01-10 06:36:24,831:INFO: - Found new best DSC
2019-01-10 06:36:24,831:INFO: Epoch 6/45
2019-01-10 06:37:19,335:INFO: - Train metrics: dsc: 0.090 ; iou: 0.069 ; accuracy: 0.992 ; precision: 0.905 ; recall: 0.080 ; loss: 0.363
2019-01-10 06:37:23,579:INFO: - Eval metrics : dsc: 0.039 ; iou: 0.037 ; accuracy: 0.992 ; precision: 0.996 ; recall: 0.037 ; loss: 0.347
2019-01-10 06:37:25,322:INFO: - Found new best DSC
2019-01-10 06:37:25,323:INFO: Epoch 7/45
2019-01-10 06:38:19,750:INFO: - Train metrics: dsc: 0.149 ; iou: 0.112 ; accuracy: 0.992 ; precision: 0.837 ; recall: 0.142 ; loss: 0.334
2019-01-10 06:38:23,945:INFO: - Eval metrics : dsc: 0.297 ; iou: 0.226 ; accuracy: 0.994 ; precision: 0.834 ; recall: 0.236 ; loss: 0.324
2019-01-10 06:38:25,604:INFO: - Found new best DSC
2019-01-10 06:38:25,605:INFO: Epoch 8/45
2019-01-10 06:39:20,045:INFO: - Train metrics: dsc: 0.368 ; iou: 0.295 ; accuracy: 0.994 ; precision: 0.754 ; recall: 0.356 ; loss: 0.304
2019-01-10 06:39:24,218:INFO: - Eval metrics : dsc: 0.516 ; iou: 0.429 ; accuracy: 0.996 ; precision: 0.872 ; recall: 0.452 ; loss: 0.289
2019-01-10 06:39:25,986:INFO: - Found new best DSC
2019-01-10 06:39:25,987:INFO: Epoch 9/45
2019-01-10 06:40:20,497:INFO: - Train metrics: dsc: 0.505 ; iou: 0.420 ; accuracy: 0.995 ; precision: 0.719 ; recall: 0.515 ; loss: 0.277
2019-01-10 06:40:24,722:INFO: - Eval metrics : dsc: 0.614 ; iou: 0.530 ; accuracy: 0.997 ; precision: 0.905 ; recall: 0.565 ; loss: 0.261
2019-01-10 06:40:26,608:INFO: - Found new best DSC
2019-01-10 06:40:26,609:INFO: Epoch 10/45
2019-01-10 06:41:21,200:INFO: - Train metrics: dsc: 0.604 ; iou: 0.517 ; accuracy: 0.996 ; precision: 0.770 ; recall: 0.627 ; loss: 0.251
2019-01-10 06:41:25,368:INFO: - Eval metrics : dsc: 0.702 ; iou: 0.612 ; accuracy: 0.997 ; precision: 0.717 ; recall: 0.773 ; loss: 0.241
2019-01-10 06:41:27,024:INFO: - Found new best DSC
2019-01-10 06:41:27,024:INFO: Epoch 11/45
2019-01-10 06:42:21,552:INFO: - Train metrics: dsc: 0.675 ; iou: 0.588 ; accuracy: 0.997 ; precision: 0.797 ; recall: 0.707 ; loss: 0.228
2019-01-10 06:42:25,726:INFO: - Eval metrics : dsc: 0.730 ; iou: 0.647 ; accuracy: 0.998 ; precision: 0.798 ; recall: 0.772 ; loss: 0.215
2019-01-10 06:42:27,453:INFO: - Found new best DSC
2019-01-10 06:42:27,454:INFO: Epoch 12/45
2019-01-10 06:43:21,960:INFO: - Train metrics: dsc: 0.718 ; iou: 0.633 ; accuracy: 0.997 ; precision: 0.810 ; recall: 0.756 ; loss: 0.206
2019-01-10 06:43:26,164:INFO: - Eval metrics : dsc: 0.736 ; iou: 0.651 ; accuracy: 0.998 ; precision: 0.783 ; recall: 0.817 ; loss: 0.197
2019-01-10 06:43:27,938:INFO: - Found new best DSC
2019-01-10 06:43:27,938:INFO: Epoch 13/45
2019-01-10 06:44:22,509:INFO: - Train metrics: dsc: 0.728 ; iou: 0.643 ; accuracy: 0.997 ; precision: 0.816 ; recall: 0.767 ; loss: 0.187
2019-01-10 06:44:26,715:INFO: - Eval metrics : dsc: 0.757 ; iou: 0.678 ; accuracy: 0.998 ; precision: 0.815 ; recall: 0.819 ; loss: 0.177
2019-01-10 06:44:28,517:INFO: - Found new best DSC
2019-01-10 06:44:28,518:INFO: Epoch 14/45
2019-01-10 06:45:22,931:INFO: - Train metrics: dsc: 0.758 ; iou: 0.676 ; accuracy: 0.998 ; precision: 0.830 ; recall: 0.799 ; loss: 0.169
2019-01-10 06:45:27,157:INFO: - Eval metrics : dsc: 0.756 ; iou: 0.679 ; accuracy: 0.998 ; precision: 0.833 ; recall: 0.800 ; loss: 0.162
2019-01-10 06:45:27,951:INFO: Epoch 15/45
2019-01-10 06:46:22,383:INFO: - Train metrics: dsc: 0.770 ; iou: 0.692 ; accuracy: 0.998 ; precision: 0.845 ; recall: 0.813 ; loss: 0.154
2019-01-10 06:46:26,550:INFO: - Eval metrics : dsc: 0.765 ; iou: 0.690 ; accuracy: 0.998 ; precision: 0.808 ; recall: 0.823 ; loss: 0.146
2019-01-10 06:46:28,409:INFO: - Found new best DSC
2019-01-10 06:46:28,410:INFO: Epoch 16/45
2019-01-10 06:47:23,012:INFO: - Train metrics: dsc: 0.768 ; iou: 0.691 ; accuracy: 0.998 ; precision: 0.850 ; recall: 0.809 ; loss: 0.140
2019-01-10 06:47:27,156:INFO: - Eval metrics : dsc: 0.751 ; iou: 0.673 ; accuracy: 0.998 ; precision: 0.832 ; recall: 0.792 ; loss: 0.133
2019-01-10 06:47:27,919:INFO: Epoch 17/45
2019-01-10 06:48:22,472:INFO: - Train metrics: dsc: 0.784 ; iou: 0.709 ; accuracy: 0.998 ; precision: 0.869 ; recall: 0.816 ; loss: 0.127
2019-01-10 06:48:26,724:INFO: - Eval metrics : dsc: 0.768 ; iou: 0.699 ; accuracy: 0.998 ; precision: 0.829 ; recall: 0.824 ; loss: 0.121
2019-01-10 06:48:28,515:INFO: - Found new best DSC
2019-01-10 06:48:28,515:INFO: Epoch 18/45
2019-01-10 06:49:23,076:INFO: - Train metrics: dsc: 0.792 ; iou: 0.719 ; accuracy: 0.998 ; precision: 0.875 ; recall: 0.822 ; loss: 0.115
2019-01-10 06:49:27,319:INFO: - Eval metrics : dsc: 0.784 ; iou: 0.714 ; accuracy: 0.998 ; precision: 0.859 ; recall: 0.832 ; loss: 0.110
2019-01-10 06:49:29,098:INFO: - Found new best DSC
2019-01-10 06:49:29,098:INFO: Epoch 19/45
2019-01-10 06:50:23,674:INFO: - Train metrics: dsc: 0.794 ; iou: 0.721 ; accuracy: 0.998 ; precision: 0.870 ; recall: 0.821 ; loss: 0.105
2019-01-10 06:50:27,967:INFO: - Eval metrics : dsc: 0.744 ; iou: 0.660 ; accuracy: 0.997 ; precision: 0.734 ; recall: 0.855 ; loss: 0.103
2019-01-10 06:50:28,731:INFO: Epoch 20/45
2019-01-10 06:51:23,322:INFO: - Train metrics: dsc: 0.802 ; iou: 0.731 ; accuracy: 0.998 ; precision: 0.880 ; recall: 0.829 ; loss: 0.096
2019-01-10 06:51:27,559:INFO: - Eval metrics : dsc: 0.794 ; iou: 0.728 ; accuracy: 0.998 ; precision: 0.921 ; recall: 0.788 ; loss: 0.092
2019-01-10 06:51:29,388:INFO: - Found new best DSC
2019-01-10 06:51:29,389:INFO: Epoch 21/45
2019-01-10 06:52:23,965:INFO: - Train metrics: dsc: 0.819 ; iou: 0.750 ; accuracy: 0.998 ; precision: 0.888 ; recall: 0.843 ; loss: 0.088
2019-01-10 06:52:28,157:INFO: - Eval metrics : dsc: 0.801 ; iou: 0.728 ; accuracy: 0.998 ; precision: 0.838 ; recall: 0.845 ; loss: 0.084
2019-01-10 06:52:30,086:INFO: - Found new best DSC
2019-01-10 06:52:30,086:INFO: Epoch 22/45
2019-01-10 06:53:24,569:INFO: - Train metrics: dsc: 0.832 ; iou: 0.763 ; accuracy: 0.999 ; precision: 0.895 ; recall: 0.851 ; loss: 0.080
2019-01-10 06:53:28,803:INFO: - Eval metrics : dsc: 0.812 ; iou: 0.742 ; accuracy: 0.998 ; precision: 0.893 ; recall: 0.832 ; loss: 0.078
2019-01-10 06:53:30,539:INFO: - Found new best DSC
2019-01-10 06:53:30,539:INFO: Epoch 23/45
2019-01-10 06:54:24,984:INFO: - Train metrics: dsc: 0.834 ; iou: 0.763 ; accuracy: 0.999 ; precision: 0.894 ; recall: 0.855 ; loss: 0.074
2019-01-10 06:54:29,233:INFO: - Eval metrics : dsc: 0.814 ; iou: 0.743 ; accuracy: 0.998 ; precision: 0.826 ; recall: 0.871 ; loss: 0.071
2019-01-10 06:54:31,010:INFO: - Found new best DSC
2019-01-10 06:54:31,010:INFO: Epoch 24/45
2019-01-10 06:55:25,317:INFO: - Train metrics: dsc: 0.846 ; iou: 0.779 ; accuracy: 0.999 ; precision: 0.905 ; recall: 0.861 ; loss: 0.068
2019-01-10 06:55:29,545:INFO: - Eval metrics : dsc: 0.822 ; iou: 0.750 ; accuracy: 0.998 ; precision: 0.848 ; recall: 0.882 ; loss: 0.067
2019-01-10 06:55:31,369:INFO: - Found new best DSC
2019-01-10 06:55:31,369:INFO: Epoch 25/45
2019-01-10 06:56:25,881:INFO: - Train metrics: dsc: 0.847 ; iou: 0.776 ; accuracy: 0.999 ; precision: 0.893 ; recall: 0.867 ; loss: 0.063
2019-01-10 06:56:30,145:INFO: - Eval metrics : dsc: 0.798 ; iou: 0.727 ; accuracy: 0.998 ; precision: 0.880 ; recall: 0.821 ; loss: 0.059
2019-01-10 06:56:30,914:INFO: Epoch 26/45
2019-01-10 06:57:25,376:INFO: - Train metrics: dsc: 0.851 ; iou: 0.781 ; accuracy: 0.999 ; precision: 0.897 ; recall: 0.869 ; loss: 0.057
2019-01-10 06:57:29,558:INFO: - Eval metrics : dsc: 0.824 ; iou: 0.756 ; accuracy: 0.999 ; precision: 0.869 ; recall: 0.863 ; loss: 0.056
2019-01-10 06:57:31,594:INFO: - Found new best DSC
2019-01-10 06:57:31,594:INFO: Epoch 27/45
2019-01-10 06:58:26,103:INFO: - Train metrics: dsc: 0.852 ; iou: 0.783 ; accuracy: 0.999 ; precision: 0.899 ; recall: 0.873 ; loss: 0.052
2019-01-10 06:58:30,295:INFO: - Eval metrics : dsc: 0.835 ; iou: 0.767 ; accuracy: 0.999 ; precision: 0.890 ; recall: 0.853 ; loss: 0.052
2019-01-10 06:58:31,984:INFO: - Found new best DSC
2019-01-10 06:58:31,984:INFO: Epoch 28/45
2019-01-10 06:59:26,420:INFO: - Train metrics: dsc: 0.863 ; iou: 0.796 ; accuracy: 0.999 ; precision: 0.898 ; recall: 0.885 ; loss: 0.048
2019-01-10 06:59:30,690:INFO: - Eval metrics : dsc: 0.827 ; iou: 0.761 ; accuracy: 0.999 ; precision: 0.913 ; recall: 0.832 ; loss: 0.046
2019-01-10 06:59:31,603:INFO: Epoch 29/45
2019-01-10 07:00:26,116:INFO: - Train metrics: dsc: 0.861 ; iou: 0.792 ; accuracy: 0.999 ; precision: 0.900 ; recall: 0.875 ; loss: 0.044
2019-01-10 07:00:30,323:INFO: - Eval metrics : dsc: 0.832 ; iou: 0.761 ; accuracy: 0.999 ; precision: 0.860 ; recall: 0.853 ; loss: 0.044
2019-01-10 07:00:31,147:INFO: Epoch 30/45
2019-01-10 07:01:25,668:INFO: - Train metrics: dsc: 0.871 ; iou: 0.805 ; accuracy: 0.999 ; precision: 0.903 ; recall: 0.886 ; loss: 0.041
2019-01-10 07:01:29,854:INFO: - Eval metrics : dsc: 0.825 ; iou: 0.755 ; accuracy: 0.998 ; precision: 0.814 ; recall: 0.904 ; loss: 0.040
2019-01-10 07:01:30,699:INFO: Epoch 31/45
2019-01-10 07:02:25,229:INFO: - Train metrics: dsc: 0.877 ; iou: 0.812 ; accuracy: 0.999 ; precision: 0.907 ; recall: 0.894 ; loss: 0.038
2019-01-10 07:02:29,386:INFO: - Eval metrics : dsc: 0.845 ; iou: 0.774 ; accuracy: 0.999 ; precision: 0.840 ; recall: 0.901 ; loss: 0.037
2019-01-10 07:02:31,063:INFO: - Found new best DSC
2019-01-10 07:02:31,064:INFO: Epoch 32/45
2019-01-10 07:03:25,556:INFO: - Train metrics: dsc: 0.878 ; iou: 0.815 ; accuracy: 0.999 ; precision: 0.911 ; recall: 0.892 ; loss: 0.035
2019-01-10 07:03:29,750:INFO: - Eval metrics : dsc: 0.840 ; iou: 0.771 ; accuracy: 0.999 ; precision: 0.861 ; recall: 0.893 ; loss: 0.035
2019-01-10 07:03:30,570:INFO: Epoch 33/45
2019-01-10 07:04:25,041:INFO: - Train metrics: dsc: 0.887 ; iou: 0.823 ; accuracy: 0.999 ; precision: 0.914 ; recall: 0.898 ; loss: 0.033
2019-01-10 07:04:29,196:INFO: - Eval metrics : dsc: 0.839 ; iou: 0.774 ; accuracy: 0.999 ; precision: 0.907 ; recall: 0.850 ; loss: 0.032
2019-01-10 07:04:29,950:INFO: Epoch 34/45
2019-01-10 07:05:24,398:INFO: - Train metrics: dsc: 0.879 ; iou: 0.815 ; accuracy: 0.999 ; precision: 0.909 ; recall: 0.891 ; loss: 0.031
2019-01-10 07:05:28,607:INFO: - Eval metrics : dsc: 0.830 ; iou: 0.764 ; accuracy: 0.999 ; precision: 0.862 ; recall: 0.869 ; loss: 0.031
2019-01-10 07:05:29,498:INFO: Epoch 35/45
2019-01-10 07:06:24,025:INFO: - Train metrics: dsc: 0.882 ; iou: 0.819 ; accuracy: 0.999 ; precision: 0.912 ; recall: 0.895 ; loss: 0.029
2019-01-10 07:06:28,225:INFO: - Eval metrics : dsc: 0.847 ; iou: 0.781 ; accuracy: 0.999 ; precision: 0.866 ; recall: 0.889 ; loss: 0.028
2019-01-10 07:06:29,848:INFO: - Found new best DSC
2019-01-10 07:06:29,848:INFO: Epoch 36/45
2019-01-10 07:07:24,322:INFO: - Train metrics: dsc: 0.889 ; iou: 0.826 ; accuracy: 0.999 ; precision: 0.916 ; recall: 0.901 ; loss: 0.027
2019-01-10 07:07:28,558:INFO: - Eval metrics : dsc: 0.842 ; iou: 0.778 ; accuracy: 0.999 ; precision: 0.900 ; recall: 0.866 ; loss: 0.026
2019-01-10 07:07:29,416:INFO: Epoch 37/45
2019-01-10 07:08:23,957:INFO: - Train metrics: dsc: 0.890 ; iou: 0.828 ; accuracy: 0.999 ; precision: 0.919 ; recall: 0.900 ; loss: 0.025
2019-01-10 07:08:28,170:INFO: - Eval metrics : dsc: 0.841 ; iou: 0.779 ; accuracy: 0.999 ; precision: 0.886 ; recall: 0.874 ; loss: 0.025
2019-01-10 07:08:29,039:INFO: Epoch 38/45
2019-01-10 07:09:23,516:INFO: - Train metrics: dsc: 0.895 ; iou: 0.835 ; accuracy: 0.999 ; precision: 0.921 ; recall: 0.904 ; loss: 0.023
2019-01-10 07:09:27,763:INFO: - Eval metrics : dsc: 0.850 ; iou: 0.787 ; accuracy: 0.999 ; precision: 0.886 ; recall: 0.880 ; loss: 0.023
2019-01-10 07:09:29,541:INFO: - Found new best DSC
2019-01-10 07:09:29,542:INFO: Epoch 39/45
2019-01-10 07:10:24,055:INFO: - Train metrics: dsc: 0.879 ; iou: 0.814 ; accuracy: 0.999 ; precision: 0.913 ; recall: 0.890 ; loss: 0.022
2019-01-10 07:10:28,328:INFO: - Eval metrics : dsc: 0.838 ; iou: 0.777 ; accuracy: 0.999 ; precision: 0.900 ; recall: 0.862 ; loss: 0.022
2019-01-10 07:10:29,149:INFO: Epoch 40/45
2019-01-10 07:11:23,570:INFO: - Train metrics: dsc: 0.885 ; iou: 0.823 ; accuracy: 0.999 ; precision: 0.917 ; recall: 0.894 ; loss: 0.021
2019-01-10 07:11:27,744:INFO: - Eval metrics : dsc: 0.858 ; iou: 0.791 ; accuracy: 0.999 ; precision: 0.856 ; recall: 0.909 ; loss: 0.020
2019-01-10 07:11:29,553:INFO: - Found new best DSC
2019-01-10 07:11:29,553:INFO: Epoch 41/45
2019-01-10 07:12:24,073:INFO: - Train metrics: dsc: 0.897 ; iou: 0.836 ; accuracy: 0.999 ; precision: 0.922 ; recall: 0.905 ; loss: 0.020
2019-01-10 07:12:28,327:INFO: - Eval metrics : dsc: 0.839 ; iou: 0.774 ; accuracy: 0.999 ; precision: 0.907 ; recall: 0.852 ; loss: 0.020
2019-01-10 07:12:29,228:INFO: Epoch 42/45
2019-01-10 07:13:23,705:INFO: - Train metrics: dsc: 0.900 ; iou: 0.842 ; accuracy: 0.999 ; precision: 0.927 ; recall: 0.907 ; loss: 0.018
2019-01-10 07:13:27,913:INFO: - Eval metrics : dsc: 0.853 ; iou: 0.785 ; accuracy: 0.999 ; precision: 0.844 ; recall: 0.916 ; loss: 0.019
2019-01-10 07:13:28,674:INFO: Epoch 43/45
2019-01-10 07:14:23,205:INFO: - Train metrics: dsc: 0.897 ; iou: 0.837 ; accuracy: 0.999 ; precision: 0.925 ; recall: 0.904 ; loss: 0.017
2019-01-10 07:14:27,396:INFO: - Eval metrics : dsc: 0.838 ; iou: 0.777 ; accuracy: 0.999 ; precision: 0.903 ; recall: 0.862 ; loss: 0.017
2019-01-10 07:14:28,295:INFO: Epoch 44/45
2019-01-10 07:15:22,871:INFO: - Train metrics: dsc: 0.901 ; iou: 0.843 ; accuracy: 0.999 ; precision: 0.926 ; recall: 0.909 ; loss: 0.016
2019-01-10 07:15:27,100:INFO: - Eval metrics : dsc: 0.848 ; iou: 0.787 ; accuracy: 0.999 ; precision: 0.880 ; recall: 0.889 ; loss: 0.016
2019-01-10 07:15:28,018:INFO: Epoch 45/45
2019-01-10 07:16:22,534:INFO: - Train metrics: dsc: 0.902 ; iou: 0.843 ; accuracy: 0.999 ; precision: 0.926 ; recall: 0.908 ; loss: 0.015
2019-01-10 07:16:26,757:INFO: - Eval metrics : dsc: 0.846 ; iou: 0.781 ; accuracy: 0.999 ; precision: 0.872 ; recall: 0.884 ; loss: 0.016
2019-01-10 07:16:27,900:INFO: Loading the datasets...
2019-01-10 07:16:33,121:INFO: - done.
2019-01-10 07:16:33,121:INFO: For k-fold 2/5:
2019-01-10 07:16:33,125:INFO: Starting training for 45 epoch(s)
2019-01-10 07:16:33,125:INFO: Epoch 1/45
2019-01-10 07:17:27,487:INFO: - Train metrics: dsc: 0.043 ; iou: 0.023 ; accuracy: 0.747 ; precision: 0.025 ; recall: 0.458 ; loss: 0.634
2019-01-10 07:17:31,681:INFO: - Eval metrics : dsc: 0.021 ; iou: 0.011 ; accuracy: 0.951 ; precision: 0.013 ; recall: 0.100 ; loss: 0.558
2019-01-10 07:17:33,572:INFO: - Found new best DSC
2019-01-10 07:17:33,572:INFO: Epoch 2/45
2019-01-10 07:18:28,008:INFO: - Train metrics: dsc: 0.022 ; iou: 0.014 ; accuracy: 0.982 ; precision: 0.018 ; recall: 0.072 ; loss: 0.514
2019-01-10 07:18:32,185:INFO: - Eval metrics : dsc: 0.002 ; iou: 0.001 ; accuracy: 0.989 ; precision: 0.003 ; recall: 0.032 ; loss: 0.486
2019-01-10 07:18:33,011:INFO: Epoch 3/45
2019-01-10 07:19:27,601:INFO: - Train metrics: dsc: 0.036 ; iou: 0.026 ; accuracy: 0.990 ; precision: 0.196 ; recall: 0.064 ; loss: 0.467
2019-01-10 07:19:31,853:INFO: - Eval metrics : dsc: 0.000 ; iou: 0.000 ; accuracy: 0.992 ; precision: 0.001 ; recall: 0.031 ; loss: 0.457
2019-01-10 07:19:32,659:INFO: Epoch 4/45
2019-01-10 07:20:27,143:INFO: - Train metrics: dsc: 0.072 ; iou: 0.058 ; accuracy: 0.992 ; precision: 0.833 ; recall: 0.071 ; loss: 0.427
2019-01-10 07:20:31,348:INFO: - Eval metrics : dsc: 0.026 ; iou: 0.026 ; accuracy: 0.992 ; precision: 0.807 ; recall: 0.031 ; loss: 0.416
2019-01-10 07:20:33,124:INFO: - Found new best DSC
2019-01-10 07:20:33,124:INFO: Epoch 5/45
2019-01-10 07:21:27,637:INFO: - Train metrics: dsc: 0.088 ; iou: 0.068 ; accuracy: 0.992 ; precision: 0.896 ; recall: 0.087 ; loss: 0.395
2019-01-10 07:21:31,779:INFO: - Eval metrics : dsc: 0.031 ; iou: 0.031 ; accuracy: 0.992 ; precision: 1.000 ; recall: 0.031 ; loss: 0.388
2019-01-10 07:21:33,529:INFO: - Found new best DSC
2019-01-10 07:21:33,530:INFO: Epoch 6/45
2019-01-10 07:22:28,028:INFO: - Train metrics: dsc: 0.136 ; iou: 0.106 ; accuracy: 0.992 ; precision: 0.866 ; recall: 0.135 ; loss: 0.365
2019-01-10 07:22:32,257:INFO: - Eval metrics : dsc: 0.032 ; iou: 0.031 ; accuracy: 0.992 ; precision: 1.000 ; recall: 0.031 ; loss: 0.359
2019-01-10 07:22:33,995:INFO: - Found new best DSC
2019-01-10 07:22:33,995:INFO: Epoch 7/45
2019-01-10 07:23:28,531:INFO: - Train metrics: dsc: 0.158 ; iou: 0.121 ; accuracy: 0.992 ; precision: 0.836 ; recall: 0.145 ; loss: 0.335
2019-01-10 07:23:32,728:INFO: - Eval metrics : dsc: 0.262 ; iou: 0.194 ; accuracy: 0.994 ; precision: 0.794 ; recall: 0.218 ; loss: 0.321
2019-01-10 07:23:34,586:INFO: - Found new best DSC
2019-01-10 07:23:34,586:INFO: Epoch 8/45
2019-01-10 07:24:29,101:INFO: - Train metrics: dsc: 0.401 ; iou: 0.320 ; accuracy: 0.994 ; precision: 0.732 ; recall: 0.387 ; loss: 0.304
2019-01-10 07:24:33,363:INFO: - Eval metrics : dsc: 0.490 ; iou: 0.394 ; accuracy: 0.995 ; precision: 0.729 ; recall: 0.450 ; loss: 0.291
2019-01-10 07:24:35,087:INFO: - Found new best DSC
2019-01-10 07:24:35,088:INFO: Epoch 9/45
2019-01-10 07:25:29,612:INFO: - Train metrics: dsc: 0.539 ; iou: 0.448 ; accuracy: 0.995 ; precision: 0.742 ; recall: 0.551 ; loss: 0.277
2019-01-10 07:25:33,797:INFO: - Eval metrics : dsc: 0.616 ; iou: 0.527 ; accuracy: 0.997 ; precision: 0.874 ; recall: 0.574 ; loss: 0.267
2019-01-10 07:25:35,563:INFO: - Found new best DSC
2019-01-10 07:25:35,564:INFO: Epoch 10/45
2019-01-10 07:26:30,148:INFO: - Train metrics: dsc: 0.658 ; iou: 0.569 ; accuracy: 0.997 ; precision: 0.796 ; recall: 0.672 ; loss: 0.252
2019-01-10 07:26:34,319:INFO: - Eval metrics : dsc: 0.710 ; iou: 0.621 ; accuracy: 0.997 ; precision: 0.728 ; recall: 0.793 ; loss: 0.241
2019-01-10 07:26:35,956:INFO: - Found new best DSC
2019-01-10 07:26:35,956:INFO: Epoch 11/45
2019-01-10 07:27:30,477:INFO: - Train metrics: dsc: 0.684 ; iou: 0.598 ; accuracy: 0.997 ; precision: 0.802 ; recall: 0.722 ; loss: 0.229
2019-01-10 07:27:34,688:INFO: - Eval metrics : dsc: 0.687 ; iou: 0.585 ; accuracy: 0.996 ; precision: 0.639 ; recall: 0.845 ; loss: 0.219
2019-01-10 07:27:35,448:INFO: Epoch 12/45
2019-01-10 07:28:29,931:INFO: - Train metrics: dsc: 0.723 ; iou: 0.638 ; accuracy: 0.997 ; precision: 0.814 ; recall: 0.759 ; loss: 0.207
2019-01-10 07:28:34,078:INFO: - Eval metrics : dsc: 0.742 ; iou: 0.653 ; accuracy: 0.997 ; precision: 0.724 ; recall: 0.854 ; loss: 0.196
2019-01-10 07:28:35,827:INFO: - Found new best DSC
2019-01-10 07:28:35,828:INFO: Epoch 13/45
2019-01-10 07:29:30,446:INFO: - Train metrics: dsc: 0.744 ; iou: 0.660 ; accuracy: 0.998 ; precision: 0.834 ; recall: 0.781 ; loss: 0.188
2019-01-10 07:29:34,655:INFO: - Eval metrics : dsc: 0.770 ; iou: 0.692 ; accuracy: 0.998 ; precision: 0.838 ; recall: 0.796 ; loss: 0.179
2019-01-10 07:29:36,544:INFO: - Found new best DSC
2019-01-10 07:29:36,544:INFO: Epoch 14/45
2019-01-10 07:30:31,128:INFO: - Train metrics: dsc: 0.764 ; iou: 0.685 ; accuracy: 0.998 ; precision: 0.851 ; recall: 0.796 ; loss: 0.170
2019-01-10 07:30:35,331:INFO: - Eval metrics : dsc: 0.771 ; iou: 0.695 ; accuracy: 0.998 ; precision: 0.844 ; recall: 0.824 ; loss: 0.161
2019-01-10 07:30:36,944:INFO: - Found new best DSC
2019-01-10 07:30:36,944:INFO: Epoch 15/45
2019-01-10 07:31:31,463:INFO: - Train metrics: dsc: 0.766 ; iou: 0.688 ; accuracy: 0.998 ; precision: 0.857 ; recall: 0.802 ; loss: 0.155
2019-01-10 07:31:35,696:INFO: - Eval metrics : dsc: 0.776 ; iou: 0.702 ; accuracy: 0.998 ; precision: 0.840 ; recall: 0.829 ; loss: 0.147
2019-01-10 07:31:37,433:INFO: - Found new best DSC
2019-01-10 07:31:37,434:INFO: Epoch 16/45
2019-01-10 07:32:31,963:INFO: - Train metrics: dsc: 0.778 ; iou: 0.704 ; accuracy: 0.998 ; precision: 0.860 ; recall: 0.813 ; loss: 0.140
2019-01-10 07:32:36,232:INFO: - Eval metrics : dsc: 0.783 ; iou: 0.709 ; accuracy: 0.998 ; precision: 0.842 ; recall: 0.831 ; loss: 0.133
2019-01-10 07:32:37,915:INFO: - Found new best DSC
2019-01-10 07:32:37,915:INFO: Epoch 17/45
2019-01-10 07:33:32,417:INFO: - Train metrics: dsc: 0.783 ; iou: 0.710 ; accuracy: 0.998 ; precision: 0.868 ; recall: 0.813 ; loss: 0.128
2019-01-10 07:33:36,630:INFO: - Eval metrics : dsc: 0.791 ; iou: 0.721 ; accuracy: 0.998 ; precision: 0.820 ; recall: 0.856 ; loss: 0.124
2019-01-10 07:33:38,582:INFO: - Found new best DSC
2019-01-10 07:33:38,583:INFO: Epoch 18/45
2019-01-10 07:34:33,222:INFO: - Train metrics: dsc: 0.786 ; iou: 0.710 ; accuracy: 0.998 ; precision: 0.862 ; recall: 0.825 ; loss: 0.116
2019-01-10 07:34:37,421:INFO: - Eval metrics : dsc: 0.818 ; iou: 0.749 ; accuracy: 0.998 ; precision: 0.884 ; recall: 0.845 ; loss: 0.111
2019-01-10 07:34:39,072:INFO: - Found new best DSC
2019-01-10 07:34:39,072:INFO: Epoch 19/45
2019-01-10 07:35:33,574:INFO: - Train metrics: dsc: 0.806 ; iou: 0.733 ; accuracy: 0.998 ; precision: 0.869 ; recall: 0.832 ; loss: 0.106
2019-01-10 07:35:37,760:INFO: - Eval metrics : dsc: 0.825 ; iou: 0.752 ; accuracy: 0.998 ; precision: 0.870 ; recall: 0.865 ; loss: 0.102
2019-01-10 07:35:39,625:INFO: - Found new best DSC
2019-01-10 07:35:39,625:INFO: Epoch 20/45
2019-01-10 07:36:34,195:INFO: - Train metrics: dsc: 0.805 ; iou: 0.734 ; accuracy: 0.998 ; precision: 0.870 ; recall: 0.836 ; loss: 0.097
2019-01-10 07:36:38,396:INFO: - Eval metrics : dsc: 0.821 ; iou: 0.755 ; accuracy: 0.999 ; precision: 0.881 ; recall: 0.852 ; loss: 0.093
2019-01-10 07:36:39,192:INFO: Epoch 21/45
2019-01-10 07:37:33,797:INFO: - Train metrics: dsc: 0.825 ; iou: 0.752 ; accuracy: 0.998 ; precision: 0.886 ; recall: 0.846 ; loss: 0.089
2019-01-10 07:37:38,014:INFO: - Eval metrics : dsc: 0.841 ; iou: 0.773 ; accuracy: 0.999 ; precision: 0.885 ; recall: 0.866 ; loss: 0.085
2019-01-10 07:37:39,593:INFO: - Found new best DSC
2019-01-10 07:37:39,594:INFO: Epoch 22/45
2019-01-10 07:38:34,150:INFO: - Train metrics: dsc: 0.833 ; iou: 0.763 ; accuracy: 0.999 ; precision: 0.895 ; recall: 0.854 ; loss: 0.081
2019-01-10 07:38:38,308:INFO: - Eval metrics : dsc: 0.844 ; iou: 0.774 ; accuracy: 0.999 ; precision: 0.858 ; recall: 0.897 ; loss: 0.078
2019-01-10 07:38:40,047:INFO: - Found new best DSC
2019-01-10 07:38:40,048:INFO: Epoch 23/45
2019-01-10 07:39:34,554:INFO: - Train metrics: dsc: 0.838 ; iou: 0.769 ; accuracy: 0.999 ; precision: 0.886 ; recall: 0.866 ; loss: 0.074
2019-01-10 07:39:38,694:INFO: - Eval metrics : dsc: 0.850 ; iou: 0.786 ; accuracy: 0.999 ; precision: 0.905 ; recall: 0.866 ; loss: 0.070
2019-01-10 07:39:40,445:INFO: - Found new best DSC
2019-01-10 07:39:40,445:INFO: Epoch 24/45
2019-01-10 07:40:34,941:INFO: - Train metrics: dsc: 0.847 ; iou: 0.778 ; accuracy: 0.999 ; precision: 0.901 ; recall: 0.863 ; loss: 0.068
2019-01-10 07:40:39,124:INFO: - Eval metrics : dsc: 0.851 ; iou: 0.783 ; accuracy: 0.999 ; precision: 0.883 ; recall: 0.883 ; loss: 0.066
2019-01-10 07:40:40,663:INFO: - Found new best DSC
2019-01-10 07:40:40,664:INFO: Epoch 25/45
2019-01-10 07:41:35,095:INFO: - Train metrics: dsc: 0.853 ; iou: 0.785 ; accuracy: 0.999 ; precision: 0.893 ; recall: 0.874 ; loss: 0.062
2019-01-10 07:41:39,340:INFO: - Eval metrics : dsc: 0.853 ; iou: 0.781 ; accuracy: 0.998 ; precision: 0.845 ; recall: 0.922 ; loss: 0.062
2019-01-10 07:41:40,987:INFO: - Found new best DSC
2019-01-10 07:41:40,987:INFO: Epoch 26/45
2019-01-10 07:42:35,546:INFO: - Train metrics: dsc: 0.852 ; iou: 0.785 ; accuracy: 0.999 ; precision: 0.897 ; recall: 0.873 ; loss: 0.057
2019-01-10 07:42:39,763:INFO: - Eval metrics : dsc: 0.865 ; iou: 0.799 ; accuracy: 0.999 ; precision: 0.877 ; recall: 0.908 ; loss: 0.055
2019-01-10 07:42:41,458:INFO: - Found new best DSC
2019-01-10 07:42:41,458:INFO: Epoch 27/45
2019-01-10 07:43:35,939:INFO: - Train metrics: dsc: 0.857 ; iou: 0.788 ; accuracy: 0.999 ; precision: 0.896 ; recall: 0.877 ; loss: 0.052
2019-01-10 07:43:40,141:INFO: - Eval metrics : dsc: 0.859 ; iou: 0.788 ; accuracy: 0.999 ; precision: 0.869 ; recall: 0.907 ; loss: 0.051
2019-01-10 07:43:40,892:INFO: Epoch 28/45
2019-01-10 07:44:35,328:INFO: - Train metrics: dsc: 0.871 ; iou: 0.804 ; accuracy: 0.999 ; precision: 0.905 ; recall: 0.886 ; loss: 0.048
2019-01-10 07:44:39,530:INFO: - Eval metrics : dsc: 0.863 ; iou: 0.799 ; accuracy: 0.999 ; precision: 0.926 ; recall: 0.862 ; loss: 0.046
2019-01-10 07:44:40,350:INFO: Epoch 29/45
2019-01-10 07:45:34,838:INFO: - Train metrics: dsc: 0.863 ; iou: 0.797 ; accuracy: 0.999 ; precision: 0.901 ; recall: 0.882 ; loss: 0.045
2019-01-10 07:45:39,078:INFO: - Eval metrics : dsc: 0.859 ; iou: 0.789 ; accuracy: 0.999 ; precision: 0.865 ; recall: 0.907 ; loss: 0.044
2019-01-10 07:45:39,838:INFO: Epoch 30/45
2019-01-10 07:46:34,316:INFO: - Train metrics: dsc: 0.864 ; iou: 0.799 ; accuracy: 0.999 ; precision: 0.904 ; recall: 0.883 ; loss: 0.041
2019-01-10 07:46:38,507:INFO: - Eval metrics : dsc: 0.859 ; iou: 0.788 ; accuracy: 0.998 ; precision: 0.840 ; recall: 0.932 ; loss: 0.040
2019-01-10 07:46:39,307:INFO: Epoch 31/45
2019-01-10 07:47:33,815:INFO: - Train metrics: dsc: 0.874 ; iou: 0.809 ; accuracy: 0.999 ; precision: 0.911 ; recall: 0.887 ; loss: 0.038
2019-01-10 07:47:37,973:INFO: - Eval metrics : dsc: 0.849 ; iou: 0.781 ; accuracy: 0.999 ; precision: 0.866 ; recall: 0.900 ; loss: 0.037
2019-01-10 07:47:38,825:INFO: Epoch 32/45
2019-01-10 07:48:33,286:INFO: - Train metrics: dsc: 0.874 ; iou: 0.807 ; accuracy: 0.999 ; precision: 0.904 ; recall: 0.890 ; loss: 0.036
2019-01-10 07:48:37,492:INFO: - Eval metrics : dsc: 0.843 ; iou: 0.771 ; accuracy: 0.998 ; precision: 0.822 ; recall: 0.925 ; loss: 0.035
2019-01-10 07:48:38,205:INFO: Epoch 33/45
2019-01-10 07:49:32,646:INFO: - Train metrics: dsc: 0.880 ; iou: 0.817 ; accuracy: 0.999 ; precision: 0.914 ; recall: 0.891 ; loss: 0.033
2019-01-10 07:49:36,788:INFO: - Eval metrics : dsc: 0.860 ; iou: 0.800 ; accuracy: 0.999 ; precision: 0.932 ; recall: 0.858 ; loss: 0.032
2019-01-10 07:49:37,663:INFO: Epoch 34/45
2019-01-10 07:50:32,087:INFO: - Train metrics: dsc: 0.878 ; iou: 0.814 ; accuracy: 0.999 ; precision: 0.910 ; recall: 0.889 ; loss: 0.031
2019-01-10 07:50:36,300:INFO: - Eval metrics : dsc: 0.862 ; iou: 0.801 ; accuracy: 0.999 ; precision: 0.879 ; recall: 0.903 ; loss: 0.030
2019-01-10 07:50:37,129:INFO: Epoch 35/45
2019-01-10 07:51:31,610:INFO: - Train metrics: dsc: 0.886 ; iou: 0.825 ; accuracy: 0.999 ; precision: 0.918 ; recall: 0.897 ; loss: 0.029
2019-01-10 07:51:35,802:INFO: - Eval metrics : dsc: 0.869 ; iou: 0.806 ; accuracy: 0.999 ; precision: 0.877 ; recall: 0.919 ; loss: 0.028
2019-01-10 07:51:37,732:INFO: - Found new best DSC
2019-01-10 07:51:37,732:INFO: Epoch 36/45
2019-01-10 07:52:32,322:INFO: - Train metrics: dsc: 0.883 ; iou: 0.821 ; accuracy: 0.999 ; precision: 0.912 ; recall: 0.899 ; loss: 0.027
2019-01-10 07:52:36,492:INFO: - Eval metrics : dsc: 0.870 ; iou: 0.810 ; accuracy: 0.999 ; precision: 0.927 ; recall: 0.873 ; loss: 0.026
2019-01-10 07:52:38,048:INFO: - Found new best DSC
2019-01-10 07:52:38,049:INFO: Epoch 37/45
2019-01-10 07:53:32,551:INFO: - Train metrics: dsc: 0.888 ; iou: 0.827 ; accuracy: 0.999 ; precision: 0.912 ; recall: 0.901 ; loss: 0.025
2019-01-10 07:53:36,748:INFO: - Eval metrics : dsc: 0.857 ; iou: 0.796 ; accuracy: 0.999 ; precision: 0.906 ; recall: 0.879 ; loss: 0.025
2019-01-10 07:53:37,608:INFO: Epoch 38/45
2019-01-10 07:54:32,207:INFO: - Train metrics: dsc: 0.890 ; iou: 0.832 ; accuracy: 0.999 ; precision: 0.921 ; recall: 0.901 ; loss: 0.024
2019-01-10 07:54:36,379:INFO: - Eval metrics : dsc: 0.875 ; iou: 0.816 ; accuracy: 0.999 ; precision: 0.907 ; recall: 0.897 ; loss: 0.023
2019-01-10 07:54:38,275:INFO: - Found new best DSC
2019-01-10 07:54:38,275:INFO: Epoch 39/45
2019-01-10 07:55:32,680:INFO: - Train metrics: dsc: 0.899 ; iou: 0.841 ; accuracy: 0.999 ; precision: 0.921 ; recall: 0.908 ; loss: 0.022
2019-01-10 07:55:36,918:INFO: - Eval metrics : dsc: 0.858 ; iou: 0.796 ; accuracy: 0.999 ; precision: 0.870 ; recall: 0.912 ; loss: 0.022
2019-01-10 07:55:37,721:INFO: Epoch 40/45
2019-01-10 07:56:32,173:INFO: - Train metrics: dsc: 0.895 ; iou: 0.836 ; accuracy: 0.999 ; precision: 0.923 ; recall: 0.902 ; loss: 0.021
2019-01-10 07:56:36,369:INFO: - Eval metrics : dsc: 0.865 ; iou: 0.804 ; accuracy: 0.999 ; precision: 0.900 ; recall: 0.889 ; loss: 0.021
2019-01-10 07:56:37,113:INFO: Epoch 41/45
2019-01-10 07:57:31,659:INFO: - Train metrics: dsc: 0.902 ; iou: 0.843 ; accuracy: 0.999 ; precision: 0.924 ; recall: 0.908 ; loss: 0.020
2019-01-10 07:57:35,814:INFO: - Eval metrics : dsc: 0.866 ; iou: 0.806 ; accuracy: 0.999 ; precision: 0.904 ; recall: 0.892 ; loss: 0.020
2019-01-10 07:57:36,626:INFO: Epoch 42/45
2019-01-10 07:58:31,169:INFO: - Train metrics: dsc: 0.891 ; iou: 0.832 ; accuracy: 0.999 ; precision: 0.918 ; recall: 0.904 ; loss: 0.019
2019-01-10 07:58:35,391:INFO: - Eval metrics : dsc: 0.874 ; iou: 0.815 ; accuracy: 0.999 ; precision: 0.897 ; recall: 0.908 ; loss: 0.019
2019-01-10 07:58:36,239:INFO: Epoch 43/45
2019-01-10 07:59:30,759:INFO: - Train metrics: dsc: 0.896 ; iou: 0.838 ; accuracy: 0.999 ; precision: 0.925 ; recall: 0.904 ; loss: 0.017
2019-01-10 07:59:34,986:INFO: - Eval metrics : dsc: 0.867 ; iou: 0.806 ; accuracy: 0.999 ; precision: 0.918 ; recall: 0.879 ; loss: 0.017
2019-01-10 07:59:35,738:INFO: Epoch 44/45
2019-01-10 08:00:30,153:INFO: - Train metrics: dsc: 0.895 ; iou: 0.839 ; accuracy: 0.999 ; precision: 0.926 ; recall: 0.905 ; loss: 0.016
2019-01-10 08:00:34,359:INFO: - Eval metrics : dsc: 0.855 ; iou: 0.790 ; accuracy: 0.999 ; precision: 0.862 ; recall: 0.911 ; loss: 0.017
2019-01-10 08:00:35,125:INFO: Epoch 45/45
2019-01-10 08:01:29,659:INFO: - Train metrics: dsc: 0.901 ; iou: 0.844 ; accuracy: 0.999 ; precision: 0.925 ; recall: 0.909 ; loss: 0.015
2019-01-10 08:01:33,884:INFO: - Eval metrics : dsc: 0.876 ; iou: 0.815 ; accuracy: 0.999 ; precision: 0.902 ; recall: 0.900 ; loss: 0.016
2019-01-10 08:01:35,798:INFO: - Found new best DSC
2019-01-10 08:01:36,237:INFO: Loading the datasets...
2019-01-10 08:01:40,678:INFO: - done.
2019-01-10 08:01:40,678:INFO: For k-fold 3/5:
2019-01-10 08:01:40,678:INFO: Starting training for 45 epoch(s)
2019-01-10 08:01:40,679:INFO: Epoch 1/45
2019-01-10 08:02:34,986:INFO: - Train metrics: dsc: 0.038 ; iou: 0.021 ; accuracy: 0.754 ; precision: 0.022 ; recall: 0.438 ; loss: 0.629
2019-01-10 08:02:39,206:INFO: - Eval metrics : dsc: 0.015 ; iou: 0.008 ; accuracy: 0.968 ; precision: 0.010 ; recall: 0.067 ; loss: 0.539
2019-01-10 08:02:40,940:INFO: - Found new best DSC
2019-01-10 08:02:40,941:INFO: Epoch 2/45
2019-01-10 08:03:35,389:INFO: - Train metrics: dsc: 0.043 ; iou: 0.028 ; accuracy: 0.985 ; precision: 0.040 ; recall: 0.103 ; loss: 0.513
2019-01-10 08:03:39,579:INFO: - Eval metrics : dsc: 0.010 ; iou: 0.005 ; accuracy: 0.989 ; precision: 0.018 ; recall: 0.035 ; loss: 0.485
2019-01-10 08:03:40,393:INFO: Epoch 3/45
2019-01-10 08:04:34,808:INFO: - Train metrics: dsc: 0.064 ; iou: 0.047 ; accuracy: 0.990 ; precision: 0.262 ; recall: 0.092 ; loss: 0.469
2019-01-10 08:04:38,913:INFO: - Eval metrics : dsc: 0.056 ; iou: 0.037 ; accuracy: 0.989 ; precision: 0.087 ; recall: 0.077 ; loss: 0.450
2019-01-10 08:04:40,574:INFO: - Found new best DSC
2019-01-10 08:04:40,575:INFO: Epoch 4/45
2019-01-10 08:05:34,938:INFO: - Train metrics: dsc: 0.054 ; iou: 0.042 ; accuracy: 0.989 ; precision: 0.559 ; recall: 0.075 ; loss: 0.436
2019-01-10 08:05:39,113:INFO: - Eval metrics : dsc: 0.026 ; iou: 0.026 ; accuracy: 0.992 ; precision: 0.961 ; recall: 0.026 ; loss: 0.410
2019-01-10 08:05:39,917:INFO: Epoch 5/45
2019-01-10 08:06:34,382:INFO: - Train metrics: dsc: 0.088 ; iou: 0.069 ; accuracy: 0.992 ; precision: 0.874 ; recall: 0.090 ; loss: 0.397
2019-01-10 08:06:38,560:INFO: - Eval metrics : dsc: 0.026 ; iou: 0.026 ; accuracy: 0.992 ; precision: 1.000 ; recall: 0.026 ; loss: 0.381
2019-01-10 08:06:39,395:INFO: Epoch 6/45
2019-01-10 08:07:33,789:INFO: - Train metrics: dsc: 0.122 ; iou: 0.096 ; accuracy: 0.992 ; precision: 0.890 ; recall: 0.115 ; loss: 0.364
2019-01-10 08:07:37,963:INFO: - Eval metrics : dsc: 0.070 ; iou: 0.051 ; accuracy: 0.992 ; precision: 0.933 ; recall: 0.060 ; loss: 0.347
2019-01-10 08:07:39,899:INFO: - Found new best DSC
2019-01-10 08:07:39,899:INFO: Epoch 7/45
2019-01-10 08:08:34,243:INFO: - Train metrics: dsc: 0.247 ; iou: 0.190 ; accuracy: 0.993 ; precision: 0.764 ; recall: 0.237 ; loss: 0.333
2019-01-10 08:08:38,396:INFO: - Eval metrics : dsc: 0.366 ; iou: 0.278 ; accuracy: 0.993 ; precision: 0.633 ; recall: 0.329 ; loss: 0.320
2019-01-10 08:08:40,021:INFO: - Found new best DSC
2019-01-10 08:08:40,021:INFO: Epoch 8/45
2019-01-10 08:09:34,422:INFO: - Train metrics: dsc: 0.416 ; iou: 0.335 ; accuracy: 0.994 ; precision: 0.705 ; recall: 0.414 ; loss: 0.303
2019-01-10 08:09:38,568:INFO: - Eval metrics : dsc: 0.479 ; iou: 0.388 ; accuracy: 0.995 ; precision: 0.687 ; recall: 0.454 ; loss: 0.291
2019-01-10 08:09:40,539:INFO: - Found new best DSC
2019-01-10 08:09:40,540:INFO: Epoch 9/45
2019-01-10 08:10:34,874:INFO: - Train metrics: dsc: 0.540 ; iou: 0.452 ; accuracy: 0.995 ; precision: 0.731 ; recall: 0.551 ; loss: 0.276
2019-01-10 08:10:39,074:INFO: - Eval metrics : dsc: 0.599 ; iou: 0.516 ; accuracy: 0.996 ; precision: 0.732 ; recall: 0.609 ; loss: 0.265
2019-01-10 08:10:40,870:INFO: - Found new best DSC
2019-01-10 08:10:40,871:INFO: Epoch 10/45
2019-01-10 08:11:35,273:INFO: - Train metrics: dsc: 0.622 ; iou: 0.534 ; accuracy: 0.996 ; precision: 0.791 ; recall: 0.639 ; loss: 0.251
2019-01-10 08:11:39,494:INFO: - Eval metrics : dsc: 0.678 ; iou: 0.589 ; accuracy: 0.996 ; precision: 0.706 ; recall: 0.749 ; loss: 0.242
2019-01-10 08:11:41,156:INFO: - Found new best DSC
2019-01-10 08:11:41,156:INFO: Epoch 11/45
2019-01-10 08:12:35,568:INFO: - Train metrics: dsc: 0.680 ; iou: 0.594 ; accuracy: 0.997 ; precision: 0.791 ; recall: 0.713 ; loss: 0.227
2019-01-10 08:12:39,816:INFO: - Eval metrics : dsc: 0.724 ; iou: 0.632 ; accuracy: 0.997 ; precision: 0.750 ; recall: 0.787 ; loss: 0.218
2019-01-10 08:12:41,523:INFO: - Found new best DSC
2019-01-10 08:12:41,523:INFO: Epoch 12/45
2019-01-10 08:13:35,916:INFO: - Train metrics: dsc: 0.720 ; iou: 0.635 ; accuracy: 0.997 ; precision: 0.815 ; recall: 0.752 ; loss: 0.206
2019-01-10 08:13:40,075:INFO: - Eval metrics : dsc: 0.754 ; iou: 0.669 ; accuracy: 0.997 ; precision: 0.761 ; recall: 0.836 ; loss: 0.195
2019-01-10 08:13:41,732:INFO: - Found new best DSC
2019-01-10 08:13:41,733:INFO: Epoch 13/45
2019-01-10 08:14:36,193:INFO: - Train metrics: dsc: 0.738 ; iou: 0.655 ; accuracy: 0.998 ; precision: 0.833 ; recall: 0.764 ; loss: 0.187
2019-01-10 08:14:40,395:INFO: - Eval metrics : dsc: 0.773 ; iou: 0.693 ; accuracy: 0.998 ; precision: 0.791 ; recall: 0.833 ; loss: 0.175
2019-01-10 08:14:41,956:INFO: - Found new best DSC
2019-01-10 08:14:41,956:INFO: Epoch 14/45
2019-01-10 08:15:36,321:INFO: - Train metrics: dsc: 0.743 ; iou: 0.661 ; accuracy: 0.998 ; precision: 0.840 ; recall: 0.778 ; loss: 0.169
2019-01-10 08:15:40,503:INFO: - Eval metrics : dsc: 0.780 ; iou: 0.696 ; accuracy: 0.998 ; precision: 0.834 ; recall: 0.801 ; loss: 0.163
2019-01-10 08:15:42,222:INFO: - Found new best DSC
2019-01-10 08:15:42,222:INFO: Epoch 15/45
2019-01-10 08:16:36,634:INFO: - Train metrics: dsc: 0.763 ; iou: 0.685 ; accuracy: 0.998 ; precision: 0.859 ; recall: 0.795 ; loss: 0.154
2019-01-10 08:16:40,853:INFO: - Eval metrics : dsc: 0.779 ; iou: 0.699 ; accuracy: 0.998 ; precision: 0.781 ; recall: 0.842 ; loss: 0.147
2019-01-10 08:16:41,630:INFO: Epoch 16/45
2019-01-10 08:17:36,030:INFO: - Train metrics: dsc: 0.766 ; iou: 0.689 ; accuracy: 0.998 ; precision: 0.854 ; recall: 0.801 ; loss: 0.140
2019-01-10 08:17:40,133:INFO: - Eval metrics : dsc: 0.717 ; iou: 0.617 ; accuracy: 0.996 ; precision: 0.671 ; recall: 0.875 ; loss: 0.133
2019-01-10 08:17:40,988:INFO: Epoch 17/45
2019-01-10 08:18:35,456:INFO: - Train metrics: dsc: 0.777 ; iou: 0.703 ; accuracy: 0.998 ; precision: 0.864 ; recall: 0.810 ; loss: 0.127
2019-01-10 08:18:39,691:INFO: - Eval metrics : dsc: 0.742 ; iou: 0.649 ; accuracy: 0.997 ; precision: 0.695 ; recall: 0.886 ; loss: 0.123
2019-01-10 08:18:40,440:INFO: Epoch 18/45
2019-01-10 08:19:34,894:INFO: - Train metrics: dsc: 0.784 ; iou: 0.708 ; accuracy: 0.998 ; precision: 0.865 ; recall: 0.815 ; loss: 0.116
2019-01-10 08:19:39,070:INFO: - Eval metrics : dsc: 0.804 ; iou: 0.731 ; accuracy: 0.998 ; precision: 0.828 ; recall: 0.853 ; loss: 0.112
2019-01-10 08:19:40,862:INFO: - Found new best DSC
2019-01-10 08:19:40,862:INFO: Epoch 19/45
2019-01-10 08:20:35,255:INFO: - Train metrics: dsc: 0.798 ; iou: 0.726 ; accuracy: 0.998 ; precision: 0.880 ; recall: 0.823 ; loss: 0.105
2019-01-10 08:20:39,448:INFO: - Eval metrics : dsc: 0.760 ; iou: 0.669 ; accuracy: 0.997 ; precision: 0.713 ; recall: 0.891 ; loss: 0.102
2019-01-10 08:20:40,198:INFO: Epoch 20/45
2019-01-10 08:21:34,624:INFO: - Train metrics: dsc: 0.807 ; iou: 0.737 ; accuracy: 0.998 ; precision: 0.887 ; recall: 0.833 ; loss: 0.096
2019-01-10 08:21:38,807:INFO: - Eval metrics : dsc: 0.821 ; iou: 0.752 ; accuracy: 0.998 ; precision: 0.871 ; recall: 0.850 ; loss: 0.092
2019-01-10 08:21:40,484:INFO: - Found new best DSC
2019-01-10 08:21:40,484:INFO: Epoch 21/45
2019-01-10 08:22:34,930:INFO: - Train metrics: dsc: 0.810 ; iou: 0.737 ; accuracy: 0.998 ; precision: 0.880 ; recall: 0.831 ; loss: 0.088
2019-01-10 08:22:39,088:INFO: - Eval metrics : dsc: 0.823 ; iou: 0.754 ; accuracy: 0.998 ; precision: 0.867 ; recall: 0.858 ; loss: 0.084
2019-01-10 08:22:40,683:INFO: - Found new best DSC
2019-01-10 08:22:40,683:INFO: Epoch 22/45
2019-01-10 08:23:35,133:INFO: - Train metrics: dsc: 0.823 ; iou: 0.752 ; accuracy: 0.998 ; precision: 0.890 ; recall: 0.843 ; loss: 0.081
2019-01-10 08:23:39,323:INFO: - Eval metrics : dsc: 0.835 ; iou: 0.765 ; accuracy: 0.998 ; precision: 0.862 ; recall: 0.871 ; loss: 0.078
2019-01-10 08:23:41,032:INFO: - Found new best DSC
2019-01-10 08:23:41,032:INFO: Epoch 23/45
2019-01-10 08:24:35,380:INFO: - Train metrics: dsc: 0.828 ; iou: 0.757 ; accuracy: 0.999 ; precision: 0.891 ; recall: 0.852 ; loss: 0.074
2019-01-10 08:24:39,634:INFO: - Eval metrics : dsc: 0.830 ; iou: 0.756 ; accuracy: 0.998 ; precision: 0.810 ; recall: 0.898 ; loss: 0.071
2019-01-10 08:24:40,466:INFO: Epoch 24/45
2019-01-10 08:25:34,976:INFO: - Train metrics: dsc: 0.839 ; iou: 0.771 ; accuracy: 0.999 ; precision: 0.899 ; recall: 0.856 ; loss: 0.068
2019-01-10 08:25:39,167:INFO: - Eval metrics : dsc: 0.815 ; iou: 0.735 ; accuracy: 0.998 ; precision: 0.789 ; recall: 0.904 ; loss: 0.066
2019-01-10 08:25:39,938:INFO: Epoch 25/45
2019-01-10 08:26:34,389:INFO: - Train metrics: dsc: 0.840 ; iou: 0.769 ; accuracy: 0.999 ; precision: 0.891 ; recall: 0.856 ; loss: 0.063
2019-01-10 08:26:38,549:INFO: - Eval metrics : dsc: 0.851 ; iou: 0.784 ; accuracy: 0.999 ; precision: 0.888 ; recall: 0.874 ; loss: 0.061
2019-01-10 08:26:40,101:INFO: - Found new best DSC
2019-01-10 08:26:40,102:INFO: Epoch 26/45
2019-01-10 08:27:34,505:INFO: - Train metrics: dsc: 0.842 ; iou: 0.774 ; accuracy: 0.999 ; precision: 0.895 ; recall: 0.863 ; loss: 0.058
2019-01-10 08:27:38,717:INFO: - Eval metrics : dsc: 0.849 ; iou: 0.782 ; accuracy: 0.999 ; precision: 0.882 ; recall: 0.884 ; loss: 0.056
2019-01-10 08:27:39,550:INFO: Epoch 27/45
2019-01-10 08:28:34,059:INFO: - Train metrics: dsc: 0.853 ; iou: 0.785 ; accuracy: 0.999 ; precision: 0.900 ; recall: 0.870 ; loss: 0.053
2019-01-10 08:28:38,242:INFO: - Eval metrics : dsc: 0.844 ; iou: 0.772 ; accuracy: 0.998 ; precision: 0.841 ; recall: 0.899 ; loss: 0.053
2019-01-10 08:28:39,096:INFO: Epoch 28/45
2019-01-10 08:29:33,581:INFO: - Train metrics: dsc: 0.852 ; iou: 0.785 ; accuracy: 0.999 ; precision: 0.898 ; recall: 0.869 ; loss: 0.049
2019-01-10 08:29:37,825:INFO: - Eval metrics : dsc: 0.850 ; iou: 0.780 ; accuracy: 0.999 ; precision: 0.912 ; recall: 0.855 ; loss: 0.049
2019-01-10 08:29:38,597:INFO: Epoch 29/45
2019-01-10 08:30:33,091:INFO: - Train metrics: dsc: 0.858 ; iou: 0.791 ; accuracy: 0.999 ; precision: 0.897 ; recall: 0.877 ; loss: 0.045
2019-01-10 08:30:37,334:INFO: - Eval metrics : dsc: 0.846 ; iou: 0.781 ; accuracy: 0.999 ; precision: 0.880 ; recall: 0.879 ; loss: 0.043
2019-01-10 08:30:38,097:INFO: Epoch 30/45
2019-01-10 08:31:32,571:INFO: - Train metrics: dsc: 0.857 ; iou: 0.791 ; accuracy: 0.999 ; precision: 0.899 ; recall: 0.878 ; loss: 0.041
2019-01-10 08:31:36,806:INFO: - Eval metrics : dsc: 0.824 ; iou: 0.748 ; accuracy: 0.998 ; precision: 0.795 ; recall: 0.919 ; loss: 0.041
2019-01-10 08:31:37,613:INFO: Epoch 31/45
2019-01-10 08:32:32,186:INFO: - Train metrics: dsc: 0.864 ; iou: 0.798 ; accuracy: 0.999 ; precision: 0.905 ; recall: 0.878 ; loss: 0.038
2019-01-10 08:32:36,424:INFO: - Eval metrics : dsc: 0.853 ; iou: 0.783 ; accuracy: 0.998 ; precision: 0.850 ; recall: 0.912 ; loss: 0.037
2019-01-10 08:32:38,111:INFO: - Found new best DSC
2019-01-10 08:32:38,112:INFO: Epoch 32/45
2019-01-10 08:33:32,637:INFO: - Train metrics: dsc: 0.872 ; iou: 0.807 ; accuracy: 0.999 ; precision: 0.906 ; recall: 0.888 ; loss: 0.035
2019-01-10 08:33:36,883:INFO: - Eval metrics : dsc: 0.821 ; iou: 0.737 ; accuracy: 0.998 ; precision: 0.774 ; recall: 0.933 ; loss: 0.036
2019-01-10 08:33:37,690:INFO: Epoch 33/45
2019-01-10 08:34:32,120:INFO: - Train metrics: dsc: 0.872 ; iou: 0.807 ; accuracy: 0.999 ; precision: 0.908 ; recall: 0.886 ; loss: 0.033
2019-01-10 08:34:36,328:INFO: - Eval metrics : dsc: 0.855 ; iou: 0.790 ; accuracy: 0.999 ; precision: 0.913 ; recall: 0.866 ; loss: 0.032
2019-01-10 08:34:37,993:INFO: - Found new best DSC
2019-01-10 08:34:37,993:INFO: Epoch 34/45
2019-01-10 08:35:32,489:INFO: - Train metrics: dsc: 0.869 ; iou: 0.803 ; accuracy: 0.999 ; precision: 0.903 ; recall: 0.885 ; loss: 0.031
2019-01-10 08:35:36,673:INFO: - Eval metrics : dsc: 0.848 ; iou: 0.785 ; accuracy: 0.999 ; precision: 0.870 ; recall: 0.891 ; loss: 0.030
2019-01-10 08:35:37,466:INFO: Epoch 35/45
2019-01-10 08:36:31,909:INFO: - Train metrics: dsc: 0.879 ; iou: 0.817 ; accuracy: 0.999 ; precision: 0.910 ; recall: 0.894 ; loss: 0.028
2019-01-10 08:36:36,160:INFO: - Eval metrics : dsc: 0.863 ; iou: 0.798 ; accuracy: 0.999 ; precision: 0.880 ; recall: 0.903 ; loss: 0.028
2019-01-10 08:36:37,892:INFO: - Found new best DSC
2019-01-10 08:36:37,892:INFO: Epoch 36/45
2019-01-10 08:37:32,403:INFO: - Train metrics: dsc: 0.878 ; iou: 0.816 ; accuracy: 0.999 ; precision: 0.911 ; recall: 0.895 ; loss: 0.027
2019-01-10 08:37:36,571:INFO: - Eval metrics : dsc: 0.877 ; iou: 0.812 ; accuracy: 0.999 ; precision: 0.915 ; recall: 0.887 ; loss: 0.026
2019-01-10 08:37:38,571:INFO: - Found new best DSC
2019-01-10 08:37:38,572:INFO: Epoch 37/45
2019-01-10 08:38:32,979:INFO: - Train metrics: dsc: 0.888 ; iou: 0.827 ; accuracy: 0.999 ; precision: 0.915 ; recall: 0.902 ; loss: 0.025
2019-01-10 08:38:37,188:INFO: - Eval metrics : dsc: 0.877 ; iou: 0.814 ; accuracy: 0.999 ; precision: 0.895 ; recall: 0.907 ; loss: 0.025
2019-01-10 08:38:39,057:INFO: - Found new best DSC
2019-01-10 08:38:39,057:INFO: Epoch 38/45
2019-01-10 08:39:33,536:INFO: - Train metrics: dsc: 0.885 ; iou: 0.826 ; accuracy: 0.999 ; precision: 0.921 ; recall: 0.896 ; loss: 0.023
2019-01-10 08:39:37,738:INFO: - Eval metrics : dsc: 0.866 ; iou: 0.802 ; accuracy: 0.999 ; precision: 0.902 ; recall: 0.889 ; loss: 0.023
2019-01-10 08:39:38,583:INFO: Epoch 39/45
2019-01-10 08:40:33,062:INFO: - Train metrics: dsc: 0.888 ; iou: 0.827 ; accuracy: 0.999 ; precision: 0.918 ; recall: 0.898 ; loss: 0.022
2019-01-10 08:40:37,312:INFO: - Eval metrics : dsc: 0.866 ; iou: 0.804 ; accuracy: 0.999 ; precision: 0.920 ; recall: 0.874 ; loss: 0.022
2019-01-10 08:40:38,093:INFO: Epoch 40/45
2019-01-10 08:41:32,602:INFO: - Train metrics: dsc: 0.888 ; iou: 0.828 ; accuracy: 0.999 ; precision: 0.917 ; recall: 0.900 ; loss: 0.021
2019-01-10 08:41:36,890:INFO: - Eval metrics : dsc: 0.863 ; iou: 0.791 ; accuracy: 0.998 ; precision: 0.843 ; recall: 0.933 ; loss: 0.021
2019-01-10 08:41:37,676:INFO: Epoch 41/45
2019-01-10 08:42:32,192:INFO: - Train metrics: dsc: 0.887 ; iou: 0.825 ; accuracy: 0.999 ; precision: 0.915 ; recall: 0.900 ; loss: 0.019
2019-01-10 08:42:36,440:INFO: - Eval metrics : dsc: 0.870 ; iou: 0.802 ; accuracy: 0.999 ; precision: 0.889 ; recall: 0.897 ; loss: 0.020
2019-01-10 08:42:37,221:INFO: Epoch 42/45
2019-01-10 08:43:31,817:INFO: - Train metrics: dsc: 0.896 ; iou: 0.837 ; accuracy: 0.999 ; precision: 0.922 ; recall: 0.906 ; loss: 0.018
2019-01-10 08:43:35,987:INFO: - Eval metrics : dsc: 0.882 ; iou: 0.820 ; accuracy: 0.999 ; precision: 0.909 ; recall: 0.901 ; loss: 0.018
2019-01-10 08:43:37,757:INFO: - Found new best DSC
2019-01-10 08:43:37,757:INFO: Epoch 43/45
2019-01-10 08:44:32,296:INFO: - Train metrics: dsc: 0.894 ; iou: 0.835 ; accuracy: 0.999 ; precision: 0.923 ; recall: 0.903 ; loss: 0.017
2019-01-10 08:44:36,555:INFO: - Eval metrics : dsc: 0.859 ; iou: 0.793 ; accuracy: 0.999 ; precision: 0.876 ; recall: 0.897 ; loss: 0.017
2019-01-10 08:44:37,338:INFO: Epoch 44/45
2019-01-10 08:45:31,963:INFO: - Train metrics: dsc: 0.889 ; iou: 0.830 ; accuracy: 0.999 ; precision: 0.921 ; recall: 0.901 ; loss: 0.016
2019-01-10 08:45:36,139:INFO: - Eval metrics : dsc: 0.867 ; iou: 0.801 ; accuracy: 0.999 ; precision: 0.870 ; recall: 0.919 ; loss: 0.017
2019-01-10 08:45:36,915:INFO: Epoch 45/45
2019-01-10 08:46:31,370:INFO: - Train metrics: dsc: 0.896 ; iou: 0.839 ; accuracy: 0.999 ; precision: 0.923 ; recall: 0.905 ; loss: 0.015
2019-01-10 08:46:35,609:INFO: - Eval metrics : dsc: 0.879 ; iou: 0.818 ; accuracy: 0.999 ; precision: 0.906 ; recall: 0.902 ; loss: 0.016
2019-01-10 08:46:36,906:INFO: Loading the datasets...
2019-01-10 08:46:41,785:INFO: - done.
2019-01-10 08:46:41,785:INFO: For k-fold 4/5:
2019-01-10 08:46:41,785:INFO: Starting training for 45 epoch(s)
2019-01-10 08:46:41,785:INFO: Epoch 1/45
2019-01-10 08:47:36,277:INFO: - Train metrics: dsc: 0.049 ; iou: 0.027 ; accuracy: 0.760 ; precision: 0.029 ; recall: 0.464 ; loss: 0.634
2019-01-10 08:47:40,548:INFO: - Eval metrics : dsc: 0.010 ; iou: 0.005 ; accuracy: 0.974 ; precision: 0.007 ; recall: 0.043 ; loss: 0.546
2019-01-10 08:47:42,239:INFO: - Found new best DSC
2019-01-10 08:47:42,239:INFO: Epoch 2/45
2019-01-10 08:48:36,732:INFO: - Train metrics: dsc: 0.053 ; iou: 0.036 ; accuracy: 0.987 ; precision: 0.052 ; recall: 0.100 ; loss: 0.509
2019-01-10 08:48:40,932:INFO: - Eval metrics : dsc: 0.001 ; iou: 0.001 ; accuracy: 0.991 ; precision: 0.004 ; recall: 0.018 ; loss: 0.485
2019-01-10 08:48:41,675:INFO: Epoch 3/45
2019-01-10 08:49:36,225:INFO: - Train metrics: dsc: 0.076 ; iou: 0.057 ; accuracy: 0.992 ; precision: 0.318 ; recall: 0.095 ; loss: 0.464
2019-01-10 08:49:40,494:INFO: - Eval metrics : dsc: 0.245 ; iou: 0.184 ; accuracy: 0.993 ; precision: 0.322 ; recall: 0.236 ; loss: 0.460
2019-01-10 08:49:42,123:INFO: - Found new best DSC
2019-01-10 08:49:42,123:INFO: Epoch 4/45
2019-01-10 08:50:36,741:INFO: - Train metrics: dsc: 0.104 ; iou: 0.081 ; accuracy: 0.991 ; precision: 0.586 ; recall: 0.125 ; loss: 0.434
2019-01-10 08:50:40,967:INFO: - Eval metrics : dsc: 0.018 ; iou: 0.018 ; accuracy: 0.992 ; precision: 0.677 ; recall: 0.018 ; loss: 0.414
2019-01-10 08:50:41,702:INFO: Epoch 5/45
2019-01-10 08:51:36,203:INFO: - Train metrics: dsc: 0.091 ; iou: 0.072 ; accuracy: 0.990 ; precision: 0.830 ; recall: 0.118 ; loss: 0.405
2019-01-10 08:51:40,401:INFO: - Eval metrics : dsc: 0.018 ; iou: 0.018 ; accuracy: 0.992 ; precision: 1.000 ; recall: 0.018 ; loss: 0.387
2019-01-10 08:51:41,233:INFO: Epoch 6/45
2019-01-10 08:52:35,761:INFO: - Train metrics: dsc: 0.124 ; iou: 0.097 ; accuracy: 0.992 ; precision: 0.908 ; recall: 0.114 ; loss: 0.364
2019-01-10 08:52:39,983:INFO: - Eval metrics : dsc: 0.080 ; iou: 0.057 ; accuracy: 0.993 ; precision: 0.950 ; recall: 0.057 ; loss: 0.350
2019-01-10 08:52:40,812:INFO: Epoch 7/45
2019-01-10 08:53:35,421:INFO: - Train metrics: dsc: 0.199 ; iou: 0.153 ; accuracy: 0.993 ; precision: 0.867 ; recall: 0.180 ; loss: 0.334
2019-01-10 08:53:39,606:INFO: - Eval metrics : dsc: 0.442 ; iou: 0.349 ; accuracy: 0.994 ; precision: 0.631 ; recall: 0.409 ; loss: 0.323
2019-01-10 08:53:41,188:INFO: - Found new best DSC
2019-01-10 08:53:41,189:INFO: Epoch 8/45
2019-01-10 08:54:35,657:INFO: - Train metrics: dsc: 0.403 ; iou: 0.320 ; accuracy: 0.994 ; precision: 0.728 ; recall: 0.389 ; loss: 0.304
2019-01-10 08:54:39,838:INFO: - Eval metrics : dsc: 0.518 ; iou: 0.425 ; accuracy: 0.995 ; precision: 0.691 ; recall: 0.482 ; loss: 0.292
2019-01-10 08:54:41,363:INFO: - Found new best DSC
2019-01-10 08:54:41,364:INFO: Epoch 9/45
2019-01-10 08:55:35,920:INFO: - Train metrics: dsc: 0.534 ; iou: 0.444 ; accuracy: 0.995 ; precision: 0.740 ; recall: 0.540 ; loss: 0.276
2019-01-10 08:55:40,159:INFO: - Eval metrics : dsc: 0.621 ; iou: 0.541 ; accuracy: 0.997 ; precision: 0.752 ; recall: 0.608 ; loss: 0.265
2019-01-10 08:55:41,818:INFO: - Found new best DSC
2019-01-10 08:55:41,819:INFO: Epoch 10/45
2019-01-10 08:56:36,365:INFO: - Train metrics: dsc: 0.626 ; iou: 0.536 ; accuracy: 0.996 ; precision: 0.781 ; recall: 0.647 ; loss: 0.251
2019-01-10 08:56:40,572:INFO: - Eval metrics : dsc: 0.639 ; iou: 0.545 ; accuracy: 0.996 ; precision: 0.604 ; recall: 0.769 ; loss: 0.243
2019-01-10 08:56:42,212:INFO: - Found new best DSC
2019-01-10 08:56:42,213:INFO: Epoch 11/45
2019-01-10 08:57:36,848:INFO: - Train metrics: dsc: 0.675 ; iou: 0.588 ; accuracy: 0.997 ; precision: 0.806 ; recall: 0.707 ; loss: 0.228
2019-01-10 08:57:41,083:INFO: - Eval metrics : dsc: 0.701 ; iou: 0.608 ; accuracy: 0.997 ; precision: 0.739 ; recall: 0.762 ; loss: 0.220
2019-01-10 08:57:42,801:INFO: - Found new best DSC
2019-01-10 08:57:42,801:INFO: Epoch 12/45
2019-01-10 08:58:37,324:INFO: - Train metrics: dsc: 0.713 ; iou: 0.626 ; accuracy: 0.997 ; precision: 0.818 ; recall: 0.740 ; loss: 0.206
2019-01-10 08:58:41,493:INFO: - Eval metrics : dsc: 0.735 ; iou: 0.652 ; accuracy: 0.998 ; precision: 0.795 ; recall: 0.793 ; loss: 0.196
2019-01-10 08:58:43,108:INFO: - Found new best DSC
2019-01-10 08:58:43,108:INFO: Epoch 13/45
2019-01-10 08:59:37,697:INFO: - Train metrics: dsc: 0.737 ; iou: 0.652 ; accuracy: 0.997 ; precision: 0.833 ; recall: 0.769 ; loss: 0.187
2019-01-10 08:59:41,883:INFO: - Eval metrics : dsc: 0.746 ; iou: 0.666 ; accuracy: 0.998 ; precision: 0.797 ; recall: 0.814 ; loss: 0.178
2019-01-10 08:59:43,532:INFO: - Found new best DSC
2019-01-10 08:59:43,532:INFO: Epoch 14/45
2019-01-10 09:00:38,114:INFO: - Train metrics: dsc: 0.752 ; iou: 0.668 ; accuracy: 0.998 ; precision: 0.836 ; recall: 0.788 ; loss: 0.169
2019-01-10 09:00:42,314:INFO: - Eval metrics : dsc: 0.758 ; iou: 0.683 ; accuracy: 0.998 ; precision: 0.865 ; recall: 0.784 ; loss: 0.160
2019-01-10 09:00:43,998:INFO: - Found new best DSC
2019-01-10 09:00:43,998:INFO: Epoch 15/45
2019-01-10 09:01:38,543:INFO: - Train metrics: dsc: 0.759 ; iou: 0.679 ; accuracy: 0.998 ; precision: 0.846 ; recall: 0.796 ; loss: 0.154
2019-01-10 09:01:42,760:INFO: - Eval metrics : dsc: 0.762 ; iou: 0.686 ; accuracy: 0.998 ; precision: 0.834 ; recall: 0.808 ; loss: 0.144
2019-01-10 09:01:44,701:INFO: - Found new best DSC
2019-01-10 09:01:44,701:INFO: Epoch 16/45
2019-01-10 09:02:39,196:INFO: - Train metrics: dsc: 0.778 ; iou: 0.699 ; accuracy: 0.998 ; precision: 0.853 ; recall: 0.811 ; loss: 0.140
2019-01-10 09:02:43,372:INFO: - Eval metrics : dsc: 0.742 ; iou: 0.656 ; accuracy: 0.997 ; precision: 0.732 ; recall: 0.857 ; loss: 0.134
2019-01-10 09:02:44,123:INFO: Epoch 17/45
2019-01-10 09:03:38,684:INFO: - Train metrics: dsc: 0.788 ; iou: 0.711 ; accuracy: 0.998 ; precision: 0.863 ; recall: 0.818 ; loss: 0.127
2019-01-10 09:03:42,861:INFO: - Eval metrics : dsc: 0.773 ; iou: 0.697 ; accuracy: 0.998 ; precision: 0.828 ; recall: 0.845 ; loss: 0.121
2019-01-10 09:03:44,591:INFO: - Found new best DSC
2019-01-10 09:03:44,591:INFO: Epoch 18/45
2019-01-10 09:04:39,193:INFO: - Train metrics: dsc: 0.787 ; iou: 0.713 ; accuracy: 0.998 ; precision: 0.870 ; recall: 0.818 ; loss: 0.116
2019-01-10 09:04:43,378:INFO: - Eval metrics : dsc: 0.769 ; iou: 0.691 ; accuracy: 0.998 ; precision: 0.779 ; recall: 0.859 ; loss: 0.111
2019-01-10 09:04:44,136:INFO: Epoch 19/45
2019-01-10 09:05:38,663:INFO: - Train metrics: dsc: 0.798 ; iou: 0.724 ; accuracy: 0.998 ; precision: 0.867 ; recall: 0.825 ; loss: 0.105
2019-01-10 09:05:42,911:INFO: - Eval metrics : dsc: 0.766 ; iou: 0.687 ; accuracy: 0.998 ; precision: 0.778 ; recall: 0.863 ; loss: 0.101
2019-01-10 09:05:43,706:INFO: Epoch 20/45
2019-01-10 09:06:38,224:INFO: - Train metrics: dsc: 0.794 ; iou: 0.721 ; accuracy: 0.998 ; precision: 0.873 ; recall: 0.823 ; loss: 0.096
2019-01-10 09:06:42,471:INFO: - Eval metrics : dsc: 0.775 ; iou: 0.700 ; accuracy: 0.998 ; precision: 0.818 ; recall: 0.853 ; loss: 0.092
2019-01-10 09:06:44,162:INFO: - Found new best DSC
2019-01-10 09:06:44,162:INFO: Epoch 21/45
2019-01-10 09:07:38,761:INFO: - Train metrics: dsc: 0.810 ; iou: 0.739 ; accuracy: 0.998 ; precision: 0.876 ; recall: 0.835 ; loss: 0.088
2019-01-10 09:07:43,019:INFO: - Eval metrics : dsc: 0.810 ; iou: 0.738 ; accuracy: 0.998 ; precision: 0.824 ; recall: 0.868 ; loss: 0.084
2019-01-10 09:07:44,728:INFO: - Found new best DSC
2019-01-10 09:07:44,728:INFO: Epoch 22/45
2019-01-10 09:08:39,269:INFO: - Train metrics: dsc: 0.810 ; iou: 0.740 ; accuracy: 0.998 ; precision: 0.879 ; recall: 0.836 ; loss: 0.081
2019-01-10 09:08:43,507:INFO: - Eval metrics : dsc: 0.815 ; iou: 0.739 ; accuracy: 0.998 ; precision: 0.831 ; recall: 0.880 ; loss: 0.077
2019-01-10 09:08:45,284:INFO: - Found new best DSC
2019-01-10 09:08:45,284:INFO: Epoch 23/45
2019-01-10 09:09:39,887:INFO: - Train metrics: dsc: 0.822 ; iou: 0.751 ; accuracy: 0.998 ; precision: 0.881 ; recall: 0.846 ; loss: 0.074
2019-01-10 09:09:44,071:INFO: - Eval metrics : dsc: 0.824 ; iou: 0.756 ; accuracy: 0.999 ; precision: 0.858 ; recall: 0.870 ; loss: 0.071
2019-01-10 09:09:45,813:INFO: - Found new best DSC
2019-01-10 09:09:45,813:INFO: Epoch 24/45
2019-01-10 09:10:40,380:INFO: - Train metrics: dsc: 0.836 ; iou: 0.766 ; accuracy: 0.999 ; precision: 0.892 ; recall: 0.853 ; loss: 0.068
2019-01-10 09:10:44,598:INFO: - Eval metrics : dsc: 0.782 ; iou: 0.692 ; accuracy: 0.997 ; precision: 0.737 ; recall: 0.911 ; loss: 0.067
2019-01-10 09:10:45,356:INFO: Epoch 25/45
2019-01-10 09:11:39,881:INFO: - Train metrics: dsc: 0.842 ; iou: 0.772 ; accuracy: 0.999 ; precision: 0.890 ; recall: 0.859 ; loss: 0.063
2019-01-10 09:11:44,085:INFO: - Eval metrics : dsc: 0.848 ; iou: 0.777 ; accuracy: 0.999 ; precision: 0.853 ; recall: 0.897 ; loss: 0.060
2019-01-10 09:11:45,891:INFO: - Found new best DSC
2019-01-10 09:11:45,891:INFO: Epoch 26/45
2019-01-10 09:12:40,409:INFO: - Train metrics: dsc: 0.846 ; iou: 0.776 ; accuracy: 0.999 ; precision: 0.892 ; recall: 0.866 ; loss: 0.058
2019-01-10 09:12:44,608:INFO: - Eval metrics : dsc: 0.829 ; iou: 0.755 ; accuracy: 0.998 ; precision: 0.837 ; recall: 0.879 ; loss: 0.054
2019-01-10 09:12:45,392:INFO: Epoch 27/45
2019-01-10 09:13:39,915:INFO: - Train metrics: dsc: 0.847 ; iou: 0.780 ; accuracy: 0.999 ; precision: 0.894 ; recall: 0.871 ; loss: 0.053
2019-01-10 09:13:44,083:INFO: - Eval metrics : dsc: 0.853 ; iou: 0.786 ; accuracy: 0.999 ; precision: 0.878 ; recall: 0.891 ; loss: 0.051
2019-01-10 09:13:45,763:INFO: - Found new best DSC
2019-01-10 09:13:45,763:INFO: Epoch 28/45
2019-01-10 09:14:40,287:INFO: - Train metrics: dsc: 0.853 ; iou: 0.784 ; accuracy: 0.999 ; precision: 0.896 ; recall: 0.871 ; loss: 0.049
2019-01-10 09:14:44,493:INFO: - Eval metrics : dsc: 0.855 ; iou: 0.786 ; accuracy: 0.999 ; precision: 0.864 ; recall: 0.899 ; loss: 0.047
2019-01-10 09:14:46,246:INFO: - Found new best DSC
2019-01-10 09:14:46,246:INFO: Epoch 29/45
2019-01-10 09:15:40,769:INFO: - Train metrics: dsc: 0.861 ; iou: 0.793 ; accuracy: 0.999 ; precision: 0.903 ; recall: 0.876 ; loss: 0.045
2019-01-10 09:15:44,930:INFO: - Eval metrics : dsc: 0.854 ; iou: 0.783 ; accuracy: 0.999 ; precision: 0.836 ; recall: 0.923 ; loss: 0.044
2019-01-10 09:15:45,666:INFO: Epoch 30/45
2019-01-10 09:16:40,173:INFO: - Train metrics: dsc: 0.861 ; iou: 0.795 ; accuracy: 0.999 ; precision: 0.901 ; recall: 0.880 ; loss: 0.041
2019-01-10 09:16:44,435:INFO: - Eval metrics : dsc: 0.853 ; iou: 0.784 ; accuracy: 0.999 ; precision: 0.842 ; recall: 0.918 ; loss: 0.040
2019-01-10 09:16:45,225:INFO: Epoch 31/45
2019-01-10 09:17:39,675:INFO: - Train metrics: dsc: 0.869 ; iou: 0.803 ; accuracy: 0.999 ; precision: 0.906 ; recall: 0.884 ; loss: 0.038
2019-01-10 09:17:43,908:INFO: - Eval metrics : dsc: 0.860 ; iou: 0.793 ; accuracy: 0.999 ; precision: 0.879 ; recall: 0.892 ; loss: 0.037
2019-01-10 09:17:45,672:INFO: - Found new best DSC
2019-01-10 09:17:45,672:INFO: Epoch 32/45
2019-01-10 09:18:40,193:INFO: - Train metrics: dsc: 0.866 ; iou: 0.800 ; accuracy: 0.999 ; precision: 0.900 ; recall: 0.884 ; loss: 0.035
2019-01-10 09:18:44,376:INFO: - Eval metrics : dsc: 0.828 ; iou: 0.746 ; accuracy: 0.998 ; precision: 0.782 ; recall: 0.942 ; loss: 0.035
2019-01-10 09:18:45,117:INFO: Epoch 33/45
2019-01-10 09:19:39,569:INFO: - Train metrics: dsc: 0.877 ; iou: 0.812 ; accuracy: 0.999 ; precision: 0.907 ; recall: 0.893 ; loss: 0.033
2019-01-10 09:19:43,734:INFO: - Eval metrics : dsc: 0.870 ; iou: 0.802 ; accuracy: 0.999 ; precision: 0.890 ; recall: 0.896 ; loss: 0.031
2019-01-10 09:19:45,507:INFO: - Found new best DSC
2019-01-10 09:19:45,508:INFO: Epoch 34/45
2019-01-10 09:20:40,006:INFO: - Train metrics: dsc: 0.873 ; iou: 0.809 ; accuracy: 0.999 ; precision: 0.906 ; recall: 0.891 ; loss: 0.030
2019-01-10 09:20:44,153:INFO: - Eval metrics : dsc: 0.853 ; iou: 0.787 ; accuracy: 0.999 ; precision: 0.859 ; recall: 0.907 ; loss: 0.029
2019-01-10 09:20:44,964:INFO: Epoch 35/45
2019-01-10 09:21:39,379:INFO: - Train metrics: dsc: 0.878 ; iou: 0.815 ; accuracy: 0.999 ; precision: 0.909 ; recall: 0.892 ; loss: 0.028
2019-01-10 09:21:43,549:INFO: - Eval metrics : dsc: 0.857 ; iou: 0.791 ; accuracy: 0.999 ; precision: 0.929 ; recall: 0.850 ; loss: 0.027
2019-01-10 09:21:44,306:INFO: Epoch 36/45
2019-01-10 09:22:38,868:INFO: - Train metrics: dsc: 0.879 ; iou: 0.816 ; accuracy: 0.999 ; precision: 0.911 ; recall: 0.893 ; loss: 0.027
2019-01-10 09:22:43,109:INFO: - Eval metrics : dsc: 0.847 ; iou: 0.783 ; accuracy: 0.999 ; precision: 0.929 ; recall: 0.844 ; loss: 0.026
2019-01-10 09:22:43,925:INFO: Epoch 37/45
2019-01-10 09:23:38,369:INFO: - Train metrics: dsc: 0.884 ; iou: 0.820 ; accuracy: 0.999 ; precision: 0.911 ; recall: 0.895 ; loss: 0.025
2019-01-10 09:23:42,540:INFO: - Eval metrics : dsc: 0.859 ; iou: 0.791 ; accuracy: 0.999 ; precision: 0.838 ; recall: 0.927 ; loss: 0.025
2019-01-10 09:23:43,305:INFO: Epoch 38/45
2019-01-10 09:24:37,778:INFO: - Train metrics: dsc: 0.885 ; iou: 0.824 ; accuracy: 0.999 ; precision: 0.914 ; recall: 0.899 ; loss: 0.023
2019-01-10 09:24:41,946:INFO: - Eval metrics : dsc: 0.852 ; iou: 0.786 ; accuracy: 0.999 ; precision: 0.849 ; recall: 0.912 ; loss: 0.022
2019-01-10 09:24:42,721:INFO: Epoch 39/45
2019-01-10 09:25:37,187:INFO: - Train metrics: dsc: 0.881 ; iou: 0.819 ; accuracy: 0.999 ; precision: 0.914 ; recall: 0.894 ; loss: 0.022
2019-01-10 09:25:41,368:INFO: - Eval metrics : dsc: 0.873 ; iou: 0.806 ; accuracy: 0.999 ; precision: 0.870 ; recall: 0.922 ; loss: 0.021
2019-01-10 09:25:43,011:INFO: - Found new best DSC
2019-01-10 09:25:43,011:INFO: Epoch 40/45
2019-01-10 09:26:37,561:INFO: - Train metrics: dsc: 0.882 ; iou: 0.819 ; accuracy: 0.999 ; precision: 0.912 ; recall: 0.894 ; loss: 0.021
2019-01-10 09:26:41,721:INFO: - Eval metrics : dsc: 0.861 ; iou: 0.791 ; accuracy: 0.999 ; precision: 0.846 ; recall: 0.936 ; loss: 0.020
2019-01-10 09:26:42,458:INFO: Epoch 41/45
2019-01-10 09:27:36,958:INFO: - Train metrics: dsc: 0.886 ; iou: 0.824 ; accuracy: 0.999 ; precision: 0.914 ; recall: 0.898 ; loss: 0.019
2019-01-10 09:27:41,189:INFO: - Eval metrics : dsc: 0.881 ; iou: 0.816 ; accuracy: 0.999 ; precision: 0.923 ; recall: 0.880 ; loss: 0.019
2019-01-10 09:27:42,935:INFO: - Found new best DSC
2019-01-10 09:27:42,936:INFO: Epoch 42/45
2019-01-10 09:28:37,441:INFO: - Train metrics: dsc: 0.894 ; iou: 0.835 ; accuracy: 0.999 ; precision: 0.922 ; recall: 0.903 ; loss: 0.018
2019-01-10 09:28:41,726:INFO: - Eval metrics : dsc: 0.876 ; iou: 0.813 ; accuracy: 0.999 ; precision: 0.899 ; recall: 0.902 ; loss: 0.018
2019-01-10 09:28:42,470:INFO: Epoch 43/45
2019-01-10 09:29:36,982:INFO: - Train metrics: dsc: 0.888 ; iou: 0.828 ; accuracy: 0.999 ; precision: 0.915 ; recall: 0.903 ; loss: 0.017
2019-01-10 09:29:41,162:INFO: - Eval metrics : dsc: 0.859 ; iou: 0.795 ; accuracy: 0.999 ; precision: 0.882 ; recall: 0.896 ; loss: 0.017
2019-01-10 09:29:41,980:INFO: Epoch 44/45
2019-01-10 09:30:36,509:INFO: - Train metrics: dsc: 0.889 ; iou: 0.830 ; accuracy: 0.999 ; precision: 0.918 ; recall: 0.901 ; loss: 0.016
2019-01-10 09:30:40,716:INFO: - Eval metrics : dsc: 0.862 ; iou: 0.800 ; accuracy: 0.999 ; precision: 0.864 ; recall: 0.912 ; loss: 0.016
2019-01-10 09:30:41,544:INFO: Epoch 45/45
2019-01-10 09:31:36,104:INFO: - Train metrics: dsc: 0.893 ; iou: 0.833 ; accuracy: 0.999 ; precision: 0.920 ; recall: 0.903 ; loss: 0.015
2019-01-10 09:31:40,316:INFO: - Eval metrics : dsc: 0.854 ; iou: 0.790 ; accuracy: 0.999 ; precision: 0.837 ; recall: 0.926 ; loss: 0.016
2019-01-10 09:31:41,445:INFO: Loading the datasets...
2019-01-10 09:31:45,875:INFO: - done.
2019-01-10 09:31:45,875:INFO: For k-fold 5/5:
2019-01-10 09:31:45,875:INFO: Starting training for 45 epoch(s)
2019-01-10 09:31:45,875:INFO: Epoch 1/45
2019-01-10 09:32:40,345:INFO: - Train metrics: dsc: 0.039 ; iou: 0.021 ; accuracy: 0.760 ; precision: 0.023 ; recall: 0.428 ; loss: 0.629
2019-01-10 09:32:44,557:INFO: - Eval metrics : dsc: 0.016 ; iou: 0.008 ; accuracy: 0.970 ; precision: 0.011 ; recall: 0.075 ; loss: 0.546
2019-01-10 09:32:46,306:INFO: - Found new best DSC
2019-01-10 09:32:46,306:INFO: Epoch 2/45
2019-01-10 09:33:40,815:INFO: - Train metrics: dsc: 0.039 ; iou: 0.026 ; accuracy: 0.985 ; precision: 0.034 ; recall: 0.094 ; loss: 0.511
2019-01-10 09:33:44,999:INFO: - Eval metrics : dsc: 0.035 ; iou: 0.021 ; accuracy: 0.989 ; precision: 0.047 ; recall: 0.061 ; loss: 0.491
2019-01-10 09:33:46,642:INFO: - Found new best DSC
2019-01-10 09:33:46,642:INFO: Epoch 3/45
2019-01-10 09:34:41,153:INFO: - Train metrics: dsc: 0.089 ; iou: 0.066 ; accuracy: 0.991 ; precision: 0.284 ; recall: 0.108 ; loss: 0.464
2019-01-10 09:34:45,338:INFO: - Eval metrics : dsc: 0.092 ; iou: 0.064 ; accuracy: 0.992 ; precision: 0.181 ; recall: 0.097 ; loss: 0.451
2019-01-10 09:34:46,937:INFO: - Found new best DSC
2019-01-10 09:34:46,937:INFO: Epoch 4/45
2019-01-10 09:35:41,517:INFO: - Train metrics: dsc: 0.126 ; iou: 0.097 ; accuracy: 0.992 ; precision: 0.778 ; recall: 0.122 ; loss: 0.427
2019-01-10 09:35:45,729:INFO: - Eval metrics : dsc: 0.132 ; iou: 0.096 ; accuracy: 0.993 ; precision: 0.883 ; recall: 0.097 ; loss: 0.411
2019-01-10 09:35:47,432:INFO: - Found new best DSC
2019-01-10 09:35:47,432:INFO: Epoch 5/45
2019-01-10 09:36:41,944:INFO: - Train metrics: dsc: 0.155 ; iou: 0.117 ; accuracy: 0.992 ; precision: 0.838 ; recall: 0.150 ; loss: 0.396
2019-01-10 09:36:46,144:INFO: - Eval metrics : dsc: 0.240 ; iou: 0.168 ; accuracy: 0.994 ; precision: 0.907 ; recall: 0.182 ; loss: 0.376
2019-01-10 09:36:47,808:INFO: - Found new best DSC
2019-01-10 09:36:47,808:INFO: Epoch 6/45
2019-01-10 09:37:42,324:INFO: - Train metrics: dsc: 0.299 ; iou: 0.232 ; accuracy: 0.993 ; precision: 0.795 ; recall: 0.279 ; loss: 0.361
2019-01-10 09:37:46,554:INFO: - Eval metrics : dsc: 0.481 ; iou: 0.389 ; accuracy: 0.995 ; precision: 0.778 ; recall: 0.441 ; loss: 0.344
2019-01-10 09:37:48,185:INFO: - Found new best DSC
2019-01-10 09:37:48,185:INFO: Epoch 7/45
2019-01-10 09:38:42,771:INFO: - Train metrics: dsc: 0.497 ; iou: 0.407 ; accuracy: 0.995 ; precision: 0.757 ; recall: 0.489 ; loss: 0.329
2019-01-10 09:38:47,001:INFO: - Eval metrics : dsc: 0.628 ; iou: 0.538 ; accuracy: 0.997 ; precision: 0.791 ; recall: 0.613 ; loss: 0.309
2019-01-10 09:38:48,798:INFO: - Found new best DSC
2019-01-10 09:38:48,798:INFO: Epoch 8/45
2019-01-10 09:39:43,433:INFO: - Train metrics: dsc: 0.608 ; iou: 0.519 ; accuracy: 0.996 ; precision: 0.785 ; recall: 0.623 ; loss: 0.300
2019-01-10 09:39:47,735:INFO: - Eval metrics : dsc: 0.665 ; iou: 0.571 ; accuracy: 0.996 ; precision: 0.677 ; recall: 0.752 ; loss: 0.284
2019-01-10 09:39:49,425:INFO: - Found new best DSC
2019-01-10 09:39:49,426:INFO: Epoch 9/45
2019-01-10 09:40:44,026:INFO: - Train metrics: dsc: 0.663 ; iou: 0.574 ; accuracy: 0.997 ; precision: 0.805 ; recall: 0.686 ; loss: 0.274
2019-01-10 09:40:48,229:INFO: - Eval metrics : dsc: 0.716 ; iou: 0.633 ; accuracy: 0.997 ; precision: 0.790 ; recall: 0.765 ; loss: 0.259
2019-01-10 09:40:49,867:INFO: - Found new best DSC
2019-01-10 09:40:49,868:INFO: Epoch 10/45
2019-01-10 09:41:44,395:INFO: - Train metrics: dsc: 0.703 ; iou: 0.617 ; accuracy: 0.997 ; precision: 0.824 ; recall: 0.727 ; loss: 0.249
2019-01-10 09:41:48,663:INFO: - Eval metrics : dsc: 0.750 ; iou: 0.660 ; accuracy: 0.997 ; precision: 0.773 ; recall: 0.843 ; loss: 0.235
2019-01-10 09:41:50,452:INFO: - Found new best DSC
2019-01-10 09:41:50,452:INFO: Epoch 11/45
2019-01-10 09:42:45,018:INFO: - Train metrics: dsc: 0.730 ; iou: 0.648 ; accuracy: 0.998 ; precision: 0.835 ; recall: 0.764 ; loss: 0.225
2019-01-10 09:42:49,262:INFO: - Eval metrics : dsc: 0.779 ; iou: 0.697 ; accuracy: 0.998 ; precision: 0.812 ; recall: 0.847 ; loss: 0.216
2019-01-10 09:42:50,860:INFO: - Found new best DSC
2019-01-10 09:42:50,860:INFO: Epoch 12/45
2019-01-10 09:43:45,331:INFO: - Train metrics: dsc: 0.756 ; iou: 0.677 ; accuracy: 0.998 ; precision: 0.854 ; recall: 0.788 ; loss: 0.204
2019-01-10 09:43:49,530:INFO: - Eval metrics : dsc: 0.754 ; iou: 0.669 ; accuracy: 0.998 ; precision: 0.764 ; recall: 0.863 ; loss: 0.192
2019-01-10 09:43:50,284:INFO: Epoch 13/45
2019-01-10 09:44:44,829:INFO: - Train metrics: dsc: 0.763 ; iou: 0.685 ; accuracy: 0.998 ; precision: 0.852 ; recall: 0.794 ; loss: 0.185
2019-01-10 09:44:49,014:INFO: - Eval metrics : dsc: 0.781 ; iou: 0.704 ; accuracy: 0.998 ; precision: 0.797 ; recall: 0.856 ; loss: 0.174
2019-01-10 09:44:50,728:INFO: - Found new best DSC
2019-01-10 09:44:50,728:INFO: Epoch 14/45
2019-01-10 09:45:45,212:INFO: - Train metrics: dsc: 0.776 ; iou: 0.700 ; accuracy: 0.998 ; precision: 0.856 ; recall: 0.809 ; loss: 0.168
2019-01-10 09:45:49,431:INFO: - Eval metrics : dsc: 0.815 ; iou: 0.746 ; accuracy: 0.998 ; precision: 0.883 ; recall: 0.842 ; loss: 0.159
2019-01-10 09:45:51,015:INFO: - Found new best DSC
2019-01-10 09:45:51,015:INFO: Epoch 15/45
2019-01-10 09:46:45,591:INFO: - Train metrics: dsc: 0.786 ; iou: 0.711 ; accuracy: 0.998 ; precision: 0.864 ; recall: 0.818 ; loss: 0.153
2019-01-10 09:46:49,741:INFO: - Eval metrics : dsc: 0.788 ; iou: 0.716 ; accuracy: 0.998 ; precision: 0.824 ; recall: 0.849 ; loss: 0.144
2019-01-10 09:46:50,564:INFO: Epoch 16/45
2019-01-10 09:47:45,075:INFO: - Train metrics: dsc: 0.801 ; iou: 0.729 ; accuracy: 0.998 ; precision: 0.876 ; recall: 0.828 ; loss: 0.139
2019-01-10 09:47:49,290:INFO: - Eval metrics : dsc: 0.758 ; iou: 0.664 ; accuracy: 0.997 ; precision: 0.695 ; recall: 0.911 ; loss: 0.133
2019-01-10 09:47:50,028:INFO: Epoch 17/45
2019-01-10 09:48:44,481:INFO: - Train metrics: dsc: 0.804 ; iou: 0.732 ; accuracy: 0.998 ; precision: 0.877 ; recall: 0.832 ; loss: 0.126
2019-01-10 09:48:48,708:INFO: - Eval metrics : dsc: 0.805 ; iou: 0.729 ; accuracy: 0.998 ; precision: 0.801 ; recall: 0.878 ; loss: 0.121
2019-01-10 09:48:49,517:INFO: Epoch 18/45
2019-01-10 09:49:44,032:INFO: - Train metrics: dsc: 0.813 ; iou: 0.743 ; accuracy: 0.998 ; precision: 0.888 ; recall: 0.838 ; loss: 0.115
2019-01-10 09:49:48,255:INFO: - Eval metrics : dsc: 0.793 ; iou: 0.707 ; accuracy: 0.998 ; precision: 0.757 ; recall: 0.912 ; loss: 0.111
2019-01-10 09:49:49,062:INFO: Epoch 19/45
2019-01-10 09:50:43,538:INFO: - Train metrics: dsc: 0.821 ; iou: 0.751 ; accuracy: 0.998 ; precision: 0.882 ; recall: 0.849 ; loss: 0.105
2019-01-10 09:50:47,731:INFO: - Eval metrics : dsc: 0.805 ; iou: 0.722 ; accuracy: 0.998 ; precision: 0.769 ; recall: 0.917 ; loss: 0.101
2019-01-10 09:50:48,484:INFO: Epoch 20/45
2019-01-10 09:51:42,929:INFO: - Train metrics: dsc: 0.828 ; iou: 0.757 ; accuracy: 0.998 ; precision: 0.883 ; recall: 0.852 ; loss: 0.096
2019-01-10 09:51:47,071:INFO: - Eval metrics : dsc: 0.822 ; iou: 0.744 ; accuracy: 0.998 ; precision: 0.804 ; recall: 0.913 ; loss: 0.091
2019-01-10 09:51:48,704:INFO: - Found new best DSC
2019-01-10 09:51:48,704:INFO: Epoch 21/45
2019-01-10 09:52:43,181:INFO: - Train metrics: dsc: 0.831 ; iou: 0.761 ; accuracy: 0.999 ; precision: 0.889 ; recall: 0.859 ; loss: 0.087
2019-01-10 09:52:47,423:INFO: - Eval metrics : dsc: 0.831 ; iou: 0.757 ; accuracy: 0.998 ; precision: 0.834 ; recall: 0.908 ; loss: 0.083
2019-01-10 09:52:48,961:INFO: - Found new best DSC
2019-01-10 09:52:48,961:INFO: Epoch 22/45
2019-01-10 09:53:43,389:INFO: - Train metrics: dsc: 0.847 ; iou: 0.778 ; accuracy: 0.999 ; precision: 0.893 ; recall: 0.868 ; loss: 0.080
2019-01-10 09:53:47,587:INFO: - Eval metrics : dsc: 0.816 ; iou: 0.734 ; accuracy: 0.998 ; precision: 0.794 ; recall: 0.927 ; loss: 0.078
2019-01-10 09:53:48,362:INFO: Epoch 23/45
2019-01-10 09:54:42,822:INFO: - Train metrics: dsc: 0.855 ; iou: 0.786 ; accuracy: 0.999 ; precision: 0.892 ; recall: 0.876 ; loss: 0.073
2019-01-10 09:54:47,003:INFO: - Eval metrics : dsc: 0.832 ; iou: 0.758 ; accuracy: 0.998 ; precision: 0.819 ; recall: 0.917 ; loss: 0.070
2019-01-10 09:54:48,686:INFO: - Found new best DSC
2019-01-10 09:54:48,687:INFO: Epoch 24/45
2019-01-10 09:55:43,237:INFO: - Train metrics: dsc: 0.851 ; iou: 0.782 ; accuracy: 0.999 ; precision: 0.899 ; recall: 0.871 ; loss: 0.068
2019-01-10 09:55:47,433:INFO: - Eval metrics : dsc: 0.838 ; iou: 0.763 ; accuracy: 0.998 ; precision: 0.830 ; recall: 0.920 ; loss: 0.065
2019-01-10 09:55:49,181:INFO: - Found new best DSC
2019-01-10 09:55:49,182:INFO: Epoch 25/45
2019-01-10 09:56:43,529:INFO: - Train metrics: dsc: 0.863 ; iou: 0.797 ; accuracy: 0.999 ; precision: 0.906 ; recall: 0.879 ; loss: 0.062
2019-01-10 09:56:47,721:INFO: - Eval metrics : dsc: 0.856 ; iou: 0.790 ; accuracy: 0.999 ; precision: 0.882 ; recall: 0.896 ; loss: 0.060
2019-01-10 09:56:49,363:INFO: - Found new best DSC
2019-01-10 09:56:49,363:INFO: Epoch 26/45
2019-01-10 09:57:43,822:INFO: - Train metrics: dsc: 0.866 ; iou: 0.801 ; accuracy: 0.999 ; precision: 0.903 ; recall: 0.885 ; loss: 0.057
2019-01-10 09:57:47,979:INFO: - Eval metrics : dsc: 0.853 ; iou: 0.789 ; accuracy: 0.999 ; precision: 0.896 ; recall: 0.879 ; loss: 0.056
2019-01-10 09:57:48,786:INFO: Epoch 27/45
2019-01-10 09:58:43,196:INFO: - Train metrics: dsc: 0.864 ; iou: 0.798 ; accuracy: 0.999 ; precision: 0.902 ; recall: 0.880 ; loss: 0.052
2019-01-10 09:58:47,368:INFO: - Eval metrics : dsc: 0.857 ; iou: 0.790 ; accuracy: 0.999 ; precision: 0.883 ; recall: 0.894 ; loss: 0.052
2019-01-10 09:58:49,214:INFO: - Found new best DSC
2019-01-10 09:58:49,214:INFO: Epoch 28/45
2019-01-10 09:59:43,803:INFO: - Train metrics: dsc: 0.861 ; iou: 0.796 ; accuracy: 0.999 ; precision: 0.907 ; recall: 0.879 ; loss: 0.048
2019-01-10 09:59:48,013:INFO: - Eval metrics : dsc: 0.828 ; iou: 0.750 ; accuracy: 0.998 ; precision: 0.789 ; recall: 0.933 ; loss: 0.047
2019-01-10 09:59:48,749:INFO: Epoch 29/45
2019-01-10 10:00:43,220:INFO: - Train metrics: dsc: 0.878 ; iou: 0.813 ; accuracy: 0.999 ; precision: 0.902 ; recall: 0.894 ; loss: 0.044
2019-01-10 10:00:47,430:INFO: - Eval metrics : dsc: 0.853 ; iou: 0.787 ; accuracy: 0.999 ; precision: 0.863 ; recall: 0.911 ; loss: 0.044
2019-01-10 10:00:48,324:INFO: Epoch 30/45
2019-01-10 10:01:42,833:INFO: - Train metrics: dsc: 0.873 ; iou: 0.810 ; accuracy: 0.999 ; precision: 0.911 ; recall: 0.889 ; loss: 0.041
2019-01-10 10:01:46,992:INFO: - Eval metrics : dsc: 0.853 ; iou: 0.789 ; accuracy: 0.999 ; precision: 0.885 ; recall: 0.891 ; loss: 0.040
2019-01-10 10:01:47,788:INFO: Epoch 31/45
2019-01-10 10:02:42,314:INFO: - Train metrics: dsc: 0.869 ; iou: 0.805 ; accuracy: 0.999 ; precision: 0.904 ; recall: 0.884 ; loss: 0.038
2019-01-10 10:02:46,518:INFO: - Eval metrics : dsc: 0.858 ; iou: 0.790 ; accuracy: 0.999 ; precision: 0.877 ; recall: 0.900 ; loss: 0.037
2019-01-10 10:02:48,169:INFO: - Found new best DSC
2019-01-10 10:02:48,170:INFO: Epoch 32/45
2019-01-10 10:03:42,667:INFO: - Train metrics: dsc: 0.878 ; iou: 0.812 ; accuracy: 0.999 ; precision: 0.909 ; recall: 0.891 ; loss: 0.035
2019-01-10 10:03:46,895:INFO: - Eval metrics : dsc: 0.858 ; iou: 0.790 ; accuracy: 0.999 ; precision: 0.859 ; recall: 0.920 ; loss: 0.034
2019-01-10 10:03:47,631:INFO: Epoch 33/45
2019-01-10 10:04:42,122:INFO: - Train metrics: dsc: 0.886 ; iou: 0.825 ; accuracy: 0.999 ; precision: 0.918 ; recall: 0.896 ; loss: 0.033
2019-01-10 10:04:46,328:INFO: - Eval metrics : dsc: 0.858 ; iou: 0.794 ; accuracy: 0.999 ; precision: 0.905 ; recall: 0.878 ; loss: 0.032
2019-01-10 10:04:47,083:INFO: Epoch 34/45
2019-01-10 10:05:41,569:INFO: - Train metrics: dsc: 0.887 ; iou: 0.825 ; accuracy: 0.999 ; precision: 0.914 ; recall: 0.900 ; loss: 0.030
2019-01-10 10:05:45,778:INFO: - Eval metrics : dsc: 0.859 ; iou: 0.794 ; accuracy: 0.999 ; precision: 0.881 ; recall: 0.898 ; loss: 0.030
2019-01-10 10:05:47,457:INFO: - Found new best DSC
2019-01-10 10:05:47,457:INFO: Epoch 35/45
2019-01-10 10:06:42,046:INFO: - Train metrics: dsc: 0.891 ; iou: 0.831 ; accuracy: 0.999 ; precision: 0.921 ; recall: 0.900 ; loss: 0.028
2019-01-10 10:06:46,203:INFO: - Eval metrics : dsc: 0.867 ; iou: 0.804 ; accuracy: 0.999 ; precision: 0.889 ; recall: 0.904 ; loss: 0.028
2019-01-10 10:06:47,953:INFO: - Found new best DSC
2019-01-10 10:06:47,953:INFO: Epoch 36/45
2019-01-10 10:07:42,421:INFO: - Train metrics: dsc: 0.893 ; iou: 0.834 ; accuracy: 0.999 ; precision: 0.924 ; recall: 0.900 ; loss: 0.026
2019-01-10 10:07:46,626:INFO: - Eval metrics : dsc: 0.859 ; iou: 0.790 ; accuracy: 0.999 ; precision: 0.928 ; recall: 0.852 ; loss: 0.026
2019-01-10 10:07:47,387:INFO: Epoch 37/45
2019-01-10 10:08:41,950:INFO: - Train metrics: dsc: 0.892 ; iou: 0.832 ; accuracy: 0.999 ; precision: 0.918 ; recall: 0.902 ; loss: 0.025
2019-01-10 10:08:46,142:INFO: - Eval metrics : dsc: 0.853 ; iou: 0.785 ; accuracy: 0.999 ; precision: 0.853 ; recall: 0.924 ; loss: 0.025
2019-01-10 10:08:46,927:INFO: Epoch 38/45
2019-01-10 10:09:41,403:INFO: - Train metrics: dsc: 0.896 ; iou: 0.839 ; accuracy: 0.999 ; precision: 0.924 ; recall: 0.905 ; loss: 0.023
2019-01-10 10:09:45,589:INFO: - Eval metrics : dsc: 0.863 ; iou: 0.799 ; accuracy: 0.999 ; precision: 0.892 ; recall: 0.897 ; loss: 0.023
2019-01-10 10:09:46,355:INFO: Epoch 39/45
2019-01-10 10:10:40,915:INFO: - Train metrics: dsc: 0.897 ; iou: 0.838 ; accuracy: 0.999 ; precision: 0.924 ; recall: 0.904 ; loss: 0.022
2019-01-10 10:10:45,135:INFO: - Eval metrics : dsc: 0.859 ; iou: 0.794 ; accuracy: 0.999 ; precision: 0.874 ; recall: 0.910 ; loss: 0.022
2019-01-10 10:10:45,955:INFO: Epoch 40/45
2019-01-10 10:11:40,502:INFO: - Train metrics: dsc: 0.895 ; iou: 0.838 ; accuracy: 0.999 ; precision: 0.926 ; recall: 0.903 ; loss: 0.021
2019-01-10 10:11:44,762:INFO: - Eval metrics : dsc: 0.857 ; iou: 0.791 ; accuracy: 0.999 ; precision: 0.873 ; recall: 0.908 ; loss: 0.021
2019-01-10 10:11:45,546:INFO: Epoch 41/45
2019-01-10 10:12:40,100:INFO: - Train metrics: dsc: 0.898 ; iou: 0.840 ; accuracy: 0.999 ; precision: 0.923 ; recall: 0.905 ; loss: 0.019
2019-01-10 10:12:44,351:INFO: - Eval metrics : dsc: 0.858 ; iou: 0.794 ; accuracy: 0.999 ; precision: 0.871 ; recall: 0.912 ; loss: 0.019
2019-01-10 10:12:45,096:INFO: Epoch 42/45
2019-01-10 10:13:39,657:INFO: - Train metrics: dsc: 0.898 ; iou: 0.841 ; accuracy: 0.999 ; precision: 0.928 ; recall: 0.905 ; loss: 0.018
2019-01-10 10:13:43,845:INFO: - Eval metrics : dsc: 0.860 ; iou: 0.795 ; accuracy: 0.999 ; precision: 0.916 ; recall: 0.866 ; loss: 0.018
2019-01-10 10:13:44,684:INFO: Epoch 43/45
2019-01-10 10:14:39,256:INFO: - Train metrics: dsc: 0.890 ; iou: 0.830 ; accuracy: 0.999 ; precision: 0.925 ; recall: 0.898 ; loss: 0.017
2019-01-10 10:14:43,495:INFO: - Eval metrics : dsc: 0.857 ; iou: 0.793 ; accuracy: 0.999 ; precision: 0.871 ; recall: 0.912 ; loss: 0.017
2019-01-10 10:14:44,231:INFO: Epoch 44/45
2019-01-10 10:15:38,763:INFO: - Train metrics: dsc: 0.897 ; iou: 0.840 ; accuracy: 0.999 ; precision: 0.927 ; recall: 0.905 ; loss: 0.016
2019-01-10 10:15:42,965:INFO: - Eval metrics : dsc: 0.868 ; iou: 0.807 ; accuracy: 0.999 ; precision: 0.879 ; recall: 0.918 ; loss: 0.017
2019-01-10 10:15:44,761:INFO: - Found new best DSC
2019-01-10 10:15:44,762:INFO: Epoch 45/45
2019-01-10 10:16:39,297:INFO: - Train metrics: dsc: 0.900 ; iou: 0.846 ; accuracy: 0.999 ; precision: 0.932 ; recall: 0.907 ; loss: 0.015
2019-01-10 10:16:43,523:INFO: - Eval metrics : dsc: 0.873 ; iou: 0.811 ; accuracy: 0.999 ; precision: 0.908 ; recall: 0.891 ; loss: 0.015
2019-01-10 10:16:45,259:INFO: - Found new best DSC
