2019-01-12 15:04:53,009:INFO: Loading the datasets...
2019-01-12 15:04:57,478:INFO: - done.
2019-01-12 15:04:57,479:INFO: For k-fold 1/5:
2019-01-12 15:04:57,479:INFO: Starting training for 45 epoch(s)
2019-01-12 15:04:57,479:INFO: Epoch 1/45
2019-01-12 15:05:08,625:INFO: - Train metrics: dsc: 0.075 ; iou: 0.040 ; accuracy: 0.821 ; precision: 0.041 ; recall: 0.821 ; loss: 0.969
2019-01-12 15:05:09,693:INFO: - Eval metrics : dsc: 0.106 ; iou: 0.058 ; accuracy: 0.882 ; precision: 0.059 ; recall: 0.730 ; loss: 0.960
2019-01-12 15:05:09,711:INFO: - Found new best DSC
2019-01-12 15:05:09,711:INFO: Epoch 2/45
2019-01-12 15:05:20,923:INFO: - Train metrics: dsc: 0.128 ; iou: 0.071 ; accuracy: 0.881 ; precision: 0.073 ; recall: 0.858 ; loss: 0.954
2019-01-12 15:05:22,023:INFO: - Eval metrics : dsc: 0.230 ; iou: 0.139 ; accuracy: 0.946 ; precision: 0.141 ; recall: 0.824 ; loss: 0.935
2019-01-12 15:05:22,054:INFO: - Found new best DSC
2019-01-12 15:05:22,054:INFO: Epoch 3/45
2019-01-12 15:05:33,309:INFO: - Train metrics: dsc: 0.271 ; iou: 0.171 ; accuracy: 0.953 ; precision: 0.176 ; recall: 0.866 ; loss: 0.932
2019-01-12 15:05:34,402:INFO: - Eval metrics : dsc: 0.298 ; iou: 0.187 ; accuracy: 0.965 ; precision: 0.188 ; recall: 0.883 ; loss: 0.912
2019-01-12 15:05:34,426:INFO: - Found new best DSC
2019-01-12 15:05:34,426:INFO: Epoch 4/45
2019-01-12 15:05:45,686:INFO: - Train metrics: dsc: 0.452 ; iou: 0.327 ; accuracy: 0.982 ; precision: 0.339 ; recall: 0.876 ; loss: 0.889
2019-01-12 15:05:46,787:INFO: - Eval metrics : dsc: 0.578 ; iou: 0.453 ; accuracy: 0.992 ; precision: 0.463 ; recall: 0.862 ; loss: 0.844
2019-01-12 15:05:46,811:INFO: - Found new best DSC
2019-01-12 15:05:46,811:INFO: Epoch 5/45
2019-01-12 15:05:58,056:INFO: - Train metrics: dsc: 0.598 ; iou: 0.475 ; accuracy: 0.991 ; precision: 0.497 ; recall: 0.875 ; loss: 0.809
2019-01-12 15:05:59,144:INFO: - Eval metrics : dsc: 0.626 ; iou: 0.503 ; accuracy: 0.993 ; precision: 0.509 ; recall: 0.894 ; loss: 0.740
2019-01-12 15:05:59,176:INFO: - Found new best DSC
2019-01-12 15:05:59,176:INFO: Epoch 6/45
2019-01-12 15:06:10,386:INFO: - Train metrics: dsc: 0.688 ; iou: 0.581 ; accuracy: 0.995 ; precision: 0.629 ; recall: 0.867 ; loss: 0.677
2019-01-12 15:06:11,485:INFO: - Eval metrics : dsc: 0.669 ; iou: 0.559 ; accuracy: 0.995 ; precision: 0.583 ; recall: 0.880 ; loss: 0.604
2019-01-12 15:06:11,517:INFO: - Found new best DSC
2019-01-12 15:06:11,518:INFO: Epoch 7/45
2019-01-12 15:06:22,729:INFO: - Train metrics: dsc: 0.737 ; iou: 0.638 ; accuracy: 0.997 ; precision: 0.702 ; recall: 0.864 ; loss: 0.522
2019-01-12 15:06:23,870:INFO: - Eval metrics : dsc: 0.746 ; iou: 0.653 ; accuracy: 0.997 ; precision: 0.691 ; recall: 0.880 ; loss: 0.446
2019-01-12 15:06:23,905:INFO: - Found new best DSC
2019-01-12 15:06:23,905:INFO: Epoch 8/45
2019-01-12 15:06:35,181:INFO: - Train metrics: dsc: 0.770 ; iou: 0.681 ; accuracy: 0.997 ; precision: 0.752 ; recall: 0.859 ; loss: 0.399
2019-01-12 15:06:36,267:INFO: - Eval metrics : dsc: 0.794 ; iou: 0.714 ; accuracy: 0.998 ; precision: 0.771 ; recall: 0.876 ; loss: 0.347
2019-01-12 15:06:36,298:INFO: - Found new best DSC
2019-01-12 15:06:36,298:INFO: Epoch 9/45
2019-01-12 15:06:47,516:INFO: - Train metrics: dsc: 0.784 ; iou: 0.700 ; accuracy: 0.998 ; precision: 0.783 ; recall: 0.860 ; loss: 0.326
2019-01-12 15:06:48,596:INFO: - Eval metrics : dsc: 0.808 ; iou: 0.733 ; accuracy: 0.998 ; precision: 0.813 ; recall: 0.860 ; loss: 0.295
2019-01-12 15:06:48,615:INFO: - Found new best DSC
2019-01-12 15:06:48,615:INFO: Epoch 10/45
2019-01-12 15:06:59,872:INFO: - Train metrics: dsc: 0.797 ; iou: 0.714 ; accuracy: 0.998 ; precision: 0.803 ; recall: 0.860 ; loss: 0.282
2019-01-12 15:07:01,045:INFO: - Eval metrics : dsc: 0.812 ; iou: 0.738 ; accuracy: 0.998 ; precision: 0.805 ; recall: 0.879 ; loss: 0.256
2019-01-12 15:07:01,071:INFO: - Found new best DSC
2019-01-12 15:07:01,071:INFO: Epoch 11/45
2019-01-12 15:07:12,364:INFO: - Train metrics: dsc: 0.811 ; iou: 0.731 ; accuracy: 0.998 ; precision: 0.814 ; recall: 0.873 ; loss: 0.246
2019-01-12 15:07:13,467:INFO: - Eval metrics : dsc: 0.830 ; iou: 0.758 ; accuracy: 0.999 ; precision: 0.864 ; recall: 0.861 ; loss: 0.237
2019-01-12 15:07:13,488:INFO: - Found new best DSC
2019-01-12 15:07:13,488:INFO: Epoch 12/45
2019-01-12 15:07:24,671:INFO: - Train metrics: dsc: 0.815 ; iou: 0.734 ; accuracy: 0.998 ; precision: 0.822 ; recall: 0.873 ; loss: 0.229
2019-01-12 15:07:25,789:INFO: - Eval metrics : dsc: 0.827 ; iou: 0.756 ; accuracy: 0.998 ; precision: 0.853 ; recall: 0.860 ; loss: 0.218
2019-01-12 15:07:25,811:INFO: Epoch 13/45
2019-01-12 15:07:37,053:INFO: - Train metrics: dsc: 0.826 ; iou: 0.746 ; accuracy: 0.998 ; precision: 0.832 ; recall: 0.877 ; loss: 0.212
2019-01-12 15:07:38,186:INFO: - Eval metrics : dsc: 0.826 ; iou: 0.753 ; accuracy: 0.998 ; precision: 0.802 ; recall: 0.901 ; loss: 0.211
2019-01-12 15:07:38,215:INFO: Epoch 14/45
2019-01-12 15:07:49,426:INFO: - Train metrics: dsc: 0.829 ; iou: 0.750 ; accuracy: 0.998 ; precision: 0.839 ; recall: 0.882 ; loss: 0.198
2019-01-12 15:07:50,557:INFO: - Eval metrics : dsc: 0.825 ; iou: 0.746 ; accuracy: 0.998 ; precision: 0.789 ; recall: 0.922 ; loss: 0.202
2019-01-12 15:07:50,585:INFO: Epoch 15/45
2019-01-12 15:08:01,946:INFO: - Train metrics: dsc: 0.831 ; iou: 0.753 ; accuracy: 0.998 ; precision: 0.837 ; recall: 0.881 ; loss: 0.195
2019-01-12 15:08:03,070:INFO: - Eval metrics : dsc: 0.842 ; iou: 0.769 ; accuracy: 0.999 ; precision: 0.878 ; recall: 0.864 ; loss: 0.191
2019-01-12 15:08:03,096:INFO: - Found new best DSC
2019-01-12 15:08:03,096:INFO: Epoch 16/45
2019-01-12 15:08:14,316:INFO: - Train metrics: dsc: 0.839 ; iou: 0.762 ; accuracy: 0.998 ; precision: 0.847 ; recall: 0.883 ; loss: 0.180
2019-01-12 15:08:15,406:INFO: - Eval metrics : dsc: 0.842 ; iou: 0.768 ; accuracy: 0.999 ; precision: 0.855 ; recall: 0.880 ; loss: 0.182
2019-01-12 15:08:15,439:INFO: - Found new best DSC
2019-01-12 15:08:15,439:INFO: Epoch 17/45
2019-01-12 15:08:26,707:INFO: - Train metrics: dsc: 0.839 ; iou: 0.762 ; accuracy: 0.998 ; precision: 0.849 ; recall: 0.885 ; loss: 0.177
2019-01-12 15:08:27,842:INFO: - Eval metrics : dsc: 0.840 ; iou: 0.766 ; accuracy: 0.998 ; precision: 0.820 ; recall: 0.917 ; loss: 0.178
2019-01-12 15:08:27,863:INFO: Epoch 18/45
2019-01-12 15:08:39,136:INFO: - Train metrics: dsc: 0.842 ; iou: 0.769 ; accuracy: 0.998 ; precision: 0.856 ; recall: 0.886 ; loss: 0.170
2019-01-12 15:08:40,272:INFO: - Eval metrics : dsc: 0.830 ; iou: 0.755 ; accuracy: 0.998 ; precision: 0.785 ; recall: 0.932 ; loss: 0.184
2019-01-12 15:08:40,313:INFO: Epoch 19/45
2019-01-12 15:08:51,569:INFO: - Train metrics: dsc: 0.852 ; iou: 0.780 ; accuracy: 0.999 ; precision: 0.869 ; recall: 0.894 ; loss: 0.159
2019-01-12 15:08:52,654:INFO: - Eval metrics : dsc: 0.837 ; iou: 0.766 ; accuracy: 0.999 ; precision: 0.852 ; recall: 0.878 ; loss: 0.175
2019-01-12 15:08:52,678:INFO: Epoch 20/45
2019-01-12 15:09:03,858:INFO: - Train metrics: dsc: 0.858 ; iou: 0.785 ; accuracy: 0.999 ; precision: 0.867 ; recall: 0.894 ; loss: 0.155
2019-01-12 15:09:04,969:INFO: - Eval metrics : dsc: 0.851 ; iou: 0.784 ; accuracy: 0.999 ; precision: 0.852 ; recall: 0.908 ; loss: 0.161
2019-01-12 15:09:04,992:INFO: - Found new best DSC
2019-01-12 15:09:04,992:INFO: Epoch 21/45
2019-01-12 15:09:16,201:INFO: - Train metrics: dsc: 0.853 ; iou: 0.781 ; accuracy: 0.999 ; precision: 0.868 ; recall: 0.890 ; loss: 0.157
2019-01-12 15:09:17,307:INFO: - Eval metrics : dsc: 0.832 ; iou: 0.763 ; accuracy: 0.999 ; precision: 0.858 ; recall: 0.873 ; loss: 0.174
2019-01-12 15:09:17,328:INFO: Epoch 22/45
2019-01-12 15:09:28,660:INFO: - Train metrics: dsc: 0.861 ; iou: 0.790 ; accuracy: 0.999 ; precision: 0.873 ; recall: 0.897 ; loss: 0.147
2019-01-12 15:09:29,738:INFO: - Eval metrics : dsc: 0.848 ; iou: 0.782 ; accuracy: 0.999 ; precision: 0.874 ; recall: 0.896 ; loss: 0.159
2019-01-12 15:09:29,765:INFO: Epoch 23/45
2019-01-12 15:09:40,944:INFO: - Train metrics: dsc: 0.854 ; iou: 0.781 ; accuracy: 0.998 ; precision: 0.880 ; recall: 0.881 ; loss: 0.156
2019-01-12 15:09:42,036:INFO: - Eval metrics : dsc: 0.850 ; iou: 0.782 ; accuracy: 0.999 ; precision: 0.859 ; recall: 0.894 ; loss: 0.160
2019-01-12 15:09:42,063:INFO: Epoch 24/45
2019-01-12 15:09:53,314:INFO: - Train metrics: dsc: 0.857 ; iou: 0.785 ; accuracy: 0.999 ; precision: 0.876 ; recall: 0.890 ; loss: 0.148
2019-01-12 15:09:54,407:INFO: - Eval metrics : dsc: 0.850 ; iou: 0.782 ; accuracy: 0.999 ; precision: 0.878 ; recall: 0.884 ; loss: 0.154
2019-01-12 15:09:54,428:INFO: Epoch 25/45
2019-01-12 15:10:05,737:INFO: - Train metrics: dsc: 0.853 ; iou: 0.778 ; accuracy: 0.998 ; precision: 0.870 ; recall: 0.884 ; loss: 0.152
2019-01-12 15:10:06,838:INFO: - Eval metrics : dsc: 0.851 ; iou: 0.779 ; accuracy: 0.999 ; precision: 0.852 ; recall: 0.898 ; loss: 0.157
2019-01-12 15:10:06,873:INFO: Epoch 26/45
2019-01-12 15:10:18,063:INFO: - Train metrics: dsc: 0.859 ; iou: 0.787 ; accuracy: 0.999 ; precision: 0.883 ; recall: 0.885 ; loss: 0.143
2019-01-12 15:10:19,147:INFO: - Eval metrics : dsc: 0.802 ; iou: 0.730 ; accuracy: 0.998 ; precision: 0.879 ; recall: 0.822 ; loss: 0.195
2019-01-12 15:10:19,168:INFO: Epoch 27/45
2019-01-12 15:10:30,355:INFO: - Train metrics: dsc: 0.858 ; iou: 0.787 ; accuracy: 0.999 ; precision: 0.876 ; recall: 0.889 ; loss: 0.143
2019-01-12 15:10:31,444:INFO: - Eval metrics : dsc: 0.843 ; iou: 0.773 ; accuracy: 0.999 ; precision: 0.814 ; recall: 0.922 ; loss: 0.158
2019-01-12 15:10:31,466:INFO: Epoch 28/45
2019-01-12 15:10:42,790:INFO: - Train metrics: dsc: 0.866 ; iou: 0.794 ; accuracy: 0.999 ; precision: 0.885 ; recall: 0.887 ; loss: 0.134
2019-01-12 15:10:43,904:INFO: - Eval metrics : dsc: 0.821 ; iou: 0.752 ; accuracy: 0.999 ; precision: 0.925 ; recall: 0.816 ; loss: 0.170
2019-01-12 15:10:43,926:INFO: Epoch 29/45
2019-01-12 15:10:55,141:INFO: - Train metrics: dsc: 0.837 ; iou: 0.763 ; accuracy: 0.998 ; precision: 0.886 ; recall: 0.856 ; loss: 0.162
2019-01-12 15:10:56,231:INFO: - Eval metrics : dsc: 0.746 ; iou: 0.656 ; accuracy: 0.998 ; precision: 0.898 ; recall: 0.728 ; loss: 0.249
2019-01-12 15:10:56,253:INFO: Epoch 30/45
2019-01-12 15:11:07,517:INFO: - Train metrics: dsc: 0.860 ; iou: 0.787 ; accuracy: 0.998 ; precision: 0.887 ; recall: 0.881 ; loss: 0.132
2019-01-12 15:11:08,604:INFO: - Eval metrics : dsc: 0.834 ; iou: 0.768 ; accuracy: 0.999 ; precision: 0.902 ; recall: 0.854 ; loss: 0.156
2019-01-12 15:11:08,636:INFO: Epoch 31/45
2019-01-12 15:11:19,904:INFO: - Train metrics: dsc: 0.869 ; iou: 0.799 ; accuracy: 0.999 ; precision: 0.890 ; recall: 0.892 ; loss: 0.120
2019-01-12 15:11:21,025:INFO: - Eval metrics : dsc: 0.816 ; iou: 0.746 ; accuracy: 0.999 ; precision: 0.910 ; recall: 0.816 ; loss: 0.168
2019-01-12 15:11:21,056:INFO: Epoch 32/45
2019-01-12 15:11:32,312:INFO: - Train metrics: dsc: 0.862 ; iou: 0.790 ; accuracy: 0.999 ; precision: 0.887 ; recall: 0.885 ; loss: 0.126
2019-01-12 15:11:33,452:INFO: - Eval metrics : dsc: 0.842 ; iou: 0.777 ; accuracy: 0.999 ; precision: 0.864 ; recall: 0.893 ; loss: 0.146
2019-01-12 15:11:33,473:INFO: Epoch 33/45
2019-01-12 15:11:44,674:INFO: - Train metrics: dsc: 0.844 ; iou: 0.772 ; accuracy: 0.998 ; precision: 0.899 ; recall: 0.855 ; loss: 0.145
2019-01-12 15:11:45,753:INFO: - Eval metrics : dsc: 0.619 ; iou: 0.538 ; accuracy: 0.997 ; precision: 0.978 ; recall: 0.551 ; loss: 0.353
2019-01-12 15:11:45,773:INFO: Epoch 34/45
2019-01-12 15:11:57,012:INFO: - Train metrics: dsc: 0.857 ; iou: 0.784 ; accuracy: 0.999 ; precision: 0.874 ; recall: 0.884 ; loss: 0.131
2019-01-12 15:11:58,124:INFO: - Eval metrics : dsc: 0.854 ; iou: 0.787 ; accuracy: 0.999 ; precision: 0.874 ; recall: 0.897 ; loss: 0.132
2019-01-12 15:11:58,154:INFO: - Found new best DSC
2019-01-12 15:11:58,155:INFO: Epoch 35/45
2019-01-12 15:12:09,362:INFO: - Train metrics: dsc: 0.870 ; iou: 0.802 ; accuracy: 0.999 ; precision: 0.892 ; recall: 0.893 ; loss: 0.114
2019-01-12 15:12:10,456:INFO: - Eval metrics : dsc: 0.841 ; iou: 0.770 ; accuracy: 0.999 ; precision: 0.920 ; recall: 0.835 ; loss: 0.142
2019-01-12 15:12:10,483:INFO: Epoch 36/45
2019-01-12 15:12:21,644:INFO: - Train metrics: dsc: 0.859 ; iou: 0.784 ; accuracy: 0.998 ; precision: 0.890 ; recall: 0.872 ; loss: 0.128
2019-01-12 15:12:22,754:INFO: - Eval metrics : dsc: 0.836 ; iou: 0.759 ; accuracy: 0.998 ; precision: 0.853 ; recall: 0.890 ; loss: 0.155
2019-01-12 15:12:22,776:INFO: Epoch 37/45
2019-01-12 15:12:33,981:INFO: - Train metrics: dsc: 0.855 ; iou: 0.781 ; accuracy: 0.998 ; precision: 0.884 ; recall: 0.875 ; loss: 0.129
2019-01-12 15:12:35,062:INFO: - Eval metrics : dsc: 0.856 ; iou: 0.790 ; accuracy: 0.999 ; precision: 0.867 ; recall: 0.910 ; loss: 0.131
2019-01-12 15:12:35,094:INFO: - Found new best DSC
2019-01-12 15:12:35,094:INFO: Epoch 38/45
2019-01-12 15:12:46,289:INFO: - Train metrics: dsc: 0.867 ; iou: 0.797 ; accuracy: 0.999 ; precision: 0.879 ; recall: 0.901 ; loss: 0.120
2019-01-12 15:12:47,370:INFO: - Eval metrics : dsc: 0.854 ; iou: 0.790 ; accuracy: 0.999 ; precision: 0.883 ; recall: 0.896 ; loss: 0.133
2019-01-12 15:12:47,391:INFO: Epoch 39/45
2019-01-12 15:12:58,638:INFO: - Train metrics: dsc: 0.875 ; iou: 0.804 ; accuracy: 0.999 ; precision: 0.898 ; recall: 0.891 ; loss: 0.105
2019-01-12 15:12:59,727:INFO: - Eval metrics : dsc: 0.850 ; iou: 0.786 ; accuracy: 0.999 ; precision: 0.875 ; recall: 0.896 ; loss: 0.136
2019-01-12 15:12:59,748:INFO: Epoch 40/45
2019-01-12 15:13:11,043:INFO: - Train metrics: dsc: 0.869 ; iou: 0.800 ; accuracy: 0.999 ; precision: 0.898 ; recall: 0.888 ; loss: 0.112
2019-01-12 15:13:12,126:INFO: - Eval metrics : dsc: 0.854 ; iou: 0.789 ; accuracy: 0.999 ; precision: 0.877 ; recall: 0.899 ; loss: 0.128
2019-01-12 15:13:12,156:INFO: Epoch 41/45
2019-01-12 15:13:23,381:INFO: - Train metrics: dsc: 0.868 ; iou: 0.798 ; accuracy: 0.999 ; precision: 0.893 ; recall: 0.886 ; loss: 0.111
2019-01-12 15:13:24,528:INFO: - Eval metrics : dsc: 0.839 ; iou: 0.775 ; accuracy: 0.999 ; precision: 0.904 ; recall: 0.859 ; loss: 0.134
2019-01-12 15:13:24,550:INFO: Epoch 42/45
2019-01-12 15:13:35,787:INFO: - Train metrics: dsc: 0.865 ; iou: 0.794 ; accuracy: 0.999 ; precision: 0.893 ; recall: 0.885 ; loss: 0.114
2019-01-12 15:13:36,909:INFO: - Eval metrics : dsc: 0.858 ; iou: 0.787 ; accuracy: 0.999 ; precision: 0.839 ; recall: 0.930 ; loss: 0.125
2019-01-12 15:13:36,940:INFO: - Found new best DSC
2019-01-12 15:13:36,940:INFO: Epoch 43/45
2019-01-12 15:13:48,143:INFO: - Train metrics: dsc: 0.870 ; iou: 0.800 ; accuracy: 0.999 ; precision: 0.900 ; recall: 0.887 ; loss: 0.106
2019-01-12 15:13:49,233:INFO: - Eval metrics : dsc: 0.858 ; iou: 0.793 ; accuracy: 0.999 ; precision: 0.867 ; recall: 0.899 ; loss: 0.124
2019-01-12 15:13:49,254:INFO: Epoch 44/45
2019-01-12 15:14:00,579:INFO: - Train metrics: dsc: 0.879 ; iou: 0.811 ; accuracy: 0.999 ; precision: 0.893 ; recall: 0.902 ; loss: 0.099
2019-01-12 15:14:01,695:INFO: - Eval metrics : dsc: 0.851 ; iou: 0.787 ; accuracy: 0.999 ; precision: 0.873 ; recall: 0.893 ; loss: 0.132
2019-01-12 15:14:01,730:INFO: Epoch 45/45
2019-01-12 15:14:12,963:INFO: - Train metrics: dsc: 0.885 ; iou: 0.818 ; accuracy: 0.999 ; precision: 0.903 ; recall: 0.902 ; loss: 0.090
2019-01-12 15:14:14,037:INFO: - Eval metrics : dsc: 0.869 ; iou: 0.804 ; accuracy: 0.999 ; precision: 0.874 ; recall: 0.911 ; loss: 0.117
2019-01-12 15:14:14,060:INFO: - Found new best DSC
2019-01-12 15:14:14,160:INFO: Loading the datasets...
2019-01-12 15:14:18,655:INFO: - done.
2019-01-12 15:14:18,656:INFO: For k-fold 2/5:
2019-01-12 15:14:18,656:INFO: Starting training for 45 epoch(s)
2019-01-12 15:14:18,656:INFO: Epoch 1/45
2019-01-12 15:14:29,833:INFO: - Train metrics: dsc: 0.076 ; iou: 0.040 ; accuracy: 0.824 ; precision: 0.041 ; recall: 0.818 ; loss: 0.969
2019-01-12 15:14:30,938:INFO: - Eval metrics : dsc: 0.118 ; iou: 0.065 ; accuracy: 0.895 ; precision: 0.066 ; recall: 0.708 ; loss: 0.961
2019-01-12 15:14:30,971:INFO: - Found new best DSC
2019-01-12 15:14:30,972:INFO: Epoch 2/45
2019-01-12 15:14:42,112:INFO: - Train metrics: dsc: 0.141 ; iou: 0.080 ; accuracy: 0.895 ; precision: 0.083 ; recall: 0.843 ; loss: 0.953
2019-01-12 15:14:43,257:INFO: - Eval metrics : dsc: 0.302 ; iou: 0.194 ; accuracy: 0.965 ; precision: 0.196 ; recall: 0.831 ; loss: 0.930
2019-01-12 15:14:43,281:INFO: - Found new best DSC
2019-01-12 15:14:43,281:INFO: Epoch 3/45
2019-01-12 15:14:54,429:INFO: - Train metrics: dsc: 0.299 ; iou: 0.194 ; accuracy: 0.961 ; precision: 0.200 ; recall: 0.857 ; loss: 0.929
2019-01-12 15:14:55,563:INFO: - Eval metrics : dsc: 0.398 ; iou: 0.268 ; accuracy: 0.978 ; precision: 0.269 ; recall: 0.906 ; loss: 0.901
2019-01-12 15:14:55,596:INFO: - Found new best DSC
2019-01-12 15:14:55,596:INFO: Epoch 4/45
2019-01-12 15:15:06,820:INFO: - Train metrics: dsc: 0.466 ; iou: 0.340 ; accuracy: 0.983 ; precision: 0.352 ; recall: 0.863 ; loss: 0.885
2019-01-12 15:15:07,903:INFO: - Eval metrics : dsc: 0.482 ; iou: 0.345 ; accuracy: 0.986 ; precision: 0.351 ; recall: 0.912 ; loss: 0.837
2019-01-12 15:15:07,936:INFO: - Found new best DSC
2019-01-12 15:15:07,936:INFO: Epoch 5/45
2019-01-12 15:15:19,147:INFO: - Train metrics: dsc: 0.602 ; iou: 0.480 ; accuracy: 0.992 ; precision: 0.506 ; recall: 0.872 ; loss: 0.801
2019-01-12 15:15:20,265:INFO: - Eval metrics : dsc: 0.605 ; iou: 0.476 ; accuracy: 0.992 ; precision: 0.484 ; recall: 0.908 ; loss: 0.726
2019-01-12 15:15:20,288:INFO: - Found new best DSC
2019-01-12 15:15:20,289:INFO: Epoch 6/45
2019-01-12 15:15:31,568:INFO: - Train metrics: dsc: 0.694 ; iou: 0.587 ; accuracy: 0.995 ; precision: 0.637 ; recall: 0.867 ; loss: 0.669
2019-01-12 15:15:32,686:INFO: - Eval metrics : dsc: 0.752 ; iou: 0.660 ; accuracy: 0.997 ; precision: 0.697 ; recall: 0.885 ; loss: 0.574
2019-01-12 15:15:32,709:INFO: - Found new best DSC
2019-01-12 15:15:32,710:INFO: Epoch 7/45
2019-01-12 15:15:43,918:INFO: - Train metrics: dsc: 0.746 ; iou: 0.651 ; accuracy: 0.997 ; precision: 0.724 ; recall: 0.867 ; loss: 0.520
2019-01-12 15:15:45,029:INFO: - Eval metrics : dsc: 0.727 ; iou: 0.625 ; accuracy: 0.996 ; precision: 0.644 ; recall: 0.908 ; loss: 0.453
2019-01-12 15:15:45,058:INFO: Epoch 8/45
2019-01-12 15:15:56,312:INFO: - Train metrics: dsc: 0.779 ; iou: 0.692 ; accuracy: 0.998 ; precision: 0.764 ; recall: 0.862 ; loss: 0.397
2019-01-12 15:15:57,422:INFO: - Eval metrics : dsc: 0.829 ; iou: 0.752 ; accuracy: 0.998 ; precision: 0.821 ; recall: 0.888 ; loss: 0.332
2019-01-12 15:15:57,452:INFO: - Found new best DSC
2019-01-12 15:15:57,452:INFO: Epoch 9/45
2019-01-12 15:16:08,639:INFO: - Train metrics: dsc: 0.782 ; iou: 0.697 ; accuracy: 0.998 ; precision: 0.772 ; recall: 0.861 ; loss: 0.332
2019-01-12 15:16:09,731:INFO: - Eval metrics : dsc: 0.839 ; iou: 0.766 ; accuracy: 0.998 ; precision: 0.880 ; recall: 0.849 ; loss: 0.282
2019-01-12 15:16:09,762:INFO: - Found new best DSC
2019-01-12 15:16:09,762:INFO: Epoch 10/45
2019-01-12 15:16:20,940:INFO: - Train metrics: dsc: 0.803 ; iou: 0.720 ; accuracy: 0.998 ; precision: 0.807 ; recall: 0.871 ; loss: 0.279
2019-01-12 15:16:22,050:INFO: - Eval metrics : dsc: 0.814 ; iou: 0.735 ; accuracy: 0.998 ; precision: 0.769 ; recall: 0.932 ; loss: 0.246
2019-01-12 15:16:22,078:INFO: Epoch 11/45
2019-01-12 15:16:33,303:INFO: - Train metrics: dsc: 0.809 ; iou: 0.728 ; accuracy: 0.998 ; precision: 0.814 ; recall: 0.876 ; loss: 0.252
2019-01-12 15:16:34,441:INFO: - Eval metrics : dsc: 0.847 ; iou: 0.774 ; accuracy: 0.999 ; precision: 0.837 ; recall: 0.910 ; loss: 0.212
2019-01-12 15:16:34,473:INFO: - Found new best DSC
2019-01-12 15:16:34,474:INFO: Epoch 12/45
2019-01-12 15:16:45,715:INFO: - Train metrics: dsc: 0.817 ; iou: 0.736 ; accuracy: 0.998 ; precision: 0.826 ; recall: 0.879 ; loss: 0.230
2019-01-12 15:16:46,788:INFO: - Eval metrics : dsc: 0.840 ; iou: 0.766 ; accuracy: 0.998 ; precision: 0.830 ; recall: 0.899 ; loss: 0.207
2019-01-12 15:16:46,808:INFO: Epoch 13/45
2019-01-12 15:16:58,078:INFO: - Train metrics: dsc: 0.827 ; iou: 0.748 ; accuracy: 0.998 ; precision: 0.831 ; recall: 0.886 ; loss: 0.210
2019-01-12 15:16:59,223:INFO: - Eval metrics : dsc: 0.826 ; iou: 0.748 ; accuracy: 0.998 ; precision: 0.781 ; recall: 0.933 ; loss: 0.207
2019-01-12 15:16:59,255:INFO: Epoch 14/45
2019-01-12 15:17:10,498:INFO: - Train metrics: dsc: 0.821 ; iou: 0.740 ; accuracy: 0.998 ; precision: 0.829 ; recall: 0.883 ; loss: 0.205
2019-01-12 15:17:11,571:INFO: - Eval metrics : dsc: 0.846 ; iou: 0.773 ; accuracy: 0.999 ; precision: 0.825 ; recall: 0.917 ; loss: 0.185
2019-01-12 15:17:11,602:INFO: Epoch 15/45
2019-01-12 15:17:22,818:INFO: - Train metrics: dsc: 0.831 ; iou: 0.754 ; accuracy: 0.998 ; precision: 0.843 ; recall: 0.882 ; loss: 0.194
2019-01-12 15:17:23,899:INFO: - Eval metrics : dsc: 0.857 ; iou: 0.788 ; accuracy: 0.999 ; precision: 0.850 ; recall: 0.915 ; loss: 0.171
2019-01-12 15:17:23,924:INFO: - Found new best DSC
2019-01-12 15:17:23,924:INFO: Epoch 16/45
2019-01-12 15:17:35,201:INFO: - Train metrics: dsc: 0.829 ; iou: 0.753 ; accuracy: 0.998 ; precision: 0.840 ; recall: 0.883 ; loss: 0.186
2019-01-12 15:17:36,329:INFO: - Eval metrics : dsc: 0.856 ; iou: 0.787 ; accuracy: 0.999 ; precision: 0.860 ; recall: 0.905 ; loss: 0.165
2019-01-12 15:17:36,360:INFO: Epoch 17/45
2019-01-12 15:17:47,638:INFO: - Train metrics: dsc: 0.840 ; iou: 0.764 ; accuracy: 0.998 ; precision: 0.851 ; recall: 0.886 ; loss: 0.179
2019-01-12 15:17:48,765:INFO: - Eval metrics : dsc: 0.855 ; iou: 0.786 ; accuracy: 0.999 ; precision: 0.838 ; recall: 0.927 ; loss: 0.164
2019-01-12 15:17:48,796:INFO: Epoch 18/45
2019-01-12 15:18:00,017:INFO: - Train metrics: dsc: 0.837 ; iou: 0.763 ; accuracy: 0.998 ; precision: 0.850 ; recall: 0.892 ; loss: 0.173
2019-01-12 15:18:01,145:INFO: - Eval metrics : dsc: 0.847 ; iou: 0.774 ; accuracy: 0.998 ; precision: 0.826 ; recall: 0.932 ; loss: 0.166
2019-01-12 15:18:01,171:INFO: Epoch 19/45
2019-01-12 15:18:12,373:INFO: - Train metrics: dsc: 0.839 ; iou: 0.763 ; accuracy: 0.998 ; precision: 0.850 ; recall: 0.892 ; loss: 0.172
2019-01-12 15:18:13,477:INFO: - Eval metrics : dsc: 0.856 ; iou: 0.788 ; accuracy: 0.999 ; precision: 0.854 ; recall: 0.912 ; loss: 0.154
2019-01-12 15:18:13,498:INFO: Epoch 20/45
2019-01-12 15:18:24,755:INFO: - Train metrics: dsc: 0.838 ; iou: 0.763 ; accuracy: 0.998 ; precision: 0.843 ; recall: 0.889 ; loss: 0.170
2019-01-12 15:18:25,848:INFO: - Eval metrics : dsc: 0.870 ; iou: 0.804 ; accuracy: 0.999 ; precision: 0.881 ; recall: 0.912 ; loss: 0.149
2019-01-12 15:18:25,873:INFO: - Found new best DSC
2019-01-12 15:18:25,874:INFO: Epoch 21/45
2019-01-12 15:18:37,066:INFO: - Train metrics: dsc: 0.846 ; iou: 0.772 ; accuracy: 0.998 ; precision: 0.856 ; recall: 0.890 ; loss: 0.164
2019-01-12 15:18:38,182:INFO: - Eval metrics : dsc: 0.867 ; iou: 0.800 ; accuracy: 0.999 ; precision: 0.876 ; recall: 0.907 ; loss: 0.147
2019-01-12 15:18:38,203:INFO: Epoch 22/45
2019-01-12 15:18:49,473:INFO: - Train metrics: dsc: 0.851 ; iou: 0.777 ; accuracy: 0.999 ; precision: 0.856 ; recall: 0.897 ; loss: 0.159
2019-01-12 15:18:50,555:INFO: - Eval metrics : dsc: 0.836 ; iou: 0.764 ; accuracy: 0.998 ; precision: 0.803 ; recall: 0.927 ; loss: 0.169
2019-01-12 15:18:50,576:INFO: Epoch 23/45
2019-01-12 15:19:01,735:INFO: - Train metrics: dsc: 0.850 ; iou: 0.777 ; accuracy: 0.999 ; precision: 0.860 ; recall: 0.891 ; loss: 0.157
2019-01-12 15:19:02,822:INFO: - Eval metrics : dsc: 0.861 ; iou: 0.792 ; accuracy: 0.999 ; precision: 0.907 ; recall: 0.865 ; loss: 0.154
2019-01-12 15:19:02,847:INFO: Epoch 24/45
2019-01-12 15:19:14,204:INFO: - Train metrics: dsc: 0.855 ; iou: 0.783 ; accuracy: 0.999 ; precision: 0.868 ; recall: 0.897 ; loss: 0.150
2019-01-12 15:19:15,281:INFO: - Eval metrics : dsc: 0.875 ; iou: 0.811 ; accuracy: 0.999 ; precision: 0.892 ; recall: 0.907 ; loss: 0.131
2019-01-12 15:19:15,304:INFO: - Found new best DSC
2019-01-12 15:19:15,304:INFO: Epoch 25/45
2019-01-12 15:19:26,543:INFO: - Train metrics: dsc: 0.860 ; iou: 0.788 ; accuracy: 0.999 ; precision: 0.874 ; recall: 0.895 ; loss: 0.145
2019-01-12 15:19:27,654:INFO: - Eval metrics : dsc: 0.865 ; iou: 0.798 ; accuracy: 0.999 ; precision: 0.856 ; recall: 0.926 ; loss: 0.138
2019-01-12 15:19:27,683:INFO: Epoch 26/45
2019-01-12 15:19:38,875:INFO: - Train metrics: dsc: 0.859 ; iou: 0.788 ; accuracy: 0.999 ; precision: 0.874 ; recall: 0.893 ; loss: 0.144
2019-01-12 15:19:39,949:INFO: - Eval metrics : dsc: 0.868 ; iou: 0.803 ; accuracy: 0.999 ; precision: 0.899 ; recall: 0.887 ; loss: 0.130
2019-01-12 15:19:39,977:INFO: Epoch 27/45
2019-01-12 15:19:51,159:INFO: - Train metrics: dsc: 0.860 ; iou: 0.789 ; accuracy: 0.999 ; precision: 0.873 ; recall: 0.899 ; loss: 0.142
2019-01-12 15:19:52,291:INFO: - Eval metrics : dsc: 0.871 ; iou: 0.807 ; accuracy: 0.999 ; precision: 0.874 ; recall: 0.917 ; loss: 0.121
2019-01-12 15:19:52,312:INFO: Epoch 28/45
2019-01-12 15:20:03,541:INFO: - Train metrics: dsc: 0.868 ; iou: 0.797 ; accuracy: 0.999 ; precision: 0.875 ; recall: 0.903 ; loss: 0.134
2019-01-12 15:20:04,596:INFO: - Eval metrics : dsc: 0.877 ; iou: 0.813 ; accuracy: 0.999 ; precision: 0.923 ; recall: 0.877 ; loss: 0.116
2019-01-12 15:20:04,629:INFO: - Found new best DSC
2019-01-12 15:20:04,629:INFO: Epoch 29/45
2019-01-12 15:20:15,888:INFO: - Train metrics: dsc: 0.851 ; iou: 0.780 ; accuracy: 0.999 ; precision: 0.874 ; recall: 0.888 ; loss: 0.147
2019-01-12 15:20:17,014:INFO: - Eval metrics : dsc: 0.877 ; iou: 0.814 ; accuracy: 0.999 ; precision: 0.896 ; recall: 0.901 ; loss: 0.110
2019-01-12 15:20:17,042:INFO: Epoch 30/45
2019-01-12 15:20:28,306:INFO: - Train metrics: dsc: 0.866 ; iou: 0.795 ; accuracy: 0.999 ; precision: 0.878 ; recall: 0.895 ; loss: 0.132
2019-01-12 15:20:29,409:INFO: - Eval metrics : dsc: 0.831 ; iou: 0.751 ; accuracy: 0.998 ; precision: 0.909 ; recall: 0.821 ; loss: 0.159
2019-01-12 15:20:29,434:INFO: Epoch 31/45
2019-01-12 15:20:40,663:INFO: - Train metrics: dsc: 0.851 ; iou: 0.777 ; accuracy: 0.998 ; precision: 0.869 ; recall: 0.886 ; loss: 0.144
2019-01-12 15:20:41,750:INFO: - Eval metrics : dsc: 0.864 ; iou: 0.801 ; accuracy: 0.999 ; precision: 0.884 ; recall: 0.906 ; loss: 0.124
2019-01-12 15:20:41,779:INFO: Epoch 32/45
2019-01-12 15:20:52,947:INFO: - Train metrics: dsc: 0.847 ; iou: 0.773 ; accuracy: 0.998 ; precision: 0.875 ; recall: 0.878 ; loss: 0.149
2019-01-12 15:20:54,031:INFO: - Eval metrics : dsc: 0.862 ; iou: 0.798 ; accuracy: 0.999 ; precision: 0.866 ; recall: 0.921 ; loss: 0.125
2019-01-12 15:20:54,053:INFO: Epoch 33/45
2019-01-12 15:21:05,236:INFO: - Train metrics: dsc: 0.861 ; iou: 0.790 ; accuracy: 0.999 ; precision: 0.882 ; recall: 0.894 ; loss: 0.132
2019-01-12 15:21:06,321:INFO: - Eval metrics : dsc: 0.867 ; iou: 0.804 ; accuracy: 0.999 ; precision: 0.912 ; recall: 0.880 ; loss: 0.108
2019-01-12 15:21:06,348:INFO: Epoch 34/45
2019-01-12 15:21:17,488:INFO: - Train metrics: dsc: 0.868 ; iou: 0.798 ; accuracy: 0.999 ; precision: 0.884 ; recall: 0.899 ; loss: 0.123
2019-01-12 15:21:18,573:INFO: - Eval metrics : dsc: 0.857 ; iou: 0.793 ; accuracy: 0.999 ; precision: 0.875 ; recall: 0.907 ; loss: 0.132
2019-01-12 15:21:18,596:INFO: Epoch 35/45
2019-01-12 15:21:29,767:INFO: - Train metrics: dsc: 0.867 ; iou: 0.796 ; accuracy: 0.999 ; precision: 0.883 ; recall: 0.895 ; loss: 0.123
2019-01-12 15:21:30,862:INFO: - Eval metrics : dsc: 0.844 ; iou: 0.773 ; accuracy: 0.998 ; precision: 0.833 ; recall: 0.923 ; loss: 0.137
2019-01-12 15:21:30,890:INFO: Epoch 36/45
2019-01-12 15:21:42,051:INFO: - Train metrics: dsc: 0.854 ; iou: 0.782 ; accuracy: 0.999 ; precision: 0.888 ; recall: 0.876 ; loss: 0.133
2019-01-12 15:21:43,163:INFO: - Eval metrics : dsc: 0.866 ; iou: 0.800 ; accuracy: 0.999 ; precision: 0.877 ; recall: 0.908 ; loss: 0.109
2019-01-12 15:21:43,184:INFO: Epoch 37/45
2019-01-12 15:21:54,422:INFO: - Train metrics: dsc: 0.859 ; iou: 0.789 ; accuracy: 0.999 ; precision: 0.882 ; recall: 0.885 ; loss: 0.128
2019-01-12 15:21:55,511:INFO: - Eval metrics : dsc: 0.865 ; iou: 0.798 ; accuracy: 0.999 ; precision: 0.856 ; recall: 0.926 ; loss: 0.108
2019-01-12 15:21:55,532:INFO: Epoch 38/45
2019-01-12 15:22:06,803:INFO: - Train metrics: dsc: 0.864 ; iou: 0.793 ; accuracy: 0.999 ; precision: 0.879 ; recall: 0.894 ; loss: 0.124
2019-01-12 15:22:07,905:INFO: - Eval metrics : dsc: 0.884 ; iou: 0.819 ; accuracy: 0.999 ; precision: 0.898 ; recall: 0.900 ; loss: 0.090
2019-01-12 15:22:07,929:INFO: - Found new best DSC
2019-01-12 15:22:07,929:INFO: Epoch 39/45
2019-01-12 15:22:19,066:INFO: - Train metrics: dsc: 0.865 ; iou: 0.795 ; accuracy: 0.999 ; precision: 0.879 ; recall: 0.901 ; loss: 0.124
2019-01-12 15:22:20,172:INFO: - Eval metrics : dsc: 0.877 ; iou: 0.811 ; accuracy: 0.999 ; precision: 0.861 ; recall: 0.936 ; loss: 0.096
2019-01-12 15:22:20,194:INFO: Epoch 40/45
2019-01-12 15:22:31,495:INFO: - Train metrics: dsc: 0.877 ; iou: 0.809 ; accuracy: 0.999 ; precision: 0.886 ; recall: 0.904 ; loss: 0.108
2019-01-12 15:22:32,658:INFO: - Eval metrics : dsc: 0.874 ; iou: 0.808 ; accuracy: 0.999 ; precision: 0.866 ; recall: 0.933 ; loss: 0.100
2019-01-12 15:22:32,696:INFO: Epoch 41/45
2019-01-12 15:22:43,961:INFO: - Train metrics: dsc: 0.869 ; iou: 0.800 ; accuracy: 0.999 ; precision: 0.898 ; recall: 0.886 ; loss: 0.111
2019-01-12 15:22:45,087:INFO: - Eval metrics : dsc: 0.859 ; iou: 0.793 ; accuracy: 0.999 ; precision: 0.901 ; recall: 0.879 ; loss: 0.099
2019-01-12 15:22:45,110:INFO: Epoch 42/45
2019-01-12 15:22:56,423:INFO: - Train metrics: dsc: 0.862 ; iou: 0.793 ; accuracy: 0.999 ; precision: 0.880 ; recall: 0.894 ; loss: 0.122
2019-01-12 15:22:57,566:INFO: - Eval metrics : dsc: 0.872 ; iou: 0.810 ; accuracy: 0.999 ; precision: 0.891 ; recall: 0.905 ; loss: 0.108
2019-01-12 15:22:57,611:INFO: Epoch 43/45
2019-01-12 15:23:08,854:INFO: - Train metrics: dsc: 0.861 ; iou: 0.796 ; accuracy: 0.999 ; precision: 0.892 ; recall: 0.886 ; loss: 0.121
2019-01-12 15:23:09,989:INFO: - Eval metrics : dsc: 0.862 ; iou: 0.801 ; accuracy: 0.999 ; precision: 0.896 ; recall: 0.889 ; loss: 0.111
2019-01-12 15:23:10,020:INFO: Epoch 44/45
2019-01-12 15:23:21,285:INFO: - Train metrics: dsc: 0.856 ; iou: 0.787 ; accuracy: 0.999 ; precision: 0.892 ; recall: 0.879 ; loss: 0.126
2019-01-12 15:23:22,391:INFO: - Eval metrics : dsc: 0.877 ; iou: 0.817 ; accuracy: 0.999 ; precision: 0.906 ; recall: 0.898 ; loss: 0.091
2019-01-12 15:23:22,411:INFO: Epoch 45/45
2019-01-12 15:23:33,675:INFO: - Train metrics: dsc: 0.856 ; iou: 0.786 ; accuracy: 0.999 ; precision: 0.890 ; recall: 0.879 ; loss: 0.129
2019-01-12 15:23:34,778:INFO: - Eval metrics : dsc: 0.873 ; iou: 0.810 ; accuracy: 0.999 ; precision: 0.887 ; recall: 0.911 ; loss: 0.107
2019-01-12 15:23:34,888:INFO: Loading the datasets...
2019-01-12 15:23:39,261:INFO: - done.
2019-01-12 15:23:39,262:INFO: For k-fold 3/5:
2019-01-12 15:23:39,262:INFO: Starting training for 45 epoch(s)
2019-01-12 15:23:39,262:INFO: Epoch 1/45
2019-01-12 15:23:50,351:INFO: - Train metrics: dsc: 0.075 ; iou: 0.040 ; accuracy: 0.823 ; precision: 0.041 ; recall: 0.818 ; loss: 0.969
2019-01-12 15:23:51,443:INFO: - Eval metrics : dsc: 0.126 ; iou: 0.070 ; accuracy: 0.906 ; precision: 0.072 ; recall: 0.666 ; loss: 0.959
2019-01-12 15:23:51,474:INFO: - Found new best DSC
2019-01-12 15:23:51,474:INFO: Epoch 2/45
2019-01-12 15:24:02,557:INFO: - Train metrics: dsc: 0.139 ; iou: 0.078 ; accuracy: 0.896 ; precision: 0.080 ; recall: 0.839 ; loss: 0.954
2019-01-12 15:24:03,688:INFO: - Eval metrics : dsc: 0.307 ; iou: 0.197 ; accuracy: 0.963 ; precision: 0.202 ; recall: 0.846 ; loss: 0.932
2019-01-12 15:24:03,719:INFO: - Found new best DSC
2019-01-12 15:24:03,719:INFO: Epoch 3/45
2019-01-12 15:24:14,871:INFO: - Train metrics: dsc: 0.292 ; iou: 0.189 ; accuracy: 0.960 ; precision: 0.195 ; recall: 0.849 ; loss: 0.931
2019-01-12 15:24:16,015:INFO: - Eval metrics : dsc: 0.369 ; iou: 0.241 ; accuracy: 0.974 ; precision: 0.243 ; recall: 0.909 ; loss: 0.906
2019-01-12 15:24:16,038:INFO: - Found new best DSC
2019-01-12 15:24:16,039:INFO: Epoch 4/45
2019-01-12 15:24:27,304:INFO: - Train metrics: dsc: 0.455 ; iou: 0.330 ; accuracy: 0.983 ; precision: 0.342 ; recall: 0.852 ; loss: 0.891
2019-01-12 15:24:28,431:INFO: - Eval metrics : dsc: 0.595 ; iou: 0.464 ; accuracy: 0.992 ; precision: 0.473 ; recall: 0.893 ; loss: 0.841
2019-01-12 15:24:28,459:INFO: - Found new best DSC
2019-01-12 15:24:28,459:INFO: Epoch 5/45
2019-01-12 15:24:39,658:INFO: - Train metrics: dsc: 0.560 ; iou: 0.438 ; accuracy: 0.990 ; precision: 0.470 ; recall: 0.846 ; loss: 0.820
2019-01-12 15:24:40,740:INFO: - Eval metrics : dsc: 0.655 ; iou: 0.533 ; accuracy: 0.994 ; precision: 0.548 ; recall: 0.898 ; loss: 0.736
2019-01-12 15:24:40,763:INFO: - Found new best DSC
2019-01-12 15:24:40,763:INFO: Epoch 6/45
2019-01-12 15:24:51,963:INFO: - Train metrics: dsc: 0.673 ; iou: 0.568 ; accuracy: 0.995 ; precision: 0.613 ; recall: 0.848 ; loss: 0.693
2019-01-12 15:24:53,064:INFO: - Eval metrics : dsc: 0.746 ; iou: 0.650 ; accuracy: 0.997 ; precision: 0.680 ; recall: 0.893 ; loss: 0.585
2019-01-12 15:24:53,092:INFO: - Found new best DSC
2019-01-12 15:24:53,092:INFO: Epoch 7/45
2019-01-12 15:25:04,368:INFO: - Train metrics: dsc: 0.719 ; iou: 0.622 ; accuracy: 0.996 ; precision: 0.696 ; recall: 0.849 ; loss: 0.553
2019-01-12 15:25:05,478:INFO: - Eval metrics : dsc: 0.811 ; iou: 0.732 ; accuracy: 0.998 ; precision: 0.809 ; recall: 0.868 ; loss: 0.440
2019-01-12 15:25:05,508:INFO: - Found new best DSC
2019-01-12 15:25:05,508:INFO: Epoch 8/45
2019-01-12 15:25:16,669:INFO: - Train metrics: dsc: 0.768 ; iou: 0.681 ; accuracy: 0.997 ; precision: 0.757 ; recall: 0.855 ; loss: 0.424
2019-01-12 15:25:17,786:INFO: - Eval metrics : dsc: 0.816 ; iou: 0.739 ; accuracy: 0.998 ; precision: 0.812 ; recall: 0.884 ; loss: 0.328
2019-01-12 15:25:17,811:INFO: - Found new best DSC
2019-01-12 15:25:17,812:INFO: Epoch 9/45
2019-01-12 15:25:29,090:INFO: - Train metrics: dsc: 0.778 ; iou: 0.695 ; accuracy: 0.998 ; precision: 0.789 ; recall: 0.851 ; loss: 0.339
2019-01-12 15:25:30,222:INFO: - Eval metrics : dsc: 0.817 ; iou: 0.741 ; accuracy: 0.998 ; precision: 0.804 ; recall: 0.895 ; loss: 0.272
2019-01-12 15:25:30,252:INFO: - Found new best DSC
2019-01-12 15:25:30,252:INFO: Epoch 10/45
2019-01-12 15:25:41,454:INFO: - Train metrics: dsc: 0.792 ; iou: 0.709 ; accuracy: 0.998 ; precision: 0.793 ; recall: 0.866 ; loss: 0.280
2019-01-12 15:25:42,525:INFO: - Eval metrics : dsc: 0.826 ; iou: 0.748 ; accuracy: 0.998 ; precision: 0.894 ; recall: 0.830 ; loss: 0.232
2019-01-12 15:25:42,556:INFO: - Found new best DSC
2019-01-12 15:25:42,556:INFO: Epoch 11/45
2019-01-12 15:25:53,738:INFO: - Train metrics: dsc: 0.809 ; iou: 0.729 ; accuracy: 0.998 ; precision: 0.818 ; recall: 0.871 ; loss: 0.245
2019-01-12 15:25:54,883:INFO: - Eval metrics : dsc: 0.839 ; iou: 0.766 ; accuracy: 0.998 ; precision: 0.884 ; recall: 0.852 ; loss: 0.211
2019-01-12 15:25:54,912:INFO: - Found new best DSC
2019-01-12 15:25:54,913:INFO: Epoch 12/45
2019-01-12 15:26:06,139:INFO: - Train metrics: dsc: 0.810 ; iou: 0.731 ; accuracy: 0.998 ; precision: 0.830 ; recall: 0.868 ; loss: 0.230
2019-01-12 15:26:07,226:INFO: - Eval metrics : dsc: 0.839 ; iou: 0.765 ; accuracy: 0.998 ; precision: 0.873 ; recall: 0.859 ; loss: 0.195
2019-01-12 15:26:07,260:INFO: - Found new best DSC
2019-01-12 15:26:07,260:INFO: Epoch 13/45
2019-01-12 15:26:18,598:INFO: - Train metrics: dsc: 0.822 ; iou: 0.743 ; accuracy: 0.998 ; precision: 0.827 ; recall: 0.873 ; loss: 0.211
2019-01-12 15:26:19,729:INFO: - Eval metrics : dsc: 0.839 ; iou: 0.764 ; accuracy: 0.998 ; precision: 0.862 ; recall: 0.874 ; loss: 0.185
2019-01-12 15:26:19,758:INFO: - Found new best DSC
2019-01-12 15:26:19,758:INFO: Epoch 14/45
2019-01-12 15:26:30,964:INFO: - Train metrics: dsc: 0.822 ; iou: 0.744 ; accuracy: 0.998 ; precision: 0.834 ; recall: 0.876 ; loss: 0.202
2019-01-12 15:26:32,101:INFO: - Eval metrics : dsc: 0.836 ; iou: 0.755 ; accuracy: 0.998 ; precision: 0.800 ; recall: 0.923 ; loss: 0.179
2019-01-12 15:26:32,131:INFO: Epoch 15/45
2019-01-12 15:26:43,407:INFO: - Train metrics: dsc: 0.833 ; iou: 0.758 ; accuracy: 0.998 ; precision: 0.846 ; recall: 0.877 ; loss: 0.191
2019-01-12 15:26:44,522:INFO: - Eval metrics : dsc: 0.849 ; iou: 0.781 ; accuracy: 0.999 ; precision: 0.888 ; recall: 0.875 ; loss: 0.169
2019-01-12 15:26:44,562:INFO: - Found new best DSC
2019-01-12 15:26:44,562:INFO: Epoch 16/45
2019-01-12 15:26:55,752:INFO: - Train metrics: dsc: 0.836 ; iou: 0.762 ; accuracy: 0.998 ; precision: 0.853 ; recall: 0.882 ; loss: 0.184
2019-01-12 15:26:56,844:INFO: - Eval metrics : dsc: 0.870 ; iou: 0.800 ; accuracy: 0.999 ; precision: 0.867 ; recall: 0.912 ; loss: 0.147
2019-01-12 15:26:56,867:INFO: - Found new best DSC
2019-01-12 15:26:56,867:INFO: Epoch 17/45
2019-01-12 15:27:08,114:INFO: - Train metrics: dsc: 0.843 ; iou: 0.769 ; accuracy: 0.999 ; precision: 0.856 ; recall: 0.890 ; loss: 0.172
2019-01-12 15:27:09,204:INFO: - Eval metrics : dsc: 0.865 ; iou: 0.797 ; accuracy: 0.999 ; precision: 0.872 ; recall: 0.910 ; loss: 0.145
2019-01-12 15:27:09,226:INFO: Epoch 18/45
2019-01-12 15:27:20,544:INFO: - Train metrics: dsc: 0.838 ; iou: 0.764 ; accuracy: 0.998 ; precision: 0.854 ; recall: 0.882 ; loss: 0.177
2019-01-12 15:27:21,640:INFO: - Eval metrics : dsc: 0.862 ; iou: 0.793 ; accuracy: 0.999 ; precision: 0.900 ; recall: 0.875 ; loss: 0.149
2019-01-12 15:27:21,669:INFO: Epoch 19/45
2019-01-12 15:27:32,916:INFO: - Train metrics: dsc: 0.842 ; iou: 0.769 ; accuracy: 0.999 ; precision: 0.859 ; recall: 0.886 ; loss: 0.171
2019-01-12 15:27:34,000:INFO: - Eval metrics : dsc: 0.874 ; iou: 0.806 ; accuracy: 0.999 ; precision: 0.896 ; recall: 0.890 ; loss: 0.137
2019-01-12 15:27:34,024:INFO: - Found new best DSC
2019-01-12 15:27:34,024:INFO: Epoch 20/45
2019-01-12 15:27:45,242:INFO: - Train metrics: dsc: 0.843 ; iou: 0.769 ; accuracy: 0.998 ; precision: 0.852 ; recall: 0.889 ; loss: 0.167
2019-01-12 15:27:46,345:INFO: - Eval metrics : dsc: 0.869 ; iou: 0.802 ; accuracy: 0.999 ; precision: 0.873 ; recall: 0.911 ; loss: 0.136
2019-01-12 15:27:46,366:INFO: Epoch 21/45
2019-01-12 15:27:57,678:INFO: - Train metrics: dsc: 0.844 ; iou: 0.774 ; accuracy: 0.999 ; precision: 0.869 ; recall: 0.883 ; loss: 0.164
2019-01-12 15:27:58,753:INFO: - Eval metrics : dsc: 0.874 ; iou: 0.811 ; accuracy: 0.999 ; precision: 0.903 ; recall: 0.893 ; loss: 0.138
2019-01-12 15:27:58,775:INFO: - Found new best DSC
2019-01-12 15:27:58,776:INFO: Epoch 22/45
2019-01-12 15:28:10,023:INFO: - Train metrics: dsc: 0.843 ; iou: 0.770 ; accuracy: 0.998 ; precision: 0.873 ; recall: 0.877 ; loss: 0.164
2019-01-12 15:28:11,103:INFO: - Eval metrics : dsc: 0.873 ; iou: 0.808 ; accuracy: 0.999 ; precision: 0.880 ; recall: 0.913 ; loss: 0.131
2019-01-12 15:28:11,134:INFO: Epoch 23/45
2019-01-12 15:28:22,395:INFO: - Train metrics: dsc: 0.848 ; iou: 0.777 ; accuracy: 0.999 ; precision: 0.866 ; recall: 0.887 ; loss: 0.155
2019-01-12 15:28:23,530:INFO: - Eval metrics : dsc: 0.879 ; iou: 0.815 ; accuracy: 0.999 ; precision: 0.895 ; recall: 0.904 ; loss: 0.125
2019-01-12 15:28:23,565:INFO: - Found new best DSC
2019-01-12 15:28:23,566:INFO: Epoch 24/45
2019-01-12 15:28:34,855:INFO: - Train metrics: dsc: 0.857 ; iou: 0.787 ; accuracy: 0.999 ; precision: 0.878 ; recall: 0.893 ; loss: 0.147
2019-01-12 15:28:35,964:INFO: - Eval metrics : dsc: 0.882 ; iou: 0.815 ; accuracy: 0.999 ; precision: 0.881 ; recall: 0.921 ; loss: 0.121
2019-01-12 15:28:35,988:INFO: - Found new best DSC
2019-01-12 15:28:35,988:INFO: Epoch 25/45
2019-01-12 15:28:47,199:INFO: - Train metrics: dsc: 0.852 ; iou: 0.782 ; accuracy: 0.999 ; precision: 0.887 ; recall: 0.878 ; loss: 0.149
2019-01-12 15:28:48,341:INFO: - Eval metrics : dsc: 0.871 ; iou: 0.806 ; accuracy: 0.999 ; precision: 0.879 ; recall: 0.915 ; loss: 0.128
2019-01-12 15:28:48,371:INFO: Epoch 26/45
2019-01-12 15:28:59,592:INFO: - Train metrics: dsc: 0.847 ; iou: 0.775 ; accuracy: 0.999 ; precision: 0.869 ; recall: 0.882 ; loss: 0.150
2019-01-12 15:29:00,718:INFO: - Eval metrics : dsc: 0.872 ; iou: 0.804 ; accuracy: 0.999 ; precision: 0.866 ; recall: 0.917 ; loss: 0.127
2019-01-12 15:29:00,747:INFO: Epoch 27/45
2019-01-12 15:29:11,958:INFO: - Train metrics: dsc: 0.848 ; iou: 0.779 ; accuracy: 0.999 ; precision: 0.885 ; recall: 0.873 ; loss: 0.146
2019-01-12 15:29:13,042:INFO: - Eval metrics : dsc: 0.871 ; iou: 0.803 ; accuracy: 0.999 ; precision: 0.861 ; recall: 0.920 ; loss: 0.130
2019-01-12 15:29:13,069:INFO: Epoch 28/45
2019-01-12 15:29:24,226:INFO: - Train metrics: dsc: 0.839 ; iou: 0.768 ; accuracy: 0.998 ; precision: 0.887 ; recall: 0.864 ; loss: 0.151
2019-01-12 15:29:25,320:INFO: - Eval metrics : dsc: 0.866 ; iou: 0.801 ; accuracy: 0.999 ; precision: 0.884 ; recall: 0.897 ; loss: 0.130
2019-01-12 15:29:25,348:INFO: Epoch 29/45
2019-01-12 15:29:36,558:INFO: - Train metrics: dsc: 0.853 ; iou: 0.783 ; accuracy: 0.999 ; precision: 0.885 ; recall: 0.879 ; loss: 0.136
2019-01-12 15:29:37,650:INFO: - Eval metrics : dsc: 0.867 ; iou: 0.801 ; accuracy: 0.999 ; precision: 0.866 ; recall: 0.917 ; loss: 0.128
2019-01-12 15:29:37,683:INFO: Epoch 30/45
2019-01-12 15:29:48,880:INFO: - Train metrics: dsc: 0.833 ; iou: 0.760 ; accuracy: 0.998 ; precision: 0.882 ; recall: 0.854 ; loss: 0.157
2019-01-12 15:29:49,985:INFO: - Eval metrics : dsc: 0.880 ; iou: 0.816 ; accuracy: 0.999 ; precision: 0.899 ; recall: 0.905 ; loss: 0.110
2019-01-12 15:29:50,004:INFO: Epoch 31/45
2019-01-12 15:30:01,257:INFO: - Train metrics: dsc: 0.844 ; iou: 0.771 ; accuracy: 0.998 ; precision: 0.884 ; recall: 0.869 ; loss: 0.144
2019-01-12 15:30:02,349:INFO: - Eval metrics : dsc: 0.861 ; iou: 0.786 ; accuracy: 0.998 ; precision: 0.862 ; recall: 0.907 ; loss: 0.130
2019-01-12 15:30:02,368:INFO: Epoch 32/45
2019-01-12 15:30:13,569:INFO: - Train metrics: dsc: 0.842 ; iou: 0.770 ; accuracy: 0.998 ; precision: 0.887 ; recall: 0.866 ; loss: 0.143
2019-01-12 15:30:14,701:INFO: - Eval metrics : dsc: 0.872 ; iou: 0.809 ; accuracy: 0.999 ; precision: 0.876 ; recall: 0.917 ; loss: 0.124
2019-01-12 15:30:14,723:INFO: Epoch 33/45
2019-01-12 15:30:25,987:INFO: - Train metrics: dsc: 0.860 ; iou: 0.792 ; accuracy: 0.999 ; precision: 0.890 ; recall: 0.884 ; loss: 0.120
2019-01-12 15:30:27,077:INFO: - Eval metrics : dsc: 0.874 ; iou: 0.809 ; accuracy: 0.999 ; precision: 0.886 ; recall: 0.908 ; loss: 0.121
2019-01-12 15:30:27,111:INFO: Epoch 34/45
2019-01-12 15:30:38,288:INFO: - Train metrics: dsc: 0.869 ; iou: 0.802 ; accuracy: 0.999 ; precision: 0.898 ; recall: 0.892 ; loss: 0.112
2019-01-12 15:30:39,416:INFO: - Eval metrics : dsc: 0.884 ; iou: 0.819 ; accuracy: 0.999 ; precision: 0.878 ; recall: 0.929 ; loss: 0.114
2019-01-12 15:30:39,447:INFO: - Found new best DSC
2019-01-12 15:30:39,447:INFO: Epoch 35/45
2019-01-12 15:30:50,742:INFO: - Train metrics: dsc: 0.862 ; iou: 0.794 ; accuracy: 0.999 ; precision: 0.897 ; recall: 0.884 ; loss: 0.116
2019-01-12 15:30:51,938:INFO: - Eval metrics : dsc: 0.878 ; iou: 0.815 ; accuracy: 0.999 ; precision: 0.913 ; recall: 0.891 ; loss: 0.108
2019-01-12 15:30:51,969:INFO: Epoch 36/45
2019-01-12 15:31:03,187:INFO: - Train metrics: dsc: 0.848 ; iou: 0.776 ; accuracy: 0.999 ; precision: 0.894 ; recall: 0.866 ; loss: 0.133
2019-01-12 15:31:04,346:INFO: - Eval metrics : dsc: 0.866 ; iou: 0.801 ; accuracy: 0.999 ; precision: 0.894 ; recall: 0.886 ; loss: 0.120
2019-01-12 15:31:04,376:INFO: Epoch 37/45
2019-01-12 15:31:15,596:INFO: - Train metrics: dsc: 0.859 ; iou: 0.791 ; accuracy: 0.999 ; precision: 0.898 ; recall: 0.879 ; loss: 0.116
2019-01-12 15:31:16,694:INFO: - Eval metrics : dsc: 0.885 ; iou: 0.821 ; accuracy: 0.999 ; precision: 0.884 ; recall: 0.927 ; loss: 0.098
2019-01-12 15:31:16,724:INFO: - Found new best DSC
2019-01-12 15:31:16,724:INFO: Epoch 38/45
2019-01-12 15:31:27,970:INFO: - Train metrics: dsc: 0.844 ; iou: 0.775 ; accuracy: 0.999 ; precision: 0.890 ; recall: 0.865 ; loss: 0.134
2019-01-12 15:31:29,097:INFO: - Eval metrics : dsc: 0.868 ; iou: 0.801 ; accuracy: 0.999 ; precision: 0.888 ; recall: 0.896 ; loss: 0.128
2019-01-12 15:31:29,119:INFO: Epoch 39/45
2019-01-12 15:31:40,333:INFO: - Train metrics: dsc: 0.846 ; iou: 0.777 ; accuracy: 0.999 ; precision: 0.901 ; recall: 0.858 ; loss: 0.128
2019-01-12 15:31:41,419:INFO: - Eval metrics : dsc: 0.877 ; iou: 0.813 ; accuracy: 0.999 ; precision: 0.868 ; recall: 0.930 ; loss: 0.108
2019-01-12 15:31:41,440:INFO: Epoch 40/45
2019-01-12 15:31:52,714:INFO: - Train metrics: dsc: 0.858 ; iou: 0.791 ; accuracy: 0.999 ; precision: 0.897 ; recall: 0.878 ; loss: 0.117
2019-01-12 15:31:53,852:INFO: - Eval metrics : dsc: 0.869 ; iou: 0.805 ; accuracy: 0.999 ; precision: 0.859 ; recall: 0.930 ; loss: 0.122
2019-01-12 15:31:53,874:INFO: Epoch 41/45
2019-01-12 15:32:05,037:INFO: - Train metrics: dsc: 0.864 ; iou: 0.794 ; accuracy: 0.999 ; precision: 0.896 ; recall: 0.882 ; loss: 0.108
2019-01-12 15:32:06,134:INFO: - Eval metrics : dsc: 0.879 ; iou: 0.817 ; accuracy: 0.999 ; precision: 0.890 ; recall: 0.908 ; loss: 0.102
2019-01-12 15:32:06,175:INFO: Epoch 42/45
2019-01-12 15:32:17,424:INFO: - Train metrics: dsc: 0.844 ; iou: 0.774 ; accuracy: 0.999 ; precision: 0.899 ; recall: 0.858 ; loss: 0.128
2019-01-12 15:32:18,561:INFO: - Eval metrics : dsc: 0.872 ; iou: 0.804 ; accuracy: 0.999 ; precision: 0.882 ; recall: 0.908 ; loss: 0.115
2019-01-12 15:32:18,589:INFO: Epoch 43/45
2019-01-12 15:32:29,835:INFO: - Train metrics: dsc: 0.842 ; iou: 0.770 ; accuracy: 0.998 ; precision: 0.887 ; recall: 0.863 ; loss: 0.137
2019-01-12 15:32:30,987:INFO: - Eval metrics : dsc: 0.884 ; iou: 0.818 ; accuracy: 0.999 ; precision: 0.891 ; recall: 0.915 ; loss: 0.100
2019-01-12 15:32:31,015:INFO: Epoch 44/45
2019-01-12 15:32:42,254:INFO: - Train metrics: dsc: 0.862 ; iou: 0.794 ; accuracy: 0.999 ; precision: 0.896 ; recall: 0.884 ; loss: 0.114
2019-01-12 15:32:43,340:INFO: - Eval metrics : dsc: 0.858 ; iou: 0.790 ; accuracy: 0.999 ; precision: 0.940 ; recall: 0.838 ; loss: 0.124
2019-01-12 15:32:43,368:INFO: Epoch 45/45
2019-01-12 15:32:54,572:INFO: - Train metrics: dsc: 0.862 ; iou: 0.793 ; accuracy: 0.999 ; precision: 0.889 ; recall: 0.885 ; loss: 0.114
2019-01-12 15:32:55,675:INFO: - Eval metrics : dsc: 0.891 ; iou: 0.824 ; accuracy: 0.999 ; precision: 0.886 ; recall: 0.925 ; loss: 0.096
2019-01-12 15:32:55,710:INFO: - Found new best DSC
2019-01-12 15:32:55,802:INFO: Loading the datasets...
2019-01-12 15:33:00,289:INFO: - done.
2019-01-12 15:33:00,289:INFO: For k-fold 4/5:
2019-01-12 15:33:00,289:INFO: Starting training for 45 epoch(s)
2019-01-12 15:33:00,289:INFO: Epoch 1/45
2019-01-12 15:33:11,457:INFO: - Train metrics: dsc: 0.076 ; iou: 0.040 ; accuracy: 0.822 ; precision: 0.041 ; recall: 0.824 ; loss: 0.969
2019-01-12 15:33:12,550:INFO: - Eval metrics : dsc: 0.120 ; iou: 0.067 ; accuracy: 0.911 ; precision: 0.070 ; recall: 0.615 ; loss: 0.961
2019-01-12 15:33:12,576:INFO: - Found new best DSC
2019-01-12 15:33:12,576:INFO: Epoch 2/45
2019-01-12 15:33:23,693:INFO: - Train metrics: dsc: 0.124 ; iou: 0.069 ; accuracy: 0.883 ; precision: 0.069 ; recall: 0.852 ; loss: 0.955
2019-01-12 15:33:24,798:INFO: - Eval metrics : dsc: 0.179 ; iou: 0.105 ; accuracy: 0.926 ; precision: 0.107 ; recall: 0.787 ; loss: 0.939
2019-01-12 15:33:24,818:INFO: - Found new best DSC
2019-01-12 15:33:24,819:INFO: Epoch 3/45
2019-01-12 15:33:36,019:INFO: - Train metrics: dsc: 0.255 ; iou: 0.159 ; accuracy: 0.951 ; precision: 0.162 ; recall: 0.854 ; loss: 0.934
2019-01-12 15:33:37,105:INFO: - Eval metrics : dsc: 0.351 ; iou: 0.230 ; accuracy: 0.974 ; precision: 0.232 ; recall: 0.871 ; loss: 0.908
2019-01-12 15:33:37,135:INFO: - Found new best DSC
2019-01-12 15:33:37,135:INFO: Epoch 4/45
2019-01-12 15:33:48,325:INFO: - Train metrics: dsc: 0.430 ; iou: 0.307 ; accuracy: 0.980 ; precision: 0.317 ; recall: 0.855 ; loss: 0.892
2019-01-12 15:33:49,456:INFO: - Eval metrics : dsc: 0.410 ; iou: 0.281 ; accuracy: 0.980 ; precision: 0.282 ; recall: 0.895 ; loss: 0.856
2019-01-12 15:33:49,479:INFO: - Found new best DSC
2019-01-12 15:33:49,479:INFO: Epoch 5/45
2019-01-12 15:34:00,743:INFO: - Train metrics: dsc: 0.562 ; iou: 0.443 ; accuracy: 0.990 ; precision: 0.482 ; recall: 0.847 ; loss: 0.815
2019-01-12 15:34:01,822:INFO: - Eval metrics : dsc: 0.715 ; iou: 0.625 ; accuracy: 0.997 ; precision: 0.719 ; recall: 0.798 ; loss: 0.673
2019-01-12 15:34:01,847:INFO: - Found new best DSC
2019-01-12 15:34:01,847:INFO: Epoch 6/45
2019-01-12 15:34:13,001:INFO: - Train metrics: dsc: 0.654 ; iou: 0.546 ; accuracy: 0.994 ; precision: 0.604 ; recall: 0.836 ; loss: 0.696
2019-01-12 15:34:14,087:INFO: - Eval metrics : dsc: 0.620 ; iou: 0.500 ; accuracy: 0.993 ; precision: 0.508 ; recall: 0.885 ; loss: 0.553
2019-01-12 15:34:14,112:INFO: Epoch 7/45
2019-01-12 15:34:25,347:INFO: - Train metrics: dsc: 0.698 ; iou: 0.600 ; accuracy: 0.996 ; precision: 0.677 ; recall: 0.832 ; loss: 0.576
2019-01-12 15:34:26,473:INFO: - Eval metrics : dsc: 0.764 ; iou: 0.681 ; accuracy: 0.997 ; precision: 0.741 ; recall: 0.853 ; loss: 0.430
2019-01-12 15:34:26,506:INFO: - Found new best DSC
2019-01-12 15:34:26,506:INFO: Epoch 8/45
2019-01-12 15:34:37,795:INFO: - Train metrics: dsc: 0.744 ; iou: 0.657 ; accuracy: 0.997 ; precision: 0.737 ; recall: 0.834 ; loss: 0.456
2019-01-12 15:34:38,913:INFO: - Eval metrics : dsc: 0.777 ; iou: 0.701 ; accuracy: 0.998 ; precision: 0.820 ; recall: 0.822 ; loss: 0.346
2019-01-12 15:34:38,937:INFO: - Found new best DSC
2019-01-12 15:34:38,937:INFO: Epoch 9/45
2019-01-12 15:34:50,262:INFO: - Train metrics: dsc: 0.758 ; iou: 0.673 ; accuracy: 0.997 ; precision: 0.758 ; recall: 0.830 ; loss: 0.358
2019-01-12 15:34:51,362:INFO: - Eval metrics : dsc: 0.745 ; iou: 0.653 ; accuracy: 0.997 ; precision: 0.688 ; recall: 0.888 ; loss: 0.317
2019-01-12 15:34:51,390:INFO: Epoch 10/45
2019-01-12 15:35:02,593:INFO: - Train metrics: dsc: 0.769 ; iou: 0.688 ; accuracy: 0.998 ; precision: 0.783 ; recall: 0.831 ; loss: 0.307
2019-01-12 15:35:03,728:INFO: - Eval metrics : dsc: 0.796 ; iou: 0.722 ; accuracy: 0.998 ; precision: 0.794 ; recall: 0.857 ; loss: 0.270
2019-01-12 15:35:03,758:INFO: - Found new best DSC
2019-01-12 15:35:03,758:INFO: Epoch 11/45
2019-01-12 15:35:15,030:INFO: - Train metrics: dsc: 0.790 ; iou: 0.710 ; accuracy: 0.998 ; precision: 0.798 ; recall: 0.839 ; loss: 0.273
2019-01-12 15:35:16,115:INFO: - Eval metrics : dsc: 0.791 ; iou: 0.710 ; accuracy: 0.998 ; precision: 0.746 ; recall: 0.890 ; loss: 0.249
2019-01-12 15:35:16,134:INFO: Epoch 12/45
2019-01-12 15:35:27,365:INFO: - Train metrics: dsc: 0.784 ; iou: 0.704 ; accuracy: 0.998 ; precision: 0.798 ; recall: 0.844 ; loss: 0.258
2019-01-12 15:35:28,481:INFO: - Eval metrics : dsc: 0.805 ; iou: 0.728 ; accuracy: 0.998 ; precision: 0.787 ; recall: 0.871 ; loss: 0.230
2019-01-12 15:35:28,503:INFO: - Found new best DSC
2019-01-12 15:35:28,504:INFO: Epoch 13/45
2019-01-12 15:35:39,745:INFO: - Train metrics: dsc: 0.795 ; iou: 0.717 ; accuracy: 0.998 ; precision: 0.816 ; recall: 0.850 ; loss: 0.235
2019-01-12 15:35:40,873:INFO: - Eval metrics : dsc: 0.824 ; iou: 0.746 ; accuracy: 0.998 ; precision: 0.780 ; recall: 0.918 ; loss: 0.201
2019-01-12 15:35:40,897:INFO: - Found new best DSC
2019-01-12 15:35:40,897:INFO: Epoch 14/45
2019-01-12 15:35:52,292:INFO: - Train metrics: dsc: 0.808 ; iou: 0.727 ; accuracy: 0.998 ; precision: 0.818 ; recall: 0.864 ; loss: 0.219
2019-01-12 15:35:53,380:INFO: - Eval metrics : dsc: 0.825 ; iou: 0.754 ; accuracy: 0.998 ; precision: 0.859 ; recall: 0.859 ; loss: 0.193
2019-01-12 15:35:53,414:INFO: - Found new best DSC
2019-01-12 15:35:53,414:INFO: Epoch 15/45
2019-01-12 15:36:04,617:INFO: - Train metrics: dsc: 0.816 ; iou: 0.737 ; accuracy: 0.998 ; precision: 0.831 ; recall: 0.862 ; loss: 0.208
2019-01-12 15:36:05,704:INFO: - Eval metrics : dsc: 0.832 ; iou: 0.755 ; accuracy: 0.998 ; precision: 0.792 ; recall: 0.927 ; loss: 0.180
2019-01-12 15:36:05,772:INFO: - Found new best DSC
2019-01-12 15:36:05,772:INFO: Epoch 16/45
2019-01-12 15:36:16,945:INFO: - Train metrics: dsc: 0.819 ; iou: 0.738 ; accuracy: 0.998 ; precision: 0.830 ; recall: 0.871 ; loss: 0.201
2019-01-12 15:36:18,065:INFO: - Eval metrics : dsc: 0.843 ; iou: 0.768 ; accuracy: 0.998 ; precision: 0.832 ; recall: 0.905 ; loss: 0.170
2019-01-12 15:36:18,095:INFO: - Found new best DSC
2019-01-12 15:36:18,095:INFO: Epoch 17/45
2019-01-12 15:36:29,363:INFO: - Train metrics: dsc: 0.828 ; iou: 0.750 ; accuracy: 0.998 ; precision: 0.855 ; recall: 0.870 ; loss: 0.192
2019-01-12 15:36:30,507:INFO: - Eval metrics : dsc: 0.848 ; iou: 0.777 ; accuracy: 0.999 ; precision: 0.879 ; recall: 0.886 ; loss: 0.165
2019-01-12 15:36:30,541:INFO: - Found new best DSC
2019-01-12 15:36:30,541:INFO: Epoch 18/45
2019-01-12 15:36:41,762:INFO: - Train metrics: dsc: 0.829 ; iou: 0.751 ; accuracy: 0.998 ; precision: 0.841 ; recall: 0.878 ; loss: 0.185
2019-01-12 15:36:42,864:INFO: - Eval metrics : dsc: 0.848 ; iou: 0.774 ; accuracy: 0.999 ; precision: 0.887 ; recall: 0.872 ; loss: 0.159
2019-01-12 15:36:42,885:INFO: Epoch 19/45
2019-01-12 15:36:54,187:INFO: - Train metrics: dsc: 0.836 ; iou: 0.759 ; accuracy: 0.998 ; precision: 0.856 ; recall: 0.875 ; loss: 0.184
2019-01-12 15:36:55,334:INFO: - Eval metrics : dsc: 0.852 ; iou: 0.780 ; accuracy: 0.999 ; precision: 0.899 ; recall: 0.868 ; loss: 0.152
2019-01-12 15:36:55,368:INFO: - Found new best DSC
2019-01-12 15:36:55,368:INFO: Epoch 20/45
2019-01-12 15:37:06,593:INFO: - Train metrics: dsc: 0.837 ; iou: 0.762 ; accuracy: 0.998 ; precision: 0.866 ; recall: 0.873 ; loss: 0.176
2019-01-12 15:37:07,737:INFO: - Eval metrics : dsc: 0.858 ; iou: 0.787 ; accuracy: 0.999 ; precision: 0.872 ; recall: 0.900 ; loss: 0.149
2019-01-12 15:37:07,760:INFO: - Found new best DSC
2019-01-12 15:37:07,760:INFO: Epoch 21/45
2019-01-12 15:37:19,154:INFO: - Train metrics: dsc: 0.843 ; iou: 0.768 ; accuracy: 0.998 ; precision: 0.862 ; recall: 0.881 ; loss: 0.168
2019-01-12 15:37:20,283:INFO: - Eval metrics : dsc: 0.847 ; iou: 0.778 ; accuracy: 0.999 ; precision: 0.885 ; recall: 0.879 ; loss: 0.157
2019-01-12 15:37:20,307:INFO: Epoch 22/45
2019-01-12 15:37:31,574:INFO: - Train metrics: dsc: 0.838 ; iou: 0.762 ; accuracy: 0.998 ; precision: 0.853 ; recall: 0.883 ; loss: 0.171
2019-01-12 15:37:32,693:INFO: - Eval metrics : dsc: 0.857 ; iou: 0.788 ; accuracy: 0.999 ; precision: 0.898 ; recall: 0.878 ; loss: 0.150
2019-01-12 15:37:32,724:INFO: Epoch 23/45
2019-01-12 15:37:43,943:INFO: - Train metrics: dsc: 0.839 ; iou: 0.763 ; accuracy: 0.998 ; precision: 0.852 ; recall: 0.882 ; loss: 0.169
2019-01-12 15:37:45,040:INFO: - Eval metrics : dsc: 0.852 ; iou: 0.782 ; accuracy: 0.999 ; precision: 0.860 ; recall: 0.907 ; loss: 0.147
2019-01-12 15:37:45,061:INFO: Epoch 24/45
2019-01-12 15:37:56,292:INFO: - Train metrics: dsc: 0.855 ; iou: 0.781 ; accuracy: 0.999 ; precision: 0.879 ; recall: 0.880 ; loss: 0.154
2019-01-12 15:37:57,422:INFO: - Eval metrics : dsc: 0.840 ; iou: 0.769 ; accuracy: 0.999 ; precision: 0.841 ; recall: 0.904 ; loss: 0.159
2019-01-12 15:37:57,447:INFO: Epoch 25/45
2019-01-12 15:38:08,662:INFO: - Train metrics: dsc: 0.846 ; iou: 0.773 ; accuracy: 0.998 ; precision: 0.878 ; recall: 0.875 ; loss: 0.158
2019-01-12 15:38:09,752:INFO: - Eval metrics : dsc: 0.764 ; iou: 0.684 ; accuracy: 0.998 ; precision: 0.936 ; recall: 0.728 ; loss: 0.237
2019-01-12 15:38:09,781:INFO: Epoch 26/45
2019-01-12 15:38:20,966:INFO: - Train metrics: dsc: 0.845 ; iou: 0.770 ; accuracy: 0.998 ; precision: 0.865 ; recall: 0.879 ; loss: 0.155
2019-01-12 15:38:22,069:INFO: - Eval metrics : dsc: 0.854 ; iou: 0.783 ; accuracy: 0.999 ; precision: 0.847 ; recall: 0.920 ; loss: 0.144
2019-01-12 15:38:22,098:INFO: Epoch 27/45
2019-01-12 15:38:33,350:INFO: - Train metrics: dsc: 0.852 ; iou: 0.775 ; accuracy: 0.998 ; precision: 0.877 ; recall: 0.879 ; loss: 0.146
2019-01-12 15:38:34,483:INFO: - Eval metrics : dsc: 0.845 ; iou: 0.778 ; accuracy: 0.999 ; precision: 0.873 ; recall: 0.894 ; loss: 0.160
2019-01-12 15:38:34,504:INFO: Epoch 28/45
2019-01-12 15:38:45,790:INFO: - Train metrics: dsc: 0.847 ; iou: 0.773 ; accuracy: 0.998 ; precision: 0.887 ; recall: 0.873 ; loss: 0.145
2019-01-12 15:38:46,876:INFO: - Eval metrics : dsc: 0.865 ; iou: 0.799 ; accuracy: 0.999 ; precision: 0.889 ; recall: 0.893 ; loss: 0.138
2019-01-12 15:38:46,899:INFO: - Found new best DSC
2019-01-12 15:38:46,900:INFO: Epoch 29/45
2019-01-12 15:38:58,148:INFO: - Train metrics: dsc: 0.863 ; iou: 0.791 ; accuracy: 0.999 ; precision: 0.901 ; recall: 0.878 ; loss: 0.125
2019-01-12 15:38:59,257:INFO: - Eval metrics : dsc: 0.858 ; iou: 0.793 ; accuracy: 0.999 ; precision: 0.873 ; recall: 0.905 ; loss: 0.136
2019-01-12 15:38:59,286:INFO: Epoch 30/45
2019-01-12 15:39:10,491:INFO: - Train metrics: dsc: 0.844 ; iou: 0.770 ; accuracy: 0.998 ; precision: 0.887 ; recall: 0.866 ; loss: 0.145
2019-01-12 15:39:11,590:INFO: - Eval metrics : dsc: 0.821 ; iou: 0.752 ; accuracy: 0.998 ; precision: 0.925 ; recall: 0.813 ; loss: 0.168
2019-01-12 15:39:11,613:INFO: Epoch 31/45
2019-01-12 15:39:22,886:INFO: - Train metrics: dsc: 0.856 ; iou: 0.781 ; accuracy: 0.998 ; precision: 0.899 ; recall: 0.868 ; loss: 0.126
2019-01-12 15:39:23,981:INFO: - Eval metrics : dsc: 0.850 ; iou: 0.784 ; accuracy: 0.999 ; precision: 0.866 ; recall: 0.902 ; loss: 0.146
2019-01-12 15:39:24,044:INFO: Epoch 32/45
2019-01-12 15:39:35,288:INFO: - Train metrics: dsc: 0.847 ; iou: 0.774 ; accuracy: 0.998 ; precision: 0.886 ; recall: 0.869 ; loss: 0.134
2019-01-12 15:39:36,430:INFO: - Eval metrics : dsc: 0.861 ; iou: 0.796 ; accuracy: 0.999 ; precision: 0.902 ; recall: 0.882 ; loss: 0.132
2019-01-12 15:39:36,452:INFO: Epoch 33/45
2019-01-12 15:39:47,719:INFO: - Train metrics: dsc: 0.847 ; iou: 0.770 ; accuracy: 0.998 ; precision: 0.881 ; recall: 0.867 ; loss: 0.138
2019-01-12 15:39:48,856:INFO: - Eval metrics : dsc: 0.853 ; iou: 0.781 ; accuracy: 0.999 ; precision: 0.880 ; recall: 0.883 ; loss: 0.141
2019-01-12 15:39:48,883:INFO: Epoch 34/45
2019-01-12 15:40:00,124:INFO: - Train metrics: dsc: 0.839 ; iou: 0.765 ; accuracy: 0.998 ; precision: 0.897 ; recall: 0.850 ; loss: 0.139
2019-01-12 15:40:01,224:INFO: - Eval metrics : dsc: 0.840 ; iou: 0.778 ; accuracy: 0.999 ; precision: 0.891 ; recall: 0.874 ; loss: 0.151
2019-01-12 15:40:01,245:INFO: Epoch 35/45
2019-01-12 15:40:12,508:INFO: - Train metrics: dsc: 0.852 ; iou: 0.782 ; accuracy: 0.998 ; precision: 0.893 ; recall: 0.872 ; loss: 0.123
2019-01-12 15:40:13,599:INFO: - Eval metrics : dsc: 0.852 ; iou: 0.786 ; accuracy: 0.999 ; precision: 0.889 ; recall: 0.882 ; loss: 0.143
2019-01-12 15:40:13,627:INFO: Epoch 36/45
2019-01-12 15:40:24,813:INFO: - Train metrics: dsc: 0.860 ; iou: 0.788 ; accuracy: 0.999 ; precision: 0.881 ; recall: 0.886 ; loss: 0.118
2019-01-12 15:40:25,907:INFO: - Eval metrics : dsc: 0.861 ; iou: 0.795 ; accuracy: 0.999 ; precision: 0.907 ; recall: 0.877 ; loss: 0.132
2019-01-12 15:40:25,927:INFO: Epoch 37/45
2019-01-12 15:40:37,173:INFO: - Train metrics: dsc: 0.823 ; iou: 0.744 ; accuracy: 0.998 ; precision: 0.881 ; recall: 0.838 ; loss: 0.157
2019-01-12 15:40:38,307:INFO: - Eval metrics : dsc: 0.864 ; iou: 0.799 ; accuracy: 0.999 ; precision: 0.880 ; recall: 0.901 ; loss: 0.133
2019-01-12 15:40:38,334:INFO: Epoch 38/45
2019-01-12 15:40:49,528:INFO: - Train metrics: dsc: 0.855 ; iou: 0.784 ; accuracy: 0.999 ; precision: 0.888 ; recall: 0.875 ; loss: 0.121
2019-01-12 15:40:50,679:INFO: - Eval metrics : dsc: 0.871 ; iou: 0.805 ; accuracy: 0.999 ; precision: 0.912 ; recall: 0.885 ; loss: 0.119
2019-01-12 15:40:50,701:INFO: - Found new best DSC
2019-01-12 15:40:50,702:INFO: Epoch 39/45
2019-01-12 15:41:01,951:INFO: - Train metrics: dsc: 0.866 ; iou: 0.796 ; accuracy: 0.999 ; precision: 0.903 ; recall: 0.878 ; loss: 0.104
2019-01-12 15:41:03,086:INFO: - Eval metrics : dsc: 0.859 ; iou: 0.795 ; accuracy: 0.999 ; precision: 0.871 ; recall: 0.913 ; loss: 0.138
2019-01-12 15:41:03,110:INFO: Epoch 40/45
2019-01-12 15:41:14,334:INFO: - Train metrics: dsc: 0.867 ; iou: 0.797 ; accuracy: 0.999 ; precision: 0.891 ; recall: 0.886 ; loss: 0.105
2019-01-12 15:41:15,421:INFO: - Eval metrics : dsc: 0.869 ; iou: 0.802 ; accuracy: 0.999 ; precision: 0.872 ; recall: 0.923 ; loss: 0.124
2019-01-12 15:41:15,442:INFO: Epoch 41/45
2019-01-12 15:41:26,711:INFO: - Train metrics: dsc: 0.851 ; iou: 0.775 ; accuracy: 0.998 ; precision: 0.891 ; recall: 0.864 ; loss: 0.123
2019-01-12 15:41:27,797:INFO: - Eval metrics : dsc: 0.853 ; iou: 0.786 ; accuracy: 0.999 ; precision: 0.859 ; recall: 0.909 ; loss: 0.144
2019-01-12 15:41:27,829:INFO: Epoch 42/45
2019-01-12 15:41:39,027:INFO: - Train metrics: dsc: 0.866 ; iou: 0.795 ; accuracy: 0.999 ; precision: 0.902 ; recall: 0.877 ; loss: 0.103
2019-01-12 15:41:40,151:INFO: - Eval metrics : dsc: 0.854 ; iou: 0.792 ; accuracy: 0.999 ; precision: 0.883 ; recall: 0.897 ; loss: 0.142
2019-01-12 15:41:40,181:INFO: Epoch 43/45
2019-01-12 15:41:51,385:INFO: - Train metrics: dsc: 0.856 ; iou: 0.787 ; accuracy: 0.999 ; precision: 0.900 ; recall: 0.870 ; loss: 0.116
2019-01-12 15:41:52,532:INFO: - Eval metrics : dsc: 0.858 ; iou: 0.796 ; accuracy: 0.999 ; precision: 0.903 ; recall: 0.886 ; loss: 0.132
2019-01-12 15:41:52,566:INFO: Epoch 44/45
2019-01-12 15:42:03,798:INFO: - Train metrics: dsc: 0.872 ; iou: 0.804 ; accuracy: 0.999 ; precision: 0.897 ; recall: 0.890 ; loss: 0.095
2019-01-12 15:42:04,893:INFO: - Eval metrics : dsc: 0.850 ; iou: 0.787 ; accuracy: 0.999 ; precision: 0.917 ; recall: 0.859 ; loss: 0.141
2019-01-12 15:42:04,921:INFO: Epoch 45/45
2019-01-12 15:42:16,144:INFO: - Train metrics: dsc: 0.866 ; iou: 0.798 ; accuracy: 0.999 ; precision: 0.901 ; recall: 0.883 ; loss: 0.102
2019-01-12 15:42:17,249:INFO: - Eval metrics : dsc: 0.863 ; iou: 0.799 ; accuracy: 0.999 ; precision: 0.905 ; recall: 0.881 ; loss: 0.129
2019-01-12 15:42:17,378:INFO: Loading the datasets...
2019-01-12 15:42:21,750:INFO: - done.
2019-01-12 15:42:21,750:INFO: For k-fold 5/5:
2019-01-12 15:42:21,751:INFO: Starting training for 45 epoch(s)
2019-01-12 15:42:21,751:INFO: Epoch 1/45
2019-01-12 15:42:32,912:INFO: - Train metrics: dsc: 0.075 ; iou: 0.040 ; accuracy: 0.821 ; precision: 0.040 ; recall: 0.827 ; loss: 0.969
2019-01-12 15:42:34,012:INFO: - Eval metrics : dsc: 0.121 ; iou: 0.067 ; accuracy: 0.907 ; precision: 0.069 ; recall: 0.652 ; loss: 0.959
2019-01-12 15:42:34,041:INFO: - Found new best DSC
2019-01-12 15:42:34,041:INFO: Epoch 2/45
2019-01-12 15:42:45,226:INFO: - Train metrics: dsc: 0.135 ; iou: 0.076 ; accuracy: 0.889 ; precision: 0.076 ; recall: 0.867 ; loss: 0.954
2019-01-12 15:42:46,336:INFO: - Eval metrics : dsc: 0.254 ; iou: 0.156 ; accuracy: 0.956 ; precision: 0.157 ; recall: 0.823 ; loss: 0.929
2019-01-12 15:42:46,366:INFO: - Found new best DSC
2019-01-12 15:42:46,367:INFO: Epoch 3/45
2019-01-12 15:42:57,597:INFO: - Train metrics: dsc: 0.257 ; iou: 0.164 ; accuracy: 0.948 ; precision: 0.170 ; recall: 0.831 ; loss: 0.930
2019-01-12 15:42:58,700:INFO: - Eval metrics : dsc: 0.382 ; iou: 0.255 ; accuracy: 0.977 ; precision: 0.257 ; recall: 0.886 ; loss: 0.870
2019-01-12 15:42:58,724:INFO: - Found new best DSC
2019-01-12 15:42:58,724:INFO: Epoch 4/45
2019-01-12 15:43:09,926:INFO: - Train metrics: dsc: 0.345 ; iou: 0.239 ; accuracy: 0.964 ; precision: 0.260 ; recall: 0.828 ; loss: 0.892
2019-01-12 15:43:11,020:INFO: - Eval metrics : dsc: 0.356 ; iou: 0.232 ; accuracy: 0.973 ; precision: 0.233 ; recall: 0.890 ; loss: 0.879
2019-01-12 15:43:11,049:INFO: Epoch 5/45
2019-01-12 15:43:22,279:INFO: - Train metrics: dsc: 0.455 ; iou: 0.340 ; accuracy: 0.979 ; precision: 0.380 ; recall: 0.815 ; loss: 0.833
2019-01-12 15:43:23,384:INFO: - Eval metrics : dsc: 0.615 ; iou: 0.493 ; accuracy: 0.993 ; precision: 0.518 ; recall: 0.871 ; loss: 0.599
2019-01-12 15:43:23,409:INFO: - Found new best DSC
2019-01-12 15:43:23,410:INFO: Epoch 6/45
2019-01-12 15:43:34,730:INFO: - Train metrics: dsc: 0.561 ; iou: 0.448 ; accuracy: 0.989 ; precision: 0.498 ; recall: 0.818 ; loss: 0.757
2019-01-12 15:43:35,864:INFO: - Eval metrics : dsc: 0.650 ; iou: 0.537 ; accuracy: 0.994 ; precision: 0.572 ; recall: 0.851 ; loss: 0.505
2019-01-12 15:43:35,887:INFO: - Found new best DSC
2019-01-12 15:43:35,887:INFO: Epoch 7/45
2019-01-12 15:43:47,173:INFO: - Train metrics: dsc: 0.620 ; iou: 0.514 ; accuracy: 0.992 ; precision: 0.574 ; recall: 0.812 ; loss: 0.676
2019-01-12 15:43:48,298:INFO: - Eval metrics : dsc: 0.690 ; iou: 0.581 ; accuracy: 0.996 ; precision: 0.598 ; recall: 0.887 ; loss: 0.428
2019-01-12 15:43:48,329:INFO: - Found new best DSC
2019-01-12 15:43:48,329:INFO: Epoch 8/45
2019-01-12 15:43:59,656:INFO: - Train metrics: dsc: 0.675 ; iou: 0.579 ; accuracy: 0.996 ; precision: 0.673 ; recall: 0.798 ; loss: 0.599
2019-01-12 15:44:00,781:INFO: - Eval metrics : dsc: 0.762 ; iou: 0.679 ; accuracy: 0.998 ; precision: 0.758 ; recall: 0.843 ; loss: 0.359
2019-01-12 15:44:00,820:INFO: - Found new best DSC
2019-01-12 15:44:00,820:INFO: Epoch 9/45
2019-01-12 15:44:12,122:INFO: - Train metrics: dsc: 0.713 ; iou: 0.622 ; accuracy: 0.996 ; precision: 0.709 ; recall: 0.816 ; loss: 0.507
2019-01-12 15:44:13,238:INFO: - Eval metrics : dsc: 0.678 ; iou: 0.570 ; accuracy: 0.995 ; precision: 0.591 ; recall: 0.885 ; loss: 0.413
2019-01-12 15:44:13,263:INFO: Epoch 10/45
2019-01-12 15:44:24,575:INFO: - Train metrics: dsc: 0.738 ; iou: 0.650 ; accuracy: 0.997 ; precision: 0.735 ; recall: 0.820 ; loss: 0.394
2019-01-12 15:44:25,685:INFO: - Eval metrics : dsc: 0.782 ; iou: 0.705 ; accuracy: 0.998 ; precision: 0.853 ; recall: 0.811 ; loss: 0.305
2019-01-12 15:44:25,715:INFO: - Found new best DSC
2019-01-12 15:44:25,715:INFO: Epoch 11/45
2019-01-12 15:44:37,001:INFO: - Train metrics: dsc: 0.760 ; iou: 0.677 ; accuracy: 0.998 ; precision: 0.778 ; recall: 0.818 ; loss: 0.329
2019-01-12 15:44:38,151:INFO: - Eval metrics : dsc: 0.784 ; iou: 0.705 ; accuracy: 0.998 ; precision: 0.769 ; recall: 0.875 ; loss: 0.272
2019-01-12 15:44:38,181:INFO: - Found new best DSC
2019-01-12 15:44:38,182:INFO: Epoch 12/45
2019-01-12 15:44:49,506:INFO: - Train metrics: dsc: 0.771 ; iou: 0.688 ; accuracy: 0.998 ; precision: 0.787 ; recall: 0.830 ; loss: 0.293
2019-01-12 15:44:50,619:INFO: - Eval metrics : dsc: 0.775 ; iou: 0.694 ; accuracy: 0.998 ; precision: 0.926 ; recall: 0.740 ; loss: 0.290
2019-01-12 15:44:50,647:INFO: Epoch 13/45
2019-01-12 15:45:01,978:INFO: - Train metrics: dsc: 0.781 ; iou: 0.698 ; accuracy: 0.998 ; precision: 0.801 ; recall: 0.831 ; loss: 0.267
2019-01-12 15:45:03,077:INFO: - Eval metrics : dsc: 0.770 ; iou: 0.679 ; accuracy: 0.997 ; precision: 0.735 ; recall: 0.873 ; loss: 0.257
2019-01-12 15:45:03,103:INFO: Epoch 14/45
2019-01-12 15:45:14,387:INFO: - Train metrics: dsc: 0.784 ; iou: 0.695 ; accuracy: 0.998 ; precision: 0.794 ; recall: 0.846 ; loss: 0.250
2019-01-12 15:45:15,482:INFO: - Eval metrics : dsc: 0.811 ; iou: 0.740 ; accuracy: 0.998 ; precision: 0.853 ; recall: 0.852 ; loss: 0.220
2019-01-12 15:45:15,504:INFO: - Found new best DSC
2019-01-12 15:45:15,504:INFO: Epoch 15/45
2019-01-12 15:45:26,741:INFO: - Train metrics: dsc: 0.800 ; iou: 0.718 ; accuracy: 0.998 ; precision: 0.822 ; recall: 0.846 ; loss: 0.230
2019-01-12 15:45:27,897:INFO: - Eval metrics : dsc: 0.820 ; iou: 0.749 ; accuracy: 0.998 ; precision: 0.853 ; recall: 0.861 ; loss: 0.210
2019-01-12 15:45:27,932:INFO: - Found new best DSC
2019-01-12 15:45:27,933:INFO: Epoch 16/45
2019-01-12 15:45:39,151:INFO: - Train metrics: dsc: 0.810 ; iou: 0.731 ; accuracy: 0.998 ; precision: 0.837 ; recall: 0.853 ; loss: 0.216
2019-01-12 15:45:40,287:INFO: - Eval metrics : dsc: 0.786 ; iou: 0.698 ; accuracy: 0.998 ; precision: 0.730 ; recall: 0.925 ; loss: 0.226
2019-01-12 15:45:40,316:INFO: Epoch 17/45
2019-01-12 15:45:51,523:INFO: - Train metrics: dsc: 0.816 ; iou: 0.735 ; accuracy: 0.998 ; precision: 0.841 ; recall: 0.864 ; loss: 0.206
2019-01-12 15:45:52,628:INFO: - Eval metrics : dsc: 0.814 ; iou: 0.740 ; accuracy: 0.998 ; precision: 0.896 ; recall: 0.819 ; loss: 0.215
2019-01-12 15:45:52,649:INFO: Epoch 18/45
2019-01-12 15:46:03,856:INFO: - Train metrics: dsc: 0.815 ; iou: 0.735 ; accuracy: 0.998 ; precision: 0.838 ; recall: 0.863 ; loss: 0.199
2019-01-12 15:46:04,935:INFO: - Eval metrics : dsc: 0.811 ; iou: 0.739 ; accuracy: 0.998 ; precision: 0.863 ; recall: 0.847 ; loss: 0.208
2019-01-12 15:46:04,955:INFO: Epoch 19/45
2019-01-12 15:46:16,271:INFO: - Train metrics: dsc: 0.828 ; iou: 0.750 ; accuracy: 0.998 ; precision: 0.850 ; recall: 0.869 ; loss: 0.186
2019-01-12 15:46:17,377:INFO: - Eval metrics : dsc: 0.835 ; iou: 0.766 ; accuracy: 0.999 ; precision: 0.865 ; recall: 0.861 ; loss: 0.184
2019-01-12 15:46:17,399:INFO: - Found new best DSC
2019-01-12 15:46:17,399:INFO: Epoch 20/45
2019-01-12 15:46:28,655:INFO: - Train metrics: dsc: 0.827 ; iou: 0.750 ; accuracy: 0.998 ; precision: 0.860 ; recall: 0.862 ; loss: 0.187
2019-01-12 15:46:29,744:INFO: - Eval metrics : dsc: 0.823 ; iou: 0.747 ; accuracy: 0.998 ; precision: 0.801 ; recall: 0.903 ; loss: 0.185
2019-01-12 15:46:29,772:INFO: Epoch 21/45
2019-01-12 15:46:40,915:INFO: - Train metrics: dsc: 0.837 ; iou: 0.761 ; accuracy: 0.998 ; precision: 0.865 ; recall: 0.873 ; loss: 0.173
2019-01-12 15:46:42,020:INFO: - Eval metrics : dsc: 0.821 ; iou: 0.745 ; accuracy: 0.998 ; precision: 0.794 ; recall: 0.912 ; loss: 0.181
2019-01-12 15:46:42,047:INFO: Epoch 22/45
2019-01-12 15:46:53,311:INFO: - Train metrics: dsc: 0.840 ; iou: 0.764 ; accuracy: 0.998 ; precision: 0.865 ; recall: 0.872 ; loss: 0.169
2019-01-12 15:46:54,439:INFO: - Eval metrics : dsc: 0.824 ; iou: 0.753 ; accuracy: 0.998 ; precision: 0.889 ; recall: 0.842 ; loss: 0.188
2019-01-12 15:46:54,470:INFO: Epoch 23/45
2019-01-12 15:47:05,699:INFO: - Train metrics: dsc: 0.835 ; iou: 0.758 ; accuracy: 0.998 ; precision: 0.860 ; recall: 0.874 ; loss: 0.171
2019-01-12 15:47:06,798:INFO: - Eval metrics : dsc: 0.823 ; iou: 0.746 ; accuracy: 0.998 ; precision: 0.890 ; recall: 0.835 ; loss: 0.191
2019-01-12 15:47:06,827:INFO: Epoch 24/45
2019-01-12 15:47:18,072:INFO: - Train metrics: dsc: 0.831 ; iou: 0.755 ; accuracy: 0.998 ; precision: 0.854 ; recall: 0.872 ; loss: 0.172
2019-01-12 15:47:19,223:INFO: - Eval metrics : dsc: 0.847 ; iou: 0.775 ; accuracy: 0.999 ; precision: 0.871 ; recall: 0.874 ; loss: 0.161
2019-01-12 15:47:19,254:INFO: - Found new best DSC
2019-01-12 15:47:19,254:INFO: Epoch 25/45
2019-01-12 15:47:30,499:INFO: - Train metrics: dsc: 0.848 ; iou: 0.774 ; accuracy: 0.998 ; precision: 0.874 ; recall: 0.879 ; loss: 0.155
2019-01-12 15:47:31,660:INFO: - Eval metrics : dsc: 0.814 ; iou: 0.749 ; accuracy: 0.999 ; precision: 0.913 ; recall: 0.825 ; loss: 0.190
2019-01-12 15:47:31,690:INFO: Epoch 26/45
2019-01-12 15:47:42,920:INFO: - Train metrics: dsc: 0.847 ; iou: 0.774 ; accuracy: 0.998 ; precision: 0.884 ; recall: 0.870 ; loss: 0.155
2019-01-12 15:47:44,057:INFO: - Eval metrics : dsc: 0.848 ; iou: 0.783 ; accuracy: 0.999 ; precision: 0.883 ; recall: 0.880 ; loss: 0.151
2019-01-12 15:47:44,080:INFO: - Found new best DSC
2019-01-12 15:47:44,080:INFO: Epoch 27/45
2019-01-12 15:47:55,385:INFO: - Train metrics: dsc: 0.835 ; iou: 0.758 ; accuracy: 0.998 ; precision: 0.872 ; recall: 0.862 ; loss: 0.166
2019-01-12 15:47:56,479:INFO: - Eval metrics : dsc: 0.828 ; iou: 0.761 ; accuracy: 0.998 ; precision: 0.859 ; recall: 0.871 ; loss: 0.171
2019-01-12 15:47:56,512:INFO: Epoch 28/45
2019-01-12 15:48:07,786:INFO: - Train metrics: dsc: 0.850 ; iou: 0.778 ; accuracy: 0.998 ; precision: 0.884 ; recall: 0.871 ; loss: 0.146
2019-01-12 15:48:08,938:INFO: - Eval metrics : dsc: 0.833 ; iou: 0.767 ; accuracy: 0.999 ; precision: 0.900 ; recall: 0.850 ; loss: 0.156
2019-01-12 15:48:08,968:INFO: Epoch 29/45
2019-01-12 15:48:20,216:INFO: - Train metrics: dsc: 0.849 ; iou: 0.776 ; accuracy: 0.998 ; precision: 0.895 ; recall: 0.864 ; loss: 0.144
2019-01-12 15:48:21,355:INFO: - Eval metrics : dsc: 0.836 ; iou: 0.771 ; accuracy: 0.999 ; precision: 0.879 ; recall: 0.871 ; loss: 0.152
2019-01-12 15:48:21,385:INFO: Epoch 30/45
2019-01-12 15:48:32,617:INFO: - Train metrics: dsc: 0.799 ; iou: 0.720 ; accuracy: 0.998 ; precision: 0.878 ; recall: 0.816 ; loss: 0.195
2019-01-12 15:48:33,747:INFO: - Eval metrics : dsc: 0.828 ; iou: 0.756 ; accuracy: 0.998 ; precision: 0.856 ; recall: 0.880 ; loss: 0.160
2019-01-12 15:48:33,769:INFO: Epoch 31/45
2019-01-12 15:48:45,045:INFO: - Train metrics: dsc: 0.849 ; iou: 0.775 ; accuracy: 0.998 ; precision: 0.876 ; recall: 0.875 ; loss: 0.138
2019-01-12 15:48:46,154:INFO: - Eval metrics : dsc: 0.828 ; iou: 0.757 ; accuracy: 0.998 ; precision: 0.843 ; recall: 0.898 ; loss: 0.157
2019-01-12 15:48:46,186:INFO: Epoch 32/45
2019-01-12 15:48:57,403:INFO: - Train metrics: dsc: 0.844 ; iou: 0.769 ; accuracy: 0.998 ; precision: 0.894 ; recall: 0.859 ; loss: 0.139
2019-01-12 15:48:58,563:INFO: - Eval metrics : dsc: 0.836 ; iou: 0.769 ; accuracy: 0.999 ; precision: 0.890 ; recall: 0.866 ; loss: 0.152
2019-01-12 15:48:58,583:INFO: Epoch 33/45
2019-01-12 15:49:09,808:INFO: - Train metrics: dsc: 0.833 ; iou: 0.760 ; accuracy: 0.998 ; precision: 0.891 ; recall: 0.852 ; loss: 0.151
2019-01-12 15:49:10,889:INFO: - Eval metrics : dsc: 0.846 ; iou: 0.777 ; accuracy: 0.999 ; precision: 0.858 ; recall: 0.898 ; loss: 0.136
2019-01-12 15:49:10,909:INFO: Epoch 34/45
2019-01-12 15:49:22,118:INFO: - Train metrics: dsc: 0.855 ; iou: 0.786 ; accuracy: 0.999 ; precision: 0.899 ; recall: 0.872 ; loss: 0.126
2019-01-12 15:49:23,211:INFO: - Eval metrics : dsc: 0.842 ; iou: 0.778 ; accuracy: 0.999 ; precision: 0.886 ; recall: 0.882 ; loss: 0.138
2019-01-12 15:49:23,232:INFO: Epoch 35/45
2019-01-12 15:49:34,530:INFO: - Train metrics: dsc: 0.847 ; iou: 0.778 ; accuracy: 0.999 ; precision: 0.901 ; recall: 0.863 ; loss: 0.129
2019-01-12 15:49:35,637:INFO: - Eval metrics : dsc: 0.841 ; iou: 0.771 ; accuracy: 0.999 ; precision: 0.906 ; recall: 0.850 ; loss: 0.135
2019-01-12 15:49:35,660:INFO: Epoch 36/45
2019-01-12 15:49:46,927:INFO: - Train metrics: dsc: 0.842 ; iou: 0.767 ; accuracy: 0.998 ; precision: 0.894 ; recall: 0.854 ; loss: 0.136
2019-01-12 15:49:48,020:INFO: - Eval metrics : dsc: 0.822 ; iou: 0.758 ; accuracy: 0.999 ; precision: 0.883 ; recall: 0.855 ; loss: 0.152
2019-01-12 15:49:48,043:INFO: Epoch 37/45
2019-01-12 15:49:59,306:INFO: - Train metrics: dsc: 0.853 ; iou: 0.783 ; accuracy: 0.998 ; precision: 0.896 ; recall: 0.869 ; loss: 0.122
2019-01-12 15:50:00,437:INFO: - Eval metrics : dsc: 0.842 ; iou: 0.778 ; accuracy: 0.999 ; precision: 0.885 ; recall: 0.877 ; loss: 0.135
2019-01-12 15:50:00,465:INFO: Epoch 38/45
2019-01-12 15:50:11,674:INFO: - Train metrics: dsc: 0.848 ; iou: 0.777 ; accuracy: 0.999 ; precision: 0.898 ; recall: 0.864 ; loss: 0.129
2019-01-12 15:50:12,759:INFO: - Eval metrics : dsc: 0.845 ; iou: 0.778 ; accuracy: 0.999 ; precision: 0.878 ; recall: 0.883 ; loss: 0.133
2019-01-12 15:50:12,787:INFO: Epoch 39/45
2019-01-12 15:50:24,210:INFO: - Train metrics: dsc: 0.863 ; iou: 0.794 ; accuracy: 0.999 ; precision: 0.889 ; recall: 0.887 ; loss: 0.111
2019-01-12 15:50:25,317:INFO: - Eval metrics : dsc: 0.845 ; iou: 0.777 ; accuracy: 0.999 ; precision: 0.849 ; recall: 0.914 ; loss: 0.132
2019-01-12 15:50:25,346:INFO: Epoch 40/45
2019-01-12 15:50:36,629:INFO: - Train metrics: dsc: 0.862 ; iou: 0.791 ; accuracy: 0.999 ; precision: 0.894 ; recall: 0.880 ; loss: 0.112
2019-01-12 15:50:37,728:INFO: - Eval metrics : dsc: 0.848 ; iou: 0.783 ; accuracy: 0.999 ; precision: 0.888 ; recall: 0.879 ; loss: 0.129
2019-01-12 15:50:37,767:INFO: Epoch 41/45
2019-01-12 15:50:48,995:INFO: - Train metrics: dsc: 0.867 ; iou: 0.796 ; accuracy: 0.999 ; precision: 0.887 ; recall: 0.890 ; loss: 0.108
2019-01-12 15:50:50,163:INFO: - Eval metrics : dsc: 0.852 ; iou: 0.786 ; accuracy: 0.999 ; precision: 0.872 ; recall: 0.896 ; loss: 0.125
2019-01-12 15:50:50,187:INFO: - Found new best DSC
2019-01-12 15:50:50,187:INFO: Epoch 42/45
2019-01-12 15:51:01,497:INFO: - Train metrics: dsc: 0.842 ; iou: 0.768 ; accuracy: 0.998 ; precision: 0.898 ; recall: 0.853 ; loss: 0.134
2019-01-12 15:51:02,623:INFO: - Eval metrics : dsc: 0.851 ; iou: 0.786 ; accuracy: 0.999 ; precision: 0.877 ; recall: 0.889 ; loss: 0.125
2019-01-12 15:51:02,644:INFO: Epoch 43/45
2019-01-12 15:51:13,867:INFO: - Train metrics: dsc: 0.859 ; iou: 0.788 ; accuracy: 0.999 ; precision: 0.890 ; recall: 0.884 ; loss: 0.116
2019-01-12 15:51:14,954:INFO: - Eval metrics : dsc: 0.854 ; iou: 0.788 ; accuracy: 0.999 ; precision: 0.892 ; recall: 0.883 ; loss: 0.123
2019-01-12 15:51:14,985:INFO: - Found new best DSC
2019-01-12 15:51:14,985:INFO: Epoch 44/45
2019-01-12 15:51:26,335:INFO: - Train metrics: dsc: 0.836 ; iou: 0.765 ; accuracy: 0.998 ; precision: 0.898 ; recall: 0.852 ; loss: 0.138
2019-01-12 15:51:27,431:INFO: - Eval metrics : dsc: 0.848 ; iou: 0.785 ; accuracy: 0.999 ; precision: 0.902 ; recall: 0.866 ; loss: 0.124
2019-01-12 15:51:27,451:INFO: Epoch 45/45
2019-01-12 15:51:38,706:INFO: - Train metrics: dsc: 0.839 ; iou: 0.764 ; accuracy: 0.998 ; precision: 0.896 ; recall: 0.848 ; loss: 0.132
2019-01-12 15:51:39,836:INFO: - Eval metrics : dsc: 0.835 ; iou: 0.770 ; accuracy: 0.999 ; precision: 0.916 ; recall: 0.844 ; loss: 0.136
