2019-01-16 17:06:52,420:INFO: Loading the datasets...
2019-01-16 17:06:59,884:INFO: - done.
2019-01-16 17:06:59,884:INFO: For k-fold 1/5:
2019-01-16 17:06:59,884:INFO: Starting training for 45 epoch(s)
2019-01-16 17:06:59,884:INFO: Epoch 1/45
2019-01-16 17:07:18,670:INFO: - Train metrics: dsc: 0.449 ; iou: 0.324 ; accuracy: 0.934 ; precision: 0.327 ; recall: 0.904 ; loss: 0.894
2019-01-16 17:07:20,451:INFO: - Eval metrics : dsc: 0.684 ; iou: 0.545 ; accuracy: 0.985 ; precision: 0.553 ; recall: 0.952 ; loss: 0.863
2019-01-16 17:07:20,463:INFO: - Found new best DSC
2019-01-16 17:07:20,463:INFO: Epoch 2/45
2019-01-16 17:07:39,297:INFO: - Train metrics: dsc: 0.741 ; iou: 0.617 ; accuracy: 0.988 ; precision: 0.622 ; recall: 0.973 ; loss: 0.832
2019-01-16 17:07:41,086:INFO: - Eval metrics : dsc: 0.845 ; iou: 0.764 ; accuracy: 0.995 ; precision: 0.799 ; recall: 0.935 ; loss: 0.799
2019-01-16 17:07:41,111:INFO: - Found new best DSC
2019-01-16 17:07:41,111:INFO: Epoch 3/45
2019-01-16 17:08:00,052:INFO: - Train metrics: dsc: 0.819 ; iou: 0.722 ; accuracy: 0.993 ; precision: 0.734 ; recall: 0.969 ; loss: 0.730
2019-01-16 17:08:01,865:INFO: - Eval metrics : dsc: 0.858 ; iou: 0.788 ; accuracy: 0.996 ; precision: 0.863 ; recall: 0.903 ; loss: 0.652
2019-01-16 17:08:01,887:INFO: - Found new best DSC
2019-01-16 17:08:01,888:INFO: Epoch 4/45
2019-01-16 17:08:20,837:INFO: - Train metrics: dsc: 0.869 ; iou: 0.796 ; accuracy: 0.996 ; precision: 0.817 ; recall: 0.959 ; loss: 0.551
2019-01-16 17:08:22,631:INFO: - Eval metrics : dsc: 0.879 ; iou: 0.814 ; accuracy: 0.997 ; precision: 0.847 ; recall: 0.943 ; loss: 0.451
2019-01-16 17:08:22,648:INFO: - Found new best DSC
2019-01-16 17:08:22,648:INFO: Epoch 5/45
2019-01-16 17:08:41,567:INFO: - Train metrics: dsc: 0.895 ; iou: 0.833 ; accuracy: 0.997 ; precision: 0.867 ; recall: 0.950 ; loss: 0.369
2019-01-16 17:08:43,375:INFO: - Eval metrics : dsc: 0.898 ; iou: 0.845 ; accuracy: 0.997 ; precision: 0.902 ; recall: 0.929 ; loss: 0.291
2019-01-16 17:08:43,393:INFO: - Found new best DSC
2019-01-16 17:08:43,393:INFO: Epoch 6/45
2019-01-16 17:09:02,327:INFO: - Train metrics: dsc: 0.908 ; iou: 0.853 ; accuracy: 0.997 ; precision: 0.891 ; recall: 0.949 ; loss: 0.245
2019-01-16 17:09:04,152:INFO: - Eval metrics : dsc: 0.901 ; iou: 0.845 ; accuracy: 0.997 ; precision: 0.884 ; recall: 0.941 ; loss: 0.209
2019-01-16 17:09:04,171:INFO: - Found new best DSC
2019-01-16 17:09:04,171:INFO: Epoch 7/45
2019-01-16 17:09:23,167:INFO: - Train metrics: dsc: 0.914 ; iou: 0.861 ; accuracy: 0.998 ; precision: 0.906 ; recall: 0.945 ; loss: 0.178
2019-01-16 17:09:24,966:INFO: - Eval metrics : dsc: 0.907 ; iou: 0.856 ; accuracy: 0.998 ; precision: 0.893 ; recall: 0.948 ; loss: 0.156
2019-01-16 17:09:24,988:INFO: - Found new best DSC
2019-01-16 17:09:24,988:INFO: Epoch 8/45
2019-01-16 17:09:43,858:INFO: - Train metrics: dsc: 0.922 ; iou: 0.872 ; accuracy: 0.998 ; precision: 0.918 ; recall: 0.943 ; loss: 0.130
2019-01-16 17:09:45,686:INFO: - Eval metrics : dsc: 0.910 ; iou: 0.863 ; accuracy: 0.998 ; precision: 0.932 ; recall: 0.923 ; loss: 0.125
2019-01-16 17:09:45,707:INFO: - Found new best DSC
2019-01-16 17:09:45,707:INFO: Epoch 9/45
2019-01-16 17:10:04,636:INFO: - Train metrics: dsc: 0.925 ; iou: 0.875 ; accuracy: 0.998 ; precision: 0.921 ; recall: 0.943 ; loss: 0.108
2019-01-16 17:10:06,432:INFO: - Eval metrics : dsc: 0.915 ; iou: 0.868 ; accuracy: 0.998 ; precision: 0.950 ; recall: 0.913 ; loss: 0.109
2019-01-16 17:10:06,453:INFO: - Found new best DSC
2019-01-16 17:10:06,453:INFO: Epoch 10/45
2019-01-16 17:10:25,434:INFO: - Train metrics: dsc: 0.927 ; iou: 0.879 ; accuracy: 0.998 ; precision: 0.926 ; recall: 0.944 ; loss: 0.095
2019-01-16 17:10:27,287:INFO: - Eval metrics : dsc: 0.915 ; iou: 0.867 ; accuracy: 0.998 ; precision: 0.911 ; recall: 0.942 ; loss: 0.102
2019-01-16 17:10:27,301:INFO: Epoch 11/45
2019-01-16 17:10:46,268:INFO: - Train metrics: dsc: 0.930 ; iou: 0.881 ; accuracy: 0.998 ; precision: 0.928 ; recall: 0.945 ; loss: 0.086
2019-01-16 17:10:48,106:INFO: - Eval metrics : dsc: 0.918 ; iou: 0.866 ; accuracy: 0.998 ; precision: 0.906 ; recall: 0.947 ; loss: 0.093
2019-01-16 17:10:48,139:INFO: - Found new best DSC
2019-01-16 17:10:48,139:INFO: Epoch 12/45
2019-01-16 17:11:07,108:INFO: - Train metrics: dsc: 0.933 ; iou: 0.888 ; accuracy: 0.998 ; precision: 0.934 ; recall: 0.949 ; loss: 0.078
2019-01-16 17:11:08,926:INFO: - Eval metrics : dsc: 0.926 ; iou: 0.880 ; accuracy: 0.998 ; precision: 0.933 ; recall: 0.940 ; loss: 0.083
2019-01-16 17:11:08,946:INFO: - Found new best DSC
2019-01-16 17:11:08,946:INFO: Epoch 13/45
2019-01-16 17:11:27,823:INFO: - Train metrics: dsc: 0.933 ; iou: 0.886 ; accuracy: 0.998 ; precision: 0.931 ; recall: 0.947 ; loss: 0.075
2019-01-16 17:11:29,618:INFO: - Eval metrics : dsc: 0.910 ; iou: 0.858 ; accuracy: 0.998 ; precision: 0.954 ; recall: 0.895 ; loss: 0.096
2019-01-16 17:11:29,638:INFO: Epoch 14/45
2019-01-16 17:11:48,623:INFO: - Train metrics: dsc: 0.935 ; iou: 0.890 ; accuracy: 0.998 ; precision: 0.936 ; recall: 0.947 ; loss: 0.071
2019-01-16 17:11:50,416:INFO: - Eval metrics : dsc: 0.922 ; iou: 0.875 ; accuracy: 0.998 ; precision: 0.958 ; recall: 0.909 ; loss: 0.082
2019-01-16 17:11:50,430:INFO: Epoch 15/45
2019-01-16 17:12:09,322:INFO: - Train metrics: dsc: 0.937 ; iou: 0.893 ; accuracy: 0.998 ; precision: 0.939 ; recall: 0.948 ; loss: 0.067
2019-01-16 17:12:11,165:INFO: - Eval metrics : dsc: 0.931 ; iou: 0.888 ; accuracy: 0.998 ; precision: 0.935 ; recall: 0.944 ; loss: 0.072
2019-01-16 17:12:11,187:INFO: - Found new best DSC
2019-01-16 17:12:11,187:INFO: Epoch 16/45
2019-01-16 17:12:30,165:INFO: - Train metrics: dsc: 0.939 ; iou: 0.896 ; accuracy: 0.998 ; precision: 0.940 ; recall: 0.950 ; loss: 0.064
2019-01-16 17:12:31,941:INFO: - Eval metrics : dsc: 0.928 ; iou: 0.884 ; accuracy: 0.998 ; precision: 0.926 ; recall: 0.945 ; loss: 0.074
2019-01-16 17:12:31,961:INFO: Epoch 17/45
2019-01-16 17:12:50,979:INFO: - Train metrics: dsc: 0.937 ; iou: 0.892 ; accuracy: 0.998 ; precision: 0.938 ; recall: 0.948 ; loss: 0.065
2019-01-16 17:12:52,801:INFO: - Eval metrics : dsc: 0.930 ; iou: 0.883 ; accuracy: 0.998 ; precision: 0.921 ; recall: 0.954 ; loss: 0.072
2019-01-16 17:12:52,819:INFO: Epoch 18/45
2019-01-16 17:13:11,780:INFO: - Train metrics: dsc: 0.941 ; iou: 0.897 ; accuracy: 0.998 ; precision: 0.942 ; recall: 0.951 ; loss: 0.061
2019-01-16 17:13:13,581:INFO: - Eval metrics : dsc: 0.927 ; iou: 0.882 ; accuracy: 0.998 ; precision: 0.953 ; recall: 0.923 ; loss: 0.074
2019-01-16 17:13:13,601:INFO: Epoch 19/45
2019-01-16 17:13:32,486:INFO: - Train metrics: dsc: 0.941 ; iou: 0.899 ; accuracy: 0.998 ; precision: 0.943 ; recall: 0.951 ; loss: 0.060
2019-01-16 17:13:34,304:INFO: - Eval metrics : dsc: 0.923 ; iou: 0.877 ; accuracy: 0.998 ; precision: 0.920 ; recall: 0.945 ; loss: 0.077
2019-01-16 17:13:34,318:INFO: Epoch 20/45
2019-01-16 17:13:53,190:INFO: - Train metrics: dsc: 0.939 ; iou: 0.897 ; accuracy: 0.998 ; precision: 0.942 ; recall: 0.950 ; loss: 0.061
2019-01-16 17:13:54,984:INFO: - Eval metrics : dsc: 0.925 ; iou: 0.882 ; accuracy: 0.998 ; precision: 0.956 ; recall: 0.919 ; loss: 0.076
2019-01-16 17:13:55,001:INFO: Epoch 21/45
2019-01-16 17:14:14,003:INFO: - Train metrics: dsc: 0.941 ; iou: 0.900 ; accuracy: 0.998 ; precision: 0.942 ; recall: 0.952 ; loss: 0.059
2019-01-16 17:14:15,902:INFO: - Eval metrics : dsc: 0.927 ; iou: 0.884 ; accuracy: 0.998 ; precision: 0.949 ; recall: 0.929 ; loss: 0.073
2019-01-16 17:14:15,921:INFO: Epoch 22/45
2019-01-16 17:14:34,867:INFO: - Train metrics: dsc: 0.941 ; iou: 0.899 ; accuracy: 0.998 ; precision: 0.942 ; recall: 0.951 ; loss: 0.059
2019-01-16 17:14:36,709:INFO: - Eval metrics : dsc: 0.926 ; iou: 0.881 ; accuracy: 0.998 ; precision: 0.958 ; recall: 0.914 ; loss: 0.073
2019-01-16 17:14:36,733:INFO: Epoch 23/45
2019-01-16 17:14:55,698:INFO: - Train metrics: dsc: 0.939 ; iou: 0.896 ; accuracy: 0.998 ; precision: 0.940 ; recall: 0.950 ; loss: 0.061
2019-01-16 17:14:57,497:INFO: - Eval metrics : dsc: 0.931 ; iou: 0.887 ; accuracy: 0.998 ; precision: 0.934 ; recall: 0.947 ; loss: 0.069
2019-01-16 17:14:57,515:INFO: Epoch 24/45
2019-01-16 17:15:16,500:INFO: - Train metrics: dsc: 0.941 ; iou: 0.899 ; accuracy: 0.998 ; precision: 0.942 ; recall: 0.953 ; loss: 0.059
2019-01-16 17:15:18,304:INFO: - Eval metrics : dsc: 0.928 ; iou: 0.884 ; accuracy: 0.998 ; precision: 0.956 ; recall: 0.920 ; loss: 0.071
2019-01-16 17:15:18,323:INFO: Epoch 25/45
2019-01-16 17:15:37,241:INFO: - Train metrics: dsc: 0.944 ; iou: 0.903 ; accuracy: 0.998 ; precision: 0.945 ; recall: 0.955 ; loss: 0.056
2019-01-16 17:15:39,044:INFO: - Eval metrics : dsc: 0.936 ; iou: 0.893 ; accuracy: 0.998 ; precision: 0.940 ; recall: 0.945 ; loss: 0.064
2019-01-16 17:15:39,060:INFO: - Found new best DSC
2019-01-16 17:15:39,061:INFO: Epoch 26/45
2019-01-16 17:15:58,027:INFO: - Train metrics: dsc: 0.947 ; iou: 0.907 ; accuracy: 0.998 ; precision: 0.947 ; recall: 0.956 ; loss: 0.053
2019-01-16 17:15:59,950:INFO: - Eval metrics : dsc: 0.931 ; iou: 0.888 ; accuracy: 0.998 ; precision: 0.958 ; recall: 0.925 ; loss: 0.068
2019-01-16 17:15:59,968:INFO: Epoch 27/45
2019-01-16 17:16:18,892:INFO: - Train metrics: dsc: 0.943 ; iou: 0.902 ; accuracy: 0.998 ; precision: 0.945 ; recall: 0.953 ; loss: 0.056
2019-01-16 17:16:20,693:INFO: - Eval metrics : dsc: 0.929 ; iou: 0.885 ; accuracy: 0.998 ; precision: 0.942 ; recall: 0.931 ; loss: 0.070
2019-01-16 17:16:20,707:INFO: Epoch 28/45
2019-01-16 17:16:39,694:INFO: - Train metrics: dsc: 0.944 ; iou: 0.904 ; accuracy: 0.998 ; precision: 0.945 ; recall: 0.954 ; loss: 0.055
2019-01-16 17:16:41,565:INFO: - Eval metrics : dsc: 0.933 ; iou: 0.888 ; accuracy: 0.998 ; precision: 0.943 ; recall: 0.936 ; loss: 0.067
2019-01-16 17:16:41,584:INFO: Epoch 29/45
2019-01-16 17:17:00,514:INFO: - Train metrics: dsc: 0.944 ; iou: 0.904 ; accuracy: 0.998 ; precision: 0.945 ; recall: 0.954 ; loss: 0.055
2019-01-16 17:17:02,362:INFO: - Eval metrics : dsc: 0.932 ; iou: 0.889 ; accuracy: 0.998 ; precision: 0.957 ; recall: 0.925 ; loss: 0.068
2019-01-16 17:17:02,380:INFO: Epoch 30/45
2019-01-16 17:17:21,341:INFO: - Train metrics: dsc: 0.948 ; iou: 0.909 ; accuracy: 0.998 ; precision: 0.948 ; recall: 0.956 ; loss: 0.052
2019-01-16 17:17:23,187:INFO: - Eval metrics : dsc: 0.931 ; iou: 0.888 ; accuracy: 0.998 ; precision: 0.949 ; recall: 0.932 ; loss: 0.068
2019-01-16 17:17:23,198:INFO: Epoch 31/45
2019-01-16 17:17:42,084:INFO: - Train metrics: dsc: 0.945 ; iou: 0.905 ; accuracy: 0.998 ; precision: 0.946 ; recall: 0.955 ; loss: 0.054
2019-01-16 17:17:43,931:INFO: - Eval metrics : dsc: 0.934 ; iou: 0.893 ; accuracy: 0.998 ; precision: 0.929 ; recall: 0.953 ; loss: 0.065
2019-01-16 17:17:43,950:INFO: Epoch 32/45
2019-01-16 17:18:02,876:INFO: - Train metrics: dsc: 0.950 ; iou: 0.912 ; accuracy: 0.998 ; precision: 0.951 ; recall: 0.958 ; loss: 0.049
2019-01-16 17:18:04,717:INFO: - Eval metrics : dsc: 0.936 ; iou: 0.895 ; accuracy: 0.998 ; precision: 0.956 ; recall: 0.936 ; loss: 0.063
2019-01-16 17:18:04,733:INFO: - Found new best DSC
2019-01-16 17:18:04,734:INFO: Epoch 33/45
2019-01-16 17:18:23,637:INFO: - Train metrics: dsc: 0.948 ; iou: 0.911 ; accuracy: 0.998 ; precision: 0.950 ; recall: 0.956 ; loss: 0.051
2019-01-16 17:18:25,447:INFO: - Eval metrics : dsc: 0.933 ; iou: 0.892 ; accuracy: 0.998 ; precision: 0.951 ; recall: 0.932 ; loss: 0.066
2019-01-16 17:18:25,461:INFO: Epoch 34/45
2019-01-16 17:18:44,445:INFO: - Train metrics: dsc: 0.949 ; iou: 0.911 ; accuracy: 0.998 ; precision: 0.951 ; recall: 0.956 ; loss: 0.050
2019-01-16 17:18:46,239:INFO: - Eval metrics : dsc: 0.938 ; iou: 0.896 ; accuracy: 0.998 ; precision: 0.948 ; recall: 0.941 ; loss: 0.062
2019-01-16 17:18:46,270:INFO: - Found new best DSC
2019-01-16 17:18:46,270:INFO: Epoch 35/45
2019-01-16 17:19:05,207:INFO: - Train metrics: dsc: 0.949 ; iou: 0.912 ; accuracy: 0.998 ; precision: 0.952 ; recall: 0.957 ; loss: 0.050
2019-01-16 17:19:07,050:INFO: - Eval metrics : dsc: 0.929 ; iou: 0.885 ; accuracy: 0.998 ; precision: 0.967 ; recall: 0.910 ; loss: 0.070
2019-01-16 17:19:07,067:INFO: Epoch 36/45
2019-01-16 17:19:26,089:INFO: - Train metrics: dsc: 0.945 ; iou: 0.907 ; accuracy: 0.998 ; precision: 0.950 ; recall: 0.952 ; loss: 0.054
2019-01-16 17:19:27,912:INFO: - Eval metrics : dsc: 0.933 ; iou: 0.893 ; accuracy: 0.998 ; precision: 0.939 ; recall: 0.947 ; loss: 0.066
2019-01-16 17:19:27,931:INFO: Epoch 37/45
2019-01-16 17:19:46,926:INFO: - Train metrics: dsc: 0.946 ; iou: 0.906 ; accuracy: 0.998 ; precision: 0.947 ; recall: 0.954 ; loss: 0.053
2019-01-16 17:19:48,748:INFO: - Eval metrics : dsc: 0.937 ; iou: 0.895 ; accuracy: 0.998 ; precision: 0.939 ; recall: 0.950 ; loss: 0.063
2019-01-16 17:19:48,763:INFO: Epoch 38/45
2019-01-16 17:20:07,737:INFO: - Train metrics: dsc: 0.950 ; iou: 0.914 ; accuracy: 0.998 ; precision: 0.952 ; recall: 0.958 ; loss: 0.049
2019-01-16 17:20:09,521:INFO: - Eval metrics : dsc: 0.938 ; iou: 0.898 ; accuracy: 0.998 ; precision: 0.950 ; recall: 0.942 ; loss: 0.061
2019-01-16 17:20:09,543:INFO: - Found new best DSC
2019-01-16 17:20:09,543:INFO: Epoch 39/45
2019-01-16 17:20:28,516:INFO: - Train metrics: dsc: 0.950 ; iou: 0.914 ; accuracy: 0.998 ; precision: 0.952 ; recall: 0.957 ; loss: 0.049
2019-01-16 17:20:30,317:INFO: - Eval metrics : dsc: 0.941 ; iou: 0.900 ; accuracy: 0.998 ; precision: 0.949 ; recall: 0.947 ; loss: 0.058
2019-01-16 17:20:30,338:INFO: - Found new best DSC
2019-01-16 17:20:30,338:INFO: Epoch 40/45
2019-01-16 17:20:49,345:INFO: - Train metrics: dsc: 0.952 ; iou: 0.917 ; accuracy: 0.998 ; precision: 0.955 ; recall: 0.958 ; loss: 0.047
2019-01-16 17:20:51,192:INFO: - Eval metrics : dsc: 0.929 ; iou: 0.887 ; accuracy: 0.998 ; precision: 0.964 ; recall: 0.919 ; loss: 0.070
2019-01-16 17:20:51,211:INFO: Epoch 41/45
2019-01-16 17:21:10,140:INFO: - Train metrics: dsc: 0.952 ; iou: 0.916 ; accuracy: 0.998 ; precision: 0.955 ; recall: 0.957 ; loss: 0.047
2019-01-16 17:21:11,931:INFO: - Eval metrics : dsc: 0.933 ; iou: 0.890 ; accuracy: 0.998 ; precision: 0.937 ; recall: 0.949 ; loss: 0.065
2019-01-16 17:21:11,947:INFO: Epoch 42/45
2019-01-16 17:21:30,923:INFO: - Train metrics: dsc: 0.951 ; iou: 0.915 ; accuracy: 0.998 ; precision: 0.953 ; recall: 0.958 ; loss: 0.048
2019-01-16 17:21:32,721:INFO: - Eval metrics : dsc: 0.940 ; iou: 0.900 ; accuracy: 0.998 ; precision: 0.941 ; recall: 0.954 ; loss: 0.059
2019-01-16 17:21:32,739:INFO: Epoch 43/45
2019-01-16 17:21:51,666:INFO: - Train metrics: dsc: 0.952 ; iou: 0.916 ; accuracy: 0.998 ; precision: 0.955 ; recall: 0.958 ; loss: 0.047
2019-01-16 17:21:53,515:INFO: - Eval metrics : dsc: 0.928 ; iou: 0.887 ; accuracy: 0.998 ; precision: 0.955 ; recall: 0.928 ; loss: 0.071
2019-01-16 17:21:53,533:INFO: Epoch 44/45
2019-01-16 17:22:12,469:INFO: - Train metrics: dsc: 0.953 ; iou: 0.919 ; accuracy: 0.999 ; precision: 0.957 ; recall: 0.959 ; loss: 0.046
2019-01-16 17:22:14,272:INFO: - Eval metrics : dsc: 0.938 ; iou: 0.898 ; accuracy: 0.998 ; precision: 0.963 ; recall: 0.931 ; loss: 0.061
2019-01-16 17:22:14,288:INFO: Epoch 45/45
2019-01-16 17:22:33,246:INFO: - Train metrics: dsc: 0.953 ; iou: 0.919 ; accuracy: 0.999 ; precision: 0.958 ; recall: 0.958 ; loss: 0.045
2019-01-16 17:22:35,006:INFO: - Eval metrics : dsc: 0.932 ; iou: 0.890 ; accuracy: 0.998 ; precision: 0.966 ; recall: 0.920 ; loss: 0.067
2019-01-16 17:22:35,071:INFO: Loading the datasets...
2019-01-16 17:22:42,548:INFO: - done.
2019-01-16 17:22:42,548:INFO: For k-fold 2/5:
2019-01-16 17:22:42,548:INFO: Starting training for 45 epoch(s)
2019-01-16 17:22:42,548:INFO: Epoch 1/45
2019-01-16 17:23:01,336:INFO: - Train metrics: dsc: 0.430 ; iou: 0.307 ; accuracy: 0.930 ; precision: 0.309 ; recall: 0.900 ; loss: 0.895
2019-01-16 17:23:03,170:INFO: - Eval metrics : dsc: 0.683 ; iou: 0.542 ; accuracy: 0.985 ; precision: 0.551 ; recall: 0.944 ; loss: 0.864
2019-01-16 17:23:03,193:INFO: - Found new best DSC
2019-01-16 17:23:03,193:INFO: Epoch 2/45
2019-01-16 17:23:22,076:INFO: - Train metrics: dsc: 0.729 ; iou: 0.603 ; accuracy: 0.988 ; precision: 0.609 ; recall: 0.967 ; loss: 0.830
2019-01-16 17:23:23,859:INFO: - Eval metrics : dsc: 0.829 ; iou: 0.739 ; accuracy: 0.994 ; precision: 0.767 ; recall: 0.943 ; loss: 0.780
2019-01-16 17:23:23,880:INFO: - Found new best DSC
2019-01-16 17:23:23,881:INFO: Epoch 3/45
2019-01-16 17:23:42,742:INFO: - Train metrics: dsc: 0.818 ; iou: 0.723 ; accuracy: 0.994 ; precision: 0.736 ; recall: 0.963 ; loss: 0.710
2019-01-16 17:23:44,498:INFO: - Eval metrics : dsc: 0.863 ; iou: 0.788 ; accuracy: 0.996 ; precision: 0.822 ; recall: 0.934 ; loss: 0.616
2019-01-16 17:23:44,521:INFO: - Found new best DSC
2019-01-16 17:23:44,521:INFO: Epoch 4/45
2019-01-16 17:24:03,484:INFO: - Train metrics: dsc: 0.874 ; iou: 0.804 ; accuracy: 0.996 ; precision: 0.825 ; recall: 0.959 ; loss: 0.520
2019-01-16 17:24:05,329:INFO: - Eval metrics : dsc: 0.876 ; iou: 0.815 ; accuracy: 0.997 ; precision: 0.866 ; recall: 0.916 ; loss: 0.431
2019-01-16 17:24:05,347:INFO: - Found new best DSC
2019-01-16 17:24:05,348:INFO: Epoch 5/45
2019-01-16 17:24:24,279:INFO: - Train metrics: dsc: 0.897 ; iou: 0.838 ; accuracy: 0.997 ; precision: 0.873 ; recall: 0.947 ; loss: 0.344
2019-01-16 17:24:26,100:INFO: - Eval metrics : dsc: 0.889 ; iou: 0.824 ; accuracy: 0.997 ; precision: 0.849 ; recall: 0.958 ; loss: 0.280
2019-01-16 17:24:26,116:INFO: - Found new best DSC
2019-01-16 17:24:26,116:INFO: Epoch 6/45
2019-01-16 17:24:44,960:INFO: - Train metrics: dsc: 0.907 ; iou: 0.853 ; accuracy: 0.997 ; precision: 0.895 ; recall: 0.944 ; loss: 0.232
2019-01-16 17:24:46,753:INFO: - Eval metrics : dsc: 0.895 ; iou: 0.845 ; accuracy: 0.998 ; precision: 0.938 ; recall: 0.891 ; loss: 0.207
2019-01-16 17:24:46,775:INFO: - Found new best DSC
2019-01-16 17:24:46,775:INFO: Epoch 7/45
2019-01-16 17:25:05,638:INFO: - Train metrics: dsc: 0.915 ; iou: 0.865 ; accuracy: 0.998 ; precision: 0.911 ; recall: 0.942 ; loss: 0.168
2019-01-16 17:25:07,431:INFO: - Eval metrics : dsc: 0.904 ; iou: 0.855 ; accuracy: 0.998 ; precision: 0.939 ; recall: 0.906 ; loss: 0.158
2019-01-16 17:25:07,447:INFO: - Found new best DSC
2019-01-16 17:25:07,447:INFO: Epoch 8/45
2019-01-16 17:25:26,287:INFO: - Train metrics: dsc: 0.919 ; iou: 0.871 ; accuracy: 0.998 ; precision: 0.918 ; recall: 0.940 ; loss: 0.134
2019-01-16 17:25:28,090:INFO: - Eval metrics : dsc: 0.909 ; iou: 0.859 ; accuracy: 0.998 ; precision: 0.927 ; recall: 0.914 ; loss: 0.132
2019-01-16 17:25:28,107:INFO: - Found new best DSC
2019-01-16 17:25:28,107:INFO: Epoch 9/45
2019-01-16 17:25:46,963:INFO: - Train metrics: dsc: 0.918 ; iou: 0.869 ; accuracy: 0.998 ; precision: 0.918 ; recall: 0.939 ; loss: 0.116
2019-01-16 17:25:48,758:INFO: - Eval metrics : dsc: 0.917 ; iou: 0.867 ; accuracy: 0.998 ; precision: 0.939 ; recall: 0.916 ; loss: 0.110
2019-01-16 17:25:48,775:INFO: - Found new best DSC
2019-01-16 17:25:48,775:INFO: Epoch 10/45
2019-01-16 17:26:07,661:INFO: - Train metrics: dsc: 0.924 ; iou: 0.877 ; accuracy: 0.998 ; precision: 0.925 ; recall: 0.943 ; loss: 0.099
2019-01-16 17:26:09,450:INFO: - Eval metrics : dsc: 0.913 ; iou: 0.861 ; accuracy: 0.998 ; precision: 0.904 ; recall: 0.938 ; loss: 0.106
2019-01-16 17:26:09,464:INFO: Epoch 11/45
2019-01-16 17:26:28,302:INFO: - Train metrics: dsc: 0.925 ; iou: 0.877 ; accuracy: 0.998 ; precision: 0.925 ; recall: 0.943 ; loss: 0.092
2019-01-16 17:26:30,095:INFO: - Eval metrics : dsc: 0.920 ; iou: 0.874 ; accuracy: 0.998 ; precision: 0.928 ; recall: 0.935 ; loss: 0.093
2019-01-16 17:26:30,111:INFO: - Found new best DSC
2019-01-16 17:26:30,111:INFO: Epoch 12/45
2019-01-16 17:26:48,962:INFO: - Train metrics: dsc: 0.928 ; iou: 0.881 ; accuracy: 0.998 ; precision: 0.929 ; recall: 0.945 ; loss: 0.084
2019-01-16 17:26:50,742:INFO: - Eval metrics : dsc: 0.923 ; iou: 0.875 ; accuracy: 0.998 ; precision: 0.925 ; recall: 0.938 ; loss: 0.087
2019-01-16 17:26:50,759:INFO: - Found new best DSC
2019-01-16 17:26:50,759:INFO: Epoch 13/45
2019-01-16 17:27:09,707:INFO: - Train metrics: dsc: 0.931 ; iou: 0.884 ; accuracy: 0.998 ; precision: 0.929 ; recall: 0.948 ; loss: 0.077
2019-01-16 17:27:11,510:INFO: - Eval metrics : dsc: 0.900 ; iou: 0.840 ; accuracy: 0.997 ; precision: 0.945 ; recall: 0.879 ; loss: 0.106
2019-01-16 17:27:11,525:INFO: Epoch 14/45
2019-01-16 17:27:30,492:INFO: - Train metrics: dsc: 0.931 ; iou: 0.884 ; accuracy: 0.998 ; precision: 0.929 ; recall: 0.947 ; loss: 0.075
2019-01-16 17:27:32,292:INFO: - Eval metrics : dsc: 0.922 ; iou: 0.875 ; accuracy: 0.998 ; precision: 0.930 ; recall: 0.934 ; loss: 0.083
2019-01-16 17:27:32,312:INFO: Epoch 15/45
2019-01-16 17:27:51,245:INFO: - Train metrics: dsc: 0.936 ; iou: 0.891 ; accuracy: 0.998 ; precision: 0.934 ; recall: 0.950 ; loss: 0.069
2019-01-16 17:27:53,033:INFO: - Eval metrics : dsc: 0.924 ; iou: 0.875 ; accuracy: 0.998 ; precision: 0.916 ; recall: 0.948 ; loss: 0.079
2019-01-16 17:27:53,049:INFO: - Found new best DSC
2019-01-16 17:27:53,049:INFO: Epoch 16/45
2019-01-16 17:28:12,030:INFO: - Train metrics: dsc: 0.936 ; iou: 0.891 ; accuracy: 0.998 ; precision: 0.934 ; recall: 0.951 ; loss: 0.067
2019-01-16 17:28:13,811:INFO: - Eval metrics : dsc: 0.925 ; iou: 0.880 ; accuracy: 0.998 ; precision: 0.932 ; recall: 0.932 ; loss: 0.078
2019-01-16 17:28:13,828:INFO: - Found new best DSC
2019-01-16 17:28:13,828:INFO: Epoch 17/45
2019-01-16 17:28:32,801:INFO: - Train metrics: dsc: 0.939 ; iou: 0.896 ; accuracy: 0.998 ; precision: 0.940 ; recall: 0.952 ; loss: 0.063
2019-01-16 17:28:34,633:INFO: - Eval metrics : dsc: 0.927 ; iou: 0.882 ; accuracy: 0.998 ; precision: 0.950 ; recall: 0.924 ; loss: 0.074
2019-01-16 17:28:34,651:INFO: - Found new best DSC
2019-01-16 17:28:34,651:INFO: Epoch 18/45
2019-01-16 17:28:53,655:INFO: - Train metrics: dsc: 0.933 ; iou: 0.888 ; accuracy: 0.998 ; precision: 0.935 ; recall: 0.947 ; loss: 0.068
2019-01-16 17:28:55,508:INFO: - Eval metrics : dsc: 0.924 ; iou: 0.876 ; accuracy: 0.998 ; precision: 0.926 ; recall: 0.936 ; loss: 0.078
2019-01-16 17:28:55,526:INFO: Epoch 19/45
2019-01-16 17:29:14,474:INFO: - Train metrics: dsc: 0.938 ; iou: 0.895 ; accuracy: 0.998 ; precision: 0.939 ; recall: 0.950 ; loss: 0.063
2019-01-16 17:29:16,283:INFO: - Eval metrics : dsc: 0.927 ; iou: 0.882 ; accuracy: 0.998 ; precision: 0.945 ; recall: 0.927 ; loss: 0.074
2019-01-16 17:29:16,298:INFO: Epoch 20/45
2019-01-16 17:29:35,341:INFO: - Train metrics: dsc: 0.939 ; iou: 0.895 ; accuracy: 0.998 ; precision: 0.939 ; recall: 0.952 ; loss: 0.062
2019-01-16 17:29:37,171:INFO: - Eval metrics : dsc: 0.923 ; iou: 0.879 ; accuracy: 0.998 ; precision: 0.957 ; recall: 0.916 ; loss: 0.077
2019-01-16 17:29:37,199:INFO: Epoch 21/45
2019-01-16 17:29:56,074:INFO: - Train metrics: dsc: 0.940 ; iou: 0.898 ; accuracy: 0.998 ; precision: 0.943 ; recall: 0.951 ; loss: 0.060
2019-01-16 17:29:57,894:INFO: - Eval metrics : dsc: 0.921 ; iou: 0.871 ; accuracy: 0.998 ; precision: 0.942 ; recall: 0.917 ; loss: 0.079
2019-01-16 17:29:57,916:INFO: Epoch 22/45
2019-01-16 17:30:16,756:INFO: - Train metrics: dsc: 0.939 ; iou: 0.897 ; accuracy: 0.998 ; precision: 0.943 ; recall: 0.949 ; loss: 0.061
2019-01-16 17:30:18,546:INFO: - Eval metrics : dsc: 0.928 ; iou: 0.880 ; accuracy: 0.998 ; precision: 0.936 ; recall: 0.931 ; loss: 0.073
2019-01-16 17:30:18,568:INFO: - Found new best DSC
2019-01-16 17:30:18,568:INFO: Epoch 23/45
2019-01-16 17:30:37,573:INFO: - Train metrics: dsc: 0.942 ; iou: 0.901 ; accuracy: 0.998 ; precision: 0.945 ; recall: 0.951 ; loss: 0.058
2019-01-16 17:30:39,362:INFO: - Eval metrics : dsc: 0.929 ; iou: 0.885 ; accuracy: 0.998 ; precision: 0.932 ; recall: 0.941 ; loss: 0.070
2019-01-16 17:30:39,385:INFO: - Found new best DSC
2019-01-16 17:30:39,385:INFO: Epoch 24/45
2019-01-16 17:30:58,307:INFO: - Train metrics: dsc: 0.940 ; iou: 0.898 ; accuracy: 0.998 ; precision: 0.942 ; recall: 0.950 ; loss: 0.060
2019-01-16 17:31:00,116:INFO: - Eval metrics : dsc: 0.924 ; iou: 0.879 ; accuracy: 0.998 ; precision: 0.958 ; recall: 0.912 ; loss: 0.075
2019-01-16 17:31:00,130:INFO: Epoch 25/45
2019-01-16 17:31:19,097:INFO: - Train metrics: dsc: 0.942 ; iou: 0.900 ; accuracy: 0.998 ; precision: 0.942 ; recall: 0.953 ; loss: 0.057
2019-01-16 17:31:20,882:INFO: - Eval metrics : dsc: 0.926 ; iou: 0.882 ; accuracy: 0.998 ; precision: 0.938 ; recall: 0.936 ; loss: 0.073
2019-01-16 17:31:20,900:INFO: Epoch 26/45
2019-01-16 17:31:39,851:INFO: - Train metrics: dsc: 0.943 ; iou: 0.901 ; accuracy: 0.998 ; precision: 0.944 ; recall: 0.951 ; loss: 0.057
2019-01-16 17:31:41,650:INFO: - Eval metrics : dsc: 0.924 ; iou: 0.880 ; accuracy: 0.998 ; precision: 0.934 ; recall: 0.931 ; loss: 0.075
2019-01-16 17:31:41,669:INFO: Epoch 27/45
2019-01-16 17:32:00,611:INFO: - Train metrics: dsc: 0.943 ; iou: 0.903 ; accuracy: 0.998 ; precision: 0.947 ; recall: 0.951 ; loss: 0.057
2019-01-16 17:32:02,394:INFO: - Eval metrics : dsc: 0.930 ; iou: 0.885 ; accuracy: 0.998 ; precision: 0.952 ; recall: 0.924 ; loss: 0.069
2019-01-16 17:32:02,411:INFO: - Found new best DSC
2019-01-16 17:32:02,411:INFO: Epoch 28/45
2019-01-16 17:32:21,277:INFO: - Train metrics: dsc: 0.942 ; iou: 0.901 ; accuracy: 0.998 ; precision: 0.943 ; recall: 0.953 ; loss: 0.057
2019-01-16 17:32:23,071:INFO: - Eval metrics : dsc: 0.932 ; iou: 0.888 ; accuracy: 0.998 ; precision: 0.949 ; recall: 0.930 ; loss: 0.067
2019-01-16 17:32:23,084:INFO: - Found new best DSC
2019-01-16 17:32:23,084:INFO: Epoch 29/45
2019-01-16 17:32:41,953:INFO: - Train metrics: dsc: 0.944 ; iou: 0.903 ; accuracy: 0.998 ; precision: 0.945 ; recall: 0.954 ; loss: 0.055
2019-01-16 17:32:43,773:INFO: - Eval metrics : dsc: 0.924 ; iou: 0.879 ; accuracy: 0.998 ; precision: 0.957 ; recall: 0.912 ; loss: 0.075
2019-01-16 17:32:43,798:INFO: Epoch 30/45
2019-01-16 17:33:02,803:INFO: - Train metrics: dsc: 0.944 ; iou: 0.904 ; accuracy: 0.998 ; precision: 0.945 ; recall: 0.954 ; loss: 0.055
2019-01-16 17:33:04,585:INFO: - Eval metrics : dsc: 0.928 ; iou: 0.884 ; accuracy: 0.998 ; precision: 0.947 ; recall: 0.926 ; loss: 0.071
2019-01-16 17:33:04,602:INFO: Epoch 31/45
2019-01-16 17:33:23,491:INFO: - Train metrics: dsc: 0.946 ; iou: 0.905 ; accuracy: 0.998 ; precision: 0.944 ; recall: 0.956 ; loss: 0.054
2019-01-16 17:33:25,287:INFO: - Eval metrics : dsc: 0.931 ; iou: 0.887 ; accuracy: 0.998 ; precision: 0.951 ; recall: 0.929 ; loss: 0.068
2019-01-16 17:33:25,306:INFO: Epoch 32/45
2019-01-16 17:33:44,132:INFO: - Train metrics: dsc: 0.942 ; iou: 0.899 ; accuracy: 0.998 ; precision: 0.941 ; recall: 0.953 ; loss: 0.058
2019-01-16 17:33:45,932:INFO: - Eval metrics : dsc: 0.928 ; iou: 0.882 ; accuracy: 0.998 ; precision: 0.937 ; recall: 0.925 ; loss: 0.072
2019-01-16 17:33:45,950:INFO: Epoch 33/45
2019-01-16 17:34:04,901:INFO: - Train metrics: dsc: 0.945 ; iou: 0.905 ; accuracy: 0.998 ; precision: 0.944 ; recall: 0.956 ; loss: 0.054
2019-01-16 17:34:06,689:INFO: - Eval metrics : dsc: 0.934 ; iou: 0.891 ; accuracy: 0.998 ; precision: 0.935 ; recall: 0.942 ; loss: 0.066
2019-01-16 17:34:06,706:INFO: - Found new best DSC
2019-01-16 17:34:06,706:INFO: Epoch 34/45
2019-01-16 17:34:25,638:INFO: - Train metrics: dsc: 0.948 ; iou: 0.910 ; accuracy: 0.998 ; precision: 0.949 ; recall: 0.957 ; loss: 0.051
2019-01-16 17:34:27,479:INFO: - Eval metrics : dsc: 0.931 ; iou: 0.888 ; accuracy: 0.998 ; precision: 0.949 ; recall: 0.929 ; loss: 0.068
2019-01-16 17:34:27,492:INFO: Epoch 35/45
2019-01-16 17:34:46,478:INFO: - Train metrics: dsc: 0.948 ; iou: 0.910 ; accuracy: 0.998 ; precision: 0.949 ; recall: 0.957 ; loss: 0.051
2019-01-16 17:34:48,285:INFO: - Eval metrics : dsc: 0.929 ; iou: 0.886 ; accuracy: 0.998 ; precision: 0.958 ; recall: 0.919 ; loss: 0.070
2019-01-16 17:34:48,306:INFO: Epoch 36/45
2019-01-16 17:35:07,295:INFO: - Train metrics: dsc: 0.950 ; iou: 0.912 ; accuracy: 0.998 ; precision: 0.950 ; recall: 0.958 ; loss: 0.049
2019-01-16 17:35:09,086:INFO: - Eval metrics : dsc: 0.932 ; iou: 0.889 ; accuracy: 0.998 ; precision: 0.947 ; recall: 0.934 ; loss: 0.067
2019-01-16 17:35:09,103:INFO: Epoch 37/45
2019-01-16 17:35:28,108:INFO: - Train metrics: dsc: 0.950 ; iou: 0.913 ; accuracy: 0.998 ; precision: 0.951 ; recall: 0.958 ; loss: 0.049
2019-01-16 17:35:29,890:INFO: - Eval metrics : dsc: 0.931 ; iou: 0.889 ; accuracy: 0.998 ; precision: 0.943 ; recall: 0.938 ; loss: 0.069
2019-01-16 17:35:29,904:INFO: Epoch 38/45
2019-01-16 17:35:48,818:INFO: - Train metrics: dsc: 0.951 ; iou: 0.914 ; accuracy: 0.998 ; precision: 0.952 ; recall: 0.959 ; loss: 0.048
2019-01-16 17:35:50,611:INFO: - Eval metrics : dsc: 0.920 ; iou: 0.876 ; accuracy: 0.998 ; precision: 0.966 ; recall: 0.904 ; loss: 0.078
2019-01-16 17:35:50,625:INFO: Epoch 39/45
2019-01-16 17:36:09,606:INFO: - Train metrics: dsc: 0.948 ; iou: 0.909 ; accuracy: 0.998 ; precision: 0.949 ; recall: 0.955 ; loss: 0.052
2019-01-16 17:36:11,408:INFO: - Eval metrics : dsc: 0.929 ; iou: 0.884 ; accuracy: 0.998 ; precision: 0.952 ; recall: 0.919 ; loss: 0.070
2019-01-16 17:36:11,438:INFO: Epoch 40/45
2019-01-16 17:36:30,450:INFO: - Train metrics: dsc: 0.951 ; iou: 0.914 ; accuracy: 0.998 ; precision: 0.952 ; recall: 0.958 ; loss: 0.048
2019-01-16 17:36:32,244:INFO: - Eval metrics : dsc: 0.930 ; iou: 0.889 ; accuracy: 0.998 ; precision: 0.956 ; recall: 0.923 ; loss: 0.069
2019-01-16 17:36:32,263:INFO: Epoch 41/45
2019-01-16 17:36:51,222:INFO: - Train metrics: dsc: 0.952 ; iou: 0.915 ; accuracy: 0.998 ; precision: 0.953 ; recall: 0.958 ; loss: 0.047
2019-01-16 17:36:53,005:INFO: - Eval metrics : dsc: 0.930 ; iou: 0.889 ; accuracy: 0.998 ; precision: 0.947 ; recall: 0.928 ; loss: 0.069
2019-01-16 17:36:53,027:INFO: Epoch 42/45
2019-01-16 17:37:11,974:INFO: - Train metrics: dsc: 0.951 ; iou: 0.915 ; accuracy: 0.998 ; precision: 0.954 ; recall: 0.957 ; loss: 0.048
2019-01-16 17:37:13,793:INFO: - Eval metrics : dsc: 0.930 ; iou: 0.889 ; accuracy: 0.998 ; precision: 0.935 ; recall: 0.938 ; loss: 0.069
2019-01-16 17:37:13,812:INFO: Epoch 43/45
2019-01-16 17:37:32,807:INFO: - Train metrics: dsc: 0.951 ; iou: 0.914 ; accuracy: 0.998 ; precision: 0.953 ; recall: 0.957 ; loss: 0.048
2019-01-16 17:37:34,607:INFO: - Eval metrics : dsc: 0.930 ; iou: 0.890 ; accuracy: 0.998 ; precision: 0.942 ; recall: 0.938 ; loss: 0.069
2019-01-16 17:37:34,629:INFO: Epoch 44/45
2019-01-16 17:37:53,631:INFO: - Train metrics: dsc: 0.951 ; iou: 0.914 ; accuracy: 0.998 ; precision: 0.952 ; recall: 0.958 ; loss: 0.048
2019-01-16 17:37:55,445:INFO: - Eval metrics : dsc: 0.931 ; iou: 0.891 ; accuracy: 0.998 ; precision: 0.957 ; recall: 0.927 ; loss: 0.067
2019-01-16 17:37:55,460:INFO: Epoch 45/45
2019-01-16 17:38:14,375:INFO: - Train metrics: dsc: 0.949 ; iou: 0.911 ; accuracy: 0.998 ; precision: 0.949 ; recall: 0.956 ; loss: 0.050
2019-01-16 17:38:16,167:INFO: - Eval metrics : dsc: 0.926 ; iou: 0.884 ; accuracy: 0.998 ; precision: 0.952 ; recall: 0.924 ; loss: 0.073
2019-01-16 17:38:16,223:INFO: Loading the datasets...
2019-01-16 17:38:23,775:INFO: - done.
2019-01-16 17:38:23,775:INFO: For k-fold 3/5:
2019-01-16 17:38:23,775:INFO: Starting training for 45 epoch(s)
2019-01-16 17:38:23,775:INFO: Epoch 1/45
2019-01-16 17:38:42,591:INFO: - Train metrics: dsc: 0.448 ; iou: 0.323 ; accuracy: 0.935 ; precision: 0.326 ; recall: 0.899 ; loss: 0.893
2019-01-16 17:38:44,422:INFO: - Eval metrics : dsc: 0.638 ; iou: 0.491 ; accuracy: 0.981 ; precision: 0.495 ; recall: 0.953 ; loss: 0.872
2019-01-16 17:38:44,438:INFO: - Found new best DSC
2019-01-16 17:38:44,438:INFO: Epoch 2/45
2019-01-16 17:39:03,234:INFO: - Train metrics: dsc: 0.728 ; iou: 0.604 ; accuracy: 0.987 ; precision: 0.609 ; recall: 0.968 ; loss: 0.830
2019-01-16 17:39:05,034:INFO: - Eval metrics : dsc: 0.708 ; iou: 0.574 ; accuracy: 0.986 ; precision: 0.577 ; recall: 0.971 ; loss: 0.796
2019-01-16 17:39:05,064:INFO: - Found new best DSC
2019-01-16 17:39:05,064:INFO: Epoch 3/45
2019-01-16 17:39:23,997:INFO: - Train metrics: dsc: 0.818 ; iou: 0.723 ; accuracy: 0.993 ; precision: 0.737 ; recall: 0.965 ; loss: 0.708
2019-01-16 17:39:25,785:INFO: - Eval metrics : dsc: 0.837 ; iou: 0.757 ; accuracy: 0.995 ; precision: 0.809 ; recall: 0.916 ; loss: 0.642
2019-01-16 17:39:25,808:INFO: - Found new best DSC
2019-01-16 17:39:25,808:INFO: Epoch 4/45
2019-01-16 17:39:44,693:INFO: - Train metrics: dsc: 0.876 ; iou: 0.807 ; accuracy: 0.996 ; precision: 0.830 ; recall: 0.958 ; loss: 0.521
2019-01-16 17:39:46,479:INFO: - Eval metrics : dsc: 0.887 ; iou: 0.830 ; accuracy: 0.997 ; precision: 0.873 ; recall: 0.928 ; loss: 0.435
2019-01-16 17:39:46,499:INFO: - Found new best DSC
2019-01-16 17:39:46,499:INFO: Epoch 5/45
2019-01-16 17:40:05,440:INFO: - Train metrics: dsc: 0.898 ; iou: 0.841 ; accuracy: 0.997 ; precision: 0.875 ; recall: 0.947 ; loss: 0.344
2019-01-16 17:40:07,330:INFO: - Eval metrics : dsc: 0.871 ; iou: 0.799 ; accuracy: 0.996 ; precision: 0.823 ; recall: 0.949 ; loss: 0.299
2019-01-16 17:40:07,346:INFO: Epoch 6/45
2019-01-16 17:40:26,206:INFO: - Train metrics: dsc: 0.901 ; iou: 0.845 ; accuracy: 0.997 ; precision: 0.891 ; recall: 0.940 ; loss: 0.237
2019-01-16 17:40:28,004:INFO: - Eval metrics : dsc: 0.888 ; iou: 0.830 ; accuracy: 0.997 ; precision: 0.938 ; recall: 0.879 ; loss: 0.223
2019-01-16 17:40:28,026:INFO: - Found new best DSC
2019-01-16 17:40:28,026:INFO: Epoch 7/45
2019-01-16 17:40:46,883:INFO: - Train metrics: dsc: 0.914 ; iou: 0.862 ; accuracy: 0.998 ; precision: 0.908 ; recall: 0.941 ; loss: 0.171
2019-01-16 17:40:48,687:INFO: - Eval metrics : dsc: 0.909 ; iou: 0.858 ; accuracy: 0.998 ; precision: 0.905 ; recall: 0.940 ; loss: 0.155
2019-01-16 17:40:48,704:INFO: - Found new best DSC
2019-01-16 17:40:48,704:INFO: Epoch 8/45
2019-01-16 17:41:07,655:INFO: - Train metrics: dsc: 0.920 ; iou: 0.872 ; accuracy: 0.998 ; precision: 0.918 ; recall: 0.944 ; loss: 0.133
2019-01-16 17:41:09,500:INFO: - Eval metrics : dsc: 0.896 ; iou: 0.844 ; accuracy: 0.998 ; precision: 0.908 ; recall: 0.916 ; loss: 0.144
2019-01-16 17:41:09,514:INFO: Epoch 9/45
2019-01-16 17:41:28,467:INFO: - Train metrics: dsc: 0.922 ; iou: 0.873 ; accuracy: 0.998 ; precision: 0.923 ; recall: 0.943 ; loss: 0.113
2019-01-16 17:41:30,303:INFO: - Eval metrics : dsc: 0.903 ; iou: 0.849 ; accuracy: 0.997 ; precision: 0.920 ; recall: 0.904 ; loss: 0.125
2019-01-16 17:41:30,326:INFO: Epoch 10/45
2019-01-16 17:41:49,168:INFO: - Train metrics: dsc: 0.929 ; iou: 0.883 ; accuracy: 0.998 ; precision: 0.930 ; recall: 0.946 ; loss: 0.095
2019-01-16 17:41:50,971:INFO: - Eval metrics : dsc: 0.913 ; iou: 0.866 ; accuracy: 0.998 ; precision: 0.927 ; recall: 0.934 ; loss: 0.105
2019-01-16 17:41:50,991:INFO: - Found new best DSC
2019-01-16 17:41:50,991:INFO: Epoch 11/45
2019-01-16 17:42:09,978:INFO: - Train metrics: dsc: 0.928 ; iou: 0.882 ; accuracy: 0.998 ; precision: 0.929 ; recall: 0.944 ; loss: 0.089
2019-01-16 17:42:11,773:INFO: - Eval metrics : dsc: 0.911 ; iou: 0.864 ; accuracy: 0.998 ; precision: 0.941 ; recall: 0.910 ; loss: 0.102
2019-01-16 17:42:11,791:INFO: Epoch 12/45
2019-01-16 17:42:30,723:INFO: - Train metrics: dsc: 0.932 ; iou: 0.888 ; accuracy: 0.998 ; precision: 0.935 ; recall: 0.947 ; loss: 0.080
2019-01-16 17:42:32,519:INFO: - Eval metrics : dsc: 0.917 ; iou: 0.871 ; accuracy: 0.998 ; precision: 0.941 ; recall: 0.918 ; loss: 0.092
2019-01-16 17:42:32,541:INFO: - Found new best DSC
2019-01-16 17:42:32,542:INFO: Epoch 13/45
2019-01-16 17:42:51,565:INFO: - Train metrics: dsc: 0.932 ; iou: 0.886 ; accuracy: 0.998 ; precision: 0.934 ; recall: 0.945 ; loss: 0.077
2019-01-16 17:42:53,408:INFO: - Eval metrics : dsc: 0.917 ; iou: 0.867 ; accuracy: 0.998 ; precision: 0.912 ; recall: 0.938 ; loss: 0.089
2019-01-16 17:42:53,425:INFO: - Found new best DSC
2019-01-16 17:42:53,425:INFO: Epoch 14/45
2019-01-16 17:43:12,276:INFO: - Train metrics: dsc: 0.935 ; iou: 0.892 ; accuracy: 0.998 ; precision: 0.939 ; recall: 0.946 ; loss: 0.071
2019-01-16 17:43:14,065:INFO: - Eval metrics : dsc: 0.923 ; iou: 0.876 ; accuracy: 0.998 ; precision: 0.935 ; recall: 0.932 ; loss: 0.082
2019-01-16 17:43:14,082:INFO: - Found new best DSC
2019-01-16 17:43:14,082:INFO: Epoch 15/45
2019-01-16 17:43:33,040:INFO: - Train metrics: dsc: 0.932 ; iou: 0.888 ; accuracy: 0.998 ; precision: 0.934 ; recall: 0.945 ; loss: 0.072
2019-01-16 17:43:34,835:INFO: - Eval metrics : dsc: 0.920 ; iou: 0.874 ; accuracy: 0.998 ; precision: 0.934 ; recall: 0.925 ; loss: 0.083
2019-01-16 17:43:34,853:INFO: Epoch 16/45
2019-01-16 17:43:53,805:INFO: - Train metrics: dsc: 0.933 ; iou: 0.889 ; accuracy: 0.998 ; precision: 0.938 ; recall: 0.946 ; loss: 0.070
2019-01-16 17:43:55,603:INFO: - Eval metrics : dsc: 0.908 ; iou: 0.856 ; accuracy: 0.998 ; precision: 0.948 ; recall: 0.899 ; loss: 0.094
2019-01-16 17:43:55,617:INFO: Epoch 17/45
2019-01-16 17:44:14,544:INFO: - Train metrics: dsc: 0.936 ; iou: 0.893 ; accuracy: 0.998 ; precision: 0.938 ; recall: 0.947 ; loss: 0.066
2019-01-16 17:44:16,379:INFO: - Eval metrics : dsc: 0.923 ; iou: 0.878 ; accuracy: 0.998 ; precision: 0.941 ; recall: 0.928 ; loss: 0.079
2019-01-16 17:44:16,396:INFO: - Found new best DSC
2019-01-16 17:44:16,396:INFO: Epoch 18/45
2019-01-16 17:44:35,346:INFO: - Train metrics: dsc: 0.940 ; iou: 0.899 ; accuracy: 0.998 ; precision: 0.943 ; recall: 0.951 ; loss: 0.062
2019-01-16 17:44:37,129:INFO: - Eval metrics : dsc: 0.920 ; iou: 0.874 ; accuracy: 0.998 ; precision: 0.932 ; recall: 0.935 ; loss: 0.081
2019-01-16 17:44:37,144:INFO: Epoch 19/45
2019-01-16 17:44:56,065:INFO: - Train metrics: dsc: 0.938 ; iou: 0.895 ; accuracy: 0.998 ; precision: 0.941 ; recall: 0.949 ; loss: 0.063
2019-01-16 17:44:57,913:INFO: - Eval metrics : dsc: 0.919 ; iou: 0.873 ; accuracy: 0.998 ; precision: 0.940 ; recall: 0.922 ; loss: 0.082
2019-01-16 17:44:57,927:INFO: Epoch 20/45
2019-01-16 17:45:16,883:INFO: - Train metrics: dsc: 0.941 ; iou: 0.901 ; accuracy: 0.998 ; precision: 0.945 ; recall: 0.951 ; loss: 0.059
2019-01-16 17:45:18,680:INFO: - Eval metrics : dsc: 0.922 ; iou: 0.876 ; accuracy: 0.998 ; precision: 0.942 ; recall: 0.928 ; loss: 0.078
2019-01-16 17:45:18,694:INFO: Epoch 21/45
2019-01-16 17:45:37,702:INFO: - Train metrics: dsc: 0.938 ; iou: 0.897 ; accuracy: 0.998 ; precision: 0.944 ; recall: 0.948 ; loss: 0.062
2019-01-16 17:45:39,535:INFO: - Eval metrics : dsc: 0.922 ; iou: 0.878 ; accuracy: 0.998 ; precision: 0.943 ; recall: 0.926 ; loss: 0.078
2019-01-16 17:45:39,550:INFO: Epoch 22/45
2019-01-16 17:45:58,496:INFO: - Train metrics: dsc: 0.939 ; iou: 0.895 ; accuracy: 0.998 ; precision: 0.939 ; recall: 0.949 ; loss: 0.062
2019-01-16 17:46:00,277:INFO: - Eval metrics : dsc: 0.924 ; iou: 0.880 ; accuracy: 0.998 ; precision: 0.948 ; recall: 0.924 ; loss: 0.076
2019-01-16 17:46:00,296:INFO: - Found new best DSC
2019-01-16 17:46:00,296:INFO: Epoch 23/45
2019-01-16 17:46:19,269:INFO: - Train metrics: dsc: 0.942 ; iou: 0.902 ; accuracy: 0.998 ; precision: 0.945 ; recall: 0.951 ; loss: 0.058
2019-01-16 17:46:21,113:INFO: - Eval metrics : dsc: 0.924 ; iou: 0.879 ; accuracy: 0.998 ; precision: 0.933 ; recall: 0.935 ; loss: 0.076
2019-01-16 17:46:21,132:INFO: Epoch 24/45
2019-01-16 17:46:40,111:INFO: - Train metrics: dsc: 0.945 ; iou: 0.906 ; accuracy: 0.998 ; precision: 0.947 ; recall: 0.954 ; loss: 0.055
2019-01-16 17:46:41,936:INFO: - Eval metrics : dsc: 0.918 ; iou: 0.873 ; accuracy: 0.998 ; precision: 0.952 ; recall: 0.909 ; loss: 0.082
2019-01-16 17:46:41,957:INFO: Epoch 25/45
2019-01-16 17:47:00,915:INFO: - Train metrics: dsc: 0.943 ; iou: 0.903 ; accuracy: 0.998 ; precision: 0.949 ; recall: 0.950 ; loss: 0.056
2019-01-16 17:47:02,695:INFO: - Eval metrics : dsc: 0.923 ; iou: 0.876 ; accuracy: 0.998 ; precision: 0.920 ; recall: 0.949 ; loss: 0.076
2019-01-16 17:47:02,713:INFO: Epoch 26/45
2019-01-16 17:47:21,716:INFO: - Train metrics: dsc: 0.943 ; iou: 0.903 ; accuracy: 0.998 ; precision: 0.947 ; recall: 0.950 ; loss: 0.056
2019-01-16 17:47:23,518:INFO: - Eval metrics : dsc: 0.921 ; iou: 0.877 ; accuracy: 0.998 ; precision: 0.937 ; recall: 0.933 ; loss: 0.078
2019-01-16 17:47:23,533:INFO: Epoch 27/45
2019-01-16 17:47:42,446:INFO: - Train metrics: dsc: 0.942 ; iou: 0.901 ; accuracy: 0.998 ; precision: 0.945 ; recall: 0.952 ; loss: 0.057
2019-01-16 17:47:44,262:INFO: - Eval metrics : dsc: 0.928 ; iou: 0.884 ; accuracy: 0.998 ; precision: 0.951 ; recall: 0.926 ; loss: 0.071
2019-01-16 17:47:44,284:INFO: - Found new best DSC
2019-01-16 17:47:44,284:INFO: Epoch 28/45
2019-01-16 17:48:03,159:INFO: - Train metrics: dsc: 0.947 ; iou: 0.908 ; accuracy: 0.998 ; precision: 0.950 ; recall: 0.954 ; loss: 0.052
2019-01-16 17:48:04,950:INFO: - Eval metrics : dsc: 0.921 ; iou: 0.876 ; accuracy: 0.998 ; precision: 0.949 ; recall: 0.919 ; loss: 0.079
2019-01-16 17:48:04,964:INFO: Epoch 29/45
2019-01-16 17:48:23,915:INFO: - Train metrics: dsc: 0.948 ; iou: 0.909 ; accuracy: 0.998 ; precision: 0.951 ; recall: 0.954 ; loss: 0.052
2019-01-16 17:48:25,719:INFO: - Eval metrics : dsc: 0.927 ; iou: 0.884 ; accuracy: 0.998 ; precision: 0.943 ; recall: 0.934 ; loss: 0.072
2019-01-16 17:48:25,739:INFO: Epoch 30/45
2019-01-16 17:48:44,741:INFO: - Train metrics: dsc: 0.948 ; iou: 0.910 ; accuracy: 0.998 ; precision: 0.952 ; recall: 0.954 ; loss: 0.052
2019-01-16 17:48:46,521:INFO: - Eval metrics : dsc: 0.925 ; iou: 0.881 ; accuracy: 0.998 ; precision: 0.940 ; recall: 0.928 ; loss: 0.075
2019-01-16 17:48:46,540:INFO: Epoch 31/45
2019-01-16 17:49:05,546:INFO: - Train metrics: dsc: 0.945 ; iou: 0.906 ; accuracy: 0.998 ; precision: 0.950 ; recall: 0.951 ; loss: 0.054
2019-01-16 17:49:07,335:INFO: - Eval metrics : dsc: 0.927 ; iou: 0.882 ; accuracy: 0.998 ; precision: 0.945 ; recall: 0.930 ; loss: 0.072
2019-01-16 17:49:07,349:INFO: Epoch 32/45
2019-01-16 17:49:26,324:INFO: - Train metrics: dsc: 0.946 ; iou: 0.908 ; accuracy: 0.998 ; precision: 0.951 ; recall: 0.953 ; loss: 0.053
2019-01-16 17:49:28,136:INFO: - Eval metrics : dsc: 0.913 ; iou: 0.868 ; accuracy: 0.998 ; precision: 0.945 ; recall: 0.916 ; loss: 0.086
2019-01-16 17:49:28,150:INFO: Epoch 33/45
2019-01-16 17:49:47,006:INFO: - Train metrics: dsc: 0.945 ; iou: 0.905 ; accuracy: 0.998 ; precision: 0.948 ; recall: 0.952 ; loss: 0.054
2019-01-16 17:49:48,797:INFO: - Eval metrics : dsc: 0.926 ; iou: 0.881 ; accuracy: 0.998 ; precision: 0.950 ; recall: 0.922 ; loss: 0.074
2019-01-16 17:49:48,816:INFO: Epoch 34/45
2019-01-16 17:50:07,706:INFO: - Train metrics: dsc: 0.948 ; iou: 0.910 ; accuracy: 0.998 ; precision: 0.951 ; recall: 0.955 ; loss: 0.051
2019-01-16 17:50:09,507:INFO: - Eval metrics : dsc: 0.930 ; iou: 0.887 ; accuracy: 0.998 ; precision: 0.941 ; recall: 0.939 ; loss: 0.069
2019-01-16 17:50:09,524:INFO: - Found new best DSC
2019-01-16 17:50:09,524:INFO: Epoch 35/45
2019-01-16 17:50:28,427:INFO: - Train metrics: dsc: 0.950 ; iou: 0.913 ; accuracy: 0.998 ; precision: 0.953 ; recall: 0.956 ; loss: 0.049
2019-01-16 17:50:30,221:INFO: - Eval metrics : dsc: 0.926 ; iou: 0.883 ; accuracy: 0.998 ; precision: 0.943 ; recall: 0.931 ; loss: 0.073
2019-01-16 17:50:30,235:INFO: Epoch 36/45
2019-01-16 17:50:49,198:INFO: - Train metrics: dsc: 0.948 ; iou: 0.910 ; accuracy: 0.998 ; precision: 0.951 ; recall: 0.955 ; loss: 0.051
2019-01-16 17:50:50,998:INFO: - Eval metrics : dsc: 0.929 ; iou: 0.886 ; accuracy: 0.998 ; precision: 0.939 ; recall: 0.939 ; loss: 0.071
2019-01-16 17:50:51,017:INFO: Epoch 37/45
2019-01-16 17:51:09,944:INFO: - Train metrics: dsc: 0.951 ; iou: 0.915 ; accuracy: 0.998 ; precision: 0.954 ; recall: 0.958 ; loss: 0.048
2019-01-16 17:51:11,776:INFO: - Eval metrics : dsc: 0.933 ; iou: 0.890 ; accuracy: 0.998 ; precision: 0.945 ; recall: 0.939 ; loss: 0.066
2019-01-16 17:51:11,799:INFO: - Found new best DSC
2019-01-16 17:51:11,799:INFO: Epoch 38/45
2019-01-16 17:51:30,752:INFO: - Train metrics: dsc: 0.952 ; iou: 0.916 ; accuracy: 0.998 ; precision: 0.954 ; recall: 0.958 ; loss: 0.048
2019-01-16 17:51:32,592:INFO: - Eval metrics : dsc: 0.930 ; iou: 0.884 ; accuracy: 0.998 ; precision: 0.929 ; recall: 0.943 ; loss: 0.070
2019-01-16 17:51:32,607:INFO: Epoch 39/45
2019-01-16 17:51:51,622:INFO: - Train metrics: dsc: 0.950 ; iou: 0.914 ; accuracy: 0.998 ; precision: 0.953 ; recall: 0.957 ; loss: 0.049
2019-01-16 17:51:53,427:INFO: - Eval metrics : dsc: 0.929 ; iou: 0.886 ; accuracy: 0.998 ; precision: 0.941 ; recall: 0.938 ; loss: 0.071
2019-01-16 17:51:53,446:INFO: Epoch 40/45
2019-01-16 17:52:12,517:INFO: - Train metrics: dsc: 0.952 ; iou: 0.918 ; accuracy: 0.999 ; precision: 0.957 ; recall: 0.958 ; loss: 0.047
2019-01-16 17:52:14,436:INFO: - Eval metrics : dsc: 0.930 ; iou: 0.886 ; accuracy: 0.998 ; precision: 0.950 ; recall: 0.928 ; loss: 0.070
2019-01-16 17:52:14,455:INFO: Epoch 41/45
2019-01-16 17:52:33,474:INFO: - Train metrics: dsc: 0.954 ; iou: 0.919 ; accuracy: 0.999 ; precision: 0.957 ; recall: 0.959 ; loss: 0.045
2019-01-16 17:52:35,280:INFO: - Eval metrics : dsc: 0.934 ; iou: 0.890 ; accuracy: 0.998 ; precision: 0.929 ; recall: 0.952 ; loss: 0.066
2019-01-16 17:52:35,302:INFO: - Found new best DSC
2019-01-16 17:52:35,302:INFO: Epoch 42/45
2019-01-16 17:52:54,165:INFO: - Train metrics: dsc: 0.952 ; iou: 0.916 ; accuracy: 0.998 ; precision: 0.956 ; recall: 0.957 ; loss: 0.047
2019-01-16 17:52:55,954:INFO: - Eval metrics : dsc: 0.922 ; iou: 0.880 ; accuracy: 0.998 ; precision: 0.951 ; recall: 0.920 ; loss: 0.077
2019-01-16 17:52:55,968:INFO: Epoch 43/45
2019-01-16 17:53:14,836:INFO: - Train metrics: dsc: 0.954 ; iou: 0.920 ; accuracy: 0.999 ; precision: 0.957 ; recall: 0.959 ; loss: 0.045
2019-01-16 17:53:16,634:INFO: - Eval metrics : dsc: 0.932 ; iou: 0.889 ; accuracy: 0.998 ; precision: 0.930 ; recall: 0.946 ; loss: 0.067
2019-01-16 17:53:16,653:INFO: Epoch 44/45
2019-01-16 17:53:35,651:INFO: - Train metrics: dsc: 0.954 ; iou: 0.920 ; accuracy: 0.999 ; precision: 0.957 ; recall: 0.960 ; loss: 0.045
2019-01-16 17:53:37,480:INFO: - Eval metrics : dsc: 0.932 ; iou: 0.891 ; accuracy: 0.998 ; precision: 0.943 ; recall: 0.938 ; loss: 0.068
2019-01-16 17:53:37,500:INFO: Epoch 45/45
2019-01-16 17:53:56,484:INFO: - Train metrics: dsc: 0.950 ; iou: 0.913 ; accuracy: 0.998 ; precision: 0.954 ; recall: 0.956 ; loss: 0.049
2019-01-16 17:53:58,268:INFO: - Eval metrics : dsc: 0.930 ; iou: 0.888 ; accuracy: 0.998 ; precision: 0.937 ; recall: 0.941 ; loss: 0.069
2019-01-16 17:53:58,327:INFO: Loading the datasets...
2019-01-16 17:54:05,758:INFO: - done.
2019-01-16 17:54:05,758:INFO: For k-fold 4/5:
2019-01-16 17:54:05,758:INFO: Starting training for 45 epoch(s)
2019-01-16 17:54:05,759:INFO: Epoch 1/45
2019-01-16 17:54:24,570:INFO: - Train metrics: dsc: 0.436 ; iou: 0.313 ; accuracy: 0.929 ; precision: 0.316 ; recall: 0.903 ; loss: 0.894
2019-01-16 17:54:26,364:INFO: - Eval metrics : dsc: 0.601 ; iou: 0.451 ; accuracy: 0.976 ; precision: 0.456 ; recall: 0.973 ; loss: 0.866
2019-01-16 17:54:26,382:INFO: - Found new best DSC
2019-01-16 17:54:26,382:INFO: Epoch 2/45
2019-01-16 17:54:45,141:INFO: - Train metrics: dsc: 0.731 ; iou: 0.607 ; accuracy: 0.988 ; precision: 0.611 ; recall: 0.969 ; loss: 0.829
2019-01-16 17:54:46,979:INFO: - Eval metrics : dsc: 0.790 ; iou: 0.680 ; accuracy: 0.992 ; precision: 0.700 ; recall: 0.955 ; loss: 0.778
2019-01-16 17:54:47,001:INFO: - Found new best DSC
2019-01-16 17:54:47,001:INFO: Epoch 3/45
2019-01-16 17:55:05,964:INFO: - Train metrics: dsc: 0.825 ; iou: 0.732 ; accuracy: 0.994 ; precision: 0.746 ; recall: 0.965 ; loss: 0.710
2019-01-16 17:55:07,829:INFO: - Eval metrics : dsc: 0.869 ; iou: 0.793 ; accuracy: 0.996 ; precision: 0.816 ; recall: 0.956 ; loss: 0.632
2019-01-16 17:55:07,846:INFO: - Found new best DSC
2019-01-16 17:55:07,846:INFO: Epoch 4/45
2019-01-16 17:55:26,737:INFO: - Train metrics: dsc: 0.874 ; iou: 0.804 ; accuracy: 0.996 ; precision: 0.826 ; recall: 0.959 ; loss: 0.533
2019-01-16 17:55:28,524:INFO: - Eval metrics : dsc: 0.887 ; iou: 0.825 ; accuracy: 0.997 ; precision: 0.865 ; recall: 0.938 ; loss: 0.437
2019-01-16 17:55:28,545:INFO: - Found new best DSC
2019-01-16 17:55:28,545:INFO: Epoch 5/45
2019-01-16 17:55:47,535:INFO: - Train metrics: dsc: 0.894 ; iou: 0.835 ; accuracy: 0.997 ; precision: 0.871 ; recall: 0.949 ; loss: 0.359
2019-01-16 17:55:49,371:INFO: - Eval metrics : dsc: 0.893 ; iou: 0.834 ; accuracy: 0.997 ; precision: 0.876 ; recall: 0.939 ; loss: 0.297
2019-01-16 17:55:49,390:INFO: - Found new best DSC
2019-01-16 17:55:49,390:INFO: Epoch 6/45
2019-01-16 17:56:08,395:INFO: - Train metrics: dsc: 0.905 ; iou: 0.851 ; accuracy: 0.997 ; precision: 0.894 ; recall: 0.941 ; loss: 0.243
2019-01-16 17:56:10,186:INFO: - Eval metrics : dsc: 0.905 ; iou: 0.851 ; accuracy: 0.998 ; precision: 0.922 ; recall: 0.912 ; loss: 0.213
2019-01-16 17:56:10,208:INFO: - Found new best DSC
2019-01-16 17:56:10,209:INFO: Epoch 7/45
2019-01-16 17:56:29,218:INFO: - Train metrics: dsc: 0.913 ; iou: 0.862 ; accuracy: 0.998 ; precision: 0.907 ; recall: 0.941 ; loss: 0.176
2019-01-16 17:56:31,046:INFO: - Eval metrics : dsc: 0.898 ; iou: 0.837 ; accuracy: 0.997 ; precision: 0.857 ; recall: 0.967 ; loss: 0.163
2019-01-16 17:56:31,067:INFO: Epoch 8/45
2019-01-16 17:56:50,029:INFO: - Train metrics: dsc: 0.917 ; iou: 0.868 ; accuracy: 0.998 ; precision: 0.918 ; recall: 0.941 ; loss: 0.137
2019-01-16 17:56:51,863:INFO: - Eval metrics : dsc: 0.914 ; iou: 0.863 ; accuracy: 0.998 ; precision: 0.914 ; recall: 0.933 ; loss: 0.127
2019-01-16 17:56:51,883:INFO: - Found new best DSC
2019-01-16 17:56:51,883:INFO: Epoch 9/45
2019-01-16 17:57:10,826:INFO: - Train metrics: dsc: 0.922 ; iou: 0.875 ; accuracy: 0.998 ; precision: 0.922 ; recall: 0.940 ; loss: 0.113
2019-01-16 17:57:12,624:INFO: - Eval metrics : dsc: 0.917 ; iou: 0.868 ; accuracy: 0.998 ; precision: 0.943 ; recall: 0.917 ; loss: 0.111
2019-01-16 17:57:12,642:INFO: - Found new best DSC
2019-01-16 17:57:12,642:INFO: Epoch 10/45
2019-01-16 17:57:31,491:INFO: - Train metrics: dsc: 0.922 ; iou: 0.875 ; accuracy: 0.998 ; precision: 0.926 ; recall: 0.939 ; loss: 0.101
2019-01-16 17:57:33,286:INFO: - Eval metrics : dsc: 0.921 ; iou: 0.872 ; accuracy: 0.998 ; precision: 0.919 ; recall: 0.940 ; loss: 0.098
2019-01-16 17:57:33,307:INFO: - Found new best DSC
2019-01-16 17:57:33,308:INFO: Epoch 11/45
2019-01-16 17:57:52,203:INFO: - Train metrics: dsc: 0.924 ; iou: 0.878 ; accuracy: 0.998 ; precision: 0.927 ; recall: 0.941 ; loss: 0.092
2019-01-16 17:57:54,014:INFO: - Eval metrics : dsc: 0.927 ; iou: 0.879 ; accuracy: 0.998 ; precision: 0.929 ; recall: 0.938 ; loss: 0.086
2019-01-16 17:57:54,036:INFO: - Found new best DSC
2019-01-16 17:57:54,037:INFO: Epoch 12/45
2019-01-16 17:58:12,894:INFO: - Train metrics: dsc: 0.926 ; iou: 0.880 ; accuracy: 0.998 ; precision: 0.928 ; recall: 0.943 ; loss: 0.085
2019-01-16 17:58:14,678:INFO: - Eval metrics : dsc: 0.923 ; iou: 0.872 ; accuracy: 0.998 ; precision: 0.917 ; recall: 0.942 ; loss: 0.087
2019-01-16 17:58:14,693:INFO: Epoch 13/45
2019-01-16 17:58:33,568:INFO: - Train metrics: dsc: 0.930 ; iou: 0.882 ; accuracy: 0.998 ; precision: 0.929 ; recall: 0.946 ; loss: 0.079
2019-01-16 17:58:35,389:INFO: - Eval metrics : dsc: 0.925 ; iou: 0.877 ; accuracy: 0.998 ; precision: 0.924 ; recall: 0.944 ; loss: 0.081
2019-01-16 17:58:35,405:INFO: Epoch 14/45
2019-01-16 17:58:54,277:INFO: - Train metrics: dsc: 0.935 ; iou: 0.890 ; accuracy: 0.998 ; precision: 0.934 ; recall: 0.949 ; loss: 0.071
2019-01-16 17:58:56,079:INFO: - Eval metrics : dsc: 0.924 ; iou: 0.877 ; accuracy: 0.998 ; precision: 0.939 ; recall: 0.929 ; loss: 0.081
2019-01-16 17:58:56,097:INFO: Epoch 15/45
2019-01-16 17:59:15,029:INFO: - Train metrics: dsc: 0.939 ; iou: 0.896 ; accuracy: 0.998 ; precision: 0.937 ; recall: 0.952 ; loss: 0.066
2019-01-16 17:59:16,881:INFO: - Eval metrics : dsc: 0.925 ; iou: 0.880 ; accuracy: 0.998 ; precision: 0.939 ; recall: 0.933 ; loss: 0.078
2019-01-16 17:59:16,899:INFO: Epoch 16/45
2019-01-16 17:59:35,875:INFO: - Train metrics: dsc: 0.939 ; iou: 0.895 ; accuracy: 0.998 ; precision: 0.938 ; recall: 0.952 ; loss: 0.065
2019-01-16 17:59:37,655:INFO: - Eval metrics : dsc: 0.923 ; iou: 0.875 ; accuracy: 0.998 ; precision: 0.935 ; recall: 0.929 ; loss: 0.079
2019-01-16 17:59:37,674:INFO: Epoch 17/45
2019-01-16 17:59:56,543:INFO: - Train metrics: dsc: 0.937 ; iou: 0.894 ; accuracy: 0.998 ; precision: 0.939 ; recall: 0.950 ; loss: 0.065
2019-01-16 17:59:58,339:INFO: - Eval metrics : dsc: 0.924 ; iou: 0.876 ; accuracy: 0.998 ; precision: 0.947 ; recall: 0.917 ; loss: 0.077
2019-01-16 17:59:58,358:INFO: Epoch 18/45
2019-01-16 18:00:17,257:INFO: - Train metrics: dsc: 0.938 ; iou: 0.894 ; accuracy: 0.998 ; precision: 0.938 ; recall: 0.950 ; loss: 0.063
2019-01-16 18:00:19,065:INFO: - Eval metrics : dsc: 0.926 ; iou: 0.878 ; accuracy: 0.998 ; precision: 0.927 ; recall: 0.942 ; loss: 0.075
2019-01-16 18:00:19,083:INFO: Epoch 19/45
2019-01-16 18:00:38,092:INFO: - Train metrics: dsc: 0.941 ; iou: 0.898 ; accuracy: 0.998 ; precision: 0.940 ; recall: 0.953 ; loss: 0.060
2019-01-16 18:00:39,893:INFO: - Eval metrics : dsc: 0.922 ; iou: 0.876 ; accuracy: 0.998 ; precision: 0.937 ; recall: 0.929 ; loss: 0.078
2019-01-16 18:00:39,912:INFO: Epoch 20/45
2019-01-16 18:00:58,861:INFO: - Train metrics: dsc: 0.940 ; iou: 0.897 ; accuracy: 0.998 ; precision: 0.941 ; recall: 0.951 ; loss: 0.060
2019-01-16 18:01:00,727:INFO: - Eval metrics : dsc: 0.924 ; iou: 0.877 ; accuracy: 0.998 ; precision: 0.948 ; recall: 0.922 ; loss: 0.077
2019-01-16 18:01:00,742:INFO: Epoch 21/45
2019-01-16 18:01:19,753:INFO: - Train metrics: dsc: 0.941 ; iou: 0.898 ; accuracy: 0.998 ; precision: 0.941 ; recall: 0.951 ; loss: 0.060
2019-01-16 18:01:21,558:INFO: - Eval metrics : dsc: 0.931 ; iou: 0.886 ; accuracy: 0.998 ; precision: 0.930 ; recall: 0.949 ; loss: 0.070
2019-01-16 18:01:21,579:INFO: - Found new best DSC
2019-01-16 18:01:21,579:INFO: Epoch 22/45
2019-01-16 18:01:40,529:INFO: - Train metrics: dsc: 0.943 ; iou: 0.902 ; accuracy: 0.998 ; precision: 0.944 ; recall: 0.953 ; loss: 0.057
2019-01-16 18:01:42,319:INFO: - Eval metrics : dsc: 0.931 ; iou: 0.885 ; accuracy: 0.998 ; precision: 0.947 ; recall: 0.931 ; loss: 0.069
2019-01-16 18:01:42,334:INFO: Epoch 23/45
2019-01-16 18:02:01,267:INFO: - Train metrics: dsc: 0.940 ; iou: 0.897 ; accuracy: 0.998 ; precision: 0.941 ; recall: 0.951 ; loss: 0.060
2019-01-16 18:02:03,140:INFO: - Eval metrics : dsc: 0.926 ; iou: 0.879 ; accuracy: 0.998 ; precision: 0.950 ; recall: 0.922 ; loss: 0.074
2019-01-16 18:02:03,155:INFO: Epoch 24/45
2019-01-16 18:02:21,999:INFO: - Train metrics: dsc: 0.943 ; iou: 0.902 ; accuracy: 0.998 ; precision: 0.946 ; recall: 0.951 ; loss: 0.056
2019-01-16 18:02:23,793:INFO: - Eval metrics : dsc: 0.928 ; iou: 0.884 ; accuracy: 0.998 ; precision: 0.948 ; recall: 0.932 ; loss: 0.071
2019-01-16 18:02:23,807:INFO: Epoch 25/45
2019-01-16 18:02:42,722:INFO: - Train metrics: dsc: 0.944 ; iou: 0.903 ; accuracy: 0.998 ; precision: 0.945 ; recall: 0.954 ; loss: 0.055
2019-01-16 18:02:44,520:INFO: - Eval metrics : dsc: 0.930 ; iou: 0.883 ; accuracy: 0.998 ; precision: 0.923 ; recall: 0.952 ; loss: 0.070
2019-01-16 18:02:44,539:INFO: Epoch 26/45
2019-01-16 18:03:03,406:INFO: - Train metrics: dsc: 0.939 ; iou: 0.895 ; accuracy: 0.998 ; precision: 0.938 ; recall: 0.951 ; loss: 0.061
2019-01-16 18:03:05,225:INFO: - Eval metrics : dsc: 0.931 ; iou: 0.884 ; accuracy: 0.998 ; precision: 0.917 ; recall: 0.961 ; loss: 0.069
2019-01-16 18:03:05,236:INFO: Epoch 27/45
2019-01-16 18:03:24,085:INFO: - Train metrics: dsc: 0.947 ; iou: 0.907 ; accuracy: 0.998 ; precision: 0.947 ; recall: 0.957 ; loss: 0.053
2019-01-16 18:03:25,921:INFO: - Eval metrics : dsc: 0.931 ; iou: 0.887 ; accuracy: 0.998 ; precision: 0.945 ; recall: 0.936 ; loss: 0.069
2019-01-16 18:03:25,937:INFO: - Found new best DSC
2019-01-16 18:03:25,938:INFO: Epoch 28/45
2019-01-16 18:03:44,809:INFO: - Train metrics: dsc: 0.942 ; iou: 0.899 ; accuracy: 0.998 ; precision: 0.942 ; recall: 0.952 ; loss: 0.058
2019-01-16 18:03:46,599:INFO: - Eval metrics : dsc: 0.926 ; iou: 0.880 ; accuracy: 0.998 ; precision: 0.933 ; recall: 0.939 ; loss: 0.074
2019-01-16 18:03:46,611:INFO: Epoch 29/45
2019-01-16 18:04:05,507:INFO: - Train metrics: dsc: 0.947 ; iou: 0.907 ; accuracy: 0.998 ; precision: 0.947 ; recall: 0.957 ; loss: 0.052
2019-01-16 18:04:07,326:INFO: - Eval metrics : dsc: 0.922 ; iou: 0.875 ; accuracy: 0.998 ; precision: 0.937 ; recall: 0.929 ; loss: 0.078
2019-01-16 18:04:07,340:INFO: Epoch 30/45
2019-01-16 18:04:26,288:INFO: - Train metrics: dsc: 0.944 ; iou: 0.902 ; accuracy: 0.998 ; precision: 0.945 ; recall: 0.952 ; loss: 0.056
2019-01-16 18:04:28,103:INFO: - Eval metrics : dsc: 0.929 ; iou: 0.884 ; accuracy: 0.998 ; precision: 0.935 ; recall: 0.943 ; loss: 0.071
2019-01-16 18:04:28,122:INFO: Epoch 31/45
2019-01-16 18:04:47,085:INFO: - Train metrics: dsc: 0.947 ; iou: 0.907 ; accuracy: 0.998 ; precision: 0.947 ; recall: 0.956 ; loss: 0.052
2019-01-16 18:04:48,874:INFO: - Eval metrics : dsc: 0.929 ; iou: 0.883 ; accuracy: 0.998 ; precision: 0.946 ; recall: 0.930 ; loss: 0.071
2019-01-16 18:04:48,892:INFO: Epoch 32/45
2019-01-16 18:05:07,834:INFO: - Train metrics: dsc: 0.947 ; iou: 0.908 ; accuracy: 0.998 ; precision: 0.948 ; recall: 0.956 ; loss: 0.052
2019-01-16 18:05:09,622:INFO: - Eval metrics : dsc: 0.926 ; iou: 0.882 ; accuracy: 0.998 ; precision: 0.944 ; recall: 0.929 ; loss: 0.074
2019-01-16 18:05:09,636:INFO: Epoch 33/45
2019-01-16 18:05:28,541:INFO: - Train metrics: dsc: 0.949 ; iou: 0.911 ; accuracy: 0.998 ; precision: 0.952 ; recall: 0.956 ; loss: 0.050
2019-01-16 18:05:30,352:INFO: - Eval metrics : dsc: 0.932 ; iou: 0.889 ; accuracy: 0.998 ; precision: 0.946 ; recall: 0.937 ; loss: 0.068
2019-01-16 18:05:30,374:INFO: - Found new best DSC
2019-01-16 18:05:30,374:INFO: Epoch 34/45
2019-01-16 18:05:49,306:INFO: - Train metrics: dsc: 0.948 ; iou: 0.910 ; accuracy: 0.998 ; precision: 0.951 ; recall: 0.956 ; loss: 0.051
2019-01-16 18:05:51,141:INFO: - Eval metrics : dsc: 0.933 ; iou: 0.889 ; accuracy: 0.998 ; precision: 0.931 ; recall: 0.947 ; loss: 0.067
2019-01-16 18:05:51,158:INFO: - Found new best DSC
2019-01-16 18:05:51,158:INFO: Epoch 35/45
2019-01-16 18:06:09,992:INFO: - Train metrics: dsc: 0.949 ; iou: 0.911 ; accuracy: 0.998 ; precision: 0.951 ; recall: 0.957 ; loss: 0.050
2019-01-16 18:06:11,779:INFO: - Eval metrics : dsc: 0.931 ; iou: 0.887 ; accuracy: 0.998 ; precision: 0.946 ; recall: 0.932 ; loss: 0.069
2019-01-16 18:06:11,794:INFO: Epoch 36/45
2019-01-16 18:06:30,721:INFO: - Train metrics: dsc: 0.940 ; iou: 0.897 ; accuracy: 0.998 ; precision: 0.946 ; recall: 0.947 ; loss: 0.060
2019-01-16 18:06:32,570:INFO: - Eval metrics : dsc: 0.928 ; iou: 0.883 ; accuracy: 0.998 ; precision: 0.931 ; recall: 0.944 ; loss: 0.071
2019-01-16 18:06:32,592:INFO: Epoch 37/45
2019-01-16 18:06:51,571:INFO: - Train metrics: dsc: 0.945 ; iou: 0.903 ; accuracy: 0.998 ; precision: 0.946 ; recall: 0.952 ; loss: 0.055
2019-01-16 18:06:53,403:INFO: - Eval metrics : dsc: 0.926 ; iou: 0.880 ; accuracy: 0.998 ; precision: 0.949 ; recall: 0.924 ; loss: 0.074
2019-01-16 18:06:53,414:INFO: Epoch 38/45
2019-01-16 18:07:12,299:INFO: - Train metrics: dsc: 0.949 ; iou: 0.910 ; accuracy: 0.998 ; precision: 0.951 ; recall: 0.955 ; loss: 0.050
2019-01-16 18:07:14,126:INFO: - Eval metrics : dsc: 0.934 ; iou: 0.890 ; accuracy: 0.998 ; precision: 0.941 ; recall: 0.942 ; loss: 0.065
2019-01-16 18:07:14,147:INFO: - Found new best DSC
2019-01-16 18:07:14,148:INFO: Epoch 39/45
2019-01-16 18:07:33,082:INFO: - Train metrics: dsc: 0.950 ; iou: 0.912 ; accuracy: 0.998 ; precision: 0.950 ; recall: 0.957 ; loss: 0.049
2019-01-16 18:07:34,885:INFO: - Eval metrics : dsc: 0.929 ; iou: 0.881 ; accuracy: 0.998 ; precision: 0.913 ; recall: 0.959 ; loss: 0.071
2019-01-16 18:07:34,906:INFO: Epoch 40/45
2019-01-16 18:07:53,960:INFO: - Train metrics: dsc: 0.946 ; iou: 0.906 ; accuracy: 0.998 ; precision: 0.945 ; recall: 0.957 ; loss: 0.053
2019-01-16 18:07:55,769:INFO: - Eval metrics : dsc: 0.929 ; iou: 0.885 ; accuracy: 0.998 ; precision: 0.942 ; recall: 0.936 ; loss: 0.070
2019-01-16 18:07:55,782:INFO: Epoch 41/45
2019-01-16 18:08:14,768:INFO: - Train metrics: dsc: 0.950 ; iou: 0.912 ; accuracy: 0.998 ; precision: 0.950 ; recall: 0.958 ; loss: 0.049
2019-01-16 18:08:16,579:INFO: - Eval metrics : dsc: 0.918 ; iou: 0.867 ; accuracy: 0.998 ; precision: 0.962 ; recall: 0.898 ; loss: 0.081
2019-01-16 18:08:16,598:INFO: Epoch 42/45
2019-01-16 18:08:35,596:INFO: - Train metrics: dsc: 0.950 ; iou: 0.913 ; accuracy: 0.998 ; precision: 0.952 ; recall: 0.957 ; loss: 0.049
2019-01-16 18:08:37,405:INFO: - Eval metrics : dsc: 0.933 ; iou: 0.890 ; accuracy: 0.998 ; precision: 0.949 ; recall: 0.935 ; loss: 0.067
2019-01-16 18:08:37,419:INFO: Epoch 43/45
2019-01-16 18:08:56,333:INFO: - Train metrics: dsc: 0.951 ; iou: 0.914 ; accuracy: 0.998 ; precision: 0.951 ; recall: 0.959 ; loss: 0.048
2019-01-16 18:08:58,126:INFO: - Eval metrics : dsc: 0.934 ; iou: 0.890 ; accuracy: 0.998 ; precision: 0.936 ; recall: 0.949 ; loss: 0.066
2019-01-16 18:08:58,138:INFO: Epoch 44/45
2019-01-16 18:09:17,088:INFO: - Train metrics: dsc: 0.949 ; iou: 0.911 ; accuracy: 0.998 ; precision: 0.950 ; recall: 0.958 ; loss: 0.050
2019-01-16 18:09:18,900:INFO: - Eval metrics : dsc: 0.935 ; iou: 0.891 ; accuracy: 0.998 ; precision: 0.951 ; recall: 0.934 ; loss: 0.064
2019-01-16 18:09:18,921:INFO: - Found new best DSC
2019-01-16 18:09:18,922:INFO: Epoch 45/45
2019-01-16 18:09:37,846:INFO: - Train metrics: dsc: 0.950 ; iou: 0.913 ; accuracy: 0.998 ; precision: 0.952 ; recall: 0.958 ; loss: 0.049
2019-01-16 18:09:39,641:INFO: - Eval metrics : dsc: 0.936 ; iou: 0.892 ; accuracy: 0.998 ; precision: 0.929 ; recall: 0.956 ; loss: 0.064
2019-01-16 18:09:39,666:INFO: - Found new best DSC
2019-01-16 18:09:39,715:INFO: Loading the datasets...
2019-01-16 18:09:47,233:INFO: - done.
2019-01-16 18:09:47,233:INFO: For k-fold 5/5:
2019-01-16 18:09:47,233:INFO: Starting training for 45 epoch(s)
2019-01-16 18:09:47,233:INFO: Epoch 1/45
2019-01-16 18:10:06,071:INFO: - Train metrics: dsc: 0.432 ; iou: 0.309 ; accuracy: 0.928 ; precision: 0.311 ; recall: 0.904 ; loss: 0.895
2019-01-16 18:10:07,907:INFO: - Eval metrics : dsc: 0.710 ; iou: 0.577 ; accuracy: 0.987 ; precision: 0.597 ; recall: 0.939 ; loss: 0.862
2019-01-16 18:10:07,925:INFO: - Found new best DSC
2019-01-16 18:10:07,925:INFO: Epoch 2/45
2019-01-16 18:10:26,849:INFO: - Train metrics: dsc: 0.728 ; iou: 0.603 ; accuracy: 0.988 ; precision: 0.609 ; recall: 0.966 ; loss: 0.828
2019-01-16 18:10:28,631:INFO: - Eval metrics : dsc: 0.799 ; iou: 0.697 ; accuracy: 0.993 ; precision: 0.720 ; recall: 0.942 ; loss: 0.779
2019-01-16 18:10:28,648:INFO: - Found new best DSC
2019-01-16 18:10:28,648:INFO: Epoch 3/45
2019-01-16 18:10:47,584:INFO: - Train metrics: dsc: 0.826 ; iou: 0.734 ; accuracy: 0.994 ; precision: 0.747 ; recall: 0.964 ; loss: 0.704
2019-01-16 18:10:49,387:INFO: - Eval metrics : dsc: 0.859 ; iou: 0.783 ; accuracy: 0.996 ; precision: 0.807 ; recall: 0.948 ; loss: 0.623
2019-01-16 18:10:49,406:INFO: - Found new best DSC
2019-01-16 18:10:49,406:INFO: Epoch 4/45
2019-01-16 18:11:08,430:INFO: - Train metrics: dsc: 0.879 ; iou: 0.812 ; accuracy: 0.996 ; precision: 0.835 ; recall: 0.957 ; loss: 0.517
2019-01-16 18:11:10,239:INFO: - Eval metrics : dsc: 0.890 ; iou: 0.830 ; accuracy: 0.997 ; precision: 0.877 ; recall: 0.932 ; loss: 0.430
2019-01-16 18:11:10,256:INFO: - Found new best DSC
2019-01-16 18:11:10,256:INFO: Epoch 5/45
2019-01-16 18:11:29,138:INFO: - Train metrics: dsc: 0.895 ; iou: 0.836 ; accuracy: 0.997 ; precision: 0.873 ; recall: 0.947 ; loss: 0.345
2019-01-16 18:11:30,969:INFO: - Eval metrics : dsc: 0.891 ; iou: 0.830 ; accuracy: 0.997 ; precision: 0.853 ; recall: 0.956 ; loss: 0.278
2019-01-16 18:11:30,990:INFO: - Found new best DSC
2019-01-16 18:11:30,990:INFO: Epoch 6/45
2019-01-16 18:11:49,975:INFO: - Train metrics: dsc: 0.912 ; iou: 0.859 ; accuracy: 0.998 ; precision: 0.901 ; recall: 0.945 ; loss: 0.230
2019-01-16 18:11:51,795:INFO: - Eval metrics : dsc: 0.904 ; iou: 0.852 ; accuracy: 0.998 ; precision: 0.948 ; recall: 0.891 ; loss: 0.206
2019-01-16 18:11:51,818:INFO: - Found new best DSC
2019-01-16 18:11:51,818:INFO: Epoch 7/45
2019-01-16 18:12:10,762:INFO: - Train metrics: dsc: 0.918 ; iou: 0.871 ; accuracy: 0.998 ; precision: 0.916 ; recall: 0.941 ; loss: 0.166
2019-01-16 18:12:12,547:INFO: - Eval metrics : dsc: 0.911 ; iou: 0.863 ; accuracy: 0.998 ; precision: 0.912 ; recall: 0.938 ; loss: 0.150
2019-01-16 18:12:12,570:INFO: - Found new best DSC
2019-01-16 18:12:12,570:INFO: Epoch 8/45
2019-01-16 18:12:31,552:INFO: - Train metrics: dsc: 0.921 ; iou: 0.872 ; accuracy: 0.998 ; precision: 0.918 ; recall: 0.942 ; loss: 0.133
2019-01-16 18:12:33,372:INFO: - Eval metrics : dsc: 0.906 ; iou: 0.850 ; accuracy: 0.997 ; precision: 0.892 ; recall: 0.942 ; loss: 0.134
2019-01-16 18:12:33,391:INFO: Epoch 9/45
2019-01-16 18:12:52,394:INFO: - Train metrics: dsc: 0.923 ; iou: 0.877 ; accuracy: 0.998 ; precision: 0.925 ; recall: 0.941 ; loss: 0.111
2019-01-16 18:12:54,204:INFO: - Eval metrics : dsc: 0.913 ; iou: 0.866 ; accuracy: 0.998 ; precision: 0.954 ; recall: 0.903 ; loss: 0.115
2019-01-16 18:12:54,220:INFO: - Found new best DSC
2019-01-16 18:12:54,220:INFO: Epoch 10/45
2019-01-16 18:13:13,256:INFO: - Train metrics: dsc: 0.926 ; iou: 0.880 ; accuracy: 0.998 ; precision: 0.930 ; recall: 0.942 ; loss: 0.098
2019-01-16 18:13:15,082:INFO: - Eval metrics : dsc: 0.921 ; iou: 0.876 ; accuracy: 0.998 ; precision: 0.938 ; recall: 0.927 ; loss: 0.099
2019-01-16 18:13:15,099:INFO: - Found new best DSC
2019-01-16 18:13:15,099:INFO: Epoch 11/45
2019-01-16 18:13:34,101:INFO: - Train metrics: dsc: 0.929 ; iou: 0.884 ; accuracy: 0.998 ; precision: 0.934 ; recall: 0.942 ; loss: 0.087
2019-01-16 18:13:35,966:INFO: - Eval metrics : dsc: 0.924 ; iou: 0.879 ; accuracy: 0.998 ; precision: 0.934 ; recall: 0.933 ; loss: 0.090
2019-01-16 18:13:35,982:INFO: - Found new best DSC
2019-01-16 18:13:35,982:INFO: Epoch 12/45
2019-01-16 18:13:54,945:INFO: - Train metrics: dsc: 0.932 ; iou: 0.887 ; accuracy: 0.998 ; precision: 0.934 ; recall: 0.945 ; loss: 0.080
2019-01-16 18:13:56,729:INFO: - Eval metrics : dsc: 0.915 ; iou: 0.869 ; accuracy: 0.998 ; precision: 0.925 ; recall: 0.929 ; loss: 0.093
2019-01-16 18:13:56,748:INFO: Epoch 13/45
2019-01-16 18:14:15,729:INFO: - Train metrics: dsc: 0.935 ; iou: 0.890 ; accuracy: 0.998 ; precision: 0.937 ; recall: 0.945 ; loss: 0.074
2019-01-16 18:14:17,555:INFO: - Eval metrics : dsc: 0.921 ; iou: 0.872 ; accuracy: 0.998 ; precision: 0.917 ; recall: 0.943 ; loss: 0.085
2019-01-16 18:14:17,575:INFO: Epoch 14/45
2019-01-16 18:14:36,536:INFO: - Train metrics: dsc: 0.937 ; iou: 0.894 ; accuracy: 0.998 ; precision: 0.939 ; recall: 0.950 ; loss: 0.069
2019-01-16 18:14:38,335:INFO: - Eval metrics : dsc: 0.923 ; iou: 0.878 ; accuracy: 0.998 ; precision: 0.930 ; recall: 0.935 ; loss: 0.081
2019-01-16 18:14:38,349:INFO: Epoch 15/45
2019-01-16 18:14:57,311:INFO: - Train metrics: dsc: 0.936 ; iou: 0.891 ; accuracy: 0.998 ; precision: 0.938 ; recall: 0.946 ; loss: 0.069
2019-01-16 18:14:59,135:INFO: - Eval metrics : dsc: 0.919 ; iou: 0.874 ; accuracy: 0.998 ; precision: 0.953 ; recall: 0.915 ; loss: 0.084
2019-01-16 18:14:59,162:INFO: Epoch 16/45
2019-01-16 18:15:18,228:INFO: - Train metrics: dsc: 0.936 ; iou: 0.894 ; accuracy: 0.998 ; precision: 0.941 ; recall: 0.947 ; loss: 0.067
2019-01-16 18:15:20,030:INFO: - Eval metrics : dsc: 0.919 ; iou: 0.873 ; accuracy: 0.998 ; precision: 0.955 ; recall: 0.907 ; loss: 0.083
2019-01-16 18:15:20,049:INFO: Epoch 17/45
2019-01-16 18:15:39,014:INFO: - Train metrics: dsc: 0.935 ; iou: 0.890 ; accuracy: 0.998 ; precision: 0.939 ; recall: 0.945 ; loss: 0.068
2019-01-16 18:15:40,838:INFO: - Eval metrics : dsc: 0.920 ; iou: 0.876 ; accuracy: 0.998 ; precision: 0.950 ; recall: 0.917 ; loss: 0.081
2019-01-16 18:15:40,855:INFO: Epoch 18/45
2019-01-16 18:15:59,725:INFO: - Train metrics: dsc: 0.938 ; iou: 0.894 ; accuracy: 0.998 ; precision: 0.939 ; recall: 0.949 ; loss: 0.064
2019-01-16 18:16:01,520:INFO: - Eval metrics : dsc: 0.923 ; iou: 0.878 ; accuracy: 0.998 ; precision: 0.937 ; recall: 0.930 ; loss: 0.077
2019-01-16 18:16:01,534:INFO: Epoch 19/45
2019-01-16 18:16:20,540:INFO: - Train metrics: dsc: 0.941 ; iou: 0.899 ; accuracy: 0.998 ; precision: 0.941 ; recall: 0.952 ; loss: 0.060
2019-01-16 18:16:22,369:INFO: - Eval metrics : dsc: 0.921 ; iou: 0.876 ; accuracy: 0.998 ; precision: 0.937 ; recall: 0.932 ; loss: 0.078
2019-01-16 18:16:22,397:INFO: Epoch 20/45
2019-01-16 18:16:41,324:INFO: - Train metrics: dsc: 0.941 ; iou: 0.899 ; accuracy: 0.998 ; precision: 0.941 ; recall: 0.949 ; loss: 0.060
2019-01-16 18:16:43,135:INFO: - Eval metrics : dsc: 0.923 ; iou: 0.877 ; accuracy: 0.998 ; precision: 0.929 ; recall: 0.936 ; loss: 0.077
2019-01-16 18:16:43,151:INFO: Epoch 21/45
2019-01-16 18:17:02,100:INFO: - Train metrics: dsc: 0.941 ; iou: 0.901 ; accuracy: 0.998 ; precision: 0.945 ; recall: 0.950 ; loss: 0.059
2019-01-16 18:17:03,910:INFO: - Eval metrics : dsc: 0.924 ; iou: 0.879 ; accuracy: 0.998 ; precision: 0.939 ; recall: 0.928 ; loss: 0.075
2019-01-16 18:17:03,926:INFO: - Found new best DSC
2019-01-16 18:17:03,926:INFO: Epoch 22/45
2019-01-16 18:17:22,918:INFO: - Train metrics: dsc: 0.944 ; iou: 0.905 ; accuracy: 0.998 ; precision: 0.947 ; recall: 0.952 ; loss: 0.056
2019-01-16 18:17:24,747:INFO: - Eval metrics : dsc: 0.926 ; iou: 0.884 ; accuracy: 0.998 ; precision: 0.944 ; recall: 0.931 ; loss: 0.073
2019-01-16 18:17:24,764:INFO: - Found new best DSC
2019-01-16 18:17:24,764:INFO: Epoch 23/45
2019-01-16 18:17:43,694:INFO: - Train metrics: dsc: 0.946 ; iou: 0.907 ; accuracy: 0.998 ; precision: 0.949 ; recall: 0.954 ; loss: 0.054
2019-01-16 18:17:45,497:INFO: - Eval metrics : dsc: 0.925 ; iou: 0.884 ; accuracy: 0.998 ; precision: 0.951 ; recall: 0.924 ; loss: 0.074
2019-01-16 18:17:45,513:INFO: Epoch 24/45
2019-01-16 18:18:04,573:INFO: - Train metrics: dsc: 0.946 ; iou: 0.907 ; accuracy: 0.998 ; precision: 0.948 ; recall: 0.954 ; loss: 0.054
2019-01-16 18:18:06,383:INFO: - Eval metrics : dsc: 0.915 ; iou: 0.871 ; accuracy: 0.998 ; precision: 0.957 ; recall: 0.908 ; loss: 0.083
2019-01-16 18:18:06,402:INFO: Epoch 25/45
2019-01-16 18:18:25,486:INFO: - Train metrics: dsc: 0.944 ; iou: 0.905 ; accuracy: 0.998 ; precision: 0.948 ; recall: 0.953 ; loss: 0.055
2019-01-16 18:18:27,329:INFO: - Eval metrics : dsc: 0.925 ; iou: 0.882 ; accuracy: 0.998 ; precision: 0.945 ; recall: 0.926 ; loss: 0.073
2019-01-16 18:18:27,344:INFO: Epoch 26/45
2019-01-16 18:18:46,332:INFO: - Train metrics: dsc: 0.946 ; iou: 0.907 ; accuracy: 0.998 ; precision: 0.948 ; recall: 0.954 ; loss: 0.054
2019-01-16 18:18:48,139:INFO: - Eval metrics : dsc: 0.925 ; iou: 0.883 ; accuracy: 0.998 ; precision: 0.932 ; recall: 0.941 ; loss: 0.073
2019-01-16 18:18:48,154:INFO: Epoch 27/45
2019-01-16 18:19:07,100:INFO: - Train metrics: dsc: 0.949 ; iou: 0.910 ; accuracy: 0.998 ; precision: 0.950 ; recall: 0.956 ; loss: 0.051
2019-01-16 18:19:08,890:INFO: - Eval metrics : dsc: 0.926 ; iou: 0.884 ; accuracy: 0.998 ; precision: 0.949 ; recall: 0.927 ; loss: 0.073
2019-01-16 18:19:08,905:INFO: Epoch 28/45
2019-01-16 18:19:27,839:INFO: - Train metrics: dsc: 0.949 ; iou: 0.911 ; accuracy: 0.998 ; precision: 0.951 ; recall: 0.955 ; loss: 0.051
2019-01-16 18:19:29,634:INFO: - Eval metrics : dsc: 0.927 ; iou: 0.885 ; accuracy: 0.998 ; precision: 0.948 ; recall: 0.923 ; loss: 0.071
2019-01-16 18:19:29,650:INFO: - Found new best DSC
2019-01-16 18:19:29,650:INFO: Epoch 29/45
2019-01-16 18:19:48,574:INFO: - Train metrics: dsc: 0.947 ; iou: 0.907 ; accuracy: 0.998 ; precision: 0.947 ; recall: 0.954 ; loss: 0.053
2019-01-16 18:19:50,372:INFO: - Eval metrics : dsc: 0.924 ; iou: 0.882 ; accuracy: 0.998 ; precision: 0.944 ; recall: 0.928 ; loss: 0.075
2019-01-16 18:19:50,385:INFO: Epoch 30/45
2019-01-16 18:20:09,272:INFO: - Train metrics: dsc: 0.946 ; iou: 0.907 ; accuracy: 0.998 ; precision: 0.946 ; recall: 0.955 ; loss: 0.053
2019-01-16 18:20:11,066:INFO: - Eval metrics : dsc: 0.926 ; iou: 0.883 ; accuracy: 0.998 ; precision: 0.942 ; recall: 0.932 ; loss: 0.072
2019-01-16 18:20:11,082:INFO: Epoch 31/45
2019-01-16 18:20:29,988:INFO: - Train metrics: dsc: 0.948 ; iou: 0.910 ; accuracy: 0.998 ; precision: 0.948 ; recall: 0.957 ; loss: 0.052
2019-01-16 18:20:31,784:INFO: - Eval metrics : dsc: 0.929 ; iou: 0.888 ; accuracy: 0.998 ; precision: 0.943 ; recall: 0.934 ; loss: 0.069
2019-01-16 18:20:31,796:INFO: - Found new best DSC
2019-01-16 18:20:31,796:INFO: Epoch 32/45
2019-01-16 18:20:50,691:INFO: - Train metrics: dsc: 0.950 ; iou: 0.915 ; accuracy: 0.998 ; precision: 0.953 ; recall: 0.958 ; loss: 0.049
2019-01-16 18:20:52,488:INFO: - Eval metrics : dsc: 0.927 ; iou: 0.886 ; accuracy: 0.998 ; precision: 0.947 ; recall: 0.931 ; loss: 0.071
2019-01-16 18:20:52,504:INFO: Epoch 33/45
2019-01-16 18:21:11,531:INFO: - Train metrics: dsc: 0.951 ; iou: 0.915 ; accuracy: 0.999 ; precision: 0.953 ; recall: 0.958 ; loss: 0.048
2019-01-16 18:21:13,351:INFO: - Eval metrics : dsc: 0.923 ; iou: 0.880 ; accuracy: 0.998 ; precision: 0.962 ; recall: 0.910 ; loss: 0.075
2019-01-16 18:21:13,370:INFO: Epoch 34/45
2019-01-16 18:21:32,291:INFO: - Train metrics: dsc: 0.950 ; iou: 0.913 ; accuracy: 0.998 ; precision: 0.952 ; recall: 0.956 ; loss: 0.049
2019-01-16 18:21:34,091:INFO: - Eval metrics : dsc: 0.928 ; iou: 0.887 ; accuracy: 0.998 ; precision: 0.935 ; recall: 0.943 ; loss: 0.070
2019-01-16 18:21:34,105:INFO: Epoch 35/45
2019-01-16 18:21:52,993:INFO: - Train metrics: dsc: 0.947 ; iou: 0.909 ; accuracy: 0.998 ; precision: 0.949 ; recall: 0.956 ; loss: 0.052
2019-01-16 18:21:54,803:INFO: - Eval metrics : dsc: 0.925 ; iou: 0.883 ; accuracy: 0.998 ; precision: 0.949 ; recall: 0.924 ; loss: 0.074
2019-01-16 18:21:54,817:INFO: Epoch 36/45
2019-01-16 18:22:13,756:INFO: - Train metrics: dsc: 0.948 ; iou: 0.910 ; accuracy: 0.998 ; precision: 0.949 ; recall: 0.957 ; loss: 0.051
2019-01-16 18:22:15,552:INFO: - Eval metrics : dsc: 0.928 ; iou: 0.882 ; accuracy: 0.998 ; precision: 0.938 ; recall: 0.930 ; loss: 0.071
2019-01-16 18:22:15,572:INFO: Epoch 37/45
2019-01-16 18:22:34,507:INFO: - Train metrics: dsc: 0.950 ; iou: 0.913 ; accuracy: 0.998 ; precision: 0.951 ; recall: 0.959 ; loss: 0.050
2019-01-16 18:22:36,333:INFO: - Eval metrics : dsc: 0.930 ; iou: 0.887 ; accuracy: 0.998 ; precision: 0.930 ; recall: 0.946 ; loss: 0.069
2019-01-16 18:22:36,351:INFO: - Found new best DSC
2019-01-16 18:22:36,351:INFO: Epoch 38/45
2019-01-16 18:22:55,441:INFO: - Train metrics: dsc: 0.951 ; iou: 0.915 ; accuracy: 0.998 ; precision: 0.952 ; recall: 0.959 ; loss: 0.048
2019-01-16 18:22:57,273:INFO: - Eval metrics : dsc: 0.928 ; iou: 0.887 ; accuracy: 0.998 ; precision: 0.945 ; recall: 0.937 ; loss: 0.071
2019-01-16 18:22:57,290:INFO: Epoch 39/45
2019-01-16 18:23:16,348:INFO: - Train metrics: dsc: 0.954 ; iou: 0.920 ; accuracy: 0.999 ; precision: 0.954 ; recall: 0.961 ; loss: 0.045
2019-01-16 18:23:18,161:INFO: - Eval metrics : dsc: 0.928 ; iou: 0.886 ; accuracy: 0.998 ; precision: 0.948 ; recall: 0.929 ; loss: 0.071
2019-01-16 18:23:18,175:INFO: Epoch 40/45
2019-01-16 18:23:37,135:INFO: - Train metrics: dsc: 0.955 ; iou: 0.922 ; accuracy: 0.999 ; precision: 0.956 ; recall: 0.962 ; loss: 0.044
2019-01-16 18:23:38,929:INFO: - Eval metrics : dsc: 0.927 ; iou: 0.885 ; accuracy: 0.998 ; precision: 0.933 ; recall: 0.942 ; loss: 0.071
2019-01-16 18:23:38,954:INFO: Epoch 41/45
2019-01-16 18:23:57,952:INFO: - Train metrics: dsc: 0.952 ; iou: 0.917 ; accuracy: 0.999 ; precision: 0.954 ; recall: 0.959 ; loss: 0.047
2019-01-16 18:23:59,795:INFO: - Eval metrics : dsc: 0.926 ; iou: 0.885 ; accuracy: 0.998 ; precision: 0.949 ; recall: 0.928 ; loss: 0.072
2019-01-16 18:23:59,807:INFO: Epoch 42/45
2019-01-16 18:24:18,731:INFO: - Train metrics: dsc: 0.945 ; iou: 0.905 ; accuracy: 0.998 ; precision: 0.945 ; recall: 0.955 ; loss: 0.055
2019-01-16 18:24:20,549:INFO: - Eval metrics : dsc: 0.926 ; iou: 0.884 ; accuracy: 0.998 ; precision: 0.942 ; recall: 0.931 ; loss: 0.073
2019-01-16 18:24:20,567:INFO: Epoch 43/45
2019-01-16 18:24:39,497:INFO: - Train metrics: dsc: 0.953 ; iou: 0.917 ; accuracy: 0.999 ; precision: 0.952 ; recall: 0.962 ; loss: 0.046
2019-01-16 18:24:41,290:INFO: - Eval metrics : dsc: 0.928 ; iou: 0.886 ; accuracy: 0.998 ; precision: 0.937 ; recall: 0.937 ; loss: 0.071
2019-01-16 18:24:41,309:INFO: Epoch 44/45
2019-01-16 18:25:00,281:INFO: - Train metrics: dsc: 0.955 ; iou: 0.921 ; accuracy: 0.999 ; precision: 0.955 ; recall: 0.962 ; loss: 0.044
2019-01-16 18:25:02,115:INFO: - Eval metrics : dsc: 0.926 ; iou: 0.886 ; accuracy: 0.998 ; precision: 0.947 ; recall: 0.932 ; loss: 0.072
2019-01-16 18:25:02,130:INFO: Epoch 45/45
2019-01-16 18:25:21,149:INFO: - Train metrics: dsc: 0.956 ; iou: 0.921 ; accuracy: 0.999 ; precision: 0.956 ; recall: 0.962 ; loss: 0.044
2019-01-16 18:25:22,968:INFO: - Eval metrics : dsc: 0.928 ; iou: 0.888 ; accuracy: 0.998 ; precision: 0.947 ; recall: 0.934 ; loss: 0.071
