2019-01-16 22:19:11,987:INFO: Loading the datasets...
2019-01-16 22:19:16,762:INFO: - done.
2019-01-16 22:19:16,762:INFO: For k-fold 1/5:
2019-01-16 22:19:16,762:INFO: Starting training for 45 epoch(s)
2019-01-16 22:19:16,763:INFO: Restoring parameters from experiments/EPI/model_ModelA_transfer/data_augmentation/data_rot/batch_size_3/learning_rate_5e-05/ENDO-modelA_random-data_rot-batch_size_3-learning_rate_1e-04-best.pth.tar
2019-01-16 22:19:16,780:INFO: Epoch 1/45
2019-01-16 22:19:27,593:INFO: - Train metrics: dsc: 0.869 ; iou: 0.797 ; accuracy: 0.997 ; precision: 0.921 ; recall: 0.866 ; loss: 0.131
2019-01-16 22:19:28,677:INFO: - Eval metrics : dsc: 0.908 ; iou: 0.853 ; accuracy: 0.998 ; precision: 0.939 ; recall: 0.910 ; loss: 0.093
2019-01-16 22:19:28,689:INFO: - Found new best DSC
2019-01-16 22:19:28,689:INFO: Epoch 2/45
2019-01-16 22:19:39,572:INFO: - Train metrics: dsc: 0.902 ; iou: 0.846 ; accuracy: 0.998 ; precision: 0.925 ; recall: 0.910 ; loss: 0.098
2019-01-16 22:19:40,690:INFO: - Eval metrics : dsc: 0.911 ; iou: 0.862 ; accuracy: 0.998 ; precision: 0.951 ; recall: 0.907 ; loss: 0.089
2019-01-16 22:19:40,712:INFO: - Found new best DSC
2019-01-16 22:19:40,712:INFO: Epoch 3/45
2019-01-16 22:19:51,604:INFO: - Train metrics: dsc: 0.912 ; iou: 0.860 ; accuracy: 0.998 ; precision: 0.932 ; recall: 0.920 ; loss: 0.088
2019-01-16 22:19:52,733:INFO: - Eval metrics : dsc: 0.914 ; iou: 0.865 ; accuracy: 0.998 ; precision: 0.921 ; recall: 0.932 ; loss: 0.086
2019-01-16 22:19:52,751:INFO: - Found new best DSC
2019-01-16 22:19:52,751:INFO: Epoch 4/45
2019-01-16 22:20:03,633:INFO: - Train metrics: dsc: 0.913 ; iou: 0.863 ; accuracy: 0.998 ; precision: 0.937 ; recall: 0.920 ; loss: 0.086
2019-01-16 22:20:04,745:INFO: - Eval metrics : dsc: 0.915 ; iou: 0.868 ; accuracy: 0.998 ; precision: 0.957 ; recall: 0.907 ; loss: 0.085
2019-01-16 22:20:04,770:INFO: - Found new best DSC
2019-01-16 22:20:04,770:INFO: Epoch 5/45
2019-01-16 22:20:15,688:INFO: - Train metrics: dsc: 0.913 ; iou: 0.866 ; accuracy: 0.998 ; precision: 0.938 ; recall: 0.918 ; loss: 0.085
2019-01-16 22:20:16,792:INFO: - Eval metrics : dsc: 0.916 ; iou: 0.870 ; accuracy: 0.998 ; precision: 0.956 ; recall: 0.910 ; loss: 0.083
2019-01-16 22:20:16,813:INFO: - Found new best DSC
2019-01-16 22:20:16,813:INFO: Epoch 6/45
2019-01-16 22:20:27,758:INFO: - Train metrics: dsc: 0.918 ; iou: 0.873 ; accuracy: 0.998 ; precision: 0.943 ; recall: 0.923 ; loss: 0.081
2019-01-16 22:20:28,857:INFO: - Eval metrics : dsc: 0.919 ; iou: 0.875 ; accuracy: 0.998 ; precision: 0.957 ; recall: 0.915 ; loss: 0.080
2019-01-16 22:20:28,873:INFO: - Found new best DSC
2019-01-16 22:20:28,873:INFO: Epoch 7/45
2019-01-16 22:20:39,756:INFO: - Train metrics: dsc: 0.919 ; iou: 0.875 ; accuracy: 0.998 ; precision: 0.945 ; recall: 0.924 ; loss: 0.080
2019-01-16 22:20:40,880:INFO: - Eval metrics : dsc: 0.917 ; iou: 0.872 ; accuracy: 0.998 ; precision: 0.950 ; recall: 0.910 ; loss: 0.082
2019-01-16 22:20:40,894:INFO: Epoch 8/45
2019-01-16 22:20:51,813:INFO: - Train metrics: dsc: 0.920 ; iou: 0.877 ; accuracy: 0.998 ; precision: 0.945 ; recall: 0.924 ; loss: 0.078
2019-01-16 22:20:52,891:INFO: - Eval metrics : dsc: 0.921 ; iou: 0.878 ; accuracy: 0.998 ; precision: 0.956 ; recall: 0.918 ; loss: 0.079
2019-01-16 22:20:52,907:INFO: - Found new best DSC
2019-01-16 22:20:52,908:INFO: Epoch 9/45
2019-01-16 22:21:03,815:INFO: - Train metrics: dsc: 0.922 ; iou: 0.880 ; accuracy: 0.998 ; precision: 0.947 ; recall: 0.926 ; loss: 0.077
2019-01-16 22:21:04,921:INFO: - Eval metrics : dsc: 0.922 ; iou: 0.879 ; accuracy: 0.998 ; precision: 0.958 ; recall: 0.917 ; loss: 0.078
2019-01-16 22:21:04,937:INFO: - Found new best DSC
2019-01-16 22:21:04,937:INFO: Epoch 10/45
2019-01-16 22:21:15,909:INFO: - Train metrics: dsc: 0.923 ; iou: 0.881 ; accuracy: 0.998 ; precision: 0.947 ; recall: 0.928 ; loss: 0.076
2019-01-16 22:21:17,004:INFO: - Eval metrics : dsc: 0.922 ; iou: 0.878 ; accuracy: 0.998 ; precision: 0.955 ; recall: 0.920 ; loss: 0.078
2019-01-16 22:21:17,023:INFO: Epoch 11/45
2019-01-16 22:21:27,973:INFO: - Train metrics: dsc: 0.923 ; iou: 0.880 ; accuracy: 0.998 ; precision: 0.945 ; recall: 0.928 ; loss: 0.076
2019-01-16 22:21:29,101:INFO: - Eval metrics : dsc: 0.913 ; iou: 0.863 ; accuracy: 0.998 ; precision: 0.975 ; recall: 0.885 ; loss: 0.087
2019-01-16 22:21:29,115:INFO: Epoch 12/45
2019-01-16 22:21:40,017:INFO: - Train metrics: dsc: 0.923 ; iou: 0.879 ; accuracy: 0.998 ; precision: 0.941 ; recall: 0.929 ; loss: 0.076
2019-01-16 22:21:41,148:INFO: - Eval metrics : dsc: 0.933 ; iou: 0.888 ; accuracy: 0.998 ; precision: 0.941 ; recall: 0.939 ; loss: 0.067
2019-01-16 22:21:41,166:INFO: - Found new best DSC
2019-01-16 22:21:41,166:INFO: Epoch 13/45
2019-01-16 22:21:52,025:INFO: - Train metrics: dsc: 0.928 ; iou: 0.886 ; accuracy: 0.998 ; precision: 0.944 ; recall: 0.936 ; loss: 0.071
2019-01-16 22:21:53,148:INFO: - Eval metrics : dsc: 0.925 ; iou: 0.883 ; accuracy: 0.998 ; precision: 0.955 ; recall: 0.924 ; loss: 0.074
2019-01-16 22:21:53,176:INFO: Epoch 14/45
2019-01-16 22:22:04,081:INFO: - Train metrics: dsc: 0.930 ; iou: 0.889 ; accuracy: 0.998 ; precision: 0.945 ; recall: 0.938 ; loss: 0.069
2019-01-16 22:22:05,183:INFO: - Eval metrics : dsc: 0.929 ; iou: 0.887 ; accuracy: 0.998 ; precision: 0.955 ; recall: 0.928 ; loss: 0.070
2019-01-16 22:22:05,194:INFO: Epoch 15/45
2019-01-16 22:22:16,192:INFO: - Train metrics: dsc: 0.931 ; iou: 0.891 ; accuracy: 0.998 ; precision: 0.947 ; recall: 0.939 ; loss: 0.067
2019-01-16 22:22:17,288:INFO: - Eval metrics : dsc: 0.928 ; iou: 0.880 ; accuracy: 0.998 ; precision: 0.925 ; recall: 0.938 ; loss: 0.072
2019-01-16 22:22:17,303:INFO: Epoch 16/45
2019-01-16 22:22:28,185:INFO: - Train metrics: dsc: 0.931 ; iou: 0.889 ; accuracy: 0.998 ; precision: 0.945 ; recall: 0.939 ; loss: 0.068
2019-01-16 22:22:29,273:INFO: - Eval metrics : dsc: 0.930 ; iou: 0.888 ; accuracy: 0.998 ; precision: 0.959 ; recall: 0.926 ; loss: 0.069
2019-01-16 22:22:29,287:INFO: Epoch 17/45
2019-01-16 22:22:40,246:INFO: - Train metrics: dsc: 0.935 ; iou: 0.896 ; accuracy: 0.999 ; precision: 0.950 ; recall: 0.942 ; loss: 0.064
2019-01-16 22:22:41,359:INFO: - Eval metrics : dsc: 0.930 ; iou: 0.888 ; accuracy: 0.998 ; precision: 0.953 ; recall: 0.931 ; loss: 0.070
2019-01-16 22:22:41,378:INFO: Epoch 18/45
2019-01-16 22:22:52,335:INFO: - Train metrics: dsc: 0.933 ; iou: 0.894 ; accuracy: 0.999 ; precision: 0.949 ; recall: 0.940 ; loss: 0.065
2019-01-16 22:22:53,473:INFO: - Eval metrics : dsc: 0.929 ; iou: 0.887 ; accuracy: 0.998 ; precision: 0.965 ; recall: 0.918 ; loss: 0.070
2019-01-16 22:22:53,491:INFO: Epoch 19/45
2019-01-16 22:23:04,358:INFO: - Train metrics: dsc: 0.934 ; iou: 0.895 ; accuracy: 0.999 ; precision: 0.949 ; recall: 0.941 ; loss: 0.064
2019-01-16 22:23:05,464:INFO: - Eval metrics : dsc: 0.934 ; iou: 0.892 ; accuracy: 0.998 ; precision: 0.951 ; recall: 0.937 ; loss: 0.066
2019-01-16 22:23:05,484:INFO: - Found new best DSC
2019-01-16 22:23:05,484:INFO: Epoch 20/45
2019-01-16 22:23:16,412:INFO: - Train metrics: dsc: 0.937 ; iou: 0.899 ; accuracy: 0.999 ; precision: 0.950 ; recall: 0.943 ; loss: 0.062
2019-01-16 22:23:17,531:INFO: - Eval metrics : dsc: 0.934 ; iou: 0.892 ; accuracy: 0.998 ; precision: 0.957 ; recall: 0.931 ; loss: 0.066
2019-01-16 22:23:17,553:INFO: - Found new best DSC
2019-01-16 22:23:17,553:INFO: Epoch 21/45
2019-01-16 22:23:28,479:INFO: - Train metrics: dsc: 0.937 ; iou: 0.898 ; accuracy: 0.999 ; precision: 0.946 ; recall: 0.945 ; loss: 0.062
2019-01-16 22:23:29,599:INFO: - Eval metrics : dsc: 0.936 ; iou: 0.893 ; accuracy: 0.998 ; precision: 0.943 ; recall: 0.941 ; loss: 0.064
2019-01-16 22:23:29,622:INFO: - Found new best DSC
2019-01-16 22:23:29,622:INFO: Epoch 22/45
2019-01-16 22:23:40,567:INFO: - Train metrics: dsc: 0.939 ; iou: 0.901 ; accuracy: 0.999 ; precision: 0.949 ; recall: 0.947 ; loss: 0.060
2019-01-16 22:23:41,682:INFO: - Eval metrics : dsc: 0.935 ; iou: 0.892 ; accuracy: 0.998 ; precision: 0.953 ; recall: 0.935 ; loss: 0.065
2019-01-16 22:23:41,709:INFO: Epoch 23/45
2019-01-16 22:23:52,690:INFO: - Train metrics: dsc: 0.941 ; iou: 0.904 ; accuracy: 0.999 ; precision: 0.953 ; recall: 0.947 ; loss: 0.057
2019-01-16 22:23:53,858:INFO: - Eval metrics : dsc: 0.937 ; iou: 0.895 ; accuracy: 0.998 ; precision: 0.950 ; recall: 0.941 ; loss: 0.063
2019-01-16 22:23:53,884:INFO: - Found new best DSC
2019-01-16 22:23:53,884:INFO: Epoch 24/45
2019-01-16 22:24:04,787:INFO: - Train metrics: dsc: 0.942 ; iou: 0.906 ; accuracy: 0.999 ; precision: 0.954 ; recall: 0.949 ; loss: 0.056
2019-01-16 22:24:05,875:INFO: - Eval metrics : dsc: 0.937 ; iou: 0.895 ; accuracy: 0.998 ; precision: 0.958 ; recall: 0.933 ; loss: 0.063
2019-01-16 22:24:05,890:INFO: Epoch 25/45
2019-01-16 22:24:16,832:INFO: - Train metrics: dsc: 0.943 ; iou: 0.907 ; accuracy: 0.999 ; precision: 0.954 ; recall: 0.950 ; loss: 0.056
2019-01-16 22:24:17,922:INFO: - Eval metrics : dsc: 0.937 ; iou: 0.895 ; accuracy: 0.998 ; precision: 0.952 ; recall: 0.939 ; loss: 0.063
2019-01-16 22:24:17,941:INFO: Epoch 26/45
2019-01-16 22:24:28,857:INFO: - Train metrics: dsc: 0.944 ; iou: 0.909 ; accuracy: 0.999 ; precision: 0.956 ; recall: 0.949 ; loss: 0.054
2019-01-16 22:24:29,953:INFO: - Eval metrics : dsc: 0.936 ; iou: 0.894 ; accuracy: 0.998 ; precision: 0.956 ; recall: 0.935 ; loss: 0.063
2019-01-16 22:24:29,968:INFO: Epoch 27/45
2019-01-16 22:24:40,873:INFO: - Train metrics: dsc: 0.944 ; iou: 0.909 ; accuracy: 0.999 ; precision: 0.954 ; recall: 0.950 ; loss: 0.055
2019-01-16 22:24:41,969:INFO: - Eval metrics : dsc: 0.936 ; iou: 0.894 ; accuracy: 0.998 ; precision: 0.947 ; recall: 0.934 ; loss: 0.063
2019-01-16 22:24:41,983:INFO: Epoch 28/45
2019-01-16 22:24:52,947:INFO: - Train metrics: dsc: 0.944 ; iou: 0.909 ; accuracy: 0.999 ; precision: 0.955 ; recall: 0.950 ; loss: 0.055
2019-01-16 22:24:54,023:INFO: - Eval metrics : dsc: 0.937 ; iou: 0.896 ; accuracy: 0.998 ; precision: 0.952 ; recall: 0.936 ; loss: 0.062
2019-01-16 22:24:54,039:INFO: - Found new best DSC
2019-01-16 22:24:54,039:INFO: Epoch 29/45
2019-01-16 22:25:04,970:INFO: - Train metrics: dsc: 0.945 ; iou: 0.910 ; accuracy: 0.999 ; precision: 0.957 ; recall: 0.950 ; loss: 0.054
2019-01-16 22:25:06,023:INFO: - Eval metrics : dsc: 0.937 ; iou: 0.895 ; accuracy: 0.998 ; precision: 0.938 ; recall: 0.949 ; loss: 0.063
2019-01-16 22:25:06,034:INFO: Epoch 30/45
2019-01-16 22:25:16,923:INFO: - Train metrics: dsc: 0.945 ; iou: 0.910 ; accuracy: 0.999 ; precision: 0.957 ; recall: 0.950 ; loss: 0.054
2019-01-16 22:25:18,042:INFO: - Eval metrics : dsc: 0.937 ; iou: 0.895 ; accuracy: 0.998 ; precision: 0.951 ; recall: 0.941 ; loss: 0.063
2019-01-16 22:25:18,057:INFO: Epoch 31/45
2019-01-16 22:25:28,983:INFO: - Train metrics: dsc: 0.946 ; iou: 0.912 ; accuracy: 0.999 ; precision: 0.959 ; recall: 0.951 ; loss: 0.053
2019-01-16 22:25:30,061:INFO: - Eval metrics : dsc: 0.937 ; iou: 0.896 ; accuracy: 0.998 ; precision: 0.957 ; recall: 0.936 ; loss: 0.062
2019-01-16 22:25:30,076:INFO: Epoch 32/45
2019-01-16 22:25:41,035:INFO: - Train metrics: dsc: 0.946 ; iou: 0.913 ; accuracy: 0.999 ; precision: 0.960 ; recall: 0.950 ; loss: 0.053
2019-01-16 22:25:42,118:INFO: - Eval metrics : dsc: 0.936 ; iou: 0.894 ; accuracy: 0.998 ; precision: 0.949 ; recall: 0.937 ; loss: 0.063
2019-01-16 22:25:42,143:INFO: Epoch 33/45
2019-01-16 22:25:53,102:INFO: - Train metrics: dsc: 0.943 ; iou: 0.905 ; accuracy: 0.999 ; precision: 0.952 ; recall: 0.948 ; loss: 0.056
2019-01-16 22:25:54,186:INFO: - Eval metrics : dsc: 0.929 ; iou: 0.885 ; accuracy: 0.998 ; precision: 0.952 ; recall: 0.929 ; loss: 0.070
2019-01-16 22:25:54,206:INFO: Epoch 34/45
2019-01-16 22:26:05,166:INFO: - Train metrics: dsc: 0.944 ; iou: 0.908 ; accuracy: 0.999 ; precision: 0.955 ; recall: 0.950 ; loss: 0.055
2019-01-16 22:26:06,259:INFO: - Eval metrics : dsc: 0.937 ; iou: 0.896 ; accuracy: 0.998 ; precision: 0.951 ; recall: 0.937 ; loss: 0.062
2019-01-16 22:26:06,273:INFO: Epoch 35/45
2019-01-16 22:26:17,202:INFO: - Train metrics: dsc: 0.948 ; iou: 0.915 ; accuracy: 0.999 ; precision: 0.957 ; recall: 0.954 ; loss: 0.051
2019-01-16 22:26:18,298:INFO: - Eval metrics : dsc: 0.936 ; iou: 0.895 ; accuracy: 0.998 ; precision: 0.954 ; recall: 0.934 ; loss: 0.063
2019-01-16 22:26:18,316:INFO: Epoch 36/45
2019-01-16 22:26:29,253:INFO: - Train metrics: dsc: 0.946 ; iou: 0.912 ; accuracy: 0.999 ; precision: 0.958 ; recall: 0.951 ; loss: 0.052
2019-01-16 22:26:30,358:INFO: - Eval metrics : dsc: 0.938 ; iou: 0.897 ; accuracy: 0.998 ; precision: 0.953 ; recall: 0.940 ; loss: 0.061
2019-01-16 22:26:30,379:INFO: - Found new best DSC
2019-01-16 22:26:30,379:INFO: Epoch 37/45
2019-01-16 22:26:41,283:INFO: - Train metrics: dsc: 0.949 ; iou: 0.917 ; accuracy: 0.999 ; precision: 0.960 ; recall: 0.955 ; loss: 0.050
2019-01-16 22:26:42,404:INFO: - Eval metrics : dsc: 0.937 ; iou: 0.896 ; accuracy: 0.998 ; precision: 0.946 ; recall: 0.942 ; loss: 0.062
2019-01-16 22:26:42,427:INFO: Epoch 38/45
2019-01-16 22:26:53,350:INFO: - Train metrics: dsc: 0.949 ; iou: 0.918 ; accuracy: 0.999 ; precision: 0.961 ; recall: 0.954 ; loss: 0.049
2019-01-16 22:26:54,483:INFO: - Eval metrics : dsc: 0.936 ; iou: 0.895 ; accuracy: 0.998 ; precision: 0.956 ; recall: 0.935 ; loss: 0.063
2019-01-16 22:26:54,494:INFO: Epoch 39/45
2019-01-16 22:27:05,447:INFO: - Train metrics: dsc: 0.949 ; iou: 0.918 ; accuracy: 0.999 ; precision: 0.961 ; recall: 0.954 ; loss: 0.049
2019-01-16 22:27:06,550:INFO: - Eval metrics : dsc: 0.937 ; iou: 0.895 ; accuracy: 0.998 ; precision: 0.959 ; recall: 0.933 ; loss: 0.063
2019-01-16 22:27:06,575:INFO: Epoch 40/45
2019-01-16 22:27:17,503:INFO: - Train metrics: dsc: 0.949 ; iou: 0.918 ; accuracy: 0.999 ; precision: 0.961 ; recall: 0.955 ; loss: 0.049
2019-01-16 22:27:18,589:INFO: - Eval metrics : dsc: 0.936 ; iou: 0.895 ; accuracy: 0.998 ; precision: 0.960 ; recall: 0.931 ; loss: 0.063
2019-01-16 22:27:18,600:INFO: Epoch 41/45
2019-01-16 22:27:29,459:INFO: - Train metrics: dsc: 0.950 ; iou: 0.919 ; accuracy: 0.999 ; precision: 0.961 ; recall: 0.955 ; loss: 0.048
2019-01-16 22:27:30,547:INFO: - Eval metrics : dsc: 0.935 ; iou: 0.893 ; accuracy: 0.998 ; precision: 0.945 ; recall: 0.941 ; loss: 0.064
2019-01-16 22:27:30,561:INFO: Epoch 42/45
2019-01-16 22:27:41,446:INFO: - Train metrics: dsc: 0.949 ; iou: 0.918 ; accuracy: 0.999 ; precision: 0.963 ; recall: 0.953 ; loss: 0.049
2019-01-16 22:27:42,536:INFO: - Eval metrics : dsc: 0.937 ; iou: 0.896 ; accuracy: 0.998 ; precision: 0.952 ; recall: 0.935 ; loss: 0.063
2019-01-16 22:27:42,551:INFO: Epoch 43/45
2019-01-16 22:27:53,447:INFO: - Train metrics: dsc: 0.946 ; iou: 0.912 ; accuracy: 0.999 ; precision: 0.957 ; recall: 0.949 ; loss: 0.053
2019-01-16 22:27:54,546:INFO: - Eval metrics : dsc: 0.937 ; iou: 0.895 ; accuracy: 0.998 ; precision: 0.954 ; recall: 0.934 ; loss: 0.063
2019-01-16 22:27:54,560:INFO: Epoch 44/45
2019-01-16 22:28:05,522:INFO: - Train metrics: dsc: 0.946 ; iou: 0.912 ; accuracy: 0.999 ; precision: 0.957 ; recall: 0.951 ; loss: 0.052
2019-01-16 22:28:06,617:INFO: - Eval metrics : dsc: 0.935 ; iou: 0.891 ; accuracy: 0.998 ; precision: 0.939 ; recall: 0.942 ; loss: 0.064
2019-01-16 22:28:06,636:INFO: Epoch 45/45
2019-01-16 22:28:17,611:INFO: - Train metrics: dsc: 0.947 ; iou: 0.913 ; accuracy: 0.999 ; precision: 0.956 ; recall: 0.953 ; loss: 0.052
2019-01-16 22:28:18,708:INFO: - Eval metrics : dsc: 0.938 ; iou: 0.894 ; accuracy: 0.998 ; precision: 0.952 ; recall: 0.933 ; loss: 0.062
2019-01-16 22:28:18,775:INFO: Loading the datasets...
2019-01-16 22:28:23,352:INFO: - done.
2019-01-16 22:28:23,352:INFO: For k-fold 2/5:
2019-01-16 22:28:23,352:INFO: Starting training for 45 epoch(s)
2019-01-16 22:28:23,352:INFO: Restoring parameters from experiments/EPI/model_ModelA_transfer/data_augmentation/data_rot/batch_size_3/learning_rate_5e-05/ENDO-modelA_random-data_rot-batch_size_3-learning_rate_1e-04-best.pth.tar
2019-01-16 22:28:23,369:INFO: Epoch 1/45
2019-01-16 22:28:34,236:INFO: - Train metrics: dsc: 0.874 ; iou: 0.804 ; accuracy: 0.997 ; precision: 0.925 ; recall: 0.869 ; loss: 0.126
2019-01-16 22:28:35,370:INFO: - Eval metrics : dsc: 0.898 ; iou: 0.843 ; accuracy: 0.998 ; precision: 0.944 ; recall: 0.895 ; loss: 0.101
2019-01-16 22:28:35,401:INFO: - Found new best DSC
2019-01-16 22:28:35,401:INFO: Epoch 2/45
2019-01-16 22:28:46,251:INFO: - Train metrics: dsc: 0.906 ; iou: 0.850 ; accuracy: 0.998 ; precision: 0.927 ; recall: 0.913 ; loss: 0.094
2019-01-16 22:28:47,398:INFO: - Eval metrics : dsc: 0.904 ; iou: 0.851 ; accuracy: 0.998 ; precision: 0.941 ; recall: 0.906 ; loss: 0.095
2019-01-16 22:28:47,420:INFO: - Found new best DSC
2019-01-16 22:28:47,420:INFO: Epoch 3/45
2019-01-16 22:28:58,309:INFO: - Train metrics: dsc: 0.915 ; iou: 0.864 ; accuracy: 0.998 ; precision: 0.936 ; recall: 0.921 ; loss: 0.084
2019-01-16 22:28:59,391:INFO: - Eval metrics : dsc: 0.908 ; iou: 0.857 ; accuracy: 0.998 ; precision: 0.934 ; recall: 0.918 ; loss: 0.090
2019-01-16 22:28:59,417:INFO: - Found new best DSC
2019-01-16 22:28:59,417:INFO: Epoch 4/45
2019-01-16 22:29:10,342:INFO: - Train metrics: dsc: 0.918 ; iou: 0.869 ; accuracy: 0.998 ; precision: 0.939 ; recall: 0.924 ; loss: 0.081
2019-01-16 22:29:11,451:INFO: - Eval metrics : dsc: 0.909 ; iou: 0.859 ; accuracy: 0.998 ; precision: 0.945 ; recall: 0.909 ; loss: 0.089
2019-01-16 22:29:11,468:INFO: - Found new best DSC
2019-01-16 22:29:11,468:INFO: Epoch 5/45
2019-01-16 22:29:22,393:INFO: - Train metrics: dsc: 0.921 ; iou: 0.873 ; accuracy: 0.998 ; precision: 0.939 ; recall: 0.926 ; loss: 0.078
2019-01-16 22:29:23,536:INFO: - Eval metrics : dsc: 0.914 ; iou: 0.863 ; accuracy: 0.998 ; precision: 0.945 ; recall: 0.913 ; loss: 0.084
2019-01-16 22:29:23,558:INFO: - Found new best DSC
2019-01-16 22:29:23,558:INFO: Epoch 6/45
2019-01-16 22:29:34,452:INFO: - Train metrics: dsc: 0.926 ; iou: 0.880 ; accuracy: 0.998 ; precision: 0.945 ; recall: 0.930 ; loss: 0.073
2019-01-16 22:29:35,548:INFO: - Eval metrics : dsc: 0.910 ; iou: 0.862 ; accuracy: 0.998 ; precision: 0.944 ; recall: 0.913 ; loss: 0.087
2019-01-16 22:29:35,566:INFO: Epoch 7/45
2019-01-16 22:29:46,497:INFO: - Train metrics: dsc: 0.926 ; iou: 0.879 ; accuracy: 0.998 ; precision: 0.940 ; recall: 0.930 ; loss: 0.073
2019-01-16 22:29:47,620:INFO: - Eval metrics : dsc: 0.915 ; iou: 0.864 ; accuracy: 0.998 ; precision: 0.928 ; recall: 0.925 ; loss: 0.084
2019-01-16 22:29:47,640:INFO: - Found new best DSC
2019-01-16 22:29:47,640:INFO: Epoch 8/45
2019-01-16 22:29:58,525:INFO: - Train metrics: dsc: 0.930 ; iou: 0.886 ; accuracy: 0.998 ; precision: 0.945 ; recall: 0.936 ; loss: 0.069
2019-01-16 22:29:59,661:INFO: - Eval metrics : dsc: 0.915 ; iou: 0.866 ; accuracy: 0.998 ; precision: 0.942 ; recall: 0.917 ; loss: 0.083
2019-01-16 22:29:59,674:INFO: - Found new best DSC
2019-01-16 22:29:59,674:INFO: Epoch 9/45
2019-01-16 22:30:10,605:INFO: - Train metrics: dsc: 0.933 ; iou: 0.889 ; accuracy: 0.998 ; precision: 0.946 ; recall: 0.938 ; loss: 0.066
2019-01-16 22:30:11,752:INFO: - Eval metrics : dsc: 0.910 ; iou: 0.863 ; accuracy: 0.998 ; precision: 0.949 ; recall: 0.907 ; loss: 0.087
2019-01-16 22:30:11,769:INFO: Epoch 10/45
2019-01-16 22:30:22,701:INFO: - Train metrics: dsc: 0.933 ; iou: 0.890 ; accuracy: 0.998 ; precision: 0.946 ; recall: 0.939 ; loss: 0.066
2019-01-16 22:30:23,843:INFO: - Eval metrics : dsc: 0.916 ; iou: 0.869 ; accuracy: 0.998 ; precision: 0.950 ; recall: 0.913 ; loss: 0.082
2019-01-16 22:30:23,865:INFO: - Found new best DSC
2019-01-16 22:30:23,865:INFO: Epoch 11/45
2019-01-16 22:30:34,804:INFO: - Train metrics: dsc: 0.935 ; iou: 0.893 ; accuracy: 0.998 ; precision: 0.946 ; recall: 0.941 ; loss: 0.064
2019-01-16 22:30:35,903:INFO: - Eval metrics : dsc: 0.912 ; iou: 0.864 ; accuracy: 0.998 ; precision: 0.960 ; recall: 0.900 ; loss: 0.085
2019-01-16 22:30:35,922:INFO: Epoch 12/45
2019-01-16 22:30:46,863:INFO: - Train metrics: dsc: 0.936 ; iou: 0.894 ; accuracy: 0.998 ; precision: 0.948 ; recall: 0.940 ; loss: 0.063
2019-01-16 22:30:47,964:INFO: - Eval metrics : dsc: 0.916 ; iou: 0.869 ; accuracy: 0.998 ; precision: 0.936 ; recall: 0.926 ; loss: 0.081
2019-01-16 22:30:47,980:INFO: - Found new best DSC
2019-01-16 22:30:47,980:INFO: Epoch 13/45
2019-01-16 22:30:58,914:INFO: - Train metrics: dsc: 0.937 ; iou: 0.896 ; accuracy: 0.998 ; precision: 0.949 ; recall: 0.941 ; loss: 0.062
2019-01-16 22:31:00,046:INFO: - Eval metrics : dsc: 0.913 ; iou: 0.865 ; accuracy: 0.998 ; precision: 0.934 ; recall: 0.924 ; loss: 0.085
2019-01-16 22:31:00,067:INFO: Epoch 14/45
2019-01-16 22:31:10,973:INFO: - Train metrics: dsc: 0.938 ; iou: 0.898 ; accuracy: 0.998 ; precision: 0.952 ; recall: 0.942 ; loss: 0.061
2019-01-16 22:31:12,063:INFO: - Eval metrics : dsc: 0.921 ; iou: 0.874 ; accuracy: 0.998 ; precision: 0.938 ; recall: 0.925 ; loss: 0.077
2019-01-16 22:31:12,076:INFO: - Found new best DSC
2019-01-16 22:31:12,076:INFO: Epoch 15/45
2019-01-16 22:31:23,002:INFO: - Train metrics: dsc: 0.939 ; iou: 0.901 ; accuracy: 0.999 ; precision: 0.952 ; recall: 0.943 ; loss: 0.060
2019-01-16 22:31:24,121:INFO: - Eval metrics : dsc: 0.920 ; iou: 0.874 ; accuracy: 0.998 ; precision: 0.939 ; recall: 0.927 ; loss: 0.078
2019-01-16 22:31:24,139:INFO: Epoch 16/45
2019-01-16 22:31:35,032:INFO: - Train metrics: dsc: 0.938 ; iou: 0.898 ; accuracy: 0.999 ; precision: 0.949 ; recall: 0.943 ; loss: 0.061
2019-01-16 22:31:36,169:INFO: - Eval metrics : dsc: 0.913 ; iou: 0.867 ; accuracy: 0.998 ; precision: 0.951 ; recall: 0.909 ; loss: 0.085
2019-01-16 22:31:36,189:INFO: Epoch 17/45
2019-01-16 22:31:47,110:INFO: - Train metrics: dsc: 0.938 ; iou: 0.898 ; accuracy: 0.999 ; precision: 0.950 ; recall: 0.943 ; loss: 0.061
2019-01-16 22:31:48,188:INFO: - Eval metrics : dsc: 0.918 ; iou: 0.870 ; accuracy: 0.998 ; precision: 0.932 ; recall: 0.926 ; loss: 0.080
2019-01-16 22:31:48,208:INFO: Epoch 18/45
2019-01-16 22:31:59,143:INFO: - Train metrics: dsc: 0.939 ; iou: 0.901 ; accuracy: 0.999 ; precision: 0.951 ; recall: 0.944 ; loss: 0.060
2019-01-16 22:32:00,235:INFO: - Eval metrics : dsc: 0.917 ; iou: 0.870 ; accuracy: 0.998 ; precision: 0.949 ; recall: 0.911 ; loss: 0.080
2019-01-16 22:32:00,250:INFO: Epoch 19/45
2019-01-16 22:32:11,110:INFO: - Train metrics: dsc: 0.939 ; iou: 0.899 ; accuracy: 0.999 ; precision: 0.951 ; recall: 0.943 ; loss: 0.060
2019-01-16 22:32:12,204:INFO: - Eval metrics : dsc: 0.922 ; iou: 0.877 ; accuracy: 0.998 ; precision: 0.938 ; recall: 0.927 ; loss: 0.076
2019-01-16 22:32:12,220:INFO: - Found new best DSC
2019-01-16 22:32:12,220:INFO: Epoch 20/45
2019-01-16 22:32:23,116:INFO: - Train metrics: dsc: 0.941 ; iou: 0.903 ; accuracy: 0.999 ; precision: 0.953 ; recall: 0.945 ; loss: 0.058
2019-01-16 22:32:24,241:INFO: - Eval metrics : dsc: 0.923 ; iou: 0.878 ; accuracy: 0.998 ; precision: 0.940 ; recall: 0.927 ; loss: 0.075
2019-01-16 22:32:24,257:INFO: - Found new best DSC
2019-01-16 22:32:24,257:INFO: Epoch 21/45
2019-01-16 22:32:35,151:INFO: - Train metrics: dsc: 0.943 ; iou: 0.906 ; accuracy: 0.999 ; precision: 0.955 ; recall: 0.947 ; loss: 0.056
2019-01-16 22:32:36,301:INFO: - Eval metrics : dsc: 0.922 ; iou: 0.877 ; accuracy: 0.998 ; precision: 0.935 ; recall: 0.932 ; loss: 0.076
2019-01-16 22:32:36,315:INFO: Epoch 22/45
2019-01-16 22:32:47,241:INFO: - Train metrics: dsc: 0.944 ; iou: 0.908 ; accuracy: 0.999 ; precision: 0.955 ; recall: 0.948 ; loss: 0.055
2019-01-16 22:32:48,330:INFO: - Eval metrics : dsc: 0.923 ; iou: 0.878 ; accuracy: 0.998 ; precision: 0.940 ; recall: 0.926 ; loss: 0.075
2019-01-16 22:32:48,346:INFO: - Found new best DSC
2019-01-16 22:32:48,346:INFO: Epoch 23/45
2019-01-16 22:32:59,249:INFO: - Train metrics: dsc: 0.945 ; iou: 0.909 ; accuracy: 0.999 ; precision: 0.955 ; recall: 0.949 ; loss: 0.054
2019-01-16 22:33:00,360:INFO: - Eval metrics : dsc: 0.923 ; iou: 0.878 ; accuracy: 0.998 ; precision: 0.939 ; recall: 0.927 ; loss: 0.075
2019-01-16 22:33:00,388:INFO: - Found new best DSC
2019-01-16 22:33:00,388:INFO: Epoch 24/45
2019-01-16 22:33:11,262:INFO: - Train metrics: dsc: 0.946 ; iou: 0.911 ; accuracy: 0.999 ; precision: 0.958 ; recall: 0.949 ; loss: 0.053
2019-01-16 22:33:12,417:INFO: - Eval metrics : dsc: 0.922 ; iou: 0.877 ; accuracy: 0.998 ; precision: 0.946 ; recall: 0.924 ; loss: 0.075
2019-01-16 22:33:12,431:INFO: Epoch 25/45
2019-01-16 22:33:23,328:INFO: - Train metrics: dsc: 0.946 ; iou: 0.911 ; accuracy: 0.999 ; precision: 0.956 ; recall: 0.949 ; loss: 0.053
2019-01-16 22:33:24,462:INFO: - Eval metrics : dsc: 0.925 ; iou: 0.881 ; accuracy: 0.998 ; precision: 0.942 ; recall: 0.928 ; loss: 0.073
2019-01-16 22:33:24,482:INFO: - Found new best DSC
2019-01-16 22:33:24,482:INFO: Epoch 26/45
2019-01-16 22:33:35,379:INFO: - Train metrics: dsc: 0.947 ; iou: 0.912 ; accuracy: 0.999 ; precision: 0.959 ; recall: 0.950 ; loss: 0.052
2019-01-16 22:33:36,562:INFO: - Eval metrics : dsc: 0.924 ; iou: 0.879 ; accuracy: 0.998 ; precision: 0.939 ; recall: 0.929 ; loss: 0.075
2019-01-16 22:33:36,576:INFO: Epoch 27/45
2019-01-16 22:33:47,436:INFO: - Train metrics: dsc: 0.947 ; iou: 0.912 ; accuracy: 0.999 ; precision: 0.957 ; recall: 0.951 ; loss: 0.052
2019-01-16 22:33:48,516:INFO: - Eval metrics : dsc: 0.920 ; iou: 0.875 ; accuracy: 0.998 ; precision: 0.942 ; recall: 0.922 ; loss: 0.078
2019-01-16 22:33:48,536:INFO: Epoch 28/45
2019-01-16 22:33:59,441:INFO: - Train metrics: dsc: 0.947 ; iou: 0.912 ; accuracy: 0.999 ; precision: 0.958 ; recall: 0.950 ; loss: 0.052
2019-01-16 22:34:00,541:INFO: - Eval metrics : dsc: 0.924 ; iou: 0.879 ; accuracy: 0.998 ; precision: 0.948 ; recall: 0.925 ; loss: 0.073
2019-01-16 22:34:00,555:INFO: Epoch 29/45
2019-01-16 22:34:11,450:INFO: - Train metrics: dsc: 0.947 ; iou: 0.913 ; accuracy: 0.999 ; precision: 0.960 ; recall: 0.951 ; loss: 0.052
2019-01-16 22:34:12,561:INFO: - Eval metrics : dsc: 0.925 ; iou: 0.880 ; accuracy: 0.998 ; precision: 0.944 ; recall: 0.926 ; loss: 0.073
2019-01-16 22:34:12,575:INFO: Epoch 30/45
2019-01-16 22:34:23,461:INFO: - Train metrics: dsc: 0.948 ; iou: 0.914 ; accuracy: 0.999 ; precision: 0.957 ; recall: 0.952 ; loss: 0.051
2019-01-16 22:34:24,553:INFO: - Eval metrics : dsc: 0.926 ; iou: 0.882 ; accuracy: 0.998 ; precision: 0.944 ; recall: 0.932 ; loss: 0.072
2019-01-16 22:34:24,578:INFO: - Found new best DSC
2019-01-16 22:34:24,578:INFO: Epoch 31/45
2019-01-16 22:34:35,466:INFO: - Train metrics: dsc: 0.948 ; iou: 0.915 ; accuracy: 0.999 ; precision: 0.959 ; recall: 0.951 ; loss: 0.050
2019-01-16 22:34:36,543:INFO: - Eval metrics : dsc: 0.926 ; iou: 0.881 ; accuracy: 0.998 ; precision: 0.942 ; recall: 0.929 ; loss: 0.072
2019-01-16 22:34:36,569:INFO: - Found new best DSC
2019-01-16 22:34:36,569:INFO: Epoch 32/45
2019-01-16 22:34:47,519:INFO: - Train metrics: dsc: 0.950 ; iou: 0.917 ; accuracy: 0.999 ; precision: 0.960 ; recall: 0.953 ; loss: 0.049
2019-01-16 22:34:48,660:INFO: - Eval metrics : dsc: 0.927 ; iou: 0.881 ; accuracy: 0.998 ; precision: 0.933 ; recall: 0.937 ; loss: 0.071
2019-01-16 22:34:48,682:INFO: - Found new best DSC
2019-01-16 22:34:48,682:INFO: Epoch 33/45
2019-01-16 22:34:59,622:INFO: - Train metrics: dsc: 0.949 ; iou: 0.916 ; accuracy: 0.999 ; precision: 0.959 ; recall: 0.952 ; loss: 0.050
2019-01-16 22:35:00,723:INFO: - Eval metrics : dsc: 0.926 ; iou: 0.880 ; accuracy: 0.998 ; precision: 0.932 ; recall: 0.939 ; loss: 0.073
2019-01-16 22:35:00,740:INFO: Epoch 34/45
2019-01-16 22:35:11,639:INFO: - Train metrics: dsc: 0.950 ; iou: 0.917 ; accuracy: 0.999 ; precision: 0.961 ; recall: 0.953 ; loss: 0.049
2019-01-16 22:35:12,734:INFO: - Eval metrics : dsc: 0.928 ; iou: 0.884 ; accuracy: 0.998 ; precision: 0.935 ; recall: 0.939 ; loss: 0.070
2019-01-16 22:35:12,750:INFO: - Found new best DSC
2019-01-16 22:35:12,750:INFO: Epoch 35/45
2019-01-16 22:35:23,649:INFO: - Train metrics: dsc: 0.951 ; iou: 0.919 ; accuracy: 0.999 ; precision: 0.962 ; recall: 0.954 ; loss: 0.048
2019-01-16 22:35:24,732:INFO: - Eval metrics : dsc: 0.926 ; iou: 0.881 ; accuracy: 0.998 ; precision: 0.932 ; recall: 0.934 ; loss: 0.073
2019-01-16 22:35:24,748:INFO: Epoch 36/45
2019-01-16 22:35:35,660:INFO: - Train metrics: dsc: 0.950 ; iou: 0.918 ; accuracy: 0.999 ; precision: 0.962 ; recall: 0.953 ; loss: 0.049
2019-01-16 22:35:36,782:INFO: - Eval metrics : dsc: 0.930 ; iou: 0.886 ; accuracy: 0.998 ; precision: 0.935 ; recall: 0.942 ; loss: 0.068
2019-01-16 22:35:36,799:INFO: - Found new best DSC
2019-01-16 22:35:36,800:INFO: Epoch 37/45
2019-01-16 22:35:47,704:INFO: - Train metrics: dsc: 0.952 ; iou: 0.922 ; accuracy: 0.999 ; precision: 0.965 ; recall: 0.954 ; loss: 0.046
2019-01-16 22:35:48,814:INFO: - Eval metrics : dsc: 0.927 ; iou: 0.882 ; accuracy: 0.998 ; precision: 0.933 ; recall: 0.939 ; loss: 0.071
2019-01-16 22:35:48,834:INFO: Epoch 38/45
2019-01-16 22:35:59,817:INFO: - Train metrics: dsc: 0.952 ; iou: 0.922 ; accuracy: 0.999 ; precision: 0.964 ; recall: 0.955 ; loss: 0.047
2019-01-16 22:36:00,923:INFO: - Eval metrics : dsc: 0.928 ; iou: 0.883 ; accuracy: 0.998 ; precision: 0.939 ; recall: 0.933 ; loss: 0.070
2019-01-16 22:36:00,937:INFO: Epoch 39/45
2019-01-16 22:36:11,806:INFO: - Train metrics: dsc: 0.952 ; iou: 0.922 ; accuracy: 0.999 ; precision: 0.965 ; recall: 0.954 ; loss: 0.047
2019-01-16 22:36:12,906:INFO: - Eval metrics : dsc: 0.927 ; iou: 0.882 ; accuracy: 0.998 ; precision: 0.941 ; recall: 0.929 ; loss: 0.071
2019-01-16 22:36:12,920:INFO: Epoch 40/45
2019-01-16 22:36:23,862:INFO: - Train metrics: dsc: 0.953 ; iou: 0.923 ; accuracy: 0.999 ; precision: 0.964 ; recall: 0.955 ; loss: 0.046
2019-01-16 22:36:24,992:INFO: - Eval metrics : dsc: 0.927 ; iou: 0.882 ; accuracy: 0.998 ; precision: 0.946 ; recall: 0.929 ; loss: 0.071
2019-01-16 22:36:25,003:INFO: Epoch 41/45
2019-01-16 22:36:35,942:INFO: - Train metrics: dsc: 0.953 ; iou: 0.923 ; accuracy: 0.999 ; precision: 0.963 ; recall: 0.956 ; loss: 0.045
2019-01-16 22:36:37,038:INFO: - Eval metrics : dsc: 0.927 ; iou: 0.882 ; accuracy: 0.998 ; precision: 0.931 ; recall: 0.941 ; loss: 0.071
2019-01-16 22:36:37,053:INFO: Epoch 42/45
2019-01-16 22:36:47,989:INFO: - Train metrics: dsc: 0.953 ; iou: 0.923 ; accuracy: 0.999 ; precision: 0.963 ; recall: 0.957 ; loss: 0.046
2019-01-16 22:36:49,093:INFO: - Eval metrics : dsc: 0.928 ; iou: 0.885 ; accuracy: 0.998 ; precision: 0.946 ; recall: 0.931 ; loss: 0.069
2019-01-16 22:36:49,107:INFO: Epoch 43/45
2019-01-16 22:36:59,960:INFO: - Train metrics: dsc: 0.955 ; iou: 0.926 ; accuracy: 0.999 ; precision: 0.965 ; recall: 0.958 ; loss: 0.044
2019-01-16 22:37:01,052:INFO: - Eval metrics : dsc: 0.928 ; iou: 0.884 ; accuracy: 0.998 ; precision: 0.944 ; recall: 0.928 ; loss: 0.070
2019-01-16 22:37:01,068:INFO: Epoch 44/45
2019-01-16 22:37:11,926:INFO: - Train metrics: dsc: 0.954 ; iou: 0.925 ; accuracy: 0.999 ; precision: 0.964 ; recall: 0.958 ; loss: 0.045
2019-01-16 22:37:13,051:INFO: - Eval metrics : dsc: 0.926 ; iou: 0.882 ; accuracy: 0.998 ; precision: 0.952 ; recall: 0.922 ; loss: 0.072
2019-01-16 22:37:13,066:INFO: Epoch 45/45
2019-01-16 22:37:24,014:INFO: - Train metrics: dsc: 0.955 ; iou: 0.926 ; accuracy: 0.999 ; precision: 0.966 ; recall: 0.958 ; loss: 0.044
2019-01-16 22:37:25,132:INFO: - Eval metrics : dsc: 0.930 ; iou: 0.886 ; accuracy: 0.998 ; precision: 0.937 ; recall: 0.938 ; loss: 0.068
2019-01-16 22:37:25,188:INFO: Loading the datasets...
2019-01-16 22:37:30,127:INFO: - done.
2019-01-16 22:37:30,127:INFO: For k-fold 3/5:
2019-01-16 22:37:30,127:INFO: Starting training for 45 epoch(s)
2019-01-16 22:37:30,128:INFO: Restoring parameters from experiments/EPI/model_ModelA_transfer/data_augmentation/data_rot/batch_size_3/learning_rate_5e-05/ENDO-modelA_random-data_rot-batch_size_3-learning_rate_1e-04-best.pth.tar
2019-01-16 22:37:30,145:INFO: Epoch 1/45
2019-01-16 22:37:40,957:INFO: - Train metrics: dsc: 0.873 ; iou: 0.801 ; accuracy: 0.997 ; precision: 0.921 ; recall: 0.868 ; loss: 0.128
2019-01-16 22:37:42,046:INFO: - Eval metrics : dsc: 0.896 ; iou: 0.841 ; accuracy: 0.998 ; precision: 0.935 ; recall: 0.894 ; loss: 0.104
2019-01-16 22:37:42,068:INFO: - Found new best DSC
2019-01-16 22:37:42,068:INFO: Epoch 2/45
2019-01-16 22:37:52,894:INFO: - Train metrics: dsc: 0.903 ; iou: 0.849 ; accuracy: 0.998 ; precision: 0.928 ; recall: 0.909 ; loss: 0.097
2019-01-16 22:37:53,934:INFO: - Eval metrics : dsc: 0.898 ; iou: 0.844 ; accuracy: 0.998 ; precision: 0.936 ; recall: 0.898 ; loss: 0.101
2019-01-16 22:37:53,959:INFO: - Found new best DSC
2019-01-16 22:37:53,960:INFO: Epoch 3/45
2019-01-16 22:38:04,826:INFO: - Train metrics: dsc: 0.913 ; iou: 0.861 ; accuracy: 0.998 ; precision: 0.933 ; recall: 0.919 ; loss: 0.087
2019-01-16 22:38:05,905:INFO: - Eval metrics : dsc: 0.901 ; iou: 0.849 ; accuracy: 0.998 ; precision: 0.925 ; recall: 0.910 ; loss: 0.098
2019-01-16 22:38:05,927:INFO: - Found new best DSC
2019-01-16 22:38:05,927:INFO: Epoch 4/45
2019-01-16 22:38:16,842:INFO: - Train metrics: dsc: 0.918 ; iou: 0.868 ; accuracy: 0.998 ; precision: 0.939 ; recall: 0.923 ; loss: 0.081
2019-01-16 22:38:17,943:INFO: - Eval metrics : dsc: 0.903 ; iou: 0.852 ; accuracy: 0.998 ; precision: 0.930 ; recall: 0.908 ; loss: 0.096
2019-01-16 22:38:17,964:INFO: - Found new best DSC
2019-01-16 22:38:17,964:INFO: Epoch 5/45
2019-01-16 22:38:28,801:INFO: - Train metrics: dsc: 0.920 ; iou: 0.870 ; accuracy: 0.998 ; precision: 0.936 ; recall: 0.926 ; loss: 0.080
2019-01-16 22:38:29,891:INFO: - Eval metrics : dsc: 0.903 ; iou: 0.854 ; accuracy: 0.998 ; precision: 0.940 ; recall: 0.899 ; loss: 0.096
2019-01-16 22:38:29,909:INFO: - Found new best DSC
2019-01-16 22:38:29,909:INFO: Epoch 6/45
2019-01-16 22:38:40,843:INFO: - Train metrics: dsc: 0.920 ; iou: 0.870 ; accuracy: 0.998 ; precision: 0.938 ; recall: 0.924 ; loss: 0.080
2019-01-16 22:38:41,951:INFO: - Eval metrics : dsc: 0.908 ; iou: 0.857 ; accuracy: 0.998 ; precision: 0.929 ; recall: 0.914 ; loss: 0.091
2019-01-16 22:38:41,978:INFO: - Found new best DSC
2019-01-16 22:38:41,978:INFO: Epoch 7/45
2019-01-16 22:38:52,862:INFO: - Train metrics: dsc: 0.925 ; iou: 0.878 ; accuracy: 0.998 ; precision: 0.941 ; recall: 0.932 ; loss: 0.074
2019-01-16 22:38:53,949:INFO: - Eval metrics : dsc: 0.909 ; iou: 0.861 ; accuracy: 0.998 ; precision: 0.935 ; recall: 0.913 ; loss: 0.089
2019-01-16 22:38:53,970:INFO: - Found new best DSC
2019-01-16 22:38:53,970:INFO: Epoch 8/45
2019-01-16 22:39:04,802:INFO: - Train metrics: dsc: 0.927 ; iou: 0.881 ; accuracy: 0.998 ; precision: 0.942 ; recall: 0.935 ; loss: 0.072
2019-01-16 22:39:05,878:INFO: - Eval metrics : dsc: 0.909 ; iou: 0.862 ; accuracy: 0.998 ; precision: 0.936 ; recall: 0.911 ; loss: 0.089
2019-01-16 22:39:05,892:INFO: Epoch 9/45
2019-01-16 22:39:16,797:INFO: - Train metrics: dsc: 0.931 ; iou: 0.887 ; accuracy: 0.998 ; precision: 0.945 ; recall: 0.937 ; loss: 0.068
2019-01-16 22:39:17,934:INFO: - Eval metrics : dsc: 0.911 ; iou: 0.864 ; accuracy: 0.998 ; precision: 0.942 ; recall: 0.908 ; loss: 0.087
2019-01-16 22:39:17,955:INFO: - Found new best DSC
2019-01-16 22:39:17,956:INFO: Epoch 10/45
2019-01-16 22:39:28,889:INFO: - Train metrics: dsc: 0.931 ; iou: 0.887 ; accuracy: 0.998 ; precision: 0.947 ; recall: 0.936 ; loss: 0.068
2019-01-16 22:39:29,974:INFO: - Eval metrics : dsc: 0.912 ; iou: 0.865 ; accuracy: 0.998 ; precision: 0.927 ; recall: 0.923 ; loss: 0.086
2019-01-16 22:39:29,998:INFO: - Found new best DSC
2019-01-16 22:39:29,999:INFO: Epoch 11/45
2019-01-16 22:39:40,791:INFO: - Train metrics: dsc: 0.932 ; iou: 0.888 ; accuracy: 0.998 ; precision: 0.943 ; recall: 0.939 ; loss: 0.067
2019-01-16 22:39:41,880:INFO: - Eval metrics : dsc: 0.913 ; iou: 0.867 ; accuracy: 0.998 ; precision: 0.944 ; recall: 0.908 ; loss: 0.085
2019-01-16 22:39:41,902:INFO: - Found new best DSC
2019-01-16 22:39:41,902:INFO: Epoch 12/45
2019-01-16 22:39:52,798:INFO: - Train metrics: dsc: 0.934 ; iou: 0.891 ; accuracy: 0.998 ; precision: 0.948 ; recall: 0.939 ; loss: 0.065
2019-01-16 22:39:53,900:INFO: - Eval metrics : dsc: 0.913 ; iou: 0.867 ; accuracy: 0.998 ; precision: 0.931 ; recall: 0.922 ; loss: 0.085
2019-01-16 22:39:53,921:INFO: - Found new best DSC
2019-01-16 22:39:53,921:INFO: Epoch 13/45
2019-01-16 22:40:04,841:INFO: - Train metrics: dsc: 0.934 ; iou: 0.892 ; accuracy: 0.998 ; precision: 0.947 ; recall: 0.939 ; loss: 0.065
2019-01-16 22:40:05,921:INFO: - Eval metrics : dsc: 0.914 ; iou: 0.867 ; accuracy: 0.998 ; precision: 0.937 ; recall: 0.924 ; loss: 0.085
2019-01-16 22:40:05,945:INFO: - Found new best DSC
2019-01-16 22:40:05,946:INFO: Epoch 14/45
2019-01-16 22:40:16,778:INFO: - Train metrics: dsc: 0.936 ; iou: 0.894 ; accuracy: 0.998 ; precision: 0.949 ; recall: 0.940 ; loss: 0.063
2019-01-16 22:40:17,912:INFO: - Eval metrics : dsc: 0.912 ; iou: 0.866 ; accuracy: 0.998 ; precision: 0.947 ; recall: 0.908 ; loss: 0.086
2019-01-16 22:40:17,926:INFO: Epoch 15/45
2019-01-16 22:40:28,827:INFO: - Train metrics: dsc: 0.937 ; iou: 0.897 ; accuracy: 0.999 ; precision: 0.954 ; recall: 0.939 ; loss: 0.061
2019-01-16 22:40:29,921:INFO: - Eval metrics : dsc: 0.915 ; iou: 0.870 ; accuracy: 0.998 ; precision: 0.941 ; recall: 0.922 ; loss: 0.083
2019-01-16 22:40:29,942:INFO: - Found new best DSC
2019-01-16 22:40:29,942:INFO: Epoch 16/45
2019-01-16 22:40:40,847:INFO: - Train metrics: dsc: 0.938 ; iou: 0.899 ; accuracy: 0.999 ; precision: 0.954 ; recall: 0.940 ; loss: 0.061
2019-01-16 22:40:41,963:INFO: - Eval metrics : dsc: 0.912 ; iou: 0.868 ; accuracy: 0.998 ; precision: 0.952 ; recall: 0.907 ; loss: 0.086
2019-01-16 22:40:41,977:INFO: Epoch 17/45
2019-01-16 22:40:52,910:INFO: - Train metrics: dsc: 0.936 ; iou: 0.896 ; accuracy: 0.999 ; precision: 0.951 ; recall: 0.941 ; loss: 0.062
2019-01-16 22:40:54,015:INFO: - Eval metrics : dsc: 0.900 ; iou: 0.845 ; accuracy: 0.998 ; precision: 0.899 ; recall: 0.922 ; loss: 0.099
2019-01-16 22:40:54,029:INFO: Epoch 18/45
2019-01-16 22:41:04,957:INFO: - Train metrics: dsc: 0.934 ; iou: 0.892 ; accuracy: 0.998 ; precision: 0.944 ; recall: 0.942 ; loss: 0.065
2019-01-16 22:41:06,055:INFO: - Eval metrics : dsc: 0.913 ; iou: 0.868 ; accuracy: 0.998 ; precision: 0.943 ; recall: 0.911 ; loss: 0.085
2019-01-16 22:41:06,072:INFO: Epoch 19/45
2019-01-16 22:41:17,024:INFO: - Train metrics: dsc: 0.938 ; iou: 0.898 ; accuracy: 0.999 ; precision: 0.952 ; recall: 0.943 ; loss: 0.061
2019-01-16 22:41:18,134:INFO: - Eval metrics : dsc: 0.915 ; iou: 0.871 ; accuracy: 0.998 ; precision: 0.934 ; recall: 0.923 ; loss: 0.083
2019-01-16 22:41:18,156:INFO: - Found new best DSC
2019-01-16 22:41:18,156:INFO: Epoch 20/45
2019-01-16 22:41:29,093:INFO: - Train metrics: dsc: 0.939 ; iou: 0.899 ; accuracy: 0.999 ; precision: 0.951 ; recall: 0.945 ; loss: 0.060
2019-01-16 22:41:30,188:INFO: - Eval metrics : dsc: 0.915 ; iou: 0.871 ; accuracy: 0.998 ; precision: 0.935 ; recall: 0.922 ; loss: 0.083
2019-01-16 22:41:30,204:INFO: - Found new best DSC
2019-01-16 22:41:30,204:INFO: Epoch 21/45
2019-01-16 22:41:41,116:INFO: - Train metrics: dsc: 0.940 ; iou: 0.902 ; accuracy: 0.999 ; precision: 0.953 ; recall: 0.946 ; loss: 0.058
2019-01-16 22:41:42,218:INFO: - Eval metrics : dsc: 0.917 ; iou: 0.873 ; accuracy: 0.998 ; precision: 0.940 ; recall: 0.921 ; loss: 0.081
2019-01-16 22:41:42,247:INFO: - Found new best DSC
2019-01-16 22:41:42,247:INFO: Epoch 22/45
2019-01-16 22:41:53,195:INFO: - Train metrics: dsc: 0.942 ; iou: 0.905 ; accuracy: 0.999 ; precision: 0.954 ; recall: 0.947 ; loss: 0.057
2019-01-16 22:41:54,315:INFO: - Eval metrics : dsc: 0.912 ; iou: 0.868 ; accuracy: 0.998 ; precision: 0.941 ; recall: 0.912 ; loss: 0.087
2019-01-16 22:41:54,344:INFO: Epoch 23/45
2019-01-16 22:42:05,256:INFO: - Train metrics: dsc: 0.940 ; iou: 0.901 ; accuracy: 0.999 ; precision: 0.949 ; recall: 0.945 ; loss: 0.059
2019-01-16 22:42:06,372:INFO: - Eval metrics : dsc: 0.916 ; iou: 0.871 ; accuracy: 0.998 ; precision: 0.937 ; recall: 0.920 ; loss: 0.083
2019-01-16 22:42:06,387:INFO: Epoch 24/45
2019-01-16 22:42:17,344:INFO: - Train metrics: dsc: 0.942 ; iou: 0.905 ; accuracy: 0.999 ; precision: 0.952 ; recall: 0.949 ; loss: 0.057
2019-01-16 22:42:18,439:INFO: - Eval metrics : dsc: 0.919 ; iou: 0.874 ; accuracy: 0.998 ; precision: 0.935 ; recall: 0.928 ; loss: 0.080
2019-01-16 22:42:18,455:INFO: - Found new best DSC
2019-01-16 22:42:18,455:INFO: Epoch 25/45
2019-01-16 22:42:29,412:INFO: - Train metrics: dsc: 0.943 ; iou: 0.906 ; accuracy: 0.999 ; precision: 0.953 ; recall: 0.949 ; loss: 0.056
2019-01-16 22:42:30,492:INFO: - Eval metrics : dsc: 0.916 ; iou: 0.872 ; accuracy: 0.998 ; precision: 0.948 ; recall: 0.916 ; loss: 0.082
2019-01-16 22:42:30,512:INFO: Epoch 26/45
2019-01-16 22:42:41,423:INFO: - Train metrics: dsc: 0.944 ; iou: 0.907 ; accuracy: 0.999 ; precision: 0.954 ; recall: 0.949 ; loss: 0.055
2019-01-16 22:42:42,488:INFO: - Eval metrics : dsc: 0.916 ; iou: 0.872 ; accuracy: 0.998 ; precision: 0.946 ; recall: 0.911 ; loss: 0.083
2019-01-16 22:42:42,502:INFO: Epoch 27/45
2019-01-16 22:42:53,395:INFO: - Train metrics: dsc: 0.943 ; iou: 0.906 ; accuracy: 0.999 ; precision: 0.952 ; recall: 0.949 ; loss: 0.056
2019-01-16 22:42:54,481:INFO: - Eval metrics : dsc: 0.919 ; iou: 0.874 ; accuracy: 0.998 ; precision: 0.955 ; recall: 0.912 ; loss: 0.080
2019-01-16 22:42:54,502:INFO: - Found new best DSC
2019-01-16 22:42:54,502:INFO: Epoch 28/45
2019-01-16 22:43:05,389:INFO: - Train metrics: dsc: 0.945 ; iou: 0.910 ; accuracy: 0.999 ; precision: 0.955 ; recall: 0.951 ; loss: 0.053
2019-01-16 22:43:06,483:INFO: - Eval metrics : dsc: 0.920 ; iou: 0.876 ; accuracy: 0.998 ; precision: 0.946 ; recall: 0.919 ; loss: 0.078
2019-01-16 22:43:06,516:INFO: - Found new best DSC
2019-01-16 22:43:06,517:INFO: Epoch 29/45
2019-01-16 22:43:17,372:INFO: - Train metrics: dsc: 0.946 ; iou: 0.911 ; accuracy: 0.999 ; precision: 0.956 ; recall: 0.951 ; loss: 0.053
2019-01-16 22:43:18,481:INFO: - Eval metrics : dsc: 0.918 ; iou: 0.875 ; accuracy: 0.998 ; precision: 0.945 ; recall: 0.924 ; loss: 0.080
2019-01-16 22:43:18,498:INFO: Epoch 30/45
2019-01-16 22:43:29,458:INFO: - Train metrics: dsc: 0.946 ; iou: 0.910 ; accuracy: 0.999 ; precision: 0.956 ; recall: 0.950 ; loss: 0.053
2019-01-16 22:43:30,584:INFO: - Eval metrics : dsc: 0.919 ; iou: 0.876 ; accuracy: 0.998 ; precision: 0.942 ; recall: 0.921 ; loss: 0.079
2019-01-16 22:43:30,598:INFO: Epoch 31/45
2019-01-16 22:43:41,542:INFO: - Train metrics: dsc: 0.945 ; iou: 0.909 ; accuracy: 0.999 ; precision: 0.955 ; recall: 0.950 ; loss: 0.054
2019-01-16 22:43:42,640:INFO: - Eval metrics : dsc: 0.916 ; iou: 0.872 ; accuracy: 0.998 ; precision: 0.935 ; recall: 0.925 ; loss: 0.083
2019-01-16 22:43:42,657:INFO: Epoch 32/45
2019-01-16 22:43:53,601:INFO: - Train metrics: dsc: 0.947 ; iou: 0.912 ; accuracy: 0.999 ; precision: 0.958 ; recall: 0.951 ; loss: 0.052
2019-01-16 22:43:54,707:INFO: - Eval metrics : dsc: 0.919 ; iou: 0.875 ; accuracy: 0.998 ; precision: 0.943 ; recall: 0.921 ; loss: 0.079
2019-01-16 22:43:54,727:INFO: Epoch 33/45
2019-01-16 22:44:05,684:INFO: - Train metrics: dsc: 0.948 ; iou: 0.914 ; accuracy: 0.999 ; precision: 0.959 ; recall: 0.952 ; loss: 0.051
2019-01-16 22:44:06,798:INFO: - Eval metrics : dsc: 0.917 ; iou: 0.874 ; accuracy: 0.998 ; precision: 0.936 ; recall: 0.924 ; loss: 0.082
2019-01-16 22:44:06,825:INFO: Epoch 34/45
2019-01-16 22:44:17,638:INFO: - Train metrics: dsc: 0.949 ; iou: 0.915 ; accuracy: 0.999 ; precision: 0.959 ; recall: 0.953 ; loss: 0.050
2019-01-16 22:44:18,732:INFO: - Eval metrics : dsc: 0.915 ; iou: 0.871 ; accuracy: 0.998 ; precision: 0.956 ; recall: 0.910 ; loss: 0.083
2019-01-16 22:44:18,745:INFO: Epoch 35/45
2019-01-16 22:44:29,642:INFO: - Train metrics: dsc: 0.948 ; iou: 0.914 ; accuracy: 0.999 ; precision: 0.959 ; recall: 0.952 ; loss: 0.051
2019-01-16 22:44:30,733:INFO: - Eval metrics : dsc: 0.921 ; iou: 0.877 ; accuracy: 0.998 ; precision: 0.941 ; recall: 0.926 ; loss: 0.077
2019-01-16 22:44:30,749:INFO: - Found new best DSC
2019-01-16 22:44:30,750:INFO: Epoch 36/45
2019-01-16 22:44:41,690:INFO: - Train metrics: dsc: 0.948 ; iou: 0.914 ; accuracy: 0.999 ; precision: 0.959 ; recall: 0.951 ; loss: 0.051
2019-01-16 22:44:42,824:INFO: - Eval metrics : dsc: 0.920 ; iou: 0.877 ; accuracy: 0.998 ; precision: 0.940 ; recall: 0.927 ; loss: 0.078
2019-01-16 22:44:42,843:INFO: Epoch 37/45
2019-01-16 22:44:53,732:INFO: - Train metrics: dsc: 0.949 ; iou: 0.917 ; accuracy: 0.999 ; precision: 0.958 ; recall: 0.953 ; loss: 0.050
2019-01-16 22:44:54,807:INFO: - Eval metrics : dsc: 0.918 ; iou: 0.873 ; accuracy: 0.998 ; precision: 0.932 ; recall: 0.932 ; loss: 0.080
2019-01-16 22:44:54,826:INFO: Epoch 38/45
2019-01-16 22:45:05,753:INFO: - Train metrics: dsc: 0.950 ; iou: 0.917 ; accuracy: 0.999 ; precision: 0.961 ; recall: 0.953 ; loss: 0.049
2019-01-16 22:45:06,858:INFO: - Eval metrics : dsc: 0.920 ; iou: 0.876 ; accuracy: 0.998 ; precision: 0.943 ; recall: 0.922 ; loss: 0.079
2019-01-16 22:45:06,878:INFO: Epoch 39/45
2019-01-16 22:45:17,800:INFO: - Train metrics: dsc: 0.947 ; iou: 0.912 ; accuracy: 0.999 ; precision: 0.958 ; recall: 0.951 ; loss: 0.052
2019-01-16 22:45:18,948:INFO: - Eval metrics : dsc: 0.920 ; iou: 0.877 ; accuracy: 0.998 ; precision: 0.945 ; recall: 0.921 ; loss: 0.078
2019-01-16 22:45:18,967:INFO: Epoch 40/45
2019-01-16 22:45:29,901:INFO: - Train metrics: dsc: 0.951 ; iou: 0.919 ; accuracy: 0.999 ; precision: 0.962 ; recall: 0.954 ; loss: 0.048
2019-01-16 22:45:30,999:INFO: - Eval metrics : dsc: 0.916 ; iou: 0.874 ; accuracy: 0.998 ; precision: 0.937 ; recall: 0.924 ; loss: 0.082
2019-01-16 22:45:31,013:INFO: Epoch 41/45
2019-01-16 22:45:41,938:INFO: - Train metrics: dsc: 0.951 ; iou: 0.920 ; accuracy: 0.999 ; precision: 0.963 ; recall: 0.955 ; loss: 0.047
2019-01-16 22:45:43,032:INFO: - Eval metrics : dsc: 0.916 ; iou: 0.873 ; accuracy: 0.998 ; precision: 0.930 ; recall: 0.930 ; loss: 0.082
2019-01-16 22:45:43,046:INFO: Epoch 42/45
2019-01-16 22:45:53,930:INFO: - Train metrics: dsc: 0.950 ; iou: 0.918 ; accuracy: 0.999 ; precision: 0.959 ; recall: 0.955 ; loss: 0.049
2019-01-16 22:45:55,072:INFO: - Eval metrics : dsc: 0.916 ; iou: 0.872 ; accuracy: 0.998 ; precision: 0.953 ; recall: 0.909 ; loss: 0.082
2019-01-16 22:45:55,090:INFO: Epoch 43/45
2019-01-16 22:46:06,027:INFO: - Train metrics: dsc: 0.950 ; iou: 0.918 ; accuracy: 0.999 ; precision: 0.961 ; recall: 0.954 ; loss: 0.048
2019-01-16 22:46:07,108:INFO: - Eval metrics : dsc: 0.919 ; iou: 0.876 ; accuracy: 0.998 ; precision: 0.949 ; recall: 0.915 ; loss: 0.079
2019-01-16 22:46:07,127:INFO: Epoch 44/45
2019-01-16 22:46:17,996:INFO: - Train metrics: dsc: 0.953 ; iou: 0.923 ; accuracy: 0.999 ; precision: 0.964 ; recall: 0.957 ; loss: 0.046
2019-01-16 22:46:19,108:INFO: - Eval metrics : dsc: 0.921 ; iou: 0.878 ; accuracy: 0.998 ; precision: 0.936 ; recall: 0.932 ; loss: 0.077
2019-01-16 22:46:19,126:INFO: - Found new best DSC
2019-01-16 22:46:19,126:INFO: Epoch 45/45
2019-01-16 22:46:30,098:INFO: - Train metrics: dsc: 0.954 ; iou: 0.924 ; accuracy: 0.999 ; precision: 0.964 ; recall: 0.957 ; loss: 0.045
2019-01-16 22:46:31,212:INFO: - Eval metrics : dsc: 0.918 ; iou: 0.876 ; accuracy: 0.998 ; precision: 0.948 ; recall: 0.914 ; loss: 0.080
2019-01-16 22:46:31,274:INFO: Loading the datasets...
2019-01-16 22:46:35,516:INFO: - done.
2019-01-16 22:46:35,516:INFO: For k-fold 4/5:
2019-01-16 22:46:35,516:INFO: Starting training for 45 epoch(s)
2019-01-16 22:46:35,516:INFO: Restoring parameters from experiments/EPI/model_ModelA_transfer/data_augmentation/data_rot/batch_size_3/learning_rate_5e-05/ENDO-modelA_random-data_rot-batch_size_3-learning_rate_1e-04-best.pth.tar
2019-01-16 22:46:35,534:INFO: Epoch 1/45
2019-01-16 22:46:46,371:INFO: - Train metrics: dsc: 0.872 ; iou: 0.803 ; accuracy: 0.997 ; precision: 0.924 ; recall: 0.865 ; loss: 0.128
2019-01-16 22:46:47,470:INFO: - Eval metrics : dsc: 0.900 ; iou: 0.842 ; accuracy: 0.998 ; precision: 0.932 ; recall: 0.904 ; loss: 0.100
2019-01-16 22:46:47,498:INFO: - Found new best DSC
2019-01-16 22:46:47,498:INFO: Epoch 2/45
2019-01-16 22:46:58,258:INFO: - Train metrics: dsc: 0.904 ; iou: 0.851 ; accuracy: 0.998 ; precision: 0.931 ; recall: 0.911 ; loss: 0.096
2019-01-16 22:46:59,362:INFO: - Eval metrics : dsc: 0.903 ; iou: 0.846 ; accuracy: 0.998 ; precision: 0.919 ; recall: 0.916 ; loss: 0.096
2019-01-16 22:46:59,387:INFO: - Found new best DSC
2019-01-16 22:46:59,387:INFO: Epoch 3/45
2019-01-16 22:47:10,239:INFO: - Train metrics: dsc: 0.910 ; iou: 0.860 ; accuracy: 0.998 ; precision: 0.935 ; recall: 0.915 ; loss: 0.089
2019-01-16 22:47:11,329:INFO: - Eval metrics : dsc: 0.906 ; iou: 0.851 ; accuracy: 0.998 ; precision: 0.927 ; recall: 0.914 ; loss: 0.093
2019-01-16 22:47:11,344:INFO: - Found new best DSC
2019-01-16 22:47:11,344:INFO: Epoch 4/45
2019-01-16 22:47:22,293:INFO: - Train metrics: dsc: 0.915 ; iou: 0.868 ; accuracy: 0.998 ; precision: 0.940 ; recall: 0.919 ; loss: 0.084
2019-01-16 22:47:23,421:INFO: - Eval metrics : dsc: 0.909 ; iou: 0.856 ; accuracy: 0.998 ; precision: 0.932 ; recall: 0.918 ; loss: 0.090
2019-01-16 22:47:23,451:INFO: - Found new best DSC
2019-01-16 22:47:23,451:INFO: Epoch 5/45
2019-01-16 22:47:34,374:INFO: - Train metrics: dsc: 0.917 ; iou: 0.870 ; accuracy: 0.998 ; precision: 0.938 ; recall: 0.922 ; loss: 0.083
2019-01-16 22:47:35,505:INFO: - Eval metrics : dsc: 0.910 ; iou: 0.856 ; accuracy: 0.998 ; precision: 0.924 ; recall: 0.921 ; loss: 0.088
2019-01-16 22:47:35,542:INFO: - Found new best DSC
2019-01-16 22:47:35,542:INFO: Epoch 6/45
2019-01-16 22:47:46,433:INFO: - Train metrics: dsc: 0.917 ; iou: 0.871 ; accuracy: 0.998 ; precision: 0.936 ; recall: 0.924 ; loss: 0.082
2019-01-16 22:47:47,503:INFO: - Eval metrics : dsc: 0.915 ; iou: 0.862 ; accuracy: 0.998 ; precision: 0.935 ; recall: 0.920 ; loss: 0.083
2019-01-16 22:47:47,520:INFO: - Found new best DSC
2019-01-16 22:47:47,520:INFO: Epoch 7/45
2019-01-16 22:47:58,377:INFO: - Train metrics: dsc: 0.922 ; iou: 0.878 ; accuracy: 0.998 ; precision: 0.941 ; recall: 0.928 ; loss: 0.077
2019-01-16 22:47:59,507:INFO: - Eval metrics : dsc: 0.916 ; iou: 0.864 ; accuracy: 0.998 ; precision: 0.943 ; recall: 0.914 ; loss: 0.082
2019-01-16 22:47:59,528:INFO: - Found new best DSC
2019-01-16 22:47:59,528:INFO: Epoch 8/45
2019-01-16 22:48:10,433:INFO: - Train metrics: dsc: 0.924 ; iou: 0.882 ; accuracy: 0.998 ; precision: 0.946 ; recall: 0.929 ; loss: 0.075
2019-01-16 22:48:11,539:INFO: - Eval metrics : dsc: 0.918 ; iou: 0.867 ; accuracy: 0.998 ; precision: 0.933 ; recall: 0.928 ; loss: 0.080
2019-01-16 22:48:11,556:INFO: - Found new best DSC
2019-01-16 22:48:11,556:INFO: Epoch 9/45
2019-01-16 22:48:22,447:INFO: - Train metrics: dsc: 0.927 ; iou: 0.885 ; accuracy: 0.998 ; precision: 0.949 ; recall: 0.932 ; loss: 0.072
2019-01-16 22:48:23,555:INFO: - Eval metrics : dsc: 0.916 ; iou: 0.865 ; accuracy: 0.998 ; precision: 0.934 ; recall: 0.924 ; loss: 0.082
2019-01-16 22:48:23,570:INFO: Epoch 10/45
2019-01-16 22:48:34,427:INFO: - Train metrics: dsc: 0.926 ; iou: 0.885 ; accuracy: 0.998 ; precision: 0.950 ; recall: 0.931 ; loss: 0.073
2019-01-16 22:48:35,515:INFO: - Eval metrics : dsc: 0.920 ; iou: 0.870 ; accuracy: 0.998 ; precision: 0.943 ; recall: 0.920 ; loss: 0.078
2019-01-16 22:48:35,532:INFO: - Found new best DSC
2019-01-16 22:48:35,532:INFO: Epoch 11/45
2019-01-16 22:48:46,451:INFO: - Train metrics: dsc: 0.926 ; iou: 0.886 ; accuracy: 0.998 ; precision: 0.947 ; recall: 0.932 ; loss: 0.072
2019-01-16 22:48:47,542:INFO: - Eval metrics : dsc: 0.914 ; iou: 0.865 ; accuracy: 0.998 ; precision: 0.938 ; recall: 0.922 ; loss: 0.084
2019-01-16 22:48:47,561:INFO: Epoch 12/45
2019-01-16 22:48:58,449:INFO: - Train metrics: dsc: 0.929 ; iou: 0.889 ; accuracy: 0.998 ; precision: 0.951 ; recall: 0.933 ; loss: 0.070
2019-01-16 22:48:59,535:INFO: - Eval metrics : dsc: 0.919 ; iou: 0.870 ; accuracy: 0.998 ; precision: 0.937 ; recall: 0.927 ; loss: 0.079
2019-01-16 22:48:59,550:INFO: Epoch 13/45
2019-01-16 22:49:10,458:INFO: - Train metrics: dsc: 0.930 ; iou: 0.890 ; accuracy: 0.998 ; precision: 0.948 ; recall: 0.934 ; loss: 0.069
2019-01-16 22:49:11,605:INFO: - Eval metrics : dsc: 0.921 ; iou: 0.870 ; accuracy: 0.998 ; precision: 0.932 ; recall: 0.932 ; loss: 0.077
2019-01-16 22:49:11,624:INFO: - Found new best DSC
2019-01-16 22:49:11,624:INFO: Epoch 14/45
2019-01-16 22:49:22,551:INFO: - Train metrics: dsc: 0.931 ; iou: 0.892 ; accuracy: 0.999 ; precision: 0.953 ; recall: 0.935 ; loss: 0.067
2019-01-16 22:49:23,695:INFO: - Eval metrics : dsc: 0.919 ; iou: 0.871 ; accuracy: 0.998 ; precision: 0.946 ; recall: 0.920 ; loss: 0.079
2019-01-16 22:49:23,709:INFO: Epoch 15/45
2019-01-16 22:49:34,632:INFO: - Train metrics: dsc: 0.932 ; iou: 0.892 ; accuracy: 0.999 ; precision: 0.953 ; recall: 0.935 ; loss: 0.067
2019-01-16 22:49:35,760:INFO: - Eval metrics : dsc: 0.925 ; iou: 0.876 ; accuracy: 0.998 ; precision: 0.937 ; recall: 0.932 ; loss: 0.074
2019-01-16 22:49:35,776:INFO: - Found new best DSC
2019-01-16 22:49:35,776:INFO: Epoch 16/45
2019-01-16 22:49:46,607:INFO: - Train metrics: dsc: 0.934 ; iou: 0.895 ; accuracy: 0.999 ; precision: 0.952 ; recall: 0.938 ; loss: 0.065
2019-01-16 22:49:47,695:INFO: - Eval metrics : dsc: 0.925 ; iou: 0.877 ; accuracy: 0.998 ; precision: 0.942 ; recall: 0.929 ; loss: 0.073
2019-01-16 22:49:47,717:INFO: - Found new best DSC
2019-01-16 22:49:47,717:INFO: Epoch 17/45
2019-01-16 22:49:58,576:INFO: - Train metrics: dsc: 0.934 ; iou: 0.896 ; accuracy: 0.999 ; precision: 0.953 ; recall: 0.939 ; loss: 0.065
2019-01-16 22:49:59,659:INFO: - Eval metrics : dsc: 0.925 ; iou: 0.876 ; accuracy: 0.998 ; precision: 0.948 ; recall: 0.923 ; loss: 0.073
2019-01-16 22:49:59,673:INFO: Epoch 18/45
2019-01-16 22:50:10,525:INFO: - Train metrics: dsc: 0.936 ; iou: 0.899 ; accuracy: 0.999 ; precision: 0.954 ; recall: 0.941 ; loss: 0.063
2019-01-16 22:50:11,625:INFO: - Eval metrics : dsc: 0.926 ; iou: 0.878 ; accuracy: 0.998 ; precision: 0.948 ; recall: 0.924 ; loss: 0.073
2019-01-16 22:50:11,641:INFO: - Found new best DSC
2019-01-16 22:50:11,641:INFO: Epoch 19/45
2019-01-16 22:50:22,515:INFO: - Train metrics: dsc: 0.936 ; iou: 0.899 ; accuracy: 0.999 ; precision: 0.956 ; recall: 0.940 ; loss: 0.063
2019-01-16 22:50:23,605:INFO: - Eval metrics : dsc: 0.927 ; iou: 0.880 ; accuracy: 0.998 ; precision: 0.942 ; recall: 0.932 ; loss: 0.071
2019-01-16 22:50:23,622:INFO: - Found new best DSC
2019-01-16 22:50:23,622:INFO: Epoch 20/45
2019-01-16 22:50:34,486:INFO: - Train metrics: dsc: 0.938 ; iou: 0.901 ; accuracy: 0.999 ; precision: 0.954 ; recall: 0.943 ; loss: 0.061
2019-01-16 22:50:35,619:INFO: - Eval metrics : dsc: 0.929 ; iou: 0.881 ; accuracy: 0.998 ; precision: 0.923 ; recall: 0.950 ; loss: 0.069
2019-01-16 22:50:35,642:INFO: - Found new best DSC
2019-01-16 22:50:35,642:INFO: Epoch 21/45
2019-01-16 22:50:46,426:INFO: - Train metrics: dsc: 0.939 ; iou: 0.902 ; accuracy: 0.999 ; precision: 0.956 ; recall: 0.943 ; loss: 0.059
2019-01-16 22:50:47,532:INFO: - Eval metrics : dsc: 0.929 ; iou: 0.883 ; accuracy: 0.998 ; precision: 0.940 ; recall: 0.937 ; loss: 0.069
2019-01-16 22:50:47,549:INFO: Epoch 22/45
2019-01-16 22:50:58,486:INFO: - Train metrics: dsc: 0.941 ; iou: 0.903 ; accuracy: 0.999 ; precision: 0.951 ; recall: 0.946 ; loss: 0.058
2019-01-16 22:50:59,588:INFO: - Eval metrics : dsc: 0.923 ; iou: 0.872 ; accuracy: 0.998 ; precision: 0.936 ; recall: 0.925 ; loss: 0.076
2019-01-16 22:50:59,609:INFO: Epoch 23/45
2019-01-16 22:51:10,494:INFO: - Train metrics: dsc: 0.941 ; iou: 0.903 ; accuracy: 0.999 ; precision: 0.952 ; recall: 0.947 ; loss: 0.058
2019-01-16 22:51:11,588:INFO: - Eval metrics : dsc: 0.928 ; iou: 0.880 ; accuracy: 0.998 ; precision: 0.938 ; recall: 0.937 ; loss: 0.070
2019-01-16 22:51:11,603:INFO: Epoch 24/45
2019-01-16 22:51:22,478:INFO: - Train metrics: dsc: 0.945 ; iou: 0.909 ; accuracy: 0.999 ; precision: 0.955 ; recall: 0.951 ; loss: 0.054
2019-01-16 22:51:23,570:INFO: - Eval metrics : dsc: 0.928 ; iou: 0.881 ; accuracy: 0.998 ; precision: 0.928 ; recall: 0.943 ; loss: 0.070
2019-01-16 22:51:23,583:INFO: Epoch 25/45
2019-01-16 22:51:34,435:INFO: - Train metrics: dsc: 0.944 ; iou: 0.909 ; accuracy: 0.999 ; precision: 0.957 ; recall: 0.949 ; loss: 0.055
2019-01-16 22:51:35,520:INFO: - Eval metrics : dsc: 0.928 ; iou: 0.881 ; accuracy: 0.998 ; precision: 0.949 ; recall: 0.925 ; loss: 0.070
2019-01-16 22:51:35,538:INFO: Epoch 26/45
2019-01-16 22:51:46,420:INFO: - Train metrics: dsc: 0.944 ; iou: 0.908 ; accuracy: 0.999 ; precision: 0.955 ; recall: 0.950 ; loss: 0.055
2019-01-16 22:51:47,517:INFO: - Eval metrics : dsc: 0.930 ; iou: 0.883 ; accuracy: 0.998 ; precision: 0.950 ; recall: 0.927 ; loss: 0.068
2019-01-16 22:51:47,533:INFO: - Found new best DSC
2019-01-16 22:51:47,533:INFO: Epoch 27/45
2019-01-16 22:51:58,407:INFO: - Train metrics: dsc: 0.947 ; iou: 0.913 ; accuracy: 0.999 ; precision: 0.958 ; recall: 0.952 ; loss: 0.052
2019-01-16 22:51:59,527:INFO: - Eval metrics : dsc: 0.929 ; iou: 0.883 ; accuracy: 0.998 ; precision: 0.940 ; recall: 0.937 ; loss: 0.069
2019-01-16 22:51:59,546:INFO: Epoch 28/45
2019-01-16 22:52:10,538:INFO: - Train metrics: dsc: 0.948 ; iou: 0.914 ; accuracy: 0.999 ; precision: 0.959 ; recall: 0.951 ; loss: 0.051
2019-01-16 22:52:11,664:INFO: - Eval metrics : dsc: 0.930 ; iou: 0.884 ; accuracy: 0.998 ; precision: 0.940 ; recall: 0.938 ; loss: 0.068
2019-01-16 22:52:11,686:INFO: - Found new best DSC
2019-01-16 22:52:11,686:INFO: Epoch 29/45
2019-01-16 22:52:22,588:INFO: - Train metrics: dsc: 0.945 ; iou: 0.911 ; accuracy: 0.999 ; precision: 0.957 ; recall: 0.949 ; loss: 0.054
2019-01-16 22:52:23,713:INFO: - Eval metrics : dsc: 0.924 ; iou: 0.877 ; accuracy: 0.998 ; precision: 0.946 ; recall: 0.925 ; loss: 0.074
2019-01-16 22:52:23,727:INFO: Epoch 30/45
2019-01-16 22:52:34,638:INFO: - Train metrics: dsc: 0.944 ; iou: 0.908 ; accuracy: 0.999 ; precision: 0.956 ; recall: 0.950 ; loss: 0.055
2019-01-16 22:52:35,739:INFO: - Eval metrics : dsc: 0.927 ; iou: 0.879 ; accuracy: 0.998 ; precision: 0.935 ; recall: 0.937 ; loss: 0.071
2019-01-16 22:52:35,757:INFO: Epoch 31/45
2019-01-16 22:52:46,785:INFO: - Train metrics: dsc: 0.947 ; iou: 0.912 ; accuracy: 0.999 ; precision: 0.958 ; recall: 0.951 ; loss: 0.052
2019-01-16 22:52:47,913:INFO: - Eval metrics : dsc: 0.928 ; iou: 0.881 ; accuracy: 0.998 ; precision: 0.940 ; recall: 0.936 ; loss: 0.070
2019-01-16 22:52:47,928:INFO: Epoch 32/45
2019-01-16 22:52:58,812:INFO: - Train metrics: dsc: 0.949 ; iou: 0.915 ; accuracy: 0.999 ; precision: 0.959 ; recall: 0.953 ; loss: 0.050
2019-01-16 22:52:59,906:INFO: - Eval metrics : dsc: 0.930 ; iou: 0.884 ; accuracy: 0.998 ; precision: 0.941 ; recall: 0.938 ; loss: 0.068
2019-01-16 22:52:59,927:INFO: Epoch 33/45
2019-01-16 22:53:10,798:INFO: - Train metrics: dsc: 0.949 ; iou: 0.916 ; accuracy: 0.999 ; precision: 0.960 ; recall: 0.954 ; loss: 0.050
2019-01-16 22:53:11,900:INFO: - Eval metrics : dsc: 0.931 ; iou: 0.885 ; accuracy: 0.998 ; precision: 0.941 ; recall: 0.939 ; loss: 0.067
2019-01-16 22:53:11,917:INFO: - Found new best DSC
2019-01-16 22:53:11,917:INFO: Epoch 34/45
2019-01-16 22:53:22,841:INFO: - Train metrics: dsc: 0.950 ; iou: 0.918 ; accuracy: 0.999 ; precision: 0.961 ; recall: 0.954 ; loss: 0.049
2019-01-16 22:53:23,948:INFO: - Eval metrics : dsc: 0.930 ; iou: 0.885 ; accuracy: 0.998 ; precision: 0.937 ; recall: 0.942 ; loss: 0.068
2019-01-16 22:53:23,967:INFO: Epoch 35/45
2019-01-16 22:53:34,840:INFO: - Train metrics: dsc: 0.950 ; iou: 0.918 ; accuracy: 0.999 ; precision: 0.962 ; recall: 0.954 ; loss: 0.048
2019-01-16 22:53:35,940:INFO: - Eval metrics : dsc: 0.929 ; iou: 0.882 ; accuracy: 0.998 ; precision: 0.941 ; recall: 0.936 ; loss: 0.070
2019-01-16 22:53:35,964:INFO: Epoch 36/45
2019-01-16 22:53:46,944:INFO: - Train metrics: dsc: 0.948 ; iou: 0.915 ; accuracy: 0.999 ; precision: 0.959 ; recall: 0.952 ; loss: 0.051
2019-01-16 22:53:48,033:INFO: - Eval metrics : dsc: 0.928 ; iou: 0.881 ; accuracy: 0.998 ; precision: 0.927 ; recall: 0.946 ; loss: 0.070
2019-01-16 22:53:48,051:INFO: Epoch 37/45
2019-01-16 22:53:58,916:INFO: - Train metrics: dsc: 0.950 ; iou: 0.918 ; accuracy: 0.999 ; precision: 0.960 ; recall: 0.955 ; loss: 0.049
2019-01-16 22:54:00,071:INFO: - Eval metrics : dsc: 0.930 ; iou: 0.884 ; accuracy: 0.998 ; precision: 0.940 ; recall: 0.935 ; loss: 0.068
2019-01-16 22:54:00,090:INFO: Epoch 38/45
2019-01-16 22:54:10,988:INFO: - Train metrics: dsc: 0.951 ; iou: 0.919 ; accuracy: 0.999 ; precision: 0.962 ; recall: 0.955 ; loss: 0.048
2019-01-16 22:54:12,120:INFO: - Eval metrics : dsc: 0.931 ; iou: 0.885 ; accuracy: 0.998 ; precision: 0.932 ; recall: 0.945 ; loss: 0.067
2019-01-16 22:54:12,136:INFO: - Found new best DSC
2019-01-16 22:54:12,136:INFO: Epoch 39/45
2019-01-16 22:54:23,044:INFO: - Train metrics: dsc: 0.952 ; iou: 0.921 ; accuracy: 0.999 ; precision: 0.962 ; recall: 0.956 ; loss: 0.047
2019-01-16 22:54:24,191:INFO: - Eval metrics : dsc: 0.930 ; iou: 0.885 ; accuracy: 0.998 ; precision: 0.942 ; recall: 0.937 ; loss: 0.068
2019-01-16 22:54:24,207:INFO: Epoch 40/45
2019-01-16 22:54:35,140:INFO: - Train metrics: dsc: 0.952 ; iou: 0.921 ; accuracy: 0.999 ; precision: 0.964 ; recall: 0.955 ; loss: 0.047
2019-01-16 22:54:36,240:INFO: - Eval metrics : dsc: 0.926 ; iou: 0.877 ; accuracy: 0.998 ; precision: 0.923 ; recall: 0.947 ; loss: 0.072
2019-01-16 22:54:36,270:INFO: Epoch 41/45
2019-01-16 22:54:47,156:INFO: - Train metrics: dsc: 0.952 ; iou: 0.921 ; accuracy: 0.999 ; precision: 0.963 ; recall: 0.955 ; loss: 0.047
2019-01-16 22:54:48,246:INFO: - Eval metrics : dsc: 0.925 ; iou: 0.876 ; accuracy: 0.998 ; precision: 0.914 ; recall: 0.957 ; loss: 0.073
2019-01-16 22:54:48,260:INFO: Epoch 42/45
2019-01-16 22:54:59,231:INFO: - Train metrics: dsc: 0.952 ; iou: 0.920 ; accuracy: 0.999 ; precision: 0.962 ; recall: 0.955 ; loss: 0.047
2019-01-16 22:55:00,365:INFO: - Eval metrics : dsc: 0.925 ; iou: 0.876 ; accuracy: 0.998 ; precision: 0.920 ; recall: 0.946 ; loss: 0.073
2019-01-16 22:55:00,385:INFO: Epoch 43/45
2019-01-16 22:55:11,268:INFO: - Train metrics: dsc: 0.951 ; iou: 0.920 ; accuracy: 0.999 ; precision: 0.963 ; recall: 0.954 ; loss: 0.048
2019-01-16 22:55:12,385:INFO: - Eval metrics : dsc: 0.930 ; iou: 0.884 ; accuracy: 0.998 ; precision: 0.944 ; recall: 0.935 ; loss: 0.068
2019-01-16 22:55:12,405:INFO: Epoch 44/45
2019-01-16 22:55:23,355:INFO: - Train metrics: dsc: 0.952 ; iou: 0.922 ; accuracy: 0.999 ; precision: 0.964 ; recall: 0.955 ; loss: 0.046
2019-01-16 22:55:24,495:INFO: - Eval metrics : dsc: 0.929 ; iou: 0.883 ; accuracy: 0.998 ; precision: 0.932 ; recall: 0.945 ; loss: 0.069
2019-01-16 22:55:24,510:INFO: Epoch 45/45
2019-01-16 22:55:35,333:INFO: - Train metrics: dsc: 0.953 ; iou: 0.924 ; accuracy: 0.999 ; precision: 0.965 ; recall: 0.956 ; loss: 0.045
2019-01-16 22:55:36,425:INFO: - Eval metrics : dsc: 0.930 ; iou: 0.884 ; accuracy: 0.998 ; precision: 0.945 ; recall: 0.933 ; loss: 0.068
2019-01-16 22:55:36,482:INFO: Loading the datasets...
2019-01-16 22:55:41,803:INFO: - done.
2019-01-16 22:55:41,803:INFO: For k-fold 5/5:
2019-01-16 22:55:41,803:INFO: Starting training for 45 epoch(s)
2019-01-16 22:55:41,803:INFO: Restoring parameters from experiments/EPI/model_ModelA_transfer/data_augmentation/data_rot/batch_size_3/learning_rate_5e-05/ENDO-modelA_random-data_rot-batch_size_3-learning_rate_1e-04-best.pth.tar
2019-01-16 22:55:41,827:INFO: Epoch 1/45
2019-01-16 22:55:52,601:INFO: - Train metrics: dsc: 0.872 ; iou: 0.800 ; accuracy: 0.997 ; precision: 0.921 ; recall: 0.866 ; loss: 0.128
2019-01-16 22:55:53,700:INFO: - Eval metrics : dsc: 0.892 ; iou: 0.837 ; accuracy: 0.998 ; precision: 0.944 ; recall: 0.887 ; loss: 0.108
2019-01-16 22:55:53,716:INFO: - Found new best DSC
2019-01-16 22:55:53,716:INFO: Epoch 2/45
2019-01-16 22:56:04,496:INFO: - Train metrics: dsc: 0.909 ; iou: 0.854 ; accuracy: 0.998 ; precision: 0.932 ; recall: 0.915 ; loss: 0.091
2019-01-16 22:56:05,596:INFO: - Eval metrics : dsc: 0.899 ; iou: 0.846 ; accuracy: 0.998 ; precision: 0.918 ; recall: 0.909 ; loss: 0.101
2019-01-16 22:56:05,611:INFO: - Found new best DSC
2019-01-16 22:56:05,612:INFO: Epoch 3/45
2019-01-16 22:56:16,477:INFO: - Train metrics: dsc: 0.916 ; iou: 0.864 ; accuracy: 0.998 ; precision: 0.937 ; recall: 0.921 ; loss: 0.084
2019-01-16 22:56:17,529:INFO: - Eval metrics : dsc: 0.899 ; iou: 0.849 ; accuracy: 0.998 ; precision: 0.937 ; recall: 0.897 ; loss: 0.101
2019-01-16 22:56:17,550:INFO: - Found new best DSC
2019-01-16 22:56:17,550:INFO: Epoch 4/45
2019-01-16 22:56:28,440:INFO: - Train metrics: dsc: 0.917 ; iou: 0.866 ; accuracy: 0.998 ; precision: 0.933 ; recall: 0.924 ; loss: 0.082
2019-01-16 22:56:29,524:INFO: - Eval metrics : dsc: 0.899 ; iou: 0.850 ; accuracy: 0.998 ; precision: 0.947 ; recall: 0.897 ; loss: 0.100
2019-01-16 22:56:29,538:INFO: Epoch 5/45
2019-01-16 22:56:40,388:INFO: - Train metrics: dsc: 0.923 ; iou: 0.875 ; accuracy: 0.998 ; precision: 0.940 ; recall: 0.928 ; loss: 0.076
2019-01-16 22:56:41,473:INFO: - Eval metrics : dsc: 0.902 ; iou: 0.855 ; accuracy: 0.998 ; precision: 0.949 ; recall: 0.902 ; loss: 0.097
2019-01-16 22:56:41,498:INFO: - Found new best DSC
2019-01-16 22:56:41,498:INFO: Epoch 6/45
2019-01-16 22:56:52,331:INFO: - Train metrics: dsc: 0.923 ; iou: 0.877 ; accuracy: 0.998 ; precision: 0.941 ; recall: 0.928 ; loss: 0.075
2019-01-16 22:56:53,425:INFO: - Eval metrics : dsc: 0.907 ; iou: 0.861 ; accuracy: 0.998 ; precision: 0.948 ; recall: 0.908 ; loss: 0.092
2019-01-16 22:56:53,442:INFO: - Found new best DSC
2019-01-16 22:56:53,442:INFO: Epoch 7/45
2019-01-16 22:57:04,371:INFO: - Train metrics: dsc: 0.926 ; iou: 0.881 ; accuracy: 0.998 ; precision: 0.944 ; recall: 0.933 ; loss: 0.073
2019-01-16 22:57:05,474:INFO: - Eval metrics : dsc: 0.905 ; iou: 0.859 ; accuracy: 0.998 ; precision: 0.957 ; recall: 0.898 ; loss: 0.093
2019-01-16 22:57:05,498:INFO: Epoch 8/45
2019-01-16 22:57:16,446:INFO: - Train metrics: dsc: 0.929 ; iou: 0.885 ; accuracy: 0.998 ; precision: 0.945 ; recall: 0.934 ; loss: 0.070
2019-01-16 22:57:17,579:INFO: - Eval metrics : dsc: 0.906 ; iou: 0.861 ; accuracy: 0.998 ; precision: 0.950 ; recall: 0.906 ; loss: 0.093
2019-01-16 22:57:17,594:INFO: Epoch 9/45
2019-01-16 22:57:28,527:INFO: - Train metrics: dsc: 0.930 ; iou: 0.887 ; accuracy: 0.998 ; precision: 0.945 ; recall: 0.936 ; loss: 0.069
2019-01-16 22:57:29,619:INFO: - Eval metrics : dsc: 0.913 ; iou: 0.867 ; accuracy: 0.998 ; precision: 0.940 ; recall: 0.923 ; loss: 0.086
2019-01-16 22:57:29,641:INFO: - Found new best DSC
2019-01-16 22:57:29,641:INFO: Epoch 10/45
2019-01-16 22:57:40,555:INFO: - Train metrics: dsc: 0.931 ; iou: 0.890 ; accuracy: 0.998 ; precision: 0.947 ; recall: 0.938 ; loss: 0.068
2019-01-16 22:57:41,656:INFO: - Eval metrics : dsc: 0.911 ; iou: 0.868 ; accuracy: 0.998 ; precision: 0.947 ; recall: 0.917 ; loss: 0.088
2019-01-16 22:57:41,675:INFO: Epoch 11/45
2019-01-16 22:57:52,545:INFO: - Train metrics: dsc: 0.931 ; iou: 0.889 ; accuracy: 0.998 ; precision: 0.946 ; recall: 0.936 ; loss: 0.068
2019-01-16 22:57:53,633:INFO: - Eval metrics : dsc: 0.913 ; iou: 0.868 ; accuracy: 0.998 ; precision: 0.942 ; recall: 0.922 ; loss: 0.086
2019-01-16 22:57:53,648:INFO: Epoch 12/45
2019-01-16 22:58:04,491:INFO: - Train metrics: dsc: 0.933 ; iou: 0.893 ; accuracy: 0.998 ; precision: 0.949 ; recall: 0.940 ; loss: 0.066
2019-01-16 22:58:05,592:INFO: - Eval metrics : dsc: 0.910 ; iou: 0.868 ; accuracy: 0.998 ; precision: 0.950 ; recall: 0.914 ; loss: 0.089
2019-01-16 22:58:05,604:INFO: Epoch 13/45
2019-01-16 22:58:16,483:INFO: - Train metrics: dsc: 0.935 ; iou: 0.896 ; accuracy: 0.998 ; precision: 0.953 ; recall: 0.939 ; loss: 0.064
2019-01-16 22:58:17,602:INFO: - Eval metrics : dsc: 0.910 ; iou: 0.868 ; accuracy: 0.998 ; precision: 0.954 ; recall: 0.911 ; loss: 0.089
2019-01-16 22:58:17,616:INFO: Epoch 14/45
2019-01-16 22:58:28,487:INFO: - Train metrics: dsc: 0.932 ; iou: 0.890 ; accuracy: 0.998 ; precision: 0.947 ; recall: 0.937 ; loss: 0.067
2019-01-16 22:58:29,609:INFO: - Eval metrics : dsc: 0.908 ; iou: 0.865 ; accuracy: 0.998 ; precision: 0.950 ; recall: 0.911 ; loss: 0.091
2019-01-16 22:58:29,622:INFO: Epoch 15/45
2019-01-16 22:58:40,577:INFO: - Train metrics: dsc: 0.935 ; iou: 0.894 ; accuracy: 0.998 ; precision: 0.948 ; recall: 0.940 ; loss: 0.064
2019-01-16 22:58:41,692:INFO: - Eval metrics : dsc: 0.919 ; iou: 0.875 ; accuracy: 0.998 ; precision: 0.950 ; recall: 0.921 ; loss: 0.080
2019-01-16 22:58:41,708:INFO: - Found new best DSC
2019-01-16 22:58:41,708:INFO: Epoch 16/45
2019-01-16 22:58:52,619:INFO: - Train metrics: dsc: 0.939 ; iou: 0.900 ; accuracy: 0.999 ; precision: 0.951 ; recall: 0.944 ; loss: 0.060
2019-01-16 22:58:53,725:INFO: - Eval metrics : dsc: 0.916 ; iou: 0.872 ; accuracy: 0.998 ; precision: 0.958 ; recall: 0.911 ; loss: 0.083
2019-01-16 22:58:53,744:INFO: Epoch 17/45
2019-01-16 22:59:04,658:INFO: - Train metrics: dsc: 0.940 ; iou: 0.902 ; accuracy: 0.999 ; precision: 0.953 ; recall: 0.944 ; loss: 0.059
2019-01-16 22:59:05,738:INFO: - Eval metrics : dsc: 0.919 ; iou: 0.874 ; accuracy: 0.998 ; precision: 0.961 ; recall: 0.909 ; loss: 0.081
2019-01-16 22:59:05,757:INFO: - Found new best DSC
2019-01-16 22:59:05,757:INFO: Epoch 18/45
2019-01-16 22:59:16,692:INFO: - Train metrics: dsc: 0.940 ; iou: 0.901 ; accuracy: 0.999 ; precision: 0.948 ; recall: 0.944 ; loss: 0.059
2019-01-16 22:59:17,791:INFO: - Eval metrics : dsc: 0.919 ; iou: 0.875 ; accuracy: 0.998 ; precision: 0.951 ; recall: 0.920 ; loss: 0.081
2019-01-16 22:59:17,810:INFO: Epoch 19/45
2019-01-16 22:59:28,727:INFO: - Train metrics: dsc: 0.939 ; iou: 0.899 ; accuracy: 0.998 ; precision: 0.946 ; recall: 0.943 ; loss: 0.060
2019-01-16 22:59:29,823:INFO: - Eval metrics : dsc: 0.916 ; iou: 0.872 ; accuracy: 0.998 ; precision: 0.954 ; recall: 0.914 ; loss: 0.083
2019-01-16 22:59:29,841:INFO: Epoch 20/45
2019-01-16 22:59:40,721:INFO: - Train metrics: dsc: 0.938 ; iou: 0.898 ; accuracy: 0.998 ; precision: 0.946 ; recall: 0.946 ; loss: 0.061
2019-01-16 22:59:41,894:INFO: - Eval metrics : dsc: 0.917 ; iou: 0.874 ; accuracy: 0.998 ; precision: 0.952 ; recall: 0.918 ; loss: 0.082
2019-01-16 22:59:41,913:INFO: Epoch 21/45
2019-01-16 22:59:52,826:INFO: - Train metrics: dsc: 0.942 ; iou: 0.904 ; accuracy: 0.999 ; precision: 0.951 ; recall: 0.947 ; loss: 0.057
2019-01-16 22:59:53,920:INFO: - Eval metrics : dsc: 0.920 ; iou: 0.879 ; accuracy: 0.998 ; precision: 0.947 ; recall: 0.928 ; loss: 0.079
2019-01-16 22:59:53,948:INFO: - Found new best DSC
2019-01-16 22:59:53,948:INFO: Epoch 22/45
2019-01-16 23:00:04,834:INFO: - Train metrics: dsc: 0.943 ; iou: 0.907 ; accuracy: 0.999 ; precision: 0.953 ; recall: 0.949 ; loss: 0.055
2019-01-16 23:00:05,916:INFO: - Eval metrics : dsc: 0.919 ; iou: 0.877 ; accuracy: 0.999 ; precision: 0.953 ; recall: 0.921 ; loss: 0.080
2019-01-16 23:00:05,928:INFO: Epoch 23/45
2019-01-16 23:00:16,850:INFO: - Train metrics: dsc: 0.944 ; iou: 0.908 ; accuracy: 0.999 ; precision: 0.953 ; recall: 0.950 ; loss: 0.055
2019-01-16 23:00:18,000:INFO: - Eval metrics : dsc: 0.921 ; iou: 0.879 ; accuracy: 0.998 ; precision: 0.952 ; recall: 0.923 ; loss: 0.078
2019-01-16 23:00:18,016:INFO: - Found new best DSC
2019-01-16 23:00:18,016:INFO: Epoch 24/45
2019-01-16 23:00:28,920:INFO: - Train metrics: dsc: 0.944 ; iou: 0.908 ; accuracy: 0.999 ; precision: 0.954 ; recall: 0.950 ; loss: 0.055
2019-01-16 23:00:30,031:INFO: - Eval metrics : dsc: 0.922 ; iou: 0.880 ; accuracy: 0.998 ; precision: 0.950 ; recall: 0.927 ; loss: 0.077
2019-01-16 23:00:30,055:INFO: - Found new best DSC
2019-01-16 23:00:30,055:INFO: Epoch 25/45
2019-01-16 23:00:40,977:INFO: - Train metrics: dsc: 0.944 ; iou: 0.908 ; accuracy: 0.999 ; precision: 0.953 ; recall: 0.950 ; loss: 0.054
2019-01-16 23:00:42,083:INFO: - Eval metrics : dsc: 0.913 ; iou: 0.871 ; accuracy: 0.998 ; precision: 0.959 ; recall: 0.909 ; loss: 0.086
2019-01-16 23:00:42,106:INFO: Epoch 26/45
2019-01-16 23:00:52,993:INFO: - Train metrics: dsc: 0.944 ; iou: 0.910 ; accuracy: 0.999 ; precision: 0.954 ; recall: 0.950 ; loss: 0.054
2019-01-16 23:00:54,082:INFO: - Eval metrics : dsc: 0.920 ; iou: 0.877 ; accuracy: 0.998 ; precision: 0.953 ; recall: 0.920 ; loss: 0.079
2019-01-16 23:00:54,101:INFO: Epoch 27/45
2019-01-16 23:01:04,985:INFO: - Train metrics: dsc: 0.945 ; iou: 0.911 ; accuracy: 0.999 ; precision: 0.955 ; recall: 0.951 ; loss: 0.053
2019-01-16 23:01:06,073:INFO: - Eval metrics : dsc: 0.919 ; iou: 0.876 ; accuracy: 0.998 ; precision: 0.956 ; recall: 0.916 ; loss: 0.080
2019-01-16 23:01:06,084:INFO: Epoch 28/45
2019-01-16 23:01:16,936:INFO: - Train metrics: dsc: 0.945 ; iou: 0.911 ; accuracy: 0.999 ; precision: 0.955 ; recall: 0.951 ; loss: 0.053
2019-01-16 23:01:18,024:INFO: - Eval metrics : dsc: 0.921 ; iou: 0.879 ; accuracy: 0.999 ; precision: 0.949 ; recall: 0.927 ; loss: 0.078
2019-01-16 23:01:18,044:INFO: Epoch 29/45
2019-01-16 23:01:28,886:INFO: - Train metrics: dsc: 0.946 ; iou: 0.912 ; accuracy: 0.999 ; precision: 0.957 ; recall: 0.950 ; loss: 0.053
2019-01-16 23:01:30,010:INFO: - Eval metrics : dsc: 0.919 ; iou: 0.877 ; accuracy: 0.998 ; precision: 0.937 ; recall: 0.936 ; loss: 0.080
2019-01-16 23:01:30,027:INFO: Epoch 30/45
2019-01-16 23:01:40,873:INFO: - Train metrics: dsc: 0.946 ; iou: 0.913 ; accuracy: 0.999 ; precision: 0.957 ; recall: 0.951 ; loss: 0.052
2019-01-16 23:01:41,965:INFO: - Eval metrics : dsc: 0.920 ; iou: 0.878 ; accuracy: 0.999 ; precision: 0.955 ; recall: 0.920 ; loss: 0.079
2019-01-16 23:01:41,983:INFO: Epoch 31/45
2019-01-16 23:01:52,910:INFO: - Train metrics: dsc: 0.947 ; iou: 0.913 ; accuracy: 0.999 ; precision: 0.958 ; recall: 0.950 ; loss: 0.052
2019-01-16 23:01:54,033:INFO: - Eval metrics : dsc: 0.919 ; iou: 0.876 ; accuracy: 0.998 ; precision: 0.956 ; recall: 0.917 ; loss: 0.080
2019-01-16 23:01:54,047:INFO: Epoch 32/45
2019-01-16 23:02:04,957:INFO: - Train metrics: dsc: 0.946 ; iou: 0.913 ; accuracy: 0.999 ; precision: 0.954 ; recall: 0.952 ; loss: 0.052
2019-01-16 23:02:06,069:INFO: - Eval metrics : dsc: 0.919 ; iou: 0.878 ; accuracy: 0.998 ; precision: 0.943 ; recall: 0.931 ; loss: 0.080
2019-01-16 23:02:06,080:INFO: Epoch 33/45
2019-01-16 23:02:16,974:INFO: - Train metrics: dsc: 0.943 ; iou: 0.908 ; accuracy: 0.999 ; precision: 0.953 ; recall: 0.950 ; loss: 0.055
2019-01-16 23:02:18,065:INFO: - Eval metrics : dsc: 0.913 ; iou: 0.872 ; accuracy: 0.998 ; precision: 0.947 ; recall: 0.917 ; loss: 0.086
2019-01-16 23:02:18,082:INFO: Epoch 34/45
2019-01-16 23:02:28,977:INFO: - Train metrics: dsc: 0.947 ; iou: 0.915 ; accuracy: 0.999 ; precision: 0.958 ; recall: 0.952 ; loss: 0.051
2019-01-16 23:02:30,068:INFO: - Eval metrics : dsc: 0.916 ; iou: 0.875 ; accuracy: 0.998 ; precision: 0.945 ; recall: 0.927 ; loss: 0.083
2019-01-16 23:02:30,083:INFO: Epoch 35/45
2019-01-16 23:02:41,019:INFO: - Train metrics: dsc: 0.949 ; iou: 0.917 ; accuracy: 0.999 ; precision: 0.958 ; recall: 0.955 ; loss: 0.050
2019-01-16 23:02:42,157:INFO: - Eval metrics : dsc: 0.917 ; iou: 0.876 ; accuracy: 0.998 ; precision: 0.957 ; recall: 0.916 ; loss: 0.081
2019-01-16 23:02:42,173:INFO: Epoch 36/45
2019-01-16 23:02:53,062:INFO: - Train metrics: dsc: 0.948 ; iou: 0.916 ; accuracy: 0.999 ; precision: 0.959 ; recall: 0.953 ; loss: 0.051
2019-01-16 23:02:54,210:INFO: - Eval metrics : dsc: 0.919 ; iou: 0.877 ; accuracy: 0.998 ; precision: 0.944 ; recall: 0.930 ; loss: 0.080
2019-01-16 23:02:54,230:INFO: Epoch 37/45
2019-01-16 23:03:05,127:INFO: - Train metrics: dsc: 0.948 ; iou: 0.916 ; accuracy: 0.999 ; precision: 0.956 ; recall: 0.955 ; loss: 0.050
2019-01-16 23:03:06,223:INFO: - Eval metrics : dsc: 0.918 ; iou: 0.872 ; accuracy: 0.998 ; precision: 0.951 ; recall: 0.911 ; loss: 0.081
2019-01-16 23:03:06,243:INFO: Epoch 38/45
2019-01-16 23:03:17,150:INFO: - Train metrics: dsc: 0.947 ; iou: 0.915 ; accuracy: 0.999 ; precision: 0.954 ; recall: 0.954 ; loss: 0.051
2019-01-16 23:03:18,258:INFO: - Eval metrics : dsc: 0.922 ; iou: 0.880 ; accuracy: 0.999 ; precision: 0.943 ; recall: 0.934 ; loss: 0.077
2019-01-16 23:03:18,277:INFO: - Found new best DSC
2019-01-16 23:03:18,278:INFO: Epoch 39/45
2019-01-16 23:03:29,233:INFO: - Train metrics: dsc: 0.950 ; iou: 0.919 ; accuracy: 0.999 ; precision: 0.959 ; recall: 0.956 ; loss: 0.049
2019-01-16 23:03:30,340:INFO: - Eval metrics : dsc: 0.921 ; iou: 0.878 ; accuracy: 0.998 ; precision: 0.952 ; recall: 0.923 ; loss: 0.078
2019-01-16 23:03:30,360:INFO: Epoch 40/45
2019-01-16 23:03:41,222:INFO: - Train metrics: dsc: 0.951 ; iou: 0.921 ; accuracy: 0.999 ; precision: 0.961 ; recall: 0.957 ; loss: 0.047
2019-01-16 23:03:42,302:INFO: - Eval metrics : dsc: 0.921 ; iou: 0.879 ; accuracy: 0.999 ; precision: 0.950 ; recall: 0.926 ; loss: 0.078
2019-01-16 23:03:42,323:INFO: Epoch 41/45
2019-01-16 23:03:53,258:INFO: - Train metrics: dsc: 0.949 ; iou: 0.917 ; accuracy: 0.999 ; precision: 0.958 ; recall: 0.955 ; loss: 0.049
2019-01-16 23:03:54,392:INFO: - Eval metrics : dsc: 0.920 ; iou: 0.874 ; accuracy: 0.998 ; precision: 0.926 ; recall: 0.931 ; loss: 0.079
2019-01-16 23:03:54,408:INFO: Epoch 42/45
2019-01-16 23:04:05,282:INFO: - Train metrics: dsc: 0.949 ; iou: 0.915 ; accuracy: 0.999 ; precision: 0.956 ; recall: 0.955 ; loss: 0.050
2019-01-16 23:04:06,363:INFO: - Eval metrics : dsc: 0.921 ; iou: 0.879 ; accuracy: 0.998 ; precision: 0.946 ; recall: 0.929 ; loss: 0.078
2019-01-16 23:04:06,380:INFO: Epoch 43/45
2019-01-16 23:04:17,311:INFO: - Train metrics: dsc: 0.954 ; iou: 0.923 ; accuracy: 0.999 ; precision: 0.962 ; recall: 0.959 ; loss: 0.045
2019-01-16 23:04:18,415:INFO: - Eval metrics : dsc: 0.920 ; iou: 0.877 ; accuracy: 0.998 ; precision: 0.957 ; recall: 0.917 ; loss: 0.079
2019-01-16 23:04:18,429:INFO: Epoch 44/45
2019-01-16 23:04:29,277:INFO: - Train metrics: dsc: 0.955 ; iou: 0.925 ; accuracy: 0.999 ; precision: 0.962 ; recall: 0.960 ; loss: 0.044
2019-01-16 23:04:30,363:INFO: - Eval metrics : dsc: 0.920 ; iou: 0.878 ; accuracy: 0.998 ; precision: 0.947 ; recall: 0.927 ; loss: 0.079
2019-01-16 23:04:30,377:INFO: Epoch 45/45
2019-01-16 23:04:41,228:INFO: - Train metrics: dsc: 0.955 ; iou: 0.925 ; accuracy: 0.999 ; precision: 0.963 ; recall: 0.959 ; loss: 0.043
2019-01-16 23:04:42,353:INFO: - Eval metrics : dsc: 0.919 ; iou: 0.876 ; accuracy: 0.998 ; precision: 0.958 ; recall: 0.915 ; loss: 0.080
