2019-01-11 01:07:03,869:INFO: Loading the datasets...
2019-01-11 01:07:08,291:INFO: - done.
2019-01-11 01:07:08,291:INFO: For k-fold 1/5:
2019-01-11 01:07:08,291:INFO: Starting training for 45 epoch(s)
2019-01-11 01:07:08,291:INFO: Epoch 1/45
2019-01-11 01:07:18,315:INFO: - Train metrics: dsc: 0.207 ; iou: 0.129 ; accuracy: 0.902 ; precision: 0.129 ; recall: 0.913 ; loss: 0.962
2019-01-11 01:07:19,385:INFO: - Eval metrics : dsc: 0.465 ; iou: 0.328 ; accuracy: 0.984 ; precision: 0.329 ; recall: 0.954 ; loss: 0.952
2019-01-11 01:07:19,430:INFO: - Found new best DSC
2019-01-11 01:07:19,430:INFO: Epoch 2/45
2019-01-11 01:07:29,466:INFO: - Train metrics: dsc: 0.556 ; iou: 0.413 ; accuracy: 0.989 ; precision: 0.415 ; recall: 0.972 ; loss: 0.946
2019-01-11 01:07:30,595:INFO: - Eval metrics : dsc: 0.656 ; iou: 0.524 ; accuracy: 0.994 ; precision: 0.534 ; recall: 0.962 ; loss: 0.942
2019-01-11 01:07:30,625:INFO: - Found new best DSC
2019-01-11 01:07:30,625:INFO: Epoch 3/45
2019-01-11 01:07:40,627:INFO: - Train metrics: dsc: 0.661 ; iou: 0.528 ; accuracy: 0.994 ; precision: 0.530 ; recall: 0.980 ; loss: 0.931
2019-01-11 01:07:41,716:INFO: - Eval metrics : dsc: 0.654 ; iou: 0.528 ; accuracy: 0.994 ; precision: 0.530 ; recall: 0.974 ; loss: 0.924
2019-01-11 01:07:41,752:INFO: Epoch 4/45
2019-01-11 01:07:51,844:INFO: - Train metrics: dsc: 0.662 ; iou: 0.534 ; accuracy: 0.993 ; precision: 0.540 ; recall: 0.969 ; loss: 0.907
2019-01-11 01:07:52,927:INFO: - Eval metrics : dsc: 0.514 ; iou: 0.396 ; accuracy: 0.978 ; precision: 0.407 ; recall: 0.958 ; loss: 0.852
2019-01-11 01:07:52,954:INFO: Epoch 5/45
2019-01-11 01:08:02,952:INFO: - Train metrics: dsc: 0.559 ; iou: 0.446 ; accuracy: 0.981 ; precision: 0.457 ; recall: 0.955 ; loss: 0.850
2019-01-11 01:08:04,033:INFO: - Eval metrics : dsc: 0.629 ; iou: 0.519 ; accuracy: 0.990 ; precision: 0.548 ; recall: 0.923 ; loss: 0.723
2019-01-11 01:08:04,061:INFO: Epoch 6/45
2019-01-11 01:08:14,223:INFO: - Train metrics: dsc: 0.627 ; iou: 0.521 ; accuracy: 0.987 ; precision: 0.542 ; recall: 0.945 ; loss: 0.761
2019-01-11 01:08:15,290:INFO: - Eval metrics : dsc: 0.693 ; iou: 0.579 ; accuracy: 0.995 ; precision: 0.612 ; recall: 0.900 ; loss: 0.910
2019-01-11 01:08:15,322:INFO: - Found new best DSC
2019-01-11 01:08:15,322:INFO: Epoch 7/45
2019-01-11 01:08:25,311:INFO: - Train metrics: dsc: 0.683 ; iou: 0.577 ; accuracy: 0.993 ; precision: 0.602 ; recall: 0.944 ; loss: 0.683
2019-01-11 01:08:26,429:INFO: - Eval metrics : dsc: 0.628 ; iou: 0.522 ; accuracy: 0.990 ; precision: 0.560 ; recall: 0.933 ; loss: 0.707
2019-01-11 01:08:26,455:INFO: Epoch 8/45
2019-01-11 01:08:36,471:INFO: - Train metrics: dsc: 0.722 ; iou: 0.623 ; accuracy: 0.994 ; precision: 0.654 ; recall: 0.940 ; loss: 0.635
2019-01-11 01:08:37,526:INFO: - Eval metrics : dsc: 0.700 ; iou: 0.598 ; accuracy: 0.995 ; precision: 0.642 ; recall: 0.930 ; loss: 0.669
2019-01-11 01:08:37,559:INFO: - Found new best DSC
2019-01-11 01:08:37,559:INFO: Epoch 9/45
2019-01-11 01:08:47,629:INFO: - Train metrics: dsc: 0.781 ; iou: 0.692 ; accuracy: 0.996 ; precision: 0.722 ; recall: 0.944 ; loss: 0.568
2019-01-11 01:08:48,751:INFO: - Eval metrics : dsc: 0.772 ; iou: 0.688 ; accuracy: 0.996 ; precision: 0.734 ; recall: 0.936 ; loss: 0.553
2019-01-11 01:08:48,792:INFO: - Found new best DSC
2019-01-11 01:08:48,792:INFO: Epoch 10/45
2019-01-11 01:08:58,846:INFO: - Train metrics: dsc: 0.849 ; iou: 0.776 ; accuracy: 0.998 ; precision: 0.823 ; recall: 0.935 ; loss: 0.447
2019-01-11 01:08:59,902:INFO: - Eval metrics : dsc: 0.857 ; iou: 0.791 ; accuracy: 0.999 ; precision: 0.852 ; recall: 0.929 ; loss: 0.414
2019-01-11 01:08:59,931:INFO: - Found new best DSC
2019-01-11 01:08:59,931:INFO: Epoch 11/45
2019-01-11 01:09:09,954:INFO: - Train metrics: dsc: 0.878 ; iou: 0.814 ; accuracy: 0.999 ; precision: 0.866 ; recall: 0.935 ; loss: 0.306
2019-01-11 01:09:11,139:INFO: - Eval metrics : dsc: 0.853 ; iou: 0.789 ; accuracy: 0.999 ; precision: 0.864 ; recall: 0.914 ; loss: 0.287
2019-01-11 01:09:11,166:INFO: Epoch 12/45
2019-01-11 01:09:21,310:INFO: - Train metrics: dsc: 0.865 ; iou: 0.800 ; accuracy: 0.999 ; precision: 0.869 ; recall: 0.917 ; loss: 0.246
2019-01-11 01:09:22,456:INFO: - Eval metrics : dsc: 0.863 ; iou: 0.800 ; accuracy: 0.999 ; precision: 0.905 ; recall: 0.884 ; loss: 0.250
2019-01-11 01:09:22,486:INFO: - Found new best DSC
2019-01-11 01:09:22,486:INFO: Epoch 13/45
2019-01-11 01:09:32,466:INFO: - Train metrics: dsc: 0.886 ; iou: 0.826 ; accuracy: 0.999 ; precision: 0.886 ; recall: 0.928 ; loss: 0.196
2019-01-11 01:09:33,525:INFO: - Eval metrics : dsc: 0.872 ; iou: 0.812 ; accuracy: 0.999 ; precision: 0.896 ; recall: 0.906 ; loss: 0.202
2019-01-11 01:09:33,549:INFO: - Found new best DSC
2019-01-11 01:09:33,549:INFO: Epoch 14/45
2019-01-11 01:09:43,806:INFO: - Train metrics: dsc: 0.899 ; iou: 0.842 ; accuracy: 0.999 ; precision: 0.899 ; recall: 0.933 ; loss: 0.168
2019-01-11 01:09:44,935:INFO: - Eval metrics : dsc: 0.868 ; iou: 0.810 ; accuracy: 0.999 ; precision: 0.884 ; recall: 0.916 ; loss: 0.183
2019-01-11 01:09:44,962:INFO: Epoch 15/45
2019-01-11 01:09:55,109:INFO: - Train metrics: dsc: 0.900 ; iou: 0.842 ; accuracy: 0.999 ; precision: 0.898 ; recall: 0.932 ; loss: 0.154
2019-01-11 01:09:56,234:INFO: - Eval metrics : dsc: 0.878 ; iou: 0.820 ; accuracy: 0.999 ; precision: 0.882 ; recall: 0.929 ; loss: 0.169
2019-01-11 01:09:56,270:INFO: - Found new best DSC
2019-01-11 01:09:56,270:INFO: Epoch 16/45
2019-01-11 01:10:06,400:INFO: - Train metrics: dsc: 0.905 ; iou: 0.847 ; accuracy: 0.999 ; precision: 0.900 ; recall: 0.935 ; loss: 0.144
2019-01-11 01:10:07,491:INFO: - Eval metrics : dsc: 0.869 ; iou: 0.806 ; accuracy: 0.999 ; precision: 0.913 ; recall: 0.882 ; loss: 0.165
2019-01-11 01:10:07,523:INFO: Epoch 17/45
2019-01-11 01:10:17,641:INFO: - Train metrics: dsc: 0.908 ; iou: 0.853 ; accuracy: 0.999 ; precision: 0.905 ; recall: 0.937 ; loss: 0.132
2019-01-11 01:10:18,774:INFO: - Eval metrics : dsc: 0.880 ; iou: 0.822 ; accuracy: 0.999 ; precision: 0.906 ; recall: 0.906 ; loss: 0.154
2019-01-11 01:10:18,805:INFO: - Found new best DSC
2019-01-11 01:10:18,805:INFO: Epoch 18/45
2019-01-11 01:10:28,834:INFO: - Train metrics: dsc: 0.911 ; iou: 0.856 ; accuracy: 0.999 ; precision: 0.909 ; recall: 0.939 ; loss: 0.125
2019-01-11 01:10:29,958:INFO: - Eval metrics : dsc: 0.875 ; iou: 0.817 ; accuracy: 0.999 ; precision: 0.918 ; recall: 0.890 ; loss: 0.154
2019-01-11 01:10:29,986:INFO: Epoch 19/45
2019-01-11 01:10:40,065:INFO: - Train metrics: dsc: 0.911 ; iou: 0.857 ; accuracy: 0.999 ; precision: 0.910 ; recall: 0.936 ; loss: 0.122
2019-01-11 01:10:41,162:INFO: - Eval metrics : dsc: 0.874 ; iou: 0.818 ; accuracy: 0.999 ; precision: 0.895 ; recall: 0.913 ; loss: 0.146
2019-01-11 01:10:41,188:INFO: Epoch 20/45
2019-01-11 01:10:51,365:INFO: - Train metrics: dsc: 0.915 ; iou: 0.861 ; accuracy: 0.999 ; precision: 0.915 ; recall: 0.936 ; loss: 0.118
2019-01-11 01:10:52,469:INFO: - Eval metrics : dsc: 0.863 ; iou: 0.803 ; accuracy: 0.999 ; precision: 0.897 ; recall: 0.897 ; loss: 0.155
2019-01-11 01:10:52,496:INFO: Epoch 21/45
2019-01-11 01:11:02,598:INFO: - Train metrics: dsc: 0.910 ; iou: 0.853 ; accuracy: 0.999 ; precision: 0.908 ; recall: 0.936 ; loss: 0.117
2019-01-11 01:11:03,706:INFO: - Eval metrics : dsc: 0.866 ; iou: 0.808 ; accuracy: 0.999 ; precision: 0.885 ; recall: 0.907 ; loss: 0.152
2019-01-11 01:11:03,735:INFO: Epoch 22/45
2019-01-11 01:11:13,941:INFO: - Train metrics: dsc: 0.906 ; iou: 0.852 ; accuracy: 0.999 ; precision: 0.912 ; recall: 0.930 ; loss: 0.116
2019-01-11 01:11:15,095:INFO: - Eval metrics : dsc: 0.870 ; iou: 0.808 ; accuracy: 0.999 ; precision: 0.865 ; recall: 0.932 ; loss: 0.151
2019-01-11 01:11:15,133:INFO: Epoch 23/45
2019-01-11 01:11:25,289:INFO: - Train metrics: dsc: 0.914 ; iou: 0.859 ; accuracy: 0.999 ; precision: 0.912 ; recall: 0.937 ; loss: 0.110
2019-01-11 01:11:26,377:INFO: - Eval metrics : dsc: 0.877 ; iou: 0.821 ; accuracy: 0.999 ; precision: 0.914 ; recall: 0.897 ; loss: 0.142
2019-01-11 01:11:26,404:INFO: Epoch 24/45
2019-01-11 01:11:36,600:INFO: - Train metrics: dsc: 0.919 ; iou: 0.867 ; accuracy: 0.999 ; precision: 0.923 ; recall: 0.936 ; loss: 0.105
2019-01-11 01:11:37,684:INFO: - Eval metrics : dsc: 0.875 ; iou: 0.818 ; accuracy: 0.999 ; precision: 0.903 ; recall: 0.904 ; loss: 0.141
2019-01-11 01:11:37,713:INFO: Epoch 25/45
2019-01-11 01:11:47,792:INFO: - Train metrics: dsc: 0.923 ; iou: 0.872 ; accuracy: 0.999 ; precision: 0.925 ; recall: 0.940 ; loss: 0.098
2019-01-11 01:11:48,909:INFO: - Eval metrics : dsc: 0.875 ; iou: 0.819 ; accuracy: 0.999 ; precision: 0.893 ; recall: 0.914 ; loss: 0.138
2019-01-11 01:11:48,938:INFO: Epoch 26/45
2019-01-11 01:11:58,941:INFO: - Train metrics: dsc: 0.916 ; iou: 0.864 ; accuracy: 0.999 ; precision: 0.921 ; recall: 0.935 ; loss: 0.102
2019-01-11 01:11:59,984:INFO: - Eval metrics : dsc: 0.871 ; iou: 0.814 ; accuracy: 0.999 ; precision: 0.909 ; recall: 0.892 ; loss: 0.142
2019-01-11 01:12:00,005:INFO: Epoch 27/45
2019-01-11 01:12:10,177:INFO: - Train metrics: dsc: 0.919 ; iou: 0.869 ; accuracy: 0.999 ; precision: 0.927 ; recall: 0.934 ; loss: 0.096
2019-01-11 01:12:11,247:INFO: - Eval metrics : dsc: 0.876 ; iou: 0.822 ; accuracy: 0.999 ; precision: 0.898 ; recall: 0.915 ; loss: 0.131
2019-01-11 01:12:11,274:INFO: Epoch 28/45
2019-01-11 01:12:21,404:INFO: - Train metrics: dsc: 0.921 ; iou: 0.871 ; accuracy: 0.999 ; precision: 0.925 ; recall: 0.937 ; loss: 0.092
2019-01-11 01:12:22,517:INFO: - Eval metrics : dsc: 0.850 ; iou: 0.786 ; accuracy: 0.999 ; precision: 0.896 ; recall: 0.866 ; loss: 0.157
2019-01-11 01:12:22,545:INFO: Epoch 29/45
2019-01-11 01:12:32,727:INFO: - Train metrics: dsc: 0.892 ; iou: 0.833 ; accuracy: 0.999 ; precision: 0.914 ; recall: 0.910 ; loss: 0.116
2019-01-11 01:12:33,864:INFO: - Eval metrics : dsc: 0.872 ; iou: 0.813 ; accuracy: 0.999 ; precision: 0.904 ; recall: 0.899 ; loss: 0.132
2019-01-11 01:12:33,890:INFO: Epoch 30/45
2019-01-11 01:12:43,937:INFO: - Train metrics: dsc: 0.866 ; iou: 0.802 ; accuracy: 0.999 ; precision: 0.904 ; recall: 0.879 ; loss: 0.142
2019-01-11 01:12:45,060:INFO: - Eval metrics : dsc: 0.863 ; iou: 0.799 ; accuracy: 0.999 ; precision: 0.893 ; recall: 0.893 ; loss: 0.140
2019-01-11 01:12:45,087:INFO: Epoch 31/45
2019-01-11 01:12:55,285:INFO: - Train metrics: dsc: 0.898 ; iou: 0.840 ; accuracy: 0.999 ; precision: 0.912 ; recall: 0.914 ; loss: 0.107
2019-01-11 01:12:56,340:INFO: - Eval metrics : dsc: 0.855 ; iou: 0.789 ; accuracy: 0.999 ; precision: 0.890 ; recall: 0.878 ; loss: 0.144
2019-01-11 01:12:56,370:INFO: Epoch 32/45
2019-01-11 01:13:06,497:INFO: - Train metrics: dsc: 0.896 ; iou: 0.835 ; accuracy: 0.999 ; precision: 0.915 ; recall: 0.911 ; loss: 0.104
2019-01-11 01:13:07,611:INFO: - Eval metrics : dsc: 0.854 ; iou: 0.793 ; accuracy: 0.999 ; precision: 0.855 ; recall: 0.917 ; loss: 0.146
2019-01-11 01:13:07,640:INFO: Epoch 33/45
2019-01-11 01:13:17,717:INFO: - Train metrics: dsc: 0.897 ; iou: 0.836 ; accuracy: 0.999 ; precision: 0.908 ; recall: 0.915 ; loss: 0.101
2019-01-11 01:13:18,815:INFO: - Eval metrics : dsc: 0.867 ; iou: 0.807 ; accuracy: 0.999 ; precision: 0.912 ; recall: 0.885 ; loss: 0.127
2019-01-11 01:13:18,843:INFO: Epoch 34/45
2019-01-11 01:13:28,833:INFO: - Train metrics: dsc: 0.905 ; iou: 0.847 ; accuracy: 0.999 ; precision: 0.914 ; recall: 0.922 ; loss: 0.089
2019-01-11 01:13:29,989:INFO: - Eval metrics : dsc: 0.879 ; iou: 0.822 ; accuracy: 0.999 ; precision: 0.899 ; recall: 0.914 ; loss: 0.117
2019-01-11 01:13:30,017:INFO: Epoch 35/45
2019-01-11 01:13:39,992:INFO: - Train metrics: dsc: 0.903 ; iou: 0.845 ; accuracy: 0.999 ; precision: 0.924 ; recall: 0.912 ; loss: 0.085
2019-01-11 01:13:41,129:INFO: - Eval metrics : dsc: 0.839 ; iou: 0.774 ; accuracy: 0.999 ; precision: 0.857 ; recall: 0.892 ; loss: 0.155
2019-01-11 01:13:41,159:INFO: Epoch 36/45
2019-01-11 01:13:51,316:INFO: - Train metrics: dsc: 0.901 ; iou: 0.841 ; accuracy: 0.999 ; precision: 0.913 ; recall: 0.917 ; loss: 0.084
2019-01-11 01:13:52,443:INFO: - Eval metrics : dsc: 0.879 ; iou: 0.818 ; accuracy: 0.999 ; precision: 0.916 ; recall: 0.893 ; loss: 0.110
2019-01-11 01:13:52,469:INFO: Epoch 37/45
2019-01-11 01:14:02,537:INFO: - Train metrics: dsc: 0.916 ; iou: 0.860 ; accuracy: 0.999 ; precision: 0.922 ; recall: 0.930 ; loss: 0.067
2019-01-11 01:14:03,595:INFO: - Eval metrics : dsc: 0.876 ; iou: 0.817 ; accuracy: 0.999 ; precision: 0.918 ; recall: 0.889 ; loss: 0.114
2019-01-11 01:14:03,641:INFO: Epoch 38/45
2019-01-11 01:14:13,748:INFO: - Train metrics: dsc: 0.918 ; iou: 0.866 ; accuracy: 0.999 ; precision: 0.927 ; recall: 0.930 ; loss: 0.060
2019-01-11 01:14:14,834:INFO: - Eval metrics : dsc: 0.878 ; iou: 0.822 ; accuracy: 0.999 ; precision: 0.895 ; recall: 0.918 ; loss: 0.108
2019-01-11 01:14:14,869:INFO: Epoch 39/45
2019-01-11 01:14:24,973:INFO: - Train metrics: dsc: 0.922 ; iou: 0.871 ; accuracy: 0.999 ; precision: 0.931 ; recall: 0.931 ; loss: 0.055
2019-01-11 01:14:26,106:INFO: - Eval metrics : dsc: 0.878 ; iou: 0.822 ; accuracy: 0.999 ; precision: 0.896 ; recall: 0.917 ; loss: 0.107
2019-01-11 01:14:26,142:INFO: Epoch 40/45
2019-01-11 01:14:36,160:INFO: - Train metrics: dsc: 0.920 ; iou: 0.868 ; accuracy: 0.999 ; precision: 0.929 ; recall: 0.931 ; loss: 0.055
2019-01-11 01:14:37,277:INFO: - Eval metrics : dsc: 0.852 ; iou: 0.787 ; accuracy: 0.999 ; precision: 0.877 ; recall: 0.895 ; loss: 0.126
2019-01-11 01:14:37,305:INFO: Epoch 41/45
2019-01-11 01:14:47,304:INFO: - Train metrics: dsc: 0.856 ; iou: 0.790 ; accuracy: 0.999 ; precision: 0.911 ; recall: 0.865 ; loss: 0.119
2019-01-11 01:14:48,401:INFO: - Eval metrics : dsc: 0.848 ; iou: 0.779 ; accuracy: 0.999 ; precision: 0.857 ; recall: 0.906 ; loss: 0.139
2019-01-11 01:14:48,424:INFO: Epoch 42/45
2019-01-11 01:14:58,486:INFO: - Train metrics: dsc: 0.881 ; iou: 0.816 ; accuracy: 0.999 ; precision: 0.904 ; recall: 0.898 ; loss: 0.097
2019-01-11 01:14:59,621:INFO: - Eval metrics : dsc: 0.240 ; iou: 0.160 ; accuracy: 0.923 ; precision: 0.166 ; recall: 0.843 ; loss: 0.763
2019-01-11 01:14:59,651:INFO: Epoch 43/45
2019-01-11 01:15:09,844:INFO: - Train metrics: dsc: 0.872 ; iou: 0.807 ; accuracy: 0.999 ; precision: 0.908 ; recall: 0.887 ; loss: 0.104
2019-01-11 01:15:10,964:INFO: - Eval metrics : dsc: 0.867 ; iou: 0.806 ; accuracy: 0.999 ; precision: 0.886 ; recall: 0.910 ; loss: 0.117
2019-01-11 01:15:10,995:INFO: Epoch 44/45
2019-01-11 01:15:21,130:INFO: - Train metrics: dsc: 0.905 ; iou: 0.847 ; accuracy: 0.999 ; precision: 0.917 ; recall: 0.921 ; loss: 0.069
2019-01-11 01:15:22,274:INFO: - Eval metrics : dsc: 0.879 ; iou: 0.823 ; accuracy: 0.999 ; precision: 0.900 ; recall: 0.914 ; loss: 0.101
2019-01-11 01:15:22,302:INFO: Epoch 45/45
2019-01-11 01:15:32,352:INFO: - Train metrics: dsc: 0.910 ; iou: 0.855 ; accuracy: 0.999 ; precision: 0.921 ; recall: 0.925 ; loss: 0.064
2019-01-11 01:15:33,490:INFO: - Eval metrics : dsc: 0.880 ; iou: 0.825 ; accuracy: 0.999 ; precision: 0.901 ; recall: 0.913 ; loss: 0.099
2019-01-11 01:15:33,523:INFO: - Found new best DSC
2019-01-11 01:15:33,609:INFO: Loading the datasets...
2019-01-11 01:15:38,027:INFO: - done.
2019-01-11 01:15:38,027:INFO: For k-fold 2/5:
2019-01-11 01:15:38,027:INFO: Starting training for 45 epoch(s)
2019-01-11 01:15:38,027:INFO: Epoch 1/45
2019-01-11 01:15:48,079:INFO: - Train metrics: dsc: 0.212 ; iou: 0.133 ; accuracy: 0.904 ; precision: 0.133 ; recall: 0.905 ; loss: 0.962
2019-01-11 01:15:49,201:INFO: - Eval metrics : dsc: 0.546 ; iou: 0.407 ; accuracy: 0.991 ; precision: 0.437 ; recall: 0.880 ; loss: 0.956
2019-01-11 01:15:49,226:INFO: - Found new best DSC
2019-01-11 01:15:49,227:INFO: Epoch 2/45
2019-01-11 01:15:59,328:INFO: - Train metrics: dsc: 0.551 ; iou: 0.409 ; accuracy: 0.989 ; precision: 0.411 ; recall: 0.970 ; loss: 0.945
2019-01-11 01:16:00,387:INFO: - Eval metrics : dsc: 0.727 ; iou: 0.618 ; accuracy: 0.996 ; precision: 0.671 ; recall: 0.915 ; loss: 0.942
2019-01-11 01:16:00,421:INFO: - Found new best DSC
2019-01-11 01:16:00,422:INFO: Epoch 3/45
2019-01-11 01:16:10,499:INFO: - Train metrics: dsc: 0.649 ; iou: 0.515 ; accuracy: 0.994 ; precision: 0.522 ; recall: 0.975 ; loss: 0.932
2019-01-11 01:16:11,659:INFO: - Eval metrics : dsc: 0.716 ; iou: 0.599 ; accuracy: 0.996 ; precision: 0.608 ; recall: 0.956 ; loss: 0.916
2019-01-11 01:16:11,688:INFO: Epoch 4/45
2019-01-11 01:16:21,798:INFO: - Train metrics: dsc: 0.649 ; iou: 0.518 ; accuracy: 0.993 ; precision: 0.531 ; recall: 0.966 ; loss: 0.909
2019-01-11 01:16:22,943:INFO: - Eval metrics : dsc: 0.696 ; iou: 0.575 ; accuracy: 0.995 ; precision: 0.587 ; recall: 0.953 ; loss: 0.816
2019-01-11 01:16:22,972:INFO: Epoch 5/45
2019-01-11 01:16:33,091:INFO: - Train metrics: dsc: 0.658 ; iou: 0.538 ; accuracy: 0.993 ; precision: 0.552 ; recall: 0.962 ; loss: 0.851
2019-01-11 01:16:34,192:INFO: - Eval metrics : dsc: 0.513 ; iou: 0.418 ; accuracy: 0.968 ; precision: 0.457 ; recall: 0.932 ; loss: 0.773
2019-01-11 01:16:34,212:INFO: Epoch 6/45
2019-01-11 01:16:44,438:INFO: - Train metrics: dsc: 0.657 ; iou: 0.548 ; accuracy: 0.992 ; precision: 0.568 ; recall: 0.946 ; loss: 0.769
2019-01-11 01:16:45,571:INFO: - Eval metrics : dsc: 0.715 ; iou: 0.611 ; accuracy: 0.995 ; precision: 0.631 ; recall: 0.948 ; loss: 0.662
2019-01-11 01:16:45,595:INFO: Epoch 7/45
2019-01-11 01:16:55,743:INFO: - Train metrics: dsc: 0.712 ; iou: 0.610 ; accuracy: 0.994 ; precision: 0.637 ; recall: 0.945 ; loss: 0.678
2019-01-11 01:16:56,867:INFO: - Eval metrics : dsc: 0.699 ; iou: 0.603 ; accuracy: 0.991 ; precision: 0.633 ; recall: 0.936 ; loss: 0.660
2019-01-11 01:16:56,892:INFO: Epoch 8/45
2019-01-11 01:17:07,023:INFO: - Train metrics: dsc: 0.766 ; iou: 0.675 ; accuracy: 0.996 ; precision: 0.706 ; recall: 0.944 ; loss: 0.614
2019-01-11 01:17:08,192:INFO: - Eval metrics : dsc: 0.792 ; iou: 0.697 ; accuracy: 0.997 ; precision: 0.732 ; recall: 0.923 ; loss: 0.665
2019-01-11 01:17:08,223:INFO: - Found new best DSC
2019-01-11 01:17:08,224:INFO: Epoch 9/45
2019-01-11 01:17:18,298:INFO: - Train metrics: dsc: 0.828 ; iou: 0.752 ; accuracy: 0.998 ; precision: 0.798 ; recall: 0.933 ; loss: 0.505
2019-01-11 01:17:19,433:INFO: - Eval metrics : dsc: 0.432 ; iou: 0.359 ; accuracy: 0.995 ; precision: 0.981 ; recall: 0.368 ; loss: 0.743
2019-01-11 01:17:19,455:INFO: Epoch 10/45
2019-01-11 01:17:29,507:INFO: - Train metrics: dsc: 0.850 ; iou: 0.780 ; accuracy: 0.998 ; precision: 0.840 ; recall: 0.923 ; loss: 0.375
2019-01-11 01:17:30,668:INFO: - Eval metrics : dsc: 0.858 ; iou: 0.787 ; accuracy: 0.999 ; precision: 0.839 ; recall: 0.929 ; loss: 0.359
2019-01-11 01:17:30,698:INFO: - Found new best DSC
2019-01-11 01:17:30,699:INFO: Epoch 11/45
2019-01-11 01:17:40,796:INFO: - Train metrics: dsc: 0.872 ; iou: 0.809 ; accuracy: 0.999 ; precision: 0.870 ; recall: 0.929 ; loss: 0.277
2019-01-11 01:17:41,971:INFO: - Eval metrics : dsc: 0.874 ; iou: 0.813 ; accuracy: 0.999 ; precision: 0.866 ; recall: 0.923 ; loss: 0.261
2019-01-11 01:17:42,004:INFO: - Found new best DSC
2019-01-11 01:17:42,004:INFO: Epoch 12/45
2019-01-11 01:17:52,116:INFO: - Train metrics: dsc: 0.877 ; iou: 0.815 ; accuracy: 0.999 ; precision: 0.874 ; recall: 0.930 ; loss: 0.226
2019-01-11 01:17:53,227:INFO: - Eval metrics : dsc: 0.880 ; iou: 0.821 ; accuracy: 0.999 ; precision: 0.909 ; recall: 0.902 ; loss: 0.206
2019-01-11 01:17:53,257:INFO: - Found new best DSC
2019-01-11 01:17:53,257:INFO: Epoch 13/45
2019-01-11 01:18:03,334:INFO: - Train metrics: dsc: 0.886 ; iou: 0.826 ; accuracy: 0.999 ; precision: 0.887 ; recall: 0.928 ; loss: 0.192
2019-01-11 01:18:04,419:INFO: - Eval metrics : dsc: 0.882 ; iou: 0.826 ; accuracy: 0.999 ; precision: 0.904 ; recall: 0.912 ; loss: 0.193
2019-01-11 01:18:04,481:INFO: - Found new best DSC
2019-01-11 01:18:04,481:INFO: Epoch 14/45
2019-01-11 01:18:14,586:INFO: - Train metrics: dsc: 0.891 ; iou: 0.833 ; accuracy: 0.999 ; precision: 0.889 ; recall: 0.935 ; loss: 0.168
2019-01-11 01:18:15,723:INFO: - Eval metrics : dsc: 0.890 ; iou: 0.832 ; accuracy: 0.999 ; precision: 0.910 ; recall: 0.912 ; loss: 0.174
2019-01-11 01:18:15,757:INFO: - Found new best DSC
2019-01-11 01:18:15,758:INFO: Epoch 15/45
2019-01-11 01:18:25,830:INFO: - Train metrics: dsc: 0.899 ; iou: 0.843 ; accuracy: 0.999 ; precision: 0.898 ; recall: 0.934 ; loss: 0.154
2019-01-11 01:18:26,925:INFO: - Eval metrics : dsc: 0.882 ; iou: 0.825 ; accuracy: 0.999 ; precision: 0.883 ; recall: 0.928 ; loss: 0.163
2019-01-11 01:18:26,952:INFO: Epoch 16/45
2019-01-11 01:18:36,970:INFO: - Train metrics: dsc: 0.905 ; iou: 0.851 ; accuracy: 0.999 ; precision: 0.904 ; recall: 0.934 ; loss: 0.143
2019-01-11 01:18:38,080:INFO: - Eval metrics : dsc: 0.879 ; iou: 0.820 ; accuracy: 0.999 ; precision: 0.946 ; recall: 0.865 ; loss: 0.175
2019-01-11 01:18:38,108:INFO: Epoch 17/45
2019-01-11 01:18:48,266:INFO: - Train metrics: dsc: 0.904 ; iou: 0.849 ; accuracy: 0.999 ; precision: 0.906 ; recall: 0.932 ; loss: 0.136
2019-01-11 01:18:49,435:INFO: - Eval metrics : dsc: 0.883 ; iou: 0.827 ; accuracy: 0.999 ; precision: 0.923 ; recall: 0.894 ; loss: 0.157
2019-01-11 01:18:49,464:INFO: Epoch 18/45
2019-01-11 01:18:59,694:INFO: - Train metrics: dsc: 0.899 ; iou: 0.843 ; accuracy: 0.999 ; precision: 0.902 ; recall: 0.930 ; loss: 0.136
2019-01-11 01:19:00,793:INFO: - Eval metrics : dsc: 0.859 ; iou: 0.791 ; accuracy: 0.999 ; precision: 0.830 ; recall: 0.948 ; loss: 0.169
2019-01-11 01:19:00,842:INFO: Epoch 19/45
2019-01-11 01:19:10,953:INFO: - Train metrics: dsc: 0.899 ; iou: 0.842 ; accuracy: 0.999 ; precision: 0.906 ; recall: 0.926 ; loss: 0.133
2019-01-11 01:19:12,123:INFO: - Eval metrics : dsc: 0.896 ; iou: 0.838 ; accuracy: 0.999 ; precision: 0.910 ; recall: 0.912 ; loss: 0.142
2019-01-11 01:19:12,155:INFO: - Found new best DSC
2019-01-11 01:19:12,155:INFO: Epoch 20/45
2019-01-11 01:19:22,202:INFO: - Train metrics: dsc: 0.907 ; iou: 0.853 ; accuracy: 0.999 ; precision: 0.908 ; recall: 0.937 ; loss: 0.121
2019-01-11 01:19:23,320:INFO: - Eval metrics : dsc: 0.894 ; iou: 0.835 ; accuracy: 0.999 ; precision: 0.928 ; recall: 0.892 ; loss: 0.143
2019-01-11 01:19:23,340:INFO: Epoch 21/45
2019-01-11 01:19:33,393:INFO: - Train metrics: dsc: 0.903 ; iou: 0.846 ; accuracy: 0.999 ; precision: 0.904 ; recall: 0.932 ; loss: 0.122
2019-01-11 01:19:34,478:INFO: - Eval metrics : dsc: 0.850 ; iou: 0.778 ; accuracy: 0.999 ; precision: 0.935 ; recall: 0.831 ; loss: 0.169
2019-01-11 01:19:34,506:INFO: Epoch 22/45
2019-01-11 01:19:44,649:INFO: - Train metrics: dsc: 0.907 ; iou: 0.851 ; accuracy: 0.999 ; precision: 0.909 ; recall: 0.932 ; loss: 0.118
2019-01-11 01:19:45,751:INFO: - Eval metrics : dsc: 0.901 ; iou: 0.845 ; accuracy: 0.999 ; precision: 0.918 ; recall: 0.917 ; loss: 0.133
2019-01-11 01:19:45,775:INFO: - Found new best DSC
2019-01-11 01:19:45,775:INFO: Epoch 23/45
2019-01-11 01:19:56,053:INFO: - Train metrics: dsc: 0.903 ; iou: 0.846 ; accuracy: 0.999 ; precision: 0.905 ; recall: 0.931 ; loss: 0.117
2019-01-11 01:19:57,174:INFO: - Eval metrics : dsc: 0.883 ; iou: 0.828 ; accuracy: 0.999 ; precision: 0.920 ; recall: 0.890 ; loss: 0.136
2019-01-11 01:19:57,197:INFO: Epoch 24/45
2019-01-11 01:20:07,217:INFO: - Train metrics: dsc: 0.913 ; iou: 0.859 ; accuracy: 0.999 ; precision: 0.916 ; recall: 0.935 ; loss: 0.107
2019-01-11 01:20:08,348:INFO: - Eval metrics : dsc: 0.884 ; iou: 0.827 ; accuracy: 0.999 ; precision: 0.909 ; recall: 0.903 ; loss: 0.134
2019-01-11 01:20:08,375:INFO: Epoch 25/45
2019-01-11 01:20:18,433:INFO: - Train metrics: dsc: 0.912 ; iou: 0.858 ; accuracy: 0.999 ; precision: 0.913 ; recall: 0.936 ; loss: 0.105
2019-01-11 01:20:19,561:INFO: - Eval metrics : dsc: 0.892 ; iou: 0.836 ; accuracy: 0.999 ; precision: 0.885 ; recall: 0.937 ; loss: 0.125
2019-01-11 01:20:19,590:INFO: Epoch 26/45
2019-01-11 01:20:29,775:INFO: - Train metrics: dsc: 0.912 ; iou: 0.858 ; accuracy: 0.999 ; precision: 0.915 ; recall: 0.935 ; loss: 0.104
2019-01-11 01:20:30,887:INFO: - Eval metrics : dsc: 0.888 ; iou: 0.831 ; accuracy: 0.999 ; precision: 0.906 ; recall: 0.911 ; loss: 0.123
2019-01-11 01:20:30,915:INFO: Epoch 27/45
2019-01-11 01:20:41,041:INFO: - Train metrics: dsc: 0.920 ; iou: 0.868 ; accuracy: 0.999 ; precision: 0.919 ; recall: 0.940 ; loss: 0.094
2019-01-11 01:20:42,201:INFO: - Eval metrics : dsc: 0.897 ; iou: 0.841 ; accuracy: 0.999 ; precision: 0.915 ; recall: 0.914 ; loss: 0.117
2019-01-11 01:20:42,232:INFO: Epoch 28/45
2019-01-11 01:20:52,385:INFO: - Train metrics: dsc: 0.912 ; iou: 0.856 ; accuracy: 0.999 ; precision: 0.911 ; recall: 0.934 ; loss: 0.097
2019-01-11 01:20:53,530:INFO: - Eval metrics : dsc: 0.883 ; iou: 0.826 ; accuracy: 0.999 ; precision: 0.924 ; recall: 0.892 ; loss: 0.127
2019-01-11 01:20:53,557:INFO: Epoch 29/45
2019-01-11 01:21:03,701:INFO: - Train metrics: dsc: 0.906 ; iou: 0.848 ; accuracy: 0.999 ; precision: 0.912 ; recall: 0.927 ; loss: 0.102
2019-01-11 01:21:04,780:INFO: - Eval metrics : dsc: 0.822 ; iou: 0.745 ; accuracy: 0.998 ; precision: 0.813 ; recall: 0.894 ; loss: 0.177
2019-01-11 01:21:04,807:INFO: Epoch 30/45
2019-01-11 01:21:14,990:INFO: - Train metrics: dsc: 0.889 ; iou: 0.824 ; accuracy: 0.999 ; precision: 0.898 ; recall: 0.914 ; loss: 0.113
2019-01-11 01:21:16,082:INFO: - Eval metrics : dsc: 0.869 ; iou: 0.809 ; accuracy: 0.999 ; precision: 0.872 ; recall: 0.922 ; loss: 0.132
2019-01-11 01:21:16,108:INFO: Epoch 31/45
2019-01-11 01:21:26,209:INFO: - Train metrics: dsc: 0.907 ; iou: 0.851 ; accuracy: 0.999 ; precision: 0.908 ; recall: 0.933 ; loss: 0.093
2019-01-11 01:21:27,275:INFO: - Eval metrics : dsc: 0.886 ; iou: 0.831 ; accuracy: 0.999 ; precision: 0.903 ; recall: 0.909 ; loss: 0.120
2019-01-11 01:21:27,305:INFO: Epoch 32/45
2019-01-11 01:21:37,444:INFO: - Train metrics: dsc: 0.896 ; iou: 0.836 ; accuracy: 0.999 ; precision: 0.904 ; recall: 0.918 ; loss: 0.101
2019-01-11 01:21:38,550:INFO: - Eval metrics : dsc: 0.875 ; iou: 0.815 ; accuracy: 0.999 ; precision: 0.885 ; recall: 0.915 ; loss: 0.118
2019-01-11 01:21:38,577:INFO: Epoch 33/45
2019-01-11 01:21:48,774:INFO: - Train metrics: dsc: 0.895 ; iou: 0.838 ; accuracy: 0.999 ; precision: 0.915 ; recall: 0.913 ; loss: 0.099
2019-01-11 01:21:49,895:INFO: - Eval metrics : dsc: 0.876 ; iou: 0.814 ; accuracy: 0.999 ; precision: 0.894 ; recall: 0.909 ; loss: 0.117
2019-01-11 01:21:49,925:INFO: Epoch 34/45
2019-01-11 01:22:00,102:INFO: - Train metrics: dsc: 0.859 ; iou: 0.786 ; accuracy: 0.998 ; precision: 0.883 ; recall: 0.886 ; loss: 0.136
2019-01-11 01:22:01,197:INFO: - Eval metrics : dsc: 0.874 ; iou: 0.813 ; accuracy: 0.999 ; precision: 0.902 ; recall: 0.891 ; loss: 0.104
2019-01-11 01:22:01,224:INFO: Epoch 35/45
2019-01-11 01:22:11,237:INFO: - Train metrics: dsc: 0.894 ; iou: 0.828 ; accuracy: 0.999 ; precision: 0.909 ; recall: 0.907 ; loss: 0.095
2019-01-11 01:22:12,341:INFO: - Eval metrics : dsc: 0.872 ; iou: 0.814 ; accuracy: 0.999 ; precision: 0.925 ; recall: 0.878 ; loss: 0.114
2019-01-11 01:22:12,362:INFO: Epoch 36/45
2019-01-11 01:22:22,576:INFO: - Train metrics: dsc: 0.899 ; iou: 0.840 ; accuracy: 0.999 ; precision: 0.913 ; recall: 0.918 ; loss: 0.088
2019-01-11 01:22:23,727:INFO: - Eval metrics : dsc: 0.887 ; iou: 0.828 ; accuracy: 0.999 ; precision: 0.931 ; recall: 0.888 ; loss: 0.087
2019-01-11 01:22:23,760:INFO: Epoch 37/45
2019-01-11 01:22:33,904:INFO: - Train metrics: dsc: 0.911 ; iou: 0.855 ; accuracy: 0.999 ; precision: 0.912 ; recall: 0.934 ; loss: 0.075
2019-01-11 01:22:35,050:INFO: - Eval metrics : dsc: 0.898 ; iou: 0.839 ; accuracy: 0.999 ; precision: 0.918 ; recall: 0.907 ; loss: 0.093
2019-01-11 01:22:35,081:INFO: Epoch 38/45
2019-01-11 01:22:45,220:INFO: - Train metrics: dsc: 0.917 ; iou: 0.863 ; accuracy: 0.999 ; precision: 0.918 ; recall: 0.935 ; loss: 0.066
2019-01-11 01:22:46,295:INFO: - Eval metrics : dsc: 0.899 ; iou: 0.841 ; accuracy: 0.999 ; precision: 0.914 ; recall: 0.912 ; loss: 0.087
2019-01-11 01:22:46,329:INFO: Epoch 39/45
2019-01-11 01:22:56,410:INFO: - Train metrics: dsc: 0.919 ; iou: 0.865 ; accuracy: 0.999 ; precision: 0.917 ; recall: 0.940 ; loss: 0.063
2019-01-11 01:22:57,522:INFO: - Eval metrics : dsc: 0.893 ; iou: 0.836 ; accuracy: 0.999 ; precision: 0.882 ; recall: 0.943 ; loss: 0.087
2019-01-11 01:22:57,550:INFO: Epoch 40/45
2019-01-11 01:23:07,740:INFO: - Train metrics: dsc: 0.923 ; iou: 0.870 ; accuracy: 0.999 ; precision: 0.921 ; recall: 0.940 ; loss: 0.058
2019-01-11 01:23:08,874:INFO: - Eval metrics : dsc: 0.896 ; iou: 0.840 ; accuracy: 0.999 ; precision: 0.896 ; recall: 0.934 ; loss: 0.084
2019-01-11 01:23:08,902:INFO: Epoch 41/45
2019-01-11 01:23:18,916:INFO: - Train metrics: dsc: 0.922 ; iou: 0.870 ; accuracy: 0.999 ; precision: 0.920 ; recall: 0.941 ; loss: 0.059
2019-01-11 01:23:19,966:INFO: - Eval metrics : dsc: 0.891 ; iou: 0.837 ; accuracy: 0.999 ; precision: 0.900 ; recall: 0.918 ; loss: 0.087
2019-01-11 01:23:19,995:INFO: Epoch 42/45
2019-01-11 01:23:30,242:INFO: - Train metrics: dsc: 0.923 ; iou: 0.871 ; accuracy: 0.999 ; precision: 0.922 ; recall: 0.940 ; loss: 0.058
2019-01-11 01:23:31,375:INFO: - Eval metrics : dsc: 0.890 ; iou: 0.837 ; accuracy: 0.999 ; precision: 0.911 ; recall: 0.916 ; loss: 0.081
2019-01-11 01:23:31,404:INFO: Epoch 43/45
2019-01-11 01:23:41,566:INFO: - Train metrics: dsc: 0.926 ; iou: 0.875 ; accuracy: 0.999 ; precision: 0.926 ; recall: 0.942 ; loss: 0.052
2019-01-11 01:23:42,680:INFO: - Eval metrics : dsc: 0.893 ; iou: 0.840 ; accuracy: 0.999 ; precision: 0.917 ; recall: 0.909 ; loss: 0.076
2019-01-11 01:23:42,706:INFO: Epoch 44/45
2019-01-11 01:23:52,746:INFO: - Train metrics: dsc: 0.924 ; iou: 0.872 ; accuracy: 0.999 ; precision: 0.924 ; recall: 0.939 ; loss: 0.053
2019-01-11 01:23:53,895:INFO: - Eval metrics : dsc: 0.894 ; iou: 0.839 ; accuracy: 0.999 ; precision: 0.913 ; recall: 0.912 ; loss: 0.077
2019-01-11 01:23:53,926:INFO: Epoch 45/45
2019-01-11 01:24:04,076:INFO: - Train metrics: dsc: 0.925 ; iou: 0.875 ; accuracy: 0.999 ; precision: 0.925 ; recall: 0.942 ; loss: 0.052
2019-01-11 01:24:05,171:INFO: - Eval metrics : dsc: 0.894 ; iou: 0.842 ; accuracy: 0.999 ; precision: 0.913 ; recall: 0.911 ; loss: 0.073
2019-01-11 01:24:05,277:INFO: Loading the datasets...
2019-01-11 01:24:09,873:INFO: - done.
2019-01-11 01:24:09,873:INFO: For k-fold 3/5:
2019-01-11 01:24:09,873:INFO: Starting training for 45 epoch(s)
2019-01-11 01:24:09,873:INFO: Epoch 1/45
2019-01-11 01:24:19,883:INFO: - Train metrics: dsc: 0.218 ; iou: 0.137 ; accuracy: 0.905 ; precision: 0.137 ; recall: 0.911 ; loss: 0.961
2019-01-11 01:24:20,923:INFO: - Eval metrics : dsc: 0.608 ; iou: 0.462 ; accuracy: 0.991 ; precision: 0.484 ; recall: 0.945 ; loss: 0.950
2019-01-11 01:24:20,956:INFO: - Found new best DSC
2019-01-11 01:24:20,956:INFO: Epoch 2/45
2019-01-11 01:24:31,034:INFO: - Train metrics: dsc: 0.551 ; iou: 0.411 ; accuracy: 0.989 ; precision: 0.413 ; recall: 0.963 ; loss: 0.946
2019-01-11 01:24:32,211:INFO: - Eval metrics : dsc: 0.576 ; iou: 0.427 ; accuracy: 0.990 ; precision: 0.431 ; recall: 0.974 ; loss: 0.939
2019-01-11 01:24:32,238:INFO: Epoch 3/45
2019-01-11 01:24:42,335:INFO: - Train metrics: dsc: 0.647 ; iou: 0.513 ; accuracy: 0.994 ; precision: 0.520 ; recall: 0.971 ; loss: 0.932
2019-01-11 01:24:43,443:INFO: - Eval metrics : dsc: 0.708 ; iou: 0.578 ; accuracy: 0.995 ; precision: 0.595 ; recall: 0.964 ; loss: 0.915
2019-01-11 01:24:43,478:INFO: - Found new best DSC
2019-01-11 01:24:43,478:INFO: Epoch 4/45
2019-01-11 01:24:53,584:INFO: - Train metrics: dsc: 0.673 ; iou: 0.545 ; accuracy: 0.994 ; precision: 0.558 ; recall: 0.964 ; loss: 0.909
2019-01-11 01:24:54,712:INFO: - Eval metrics : dsc: 0.653 ; iou: 0.528 ; accuracy: 0.994 ; precision: 0.576 ; recall: 0.896 ; loss: 0.937
2019-01-11 01:24:54,742:INFO: Epoch 5/45
2019-01-11 01:25:04,810:INFO: - Train metrics: dsc: 0.672 ; iou: 0.554 ; accuracy: 0.994 ; precision: 0.566 ; recall: 0.956 ; loss: 0.856
2019-01-11 01:25:05,910:INFO: - Eval metrics : dsc: 0.705 ; iou: 0.578 ; accuracy: 0.995 ; precision: 0.588 ; recall: 0.964 ; loss: 0.719
2019-01-11 01:25:05,934:INFO: Epoch 6/45
2019-01-11 01:25:15,993:INFO: - Train metrics: dsc: 0.685 ; iou: 0.581 ; accuracy: 0.992 ; precision: 0.599 ; recall: 0.949 ; loss: 0.775
2019-01-11 01:25:17,089:INFO: - Eval metrics : dsc: 0.673 ; iou: 0.561 ; accuracy: 0.992 ; precision: 0.573 ; recall: 0.973 ; loss: 0.778
2019-01-11 01:25:17,113:INFO: Epoch 7/45
2019-01-11 01:25:27,135:INFO: - Train metrics: dsc: 0.716 ; iou: 0.617 ; accuracy: 0.994 ; precision: 0.644 ; recall: 0.940 ; loss: 0.687
2019-01-11 01:25:28,282:INFO: - Eval metrics : dsc: 0.658 ; iou: 0.547 ; accuracy: 0.991 ; precision: 0.558 ; recall: 0.963 ; loss: 0.682
2019-01-11 01:25:28,315:INFO: Epoch 8/45
2019-01-11 01:25:38,362:INFO: - Train metrics: dsc: 0.792 ; iou: 0.707 ; accuracy: 0.997 ; precision: 0.744 ; recall: 0.935 ; loss: 0.607
2019-01-11 01:25:39,472:INFO: - Eval metrics : dsc: 0.808 ; iou: 0.724 ; accuracy: 0.997 ; precision: 0.761 ; recall: 0.921 ; loss: 0.593
2019-01-11 01:25:39,503:INFO: - Found new best DSC
2019-01-11 01:25:39,503:INFO: Epoch 9/45
2019-01-11 01:25:49,578:INFO: - Train metrics: dsc: 0.841 ; iou: 0.766 ; accuracy: 0.998 ; precision: 0.806 ; recall: 0.940 ; loss: 0.488
2019-01-11 01:25:50,675:INFO: - Eval metrics : dsc: 0.874 ; iou: 0.807 ; accuracy: 0.999 ; precision: 0.915 ; recall: 0.873 ; loss: 0.385
2019-01-11 01:25:50,705:INFO: - Found new best DSC
2019-01-11 01:25:50,705:INFO: Epoch 10/45
2019-01-11 01:26:00,737:INFO: - Train metrics: dsc: 0.860 ; iou: 0.794 ; accuracy: 0.999 ; precision: 0.847 ; recall: 0.934 ; loss: 0.358
2019-01-11 01:26:01,906:INFO: - Eval metrics : dsc: 0.890 ; iou: 0.827 ; accuracy: 0.999 ; precision: 0.887 ; recall: 0.914 ; loss: 0.278
2019-01-11 01:26:01,936:INFO: - Found new best DSC
2019-01-11 01:26:01,936:INFO: Epoch 11/45
2019-01-11 01:26:12,069:INFO: - Train metrics: dsc: 0.864 ; iou: 0.799 ; accuracy: 0.999 ; precision: 0.858 ; recall: 0.929 ; loss: 0.280
2019-01-11 01:26:13,192:INFO: - Eval metrics : dsc: 0.876 ; iou: 0.809 ; accuracy: 0.999 ; precision: 0.934 ; recall: 0.864 ; loss: 0.264
2019-01-11 01:26:13,233:INFO: Epoch 12/45
2019-01-11 01:26:23,281:INFO: - Train metrics: dsc: 0.866 ; iou: 0.803 ; accuracy: 0.999 ; precision: 0.867 ; recall: 0.922 ; loss: 0.232
2019-01-11 01:26:24,337:INFO: - Eval metrics : dsc: 0.889 ; iou: 0.823 ; accuracy: 0.999 ; precision: 0.866 ; recall: 0.940 ; loss: 0.207
2019-01-11 01:26:24,366:INFO: Epoch 13/45
2019-01-11 01:26:34,554:INFO: - Train metrics: dsc: 0.879 ; iou: 0.818 ; accuracy: 0.999 ; precision: 0.878 ; recall: 0.931 ; loss: 0.197
2019-01-11 01:26:35,667:INFO: - Eval metrics : dsc: 0.892 ; iou: 0.828 ; accuracy: 0.999 ; precision: 0.913 ; recall: 0.898 ; loss: 0.190
2019-01-11 01:26:35,699:INFO: - Found new best DSC
2019-01-11 01:26:35,700:INFO: Epoch 14/45
2019-01-11 01:26:45,798:INFO: - Train metrics: dsc: 0.878 ; iou: 0.815 ; accuracy: 0.999 ; precision: 0.875 ; recall: 0.929 ; loss: 0.181
2019-01-11 01:26:46,894:INFO: - Eval metrics : dsc: 0.900 ; iou: 0.835 ; accuracy: 0.999 ; precision: 0.942 ; recall: 0.881 ; loss: 0.162
2019-01-11 01:26:46,923:INFO: - Found new best DSC
2019-01-11 01:26:46,924:INFO: Epoch 15/45
2019-01-11 01:26:56,954:INFO: - Train metrics: dsc: 0.887 ; iou: 0.829 ; accuracy: 0.999 ; precision: 0.889 ; recall: 0.930 ; loss: 0.162
2019-01-11 01:26:58,049:INFO: - Eval metrics : dsc: 0.895 ; iou: 0.834 ; accuracy: 0.999 ; precision: 0.897 ; recall: 0.927 ; loss: 0.151
2019-01-11 01:26:58,078:INFO: Epoch 16/45
2019-01-11 01:27:08,292:INFO: - Train metrics: dsc: 0.880 ; iou: 0.818 ; accuracy: 0.999 ; precision: 0.879 ; recall: 0.928 ; loss: 0.161
2019-01-11 01:27:09,403:INFO: - Eval metrics : dsc: 0.904 ; iou: 0.842 ; accuracy: 0.999 ; precision: 0.931 ; recall: 0.895 ; loss: 0.144
2019-01-11 01:27:09,432:INFO: - Found new best DSC
2019-01-11 01:27:09,432:INFO: Epoch 17/45
2019-01-11 01:27:19,645:INFO: - Train metrics: dsc: 0.897 ; iou: 0.840 ; accuracy: 0.999 ; precision: 0.893 ; recall: 0.938 ; loss: 0.140
2019-01-11 01:27:20,760:INFO: - Eval metrics : dsc: 0.917 ; iou: 0.859 ; accuracy: 0.999 ; precision: 0.918 ; recall: 0.930 ; loss: 0.127
2019-01-11 01:27:20,790:INFO: - Found new best DSC
2019-01-11 01:27:20,790:INFO: Epoch 18/45
2019-01-11 01:27:30,834:INFO: - Train metrics: dsc: 0.899 ; iou: 0.842 ; accuracy: 0.999 ; precision: 0.898 ; recall: 0.935 ; loss: 0.135
2019-01-11 01:27:31,926:INFO: - Eval metrics : dsc: 0.905 ; iou: 0.844 ; accuracy: 0.999 ; precision: 0.934 ; recall: 0.898 ; loss: 0.128
2019-01-11 01:27:31,953:INFO: Epoch 19/45
2019-01-11 01:27:42,079:INFO: - Train metrics: dsc: 0.903 ; iou: 0.847 ; accuracy: 0.999 ; precision: 0.899 ; recall: 0.938 ; loss: 0.129
2019-01-11 01:27:43,164:INFO: - Eval metrics : dsc: 0.905 ; iou: 0.846 ; accuracy: 0.999 ; precision: 0.898 ; recall: 0.934 ; loss: 0.120
2019-01-11 01:27:43,200:INFO: Epoch 20/45
2019-01-11 01:27:53,311:INFO: - Train metrics: dsc: 0.896 ; iou: 0.838 ; accuracy: 0.999 ; precision: 0.900 ; recall: 0.930 ; loss: 0.132
2019-01-11 01:27:54,425:INFO: - Eval metrics : dsc: 0.901 ; iou: 0.840 ; accuracy: 0.999 ; precision: 0.938 ; recall: 0.888 ; loss: 0.130
2019-01-11 01:27:54,453:INFO: Epoch 21/45
2019-01-11 01:28:04,623:INFO: - Train metrics: dsc: 0.906 ; iou: 0.848 ; accuracy: 0.999 ; precision: 0.908 ; recall: 0.930 ; loss: 0.124
2019-01-11 01:28:05,755:INFO: - Eval metrics : dsc: 0.912 ; iou: 0.850 ; accuracy: 0.999 ; precision: 0.937 ; recall: 0.901 ; loss: 0.117
2019-01-11 01:28:05,777:INFO: Epoch 22/45
2019-01-11 01:28:15,918:INFO: - Train metrics: dsc: 0.906 ; iou: 0.851 ; accuracy: 0.999 ; precision: 0.908 ; recall: 0.934 ; loss: 0.120
2019-01-11 01:28:17,033:INFO: - Eval metrics : dsc: 0.913 ; iou: 0.855 ; accuracy: 0.999 ; precision: 0.934 ; recall: 0.910 ; loss: 0.113
2019-01-11 01:28:17,068:INFO: Epoch 23/45
2019-01-11 01:28:27,147:INFO: - Train metrics: dsc: 0.909 ; iou: 0.856 ; accuracy: 0.999 ; precision: 0.913 ; recall: 0.934 ; loss: 0.115
2019-01-11 01:28:28,258:INFO: - Eval metrics : dsc: 0.890 ; iou: 0.827 ; accuracy: 0.999 ; precision: 0.945 ; recall: 0.872 ; loss: 0.133
2019-01-11 01:28:28,287:INFO: Epoch 24/45
2019-01-11 01:28:38,387:INFO: - Train metrics: dsc: 0.904 ; iou: 0.847 ; accuracy: 0.999 ; precision: 0.904 ; recall: 0.934 ; loss: 0.118
2019-01-11 01:28:39,503:INFO: - Eval metrics : dsc: 0.908 ; iou: 0.849 ; accuracy: 0.999 ; precision: 0.931 ; recall: 0.907 ; loss: 0.114
2019-01-11 01:28:39,524:INFO: Epoch 25/45
2019-01-11 01:28:49,698:INFO: - Train metrics: dsc: 0.910 ; iou: 0.856 ; accuracy: 0.999 ; precision: 0.911 ; recall: 0.936 ; loss: 0.109
2019-01-11 01:28:50,863:INFO: - Eval metrics : dsc: 0.913 ; iou: 0.855 ; accuracy: 0.999 ; precision: 0.921 ; recall: 0.922 ; loss: 0.107
2019-01-11 01:28:50,895:INFO: Epoch 26/45
2019-01-11 01:29:01,022:INFO: - Train metrics: dsc: 0.913 ; iou: 0.860 ; accuracy: 0.999 ; precision: 0.915 ; recall: 0.936 ; loss: 0.104
2019-01-11 01:29:02,111:INFO: - Eval metrics : dsc: 0.908 ; iou: 0.850 ; accuracy: 0.999 ; precision: 0.899 ; recall: 0.941 ; loss: 0.109
2019-01-11 01:29:02,140:INFO: Epoch 27/45
2019-01-11 01:29:12,178:INFO: - Train metrics: dsc: 0.911 ; iou: 0.857 ; accuracy: 0.999 ; precision: 0.913 ; recall: 0.935 ; loss: 0.105
2019-01-11 01:29:13,245:INFO: - Eval metrics : dsc: 0.916 ; iou: 0.861 ; accuracy: 0.999 ; precision: 0.919 ; recall: 0.932 ; loss: 0.107
2019-01-11 01:29:13,275:INFO: Epoch 28/45
2019-01-11 01:29:23,383:INFO: - Train metrics: dsc: 0.915 ; iou: 0.863 ; accuracy: 0.999 ; precision: 0.920 ; recall: 0.934 ; loss: 0.097
2019-01-11 01:29:24,474:INFO: - Eval metrics : dsc: 0.913 ; iou: 0.856 ; accuracy: 0.999 ; precision: 0.929 ; recall: 0.916 ; loss: 0.097
2019-01-11 01:29:24,500:INFO: Epoch 29/45
2019-01-11 01:29:34,777:INFO: - Train metrics: dsc: 0.917 ; iou: 0.865 ; accuracy: 0.999 ; precision: 0.917 ; recall: 0.938 ; loss: 0.091
2019-01-11 01:29:35,869:INFO: - Eval metrics : dsc: 0.911 ; iou: 0.853 ; accuracy: 0.999 ; precision: 0.943 ; recall: 0.900 ; loss: 0.094
2019-01-11 01:29:35,895:INFO: Epoch 30/45
2019-01-11 01:29:46,058:INFO: - Train metrics: dsc: 0.917 ; iou: 0.866 ; accuracy: 0.999 ; precision: 0.917 ; recall: 0.939 ; loss: 0.086
2019-01-11 01:29:47,204:INFO: - Eval metrics : dsc: 0.910 ; iou: 0.853 ; accuracy: 0.999 ; precision: 0.940 ; recall: 0.902 ; loss: 0.094
2019-01-11 01:29:47,237:INFO: Epoch 31/45
2019-01-11 01:29:57,378:INFO: - Train metrics: dsc: 0.912 ; iou: 0.860 ; accuracy: 0.999 ; precision: 0.918 ; recall: 0.934 ; loss: 0.087
2019-01-11 01:29:58,491:INFO: - Eval metrics : dsc: 0.909 ; iou: 0.850 ; accuracy: 0.999 ; precision: 0.897 ; recall: 0.943 ; loss: 0.089
2019-01-11 01:29:58,523:INFO: Epoch 32/45
2019-01-11 01:30:08,589:INFO: - Train metrics: dsc: 0.899 ; iou: 0.842 ; accuracy: 0.999 ; precision: 0.911 ; recall: 0.922 ; loss: 0.098
2019-01-11 01:30:09,689:INFO: - Eval metrics : dsc: 0.908 ; iou: 0.847 ; accuracy: 0.999 ; precision: 0.910 ; recall: 0.927 ; loss: 0.090
2019-01-11 01:30:09,713:INFO: Epoch 33/45
2019-01-11 01:30:19,908:INFO: - Train metrics: dsc: 0.898 ; iou: 0.839 ; accuracy: 0.999 ; precision: 0.910 ; recall: 0.920 ; loss: 0.094
2019-01-11 01:30:21,026:INFO: - Eval metrics : dsc: 0.900 ; iou: 0.840 ; accuracy: 0.999 ; precision: 0.929 ; recall: 0.893 ; loss: 0.096
2019-01-11 01:30:21,053:INFO: Epoch 34/45
2019-01-11 01:30:31,123:INFO: - Train metrics: dsc: 0.904 ; iou: 0.851 ; accuracy: 0.999 ; precision: 0.917 ; recall: 0.926 ; loss: 0.083
2019-01-11 01:30:32,273:INFO: - Eval metrics : dsc: 0.910 ; iou: 0.851 ; accuracy: 0.999 ; precision: 0.912 ; recall: 0.928 ; loss: 0.079
2019-01-11 01:30:32,301:INFO: Epoch 35/45
2019-01-11 01:30:42,537:INFO: - Train metrics: dsc: 0.885 ; iou: 0.823 ; accuracy: 0.999 ; precision: 0.908 ; recall: 0.901 ; loss: 0.102
2019-01-11 01:30:43,677:INFO: - Eval metrics : dsc: 0.903 ; iou: 0.840 ; accuracy: 0.999 ; precision: 0.890 ; recall: 0.938 ; loss: 0.084
2019-01-11 01:30:43,700:INFO: Epoch 36/45
2019-01-11 01:30:53,756:INFO: - Train metrics: dsc: 0.844 ; iou: 0.773 ; accuracy: 0.998 ; precision: 0.884 ; recall: 0.868 ; loss: 0.145
2019-01-11 01:30:54,822:INFO: - Eval metrics : dsc: 0.859 ; iou: 0.787 ; accuracy: 0.998 ; precision: 0.938 ; recall: 0.836 ; loss: 0.125
2019-01-11 01:30:54,851:INFO: Epoch 37/45
2019-01-11 01:31:04,936:INFO: - Train metrics: dsc: 0.887 ; iou: 0.824 ; accuracy: 0.999 ; precision: 0.909 ; recall: 0.904 ; loss: 0.094
2019-01-11 01:31:06,055:INFO: - Eval metrics : dsc: 0.867 ; iou: 0.791 ; accuracy: 0.998 ; precision: 0.903 ; recall: 0.861 ; loss: 0.125
2019-01-11 01:31:06,085:INFO: Epoch 38/45
2019-01-11 01:31:16,120:INFO: - Train metrics: dsc: 0.874 ; iou: 0.803 ; accuracy: 0.999 ; precision: 0.894 ; recall: 0.896 ; loss: 0.109
2019-01-11 01:31:17,290:INFO: - Eval metrics : dsc: 0.887 ; iou: 0.822 ; accuracy: 0.999 ; precision: 0.895 ; recall: 0.917 ; loss: 0.097
2019-01-11 01:31:17,316:INFO: Epoch 39/45
2019-01-11 01:31:27,391:INFO: - Train metrics: dsc: 0.901 ; iou: 0.842 ; accuracy: 0.999 ; precision: 0.914 ; recall: 0.919 ; loss: 0.078
2019-01-11 01:31:28,513:INFO: - Eval metrics : dsc: 0.902 ; iou: 0.843 ; accuracy: 0.999 ; precision: 0.933 ; recall: 0.900 ; loss: 0.079
2019-01-11 01:31:28,541:INFO: Epoch 40/45
2019-01-11 01:31:38,612:INFO: - Train metrics: dsc: 0.910 ; iou: 0.854 ; accuracy: 0.999 ; precision: 0.914 ; recall: 0.932 ; loss: 0.068
2019-01-11 01:31:39,694:INFO: - Eval metrics : dsc: 0.905 ; iou: 0.848 ; accuracy: 0.999 ; precision: 0.932 ; recall: 0.906 ; loss: 0.082
2019-01-11 01:31:39,731:INFO: Epoch 41/45
2019-01-11 01:31:49,795:INFO: - Train metrics: dsc: 0.913 ; iou: 0.858 ; accuracy: 0.999 ; precision: 0.918 ; recall: 0.932 ; loss: 0.063
2019-01-11 01:31:50,873:INFO: - Eval metrics : dsc: 0.903 ; iou: 0.844 ; accuracy: 0.999 ; precision: 0.939 ; recall: 0.895 ; loss: 0.078
2019-01-11 01:31:50,896:INFO: Epoch 42/45
2019-01-11 01:32:00,940:INFO: - Train metrics: dsc: 0.908 ; iou: 0.852 ; accuracy: 0.999 ; precision: 0.917 ; recall: 0.924 ; loss: 0.069
2019-01-11 01:32:02,147:INFO: - Eval metrics : dsc: 0.748 ; iou: 0.661 ; accuracy: 0.997 ; precision: 0.889 ; recall: 0.736 ; loss: 0.243
2019-01-11 01:32:02,174:INFO: Epoch 43/45
2019-01-11 01:32:12,183:INFO: - Train metrics: dsc: 0.872 ; iou: 0.805 ; accuracy: 0.999 ; precision: 0.901 ; recall: 0.889 ; loss: 0.106
2019-01-11 01:32:13,326:INFO: - Eval metrics : dsc: 0.891 ; iou: 0.827 ; accuracy: 0.999 ; precision: 0.934 ; recall: 0.877 ; loss: 0.089
2019-01-11 01:32:13,354:INFO: Epoch 44/45
2019-01-11 01:32:23,591:INFO: - Train metrics: dsc: 0.880 ; iou: 0.820 ; accuracy: 0.999 ; precision: 0.919 ; recall: 0.891 ; loss: 0.093
2019-01-11 01:32:24,677:INFO: - Eval metrics : dsc: 0.863 ; iou: 0.795 ; accuracy: 0.998 ; precision: 0.874 ; recall: 0.904 ; loss: 0.121
2019-01-11 01:32:24,718:INFO: Epoch 45/45
2019-01-11 01:32:34,899:INFO: - Train metrics: dsc: 0.876 ; iou: 0.814 ; accuracy: 0.999 ; precision: 0.895 ; recall: 0.905 ; loss: 0.106
2019-01-11 01:32:36,026:INFO: - Eval metrics : dsc: 0.901 ; iou: 0.841 ; accuracy: 0.999 ; precision: 0.933 ; recall: 0.897 ; loss: 0.080
2019-01-11 01:32:36,141:INFO: Loading the datasets...
2019-01-11 01:32:41,771:INFO: - done.
2019-01-11 01:32:41,771:INFO: For k-fold 4/5:
2019-01-11 01:32:41,771:INFO: Starting training for 45 epoch(s)
2019-01-11 01:32:41,771:INFO: Epoch 1/45
2019-01-11 01:32:51,743:INFO: - Train metrics: dsc: 0.230 ; iou: 0.146 ; accuracy: 0.909 ; precision: 0.147 ; recall: 0.924 ; loss: 0.961
2019-01-11 01:32:52,818:INFO: - Eval metrics : dsc: 0.473 ; iou: 0.333 ; accuracy: 0.984 ; precision: 0.333 ; recall: 0.964 ; loss: 0.952
2019-01-11 01:32:52,850:INFO: - Found new best DSC
2019-01-11 01:32:52,851:INFO: Epoch 2/45
2019-01-11 01:33:02,885:INFO: - Train metrics: dsc: 0.558 ; iou: 0.416 ; accuracy: 0.989 ; precision: 0.417 ; recall: 0.971 ; loss: 0.945
2019-01-11 01:33:04,031:INFO: - Eval metrics : dsc: 0.570 ; iou: 0.427 ; accuracy: 0.990 ; precision: 0.428 ; recall: 0.983 ; loss: 0.944
2019-01-11 01:33:04,062:INFO: - Found new best DSC
2019-01-11 01:33:04,062:INFO: Epoch 3/45
2019-01-11 01:33:14,149:INFO: - Train metrics: dsc: 0.659 ; iou: 0.525 ; accuracy: 0.994 ; precision: 0.529 ; recall: 0.980 ; loss: 0.931
2019-01-11 01:33:15,253:INFO: - Eval metrics : dsc: 0.696 ; iou: 0.570 ; accuracy: 0.995 ; precision: 0.580 ; recall: 0.948 ; loss: 0.923
2019-01-11 01:33:15,277:INFO: - Found new best DSC
2019-01-11 01:33:15,277:INFO: Epoch 4/45
2019-01-11 01:33:25,333:INFO: - Train metrics: dsc: 0.682 ; iou: 0.556 ; accuracy: 0.995 ; precision: 0.561 ; recall: 0.975 ; loss: 0.907
2019-01-11 01:33:26,431:INFO: - Eval metrics : dsc: 0.651 ; iou: 0.537 ; accuracy: 0.990 ; precision: 0.546 ; recall: 0.958 ; loss: 0.882
2019-01-11 01:33:26,454:INFO: Epoch 5/45
2019-01-11 01:33:36,769:INFO: - Train metrics: dsc: 0.698 ; iou: 0.582 ; accuracy: 0.994 ; precision: 0.597 ; recall: 0.954 ; loss: 0.859
2019-01-11 01:33:37,865:INFO: - Eval metrics : dsc: 0.727 ; iou: 0.625 ; accuracy: 0.997 ; precision: 0.719 ; recall: 0.875 ; loss: 0.702
2019-01-11 01:33:37,897:INFO: - Found new best DSC
2019-01-11 01:33:37,897:INFO: Epoch 6/45
2019-01-11 01:33:47,931:INFO: - Train metrics: dsc: 0.734 ; iou: 0.632 ; accuracy: 0.995 ; precision: 0.650 ; recall: 0.954 ; loss: 0.772
2019-01-11 01:33:48,998:INFO: - Eval metrics : dsc: 0.654 ; iou: 0.550 ; accuracy: 0.991 ; precision: 0.592 ; recall: 0.932 ; loss: 0.665
2019-01-11 01:33:49,025:INFO: Epoch 7/45
2019-01-11 01:33:59,103:INFO: - Train metrics: dsc: 0.761 ; iou: 0.667 ; accuracy: 0.996 ; precision: 0.696 ; recall: 0.949 ; loss: 0.674
2019-01-11 01:34:00,206:INFO: - Eval metrics : dsc: 0.790 ; iou: 0.709 ; accuracy: 0.995 ; precision: 0.761 ; recall: 0.929 ; loss: 0.609
2019-01-11 01:34:00,252:INFO: - Found new best DSC
2019-01-11 01:34:00,252:INFO: Epoch 8/45
2019-01-11 01:34:10,424:INFO: - Train metrics: dsc: 0.815 ; iou: 0.736 ; accuracy: 0.998 ; precision: 0.767 ; recall: 0.945 ; loss: 0.571
2019-01-11 01:34:11,595:INFO: - Eval metrics : dsc: 0.844 ; iou: 0.772 ; accuracy: 0.999 ; precision: 0.889 ; recall: 0.853 ; loss: 0.540
2019-01-11 01:34:11,624:INFO: - Found new best DSC
2019-01-11 01:34:11,625:INFO: Epoch 9/45
2019-01-11 01:34:21,806:INFO: - Train metrics: dsc: 0.855 ; iou: 0.787 ; accuracy: 0.999 ; precision: 0.832 ; recall: 0.941 ; loss: 0.441
2019-01-11 01:34:22,934:INFO: - Eval metrics : dsc: 0.872 ; iou: 0.807 ; accuracy: 0.999 ; precision: 0.885 ; recall: 0.909 ; loss: 0.381
2019-01-11 01:34:22,957:INFO: - Found new best DSC
2019-01-11 01:34:22,958:INFO: Epoch 10/45
2019-01-11 01:34:33,006:INFO: - Train metrics: dsc: 0.865 ; iou: 0.802 ; accuracy: 0.999 ; precision: 0.852 ; recall: 0.935 ; loss: 0.333
2019-01-11 01:34:34,102:INFO: - Eval metrics : dsc: 0.868 ; iou: 0.802 ; accuracy: 0.999 ; precision: 0.846 ; recall: 0.939 ; loss: 0.285
2019-01-11 01:34:34,124:INFO: Epoch 11/45
2019-01-11 01:34:44,198:INFO: - Train metrics: dsc: 0.877 ; iou: 0.816 ; accuracy: 0.999 ; precision: 0.868 ; recall: 0.935 ; loss: 0.261
2019-01-11 01:34:45,310:INFO: - Eval metrics : dsc: 0.845 ; iou: 0.780 ; accuracy: 0.999 ; precision: 0.853 ; recall: 0.904 ; loss: 0.269
2019-01-11 01:34:45,338:INFO: Epoch 12/45
2019-01-11 01:34:55,526:INFO: - Train metrics: dsc: 0.875 ; iou: 0.813 ; accuracy: 0.999 ; precision: 0.872 ; recall: 0.928 ; loss: 0.226
2019-01-11 01:34:56,660:INFO: - Eval metrics : dsc: 0.866 ; iou: 0.802 ; accuracy: 0.999 ; precision: 0.847 ; recall: 0.929 ; loss: 0.210
2019-01-11 01:34:56,693:INFO: Epoch 13/45
2019-01-11 01:35:06,757:INFO: - Train metrics: dsc: 0.886 ; iou: 0.829 ; accuracy: 0.999 ; precision: 0.882 ; recall: 0.934 ; loss: 0.188
2019-01-11 01:35:07,903:INFO: - Eval metrics : dsc: 0.856 ; iou: 0.793 ; accuracy: 0.999 ; precision: 0.917 ; recall: 0.865 ; loss: 0.212
2019-01-11 01:35:07,930:INFO: Epoch 14/45
2019-01-11 01:35:18,101:INFO: - Train metrics: dsc: 0.889 ; iou: 0.831 ; accuracy: 0.999 ; precision: 0.885 ; recall: 0.933 ; loss: 0.171
2019-01-11 01:35:19,228:INFO: - Eval metrics : dsc: 0.888 ; iou: 0.826 ; accuracy: 0.999 ; precision: 0.930 ; recall: 0.889 ; loss: 0.165
2019-01-11 01:35:19,259:INFO: - Found new best DSC
2019-01-11 01:35:19,260:INFO: Epoch 15/45
2019-01-11 01:35:29,330:INFO: - Train metrics: dsc: 0.903 ; iou: 0.848 ; accuracy: 0.999 ; precision: 0.898 ; recall: 0.940 ; loss: 0.151
2019-01-11 01:35:30,506:INFO: - Eval metrics : dsc: 0.889 ; iou: 0.831 ; accuracy: 0.999 ; precision: 0.918 ; recall: 0.906 ; loss: 0.151
2019-01-11 01:35:30,544:INFO: - Found new best DSC
2019-01-11 01:35:30,545:INFO: Epoch 16/45
2019-01-11 01:35:40,618:INFO: - Train metrics: dsc: 0.899 ; iou: 0.844 ; accuracy: 0.999 ; precision: 0.898 ; recall: 0.937 ; loss: 0.146
2019-01-11 01:35:41,708:INFO: - Eval metrics : dsc: 0.875 ; iou: 0.810 ; accuracy: 0.999 ; precision: 0.936 ; recall: 0.858 ; loss: 0.160
2019-01-11 01:35:41,735:INFO: Epoch 17/45
2019-01-11 01:35:51,779:INFO: - Train metrics: dsc: 0.899 ; iou: 0.844 ; accuracy: 0.999 ; precision: 0.898 ; recall: 0.935 ; loss: 0.139
2019-01-11 01:35:52,873:INFO: - Eval metrics : dsc: 0.896 ; iou: 0.838 ; accuracy: 0.999 ; precision: 0.922 ; recall: 0.905 ; loss: 0.136
2019-01-11 01:35:52,905:INFO: - Found new best DSC
2019-01-11 01:35:52,905:INFO: Epoch 18/45
2019-01-11 01:36:03,038:INFO: - Train metrics: dsc: 0.906 ; iou: 0.852 ; accuracy: 0.999 ; precision: 0.906 ; recall: 0.936 ; loss: 0.129
2019-01-11 01:36:04,149:INFO: - Eval metrics : dsc: 0.896 ; iou: 0.838 ; accuracy: 0.999 ; precision: 0.917 ; recall: 0.911 ; loss: 0.129
2019-01-11 01:36:04,180:INFO: - Found new best DSC
2019-01-11 01:36:04,180:INFO: Epoch 19/45
2019-01-11 01:36:14,283:INFO: - Train metrics: dsc: 0.906 ; iou: 0.852 ; accuracy: 0.999 ; precision: 0.903 ; recall: 0.940 ; loss: 0.125
2019-01-11 01:36:15,405:INFO: - Eval metrics : dsc: 0.889 ; iou: 0.832 ; accuracy: 0.999 ; precision: 0.903 ; recall: 0.919 ; loss: 0.133
2019-01-11 01:36:15,432:INFO: Epoch 20/45
2019-01-11 01:36:25,594:INFO: - Train metrics: dsc: 0.905 ; iou: 0.851 ; accuracy: 0.999 ; precision: 0.905 ; recall: 0.935 ; loss: 0.124
2019-01-11 01:36:26,706:INFO: - Eval metrics : dsc: 0.896 ; iou: 0.840 ; accuracy: 0.999 ; precision: 0.913 ; recall: 0.915 ; loss: 0.123
2019-01-11 01:36:26,738:INFO: - Found new best DSC
2019-01-11 01:36:26,738:INFO: Epoch 21/45
2019-01-11 01:36:36,830:INFO: - Train metrics: dsc: 0.910 ; iou: 0.858 ; accuracy: 0.999 ; precision: 0.912 ; recall: 0.935 ; loss: 0.118
2019-01-11 01:36:37,961:INFO: - Eval metrics : dsc: 0.878 ; iou: 0.818 ; accuracy: 0.999 ; precision: 0.942 ; recall: 0.865 ; loss: 0.139
2019-01-11 01:36:37,991:INFO: Epoch 22/45
2019-01-11 01:36:48,093:INFO: - Train metrics: dsc: 0.906 ; iou: 0.853 ; accuracy: 0.999 ; precision: 0.904 ; recall: 0.939 ; loss: 0.119
2019-01-11 01:36:49,169:INFO: - Eval metrics : dsc: 0.860 ; iou: 0.787 ; accuracy: 0.999 ; precision: 0.876 ; recall: 0.890 ; loss: 0.159
2019-01-11 01:36:49,197:INFO: Epoch 23/45
2019-01-11 01:36:59,413:INFO: - Train metrics: dsc: 0.903 ; iou: 0.845 ; accuracy: 0.999 ; precision: 0.905 ; recall: 0.929 ; loss: 0.122
2019-01-11 01:37:00,538:INFO: - Eval metrics : dsc: 0.879 ; iou: 0.820 ; accuracy: 0.999 ; precision: 0.934 ; recall: 0.879 ; loss: 0.128
2019-01-11 01:37:00,568:INFO: Epoch 24/45
2019-01-11 01:37:10,650:INFO: - Train metrics: dsc: 0.907 ; iou: 0.851 ; accuracy: 0.999 ; precision: 0.907 ; recall: 0.933 ; loss: 0.114
2019-01-11 01:37:11,827:INFO: - Eval metrics : dsc: 0.880 ; iou: 0.819 ; accuracy: 0.999 ; precision: 0.926 ; recall: 0.882 ; loss: 0.131
2019-01-11 01:37:11,852:INFO: Epoch 25/45
2019-01-11 01:37:22,095:INFO: - Train metrics: dsc: 0.896 ; iou: 0.837 ; accuracy: 0.999 ; precision: 0.900 ; recall: 0.925 ; loss: 0.123
2019-01-11 01:37:23,214:INFO: - Eval metrics : dsc: 0.826 ; iou: 0.754 ; accuracy: 0.998 ; precision: 0.956 ; recall: 0.789 ; loss: 0.183
2019-01-11 01:37:23,236:INFO: Epoch 26/45
2019-01-11 01:37:33,322:INFO: - Train metrics: dsc: 0.907 ; iou: 0.851 ; accuracy: 0.999 ; precision: 0.911 ; recall: 0.929 ; loss: 0.112
2019-01-11 01:37:34,465:INFO: - Eval metrics : dsc: 0.895 ; iou: 0.837 ; accuracy: 0.999 ; precision: 0.903 ; recall: 0.921 ; loss: 0.111
2019-01-11 01:37:34,493:INFO: Epoch 27/45
2019-01-11 01:37:44,689:INFO: - Train metrics: dsc: 0.913 ; iou: 0.861 ; accuracy: 0.999 ; precision: 0.915 ; recall: 0.936 ; loss: 0.102
2019-01-11 01:37:45,863:INFO: - Eval metrics : dsc: 0.888 ; iou: 0.832 ; accuracy: 0.999 ; precision: 0.928 ; recall: 0.891 ; loss: 0.119
2019-01-11 01:37:45,890:INFO: Epoch 28/45
2019-01-11 01:37:56,073:INFO: - Train metrics: dsc: 0.911 ; iou: 0.858 ; accuracy: 0.999 ; precision: 0.914 ; recall: 0.934 ; loss: 0.101
2019-01-11 01:37:57,177:INFO: - Eval metrics : dsc: 0.888 ; iou: 0.832 ; accuracy: 0.999 ; precision: 0.933 ; recall: 0.891 ; loss: 0.119
2019-01-11 01:37:57,206:INFO: Epoch 29/45
2019-01-11 01:38:07,361:INFO: - Train metrics: dsc: 0.914 ; iou: 0.862 ; accuracy: 0.999 ; precision: 0.921 ; recall: 0.933 ; loss: 0.095
2019-01-11 01:38:08,468:INFO: - Eval metrics : dsc: 0.890 ; iou: 0.833 ; accuracy: 0.999 ; precision: 0.894 ; recall: 0.925 ; loss: 0.113
2019-01-11 01:38:08,491:INFO: Epoch 30/45
2019-01-11 01:38:18,650:INFO: - Train metrics: dsc: 0.917 ; iou: 0.867 ; accuracy: 0.999 ; precision: 0.922 ; recall: 0.936 ; loss: 0.085
2019-01-11 01:38:19,689:INFO: - Eval metrics : dsc: 0.880 ; iou: 0.821 ; accuracy: 0.999 ; precision: 0.876 ; recall: 0.933 ; loss: 0.119
2019-01-11 01:38:19,714:INFO: Epoch 31/45
2019-01-11 01:38:29,733:INFO: - Train metrics: dsc: 0.916 ; iou: 0.867 ; accuracy: 0.999 ; precision: 0.923 ; recall: 0.935 ; loss: 0.080
2019-01-11 01:38:30,800:INFO: - Eval metrics : dsc: 0.894 ; iou: 0.836 ; accuracy: 0.999 ; precision: 0.899 ; recall: 0.923 ; loss: 0.106
2019-01-11 01:38:30,829:INFO: Epoch 32/45
2019-01-11 01:38:40,923:INFO: - Train metrics: dsc: 0.919 ; iou: 0.871 ; accuracy: 0.999 ; precision: 0.925 ; recall: 0.938 ; loss: 0.071
2019-01-11 01:38:42,061:INFO: - Eval metrics : dsc: 0.889 ; iou: 0.829 ; accuracy: 0.999 ; precision: 0.943 ; recall: 0.877 ; loss: 0.105
2019-01-11 01:38:42,091:INFO: Epoch 33/45
2019-01-11 01:38:52,233:INFO: - Train metrics: dsc: 0.922 ; iou: 0.875 ; accuracy: 0.999 ; precision: 0.928 ; recall: 0.938 ; loss: 0.063
2019-01-11 01:38:53,303:INFO: - Eval metrics : dsc: 0.892 ; iou: 0.837 ; accuracy: 0.999 ; precision: 0.936 ; recall: 0.890 ; loss: 0.105
2019-01-11 01:38:53,325:INFO: Epoch 34/45
2019-01-11 01:39:03,543:INFO: - Train metrics: dsc: 0.879 ; iou: 0.823 ; accuracy: 0.999 ; precision: 0.916 ; recall: 0.894 ; loss: 0.107
2019-01-11 01:39:04,692:INFO: - Eval metrics : dsc: 0.847 ; iou: 0.786 ; accuracy: 0.999 ; precision: 0.912 ; recall: 0.856 ; loss: 0.152
2019-01-11 01:39:04,726:INFO: Epoch 35/45
2019-01-11 01:39:15,005:INFO: - Train metrics: dsc: 0.877 ; iou: 0.815 ; accuracy: 0.999 ; precision: 0.907 ; recall: 0.894 ; loss: 0.112
2019-01-11 01:39:16,133:INFO: - Eval metrics : dsc: 0.849 ; iou: 0.783 ; accuracy: 0.999 ; precision: 0.887 ; recall: 0.868 ; loss: 0.147
2019-01-11 01:39:16,153:INFO: Epoch 36/45
2019-01-11 01:39:26,261:INFO: - Train metrics: dsc: 0.879 ; iou: 0.815 ; accuracy: 0.999 ; precision: 0.909 ; recall: 0.894 ; loss: 0.105
2019-01-11 01:39:27,427:INFO: - Eval metrics : dsc: 0.835 ; iou: 0.771 ; accuracy: 0.999 ; precision: 0.943 ; recall: 0.804 ; loss: 0.158
2019-01-11 01:39:27,448:INFO: Epoch 37/45
2019-01-11 01:39:37,570:INFO: - Train metrics: dsc: 0.890 ; iou: 0.830 ; accuracy: 0.999 ; precision: 0.910 ; recall: 0.910 ; loss: 0.093
2019-01-11 01:39:38,718:INFO: - Eval metrics : dsc: 0.861 ; iou: 0.798 ; accuracy: 0.999 ; precision: 0.932 ; recall: 0.848 ; loss: 0.130
2019-01-11 01:39:38,748:INFO: Epoch 38/45
2019-01-11 01:39:48,828:INFO: - Train metrics: dsc: 0.907 ; iou: 0.852 ; accuracy: 0.999 ; precision: 0.911 ; recall: 0.929 ; loss: 0.071
2019-01-11 01:39:49,973:INFO: - Eval metrics : dsc: 0.886 ; iou: 0.828 ; accuracy: 0.999 ; precision: 0.909 ; recall: 0.904 ; loss: 0.105
2019-01-11 01:39:49,995:INFO: Epoch 39/45
2019-01-11 01:40:00,149:INFO: - Train metrics: dsc: 0.911 ; iou: 0.857 ; accuracy: 0.999 ; precision: 0.924 ; recall: 0.924 ; loss: 0.066
2019-01-11 01:40:01,267:INFO: - Eval metrics : dsc: 0.869 ; iou: 0.810 ; accuracy: 0.999 ; precision: 0.911 ; recall: 0.880 ; loss: 0.120
2019-01-11 01:40:01,294:INFO: Epoch 40/45
2019-01-11 01:40:11,400:INFO: - Train metrics: dsc: 0.906 ; iou: 0.854 ; accuracy: 0.999 ; precision: 0.922 ; recall: 0.922 ; loss: 0.068
2019-01-11 01:40:12,513:INFO: - Eval metrics : dsc: 0.867 ; iou: 0.808 ; accuracy: 0.999 ; precision: 0.888 ; recall: 0.904 ; loss: 0.123
2019-01-11 01:40:12,541:INFO: Epoch 41/45
2019-01-11 01:40:22,607:INFO: - Train metrics: dsc: 0.907 ; iou: 0.854 ; accuracy: 0.999 ; precision: 0.925 ; recall: 0.919 ; loss: 0.067
2019-01-11 01:40:23,775:INFO: - Eval metrics : dsc: 0.724 ; iou: 0.654 ; accuracy: 0.998 ; precision: 0.958 ; recall: 0.687 ; loss: 0.259
2019-01-11 01:40:23,820:INFO: Epoch 42/45
2019-01-11 01:40:33,917:INFO: - Train metrics: dsc: 0.886 ; iou: 0.822 ; accuracy: 0.999 ; precision: 0.905 ; recall: 0.903 ; loss: 0.089
2019-01-11 01:40:35,000:INFO: - Eval metrics : dsc: 0.874 ; iou: 0.808 ; accuracy: 0.999 ; precision: 0.878 ; recall: 0.916 ; loss: 0.116
2019-01-11 01:40:35,031:INFO: Epoch 43/45
2019-01-11 01:40:45,261:INFO: - Train metrics: dsc: 0.907 ; iou: 0.851 ; accuracy: 0.999 ; precision: 0.918 ; recall: 0.923 ; loss: 0.065
2019-01-11 01:40:46,395:INFO: - Eval metrics : dsc: 0.847 ; iou: 0.790 ; accuracy: 0.999 ; precision: 0.950 ; recall: 0.830 ; loss: 0.136
2019-01-11 01:40:46,422:INFO: Epoch 44/45
2019-01-11 01:40:56,459:INFO: - Train metrics: dsc: 0.866 ; iou: 0.805 ; accuracy: 0.999 ; precision: 0.915 ; recall: 0.877 ; loss: 0.105
2019-01-11 01:40:57,546:INFO: - Eval metrics : dsc: 0.852 ; iou: 0.795 ; accuracy: 0.999 ; precision: 0.931 ; recall: 0.857 ; loss: 0.133
2019-01-11 01:40:57,578:INFO: Epoch 45/45
2019-01-11 01:41:07,729:INFO: - Train metrics: dsc: 0.872 ; iou: 0.812 ; accuracy: 0.999 ; precision: 0.911 ; recall: 0.886 ; loss: 0.101
2019-01-11 01:41:08,857:INFO: - Eval metrics : dsc: 0.868 ; iou: 0.809 ; accuracy: 0.999 ; precision: 0.915 ; recall: 0.877 ; loss: 0.121
2019-01-11 01:41:08,958:INFO: Loading the datasets...
2019-01-11 01:41:13,333:INFO: - done.
2019-01-11 01:41:13,333:INFO: For k-fold 5/5:
2019-01-11 01:41:13,333:INFO: Starting training for 45 epoch(s)
2019-01-11 01:41:13,333:INFO: Epoch 1/45
2019-01-11 01:41:23,350:INFO: - Train metrics: dsc: 0.232 ; iou: 0.147 ; accuracy: 0.912 ; precision: 0.148 ; recall: 0.914 ; loss: 0.961
2019-01-11 01:41:24,451:INFO: - Eval metrics : dsc: 0.452 ; iou: 0.314 ; accuracy: 0.983 ; precision: 0.315 ; recall: 0.975 ; loss: 0.952
2019-01-11 01:41:24,483:INFO: - Found new best DSC
2019-01-11 01:41:24,483:INFO: Epoch 2/45
2019-01-11 01:41:34,573:INFO: - Train metrics: dsc: 0.566 ; iou: 0.424 ; accuracy: 0.990 ; precision: 0.425 ; recall: 0.968 ; loss: 0.945
2019-01-11 01:41:35,723:INFO: - Eval metrics : dsc: 0.525 ; iou: 0.383 ; accuracy: 0.988 ; precision: 0.384 ; recall: 0.979 ; loss: 0.941
2019-01-11 01:41:35,766:INFO: - Found new best DSC
2019-01-11 01:41:35,767:INFO: Epoch 3/45
2019-01-11 01:41:45,837:INFO: - Train metrics: dsc: 0.641 ; iou: 0.505 ; accuracy: 0.993 ; precision: 0.507 ; recall: 0.975 ; loss: 0.932
2019-01-11 01:41:46,904:INFO: - Eval metrics : dsc: 0.594 ; iou: 0.454 ; accuracy: 0.991 ; precision: 0.460 ; recall: 0.977 ; loss: 0.924
2019-01-11 01:41:46,931:INFO: - Found new best DSC
2019-01-11 01:41:46,932:INFO: Epoch 4/45
2019-01-11 01:41:56,922:INFO: - Train metrics: dsc: 0.637 ; iou: 0.506 ; accuracy: 0.993 ; precision: 0.511 ; recall: 0.967 ; loss: 0.906
2019-01-11 01:41:58,016:INFO: - Eval metrics : dsc: 0.566 ; iou: 0.445 ; accuracy: 0.984 ; precision: 0.448 ; recall: 0.969 ; loss: 0.884
2019-01-11 01:41:58,044:INFO: Epoch 5/45
2019-01-11 01:42:08,099:INFO: - Train metrics: dsc: 0.706 ; iou: 0.589 ; accuracy: 0.995 ; precision: 0.600 ; recall: 0.963 ; loss: 0.854
2019-01-11 01:42:09,207:INFO: - Eval metrics : dsc: 0.524 ; iou: 0.388 ; accuracy: 0.987 ; precision: 0.389 ; recall: 0.980 ; loss: 0.762
2019-01-11 01:42:09,235:INFO: Epoch 6/45
2019-01-11 01:42:19,239:INFO: - Train metrics: dsc: 0.691 ; iou: 0.581 ; accuracy: 0.994 ; precision: 0.596 ; recall: 0.951 ; loss: 0.772
2019-01-11 01:42:20,375:INFO: - Eval metrics : dsc: 0.767 ; iou: 0.670 ; accuracy: 0.997 ; precision: 0.744 ; recall: 0.884 ; loss: 0.674
2019-01-11 01:42:20,404:INFO: - Found new best DSC
2019-01-11 01:42:20,405:INFO: Epoch 7/45
2019-01-11 01:42:30,499:INFO: - Train metrics: dsc: 0.726 ; iou: 0.623 ; accuracy: 0.994 ; precision: 0.649 ; recall: 0.946 ; loss: 0.688
2019-01-11 01:42:31,580:INFO: - Eval metrics : dsc: 0.712 ; iou: 0.608 ; accuracy: 0.994 ; precision: 0.621 ; recall: 0.963 ; loss: 0.676
2019-01-11 01:42:31,609:INFO: Epoch 8/45
2019-01-11 01:42:41,659:INFO: - Train metrics: dsc: 0.795 ; iou: 0.708 ; accuracy: 0.997 ; precision: 0.741 ; recall: 0.943 ; loss: 0.599
2019-01-11 01:42:42,836:INFO: - Eval metrics : dsc: 0.766 ; iou: 0.681 ; accuracy: 0.995 ; precision: 0.720 ; recall: 0.936 ; loss: 0.589
2019-01-11 01:42:42,862:INFO: Epoch 9/45
2019-01-11 01:42:52,976:INFO: - Train metrics: dsc: 0.852 ; iou: 0.779 ; accuracy: 0.998 ; precision: 0.823 ; recall: 0.940 ; loss: 0.468
2019-01-11 01:42:54,070:INFO: - Eval metrics : dsc: 0.867 ; iou: 0.800 ; accuracy: 0.999 ; precision: 0.873 ; recall: 0.918 ; loss: 0.410
2019-01-11 01:42:54,096:INFO: - Found new best DSC
2019-01-11 01:42:54,096:INFO: Epoch 10/45
2019-01-11 01:43:04,133:INFO: - Train metrics: dsc: 0.872 ; iou: 0.806 ; accuracy: 0.999 ; precision: 0.855 ; recall: 0.938 ; loss: 0.344
2019-01-11 01:43:05,278:INFO: - Eval metrics : dsc: 0.870 ; iou: 0.805 ; accuracy: 0.999 ; precision: 0.852 ; recall: 0.935 ; loss: 0.294
2019-01-11 01:43:05,309:INFO: - Found new best DSC
2019-01-11 01:43:05,310:INFO: Epoch 11/45
2019-01-11 01:43:15,323:INFO: - Train metrics: dsc: 0.876 ; iou: 0.810 ; accuracy: 0.999 ; precision: 0.868 ; recall: 0.930 ; loss: 0.267
2019-01-11 01:43:16,398:INFO: - Eval metrics : dsc: 0.866 ; iou: 0.798 ; accuracy: 0.999 ; precision: 0.855 ; recall: 0.920 ; loss: 0.262
2019-01-11 01:43:16,425:INFO: Epoch 12/45
2019-01-11 01:43:26,540:INFO: - Train metrics: dsc: 0.888 ; iou: 0.826 ; accuracy: 0.999 ; precision: 0.882 ; recall: 0.932 ; loss: 0.218
2019-01-11 01:43:27,661:INFO: - Eval metrics : dsc: 0.868 ; iou: 0.793 ; accuracy: 0.998 ; precision: 0.820 ; recall: 0.964 ; loss: 0.227
2019-01-11 01:43:27,690:INFO: Epoch 13/45
2019-01-11 01:43:37,764:INFO: - Train metrics: dsc: 0.894 ; iou: 0.833 ; accuracy: 0.999 ; precision: 0.889 ; recall: 0.933 ; loss: 0.185
2019-01-11 01:43:38,857:INFO: - Eval metrics : dsc: 0.879 ; iou: 0.814 ; accuracy: 0.999 ; precision: 0.875 ; recall: 0.927 ; loss: 0.191
2019-01-11 01:43:38,910:INFO: - Found new best DSC
2019-01-11 01:43:38,910:INFO: Epoch 14/45
2019-01-11 01:43:49,125:INFO: - Train metrics: dsc: 0.892 ; iou: 0.831 ; accuracy: 0.999 ; precision: 0.890 ; recall: 0.932 ; loss: 0.168
2019-01-11 01:43:50,247:INFO: - Eval metrics : dsc: 0.890 ; iou: 0.831 ; accuracy: 0.999 ; precision: 0.902 ; recall: 0.916 ; loss: 0.169
2019-01-11 01:43:50,291:INFO: - Found new best DSC
2019-01-11 01:43:50,291:INFO: Epoch 15/45
2019-01-11 01:44:00,473:INFO: - Train metrics: dsc: 0.900 ; iou: 0.842 ; accuracy: 0.999 ; precision: 0.895 ; recall: 0.938 ; loss: 0.149
2019-01-11 01:44:01,544:INFO: - Eval metrics : dsc: 0.874 ; iou: 0.813 ; accuracy: 0.999 ; precision: 0.868 ; recall: 0.934 ; loss: 0.159
2019-01-11 01:44:01,571:INFO: Epoch 16/45
2019-01-11 01:44:11,679:INFO: - Train metrics: dsc: 0.907 ; iou: 0.850 ; accuracy: 0.999 ; precision: 0.901 ; recall: 0.941 ; loss: 0.138
2019-01-11 01:44:12,842:INFO: - Eval metrics : dsc: 0.884 ; iou: 0.824 ; accuracy: 0.999 ; precision: 0.870 ; recall: 0.943 ; loss: 0.152
2019-01-11 01:44:12,888:INFO: Epoch 17/45
2019-01-11 01:44:22,905:INFO: - Train metrics: dsc: 0.906 ; iou: 0.849 ; accuracy: 0.999 ; precision: 0.902 ; recall: 0.939 ; loss: 0.132
2019-01-11 01:44:23,950:INFO: - Eval metrics : dsc: 0.881 ; iou: 0.822 ; accuracy: 0.999 ; precision: 0.886 ; recall: 0.926 ; loss: 0.147
2019-01-11 01:44:23,978:INFO: Epoch 18/45
2019-01-11 01:44:34,168:INFO: - Train metrics: dsc: 0.907 ; iou: 0.852 ; accuracy: 0.999 ; precision: 0.904 ; recall: 0.939 ; loss: 0.127
2019-01-11 01:44:35,233:INFO: - Eval metrics : dsc: 0.877 ; iou: 0.819 ; accuracy: 0.999 ; precision: 0.860 ; recall: 0.946 ; loss: 0.146
2019-01-11 01:44:35,261:INFO: Epoch 19/45
2019-01-11 01:44:45,441:INFO: - Train metrics: dsc: 0.913 ; iou: 0.859 ; accuracy: 0.999 ; precision: 0.908 ; recall: 0.943 ; loss: 0.120
2019-01-11 01:44:46,507:INFO: - Eval metrics : dsc: 0.893 ; iou: 0.837 ; accuracy: 0.999 ; precision: 0.909 ; recall: 0.919 ; loss: 0.140
2019-01-11 01:44:46,533:INFO: - Found new best DSC
2019-01-11 01:44:46,533:INFO: Epoch 20/45
2019-01-11 01:44:56,478:INFO: - Train metrics: dsc: 0.910 ; iou: 0.855 ; accuracy: 0.999 ; precision: 0.912 ; recall: 0.934 ; loss: 0.119
2019-01-11 01:44:57,601:INFO: - Eval metrics : dsc: 0.889 ; iou: 0.829 ; accuracy: 0.999 ; precision: 0.926 ; recall: 0.889 ; loss: 0.143
2019-01-11 01:44:57,627:INFO: Epoch 21/45
2019-01-11 01:45:07,857:INFO: - Train metrics: dsc: 0.913 ; iou: 0.860 ; accuracy: 0.999 ; precision: 0.913 ; recall: 0.938 ; loss: 0.113
2019-01-11 01:45:08,998:INFO: - Eval metrics : dsc: 0.896 ; iou: 0.840 ; accuracy: 0.999 ; precision: 0.904 ; recall: 0.923 ; loss: 0.127
2019-01-11 01:45:09,027:INFO: - Found new best DSC
2019-01-11 01:45:09,028:INFO: Epoch 22/45
2019-01-11 01:45:19,245:INFO: - Train metrics: dsc: 0.918 ; iou: 0.866 ; accuracy: 0.999 ; precision: 0.919 ; recall: 0.940 ; loss: 0.108
2019-01-11 01:45:20,374:INFO: - Eval metrics : dsc: 0.886 ; iou: 0.827 ; accuracy: 0.999 ; precision: 0.909 ; recall: 0.909 ; loss: 0.131
2019-01-11 01:45:20,401:INFO: Epoch 23/45
2019-01-11 01:45:30,417:INFO: - Train metrics: dsc: 0.905 ; iou: 0.849 ; accuracy: 0.999 ; precision: 0.905 ; recall: 0.934 ; loss: 0.115
2019-01-11 01:45:31,508:INFO: - Eval metrics : dsc: 0.882 ; iou: 0.825 ; accuracy: 0.999 ; precision: 0.897 ; recall: 0.913 ; loss: 0.138
2019-01-11 01:45:31,551:INFO: Epoch 24/45
2019-01-11 01:45:41,621:INFO: - Train metrics: dsc: 0.899 ; iou: 0.842 ; accuracy: 0.999 ; precision: 0.906 ; recall: 0.926 ; loss: 0.117
2019-01-11 01:45:42,737:INFO: - Eval metrics : dsc: 0.883 ; iou: 0.822 ; accuracy: 0.999 ; precision: 0.916 ; recall: 0.887 ; loss: 0.138
2019-01-11 01:45:42,764:INFO: Epoch 25/45
2019-01-11 01:45:52,887:INFO: - Train metrics: dsc: 0.917 ; iou: 0.864 ; accuracy: 0.999 ; precision: 0.917 ; recall: 0.938 ; loss: 0.104
2019-01-11 01:45:53,933:INFO: - Eval metrics : dsc: 0.886 ; iou: 0.829 ; accuracy: 0.999 ; precision: 0.906 ; recall: 0.914 ; loss: 0.127
2019-01-11 01:45:53,960:INFO: Epoch 26/45
2019-01-11 01:46:04,163:INFO: - Train metrics: dsc: 0.911 ; iou: 0.856 ; accuracy: 0.999 ; precision: 0.912 ; recall: 0.934 ; loss: 0.106
2019-01-11 01:46:05,284:INFO: - Eval metrics : dsc: 0.887 ; iou: 0.830 ; accuracy: 0.999 ; precision: 0.905 ; recall: 0.911 ; loss: 0.129
2019-01-11 01:46:05,314:INFO: Epoch 27/45
2019-01-11 01:46:15,446:INFO: - Train metrics: dsc: 0.897 ; iou: 0.838 ; accuracy: 0.999 ; precision: 0.901 ; recall: 0.926 ; loss: 0.115
2019-01-11 01:46:16,611:INFO: - Eval metrics : dsc: 0.882 ; iou: 0.825 ; accuracy: 0.999 ; precision: 0.905 ; recall: 0.911 ; loss: 0.133
2019-01-11 01:46:16,633:INFO: Epoch 28/45
2019-01-11 01:46:26,872:INFO: - Train metrics: dsc: 0.913 ; iou: 0.860 ; accuracy: 0.999 ; precision: 0.917 ; recall: 0.933 ; loss: 0.100
2019-01-11 01:46:27,979:INFO: - Eval metrics : dsc: 0.890 ; iou: 0.833 ; accuracy: 0.999 ; precision: 0.901 ; recall: 0.917 ; loss: 0.122
2019-01-11 01:46:28,000:INFO: Epoch 29/45
2019-01-11 01:46:38,301:INFO: - Train metrics: dsc: 0.915 ; iou: 0.861 ; accuracy: 0.999 ; precision: 0.916 ; recall: 0.937 ; loss: 0.096
2019-01-11 01:46:39,445:INFO: - Eval metrics : dsc: 0.882 ; iou: 0.825 ; accuracy: 0.999 ; precision: 0.896 ; recall: 0.919 ; loss: 0.124
2019-01-11 01:46:39,491:INFO: Epoch 30/45
2019-01-11 01:46:49,611:INFO: - Train metrics: dsc: 0.915 ; iou: 0.861 ; accuracy: 0.999 ; precision: 0.916 ; recall: 0.937 ; loss: 0.091
2019-01-11 01:46:50,763:INFO: - Eval metrics : dsc: 0.891 ; iou: 0.836 ; accuracy: 0.999 ; precision: 0.897 ; recall: 0.926 ; loss: 0.112
2019-01-11 01:46:50,791:INFO: Epoch 31/45
2019-01-11 01:47:00,842:INFO: - Train metrics: dsc: 0.921 ; iou: 0.869 ; accuracy: 0.999 ; precision: 0.922 ; recall: 0.938 ; loss: 0.079
2019-01-11 01:47:01,970:INFO: - Eval metrics : dsc: 0.884 ; iou: 0.827 ; accuracy: 0.999 ; precision: 0.874 ; recall: 0.943 ; loss: 0.111
2019-01-11 01:47:02,001:INFO: Epoch 32/45
2019-01-11 01:47:12,202:INFO: - Train metrics: dsc: 0.923 ; iou: 0.872 ; accuracy: 0.999 ; precision: 0.923 ; recall: 0.941 ; loss: 0.075
2019-01-11 01:47:13,356:INFO: - Eval metrics : dsc: 0.895 ; iou: 0.841 ; accuracy: 0.999 ; precision: 0.901 ; recall: 0.931 ; loss: 0.096
2019-01-11 01:47:13,388:INFO: Epoch 33/45
2019-01-11 01:47:23,459:INFO: - Train metrics: dsc: 0.918 ; iou: 0.867 ; accuracy: 0.999 ; precision: 0.924 ; recall: 0.936 ; loss: 0.074
2019-01-11 01:47:24,603:INFO: - Eval metrics : dsc: 0.703 ; iou: 0.584 ; accuracy: 0.995 ; precision: 0.594 ; recall: 0.962 ; loss: 0.298
2019-01-11 01:47:24,631:INFO: Epoch 34/45
2019-01-11 01:47:34,763:INFO: - Train metrics: dsc: 0.879 ; iou: 0.814 ; accuracy: 0.999 ; precision: 0.894 ; recall: 0.908 ; loss: 0.115
2019-01-11 01:47:35,903:INFO: - Eval metrics : dsc: 0.866 ; iou: 0.809 ; accuracy: 0.999 ; precision: 0.871 ; recall: 0.927 ; loss: 0.129
2019-01-11 01:47:35,931:INFO: Epoch 35/45
2019-01-11 01:47:45,988:INFO: - Train metrics: dsc: 0.900 ; iou: 0.842 ; accuracy: 0.999 ; precision: 0.914 ; recall: 0.918 ; loss: 0.090
2019-01-11 01:47:47,097:INFO: - Eval metrics : dsc: 0.869 ; iou: 0.804 ; accuracy: 0.999 ; precision: 0.861 ; recall: 0.923 ; loss: 0.122
2019-01-11 01:47:47,136:INFO: Epoch 36/45
2019-01-11 01:47:57,349:INFO: - Train metrics: dsc: 0.871 ; iou: 0.809 ; accuracy: 0.999 ; precision: 0.908 ; recall: 0.888 ; loss: 0.116
2019-01-11 01:47:58,463:INFO: - Eval metrics : dsc: 0.875 ; iou: 0.813 ; accuracy: 0.999 ; precision: 0.862 ; recall: 0.940 ; loss: 0.112
2019-01-11 01:47:58,485:INFO: Epoch 37/45
2019-01-11 01:48:08,510:INFO: - Train metrics: dsc: 0.847 ; iou: 0.775 ; accuracy: 0.998 ; precision: 0.901 ; recall: 0.858 ; loss: 0.137
2019-01-11 01:48:09,602:INFO: - Eval metrics : dsc: 0.876 ; iou: 0.809 ; accuracy: 0.999 ; precision: 0.924 ; recall: 0.874 ; loss: 0.107
2019-01-11 01:48:09,634:INFO: Epoch 38/45
2019-01-11 01:48:19,727:INFO: - Train metrics: dsc: 0.886 ; iou: 0.825 ; accuracy: 0.999 ; precision: 0.914 ; recall: 0.898 ; loss: 0.097
2019-01-11 01:48:20,850:INFO: - Eval metrics : dsc: 0.797 ; iou: 0.704 ; accuracy: 0.998 ; precision: 0.770 ; recall: 0.886 ; loss: 0.201
2019-01-11 01:48:20,878:INFO: Epoch 39/45
2019-01-11 01:48:31,105:INFO: - Train metrics: dsc: 0.884 ; iou: 0.819 ; accuracy: 0.999 ; precision: 0.913 ; recall: 0.896 ; loss: 0.094
2019-01-11 01:48:32,288:INFO: - Eval metrics : dsc: 0.887 ; iou: 0.825 ; accuracy: 0.999 ; precision: 0.902 ; recall: 0.910 ; loss: 0.092
2019-01-11 01:48:32,315:INFO: Epoch 40/45
2019-01-11 01:48:42,549:INFO: - Train metrics: dsc: 0.906 ; iou: 0.849 ; accuracy: 0.999 ; precision: 0.916 ; recall: 0.924 ; loss: 0.072
2019-01-11 01:48:43,616:INFO: - Eval metrics : dsc: 0.888 ; iou: 0.831 ; accuracy: 0.999 ; precision: 0.890 ; recall: 0.931 ; loss: 0.093
2019-01-11 01:48:43,646:INFO: Epoch 41/45
2019-01-11 01:48:53,681:INFO: - Train metrics: dsc: 0.915 ; iou: 0.861 ; accuracy: 0.999 ; precision: 0.920 ; recall: 0.932 ; loss: 0.061
2019-01-11 01:48:54,808:INFO: - Eval metrics : dsc: 0.886 ; iou: 0.830 ; accuracy: 0.999 ; precision: 0.893 ; recall: 0.927 ; loss: 0.093
2019-01-11 01:48:54,833:INFO: Epoch 42/45
2019-01-11 01:49:04,920:INFO: - Train metrics: dsc: 0.919 ; iou: 0.866 ; accuracy: 0.999 ; precision: 0.925 ; recall: 0.932 ; loss: 0.056
2019-01-11 01:49:06,007:INFO: - Eval metrics : dsc: 0.886 ; iou: 0.830 ; accuracy: 0.999 ; precision: 0.882 ; recall: 0.934 ; loss: 0.092
2019-01-11 01:49:06,037:INFO: Epoch 43/45
2019-01-11 01:49:16,122:INFO: - Train metrics: dsc: 0.918 ; iou: 0.867 ; accuracy: 0.999 ; precision: 0.926 ; recall: 0.933 ; loss: 0.055
2019-01-11 01:49:17,288:INFO: - Eval metrics : dsc: 0.888 ; iou: 0.832 ; accuracy: 0.999 ; precision: 0.923 ; recall: 0.900 ; loss: 0.091
2019-01-11 01:49:17,317:INFO: Epoch 44/45
2019-01-11 01:49:27,429:INFO: - Train metrics: dsc: 0.916 ; iou: 0.863 ; accuracy: 0.999 ; precision: 0.925 ; recall: 0.930 ; loss: 0.058
2019-01-11 01:49:28,573:INFO: - Eval metrics : dsc: 0.863 ; iou: 0.802 ; accuracy: 0.999 ; precision: 0.889 ; recall: 0.897 ; loss: 0.112
2019-01-11 01:49:28,613:INFO: Epoch 45/45
2019-01-11 01:49:38,745:INFO: - Train metrics: dsc: 0.915 ; iou: 0.862 ; accuracy: 0.999 ; precision: 0.925 ; recall: 0.928 ; loss: 0.057
2019-01-11 01:49:39,879:INFO: - Eval metrics : dsc: 0.886 ; iou: 0.831 ; accuracy: 0.999 ; precision: 0.890 ; recall: 0.923 ; loss: 0.092
