2019-01-17 13:34:52,098:INFO: Loading the datasets...
2019-01-17 13:34:56,295:INFO: - done.
2019-01-17 13:34:56,296:INFO: For k-fold 1/5:
2019-01-17 13:34:56,296:INFO: Starting training for 45 epoch(s)
2019-01-17 13:34:56,296:INFO: Restoring parameters from experiments/ENDO/model_ModelA_transfer/data_augmentation/data_rot/batch_size_3/learning_rate_1e-05/EPI-modelA_random-data_rot-batch_size_3-learning_rate_1e-04-best.pth.tar
2019-01-17 13:34:56,319:INFO: Epoch 1/45
2019-01-17 13:35:07,516:INFO: - Train metrics: dsc: 0.751 ; iou: 0.636 ; accuracy: 0.996 ; precision: 0.687 ; recall: 0.933 ; loss: 0.248
2019-01-17 13:35:08,592:INFO: - Eval metrics : dsc: 0.832 ; iou: 0.745 ; accuracy: 0.998 ; precision: 0.815 ; recall: 0.914 ; loss: 0.165
2019-01-17 13:35:08,604:INFO: - Found new best DSC
2019-01-17 13:35:08,604:INFO: Epoch 2/45
2019-01-17 13:35:19,306:INFO: - Train metrics: dsc: 0.862 ; iou: 0.786 ; accuracy: 0.999 ; precision: 0.859 ; recall: 0.912 ; loss: 0.134
2019-01-17 13:35:20,388:INFO: - Eval metrics : dsc: 0.860 ; iou: 0.785 ; accuracy: 0.999 ; precision: 0.850 ; recall: 0.922 ; loss: 0.135
2019-01-17 13:35:20,409:INFO: - Found new best DSC
2019-01-17 13:35:20,409:INFO: Epoch 3/45
2019-01-17 13:35:31,146:INFO: - Train metrics: dsc: 0.881 ; iou: 0.810 ; accuracy: 0.999 ; precision: 0.874 ; recall: 0.923 ; loss: 0.114
2019-01-17 13:35:32,271:INFO: - Eval metrics : dsc: 0.868 ; iou: 0.797 ; accuracy: 0.999 ; precision: 0.856 ; recall: 0.929 ; loss: 0.130
2019-01-17 13:35:32,292:INFO: - Found new best DSC
2019-01-17 13:35:32,292:INFO: Epoch 4/45
2019-01-17 13:35:43,042:INFO: - Train metrics: dsc: 0.887 ; iou: 0.820 ; accuracy: 0.999 ; precision: 0.887 ; recall: 0.922 ; loss: 0.107
2019-01-17 13:35:44,152:INFO: - Eval metrics : dsc: 0.871 ; iou: 0.802 ; accuracy: 0.999 ; precision: 0.855 ; recall: 0.935 ; loss: 0.123
2019-01-17 13:35:44,173:INFO: - Found new best DSC
2019-01-17 13:35:44,173:INFO: Epoch 5/45
2019-01-17 13:35:54,958:INFO: - Train metrics: dsc: 0.894 ; iou: 0.828 ; accuracy: 0.999 ; precision: 0.894 ; recall: 0.923 ; loss: 0.097
2019-01-17 13:35:56,042:INFO: - Eval metrics : dsc: 0.872 ; iou: 0.805 ; accuracy: 0.999 ; precision: 0.877 ; recall: 0.915 ; loss: 0.117
2019-01-17 13:35:56,063:INFO: - Found new best DSC
2019-01-17 13:35:56,063:INFO: Epoch 6/45
2019-01-17 13:36:06,843:INFO: - Train metrics: dsc: 0.899 ; iou: 0.834 ; accuracy: 0.999 ; precision: 0.903 ; recall: 0.921 ; loss: 0.090
2019-01-17 13:36:07,935:INFO: - Eval metrics : dsc: 0.878 ; iou: 0.812 ; accuracy: 0.999 ; precision: 0.880 ; recall: 0.920 ; loss: 0.113
2019-01-17 13:36:07,952:INFO: - Found new best DSC
2019-01-17 13:36:07,952:INFO: Epoch 7/45
2019-01-17 13:36:18,764:INFO: - Train metrics: dsc: 0.900 ; iou: 0.836 ; accuracy: 0.999 ; precision: 0.904 ; recall: 0.922 ; loss: 0.089
2019-01-17 13:36:19,804:INFO: - Eval metrics : dsc: 0.878 ; iou: 0.812 ; accuracy: 0.999 ; precision: 0.882 ; recall: 0.918 ; loss: 0.112
2019-01-17 13:36:19,824:INFO: Epoch 8/45
2019-01-17 13:36:30,626:INFO: - Train metrics: dsc: 0.903 ; iou: 0.839 ; accuracy: 0.999 ; precision: 0.900 ; recall: 0.929 ; loss: 0.086
2019-01-17 13:36:31,715:INFO: - Eval metrics : dsc: 0.881 ; iou: 0.816 ; accuracy: 0.999 ; precision: 0.880 ; recall: 0.923 ; loss: 0.109
2019-01-17 13:36:31,730:INFO: - Found new best DSC
2019-01-17 13:36:31,730:INFO: Epoch 9/45
2019-01-17 13:36:42,517:INFO: - Train metrics: dsc: 0.902 ; iou: 0.839 ; accuracy: 0.999 ; precision: 0.908 ; recall: 0.921 ; loss: 0.086
2019-01-17 13:36:43,604:INFO: - Eval metrics : dsc: 0.877 ; iou: 0.810 ; accuracy: 0.999 ; precision: 0.898 ; recall: 0.902 ; loss: 0.113
2019-01-17 13:36:43,619:INFO: Epoch 10/45
2019-01-17 13:36:54,405:INFO: - Train metrics: dsc: 0.904 ; iou: 0.841 ; accuracy: 0.999 ; precision: 0.905 ; recall: 0.926 ; loss: 0.083
2019-01-17 13:36:55,491:INFO: - Eval metrics : dsc: 0.880 ; iou: 0.815 ; accuracy: 0.999 ; precision: 0.887 ; recall: 0.917 ; loss: 0.109
2019-01-17 13:36:55,504:INFO: Epoch 11/45
2019-01-17 13:37:06,291:INFO: - Train metrics: dsc: 0.904 ; iou: 0.841 ; accuracy: 0.999 ; precision: 0.908 ; recall: 0.923 ; loss: 0.084
2019-01-17 13:37:07,428:INFO: - Eval metrics : dsc: 0.878 ; iou: 0.812 ; accuracy: 0.999 ; precision: 0.891 ; recall: 0.911 ; loss: 0.111
2019-01-17 13:37:07,446:INFO: Epoch 12/45
2019-01-17 13:37:18,220:INFO: - Train metrics: dsc: 0.906 ; iou: 0.844 ; accuracy: 0.999 ; precision: 0.908 ; recall: 0.926 ; loss: 0.079
2019-01-17 13:37:19,289:INFO: - Eval metrics : dsc: 0.881 ; iou: 0.816 ; accuracy: 0.999 ; precision: 0.886 ; recall: 0.920 ; loss: 0.108
2019-01-17 13:37:19,305:INFO: - Found new best DSC
2019-01-17 13:37:19,305:INFO: Epoch 13/45
2019-01-17 13:37:30,096:INFO: - Train metrics: dsc: 0.908 ; iou: 0.846 ; accuracy: 0.999 ; precision: 0.907 ; recall: 0.930 ; loss: 0.078
2019-01-17 13:37:31,186:INFO: - Eval metrics : dsc: 0.882 ; iou: 0.817 ; accuracy: 0.999 ; precision: 0.890 ; recall: 0.916 ; loss: 0.107
2019-01-17 13:37:31,199:INFO: - Found new best DSC
2019-01-17 13:37:31,199:INFO: Epoch 14/45
2019-01-17 13:37:42,001:INFO: - Train metrics: dsc: 0.907 ; iou: 0.846 ; accuracy: 0.999 ; precision: 0.907 ; recall: 0.929 ; loss: 0.078
2019-01-17 13:37:43,116:INFO: - Eval metrics : dsc: 0.882 ; iou: 0.818 ; accuracy: 0.999 ; precision: 0.893 ; recall: 0.914 ; loss: 0.107
2019-01-17 13:37:43,139:INFO: - Found new best DSC
2019-01-17 13:37:43,139:INFO: Epoch 15/45
2019-01-17 13:37:53,978:INFO: - Train metrics: dsc: 0.908 ; iou: 0.847 ; accuracy: 0.999 ; precision: 0.909 ; recall: 0.929 ; loss: 0.076
2019-01-17 13:37:55,059:INFO: - Eval metrics : dsc: 0.883 ; iou: 0.820 ; accuracy: 0.999 ; precision: 0.886 ; recall: 0.922 ; loss: 0.105
2019-01-17 13:37:55,075:INFO: - Found new best DSC
2019-01-17 13:37:55,075:INFO: Epoch 16/45
2019-01-17 13:38:05,911:INFO: - Train metrics: dsc: 0.909 ; iou: 0.849 ; accuracy: 0.999 ; precision: 0.906 ; recall: 0.932 ; loss: 0.076
2019-01-17 13:38:07,015:INFO: - Eval metrics : dsc: 0.884 ; iou: 0.822 ; accuracy: 0.999 ; precision: 0.879 ; recall: 0.931 ; loss: 0.104
2019-01-17 13:38:07,045:INFO: - Found new best DSC
2019-01-17 13:38:07,045:INFO: Epoch 17/45
2019-01-17 13:38:17,897:INFO: - Train metrics: dsc: 0.908 ; iou: 0.847 ; accuracy: 0.999 ; precision: 0.911 ; recall: 0.927 ; loss: 0.076
2019-01-17 13:38:19,004:INFO: - Eval metrics : dsc: 0.883 ; iou: 0.819 ; accuracy: 0.999 ; precision: 0.890 ; recall: 0.917 ; loss: 0.105
2019-01-17 13:38:19,022:INFO: Epoch 18/45
2019-01-17 13:38:29,836:INFO: - Train metrics: dsc: 0.910 ; iou: 0.849 ; accuracy: 0.999 ; precision: 0.911 ; recall: 0.929 ; loss: 0.076
2019-01-17 13:38:30,963:INFO: - Eval metrics : dsc: 0.883 ; iou: 0.821 ; accuracy: 0.999 ; precision: 0.880 ; recall: 0.929 ; loss: 0.105
2019-01-17 13:38:30,978:INFO: Epoch 19/45
2019-01-17 13:38:41,835:INFO: - Train metrics: dsc: 0.910 ; iou: 0.850 ; accuracy: 0.999 ; precision: 0.910 ; recall: 0.931 ; loss: 0.074
2019-01-17 13:38:42,976:INFO: - Eval metrics : dsc: 0.884 ; iou: 0.822 ; accuracy: 0.999 ; precision: 0.883 ; recall: 0.927 ; loss: 0.103
2019-01-17 13:38:42,995:INFO: Epoch 20/45
2019-01-17 13:38:53,850:INFO: - Train metrics: dsc: 0.911 ; iou: 0.852 ; accuracy: 0.999 ; precision: 0.911 ; recall: 0.932 ; loss: 0.072
2019-01-17 13:38:54,981:INFO: - Eval metrics : dsc: 0.886 ; iou: 0.824 ; accuracy: 0.999 ; precision: 0.887 ; recall: 0.927 ; loss: 0.101
2019-01-17 13:38:54,996:INFO: - Found new best DSC
2019-01-17 13:38:54,996:INFO: Epoch 21/45
2019-01-17 13:39:05,819:INFO: - Train metrics: dsc: 0.908 ; iou: 0.848 ; accuracy: 0.999 ; precision: 0.916 ; recall: 0.923 ; loss: 0.077
2019-01-17 13:39:06,859:INFO: - Eval metrics : dsc: 0.883 ; iou: 0.820 ; accuracy: 0.999 ; precision: 0.879 ; recall: 0.929 ; loss: 0.104
2019-01-17 13:39:06,872:INFO: Epoch 22/45
2019-01-17 13:39:17,720:INFO: - Train metrics: dsc: 0.911 ; iou: 0.851 ; accuracy: 0.999 ; precision: 0.915 ; recall: 0.925 ; loss: 0.072
2019-01-17 13:39:18,808:INFO: - Eval metrics : dsc: 0.880 ; iou: 0.817 ; accuracy: 0.999 ; precision: 0.895 ; recall: 0.912 ; loss: 0.104
2019-01-17 13:39:18,827:INFO: Epoch 23/45
2019-01-17 13:39:29,679:INFO: - Train metrics: dsc: 0.911 ; iou: 0.852 ; accuracy: 0.999 ; precision: 0.911 ; recall: 0.931 ; loss: 0.070
2019-01-17 13:39:30,805:INFO: - Eval metrics : dsc: 0.885 ; iou: 0.823 ; accuracy: 0.999 ; precision: 0.891 ; recall: 0.921 ; loss: 0.101
2019-01-17 13:39:30,816:INFO: Epoch 24/45
2019-01-17 13:39:41,606:INFO: - Train metrics: dsc: 0.914 ; iou: 0.855 ; accuracy: 0.999 ; precision: 0.916 ; recall: 0.930 ; loss: 0.067
2019-01-17 13:39:42,702:INFO: - Eval metrics : dsc: 0.887 ; iou: 0.824 ; accuracy: 0.999 ; precision: 0.895 ; recall: 0.918 ; loss: 0.100
2019-01-17 13:39:42,724:INFO: - Found new best DSC
2019-01-17 13:39:42,725:INFO: Epoch 25/45
2019-01-17 13:39:53,647:INFO: - Train metrics: dsc: 0.913 ; iou: 0.855 ; accuracy: 0.999 ; precision: 0.916 ; recall: 0.930 ; loss: 0.067
2019-01-17 13:39:54,773:INFO: - Eval metrics : dsc: 0.887 ; iou: 0.825 ; accuracy: 0.999 ; precision: 0.892 ; recall: 0.923 ; loss: 0.099
2019-01-17 13:39:54,796:INFO: - Found new best DSC
2019-01-17 13:39:54,796:INFO: Epoch 26/45
2019-01-17 13:40:05,649:INFO: - Train metrics: dsc: 0.915 ; iou: 0.856 ; accuracy: 0.999 ; precision: 0.914 ; recall: 0.933 ; loss: 0.067
2019-01-17 13:40:06,719:INFO: - Eval metrics : dsc: 0.888 ; iou: 0.825 ; accuracy: 0.999 ; precision: 0.898 ; recall: 0.917 ; loss: 0.099
2019-01-17 13:40:06,741:INFO: - Found new best DSC
2019-01-17 13:40:06,741:INFO: Epoch 27/45
2019-01-17 13:40:17,616:INFO: - Train metrics: dsc: 0.915 ; iou: 0.857 ; accuracy: 0.999 ; precision: 0.918 ; recall: 0.930 ; loss: 0.065
2019-01-17 13:40:18,733:INFO: - Eval metrics : dsc: 0.888 ; iou: 0.826 ; accuracy: 0.999 ; precision: 0.891 ; recall: 0.924 ; loss: 0.098
2019-01-17 13:40:18,755:INFO: - Found new best DSC
2019-01-17 13:40:18,755:INFO: Epoch 28/45
2019-01-17 13:40:29,590:INFO: - Train metrics: dsc: 0.914 ; iou: 0.856 ; accuracy: 0.999 ; precision: 0.913 ; recall: 0.934 ; loss: 0.065
2019-01-17 13:40:30,670:INFO: - Eval metrics : dsc: 0.888 ; iou: 0.826 ; accuracy: 0.999 ; precision: 0.896 ; recall: 0.920 ; loss: 0.099
2019-01-17 13:40:30,681:INFO: Epoch 29/45
2019-01-17 13:40:41,520:INFO: - Train metrics: dsc: 0.915 ; iou: 0.857 ; accuracy: 0.999 ; precision: 0.918 ; recall: 0.930 ; loss: 0.064
2019-01-17 13:40:42,594:INFO: - Eval metrics : dsc: 0.887 ; iou: 0.825 ; accuracy: 0.999 ; precision: 0.902 ; recall: 0.911 ; loss: 0.099
2019-01-17 13:40:42,612:INFO: Epoch 30/45
2019-01-17 13:40:53,416:INFO: - Train metrics: dsc: 0.916 ; iou: 0.859 ; accuracy: 0.999 ; precision: 0.917 ; recall: 0.933 ; loss: 0.064
2019-01-17 13:40:54,501:INFO: - Eval metrics : dsc: 0.889 ; iou: 0.828 ; accuracy: 0.999 ; precision: 0.892 ; recall: 0.926 ; loss: 0.097
2019-01-17 13:40:54,517:INFO: - Found new best DSC
2019-01-17 13:40:54,517:INFO: Epoch 31/45
2019-01-17 13:41:05,423:INFO: - Train metrics: dsc: 0.917 ; iou: 0.859 ; accuracy: 0.999 ; precision: 0.917 ; recall: 0.933 ; loss: 0.062
2019-01-17 13:41:06,510:INFO: - Eval metrics : dsc: 0.888 ; iou: 0.826 ; accuracy: 0.999 ; precision: 0.899 ; recall: 0.916 ; loss: 0.098
2019-01-17 13:41:06,529:INFO: Epoch 32/45
2019-01-17 13:41:17,358:INFO: - Train metrics: dsc: 0.918 ; iou: 0.860 ; accuracy: 0.999 ; precision: 0.920 ; recall: 0.931 ; loss: 0.061
2019-01-17 13:41:18,435:INFO: - Eval metrics : dsc: 0.889 ; iou: 0.829 ; accuracy: 0.999 ; precision: 0.889 ; recall: 0.929 ; loss: 0.096
2019-01-17 13:41:18,451:INFO: - Found new best DSC
2019-01-17 13:41:18,451:INFO: Epoch 33/45
2019-01-17 13:41:29,294:INFO: - Train metrics: dsc: 0.918 ; iou: 0.861 ; accuracy: 0.999 ; precision: 0.920 ; recall: 0.932 ; loss: 0.061
2019-01-17 13:41:30,423:INFO: - Eval metrics : dsc: 0.885 ; iou: 0.823 ; accuracy: 0.999 ; precision: 0.910 ; recall: 0.904 ; loss: 0.098
2019-01-17 13:41:30,442:INFO: Epoch 34/45
2019-01-17 13:41:41,319:INFO: - Train metrics: dsc: 0.918 ; iou: 0.862 ; accuracy: 0.999 ; precision: 0.918 ; recall: 0.934 ; loss: 0.061
2019-01-17 13:41:42,443:INFO: - Eval metrics : dsc: 0.888 ; iou: 0.828 ; accuracy: 0.999 ; precision: 0.894 ; recall: 0.924 ; loss: 0.097
2019-01-17 13:41:42,462:INFO: Epoch 35/45
2019-01-17 13:41:53,258:INFO: - Train metrics: dsc: 0.918 ; iou: 0.862 ; accuracy: 0.999 ; precision: 0.920 ; recall: 0.933 ; loss: 0.060
2019-01-17 13:41:54,350:INFO: - Eval metrics : dsc: 0.890 ; iou: 0.830 ; accuracy: 0.999 ; precision: 0.893 ; recall: 0.928 ; loss: 0.095
2019-01-17 13:41:54,371:INFO: - Found new best DSC
2019-01-17 13:41:54,371:INFO: Epoch 36/45
2019-01-17 13:42:05,247:INFO: - Train metrics: dsc: 0.918 ; iou: 0.863 ; accuracy: 0.999 ; precision: 0.921 ; recall: 0.933 ; loss: 0.060
2019-01-17 13:42:06,379:INFO: - Eval metrics : dsc: 0.888 ; iou: 0.827 ; accuracy: 0.999 ; precision: 0.901 ; recall: 0.915 ; loss: 0.096
2019-01-17 13:42:06,394:INFO: Epoch 37/45
2019-01-17 13:42:17,228:INFO: - Train metrics: dsc: 0.919 ; iou: 0.863 ; accuracy: 0.999 ; precision: 0.922 ; recall: 0.932 ; loss: 0.059
2019-01-17 13:42:18,346:INFO: - Eval metrics : dsc: 0.892 ; iou: 0.832 ; accuracy: 0.999 ; precision: 0.896 ; recall: 0.925 ; loss: 0.094
2019-01-17 13:42:18,361:INFO: - Found new best DSC
2019-01-17 13:42:18,362:INFO: Epoch 38/45
2019-01-17 13:42:29,197:INFO: - Train metrics: dsc: 0.919 ; iou: 0.864 ; accuracy: 0.999 ; precision: 0.921 ; recall: 0.934 ; loss: 0.059
2019-01-17 13:42:30,351:INFO: - Eval metrics : dsc: 0.891 ; iou: 0.831 ; accuracy: 0.999 ; precision: 0.896 ; recall: 0.925 ; loss: 0.094
2019-01-17 13:42:30,370:INFO: Epoch 39/45
2019-01-17 13:42:41,248:INFO: - Train metrics: dsc: 0.920 ; iou: 0.865 ; accuracy: 0.999 ; precision: 0.922 ; recall: 0.934 ; loss: 0.057
2019-01-17 13:42:42,366:INFO: - Eval metrics : dsc: 0.886 ; iou: 0.825 ; accuracy: 0.999 ; precision: 0.907 ; recall: 0.908 ; loss: 0.096
2019-01-17 13:42:42,387:INFO: Epoch 40/45
2019-01-17 13:42:53,289:INFO: - Train metrics: dsc: 0.921 ; iou: 0.865 ; accuracy: 0.999 ; precision: 0.921 ; recall: 0.936 ; loss: 0.058
2019-01-17 13:42:54,386:INFO: - Eval metrics : dsc: 0.892 ; iou: 0.832 ; accuracy: 0.999 ; precision: 0.891 ; recall: 0.931 ; loss: 0.093
2019-01-17 13:42:54,407:INFO: - Found new best DSC
2019-01-17 13:42:54,407:INFO: Epoch 41/45
2019-01-17 13:43:05,259:INFO: - Train metrics: dsc: 0.922 ; iou: 0.868 ; accuracy: 0.999 ; precision: 0.923 ; recall: 0.936 ; loss: 0.055
2019-01-17 13:43:06,359:INFO: - Eval metrics : dsc: 0.888 ; iou: 0.829 ; accuracy: 0.999 ; precision: 0.901 ; recall: 0.917 ; loss: 0.094
2019-01-17 13:43:06,372:INFO: Epoch 42/45
2019-01-17 13:43:17,232:INFO: - Train metrics: dsc: 0.922 ; iou: 0.867 ; accuracy: 0.999 ; precision: 0.923 ; recall: 0.935 ; loss: 0.055
2019-01-17 13:43:18,347:INFO: - Eval metrics : dsc: 0.889 ; iou: 0.830 ; accuracy: 0.999 ; precision: 0.900 ; recall: 0.919 ; loss: 0.093
2019-01-17 13:43:18,366:INFO: Epoch 43/45
2019-01-17 13:43:29,146:INFO: - Train metrics: dsc: 0.922 ; iou: 0.867 ; accuracy: 0.999 ; precision: 0.921 ; recall: 0.937 ; loss: 0.055
2019-01-17 13:43:30,221:INFO: - Eval metrics : dsc: 0.888 ; iou: 0.829 ; accuracy: 0.999 ; precision: 0.903 ; recall: 0.915 ; loss: 0.093
2019-01-17 13:43:30,239:INFO: Epoch 44/45
2019-01-17 13:43:41,097:INFO: - Train metrics: dsc: 0.922 ; iou: 0.868 ; accuracy: 0.999 ; precision: 0.925 ; recall: 0.934 ; loss: 0.055
2019-01-17 13:43:42,213:INFO: - Eval metrics : dsc: 0.892 ; iou: 0.833 ; accuracy: 0.999 ; precision: 0.892 ; recall: 0.929 ; loss: 0.092
2019-01-17 13:43:42,234:INFO: - Found new best DSC
2019-01-17 13:43:42,235:INFO: Epoch 45/45
2019-01-17 13:43:53,132:INFO: - Train metrics: dsc: 0.923 ; iou: 0.869 ; accuracy: 0.999 ; precision: 0.924 ; recall: 0.936 ; loss: 0.054
2019-01-17 13:43:54,252:INFO: - Eval metrics : dsc: 0.890 ; iou: 0.831 ; accuracy: 0.999 ; precision: 0.899 ; recall: 0.922 ; loss: 0.093
2019-01-17 13:43:54,328:INFO: Loading the datasets...
2019-01-17 13:43:58,602:INFO: - done.
2019-01-17 13:43:58,603:INFO: For k-fold 2/5:
2019-01-17 13:43:58,603:INFO: Starting training for 45 epoch(s)
2019-01-17 13:43:58,603:INFO: Restoring parameters from experiments/ENDO/model_ModelA_transfer/data_augmentation/data_rot/batch_size_3/learning_rate_1e-05/EPI-modelA_random-data_rot-batch_size_3-learning_rate_1e-04-best.pth.tar
2019-01-17 13:43:58,620:INFO: Epoch 1/45
2019-01-17 13:44:09,419:INFO: - Train metrics: dsc: 0.750 ; iou: 0.634 ; accuracy: 0.996 ; precision: 0.684 ; recall: 0.933 ; loss: 0.249
2019-01-17 13:44:10,511:INFO: - Eval metrics : dsc: 0.832 ; iou: 0.749 ; accuracy: 0.998 ; precision: 0.818 ; recall: 0.912 ; loss: 0.165
2019-01-17 13:44:10,537:INFO: - Found new best DSC
2019-01-17 13:44:10,537:INFO: Epoch 2/45
2019-01-17 13:44:21,313:INFO: - Train metrics: dsc: 0.857 ; iou: 0.777 ; accuracy: 0.998 ; precision: 0.850 ; recall: 0.911 ; loss: 0.140
2019-01-17 13:44:22,432:INFO: - Eval metrics : dsc: 0.862 ; iou: 0.793 ; accuracy: 0.999 ; precision: 0.857 ; recall: 0.922 ; loss: 0.133
2019-01-17 13:44:22,461:INFO: - Found new best DSC
2019-01-17 13:44:22,461:INFO: Epoch 3/45
2019-01-17 13:44:33,282:INFO: - Train metrics: dsc: 0.876 ; iou: 0.804 ; accuracy: 0.999 ; precision: 0.869 ; recall: 0.923 ; loss: 0.120
2019-01-17 13:44:34,455:INFO: - Eval metrics : dsc: 0.868 ; iou: 0.802 ; accuracy: 0.999 ; precision: 0.866 ; recall: 0.925 ; loss: 0.124
2019-01-17 13:44:34,478:INFO: - Found new best DSC
2019-01-17 13:44:34,478:INFO: Epoch 4/45
2019-01-17 13:44:45,359:INFO: - Train metrics: dsc: 0.884 ; iou: 0.815 ; accuracy: 0.999 ; precision: 0.886 ; recall: 0.918 ; loss: 0.110
2019-01-17 13:44:46,496:INFO: - Eval metrics : dsc: 0.882 ; iou: 0.818 ; accuracy: 0.999 ; precision: 0.888 ; recall: 0.915 ; loss: 0.106
2019-01-17 13:44:46,512:INFO: - Found new best DSC
2019-01-17 13:44:46,512:INFO: Epoch 5/45
2019-01-17 13:44:57,284:INFO: - Train metrics: dsc: 0.890 ; iou: 0.822 ; accuracy: 0.999 ; precision: 0.888 ; recall: 0.923 ; loss: 0.103
2019-01-17 13:44:58,362:INFO: - Eval metrics : dsc: 0.884 ; iou: 0.821 ; accuracy: 0.999 ; precision: 0.889 ; recall: 0.917 ; loss: 0.103
2019-01-17 13:44:58,383:INFO: - Found new best DSC
2019-01-17 13:44:58,383:INFO: Epoch 6/45
2019-01-17 13:45:09,213:INFO: - Train metrics: dsc: 0.894 ; iou: 0.828 ; accuracy: 0.999 ; precision: 0.890 ; recall: 0.928 ; loss: 0.099
2019-01-17 13:45:10,295:INFO: - Eval metrics : dsc: 0.885 ; iou: 0.823 ; accuracy: 0.999 ; precision: 0.898 ; recall: 0.911 ; loss: 0.101
2019-01-17 13:45:10,313:INFO: - Found new best DSC
2019-01-17 13:45:10,313:INFO: Epoch 7/45
2019-01-17 13:45:21,092:INFO: - Train metrics: dsc: 0.894 ; iou: 0.829 ; accuracy: 0.999 ; precision: 0.892 ; recall: 0.926 ; loss: 0.098
2019-01-17 13:45:22,168:INFO: - Eval metrics : dsc: 0.889 ; iou: 0.827 ; accuracy: 0.999 ; precision: 0.893 ; recall: 0.924 ; loss: 0.099
2019-01-17 13:45:22,184:INFO: - Found new best DSC
2019-01-17 13:45:22,185:INFO: Epoch 8/45
2019-01-17 13:45:33,032:INFO: - Train metrics: dsc: 0.896 ; iou: 0.832 ; accuracy: 0.999 ; precision: 0.894 ; recall: 0.928 ; loss: 0.095
2019-01-17 13:45:34,109:INFO: - Eval metrics : dsc: 0.891 ; iou: 0.830 ; accuracy: 0.999 ; precision: 0.893 ; recall: 0.927 ; loss: 0.096
2019-01-17 13:45:34,131:INFO: - Found new best DSC
2019-01-17 13:45:34,131:INFO: Epoch 9/45
2019-01-17 13:45:44,915:INFO: - Train metrics: dsc: 0.896 ; iou: 0.832 ; accuracy: 0.999 ; precision: 0.892 ; recall: 0.930 ; loss: 0.097
2019-01-17 13:45:45,999:INFO: - Eval metrics : dsc: 0.890 ; iou: 0.829 ; accuracy: 0.999 ; precision: 0.903 ; recall: 0.916 ; loss: 0.097
2019-01-17 13:45:46,018:INFO: Epoch 10/45
2019-01-17 13:45:56,886:INFO: - Train metrics: dsc: 0.900 ; iou: 0.837 ; accuracy: 0.999 ; precision: 0.897 ; recall: 0.930 ; loss: 0.091
2019-01-17 13:45:57,953:INFO: - Eval metrics : dsc: 0.891 ; iou: 0.830 ; accuracy: 0.999 ; precision: 0.902 ; recall: 0.919 ; loss: 0.096
2019-01-17 13:45:57,971:INFO: Epoch 11/45
2019-01-17 13:46:08,831:INFO: - Train metrics: dsc: 0.900 ; iou: 0.838 ; accuracy: 0.999 ; precision: 0.898 ; recall: 0.930 ; loss: 0.091
2019-01-17 13:46:09,952:INFO: - Eval metrics : dsc: 0.891 ; iou: 0.831 ; accuracy: 0.999 ; precision: 0.898 ; recall: 0.924 ; loss: 0.095
2019-01-17 13:46:09,971:INFO: Epoch 12/45
2019-01-17 13:46:20,829:INFO: - Train metrics: dsc: 0.898 ; iou: 0.835 ; accuracy: 0.999 ; precision: 0.905 ; recall: 0.919 ; loss: 0.092
2019-01-17 13:46:21,921:INFO: - Eval metrics : dsc: 0.896 ; iou: 0.836 ; accuracy: 0.999 ; precision: 0.921 ; recall: 0.906 ; loss: 0.077
2019-01-17 13:46:21,939:INFO: - Found new best DSC
2019-01-17 13:46:21,940:INFO: Epoch 13/45
2019-01-17 13:46:32,844:INFO: - Train metrics: dsc: 0.904 ; iou: 0.842 ; accuracy: 0.999 ; precision: 0.901 ; recall: 0.931 ; loss: 0.085
2019-01-17 13:46:34,021:INFO: - Eval metrics : dsc: 0.890 ; iou: 0.831 ; accuracy: 0.999 ; precision: 0.904 ; recall: 0.918 ; loss: 0.091
2019-01-17 13:46:34,045:INFO: Epoch 14/45
2019-01-17 13:46:44,893:INFO: - Train metrics: dsc: 0.905 ; iou: 0.843 ; accuracy: 0.999 ; precision: 0.901 ; recall: 0.933 ; loss: 0.084
2019-01-17 13:46:45,996:INFO: - Eval metrics : dsc: 0.891 ; iou: 0.832 ; accuracy: 0.999 ; precision: 0.903 ; recall: 0.919 ; loss: 0.090
2019-01-17 13:46:46,015:INFO: Epoch 15/45
2019-01-17 13:46:56,885:INFO: - Train metrics: dsc: 0.907 ; iou: 0.846 ; accuracy: 0.999 ; precision: 0.904 ; recall: 0.932 ; loss: 0.083
2019-01-17 13:46:57,960:INFO: - Eval metrics : dsc: 0.890 ; iou: 0.831 ; accuracy: 0.999 ; precision: 0.907 ; recall: 0.915 ; loss: 0.088
2019-01-17 13:46:57,974:INFO: Epoch 16/45
2019-01-17 13:47:08,838:INFO: - Train metrics: dsc: 0.906 ; iou: 0.846 ; accuracy: 0.999 ; precision: 0.903 ; recall: 0.933 ; loss: 0.082
2019-01-17 13:47:09,878:INFO: - Eval metrics : dsc: 0.893 ; iou: 0.835 ; accuracy: 0.999 ; precision: 0.895 ; recall: 0.925 ; loss: 0.090
2019-01-17 13:47:09,896:INFO: Epoch 17/45
2019-01-17 13:47:20,693:INFO: - Train metrics: dsc: 0.908 ; iou: 0.847 ; accuracy: 0.999 ; precision: 0.905 ; recall: 0.932 ; loss: 0.081
2019-01-17 13:47:21,784:INFO: - Eval metrics : dsc: 0.895 ; iou: 0.836 ; accuracy: 0.999 ; precision: 0.914 ; recall: 0.913 ; loss: 0.081
2019-01-17 13:47:21,810:INFO: Epoch 18/45
2019-01-17 13:47:32,650:INFO: - Train metrics: dsc: 0.908 ; iou: 0.848 ; accuracy: 0.999 ; precision: 0.905 ; recall: 0.934 ; loss: 0.082
2019-01-17 13:47:33,776:INFO: - Eval metrics : dsc: 0.898 ; iou: 0.839 ; accuracy: 0.999 ; precision: 0.909 ; recall: 0.921 ; loss: 0.083
2019-01-17 13:47:33,810:INFO: - Found new best DSC
2019-01-17 13:47:33,810:INFO: Epoch 19/45
2019-01-17 13:47:44,664:INFO: - Train metrics: dsc: 0.908 ; iou: 0.848 ; accuracy: 0.999 ; precision: 0.907 ; recall: 0.931 ; loss: 0.080
2019-01-17 13:47:45,762:INFO: - Eval metrics : dsc: 0.897 ; iou: 0.839 ; accuracy: 0.999 ; precision: 0.905 ; recall: 0.925 ; loss: 0.082
2019-01-17 13:47:45,776:INFO: Epoch 20/45
2019-01-17 13:47:56,617:INFO: - Train metrics: dsc: 0.909 ; iou: 0.850 ; accuracy: 0.999 ; precision: 0.906 ; recall: 0.935 ; loss: 0.079
2019-01-17 13:47:57,654:INFO: - Eval metrics : dsc: 0.898 ; iou: 0.840 ; accuracy: 0.999 ; precision: 0.912 ; recall: 0.918 ; loss: 0.078
2019-01-17 13:47:57,679:INFO: - Found new best DSC
2019-01-17 13:47:57,679:INFO: Epoch 21/45
2019-01-17 13:48:08,478:INFO: - Train metrics: dsc: 0.911 ; iou: 0.852 ; accuracy: 0.999 ; precision: 0.909 ; recall: 0.934 ; loss: 0.076
2019-01-17 13:48:09,582:INFO: - Eval metrics : dsc: 0.896 ; iou: 0.839 ; accuracy: 0.999 ; precision: 0.905 ; recall: 0.920 ; loss: 0.080
2019-01-17 13:48:09,602:INFO: Epoch 22/45
2019-01-17 13:48:20,455:INFO: - Train metrics: dsc: 0.911 ; iou: 0.851 ; accuracy: 0.999 ; precision: 0.911 ; recall: 0.930 ; loss: 0.077
2019-01-17 13:48:21,606:INFO: - Eval metrics : dsc: 0.895 ; iou: 0.837 ; accuracy: 0.999 ; precision: 0.911 ; recall: 0.912 ; loss: 0.077
2019-01-17 13:48:21,621:INFO: Epoch 23/45
2019-01-17 13:48:32,445:INFO: - Train metrics: dsc: 0.911 ; iou: 0.852 ; accuracy: 0.999 ; precision: 0.910 ; recall: 0.933 ; loss: 0.075
2019-01-17 13:48:33,527:INFO: - Eval metrics : dsc: 0.896 ; iou: 0.839 ; accuracy: 0.999 ; precision: 0.910 ; recall: 0.915 ; loss: 0.081
2019-01-17 13:48:33,540:INFO: Epoch 24/45
2019-01-17 13:48:44,378:INFO: - Train metrics: dsc: 0.911 ; iou: 0.852 ; accuracy: 0.999 ; precision: 0.912 ; recall: 0.932 ; loss: 0.075
2019-01-17 13:48:45,507:INFO: - Eval metrics : dsc: 0.902 ; iou: 0.844 ; accuracy: 0.999 ; precision: 0.915 ; recall: 0.919 ; loss: 0.074
2019-01-17 13:48:45,523:INFO: - Found new best DSC
2019-01-17 13:48:45,523:INFO: Epoch 25/45
2019-01-17 13:48:56,373:INFO: - Train metrics: dsc: 0.913 ; iou: 0.855 ; accuracy: 0.999 ; precision: 0.913 ; recall: 0.933 ; loss: 0.072
2019-01-17 13:48:57,463:INFO: - Eval metrics : dsc: 0.902 ; iou: 0.844 ; accuracy: 0.999 ; precision: 0.915 ; recall: 0.920 ; loss: 0.074
2019-01-17 13:48:57,480:INFO: Epoch 26/45
2019-01-17 13:49:08,339:INFO: - Train metrics: dsc: 0.912 ; iou: 0.855 ; accuracy: 0.999 ; precision: 0.913 ; recall: 0.933 ; loss: 0.072
2019-01-17 13:49:09,453:INFO: - Eval metrics : dsc: 0.897 ; iou: 0.840 ; accuracy: 0.999 ; precision: 0.902 ; recall: 0.924 ; loss: 0.080
2019-01-17 13:49:09,466:INFO: Epoch 27/45
2019-01-17 13:49:20,257:INFO: - Train metrics: dsc: 0.915 ; iou: 0.857 ; accuracy: 0.999 ; precision: 0.914 ; recall: 0.934 ; loss: 0.071
2019-01-17 13:49:21,382:INFO: - Eval metrics : dsc: 0.902 ; iou: 0.846 ; accuracy: 0.999 ; precision: 0.909 ; recall: 0.922 ; loss: 0.075
2019-01-17 13:49:21,401:INFO: - Found new best DSC
2019-01-17 13:49:21,401:INFO: Epoch 28/45
2019-01-17 13:49:32,280:INFO: - Train metrics: dsc: 0.915 ; iou: 0.857 ; accuracy: 0.999 ; precision: 0.912 ; recall: 0.937 ; loss: 0.070
2019-01-17 13:49:33,372:INFO: - Eval metrics : dsc: 0.898 ; iou: 0.840 ; accuracy: 0.999 ; precision: 0.910 ; recall: 0.921 ; loss: 0.080
2019-01-17 13:49:33,391:INFO: Epoch 29/45
2019-01-17 13:49:44,304:INFO: - Train metrics: dsc: 0.916 ; iou: 0.858 ; accuracy: 0.999 ; precision: 0.913 ; recall: 0.936 ; loss: 0.069
2019-01-17 13:49:45,402:INFO: - Eval metrics : dsc: 0.901 ; iou: 0.844 ; accuracy: 0.999 ; precision: 0.920 ; recall: 0.914 ; loss: 0.074
2019-01-17 13:49:45,416:INFO: Epoch 30/45
2019-01-17 13:49:56,186:INFO: - Train metrics: dsc: 0.916 ; iou: 0.859 ; accuracy: 0.999 ; precision: 0.914 ; recall: 0.936 ; loss: 0.069
2019-01-17 13:49:57,269:INFO: - Eval metrics : dsc: 0.895 ; iou: 0.839 ; accuracy: 0.999 ; precision: 0.917 ; recall: 0.908 ; loss: 0.072
2019-01-17 13:49:57,288:INFO: Epoch 31/45
2019-01-17 13:50:08,172:INFO: - Train metrics: dsc: 0.915 ; iou: 0.859 ; accuracy: 0.999 ; precision: 0.916 ; recall: 0.933 ; loss: 0.069
2019-01-17 13:50:09,299:INFO: - Eval metrics : dsc: 0.899 ; iou: 0.842 ; accuracy: 0.999 ; precision: 0.928 ; recall: 0.902 ; loss: 0.070
2019-01-17 13:50:09,322:INFO: Epoch 32/45
2019-01-17 13:50:20,133:INFO: - Train metrics: dsc: 0.916 ; iou: 0.860 ; accuracy: 0.999 ; precision: 0.917 ; recall: 0.933 ; loss: 0.068
2019-01-17 13:50:21,209:INFO: - Eval metrics : dsc: 0.902 ; iou: 0.846 ; accuracy: 0.999 ; precision: 0.912 ; recall: 0.920 ; loss: 0.071
2019-01-17 13:50:21,223:INFO: Epoch 33/45
2019-01-17 13:50:32,105:INFO: - Train metrics: dsc: 0.916 ; iou: 0.861 ; accuracy: 0.999 ; precision: 0.918 ; recall: 0.934 ; loss: 0.067
2019-01-17 13:50:33,212:INFO: - Eval metrics : dsc: 0.901 ; iou: 0.844 ; accuracy: 0.999 ; precision: 0.930 ; recall: 0.904 ; loss: 0.070
2019-01-17 13:50:33,222:INFO: Epoch 34/45
2019-01-17 13:50:44,039:INFO: - Train metrics: dsc: 0.914 ; iou: 0.859 ; accuracy: 0.999 ; precision: 0.920 ; recall: 0.930 ; loss: 0.068
2019-01-17 13:50:45,156:INFO: - Eval metrics : dsc: 0.896 ; iou: 0.840 ; accuracy: 0.999 ; precision: 0.903 ; recall: 0.919 ; loss: 0.078
2019-01-17 13:50:45,174:INFO: Epoch 35/45
2019-01-17 13:50:56,029:INFO: - Train metrics: dsc: 0.915 ; iou: 0.860 ; accuracy: 0.999 ; precision: 0.920 ; recall: 0.931 ; loss: 0.067
2019-01-17 13:50:57,115:INFO: - Eval metrics : dsc: 0.901 ; iou: 0.844 ; accuracy: 0.999 ; precision: 0.925 ; recall: 0.903 ; loss: 0.071
2019-01-17 13:50:57,128:INFO: Epoch 36/45
2019-01-17 13:51:07,941:INFO: - Train metrics: dsc: 0.919 ; iou: 0.863 ; accuracy: 0.999 ; precision: 0.917 ; recall: 0.938 ; loss: 0.065
2019-01-17 13:51:09,063:INFO: - Eval metrics : dsc: 0.904 ; iou: 0.847 ; accuracy: 0.999 ; precision: 0.918 ; recall: 0.920 ; loss: 0.073
2019-01-17 13:51:09,076:INFO: - Found new best DSC
2019-01-17 13:51:09,076:INFO: Epoch 37/45
2019-01-17 13:51:19,928:INFO: - Train metrics: dsc: 0.920 ; iou: 0.864 ; accuracy: 0.999 ; precision: 0.921 ; recall: 0.935 ; loss: 0.063
2019-01-17 13:51:21,017:INFO: - Eval metrics : dsc: 0.901 ; iou: 0.844 ; accuracy: 0.999 ; precision: 0.928 ; recall: 0.902 ; loss: 0.066
2019-01-17 13:51:21,034:INFO: Epoch 38/45
2019-01-17 13:51:31,886:INFO: - Train metrics: dsc: 0.918 ; iou: 0.863 ; accuracy: 0.999 ; precision: 0.917 ; recall: 0.937 ; loss: 0.065
2019-01-17 13:51:32,964:INFO: - Eval metrics : dsc: 0.905 ; iou: 0.849 ; accuracy: 0.999 ; precision: 0.915 ; recall: 0.924 ; loss: 0.071
2019-01-17 13:51:32,980:INFO: - Found new best DSC
2019-01-17 13:51:32,980:INFO: Epoch 39/45
2019-01-17 13:51:43,819:INFO: - Train metrics: dsc: 0.917 ; iou: 0.863 ; accuracy: 0.999 ; precision: 0.917 ; recall: 0.937 ; loss: 0.066
2019-01-17 13:51:44,951:INFO: - Eval metrics : dsc: 0.903 ; iou: 0.846 ; accuracy: 0.999 ; precision: 0.929 ; recall: 0.908 ; loss: 0.066
2019-01-17 13:51:44,971:INFO: Epoch 40/45
2019-01-17 13:51:55,857:INFO: - Train metrics: dsc: 0.920 ; iou: 0.866 ; accuracy: 0.999 ; precision: 0.920 ; recall: 0.937 ; loss: 0.061
2019-01-17 13:51:56,944:INFO: - Eval metrics : dsc: 0.904 ; iou: 0.849 ; accuracy: 0.999 ; precision: 0.905 ; recall: 0.934 ; loss: 0.073
2019-01-17 13:51:56,958:INFO: Epoch 41/45
2019-01-17 13:52:07,779:INFO: - Train metrics: dsc: 0.921 ; iou: 0.867 ; accuracy: 0.999 ; precision: 0.920 ; recall: 0.938 ; loss: 0.061
2019-01-17 13:52:08,874:INFO: - Eval metrics : dsc: 0.903 ; iou: 0.847 ; accuracy: 0.999 ; precision: 0.917 ; recall: 0.920 ; loss: 0.072
2019-01-17 13:52:08,887:INFO: Epoch 42/45
2019-01-17 13:52:19,727:INFO: - Train metrics: dsc: 0.921 ; iou: 0.867 ; accuracy: 0.999 ; precision: 0.921 ; recall: 0.938 ; loss: 0.061
2019-01-17 13:52:20,799:INFO: - Eval metrics : dsc: 0.903 ; iou: 0.847 ; accuracy: 0.999 ; precision: 0.911 ; recall: 0.923 ; loss: 0.070
2019-01-17 13:52:20,813:INFO: Epoch 43/45
2019-01-17 13:52:31,648:INFO: - Train metrics: dsc: 0.922 ; iou: 0.868 ; accuracy: 0.999 ; precision: 0.922 ; recall: 0.937 ; loss: 0.060
2019-01-17 13:52:32,738:INFO: - Eval metrics : dsc: 0.901 ; iou: 0.845 ; accuracy: 0.999 ; precision: 0.929 ; recall: 0.904 ; loss: 0.064
2019-01-17 13:52:32,751:INFO: Epoch 44/45
2019-01-17 13:52:43,585:INFO: - Train metrics: dsc: 0.918 ; iou: 0.863 ; accuracy: 0.999 ; precision: 0.924 ; recall: 0.930 ; loss: 0.064
2019-01-17 13:52:44,710:INFO: - Eval metrics : dsc: 0.898 ; iou: 0.843 ; accuracy: 0.999 ; precision: 0.910 ; recall: 0.919 ; loss: 0.070
2019-01-17 13:52:44,724:INFO: Epoch 45/45
2019-01-17 13:52:55,581:INFO: - Train metrics: dsc: 0.922 ; iou: 0.868 ; accuracy: 0.999 ; precision: 0.921 ; recall: 0.938 ; loss: 0.059
2019-01-17 13:52:56,656:INFO: - Eval metrics : dsc: 0.901 ; iou: 0.846 ; accuracy: 0.999 ; precision: 0.930 ; recall: 0.904 ; loss: 0.063
2019-01-17 13:52:56,713:INFO: Loading the datasets...
2019-01-17 13:53:00,886:INFO: - done.
2019-01-17 13:53:00,886:INFO: For k-fold 3/5:
2019-01-17 13:53:00,886:INFO: Starting training for 45 epoch(s)
2019-01-17 13:53:00,886:INFO: Restoring parameters from experiments/ENDO/model_ModelA_transfer/data_augmentation/data_rot/batch_size_3/learning_rate_1e-05/EPI-modelA_random-data_rot-batch_size_3-learning_rate_1e-04-best.pth.tar
2019-01-17 13:53:00,903:INFO: Epoch 1/45
2019-01-17 13:53:11,653:INFO: - Train metrics: dsc: 0.745 ; iou: 0.631 ; accuracy: 0.996 ; precision: 0.680 ; recall: 0.932 ; loss: 0.254
2019-01-17 13:53:12,746:INFO: - Eval metrics : dsc: 0.858 ; iou: 0.772 ; accuracy: 0.998 ; precision: 0.851 ; recall: 0.905 ; loss: 0.139
2019-01-17 13:53:12,769:INFO: - Found new best DSC
2019-01-17 13:53:12,770:INFO: Epoch 2/45
2019-01-17 13:53:23,563:INFO: - Train metrics: dsc: 0.851 ; iou: 0.772 ; accuracy: 0.998 ; precision: 0.846 ; recall: 0.910 ; loss: 0.146
2019-01-17 13:53:24,661:INFO: - Eval metrics : dsc: 0.884 ; iou: 0.811 ; accuracy: 0.999 ; precision: 0.905 ; recall: 0.892 ; loss: 0.110
2019-01-17 13:53:24,682:INFO: - Found new best DSC
2019-01-17 13:53:24,682:INFO: Epoch 3/45
2019-01-17 13:53:35,546:INFO: - Train metrics: dsc: 0.871 ; iou: 0.799 ; accuracy: 0.999 ; precision: 0.872 ; recall: 0.914 ; loss: 0.124
2019-01-17 13:53:36,671:INFO: - Eval metrics : dsc: 0.894 ; iou: 0.825 ; accuracy: 0.999 ; precision: 0.904 ; recall: 0.909 ; loss: 0.099
2019-01-17 13:53:36,687:INFO: - Found new best DSC
2019-01-17 13:53:36,687:INFO: Epoch 4/45
2019-01-17 13:53:47,490:INFO: - Train metrics: dsc: 0.878 ; iou: 0.808 ; accuracy: 0.999 ; precision: 0.874 ; recall: 0.922 ; loss: 0.115
2019-01-17 13:53:48,637:INFO: - Eval metrics : dsc: 0.898 ; iou: 0.831 ; accuracy: 0.999 ; precision: 0.905 ; recall: 0.914 ; loss: 0.094
2019-01-17 13:53:48,666:INFO: - Found new best DSC
2019-01-17 13:53:48,666:INFO: Epoch 5/45
2019-01-17 13:53:59,514:INFO: - Train metrics: dsc: 0.884 ; iou: 0.816 ; accuracy: 0.999 ; precision: 0.883 ; recall: 0.922 ; loss: 0.109
2019-01-17 13:54:00,622:INFO: - Eval metrics : dsc: 0.898 ; iou: 0.834 ; accuracy: 0.999 ; precision: 0.908 ; recall: 0.915 ; loss: 0.093
2019-01-17 13:54:00,645:INFO: - Found new best DSC
2019-01-17 13:54:00,645:INFO: Epoch 6/45
2019-01-17 13:54:11,503:INFO: - Train metrics: dsc: 0.887 ; iou: 0.820 ; accuracy: 0.999 ; precision: 0.886 ; recall: 0.924 ; loss: 0.105
2019-01-17 13:54:12,640:INFO: - Eval metrics : dsc: 0.899 ; iou: 0.834 ; accuracy: 0.999 ; precision: 0.916 ; recall: 0.908 ; loss: 0.092
2019-01-17 13:54:12,663:INFO: - Found new best DSC
2019-01-17 13:54:12,664:INFO: Epoch 7/45
2019-01-17 13:54:23,541:INFO: - Train metrics: dsc: 0.889 ; iou: 0.823 ; accuracy: 0.999 ; precision: 0.890 ; recall: 0.923 ; loss: 0.102
2019-01-17 13:54:24,639:INFO: - Eval metrics : dsc: 0.900 ; iou: 0.837 ; accuracy: 0.999 ; precision: 0.913 ; recall: 0.914 ; loss: 0.089
2019-01-17 13:54:24,655:INFO: - Found new best DSC
2019-01-17 13:54:24,655:INFO: Epoch 8/45
2019-01-17 13:54:35,538:INFO: - Train metrics: dsc: 0.893 ; iou: 0.828 ; accuracy: 0.999 ; precision: 0.891 ; recall: 0.926 ; loss: 0.097
2019-01-17 13:54:36,625:INFO: - Eval metrics : dsc: 0.902 ; iou: 0.840 ; accuracy: 0.999 ; precision: 0.905 ; recall: 0.924 ; loss: 0.089
2019-01-17 13:54:36,653:INFO: - Found new best DSC
2019-01-17 13:54:36,653:INFO: Epoch 9/45
2019-01-17 13:54:47,501:INFO: - Train metrics: dsc: 0.892 ; iou: 0.828 ; accuracy: 0.999 ; precision: 0.892 ; recall: 0.925 ; loss: 0.098
2019-01-17 13:54:48,591:INFO: - Eval metrics : dsc: 0.904 ; iou: 0.841 ; accuracy: 0.999 ; precision: 0.927 ; recall: 0.903 ; loss: 0.085
2019-01-17 13:54:48,612:INFO: - Found new best DSC
2019-01-17 13:54:48,612:INFO: Epoch 10/45
2019-01-17 13:54:59,458:INFO: - Train metrics: dsc: 0.895 ; iou: 0.832 ; accuracy: 0.999 ; precision: 0.898 ; recall: 0.924 ; loss: 0.093
2019-01-17 13:55:00,601:INFO: - Eval metrics : dsc: 0.907 ; iou: 0.845 ; accuracy: 0.999 ; precision: 0.924 ; recall: 0.910 ; loss: 0.082
2019-01-17 13:55:00,626:INFO: - Found new best DSC
2019-01-17 13:55:00,626:INFO: Epoch 11/45
2019-01-17 13:55:11,570:INFO: - Train metrics: dsc: 0.896 ; iou: 0.832 ; accuracy: 0.999 ; precision: 0.904 ; recall: 0.918 ; loss: 0.091
2019-01-17 13:55:12,696:INFO: - Eval metrics : dsc: 0.907 ; iou: 0.845 ; accuracy: 0.999 ; precision: 0.915 ; recall: 0.919 ; loss: 0.081
2019-01-17 13:55:12,711:INFO: - Found new best DSC
2019-01-17 13:55:12,712:INFO: Epoch 12/45
2019-01-17 13:55:23,610:INFO: - Train metrics: dsc: 0.899 ; iou: 0.836 ; accuracy: 0.999 ; precision: 0.899 ; recall: 0.927 ; loss: 0.086
2019-01-17 13:55:24,736:INFO: - Eval metrics : dsc: 0.907 ; iou: 0.846 ; accuracy: 0.999 ; precision: 0.926 ; recall: 0.909 ; loss: 0.080
2019-01-17 13:55:24,768:INFO: - Found new best DSC
2019-01-17 13:55:24,768:INFO: Epoch 13/45
2019-01-17 13:55:35,553:INFO: - Train metrics: dsc: 0.900 ; iou: 0.838 ; accuracy: 0.999 ; precision: 0.901 ; recall: 0.927 ; loss: 0.085
2019-01-17 13:55:36,648:INFO: - Eval metrics : dsc: 0.909 ; iou: 0.849 ; accuracy: 0.999 ; precision: 0.922 ; recall: 0.916 ; loss: 0.079
2019-01-17 13:55:36,665:INFO: - Found new best DSC
2019-01-17 13:55:36,665:INFO: Epoch 14/45
2019-01-17 13:55:47,464:INFO: - Train metrics: dsc: 0.900 ; iou: 0.838 ; accuracy: 0.999 ; precision: 0.902 ; recall: 0.926 ; loss: 0.086
2019-01-17 13:55:48,561:INFO: - Eval metrics : dsc: 0.909 ; iou: 0.848 ; accuracy: 0.999 ; precision: 0.926 ; recall: 0.913 ; loss: 0.078
2019-01-17 13:55:48,574:INFO: Epoch 15/45
2019-01-17 13:55:59,369:INFO: - Train metrics: dsc: 0.901 ; iou: 0.840 ; accuracy: 0.999 ; precision: 0.904 ; recall: 0.927 ; loss: 0.083
2019-01-17 13:56:00,464:INFO: - Eval metrics : dsc: 0.909 ; iou: 0.849 ; accuracy: 0.999 ; precision: 0.926 ; recall: 0.913 ; loss: 0.078
2019-01-17 13:56:00,479:INFO: - Found new best DSC
2019-01-17 13:56:00,479:INFO: Epoch 16/45
2019-01-17 13:56:11,326:INFO: - Train metrics: dsc: 0.902 ; iou: 0.840 ; accuracy: 0.999 ; precision: 0.906 ; recall: 0.924 ; loss: 0.083
2019-01-17 13:56:12,420:INFO: - Eval metrics : dsc: 0.909 ; iou: 0.849 ; accuracy: 0.999 ; precision: 0.925 ; recall: 0.914 ; loss: 0.078
2019-01-17 13:56:12,438:INFO: Epoch 17/45
2019-01-17 13:56:23,331:INFO: - Train metrics: dsc: 0.900 ; iou: 0.839 ; accuracy: 0.999 ; precision: 0.906 ; recall: 0.923 ; loss: 0.085
2019-01-17 13:56:24,458:INFO: - Eval metrics : dsc: 0.909 ; iou: 0.850 ; accuracy: 0.999 ; precision: 0.921 ; recall: 0.918 ; loss: 0.077
2019-01-17 13:56:24,474:INFO: - Found new best DSC
2019-01-17 13:56:24,474:INFO: Epoch 18/45
2019-01-17 13:56:35,321:INFO: - Train metrics: dsc: 0.904 ; iou: 0.843 ; accuracy: 0.999 ; precision: 0.906 ; recall: 0.928 ; loss: 0.081
2019-01-17 13:56:36,435:INFO: - Eval metrics : dsc: 0.910 ; iou: 0.850 ; accuracy: 0.999 ; precision: 0.925 ; recall: 0.915 ; loss: 0.077
2019-01-17 13:56:36,451:INFO: - Found new best DSC
2019-01-17 13:56:36,451:INFO: Epoch 19/45
2019-01-17 13:56:47,335:INFO: - Train metrics: dsc: 0.902 ; iou: 0.842 ; accuracy: 0.999 ; precision: 0.906 ; recall: 0.927 ; loss: 0.080
2019-01-17 13:56:48,435:INFO: - Eval metrics : dsc: 0.913 ; iou: 0.853 ; accuracy: 0.999 ; precision: 0.920 ; recall: 0.923 ; loss: 0.074
2019-01-17 13:56:48,456:INFO: - Found new best DSC
2019-01-17 13:56:48,456:INFO: Epoch 20/45
2019-01-17 13:56:59,259:INFO: - Train metrics: dsc: 0.904 ; iou: 0.844 ; accuracy: 0.999 ; precision: 0.904 ; recall: 0.930 ; loss: 0.081
2019-01-17 13:57:00,345:INFO: - Eval metrics : dsc: 0.912 ; iou: 0.852 ; accuracy: 0.999 ; precision: 0.929 ; recall: 0.913 ; loss: 0.075
2019-01-17 13:57:00,360:INFO: Epoch 21/45
2019-01-17 13:57:11,279:INFO: - Train metrics: dsc: 0.905 ; iou: 0.846 ; accuracy: 0.999 ; precision: 0.909 ; recall: 0.928 ; loss: 0.077
2019-01-17 13:57:12,378:INFO: - Eval metrics : dsc: 0.912 ; iou: 0.853 ; accuracy: 0.999 ; precision: 0.927 ; recall: 0.916 ; loss: 0.073
2019-01-17 13:57:12,396:INFO: Epoch 22/45
2019-01-17 13:57:23,215:INFO: - Train metrics: dsc: 0.906 ; iou: 0.846 ; accuracy: 0.999 ; precision: 0.909 ; recall: 0.927 ; loss: 0.076
2019-01-17 13:57:24,305:INFO: - Eval metrics : dsc: 0.911 ; iou: 0.852 ; accuracy: 0.999 ; precision: 0.930 ; recall: 0.912 ; loss: 0.074
2019-01-17 13:57:24,318:INFO: Epoch 23/45
2019-01-17 13:57:35,177:INFO: - Train metrics: dsc: 0.906 ; iou: 0.847 ; accuracy: 0.999 ; precision: 0.910 ; recall: 0.928 ; loss: 0.076
2019-01-17 13:57:36,317:INFO: - Eval metrics : dsc: 0.912 ; iou: 0.852 ; accuracy: 0.999 ; precision: 0.931 ; recall: 0.911 ; loss: 0.074
2019-01-17 13:57:36,335:INFO: Epoch 24/45
2019-01-17 13:57:47,201:INFO: - Train metrics: dsc: 0.908 ; iou: 0.849 ; accuracy: 0.999 ; precision: 0.910 ; recall: 0.929 ; loss: 0.073
2019-01-17 13:57:48,289:INFO: - Eval metrics : dsc: 0.912 ; iou: 0.853 ; accuracy: 0.999 ; precision: 0.928 ; recall: 0.916 ; loss: 0.072
2019-01-17 13:57:48,304:INFO: Epoch 25/45
2019-01-17 13:57:59,178:INFO: - Train metrics: dsc: 0.909 ; iou: 0.851 ; accuracy: 0.999 ; precision: 0.911 ; recall: 0.930 ; loss: 0.072
2019-01-17 13:58:00,283:INFO: - Eval metrics : dsc: 0.915 ; iou: 0.856 ; accuracy: 0.999 ; precision: 0.917 ; recall: 0.929 ; loss: 0.070
2019-01-17 13:58:00,302:INFO: - Found new best DSC
2019-01-17 13:58:00,302:INFO: Epoch 26/45
2019-01-17 13:58:11,191:INFO: - Train metrics: dsc: 0.909 ; iou: 0.850 ; accuracy: 0.999 ; precision: 0.912 ; recall: 0.930 ; loss: 0.072
2019-01-17 13:58:12,276:INFO: - Eval metrics : dsc: 0.914 ; iou: 0.856 ; accuracy: 0.999 ; precision: 0.924 ; recall: 0.922 ; loss: 0.070
2019-01-17 13:58:12,290:INFO: Epoch 27/45
2019-01-17 13:58:23,174:INFO: - Train metrics: dsc: 0.908 ; iou: 0.850 ; accuracy: 0.999 ; precision: 0.913 ; recall: 0.928 ; loss: 0.073
2019-01-17 13:58:24,329:INFO: - Eval metrics : dsc: 0.911 ; iou: 0.853 ; accuracy: 0.999 ; precision: 0.925 ; recall: 0.918 ; loss: 0.073
2019-01-17 13:58:24,343:INFO: Epoch 28/45
2019-01-17 13:58:35,155:INFO: - Train metrics: dsc: 0.910 ; iou: 0.852 ; accuracy: 0.999 ; precision: 0.911 ; recall: 0.931 ; loss: 0.070
2019-01-17 13:58:36,240:INFO: - Eval metrics : dsc: 0.911 ; iou: 0.852 ; accuracy: 0.999 ; precision: 0.932 ; recall: 0.910 ; loss: 0.073
2019-01-17 13:58:36,257:INFO: Epoch 29/45
2019-01-17 13:58:47,072:INFO: - Train metrics: dsc: 0.910 ; iou: 0.853 ; accuracy: 0.999 ; precision: 0.913 ; recall: 0.930 ; loss: 0.069
2019-01-17 13:58:48,163:INFO: - Eval metrics : dsc: 0.914 ; iou: 0.856 ; accuracy: 0.999 ; precision: 0.920 ; recall: 0.926 ; loss: 0.070
2019-01-17 13:58:48,182:INFO: Epoch 30/45
2019-01-17 13:58:59,033:INFO: - Train metrics: dsc: 0.910 ; iou: 0.853 ; accuracy: 0.999 ; precision: 0.912 ; recall: 0.932 ; loss: 0.071
2019-01-17 13:59:00,140:INFO: - Eval metrics : dsc: 0.911 ; iou: 0.852 ; accuracy: 0.999 ; precision: 0.929 ; recall: 0.914 ; loss: 0.073
2019-01-17 13:59:00,155:INFO: Epoch 31/45
2019-01-17 13:59:11,008:INFO: - Train metrics: dsc: 0.909 ; iou: 0.851 ; accuracy: 0.999 ; precision: 0.917 ; recall: 0.925 ; loss: 0.070
2019-01-17 13:59:12,128:INFO: - Eval metrics : dsc: 0.914 ; iou: 0.855 ; accuracy: 0.999 ; precision: 0.930 ; recall: 0.914 ; loss: 0.070
2019-01-17 13:59:12,143:INFO: Epoch 32/45
2019-01-17 13:59:23,000:INFO: - Train metrics: dsc: 0.911 ; iou: 0.855 ; accuracy: 0.999 ; precision: 0.915 ; recall: 0.931 ; loss: 0.067
2019-01-17 13:59:24,075:INFO: - Eval metrics : dsc: 0.915 ; iou: 0.857 ; accuracy: 0.999 ; precision: 0.924 ; recall: 0.923 ; loss: 0.068
2019-01-17 13:59:24,097:INFO: - Found new best DSC
2019-01-17 13:59:24,097:INFO: Epoch 33/45
2019-01-17 13:59:34,992:INFO: - Train metrics: dsc: 0.913 ; iou: 0.856 ; accuracy: 0.999 ; precision: 0.913 ; recall: 0.933 ; loss: 0.066
2019-01-17 13:59:36,092:INFO: - Eval metrics : dsc: 0.913 ; iou: 0.854 ; accuracy: 0.999 ; precision: 0.935 ; recall: 0.908 ; loss: 0.071
2019-01-17 13:59:36,112:INFO: Epoch 34/45
2019-01-17 13:59:46,925:INFO: - Train metrics: dsc: 0.913 ; iou: 0.856 ; accuracy: 0.999 ; precision: 0.915 ; recall: 0.931 ; loss: 0.066
2019-01-17 13:59:48,021:INFO: - Eval metrics : dsc: 0.916 ; iou: 0.858 ; accuracy: 0.999 ; precision: 0.926 ; recall: 0.922 ; loss: 0.068
2019-01-17 13:59:48,034:INFO: - Found new best DSC
2019-01-17 13:59:48,034:INFO: Epoch 35/45
2019-01-17 13:59:58,867:INFO: - Train metrics: dsc: 0.913 ; iou: 0.856 ; accuracy: 0.999 ; precision: 0.917 ; recall: 0.931 ; loss: 0.065
2019-01-17 13:59:59,954:INFO: - Eval metrics : dsc: 0.914 ; iou: 0.855 ; accuracy: 0.999 ; precision: 0.934 ; recall: 0.911 ; loss: 0.069
2019-01-17 13:59:59,965:INFO: Epoch 36/45
2019-01-17 14:00:10,810:INFO: - Train metrics: dsc: 0.913 ; iou: 0.857 ; accuracy: 0.999 ; precision: 0.919 ; recall: 0.928 ; loss: 0.066
2019-01-17 14:00:11,882:INFO: - Eval metrics : dsc: 0.907 ; iou: 0.848 ; accuracy: 0.999 ; precision: 0.936 ; recall: 0.902 ; loss: 0.076
2019-01-17 14:00:11,901:INFO: Epoch 37/45
2019-01-17 14:00:22,773:INFO: - Train metrics: dsc: 0.911 ; iou: 0.855 ; accuracy: 0.999 ; precision: 0.915 ; recall: 0.931 ; loss: 0.066
2019-01-17 14:00:23,895:INFO: - Eval metrics : dsc: 0.916 ; iou: 0.858 ; accuracy: 0.999 ; precision: 0.933 ; recall: 0.915 ; loss: 0.067
2019-01-17 14:00:23,909:INFO: Epoch 38/45
2019-01-17 14:00:34,771:INFO: - Train metrics: dsc: 0.914 ; iou: 0.858 ; accuracy: 0.999 ; precision: 0.918 ; recall: 0.930 ; loss: 0.064
2019-01-17 14:00:35,848:INFO: - Eval metrics : dsc: 0.915 ; iou: 0.858 ; accuracy: 0.999 ; precision: 0.928 ; recall: 0.920 ; loss: 0.068
2019-01-17 14:00:35,861:INFO: Epoch 39/45
2019-01-17 14:00:46,643:INFO: - Train metrics: dsc: 0.914 ; iou: 0.858 ; accuracy: 0.999 ; precision: 0.919 ; recall: 0.931 ; loss: 0.063
2019-01-17 14:00:47,729:INFO: - Eval metrics : dsc: 0.913 ; iou: 0.855 ; accuracy: 0.999 ; precision: 0.934 ; recall: 0.911 ; loss: 0.069
2019-01-17 14:00:47,743:INFO: Epoch 40/45
2019-01-17 14:00:58,638:INFO: - Train metrics: dsc: 0.914 ; iou: 0.859 ; accuracy: 0.999 ; precision: 0.918 ; recall: 0.931 ; loss: 0.062
2019-01-17 14:00:59,730:INFO: - Eval metrics : dsc: 0.917 ; iou: 0.860 ; accuracy: 0.999 ; precision: 0.918 ; recall: 0.932 ; loss: 0.065
2019-01-17 14:00:59,756:INFO: - Found new best DSC
2019-01-17 14:00:59,756:INFO: Epoch 41/45
2019-01-17 14:01:10,615:INFO: - Train metrics: dsc: 0.916 ; iou: 0.861 ; accuracy: 0.999 ; precision: 0.918 ; recall: 0.934 ; loss: 0.061
2019-01-17 14:01:11,734:INFO: - Eval metrics : dsc: 0.913 ; iou: 0.854 ; accuracy: 0.999 ; precision: 0.933 ; recall: 0.912 ; loss: 0.069
2019-01-17 14:01:11,748:INFO: Epoch 42/45
2019-01-17 14:01:22,657:INFO: - Train metrics: dsc: 0.914 ; iou: 0.859 ; accuracy: 0.999 ; precision: 0.918 ; recall: 0.933 ; loss: 0.062
2019-01-17 14:01:23,738:INFO: - Eval metrics : dsc: 0.914 ; iou: 0.856 ; accuracy: 0.999 ; precision: 0.930 ; recall: 0.917 ; loss: 0.068
2019-01-17 14:01:23,749:INFO: Epoch 43/45
2019-01-17 14:01:34,601:INFO: - Train metrics: dsc: 0.916 ; iou: 0.861 ; accuracy: 0.999 ; precision: 0.919 ; recall: 0.932 ; loss: 0.060
2019-01-17 14:01:35,707:INFO: - Eval metrics : dsc: 0.909 ; iou: 0.850 ; accuracy: 0.999 ; precision: 0.936 ; recall: 0.904 ; loss: 0.072
2019-01-17 14:01:35,721:INFO: Epoch 44/45
2019-01-17 14:01:46,611:INFO: - Train metrics: dsc: 0.917 ; iou: 0.862 ; accuracy: 0.999 ; precision: 0.921 ; recall: 0.933 ; loss: 0.059
2019-01-17 14:01:47,728:INFO: - Eval metrics : dsc: 0.916 ; iou: 0.858 ; accuracy: 0.999 ; precision: 0.929 ; recall: 0.919 ; loss: 0.066
2019-01-17 14:01:47,747:INFO: Epoch 45/45
2019-01-17 14:01:58,656:INFO: - Train metrics: dsc: 0.916 ; iou: 0.862 ; accuracy: 0.999 ; precision: 0.921 ; recall: 0.933 ; loss: 0.060
2019-01-17 14:01:59,740:INFO: - Eval metrics : dsc: 0.915 ; iou: 0.857 ; accuracy: 0.999 ; precision: 0.932 ; recall: 0.915 ; loss: 0.067
2019-01-17 14:01:59,806:INFO: Loading the datasets...
2019-01-17 14:02:04,068:INFO: - done.
2019-01-17 14:02:04,068:INFO: For k-fold 4/5:
2019-01-17 14:02:04,068:INFO: Starting training for 45 epoch(s)
2019-01-17 14:02:04,068:INFO: Restoring parameters from experiments/ENDO/model_ModelA_transfer/data_augmentation/data_rot/batch_size_3/learning_rate_1e-05/EPI-modelA_random-data_rot-batch_size_3-learning_rate_1e-04-best.pth.tar
2019-01-17 14:02:04,085:INFO: Epoch 1/45
2019-01-17 14:02:14,903:INFO: - Train metrics: dsc: 0.750 ; iou: 0.637 ; accuracy: 0.996 ; precision: 0.689 ; recall: 0.929 ; loss: 0.249
2019-01-17 14:02:16,008:INFO: - Eval metrics : dsc: 0.858 ; iou: 0.774 ; accuracy: 0.998 ; precision: 0.861 ; recall: 0.894 ; loss: 0.141
2019-01-17 14:02:16,024:INFO: - Found new best DSC
2019-01-17 14:02:16,024:INFO: Epoch 2/45
2019-01-17 14:02:26,842:INFO: - Train metrics: dsc: 0.859 ; iou: 0.782 ; accuracy: 0.998 ; precision: 0.862 ; recall: 0.906 ; loss: 0.139
2019-01-17 14:02:27,951:INFO: - Eval metrics : dsc: 0.871 ; iou: 0.798 ; accuracy: 0.999 ; precision: 0.883 ; recall: 0.903 ; loss: 0.127
2019-01-17 14:02:27,972:INFO: - Found new best DSC
2019-01-17 14:02:27,972:INFO: Epoch 3/45
2019-01-17 14:02:38,830:INFO: - Train metrics: dsc: 0.877 ; iou: 0.805 ; accuracy: 0.999 ; precision: 0.873 ; recall: 0.919 ; loss: 0.118
2019-01-17 14:02:39,952:INFO: - Eval metrics : dsc: 0.875 ; iou: 0.806 ; accuracy: 0.999 ; precision: 0.891 ; recall: 0.906 ; loss: 0.119
2019-01-17 14:02:39,969:INFO: - Found new best DSC
2019-01-17 14:02:39,969:INFO: Epoch 4/45
2019-01-17 14:02:50,825:INFO: - Train metrics: dsc: 0.885 ; iou: 0.816 ; accuracy: 0.999 ; precision: 0.884 ; recall: 0.920 ; loss: 0.107
2019-01-17 14:02:51,939:INFO: - Eval metrics : dsc: 0.880 ; iou: 0.813 ; accuracy: 0.999 ; precision: 0.901 ; recall: 0.903 ; loss: 0.113
2019-01-17 14:02:51,961:INFO: - Found new best DSC
2019-01-17 14:02:51,961:INFO: Epoch 5/45
2019-01-17 14:03:02,850:INFO: - Train metrics: dsc: 0.886 ; iou: 0.819 ; accuracy: 0.999 ; precision: 0.895 ; recall: 0.913 ; loss: 0.103
2019-01-17 14:03:03,939:INFO: - Eval metrics : dsc: 0.879 ; iou: 0.812 ; accuracy: 0.999 ; precision: 0.887 ; recall: 0.915 ; loss: 0.113
2019-01-17 14:03:03,958:INFO: Epoch 6/45
2019-01-17 14:03:14,951:INFO: - Train metrics: dsc: 0.889 ; iou: 0.824 ; accuracy: 0.999 ; precision: 0.895 ; recall: 0.917 ; loss: 0.097
2019-01-17 14:03:16,085:INFO: - Eval metrics : dsc: 0.887 ; iou: 0.823 ; accuracy: 0.999 ; precision: 0.909 ; recall: 0.904 ; loss: 0.104
2019-01-17 14:03:16,101:INFO: - Found new best DSC
2019-01-17 14:03:16,101:INFO: Epoch 7/45
2019-01-17 14:03:26,981:INFO: - Train metrics: dsc: 0.895 ; iou: 0.830 ; accuracy: 0.999 ; precision: 0.896 ; recall: 0.921 ; loss: 0.093
2019-01-17 14:03:28,086:INFO: - Eval metrics : dsc: 0.894 ; iou: 0.829 ; accuracy: 0.999 ; precision: 0.907 ; recall: 0.914 ; loss: 0.097
2019-01-17 14:03:28,103:INFO: - Found new best DSC
2019-01-17 14:03:28,103:INFO: Epoch 8/45
2019-01-17 14:03:39,018:INFO: - Train metrics: dsc: 0.897 ; iou: 0.834 ; accuracy: 0.999 ; precision: 0.900 ; recall: 0.923 ; loss: 0.090
2019-01-17 14:03:40,091:INFO: - Eval metrics : dsc: 0.898 ; iou: 0.832 ; accuracy: 0.999 ; precision: 0.906 ; recall: 0.919 ; loss: 0.093
2019-01-17 14:03:40,112:INFO: - Found new best DSC
2019-01-17 14:03:40,113:INFO: Epoch 9/45
2019-01-17 14:03:50,974:INFO: - Train metrics: dsc: 0.898 ; iou: 0.835 ; accuracy: 0.999 ; precision: 0.895 ; recall: 0.928 ; loss: 0.090
2019-01-17 14:03:52,059:INFO: - Eval metrics : dsc: 0.897 ; iou: 0.832 ; accuracy: 0.999 ; precision: 0.916 ; recall: 0.908 ; loss: 0.094
2019-01-17 14:03:52,077:INFO: Epoch 10/45
2019-01-17 14:04:02,912:INFO: - Train metrics: dsc: 0.898 ; iou: 0.835 ; accuracy: 0.999 ; precision: 0.906 ; recall: 0.918 ; loss: 0.088
2019-01-17 14:04:04,002:INFO: - Eval metrics : dsc: 0.891 ; iou: 0.827 ; accuracy: 0.999 ; precision: 0.917 ; recall: 0.901 ; loss: 0.099
2019-01-17 14:04:04,015:INFO: Epoch 11/45
2019-01-17 14:04:14,887:INFO: - Train metrics: dsc: 0.899 ; iou: 0.836 ; accuracy: 0.999 ; precision: 0.903 ; recall: 0.922 ; loss: 0.087
2019-01-17 14:04:15,971:INFO: - Eval metrics : dsc: 0.886 ; iou: 0.823 ; accuracy: 0.999 ; precision: 0.925 ; recall: 0.889 ; loss: 0.103
2019-01-17 14:04:15,985:INFO: Epoch 12/45
2019-01-17 14:04:26,820:INFO: - Train metrics: dsc: 0.899 ; iou: 0.836 ; accuracy: 0.999 ; precision: 0.904 ; recall: 0.922 ; loss: 0.085
2019-01-17 14:04:27,932:INFO: - Eval metrics : dsc: 0.891 ; iou: 0.828 ; accuracy: 0.999 ; precision: 0.925 ; recall: 0.893 ; loss: 0.098
2019-01-17 14:04:27,946:INFO: Epoch 13/45
2019-01-17 14:04:38,832:INFO: - Train metrics: dsc: 0.901 ; iou: 0.840 ; accuracy: 0.999 ; precision: 0.905 ; recall: 0.923 ; loss: 0.083
2019-01-17 14:04:39,920:INFO: - Eval metrics : dsc: 0.895 ; iou: 0.830 ; accuracy: 0.999 ; precision: 0.923 ; recall: 0.897 ; loss: 0.094
2019-01-17 14:04:39,939:INFO: Epoch 14/45
2019-01-17 14:04:50,822:INFO: - Train metrics: dsc: 0.900 ; iou: 0.839 ; accuracy: 0.999 ; precision: 0.906 ; recall: 0.922 ; loss: 0.083
2019-01-17 14:04:51,919:INFO: - Eval metrics : dsc: 0.899 ; iou: 0.835 ; accuracy: 0.999 ; precision: 0.916 ; recall: 0.910 ; loss: 0.090
2019-01-17 14:04:51,934:INFO: - Found new best DSC
2019-01-17 14:04:51,934:INFO: Epoch 15/45
2019-01-17 14:05:02,826:INFO: - Train metrics: dsc: 0.903 ; iou: 0.842 ; accuracy: 0.999 ; precision: 0.906 ; recall: 0.926 ; loss: 0.080
2019-01-17 14:05:03,917:INFO: - Eval metrics : dsc: 0.899 ; iou: 0.835 ; accuracy: 0.999 ; precision: 0.917 ; recall: 0.910 ; loss: 0.090
2019-01-17 14:05:03,935:INFO: Epoch 16/45
2019-01-17 14:05:14,876:INFO: - Train metrics: dsc: 0.902 ; iou: 0.842 ; accuracy: 0.999 ; precision: 0.905 ; recall: 0.926 ; loss: 0.080
2019-01-17 14:05:15,982:INFO: - Eval metrics : dsc: 0.899 ; iou: 0.836 ; accuracy: 0.999 ; precision: 0.916 ; recall: 0.912 ; loss: 0.089
2019-01-17 14:05:15,998:INFO: - Found new best DSC
2019-01-17 14:05:15,998:INFO: Epoch 17/45
2019-01-17 14:05:26,882:INFO: - Train metrics: dsc: 0.903 ; iou: 0.843 ; accuracy: 0.999 ; precision: 0.907 ; recall: 0.926 ; loss: 0.079
2019-01-17 14:05:27,944:INFO: - Eval metrics : dsc: 0.903 ; iou: 0.840 ; accuracy: 0.999 ; precision: 0.913 ; recall: 0.920 ; loss: 0.085
2019-01-17 14:05:27,970:INFO: - Found new best DSC
2019-01-17 14:05:27,970:INFO: Epoch 18/45
2019-01-17 14:05:38,989:INFO: - Train metrics: dsc: 0.904 ; iou: 0.845 ; accuracy: 0.999 ; precision: 0.906 ; recall: 0.929 ; loss: 0.078
2019-01-17 14:05:40,103:INFO: - Eval metrics : dsc: 0.901 ; iou: 0.837 ; accuracy: 0.999 ; precision: 0.926 ; recall: 0.902 ; loss: 0.088
2019-01-17 14:05:40,132:INFO: Epoch 19/45
2019-01-17 14:05:51,102:INFO: - Train metrics: dsc: 0.904 ; iou: 0.844 ; accuracy: 0.999 ; precision: 0.908 ; recall: 0.926 ; loss: 0.077
2019-01-17 14:05:52,198:INFO: - Eval metrics : dsc: 0.903 ; iou: 0.840 ; accuracy: 0.999 ; precision: 0.911 ; recall: 0.922 ; loss: 0.085
2019-01-17 14:05:52,213:INFO: Epoch 20/45
2019-01-17 14:06:03,089:INFO: - Train metrics: dsc: 0.906 ; iou: 0.847 ; accuracy: 0.999 ; precision: 0.907 ; recall: 0.929 ; loss: 0.077
2019-01-17 14:06:04,224:INFO: - Eval metrics : dsc: 0.900 ; iou: 0.838 ; accuracy: 0.999 ; precision: 0.924 ; recall: 0.906 ; loss: 0.089
2019-01-17 14:06:04,245:INFO: Epoch 21/45
2019-01-17 14:06:15,126:INFO: - Train metrics: dsc: 0.906 ; iou: 0.847 ; accuracy: 0.999 ; precision: 0.910 ; recall: 0.927 ; loss: 0.075
2019-01-17 14:06:16,263:INFO: - Eval metrics : dsc: 0.899 ; iou: 0.837 ; accuracy: 0.999 ; precision: 0.922 ; recall: 0.907 ; loss: 0.089
2019-01-17 14:06:16,277:INFO: Epoch 22/45
2019-01-17 14:06:27,201:INFO: - Train metrics: dsc: 0.906 ; iou: 0.847 ; accuracy: 0.999 ; precision: 0.909 ; recall: 0.928 ; loss: 0.074
2019-01-17 14:06:28,330:INFO: - Eval metrics : dsc: 0.904 ; iou: 0.842 ; accuracy: 0.999 ; precision: 0.911 ; recall: 0.922 ; loss: 0.084
2019-01-17 14:06:28,352:INFO: - Found new best DSC
2019-01-17 14:06:28,352:INFO: Epoch 23/45
2019-01-17 14:06:39,231:INFO: - Train metrics: dsc: 0.907 ; iou: 0.848 ; accuracy: 0.999 ; precision: 0.908 ; recall: 0.930 ; loss: 0.076
2019-01-17 14:06:40,312:INFO: - Eval metrics : dsc: 0.906 ; iou: 0.844 ; accuracy: 0.999 ; precision: 0.914 ; recall: 0.923 ; loss: 0.082
2019-01-17 14:06:40,328:INFO: - Found new best DSC
2019-01-17 14:06:40,328:INFO: Epoch 24/45
2019-01-17 14:06:51,260:INFO: - Train metrics: dsc: 0.907 ; iou: 0.850 ; accuracy: 0.999 ; precision: 0.909 ; recall: 0.931 ; loss: 0.074
2019-01-17 14:06:52,342:INFO: - Eval metrics : dsc: 0.906 ; iou: 0.845 ; accuracy: 0.999 ; precision: 0.915 ; recall: 0.922 ; loss: 0.081
2019-01-17 14:06:52,363:INFO: - Found new best DSC
2019-01-17 14:06:52,364:INFO: Epoch 25/45
2019-01-17 14:07:03,309:INFO: - Train metrics: dsc: 0.908 ; iou: 0.850 ; accuracy: 0.999 ; precision: 0.910 ; recall: 0.930 ; loss: 0.072
2019-01-17 14:07:04,442:INFO: - Eval metrics : dsc: 0.905 ; iou: 0.844 ; accuracy: 0.999 ; precision: 0.909 ; recall: 0.927 ; loss: 0.082
2019-01-17 14:07:04,460:INFO: Epoch 26/45
2019-01-17 14:07:15,377:INFO: - Train metrics: dsc: 0.910 ; iou: 0.852 ; accuracy: 0.999 ; precision: 0.911 ; recall: 0.931 ; loss: 0.071
2019-01-17 14:07:16,495:INFO: - Eval metrics : dsc: 0.898 ; iou: 0.836 ; accuracy: 0.999 ; precision: 0.918 ; recall: 0.908 ; loss: 0.089
2019-01-17 14:07:16,514:INFO: Epoch 27/45
2019-01-17 14:07:27,445:INFO: - Train metrics: dsc: 0.908 ; iou: 0.850 ; accuracy: 0.999 ; precision: 0.913 ; recall: 0.928 ; loss: 0.071
2019-01-17 14:07:28,581:INFO: - Eval metrics : dsc: 0.899 ; iou: 0.838 ; accuracy: 0.999 ; precision: 0.916 ; recall: 0.915 ; loss: 0.088
2019-01-17 14:07:28,600:INFO: Epoch 28/45
2019-01-17 14:07:39,497:INFO: - Train metrics: dsc: 0.909 ; iou: 0.852 ; accuracy: 0.999 ; precision: 0.911 ; recall: 0.931 ; loss: 0.070
2019-01-17 14:07:40,619:INFO: - Eval metrics : dsc: 0.896 ; iou: 0.835 ; accuracy: 0.999 ; precision: 0.927 ; recall: 0.900 ; loss: 0.090
2019-01-17 14:07:40,632:INFO: Epoch 29/45
2019-01-17 14:07:51,503:INFO: - Train metrics: dsc: 0.910 ; iou: 0.853 ; accuracy: 0.999 ; precision: 0.914 ; recall: 0.929 ; loss: 0.069
2019-01-17 14:07:52,617:INFO: - Eval metrics : dsc: 0.898 ; iou: 0.838 ; accuracy: 0.999 ; precision: 0.922 ; recall: 0.909 ; loss: 0.088
2019-01-17 14:07:52,635:INFO: Epoch 30/45
2019-01-17 14:08:03,509:INFO: - Train metrics: dsc: 0.910 ; iou: 0.853 ; accuracy: 0.999 ; precision: 0.911 ; recall: 0.933 ; loss: 0.069
2019-01-17 14:08:04,613:INFO: - Eval metrics : dsc: 0.904 ; iou: 0.844 ; accuracy: 0.999 ; precision: 0.916 ; recall: 0.919 ; loss: 0.082
2019-01-17 14:08:04,631:INFO: Epoch 31/45
2019-01-17 14:08:15,607:INFO: - Train metrics: dsc: 0.910 ; iou: 0.854 ; accuracy: 0.999 ; precision: 0.917 ; recall: 0.928 ; loss: 0.067
2019-01-17 14:08:16,693:INFO: - Eval metrics : dsc: 0.904 ; iou: 0.843 ; accuracy: 0.999 ; precision: 0.921 ; recall: 0.915 ; loss: 0.082
2019-01-17 14:08:16,708:INFO: Epoch 32/45
2019-01-17 14:08:27,562:INFO: - Train metrics: dsc: 0.912 ; iou: 0.856 ; accuracy: 0.999 ; precision: 0.915 ; recall: 0.931 ; loss: 0.066
2019-01-17 14:08:28,658:INFO: - Eval metrics : dsc: 0.901 ; iou: 0.840 ; accuracy: 0.999 ; precision: 0.910 ; recall: 0.922 ; loss: 0.084
2019-01-17 14:08:28,677:INFO: Epoch 33/45
2019-01-17 14:08:39,557:INFO: - Train metrics: dsc: 0.912 ; iou: 0.856 ; accuracy: 0.999 ; precision: 0.914 ; recall: 0.932 ; loss: 0.066
2019-01-17 14:08:40,655:INFO: - Eval metrics : dsc: 0.899 ; iou: 0.839 ; accuracy: 0.999 ; precision: 0.928 ; recall: 0.903 ; loss: 0.086
2019-01-17 14:08:40,666:INFO: Epoch 34/45
2019-01-17 14:08:51,613:INFO: - Train metrics: dsc: 0.913 ; iou: 0.857 ; accuracy: 0.999 ; precision: 0.914 ; recall: 0.933 ; loss: 0.066
2019-01-17 14:08:52,707:INFO: - Eval metrics : dsc: 0.904 ; iou: 0.844 ; accuracy: 0.999 ; precision: 0.918 ; recall: 0.917 ; loss: 0.082
2019-01-17 14:08:52,721:INFO: Epoch 35/45
2019-01-17 14:09:03,632:INFO: - Train metrics: dsc: 0.912 ; iou: 0.857 ; accuracy: 0.999 ; precision: 0.917 ; recall: 0.931 ; loss: 0.065
2019-01-17 14:09:04,722:INFO: - Eval metrics : dsc: 0.902 ; iou: 0.842 ; accuracy: 0.999 ; precision: 0.919 ; recall: 0.915 ; loss: 0.083
2019-01-17 14:09:04,736:INFO: Epoch 36/45
2019-01-17 14:09:15,651:INFO: - Train metrics: dsc: 0.913 ; iou: 0.857 ; accuracy: 0.999 ; precision: 0.915 ; recall: 0.933 ; loss: 0.065
2019-01-17 14:09:16,743:INFO: - Eval metrics : dsc: 0.898 ; iou: 0.838 ; accuracy: 0.999 ; precision: 0.929 ; recall: 0.900 ; loss: 0.087
2019-01-17 14:09:16,753:INFO: Epoch 37/45
2019-01-17 14:09:27,656:INFO: - Train metrics: dsc: 0.913 ; iou: 0.857 ; accuracy: 0.999 ; precision: 0.916 ; recall: 0.932 ; loss: 0.065
2019-01-17 14:09:28,749:INFO: - Eval metrics : dsc: 0.894 ; iou: 0.835 ; accuracy: 0.999 ; precision: 0.931 ; recall: 0.897 ; loss: 0.090
2019-01-17 14:09:28,762:INFO: Epoch 38/45
2019-01-17 14:09:39,567:INFO: - Train metrics: dsc: 0.913 ; iou: 0.858 ; accuracy: 0.999 ; precision: 0.918 ; recall: 0.931 ; loss: 0.063
2019-01-17 14:09:40,642:INFO: - Eval metrics : dsc: 0.902 ; iou: 0.843 ; accuracy: 0.999 ; precision: 0.918 ; recall: 0.915 ; loss: 0.082
2019-01-17 14:09:40,656:INFO: Epoch 39/45
2019-01-17 14:09:51,561:INFO: - Train metrics: dsc: 0.914 ; iou: 0.859 ; accuracy: 0.999 ; precision: 0.918 ; recall: 0.932 ; loss: 0.063
2019-01-17 14:09:52,667:INFO: - Eval metrics : dsc: 0.902 ; iou: 0.843 ; accuracy: 0.999 ; precision: 0.914 ; recall: 0.922 ; loss: 0.083
2019-01-17 14:09:52,681:INFO: Epoch 40/45
2019-01-17 14:10:03,604:INFO: - Train metrics: dsc: 0.914 ; iou: 0.860 ; accuracy: 0.999 ; precision: 0.918 ; recall: 0.932 ; loss: 0.062
2019-01-17 14:10:04,796:INFO: - Eval metrics : dsc: 0.904 ; iou: 0.844 ; accuracy: 0.999 ; precision: 0.918 ; recall: 0.919 ; loss: 0.082
2019-01-17 14:10:04,815:INFO: Epoch 41/45
2019-01-17 14:10:15,719:INFO: - Train metrics: dsc: 0.915 ; iou: 0.861 ; accuracy: 0.999 ; precision: 0.920 ; recall: 0.932 ; loss: 0.061
2019-01-17 14:10:16,822:INFO: - Eval metrics : dsc: 0.895 ; iou: 0.836 ; accuracy: 0.999 ; precision: 0.927 ; recall: 0.900 ; loss: 0.089
2019-01-17 14:10:16,841:INFO: Epoch 42/45
2019-01-17 14:10:27,680:INFO: - Train metrics: dsc: 0.916 ; iou: 0.862 ; accuracy: 0.999 ; precision: 0.920 ; recall: 0.932 ; loss: 0.060
2019-01-17 14:10:28,797:INFO: - Eval metrics : dsc: 0.900 ; iou: 0.840 ; accuracy: 0.999 ; precision: 0.921 ; recall: 0.910 ; loss: 0.085
2019-01-17 14:10:28,811:INFO: Epoch 43/45
2019-01-17 14:10:39,688:INFO: - Train metrics: dsc: 0.916 ; iou: 0.863 ; accuracy: 0.999 ; precision: 0.920 ; recall: 0.933 ; loss: 0.060
2019-01-17 14:10:40,807:INFO: - Eval metrics : dsc: 0.901 ; iou: 0.841 ; accuracy: 0.999 ; precision: 0.923 ; recall: 0.912 ; loss: 0.083
2019-01-17 14:10:40,821:INFO: Epoch 44/45
2019-01-17 14:10:51,751:INFO: - Train metrics: dsc: 0.915 ; iou: 0.862 ; accuracy: 0.999 ; precision: 0.920 ; recall: 0.933 ; loss: 0.061
2019-01-17 14:10:52,898:INFO: - Eval metrics : dsc: 0.906 ; iou: 0.846 ; accuracy: 0.999 ; precision: 0.922 ; recall: 0.918 ; loss: 0.079
2019-01-17 14:10:52,912:INFO: Epoch 45/45
2019-01-17 14:11:03,802:INFO: - Train metrics: dsc: 0.917 ; iou: 0.863 ; accuracy: 0.999 ; precision: 0.920 ; recall: 0.934 ; loss: 0.059
2019-01-17 14:11:04,878:INFO: - Eval metrics : dsc: 0.902 ; iou: 0.843 ; accuracy: 0.999 ; precision: 0.921 ; recall: 0.913 ; loss: 0.082
2019-01-17 14:11:04,934:INFO: Loading the datasets...
2019-01-17 14:11:09,314:INFO: - done.
2019-01-17 14:11:09,314:INFO: For k-fold 5/5:
2019-01-17 14:11:09,314:INFO: Starting training for 45 epoch(s)
2019-01-17 14:11:09,314:INFO: Restoring parameters from experiments/ENDO/model_ModelA_transfer/data_augmentation/data_rot/batch_size_3/learning_rate_1e-05/EPI-modelA_random-data_rot-batch_size_3-learning_rate_1e-04-best.pth.tar
2019-01-17 14:11:09,331:INFO: Epoch 1/45
2019-01-17 14:11:20,136:INFO: - Train metrics: dsc: 0.757 ; iou: 0.643 ; accuracy: 0.996 ; precision: 0.697 ; recall: 0.928 ; loss: 0.241
2019-01-17 14:11:21,207:INFO: - Eval metrics : dsc: 0.827 ; iou: 0.740 ; accuracy: 0.998 ; precision: 0.817 ; recall: 0.903 ; loss: 0.169
2019-01-17 14:11:21,225:INFO: - Found new best DSC
2019-01-17 14:11:21,226:INFO: Epoch 2/45
2019-01-17 14:11:32,045:INFO: - Train metrics: dsc: 0.860 ; iou: 0.780 ; accuracy: 0.998 ; precision: 0.852 ; recall: 0.911 ; loss: 0.136
2019-01-17 14:11:33,124:INFO: - Eval metrics : dsc: 0.858 ; iou: 0.782 ; accuracy: 0.999 ; precision: 0.854 ; recall: 0.912 ; loss: 0.137
2019-01-17 14:11:33,137:INFO: - Found new best DSC
2019-01-17 14:11:33,137:INFO: Epoch 3/45
2019-01-17 14:11:43,928:INFO: - Train metrics: dsc: 0.876 ; iou: 0.803 ; accuracy: 0.999 ; precision: 0.874 ; recall: 0.915 ; loss: 0.118
2019-01-17 14:11:45,026:INFO: - Eval metrics : dsc: 0.865 ; iou: 0.793 ; accuracy: 0.999 ; precision: 0.853 ; recall: 0.926 ; loss: 0.128
2019-01-17 14:11:45,043:INFO: - Found new best DSC
2019-01-17 14:11:45,043:INFO: Epoch 4/45
2019-01-17 14:11:55,903:INFO: - Train metrics: dsc: 0.882 ; iou: 0.811 ; accuracy: 0.999 ; precision: 0.878 ; recall: 0.921 ; loss: 0.112
2019-01-17 14:11:57,019:INFO: - Eval metrics : dsc: 0.874 ; iou: 0.803 ; accuracy: 0.999 ; precision: 0.870 ; recall: 0.919 ; loss: 0.118
2019-01-17 14:11:57,042:INFO: - Found new best DSC
2019-01-17 14:11:57,042:INFO: Epoch 5/45
2019-01-17 14:12:07,871:INFO: - Train metrics: dsc: 0.888 ; iou: 0.819 ; accuracy: 0.999 ; precision: 0.882 ; recall: 0.926 ; loss: 0.105
2019-01-17 14:12:08,962:INFO: - Eval metrics : dsc: 0.878 ; iou: 0.811 ; accuracy: 0.999 ; precision: 0.865 ; recall: 0.934 ; loss: 0.113
2019-01-17 14:12:08,978:INFO: - Found new best DSC
2019-01-17 14:12:08,978:INFO: Epoch 6/45
2019-01-17 14:12:19,855:INFO: - Train metrics: dsc: 0.890 ; iou: 0.823 ; accuracy: 0.999 ; precision: 0.886 ; recall: 0.926 ; loss: 0.102
2019-01-17 14:12:20,962:INFO: - Eval metrics : dsc: 0.881 ; iou: 0.815 ; accuracy: 0.999 ; precision: 0.873 ; recall: 0.930 ; loss: 0.110
2019-01-17 14:12:20,983:INFO: - Found new best DSC
2019-01-17 14:12:20,983:INFO: Epoch 7/45
2019-01-17 14:12:31,829:INFO: - Train metrics: dsc: 0.896 ; iou: 0.831 ; accuracy: 0.999 ; precision: 0.892 ; recall: 0.928 ; loss: 0.095
2019-01-17 14:12:32,941:INFO: - Eval metrics : dsc: 0.883 ; iou: 0.818 ; accuracy: 0.999 ; precision: 0.877 ; recall: 0.928 ; loss: 0.107
2019-01-17 14:12:32,959:INFO: - Found new best DSC
2019-01-17 14:12:32,959:INFO: Epoch 8/45
2019-01-17 14:12:43,833:INFO: - Train metrics: dsc: 0.896 ; iou: 0.831 ; accuracy: 0.999 ; precision: 0.899 ; recall: 0.920 ; loss: 0.094
2019-01-17 14:12:44,909:INFO: - Eval metrics : dsc: 0.887 ; iou: 0.822 ; accuracy: 0.999 ; precision: 0.885 ; recall: 0.926 ; loss: 0.101
2019-01-17 14:12:44,930:INFO: - Found new best DSC
2019-01-17 14:12:44,930:INFO: Epoch 9/45
2019-01-17 14:12:55,780:INFO: - Train metrics: dsc: 0.899 ; iou: 0.834 ; accuracy: 0.999 ; precision: 0.899 ; recall: 0.925 ; loss: 0.091
2019-01-17 14:12:56,861:INFO: - Eval metrics : dsc: 0.888 ; iou: 0.824 ; accuracy: 0.999 ; precision: 0.885 ; recall: 0.928 ; loss: 0.099
2019-01-17 14:12:56,876:INFO: - Found new best DSC
2019-01-17 14:12:56,876:INFO: Epoch 10/45
2019-01-17 14:13:07,757:INFO: - Train metrics: dsc: 0.901 ; iou: 0.838 ; accuracy: 0.999 ; precision: 0.905 ; recall: 0.923 ; loss: 0.086
2019-01-17 14:13:08,860:INFO: - Eval metrics : dsc: 0.889 ; iou: 0.825 ; accuracy: 0.999 ; precision: 0.883 ; recall: 0.932 ; loss: 0.099
2019-01-17 14:13:08,882:INFO: - Found new best DSC
2019-01-17 14:13:08,882:INFO: Epoch 11/45
2019-01-17 14:13:19,703:INFO: - Train metrics: dsc: 0.902 ; iou: 0.839 ; accuracy: 0.999 ; precision: 0.901 ; recall: 0.927 ; loss: 0.085
2019-01-17 14:13:20,794:INFO: - Eval metrics : dsc: 0.890 ; iou: 0.827 ; accuracy: 0.999 ; precision: 0.891 ; recall: 0.926 ; loss: 0.098
2019-01-17 14:13:20,810:INFO: - Found new best DSC
2019-01-17 14:13:20,810:INFO: Epoch 12/45
2019-01-17 14:13:31,677:INFO: - Train metrics: dsc: 0.902 ; iou: 0.840 ; accuracy: 0.999 ; precision: 0.903 ; recall: 0.927 ; loss: 0.085
2019-01-17 14:13:32,764:INFO: - Eval metrics : dsc: 0.889 ; iou: 0.826 ; accuracy: 0.999 ; precision: 0.903 ; recall: 0.912 ; loss: 0.097
2019-01-17 14:13:32,789:INFO: Epoch 13/45
2019-01-17 14:13:43,640:INFO: - Train metrics: dsc: 0.903 ; iou: 0.842 ; accuracy: 0.999 ; precision: 0.906 ; recall: 0.927 ; loss: 0.082
2019-01-17 14:13:44,717:INFO: - Eval metrics : dsc: 0.892 ; iou: 0.830 ; accuracy: 0.999 ; precision: 0.888 ; recall: 0.929 ; loss: 0.095
2019-01-17 14:13:44,736:INFO: - Found new best DSC
2019-01-17 14:13:44,736:INFO: Epoch 14/45
2019-01-17 14:13:55,571:INFO: - Train metrics: dsc: 0.905 ; iou: 0.844 ; accuracy: 0.999 ; precision: 0.907 ; recall: 0.926 ; loss: 0.080
2019-01-17 14:13:56,649:INFO: - Eval metrics : dsc: 0.893 ; iou: 0.831 ; accuracy: 0.999 ; precision: 0.889 ; recall: 0.929 ; loss: 0.094
2019-01-17 14:13:56,672:INFO: - Found new best DSC
2019-01-17 14:13:56,672:INFO: Epoch 15/45
2019-01-17 14:14:07,521:INFO: - Train metrics: dsc: 0.907 ; iou: 0.846 ; accuracy: 0.999 ; precision: 0.909 ; recall: 0.927 ; loss: 0.078
2019-01-17 14:14:08,631:INFO: - Eval metrics : dsc: 0.892 ; iou: 0.831 ; accuracy: 0.999 ; precision: 0.886 ; recall: 0.935 ; loss: 0.094
2019-01-17 14:14:08,649:INFO: Epoch 16/45
2019-01-17 14:14:19,518:INFO: - Train metrics: dsc: 0.907 ; iou: 0.847 ; accuracy: 0.999 ; precision: 0.908 ; recall: 0.930 ; loss: 0.078
2019-01-17 14:14:20,611:INFO: - Eval metrics : dsc: 0.893 ; iou: 0.831 ; accuracy: 0.999 ; precision: 0.889 ; recall: 0.930 ; loss: 0.094
2019-01-17 14:14:20,632:INFO: - Found new best DSC
2019-01-17 14:14:20,632:INFO: Epoch 17/45
2019-01-17 14:14:31,505:INFO: - Train metrics: dsc: 0.909 ; iou: 0.850 ; accuracy: 0.999 ; precision: 0.912 ; recall: 0.928 ; loss: 0.074
2019-01-17 14:14:32,608:INFO: - Eval metrics : dsc: 0.893 ; iou: 0.832 ; accuracy: 0.999 ; precision: 0.887 ; recall: 0.935 ; loss: 0.095
2019-01-17 14:14:32,626:INFO: Epoch 18/45
2019-01-17 14:14:43,468:INFO: - Train metrics: dsc: 0.909 ; iou: 0.850 ; accuracy: 0.999 ; precision: 0.911 ; recall: 0.930 ; loss: 0.074
2019-01-17 14:14:44,557:INFO: - Eval metrics : dsc: 0.889 ; iou: 0.828 ; accuracy: 0.999 ; precision: 0.893 ; recall: 0.925 ; loss: 0.097
2019-01-17 14:14:44,571:INFO: Epoch 19/45
2019-01-17 14:14:55,433:INFO: - Train metrics: dsc: 0.909 ; iou: 0.850 ; accuracy: 0.999 ; precision: 0.910 ; recall: 0.931 ; loss: 0.073
2019-01-17 14:14:56,488:INFO: - Eval metrics : dsc: 0.891 ; iou: 0.830 ; accuracy: 0.999 ; precision: 0.887 ; recall: 0.931 ; loss: 0.097
2019-01-17 14:14:56,504:INFO: Epoch 20/45
2019-01-17 14:15:07,326:INFO: - Train metrics: dsc: 0.910 ; iou: 0.851 ; accuracy: 0.999 ; precision: 0.914 ; recall: 0.928 ; loss: 0.072
2019-01-17 14:15:08,462:INFO: - Eval metrics : dsc: 0.889 ; iou: 0.829 ; accuracy: 0.999 ; precision: 0.892 ; recall: 0.927 ; loss: 0.098
2019-01-17 14:15:08,489:INFO: Epoch 21/45
2019-01-17 14:15:19,314:INFO: - Train metrics: dsc: 0.911 ; iou: 0.853 ; accuracy: 0.999 ; precision: 0.914 ; recall: 0.929 ; loss: 0.071
2019-01-17 14:15:20,417:INFO: - Eval metrics : dsc: 0.891 ; iou: 0.831 ; accuracy: 0.999 ; precision: 0.882 ; recall: 0.937 ; loss: 0.097
2019-01-17 14:15:20,440:INFO: Epoch 22/45
2019-01-17 14:15:31,332:INFO: - Train metrics: dsc: 0.912 ; iou: 0.855 ; accuracy: 0.999 ; precision: 0.913 ; recall: 0.933 ; loss: 0.070
2019-01-17 14:15:32,419:INFO: - Eval metrics : dsc: 0.891 ; iou: 0.831 ; accuracy: 0.999 ; precision: 0.891 ; recall: 0.928 ; loss: 0.096
2019-01-17 14:15:32,432:INFO: Epoch 23/45
2019-01-17 14:15:43,285:INFO: - Train metrics: dsc: 0.911 ; iou: 0.853 ; accuracy: 0.999 ; precision: 0.914 ; recall: 0.929 ; loss: 0.072
2019-01-17 14:15:44,391:INFO: - Eval metrics : dsc: 0.890 ; iou: 0.830 ; accuracy: 0.999 ; precision: 0.883 ; recall: 0.937 ; loss: 0.097
2019-01-17 14:15:44,409:INFO: Epoch 24/45
2019-01-17 14:15:55,244:INFO: - Train metrics: dsc: 0.911 ; iou: 0.854 ; accuracy: 0.999 ; precision: 0.916 ; recall: 0.930 ; loss: 0.071
2019-01-17 14:15:56,332:INFO: - Eval metrics : dsc: 0.891 ; iou: 0.832 ; accuracy: 0.999 ; precision: 0.890 ; recall: 0.932 ; loss: 0.095
2019-01-17 14:15:56,350:INFO: Epoch 25/45
2019-01-17 14:16:07,300:INFO: - Train metrics: dsc: 0.913 ; iou: 0.857 ; accuracy: 0.999 ; precision: 0.916 ; recall: 0.932 ; loss: 0.067
2019-01-17 14:16:08,405:INFO: - Eval metrics : dsc: 0.891 ; iou: 0.832 ; accuracy: 0.999 ; precision: 0.891 ; recall: 0.931 ; loss: 0.095
2019-01-17 14:16:08,422:INFO: Epoch 26/45
2019-01-17 14:16:19,319:INFO: - Train metrics: dsc: 0.914 ; iou: 0.858 ; accuracy: 0.999 ; precision: 0.918 ; recall: 0.931 ; loss: 0.067
2019-01-17 14:16:20,410:INFO: - Eval metrics : dsc: 0.892 ; iou: 0.833 ; accuracy: 0.999 ; precision: 0.892 ; recall: 0.932 ; loss: 0.094
2019-01-17 14:16:20,424:INFO: Epoch 27/45
2019-01-17 14:16:31,295:INFO: - Train metrics: dsc: 0.914 ; iou: 0.858 ; accuracy: 0.999 ; precision: 0.917 ; recall: 0.932 ; loss: 0.066
2019-01-17 14:16:32,386:INFO: - Eval metrics : dsc: 0.893 ; iou: 0.834 ; accuracy: 0.999 ; precision: 0.895 ; recall: 0.929 ; loss: 0.093
2019-01-17 14:16:32,404:INFO: Epoch 28/45
2019-01-17 14:16:43,234:INFO: - Train metrics: dsc: 0.913 ; iou: 0.857 ; accuracy: 0.999 ; precision: 0.917 ; recall: 0.932 ; loss: 0.068
2019-01-17 14:16:44,313:INFO: - Eval metrics : dsc: 0.897 ; iou: 0.839 ; accuracy: 0.999 ; precision: 0.894 ; recall: 0.932 ; loss: 0.086
2019-01-17 14:16:44,334:INFO: - Found new best DSC
2019-01-17 14:16:44,334:INFO: Epoch 29/45
2019-01-17 14:16:55,150:INFO: - Train metrics: dsc: 0.916 ; iou: 0.860 ; accuracy: 0.999 ; precision: 0.920 ; recall: 0.932 ; loss: 0.064
2019-01-17 14:16:56,228:INFO: - Eval metrics : dsc: 0.897 ; iou: 0.838 ; accuracy: 0.999 ; precision: 0.897 ; recall: 0.929 ; loss: 0.085
2019-01-17 14:16:56,251:INFO: - Found new best DSC
2019-01-17 14:16:56,251:INFO: Epoch 30/45
2019-01-17 14:17:07,125:INFO: - Train metrics: dsc: 0.915 ; iou: 0.860 ; accuracy: 0.999 ; precision: 0.918 ; recall: 0.932 ; loss: 0.066
2019-01-17 14:17:08,211:INFO: - Eval metrics : dsc: 0.898 ; iou: 0.839 ; accuracy: 0.999 ; precision: 0.886 ; recall: 0.941 ; loss: 0.085
2019-01-17 14:17:08,230:INFO: - Found new best DSC
2019-01-17 14:17:08,231:INFO: Epoch 31/45
2019-01-17 14:17:19,062:INFO: - Train metrics: dsc: 0.916 ; iou: 0.862 ; accuracy: 0.999 ; precision: 0.921 ; recall: 0.932 ; loss: 0.063
2019-01-17 14:17:20,131:INFO: - Eval metrics : dsc: 0.897 ; iou: 0.839 ; accuracy: 0.999 ; precision: 0.892 ; recall: 0.937 ; loss: 0.085
2019-01-17 14:17:20,144:INFO: Epoch 32/45
2019-01-17 14:17:31,040:INFO: - Train metrics: dsc: 0.917 ; iou: 0.862 ; accuracy: 0.999 ; precision: 0.919 ; recall: 0.935 ; loss: 0.063
2019-01-17 14:17:32,174:INFO: - Eval metrics : dsc: 0.898 ; iou: 0.839 ; accuracy: 0.999 ; precision: 0.897 ; recall: 0.930 ; loss: 0.085
2019-01-17 14:17:32,197:INFO: - Found new best DSC
2019-01-17 14:17:32,197:INFO: Epoch 33/45
2019-01-17 14:17:43,091:INFO: - Train metrics: dsc: 0.918 ; iou: 0.864 ; accuracy: 0.999 ; precision: 0.921 ; recall: 0.934 ; loss: 0.062
2019-01-17 14:17:44,180:INFO: - Eval metrics : dsc: 0.897 ; iou: 0.838 ; accuracy: 0.999 ; precision: 0.905 ; recall: 0.920 ; loss: 0.085
2019-01-17 14:17:44,198:INFO: Epoch 34/45
2019-01-17 14:17:55,077:INFO: - Train metrics: dsc: 0.918 ; iou: 0.864 ; accuracy: 0.999 ; precision: 0.923 ; recall: 0.933 ; loss: 0.061
2019-01-17 14:17:56,164:INFO: - Eval metrics : dsc: 0.898 ; iou: 0.839 ; accuracy: 0.999 ; precision: 0.892 ; recall: 0.939 ; loss: 0.084
2019-01-17 14:17:56,186:INFO: Epoch 35/45
2019-01-17 14:18:07,113:INFO: - Train metrics: dsc: 0.918 ; iou: 0.865 ; accuracy: 0.999 ; precision: 0.922 ; recall: 0.935 ; loss: 0.060
2019-01-17 14:18:08,204:INFO: - Eval metrics : dsc: 0.899 ; iou: 0.841 ; accuracy: 0.999 ; precision: 0.888 ; recall: 0.941 ; loss: 0.084
2019-01-17 14:18:08,224:INFO: - Found new best DSC
2019-01-17 14:18:08,225:INFO: Epoch 36/45
2019-01-17 14:18:19,058:INFO: - Train metrics: dsc: 0.918 ; iou: 0.864 ; accuracy: 0.999 ; precision: 0.923 ; recall: 0.933 ; loss: 0.062
2019-01-17 14:18:20,167:INFO: - Eval metrics : dsc: 0.899 ; iou: 0.841 ; accuracy: 0.999 ; precision: 0.891 ; recall: 0.938 ; loss: 0.083
2019-01-17 14:18:20,188:INFO: - Found new best DSC
2019-01-17 14:18:20,189:INFO: Epoch 37/45
2019-01-17 14:18:31,034:INFO: - Train metrics: dsc: 0.919 ; iou: 0.866 ; accuracy: 0.999 ; precision: 0.923 ; recall: 0.934 ; loss: 0.060
2019-01-17 14:18:32,142:INFO: - Eval metrics : dsc: 0.898 ; iou: 0.841 ; accuracy: 0.999 ; precision: 0.897 ; recall: 0.934 ; loss: 0.083
2019-01-17 14:18:32,160:INFO: Epoch 38/45
2019-01-17 14:18:43,053:INFO: - Train metrics: dsc: 0.920 ; iou: 0.866 ; accuracy: 0.999 ; precision: 0.921 ; recall: 0.937 ; loss: 0.059
2019-01-17 14:18:44,177:INFO: - Eval metrics : dsc: 0.899 ; iou: 0.841 ; accuracy: 0.999 ; precision: 0.897 ; recall: 0.932 ; loss: 0.082
2019-01-17 14:18:44,198:INFO: - Found new best DSC
2019-01-17 14:18:44,198:INFO: Epoch 39/45
2019-01-17 14:18:55,029:INFO: - Train metrics: dsc: 0.920 ; iou: 0.867 ; accuracy: 0.999 ; precision: 0.924 ; recall: 0.935 ; loss: 0.058
2019-01-17 14:18:56,124:INFO: - Eval metrics : dsc: 0.900 ; iou: 0.842 ; accuracy: 0.999 ; precision: 0.885 ; recall: 0.946 ; loss: 0.082
2019-01-17 14:18:56,143:INFO: - Found new best DSC
2019-01-17 14:18:56,143:INFO: Epoch 40/45
2019-01-17 14:19:06,986:INFO: - Train metrics: dsc: 0.921 ; iou: 0.868 ; accuracy: 0.999 ; precision: 0.922 ; recall: 0.937 ; loss: 0.057
2019-01-17 14:19:08,109:INFO: - Eval metrics : dsc: 0.899 ; iou: 0.841 ; accuracy: 0.999 ; precision: 0.897 ; recall: 0.932 ; loss: 0.082
2019-01-17 14:19:08,124:INFO: Epoch 41/45
2019-01-17 14:19:18,992:INFO: - Train metrics: dsc: 0.920 ; iou: 0.867 ; accuracy: 0.999 ; precision: 0.921 ; recall: 0.938 ; loss: 0.059
2019-01-17 14:19:20,111:INFO: - Eval metrics : dsc: 0.900 ; iou: 0.842 ; accuracy: 0.999 ; precision: 0.901 ; recall: 0.931 ; loss: 0.081
2019-01-17 14:19:20,129:INFO: - Found new best DSC
2019-01-17 14:19:20,130:INFO: Epoch 42/45
2019-01-17 14:19:31,037:INFO: - Train metrics: dsc: 0.922 ; iou: 0.869 ; accuracy: 0.999 ; precision: 0.926 ; recall: 0.935 ; loss: 0.057
2019-01-17 14:19:32,175:INFO: - Eval metrics : dsc: 0.900 ; iou: 0.843 ; accuracy: 0.999 ; precision: 0.899 ; recall: 0.935 ; loss: 0.081
2019-01-17 14:19:32,199:INFO: - Found new best DSC
2019-01-17 14:19:32,199:INFO: Epoch 43/45
2019-01-17 14:19:43,115:INFO: - Train metrics: dsc: 0.922 ; iou: 0.869 ; accuracy: 0.999 ; precision: 0.925 ; recall: 0.937 ; loss: 0.056
2019-01-17 14:19:44,234:INFO: - Eval metrics : dsc: 0.899 ; iou: 0.841 ; accuracy: 0.999 ; precision: 0.905 ; recall: 0.927 ; loss: 0.082
2019-01-17 14:19:44,255:INFO: Epoch 44/45
2019-01-17 14:19:55,160:INFO: - Train metrics: dsc: 0.922 ; iou: 0.870 ; accuracy: 0.999 ; precision: 0.925 ; recall: 0.937 ; loss: 0.055
2019-01-17 14:19:56,247:INFO: - Eval metrics : dsc: 0.900 ; iou: 0.842 ; accuracy: 0.999 ; precision: 0.904 ; recall: 0.930 ; loss: 0.081
2019-01-17 14:19:56,267:INFO: Epoch 45/45
2019-01-17 14:20:07,147:INFO: - Train metrics: dsc: 0.923 ; iou: 0.871 ; accuracy: 0.999 ; precision: 0.925 ; recall: 0.937 ; loss: 0.054
2019-01-17 14:20:08,268:INFO: - Eval metrics : dsc: 0.900 ; iou: 0.842 ; accuracy: 0.999 ; precision: 0.906 ; recall: 0.927 ; loss: 0.081
