2019-01-12 14:18:05,731:INFO: Loading the datasets...
2019-01-12 14:18:10,187:INFO: - done.
2019-01-12 14:18:10,187:INFO: For k-fold 1/5:
2019-01-12 14:18:10,187:INFO: Starting training for 45 epoch(s)
2019-01-12 14:18:10,187:INFO: Epoch 1/45
2019-01-12 14:18:21,715:INFO: - Train metrics: dsc: 0.132 ; iou: 0.075 ; accuracy: 0.875 ; precision: 0.076 ; recall: 0.873 ; loss: 0.964
2019-01-12 14:18:22,787:INFO: - Eval metrics : dsc: 0.297 ; iou: 0.186 ; accuracy: 0.965 ; precision: 0.186 ; recall: 0.924 ; loss: 0.949
2019-01-12 14:18:22,811:INFO: - Found new best DSC
2019-01-12 14:18:22,811:INFO: Epoch 2/45
2019-01-12 14:18:33,974:INFO: - Train metrics: dsc: 0.378 ; iou: 0.255 ; accuracy: 0.973 ; precision: 0.257 ; recall: 0.934 ; loss: 0.942
2019-01-12 14:18:35,093:INFO: - Eval metrics : dsc: 0.416 ; iou: 0.281 ; accuracy: 0.981 ; precision: 0.281 ; recall: 0.935 ; loss: 0.931
2019-01-12 14:18:35,124:INFO: - Found new best DSC
2019-01-12 14:18:35,124:INFO: Epoch 3/45
2019-01-12 14:18:46,255:INFO: - Train metrics: dsc: 0.561 ; iou: 0.427 ; accuracy: 0.989 ; precision: 0.432 ; recall: 0.949 ; loss: 0.918
2019-01-12 14:18:47,355:INFO: - Eval metrics : dsc: 0.643 ; iou: 0.512 ; accuracy: 0.994 ; precision: 0.514 ; recall: 0.940 ; loss: 0.900
2019-01-12 14:18:47,379:INFO: - Found new best DSC
2019-01-12 14:18:47,379:INFO: Epoch 4/45
2019-01-12 14:18:58,493:INFO: - Train metrics: dsc: 0.651 ; iou: 0.527 ; accuracy: 0.993 ; precision: 0.541 ; recall: 0.944 ; loss: 0.873
2019-01-12 14:18:59,583:INFO: - Eval metrics : dsc: 0.552 ; iou: 0.414 ; accuracy: 0.990 ; precision: 0.415 ; recall: 0.947 ; loss: 0.848
2019-01-12 14:18:59,611:INFO: Epoch 5/45
2019-01-12 14:19:10,710:INFO: - Train metrics: dsc: 0.734 ; iou: 0.626 ; accuracy: 0.996 ; precision: 0.641 ; recall: 0.944 ; loss: 0.780
2019-01-12 14:19:11,789:INFO: - Eval metrics : dsc: 0.756 ; iou: 0.656 ; accuracy: 0.997 ; precision: 0.690 ; recall: 0.926 ; loss: 0.727
2019-01-12 14:19:11,819:INFO: - Found new best DSC
2019-01-12 14:19:11,819:INFO: Epoch 6/45
2019-01-12 14:19:22,881:INFO: - Train metrics: dsc: 0.784 ; iou: 0.692 ; accuracy: 0.997 ; precision: 0.725 ; recall: 0.928 ; loss: 0.637
2019-01-12 14:19:23,957:INFO: - Eval metrics : dsc: 0.794 ; iou: 0.707 ; accuracy: 0.998 ; precision: 0.759 ; recall: 0.930 ; loss: 0.557
2019-01-12 14:19:23,980:INFO: - Found new best DSC
2019-01-12 14:19:23,980:INFO: Epoch 7/45
2019-01-12 14:19:35,211:INFO: - Train metrics: dsc: 0.816 ; iou: 0.734 ; accuracy: 0.998 ; precision: 0.782 ; recall: 0.923 ; loss: 0.478
2019-01-12 14:19:36,298:INFO: - Eval metrics : dsc: 0.829 ; iou: 0.759 ; accuracy: 0.999 ; precision: 0.853 ; recall: 0.891 ; loss: 0.407
2019-01-12 14:19:36,321:INFO: - Found new best DSC
2019-01-12 14:19:36,321:INFO: Epoch 8/45
2019-01-12 14:19:47,733:INFO: - Train metrics: dsc: 0.842 ; iou: 0.768 ; accuracy: 0.998 ; precision: 0.824 ; recall: 0.919 ; loss: 0.334
2019-01-12 14:19:48,850:INFO: - Eval metrics : dsc: 0.841 ; iou: 0.773 ; accuracy: 0.999 ; precision: 0.842 ; recall: 0.914 ; loss: 0.298
2019-01-12 14:19:48,880:INFO: - Found new best DSC
2019-01-12 14:19:48,880:INFO: Epoch 9/45
2019-01-12 14:20:00,150:INFO: - Train metrics: dsc: 0.854 ; iou: 0.784 ; accuracy: 0.999 ; precision: 0.848 ; recall: 0.912 ; loss: 0.263
2019-01-12 14:20:01,257:INFO: - Eval metrics : dsc: 0.819 ; iou: 0.749 ; accuracy: 0.998 ; precision: 0.812 ; recall: 0.904 ; loss: 0.261
2019-01-12 14:20:01,284:INFO: Epoch 10/45
2019-01-12 14:20:12,536:INFO: - Train metrics: dsc: 0.861 ; iou: 0.792 ; accuracy: 0.999 ; precision: 0.862 ; recall: 0.910 ; loss: 0.223
2019-01-12 14:20:13,684:INFO: - Eval metrics : dsc: 0.847 ; iou: 0.779 ; accuracy: 0.999 ; precision: 0.847 ; recall: 0.919 ; loss: 0.215
2019-01-12 14:20:13,712:INFO: - Found new best DSC
2019-01-12 14:20:13,712:INFO: Epoch 11/45
2019-01-12 14:20:24,938:INFO: - Train metrics: dsc: 0.865 ; iou: 0.798 ; accuracy: 0.999 ; precision: 0.867 ; recall: 0.913 ; loss: 0.196
2019-01-12 14:20:26,029:INFO: - Eval metrics : dsc: 0.861 ; iou: 0.798 ; accuracy: 0.999 ; precision: 0.873 ; recall: 0.914 ; loss: 0.193
2019-01-12 14:20:26,055:INFO: - Found new best DSC
2019-01-12 14:20:26,056:INFO: Epoch 12/45
2019-01-12 14:20:37,609:INFO: - Train metrics: dsc: 0.873 ; iou: 0.808 ; accuracy: 0.999 ; precision: 0.876 ; recall: 0.918 ; loss: 0.175
2019-01-12 14:20:38,704:INFO: - Eval metrics : dsc: 0.855 ; iou: 0.791 ; accuracy: 0.999 ; precision: 0.858 ; recall: 0.922 ; loss: 0.177
2019-01-12 14:20:38,731:INFO: Epoch 13/45
2019-01-12 14:20:49,943:INFO: - Train metrics: dsc: 0.868 ; iou: 0.802 ; accuracy: 0.999 ; precision: 0.874 ; recall: 0.913 ; loss: 0.166
2019-01-12 14:20:51,034:INFO: - Eval metrics : dsc: 0.865 ; iou: 0.803 ; accuracy: 0.999 ; precision: 0.864 ; recall: 0.924 ; loss: 0.162
2019-01-12 14:20:51,064:INFO: - Found new best DSC
2019-01-12 14:20:51,064:INFO: Epoch 14/45
2019-01-12 14:21:02,257:INFO: - Train metrics: dsc: 0.879 ; iou: 0.814 ; accuracy: 0.999 ; precision: 0.879 ; recall: 0.920 ; loss: 0.154
2019-01-12 14:21:03,394:INFO: - Eval metrics : dsc: 0.864 ; iou: 0.802 ; accuracy: 0.999 ; precision: 0.867 ; recall: 0.924 ; loss: 0.162
2019-01-12 14:21:03,416:INFO: Epoch 15/45
2019-01-12 14:21:14,726:INFO: - Train metrics: dsc: 0.885 ; iou: 0.822 ; accuracy: 0.999 ; precision: 0.887 ; recall: 0.919 ; loss: 0.146
2019-01-12 14:21:15,814:INFO: - Eval metrics : dsc: 0.863 ; iou: 0.797 ; accuracy: 0.999 ; precision: 0.897 ; recall: 0.889 ; loss: 0.158
2019-01-12 14:21:15,845:INFO: Epoch 16/45
2019-01-12 14:21:27,040:INFO: - Train metrics: dsc: 0.884 ; iou: 0.820 ; accuracy: 0.999 ; precision: 0.885 ; recall: 0.921 ; loss: 0.140
2019-01-12 14:21:28,128:INFO: - Eval metrics : dsc: 0.869 ; iou: 0.807 ; accuracy: 0.999 ; precision: 0.869 ; recall: 0.928 ; loss: 0.145
2019-01-12 14:21:28,147:INFO: - Found new best DSC
2019-01-12 14:21:28,147:INFO: Epoch 17/45
2019-01-12 14:21:39,386:INFO: - Train metrics: dsc: 0.893 ; iou: 0.831 ; accuracy: 0.999 ; precision: 0.897 ; recall: 0.922 ; loss: 0.131
2019-01-12 14:21:40,526:INFO: - Eval metrics : dsc: 0.865 ; iou: 0.805 ; accuracy: 0.999 ; precision: 0.876 ; recall: 0.919 ; loss: 0.146
2019-01-12 14:21:40,547:INFO: Epoch 18/45
2019-01-12 14:21:51,740:INFO: - Train metrics: dsc: 0.894 ; iou: 0.833 ; accuracy: 0.999 ; precision: 0.897 ; recall: 0.925 ; loss: 0.125
2019-01-12 14:21:52,825:INFO: - Eval metrics : dsc: 0.873 ; iou: 0.814 ; accuracy: 0.999 ; precision: 0.879 ; recall: 0.925 ; loss: 0.139
2019-01-12 14:21:52,848:INFO: - Found new best DSC
2019-01-12 14:21:52,848:INFO: Epoch 19/45
2019-01-12 14:22:04,064:INFO: - Train metrics: dsc: 0.892 ; iou: 0.831 ; accuracy: 0.999 ; precision: 0.903 ; recall: 0.917 ; loss: 0.125
2019-01-12 14:22:05,145:INFO: - Eval metrics : dsc: 0.863 ; iou: 0.803 ; accuracy: 0.999 ; precision: 0.845 ; recall: 0.940 ; loss: 0.143
2019-01-12 14:22:05,174:INFO: Epoch 20/45
2019-01-12 14:22:16,389:INFO: - Train metrics: dsc: 0.898 ; iou: 0.839 ; accuracy: 0.999 ; precision: 0.901 ; recall: 0.922 ; loss: 0.117
2019-01-12 14:22:17,481:INFO: - Eval metrics : dsc: 0.866 ; iou: 0.807 ; accuracy: 0.999 ; precision: 0.891 ; recall: 0.905 ; loss: 0.144
2019-01-12 14:22:17,508:INFO: Epoch 21/45
2019-01-12 14:22:28,716:INFO: - Train metrics: dsc: 0.893 ; iou: 0.831 ; accuracy: 0.999 ; precision: 0.893 ; recall: 0.924 ; loss: 0.120
2019-01-12 14:22:29,813:INFO: - Eval metrics : dsc: 0.863 ; iou: 0.801 ; accuracy: 0.999 ; precision: 0.902 ; recall: 0.889 ; loss: 0.142
2019-01-12 14:22:29,841:INFO: Epoch 22/45
2019-01-12 14:22:41,098:INFO: - Train metrics: dsc: 0.892 ; iou: 0.830 ; accuracy: 0.999 ; precision: 0.899 ; recall: 0.917 ; loss: 0.117
2019-01-12 14:22:42,176:INFO: - Eval metrics : dsc: 0.875 ; iou: 0.817 ; accuracy: 0.999 ; precision: 0.899 ; recall: 0.908 ; loss: 0.130
2019-01-12 14:22:42,198:INFO: - Found new best DSC
2019-01-12 14:22:42,199:INFO: Epoch 23/45
2019-01-12 14:22:53,464:INFO: - Train metrics: dsc: 0.901 ; iou: 0.842 ; accuracy: 0.999 ; precision: 0.904 ; recall: 0.924 ; loss: 0.108
2019-01-12 14:22:54,575:INFO: - Eval metrics : dsc: 0.874 ; iou: 0.815 ; accuracy: 0.999 ; precision: 0.887 ; recall: 0.908 ; loss: 0.128
2019-01-12 14:22:54,594:INFO: Epoch 24/45
2019-01-12 14:23:05,915:INFO: - Train metrics: dsc: 0.893 ; iou: 0.830 ; accuracy: 0.999 ; precision: 0.905 ; recall: 0.913 ; loss: 0.112
2019-01-12 14:23:07,080:INFO: - Eval metrics : dsc: 0.876 ; iou: 0.814 ; accuracy: 0.999 ; precision: 0.901 ; recall: 0.901 ; loss: 0.125
2019-01-12 14:23:07,111:INFO: - Found new best DSC
2019-01-12 14:23:07,111:INFO: Epoch 25/45
2019-01-12 14:23:18,411:INFO: - Train metrics: dsc: 0.905 ; iou: 0.846 ; accuracy: 0.999 ; precision: 0.911 ; recall: 0.925 ; loss: 0.095
2019-01-12 14:23:19,539:INFO: - Eval metrics : dsc: 0.877 ; iou: 0.819 ; accuracy: 0.999 ; precision: 0.882 ; recall: 0.926 ; loss: 0.120
2019-01-12 14:23:19,566:INFO: - Found new best DSC
2019-01-12 14:23:19,566:INFO: Epoch 26/45
2019-01-12 14:23:30,928:INFO: - Train metrics: dsc: 0.907 ; iou: 0.848 ; accuracy: 0.999 ; precision: 0.912 ; recall: 0.926 ; loss: 0.088
2019-01-12 14:23:32,025:INFO: - Eval metrics : dsc: 0.871 ; iou: 0.813 ; accuracy: 0.999 ; precision: 0.894 ; recall: 0.908 ; loss: 0.125
2019-01-12 14:23:32,045:INFO: Epoch 27/45
2019-01-12 14:23:43,302:INFO: - Train metrics: dsc: 0.904 ; iou: 0.845 ; accuracy: 0.999 ; precision: 0.909 ; recall: 0.923 ; loss: 0.088
2019-01-12 14:23:44,391:INFO: - Eval metrics : dsc: 0.864 ; iou: 0.804 ; accuracy: 0.999 ; precision: 0.889 ; recall: 0.905 ; loss: 0.126
2019-01-12 14:23:44,423:INFO: Epoch 28/45
2019-01-12 14:23:55,615:INFO: - Train metrics: dsc: 0.893 ; iou: 0.832 ; accuracy: 0.999 ; precision: 0.910 ; recall: 0.908 ; loss: 0.099
2019-01-12 14:23:56,735:INFO: - Eval metrics : dsc: 0.860 ; iou: 0.796 ; accuracy: 0.999 ; precision: 0.913 ; recall: 0.870 ; loss: 0.130
2019-01-12 14:23:56,764:INFO: Epoch 29/45
2019-01-12 14:24:07,979:INFO: - Train metrics: dsc: 0.890 ; iou: 0.827 ; accuracy: 0.999 ; precision: 0.908 ; recall: 0.907 ; loss: 0.099
2019-01-12 14:24:09,095:INFO: - Eval metrics : dsc: 0.869 ; iou: 0.808 ; accuracy: 0.999 ; precision: 0.899 ; recall: 0.897 ; loss: 0.119
2019-01-12 14:24:09,115:INFO: Epoch 30/45
2019-01-12 14:24:20,463:INFO: - Train metrics: dsc: 0.893 ; iou: 0.829 ; accuracy: 0.999 ; precision: 0.905 ; recall: 0.910 ; loss: 0.094
2019-01-12 14:24:21,552:INFO: - Eval metrics : dsc: 0.873 ; iou: 0.812 ; accuracy: 0.999 ; precision: 0.873 ; recall: 0.927 ; loss: 0.117
2019-01-12 14:24:21,579:INFO: Epoch 31/45
2019-01-12 14:24:32,815:INFO: - Train metrics: dsc: 0.901 ; iou: 0.840 ; accuracy: 0.999 ; precision: 0.908 ; recall: 0.919 ; loss: 0.084
2019-01-12 14:24:33,952:INFO: - Eval metrics : dsc: 0.860 ; iou: 0.805 ; accuracy: 0.999 ; precision: 0.898 ; recall: 0.892 ; loss: 0.121
2019-01-12 14:24:33,980:INFO: Epoch 32/45
2019-01-12 14:24:45,170:INFO: - Train metrics: dsc: 0.891 ; iou: 0.834 ; accuracy: 0.999 ; precision: 0.921 ; recall: 0.903 ; loss: 0.090
2019-01-12 14:24:46,298:INFO: - Eval metrics : dsc: 0.839 ; iou: 0.777 ; accuracy: 0.999 ; precision: 0.882 ; recall: 0.884 ; loss: 0.140
2019-01-12 14:24:46,322:INFO: Epoch 33/45
2019-01-12 14:24:57,520:INFO: - Train metrics: dsc: 0.894 ; iou: 0.833 ; accuracy: 0.999 ; precision: 0.906 ; recall: 0.913 ; loss: 0.090
2019-01-12 14:24:58,618:INFO: - Eval metrics : dsc: 0.873 ; iou: 0.816 ; accuracy: 0.999 ; precision: 0.892 ; recall: 0.915 ; loss: 0.111
2019-01-12 14:24:58,648:INFO: Epoch 34/45
2019-01-12 14:25:09,941:INFO: - Train metrics: dsc: 0.903 ; iou: 0.845 ; accuracy: 0.999 ; precision: 0.914 ; recall: 0.923 ; loss: 0.076
2019-01-12 14:25:11,028:INFO: - Eval metrics : dsc: 0.873 ; iou: 0.817 ; accuracy: 0.999 ; precision: 0.893 ; recall: 0.913 ; loss: 0.113
2019-01-12 14:25:11,053:INFO: Epoch 35/45
2019-01-12 14:25:22,251:INFO: - Train metrics: dsc: 0.907 ; iou: 0.850 ; accuracy: 0.999 ; precision: 0.914 ; recall: 0.927 ; loss: 0.071
2019-01-12 14:25:23,353:INFO: - Eval metrics : dsc: 0.874 ; iou: 0.818 ; accuracy: 0.999 ; precision: 0.895 ; recall: 0.908 ; loss: 0.113
2019-01-12 14:25:23,385:INFO: Epoch 36/45
2019-01-12 14:25:34,673:INFO: - Train metrics: dsc: 0.906 ; iou: 0.849 ; accuracy: 0.999 ; precision: 0.908 ; recall: 0.930 ; loss: 0.075
2019-01-12 14:25:35,750:INFO: - Eval metrics : dsc: 0.870 ; iou: 0.812 ; accuracy: 0.999 ; precision: 0.907 ; recall: 0.894 ; loss: 0.116
2019-01-12 14:25:35,781:INFO: Epoch 37/45
2019-01-12 14:25:47,052:INFO: - Train metrics: dsc: 0.903 ; iou: 0.845 ; accuracy: 0.999 ; precision: 0.913 ; recall: 0.922 ; loss: 0.076
2019-01-12 14:25:48,113:INFO: - Eval metrics : dsc: 0.875 ; iou: 0.817 ; accuracy: 0.999 ; precision: 0.886 ; recall: 0.920 ; loss: 0.111
2019-01-12 14:25:48,141:INFO: Epoch 38/45
2019-01-12 14:25:59,345:INFO: - Train metrics: dsc: 0.892 ; iou: 0.833 ; accuracy: 0.999 ; precision: 0.917 ; recall: 0.906 ; loss: 0.084
2019-01-12 14:26:00,431:INFO: - Eval metrics : dsc: 0.874 ; iou: 0.814 ; accuracy: 0.999 ; precision: 0.891 ; recall: 0.906 ; loss: 0.113
2019-01-12 14:26:00,451:INFO: Epoch 39/45
2019-01-12 14:26:11,673:INFO: - Train metrics: dsc: 0.909 ; iou: 0.852 ; accuracy: 0.999 ; precision: 0.917 ; recall: 0.925 ; loss: 0.065
2019-01-12 14:26:12,801:INFO: - Eval metrics : dsc: 0.880 ; iou: 0.819 ; accuracy: 0.999 ; precision: 0.875 ; recall: 0.927 ; loss: 0.107
2019-01-12 14:26:12,831:INFO: - Found new best DSC
2019-01-12 14:26:12,832:INFO: Epoch 40/45
2019-01-12 14:26:24,071:INFO: - Train metrics: dsc: 0.907 ; iou: 0.849 ; accuracy: 0.999 ; precision: 0.911 ; recall: 0.928 ; loss: 0.070
2019-01-12 14:26:25,170:INFO: - Eval metrics : dsc: 0.881 ; iou: 0.823 ; accuracy: 0.999 ; precision: 0.888 ; recall: 0.924 ; loss: 0.101
2019-01-12 14:26:25,202:INFO: - Found new best DSC
2019-01-12 14:26:25,202:INFO: Epoch 41/45
2019-01-12 14:26:36,334:INFO: - Train metrics: dsc: 0.910 ; iou: 0.852 ; accuracy: 0.999 ; precision: 0.913 ; recall: 0.929 ; loss: 0.066
2019-01-12 14:26:37,475:INFO: - Eval metrics : dsc: 0.882 ; iou: 0.822 ; accuracy: 0.999 ; precision: 0.886 ; recall: 0.926 ; loss: 0.099
2019-01-12 14:26:37,505:INFO: - Found new best DSC
2019-01-12 14:26:37,505:INFO: Epoch 42/45
2019-01-12 14:26:48,758:INFO: - Train metrics: dsc: 0.904 ; iou: 0.844 ; accuracy: 0.999 ; precision: 0.914 ; recall: 0.919 ; loss: 0.072
2019-01-12 14:26:49,874:INFO: - Eval metrics : dsc: 0.875 ; iou: 0.812 ; accuracy: 0.999 ; precision: 0.863 ; recall: 0.937 ; loss: 0.111
2019-01-12 14:26:49,894:INFO: Epoch 43/45
2019-01-12 14:27:01,106:INFO: - Train metrics: dsc: 0.904 ; iou: 0.845 ; accuracy: 0.999 ; precision: 0.911 ; recall: 0.923 ; loss: 0.071
2019-01-12 14:27:02,206:INFO: - Eval metrics : dsc: 0.881 ; iou: 0.823 ; accuracy: 0.999 ; precision: 0.905 ; recall: 0.907 ; loss: 0.099
2019-01-12 14:27:02,233:INFO: Epoch 44/45
2019-01-12 14:27:13,479:INFO: - Train metrics: dsc: 0.849 ; iou: 0.772 ; accuracy: 0.998 ; precision: 0.899 ; recall: 0.849 ; loss: 0.130
2019-01-12 14:27:14,560:INFO: - Eval metrics : dsc: 0.863 ; iou: 0.802 ; accuracy: 0.999 ; precision: 0.859 ; recall: 0.923 ; loss: 0.122
2019-01-12 14:27:14,584:INFO: Epoch 45/45
2019-01-12 14:27:25,830:INFO: - Train metrics: dsc: 0.902 ; iou: 0.841 ; accuracy: 0.999 ; precision: 0.915 ; recall: 0.916 ; loss: 0.072
2019-01-12 14:27:26,985:INFO: - Eval metrics : dsc: 0.875 ; iou: 0.817 ; accuracy: 0.999 ; precision: 0.887 ; recall: 0.917 ; loss: 0.110
2019-01-12 14:27:27,116:INFO: Loading the datasets...
2019-01-12 14:27:31,593:INFO: - done.
2019-01-12 14:27:31,593:INFO: For k-fold 2/5:
2019-01-12 14:27:31,593:INFO: Starting training for 45 epoch(s)
2019-01-12 14:27:31,593:INFO: Epoch 1/45
2019-01-12 14:27:42,746:INFO: - Train metrics: dsc: 0.134 ; iou: 0.076 ; accuracy: 0.877 ; precision: 0.077 ; recall: 0.866 ; loss: 0.963
2019-01-12 14:27:43,835:INFO: - Eval metrics : dsc: 0.217 ; iou: 0.127 ; accuracy: 0.941 ; precision: 0.128 ; recall: 0.945 ; loss: 0.947
2019-01-12 14:27:43,854:INFO: - Found new best DSC
2019-01-12 14:27:43,855:INFO: Epoch 2/45
2019-01-12 14:27:55,028:INFO: - Train metrics: dsc: 0.375 ; iou: 0.252 ; accuracy: 0.973 ; precision: 0.253 ; recall: 0.931 ; loss: 0.943
2019-01-12 14:27:56,133:INFO: - Eval metrics : dsc: 0.379 ; iou: 0.250 ; accuracy: 0.976 ; precision: 0.250 ; recall: 0.957 ; loss: 0.929
2019-01-12 14:27:56,161:INFO: - Found new best DSC
2019-01-12 14:27:56,162:INFO: Epoch 3/45
2019-01-12 14:28:07,311:INFO: - Train metrics: dsc: 0.535 ; iou: 0.401 ; accuracy: 0.988 ; precision: 0.405 ; recall: 0.945 ; loss: 0.919
2019-01-12 14:28:08,410:INFO: - Eval metrics : dsc: 0.510 ; iou: 0.369 ; accuracy: 0.987 ; precision: 0.369 ; recall: 0.960 ; loss: 0.900
2019-01-12 14:28:08,441:INFO: - Found new best DSC
2019-01-12 14:28:08,441:INFO: Epoch 4/45
2019-01-12 14:28:19,577:INFO: - Train metrics: dsc: 0.648 ; iou: 0.524 ; accuracy: 0.993 ; precision: 0.537 ; recall: 0.939 ; loss: 0.876
2019-01-12 14:28:20,667:INFO: - Eval metrics : dsc: 0.674 ; iou: 0.547 ; accuracy: 0.994 ; precision: 0.552 ; recall: 0.957 ; loss: 0.848
2019-01-12 14:28:20,697:INFO: - Found new best DSC
2019-01-12 14:28:20,697:INFO: Epoch 5/45
2019-01-12 14:28:31,874:INFO: - Train metrics: dsc: 0.719 ; iou: 0.610 ; accuracy: 0.996 ; precision: 0.631 ; recall: 0.937 ; loss: 0.777
2019-01-12 14:28:33,066:INFO: - Eval metrics : dsc: 0.775 ; iou: 0.673 ; accuracy: 0.997 ; precision: 0.688 ; recall: 0.953 ; loss: 0.700
2019-01-12 14:28:33,087:INFO: - Found new best DSC
2019-01-12 14:28:33,087:INFO: Epoch 6/45
2019-01-12 14:28:44,289:INFO: - Train metrics: dsc: 0.783 ; iou: 0.690 ; accuracy: 0.997 ; precision: 0.727 ; recall: 0.932 ; loss: 0.622
2019-01-12 14:28:45,427:INFO: - Eval metrics : dsc: 0.800 ; iou: 0.709 ; accuracy: 0.998 ; precision: 0.727 ; recall: 0.946 ; loss: 0.538
2019-01-12 14:28:45,457:INFO: - Found new best DSC
2019-01-12 14:28:45,457:INFO: Epoch 7/45
2019-01-12 14:28:56,699:INFO: - Train metrics: dsc: 0.822 ; iou: 0.741 ; accuracy: 0.998 ; precision: 0.790 ; recall: 0.924 ; loss: 0.470
2019-01-12 14:28:57,850:INFO: - Eval metrics : dsc: 0.800 ; iou: 0.716 ; accuracy: 0.997 ; precision: 0.741 ; recall: 0.933 ; loss: 0.412
2019-01-12 14:28:57,888:INFO: Epoch 8/45
2019-01-12 14:29:09,116:INFO: - Train metrics: dsc: 0.841 ; iou: 0.767 ; accuracy: 0.998 ; precision: 0.823 ; recall: 0.925 ; loss: 0.350
2019-01-12 14:29:10,188:INFO: - Eval metrics : dsc: 0.831 ; iou: 0.759 ; accuracy: 0.998 ; precision: 0.800 ; recall: 0.928 ; loss: 0.310
2019-01-12 14:29:10,211:INFO: - Found new best DSC
2019-01-12 14:29:10,212:INFO: Epoch 9/45
2019-01-12 14:29:21,388:INFO: - Train metrics: dsc: 0.847 ; iou: 0.775 ; accuracy: 0.998 ; precision: 0.838 ; recall: 0.915 ; loss: 0.280
2019-01-12 14:29:22,477:INFO: - Eval metrics : dsc: 0.848 ; iou: 0.781 ; accuracy: 0.999 ; precision: 0.858 ; recall: 0.885 ; loss: 0.255
2019-01-12 14:29:22,508:INFO: - Found new best DSC
2019-01-12 14:29:22,508:INFO: Epoch 10/45
2019-01-12 14:29:33,692:INFO: - Train metrics: dsc: 0.861 ; iou: 0.791 ; accuracy: 0.999 ; precision: 0.856 ; recall: 0.916 ; loss: 0.233
2019-01-12 14:29:34,794:INFO: - Eval metrics : dsc: 0.848 ; iou: 0.780 ; accuracy: 0.999 ; precision: 0.811 ; recall: 0.940 ; loss: 0.216
2019-01-12 14:29:34,818:INFO: - Found new best DSC
2019-01-12 14:29:34,818:INFO: Epoch 11/45
2019-01-12 14:29:46,019:INFO: - Train metrics: dsc: 0.865 ; iou: 0.797 ; accuracy: 0.999 ; precision: 0.865 ; recall: 0.914 ; loss: 0.205
2019-01-12 14:29:47,111:INFO: - Eval metrics : dsc: 0.856 ; iou: 0.792 ; accuracy: 0.999 ; precision: 0.851 ; recall: 0.924 ; loss: 0.192
2019-01-12 14:29:47,143:INFO: - Found new best DSC
2019-01-12 14:29:47,143:INFO: Epoch 12/45
2019-01-12 14:29:58,425:INFO: - Train metrics: dsc: 0.873 ; iou: 0.806 ; accuracy: 0.999 ; precision: 0.874 ; recall: 0.919 ; loss: 0.182
2019-01-12 14:29:59,554:INFO: - Eval metrics : dsc: 0.870 ; iou: 0.809 ; accuracy: 0.999 ; precision: 0.877 ; recall: 0.919 ; loss: 0.174
2019-01-12 14:29:59,588:INFO: - Found new best DSC
2019-01-12 14:29:59,589:INFO: Epoch 13/45
2019-01-12 14:30:10,764:INFO: - Train metrics: dsc: 0.874 ; iou: 0.807 ; accuracy: 0.999 ; precision: 0.877 ; recall: 0.916 ; loss: 0.169
2019-01-12 14:30:11,838:INFO: - Eval metrics : dsc: 0.868 ; iou: 0.805 ; accuracy: 0.999 ; precision: 0.848 ; recall: 0.931 ; loss: 0.168
2019-01-12 14:30:11,861:INFO: Epoch 14/45
2019-01-12 14:30:23,096:INFO: - Train metrics: dsc: 0.871 ; iou: 0.805 ; accuracy: 0.999 ; precision: 0.870 ; recall: 0.920 ; loss: 0.158
2019-01-12 14:30:24,183:INFO: - Eval metrics : dsc: 0.867 ; iou: 0.809 ; accuracy: 0.999 ; precision: 0.866 ; recall: 0.923 ; loss: 0.158
2019-01-12 14:30:24,216:INFO: Epoch 15/45
2019-01-12 14:30:35,356:INFO: - Train metrics: dsc: 0.884 ; iou: 0.821 ; accuracy: 0.999 ; precision: 0.888 ; recall: 0.922 ; loss: 0.147
2019-01-12 14:30:36,559:INFO: - Eval metrics : dsc: 0.869 ; iou: 0.809 ; accuracy: 0.999 ; precision: 0.878 ; recall: 0.914 ; loss: 0.151
2019-01-12 14:30:36,590:INFO: Epoch 16/45
2019-01-12 14:30:47,841:INFO: - Train metrics: dsc: 0.884 ; iou: 0.819 ; accuracy: 0.999 ; precision: 0.883 ; recall: 0.924 ; loss: 0.142
2019-01-12 14:30:48,972:INFO: - Eval metrics : dsc: 0.869 ; iou: 0.810 ; accuracy: 0.999 ; precision: 0.857 ; recall: 0.937 ; loss: 0.149
2019-01-12 14:30:48,989:INFO: Epoch 17/45
2019-01-12 14:31:00,196:INFO: - Train metrics: dsc: 0.882 ; iou: 0.818 ; accuracy: 0.999 ; precision: 0.880 ; recall: 0.926 ; loss: 0.136
2019-01-12 14:31:01,294:INFO: - Eval metrics : dsc: 0.880 ; iou: 0.822 ; accuracy: 0.999 ; precision: 0.891 ; recall: 0.919 ; loss: 0.140
2019-01-12 14:31:01,317:INFO: - Found new best DSC
2019-01-12 14:31:01,317:INFO: Epoch 18/45
2019-01-12 14:31:12,550:INFO: - Train metrics: dsc: 0.891 ; iou: 0.829 ; accuracy: 0.999 ; precision: 0.891 ; recall: 0.927 ; loss: 0.128
2019-01-12 14:31:13,649:INFO: - Eval metrics : dsc: 0.873 ; iou: 0.814 ; accuracy: 0.999 ; precision: 0.870 ; recall: 0.933 ; loss: 0.140
2019-01-12 14:31:13,669:INFO: Epoch 19/45
2019-01-12 14:31:24,909:INFO: - Train metrics: dsc: 0.887 ; iou: 0.827 ; accuracy: 0.999 ; precision: 0.895 ; recall: 0.922 ; loss: 0.127
2019-01-12 14:31:26,047:INFO: - Eval metrics : dsc: 0.872 ; iou: 0.814 ; accuracy: 0.999 ; precision: 0.890 ; recall: 0.913 ; loss: 0.138
2019-01-12 14:31:26,068:INFO: Epoch 20/45
2019-01-12 14:31:37,291:INFO: - Train metrics: dsc: 0.899 ; iou: 0.838 ; accuracy: 0.999 ; precision: 0.900 ; recall: 0.929 ; loss: 0.117
2019-01-12 14:31:38,426:INFO: - Eval metrics : dsc: 0.881 ; iou: 0.825 ; accuracy: 0.999 ; precision: 0.891 ; recall: 0.914 ; loss: 0.135
2019-01-12 14:31:38,451:INFO: - Found new best DSC
2019-01-12 14:31:38,451:INFO: Epoch 21/45
2019-01-12 14:31:49,679:INFO: - Train metrics: dsc: 0.884 ; iou: 0.822 ; accuracy: 0.999 ; precision: 0.886 ; recall: 0.923 ; loss: 0.125
2019-01-12 14:31:50,848:INFO: - Eval metrics : dsc: 0.872 ; iou: 0.815 ; accuracy: 0.999 ; precision: 0.898 ; recall: 0.907 ; loss: 0.137
2019-01-12 14:31:50,870:INFO: Epoch 22/45
2019-01-12 14:32:02,088:INFO: - Train metrics: dsc: 0.890 ; iou: 0.828 ; accuracy: 0.999 ; precision: 0.893 ; recall: 0.923 ; loss: 0.119
2019-01-12 14:32:03,206:INFO: - Eval metrics : dsc: 0.870 ; iou: 0.809 ; accuracy: 0.999 ; precision: 0.849 ; recall: 0.952 ; loss: 0.135
2019-01-12 14:32:03,250:INFO: Epoch 23/45
2019-01-12 14:32:14,499:INFO: - Train metrics: dsc: 0.898 ; iou: 0.838 ; accuracy: 0.999 ; precision: 0.903 ; recall: 0.924 ; loss: 0.112
2019-01-12 14:32:15,607:INFO: - Eval metrics : dsc: 0.879 ; iou: 0.823 ; accuracy: 0.999 ; precision: 0.910 ; recall: 0.903 ; loss: 0.126
2019-01-12 14:32:15,632:INFO: Epoch 24/45
2019-01-12 14:32:26,759:INFO: - Train metrics: dsc: 0.887 ; iou: 0.824 ; accuracy: 0.999 ; precision: 0.898 ; recall: 0.915 ; loss: 0.117
2019-01-12 14:32:27,858:INFO: - Eval metrics : dsc: 0.879 ; iou: 0.820 ; accuracy: 0.999 ; precision: 0.898 ; recall: 0.911 ; loss: 0.122
2019-01-12 14:32:27,890:INFO: Epoch 25/45
2019-01-12 14:32:39,072:INFO: - Train metrics: dsc: 0.897 ; iou: 0.836 ; accuracy: 0.999 ; precision: 0.902 ; recall: 0.923 ; loss: 0.108
2019-01-12 14:32:40,187:INFO: - Eval metrics : dsc: 0.886 ; iou: 0.829 ; accuracy: 0.999 ; precision: 0.907 ; recall: 0.909 ; loss: 0.112
2019-01-12 14:32:40,210:INFO: - Found new best DSC
2019-01-12 14:32:40,211:INFO: Epoch 26/45
2019-01-12 14:32:51,391:INFO: - Train metrics: dsc: 0.898 ; iou: 0.839 ; accuracy: 0.999 ; precision: 0.898 ; recall: 0.931 ; loss: 0.103
2019-01-12 14:32:52,494:INFO: - Eval metrics : dsc: 0.877 ; iou: 0.821 ; accuracy: 0.999 ; precision: 0.888 ; recall: 0.923 ; loss: 0.119
2019-01-12 14:32:52,515:INFO: Epoch 27/45
2019-01-12 14:33:03,776:INFO: - Train metrics: dsc: 0.896 ; iou: 0.838 ; accuracy: 0.999 ; precision: 0.904 ; recall: 0.923 ; loss: 0.103
2019-01-12 14:33:04,889:INFO: - Eval metrics : dsc: 0.880 ; iou: 0.824 ; accuracy: 0.999 ; precision: 0.911 ; recall: 0.898 ; loss: 0.112
2019-01-12 14:33:04,920:INFO: Epoch 28/45
2019-01-12 14:33:16,215:INFO: - Train metrics: dsc: 0.904 ; iou: 0.844 ; accuracy: 0.999 ; precision: 0.908 ; recall: 0.924 ; loss: 0.093
2019-01-12 14:33:17,342:INFO: - Eval metrics : dsc: 0.850 ; iou: 0.785 ; accuracy: 0.999 ; precision: 0.962 ; recall: 0.814 ; loss: 0.128
2019-01-12 14:33:17,372:INFO: Epoch 29/45
2019-01-12 14:33:28,573:INFO: - Train metrics: dsc: 0.893 ; iou: 0.830 ; accuracy: 0.999 ; precision: 0.900 ; recall: 0.918 ; loss: 0.102
2019-01-12 14:33:29,717:INFO: - Eval metrics : dsc: 0.878 ; iou: 0.820 ; accuracy: 0.999 ; precision: 0.881 ; recall: 0.926 ; loss: 0.115
2019-01-12 14:33:29,738:INFO: Epoch 30/45
2019-01-12 14:33:41,004:INFO: - Train metrics: dsc: 0.906 ; iou: 0.847 ; accuracy: 0.999 ; precision: 0.909 ; recall: 0.929 ; loss: 0.087
2019-01-12 14:33:42,135:INFO: - Eval metrics : dsc: 0.865 ; iou: 0.804 ; accuracy: 0.999 ; precision: 0.922 ; recall: 0.871 ; loss: 0.119
2019-01-12 14:33:42,165:INFO: Epoch 31/45
2019-01-12 14:33:53,378:INFO: - Train metrics: dsc: 0.902 ; iou: 0.843 ; accuracy: 0.999 ; precision: 0.911 ; recall: 0.922 ; loss: 0.087
2019-01-12 14:33:54,475:INFO: - Eval metrics : dsc: 0.875 ; iou: 0.820 ; accuracy: 0.999 ; precision: 0.895 ; recall: 0.906 ; loss: 0.106
2019-01-12 14:33:54,504:INFO: Epoch 32/45
2019-01-12 14:34:05,717:INFO: - Train metrics: dsc: 0.900 ; iou: 0.841 ; accuracy: 0.999 ; precision: 0.909 ; recall: 0.920 ; loss: 0.088
2019-01-12 14:34:06,822:INFO: - Eval metrics : dsc: 0.886 ; iou: 0.828 ; accuracy: 0.999 ; precision: 0.890 ; recall: 0.923 ; loss: 0.101
2019-01-12 14:34:06,851:INFO: Epoch 33/45
2019-01-12 14:34:18,077:INFO: - Train metrics: dsc: 0.901 ; iou: 0.842 ; accuracy: 0.999 ; precision: 0.901 ; recall: 0.929 ; loss: 0.087
2019-01-12 14:34:19,180:INFO: - Eval metrics : dsc: 0.868 ; iou: 0.801 ; accuracy: 0.999 ; precision: 0.897 ; recall: 0.883 ; loss: 0.128
2019-01-12 14:34:19,207:INFO: Epoch 34/45
2019-01-12 14:34:30,444:INFO: - Train metrics: dsc: 0.905 ; iou: 0.845 ; accuracy: 0.999 ; precision: 0.908 ; recall: 0.926 ; loss: 0.079
2019-01-12 14:34:31,577:INFO: - Eval metrics : dsc: 0.871 ; iou: 0.810 ; accuracy: 0.999 ; precision: 0.883 ; recall: 0.910 ; loss: 0.120
2019-01-12 14:34:31,601:INFO: Epoch 35/45
2019-01-12 14:34:42,931:INFO: - Train metrics: dsc: 0.905 ; iou: 0.846 ; accuracy: 0.999 ; precision: 0.912 ; recall: 0.925 ; loss: 0.078
2019-01-12 14:34:44,041:INFO: - Eval metrics : dsc: 0.880 ; iou: 0.825 ; accuracy: 0.999 ; precision: 0.912 ; recall: 0.903 ; loss: 0.083
2019-01-12 14:34:44,066:INFO: Epoch 36/45
2019-01-12 14:34:55,284:INFO: - Train metrics: dsc: 0.903 ; iou: 0.844 ; accuracy: 0.999 ; precision: 0.911 ; recall: 0.925 ; loss: 0.080
2019-01-12 14:34:56,408:INFO: - Eval metrics : dsc: 0.873 ; iou: 0.817 ; accuracy: 0.999 ; precision: 0.885 ; recall: 0.913 ; loss: 0.113
2019-01-12 14:34:56,440:INFO: Epoch 37/45
2019-01-12 14:35:07,620:INFO: - Train metrics: dsc: 0.908 ; iou: 0.849 ; accuracy: 0.999 ; precision: 0.908 ; recall: 0.930 ; loss: 0.076
2019-01-12 14:35:08,713:INFO: - Eval metrics : dsc: 0.877 ; iou: 0.821 ; accuracy: 0.999 ; precision: 0.896 ; recall: 0.914 ; loss: 0.108
2019-01-12 14:35:08,733:INFO: Epoch 38/45
2019-01-12 14:35:19,978:INFO: - Train metrics: dsc: 0.907 ; iou: 0.849 ; accuracy: 0.999 ; precision: 0.906 ; recall: 0.932 ; loss: 0.077
2019-01-12 14:35:21,101:INFO: - Eval metrics : dsc: 0.871 ; iou: 0.817 ; accuracy: 0.999 ; precision: 0.882 ; recall: 0.921 ; loss: 0.112
2019-01-12 14:35:21,132:INFO: Epoch 39/45
2019-01-12 14:35:32,436:INFO: - Train metrics: dsc: 0.910 ; iou: 0.852 ; accuracy: 0.999 ; precision: 0.913 ; recall: 0.931 ; loss: 0.072
2019-01-12 14:35:33,550:INFO: - Eval metrics : dsc: 0.881 ; iou: 0.828 ; accuracy: 0.999 ; precision: 0.912 ; recall: 0.907 ; loss: 0.082
2019-01-12 14:35:33,578:INFO: Epoch 40/45
2019-01-12 14:35:44,754:INFO: - Train metrics: dsc: 0.869 ; iou: 0.808 ; accuracy: 0.999 ; precision: 0.909 ; recall: 0.886 ; loss: 0.113
2019-01-12 14:35:45,866:INFO: - Eval metrics : dsc: 0.870 ; iou: 0.813 ; accuracy: 0.999 ; precision: 0.887 ; recall: 0.909 ; loss: 0.116
2019-01-12 14:35:45,886:INFO: Epoch 41/45
2019-01-12 14:35:57,162:INFO: - Train metrics: dsc: 0.904 ; iou: 0.845 ; accuracy: 0.999 ; precision: 0.911 ; recall: 0.925 ; loss: 0.077
2019-01-12 14:35:58,270:INFO: - Eval metrics : dsc: 0.883 ; iou: 0.828 ; accuracy: 0.999 ; precision: 0.896 ; recall: 0.916 ; loss: 0.090
2019-01-12 14:35:58,291:INFO: Epoch 42/45
2019-01-12 14:36:09,471:INFO: - Train metrics: dsc: 0.863 ; iou: 0.801 ; accuracy: 0.999 ; precision: 0.903 ; recall: 0.885 ; loss: 0.118
2019-01-12 14:36:10,543:INFO: - Eval metrics : dsc: 0.865 ; iou: 0.802 ; accuracy: 0.999 ; precision: 0.881 ; recall: 0.906 ; loss: 0.118
2019-01-12 14:36:10,564:INFO: Epoch 43/45
2019-01-12 14:36:21,688:INFO: - Train metrics: dsc: 0.882 ; iou: 0.820 ; accuracy: 0.999 ; precision: 0.912 ; recall: 0.898 ; loss: 0.098
2019-01-12 14:36:22,782:INFO: - Eval metrics : dsc: 0.876 ; iou: 0.818 ; accuracy: 0.999 ; precision: 0.919 ; recall: 0.888 ; loss: 0.093
2019-01-12 14:36:22,809:INFO: Epoch 44/45
2019-01-12 14:36:34,050:INFO: - Train metrics: dsc: 0.897 ; iou: 0.838 ; accuracy: 0.999 ; precision: 0.908 ; recall: 0.919 ; loss: 0.080
2019-01-12 14:36:35,161:INFO: - Eval metrics : dsc: 0.886 ; iou: 0.831 ; accuracy: 0.999 ; precision: 0.903 ; recall: 0.913 ; loss: 0.081
2019-01-12 14:36:35,183:INFO: - Found new best DSC
2019-01-12 14:36:35,183:INFO: Epoch 45/45
2019-01-12 14:36:46,421:INFO: - Train metrics: dsc: 0.907 ; iou: 0.847 ; accuracy: 0.999 ; precision: 0.909 ; recall: 0.929 ; loss: 0.072
2019-01-12 14:36:47,511:INFO: - Eval metrics : dsc: 0.885 ; iou: 0.830 ; accuracy: 0.999 ; precision: 0.903 ; recall: 0.912 ; loss: 0.098
2019-01-12 14:36:47,613:INFO: Loading the datasets...
2019-01-12 14:36:53,018:INFO: - done.
2019-01-12 14:36:53,018:INFO: For k-fold 3/5:
2019-01-12 14:36:53,018:INFO: Starting training for 45 epoch(s)
2019-01-12 14:36:53,018:INFO: Epoch 1/45
2019-01-12 14:37:04,166:INFO: - Train metrics: dsc: 0.147 ; iou: 0.086 ; accuracy: 0.885 ; precision: 0.086 ; recall: 0.869 ; loss: 0.963
2019-01-12 14:37:05,264:INFO: - Eval metrics : dsc: 0.304 ; iou: 0.190 ; accuracy: 0.962 ; precision: 0.190 ; recall: 0.958 ; loss: 0.945
2019-01-12 14:37:05,287:INFO: - Found new best DSC
2019-01-12 14:37:05,287:INFO: Epoch 2/45
2019-01-12 14:37:16,466:INFO: - Train metrics: dsc: 0.396 ; iou: 0.271 ; accuracy: 0.976 ; precision: 0.272 ; recall: 0.927 ; loss: 0.942
2019-01-12 14:37:17,568:INFO: - Eval metrics : dsc: 0.432 ; iou: 0.293 ; accuracy: 0.980 ; precision: 0.294 ; recall: 0.964 ; loss: 0.926
2019-01-12 14:37:17,599:INFO: - Found new best DSC
2019-01-12 14:37:17,599:INFO: Epoch 3/45
2019-01-12 14:37:28,781:INFO: - Train metrics: dsc: 0.540 ; iou: 0.409 ; accuracy: 0.988 ; precision: 0.420 ; recall: 0.934 ; loss: 0.918
2019-01-12 14:37:29,877:INFO: - Eval metrics : dsc: 0.520 ; iou: 0.375 ; accuracy: 0.987 ; precision: 0.376 ; recall: 0.986 ; loss: 0.896
2019-01-12 14:37:29,906:INFO: - Found new best DSC
2019-01-12 14:37:29,907:INFO: Epoch 4/45
2019-01-12 14:37:41,163:INFO: - Train metrics: dsc: 0.653 ; iou: 0.531 ; accuracy: 0.994 ; precision: 0.545 ; recall: 0.941 ; loss: 0.874
2019-01-12 14:37:42,291:INFO: - Eval metrics : dsc: 0.462 ; iou: 0.321 ; accuracy: 0.982 ; precision: 0.321 ; recall: 0.983 ; loss: 0.854
2019-01-12 14:37:42,318:INFO: Epoch 5/45
2019-01-12 14:37:53,604:INFO: - Train metrics: dsc: 0.710 ; iou: 0.603 ; accuracy: 0.996 ; precision: 0.634 ; recall: 0.925 ; loss: 0.793
2019-01-12 14:37:54,702:INFO: - Eval metrics : dsc: 0.805 ; iou: 0.708 ; accuracy: 0.997 ; precision: 0.723 ; recall: 0.958 ; loss: 0.714
2019-01-12 14:37:54,735:INFO: - Found new best DSC
2019-01-12 14:37:54,736:INFO: Epoch 6/45
2019-01-12 14:38:06,023:INFO: - Train metrics: dsc: 0.765 ; iou: 0.673 ; accuracy: 0.997 ; precision: 0.707 ; recall: 0.925 ; loss: 0.650
2019-01-12 14:38:07,111:INFO: - Eval metrics : dsc: 0.844 ; iou: 0.762 ; accuracy: 0.998 ; precision: 0.788 ; recall: 0.948 ; loss: 0.542
2019-01-12 14:38:07,141:INFO: - Found new best DSC
2019-01-12 14:38:07,141:INFO: Epoch 7/45
2019-01-12 14:38:18,330:INFO: - Train metrics: dsc: 0.811 ; iou: 0.730 ; accuracy: 0.998 ; precision: 0.777 ; recall: 0.919 ; loss: 0.489
2019-01-12 14:38:19,421:INFO: - Eval metrics : dsc: 0.863 ; iou: 0.789 ; accuracy: 0.998 ; precision: 0.836 ; recall: 0.929 ; loss: 0.386
2019-01-12 14:38:19,443:INFO: - Found new best DSC
2019-01-12 14:38:19,444:INFO: Epoch 8/45
2019-01-12 14:38:30,625:INFO: - Train metrics: dsc: 0.829 ; iou: 0.753 ; accuracy: 0.998 ; precision: 0.813 ; recall: 0.914 ; loss: 0.371
2019-01-12 14:38:31,727:INFO: - Eval metrics : dsc: 0.877 ; iou: 0.807 ; accuracy: 0.999 ; precision: 0.878 ; recall: 0.903 ; loss: 0.290
2019-01-12 14:38:31,750:INFO: - Found new best DSC
2019-01-12 14:38:31,750:INFO: Epoch 9/45
2019-01-12 14:38:43,008:INFO: - Train metrics: dsc: 0.837 ; iou: 0.764 ; accuracy: 0.998 ; precision: 0.838 ; recall: 0.905 ; loss: 0.287
2019-01-12 14:38:44,090:INFO: - Eval metrics : dsc: 0.888 ; iou: 0.823 ; accuracy: 0.999 ; precision: 0.888 ; recall: 0.912 ; loss: 0.219
2019-01-12 14:38:44,112:INFO: - Found new best DSC
2019-01-12 14:38:44,113:INFO: Epoch 10/45
2019-01-12 14:38:55,335:INFO: - Train metrics: dsc: 0.856 ; iou: 0.786 ; accuracy: 0.999 ; precision: 0.854 ; recall: 0.913 ; loss: 0.231
2019-01-12 14:38:56,445:INFO: - Eval metrics : dsc: 0.879 ; iou: 0.814 ; accuracy: 0.999 ; precision: 0.852 ; recall: 0.943 ; loss: 0.190
2019-01-12 14:38:56,465:INFO: Epoch 11/45
2019-01-12 14:39:07,715:INFO: - Train metrics: dsc: 0.862 ; iou: 0.795 ; accuracy: 0.999 ; precision: 0.860 ; recall: 0.913 ; loss: 0.204
2019-01-12 14:39:08,842:INFO: - Eval metrics : dsc: 0.895 ; iou: 0.831 ; accuracy: 0.999 ; precision: 0.922 ; recall: 0.894 ; loss: 0.167
2019-01-12 14:39:08,876:INFO: - Found new best DSC
2019-01-12 14:39:08,876:INFO: Epoch 12/45
2019-01-12 14:39:20,148:INFO: - Train metrics: dsc: 0.864 ; iou: 0.797 ; accuracy: 0.999 ; precision: 0.865 ; recall: 0.915 ; loss: 0.185
2019-01-12 14:39:21,242:INFO: - Eval metrics : dsc: 0.895 ; iou: 0.835 ; accuracy: 0.999 ; precision: 0.907 ; recall: 0.906 ; loss: 0.153
2019-01-12 14:39:21,265:INFO: - Found new best DSC
2019-01-12 14:39:21,265:INFO: Epoch 13/45
2019-01-12 14:39:32,543:INFO: - Train metrics: dsc: 0.869 ; iou: 0.804 ; accuracy: 0.999 ; precision: 0.870 ; recall: 0.918 ; loss: 0.168
2019-01-12 14:39:33,628:INFO: - Eval metrics : dsc: 0.890 ; iou: 0.827 ; accuracy: 0.999 ; precision: 0.865 ; recall: 0.942 ; loss: 0.145
2019-01-12 14:39:33,649:INFO: Epoch 14/45
2019-01-12 14:39:44,856:INFO: - Train metrics: dsc: 0.873 ; iou: 0.807 ; accuracy: 0.999 ; precision: 0.873 ; recall: 0.921 ; loss: 0.158
2019-01-12 14:39:45,989:INFO: - Eval metrics : dsc: 0.898 ; iou: 0.839 ; accuracy: 0.999 ; precision: 0.889 ; recall: 0.931 ; loss: 0.135
2019-01-12 14:39:46,019:INFO: - Found new best DSC
2019-01-12 14:39:46,019:INFO: Epoch 15/45
2019-01-12 14:39:57,233:INFO: - Train metrics: dsc: 0.878 ; iou: 0.813 ; accuracy: 0.999 ; precision: 0.880 ; recall: 0.916 ; loss: 0.151
2019-01-12 14:39:58,349:INFO: - Eval metrics : dsc: 0.898 ; iou: 0.840 ; accuracy: 0.999 ; precision: 0.885 ; recall: 0.929 ; loss: 0.131
2019-01-12 14:39:58,374:INFO: - Found new best DSC
2019-01-12 14:39:58,374:INFO: Epoch 16/45
2019-01-12 14:40:09,630:INFO: - Train metrics: dsc: 0.885 ; iou: 0.821 ; accuracy: 0.999 ; precision: 0.886 ; recall: 0.920 ; loss: 0.142
2019-01-12 14:40:10,703:INFO: - Eval metrics : dsc: 0.895 ; iou: 0.836 ; accuracy: 0.999 ; precision: 0.915 ; recall: 0.903 ; loss: 0.129
2019-01-12 14:40:10,739:INFO: Epoch 17/45
2019-01-12 14:40:22,057:INFO: - Train metrics: dsc: 0.880 ; iou: 0.817 ; accuracy: 0.999 ; precision: 0.884 ; recall: 0.920 ; loss: 0.140
2019-01-12 14:40:23,176:INFO: - Eval metrics : dsc: 0.890 ; iou: 0.828 ; accuracy: 0.999 ; precision: 0.904 ; recall: 0.912 ; loss: 0.132
2019-01-12 14:40:23,198:INFO: Epoch 18/45
2019-01-12 14:40:34,410:INFO: - Train metrics: dsc: 0.882 ; iou: 0.819 ; accuracy: 0.999 ; precision: 0.888 ; recall: 0.919 ; loss: 0.135
2019-01-12 14:40:35,570:INFO: - Eval metrics : dsc: 0.877 ; iou: 0.812 ; accuracy: 0.999 ; precision: 0.856 ; recall: 0.936 ; loss: 0.135
2019-01-12 14:40:35,609:INFO: Epoch 19/45
2019-01-12 14:40:46,804:INFO: - Train metrics: dsc: 0.884 ; iou: 0.822 ; accuracy: 0.999 ; precision: 0.890 ; recall: 0.917 ; loss: 0.132
2019-01-12 14:40:47,894:INFO: - Eval metrics : dsc: 0.901 ; iou: 0.844 ; accuracy: 0.999 ; precision: 0.920 ; recall: 0.908 ; loss: 0.115
2019-01-12 14:40:47,929:INFO: - Found new best DSC
2019-01-12 14:40:47,929:INFO: Epoch 20/45
2019-01-12 14:40:59,137:INFO: - Train metrics: dsc: 0.887 ; iou: 0.825 ; accuracy: 0.999 ; precision: 0.893 ; recall: 0.920 ; loss: 0.126
2019-01-12 14:41:00,244:INFO: - Eval metrics : dsc: 0.902 ; iou: 0.842 ; accuracy: 0.999 ; precision: 0.918 ; recall: 0.911 ; loss: 0.112
2019-01-12 14:41:00,271:INFO: - Found new best DSC
2019-01-12 14:41:00,271:INFO: Epoch 21/45
2019-01-12 14:41:11,609:INFO: - Train metrics: dsc: 0.888 ; iou: 0.827 ; accuracy: 0.999 ; precision: 0.896 ; recall: 0.920 ; loss: 0.122
2019-01-12 14:41:12,698:INFO: - Eval metrics : dsc: 0.904 ; iou: 0.845 ; accuracy: 0.999 ; precision: 0.927 ; recall: 0.907 ; loss: 0.108
2019-01-12 14:41:12,728:INFO: - Found new best DSC
2019-01-12 14:41:12,728:INFO: Epoch 22/45
2019-01-12 14:41:23,960:INFO: - Train metrics: dsc: 0.888 ; iou: 0.826 ; accuracy: 0.999 ; precision: 0.893 ; recall: 0.923 ; loss: 0.119
2019-01-12 14:41:25,053:INFO: - Eval metrics : dsc: 0.905 ; iou: 0.847 ; accuracy: 0.999 ; precision: 0.911 ; recall: 0.925 ; loss: 0.104
2019-01-12 14:41:25,088:INFO: - Found new best DSC
2019-01-12 14:41:25,088:INFO: Epoch 23/45
2019-01-12 14:41:36,343:INFO: - Train metrics: dsc: 0.890 ; iou: 0.827 ; accuracy: 0.999 ; precision: 0.898 ; recall: 0.917 ; loss: 0.118
2019-01-12 14:41:37,438:INFO: - Eval metrics : dsc: 0.893 ; iou: 0.835 ; accuracy: 0.999 ; precision: 0.896 ; recall: 0.920 ; loss: 0.110
2019-01-12 14:41:37,465:INFO: Epoch 24/45
2019-01-12 14:41:48,670:INFO: - Train metrics: dsc: 0.893 ; iou: 0.831 ; accuracy: 0.999 ; precision: 0.900 ; recall: 0.921 ; loss: 0.110
2019-01-12 14:41:49,783:INFO: - Eval metrics : dsc: 0.899 ; iou: 0.841 ; accuracy: 0.999 ; precision: 0.926 ; recall: 0.897 ; loss: 0.103
2019-01-12 14:41:49,808:INFO: Epoch 25/45
2019-01-12 14:42:01,090:INFO: - Train metrics: dsc: 0.888 ; iou: 0.828 ; accuracy: 0.999 ; precision: 0.906 ; recall: 0.911 ; loss: 0.112
2019-01-12 14:42:02,202:INFO: - Eval metrics : dsc: 0.859 ; iou: 0.796 ; accuracy: 0.999 ; precision: 0.891 ; recall: 0.891 ; loss: 0.137
2019-01-12 14:42:02,229:INFO: Epoch 26/45
2019-01-12 14:42:13,522:INFO: - Train metrics: dsc: 0.890 ; iou: 0.829 ; accuracy: 0.999 ; precision: 0.901 ; recall: 0.915 ; loss: 0.106
2019-01-12 14:42:14,667:INFO: - Eval metrics : dsc: 0.855 ; iou: 0.780 ; accuracy: 0.998 ; precision: 0.815 ; recall: 0.947 ; loss: 0.144
2019-01-12 14:42:14,698:INFO: Epoch 27/45
2019-01-12 14:42:25,965:INFO: - Train metrics: dsc: 0.884 ; iou: 0.820 ; accuracy: 0.999 ; precision: 0.897 ; recall: 0.909 ; loss: 0.109
2019-01-12 14:42:27,065:INFO: - Eval metrics : dsc: 0.883 ; iou: 0.820 ; accuracy: 0.999 ; precision: 0.864 ; recall: 0.932 ; loss: 0.114
2019-01-12 14:42:27,096:INFO: Epoch 28/45
2019-01-12 14:42:38,306:INFO: - Train metrics: dsc: 0.879 ; iou: 0.817 ; accuracy: 0.999 ; precision: 0.910 ; recall: 0.897 ; loss: 0.112
2019-01-12 14:42:39,440:INFO: - Eval metrics : dsc: 0.875 ; iou: 0.807 ; accuracy: 0.999 ; precision: 0.938 ; recall: 0.856 ; loss: 0.118
2019-01-12 14:42:39,485:INFO: Epoch 29/45
2019-01-12 14:42:50,712:INFO: - Train metrics: dsc: 0.845 ; iou: 0.782 ; accuracy: 0.999 ; precision: 0.908 ; recall: 0.858 ; loss: 0.141
2019-01-12 14:42:51,817:INFO: - Eval metrics : dsc: 0.889 ; iou: 0.829 ; accuracy: 0.999 ; precision: 0.918 ; recall: 0.891 ; loss: 0.101
2019-01-12 14:42:51,848:INFO: Epoch 30/45
2019-01-12 14:43:03,101:INFO: - Train metrics: dsc: 0.869 ; iou: 0.805 ; accuracy: 0.999 ; precision: 0.900 ; recall: 0.892 ; loss: 0.116
2019-01-12 14:43:04,196:INFO: - Eval metrics : dsc: 0.891 ; iou: 0.830 ; accuracy: 0.999 ; precision: 0.904 ; recall: 0.914 ; loss: 0.099
2019-01-12 14:43:04,221:INFO: Epoch 31/45
2019-01-12 14:43:15,458:INFO: - Train metrics: dsc: 0.894 ; iou: 0.832 ; accuracy: 0.999 ; precision: 0.905 ; recall: 0.916 ; loss: 0.088
2019-01-12 14:43:16,587:INFO: - Eval metrics : dsc: 0.896 ; iou: 0.838 ; accuracy: 0.999 ; precision: 0.927 ; recall: 0.902 ; loss: 0.091
2019-01-12 14:43:16,609:INFO: Epoch 32/45
2019-01-12 14:43:27,807:INFO: - Train metrics: dsc: 0.894 ; iou: 0.834 ; accuracy: 0.999 ; precision: 0.912 ; recall: 0.913 ; loss: 0.083
2019-01-12 14:43:28,914:INFO: - Eval metrics : dsc: 0.898 ; iou: 0.841 ; accuracy: 0.999 ; precision: 0.921 ; recall: 0.909 ; loss: 0.088
2019-01-12 14:43:28,934:INFO: Epoch 33/45
2019-01-12 14:43:40,148:INFO: - Train metrics: dsc: 0.898 ; iou: 0.839 ; accuracy: 0.999 ; precision: 0.908 ; recall: 0.922 ; loss: 0.082
2019-01-12 14:43:41,236:INFO: - Eval metrics : dsc: 0.902 ; iou: 0.841 ; accuracy: 0.999 ; precision: 0.927 ; recall: 0.902 ; loss: 0.083
2019-01-12 14:43:41,263:INFO: Epoch 34/45
2019-01-12 14:43:52,591:INFO: - Train metrics: dsc: 0.899 ; iou: 0.840 ; accuracy: 0.999 ; precision: 0.911 ; recall: 0.920 ; loss: 0.079
2019-01-12 14:43:53,695:INFO: - Eval metrics : dsc: 0.896 ; iou: 0.837 ; accuracy: 0.999 ; precision: 0.935 ; recall: 0.892 ; loss: 0.089
2019-01-12 14:43:53,722:INFO: Epoch 35/45
2019-01-12 14:44:04,942:INFO: - Train metrics: dsc: 0.894 ; iou: 0.834 ; accuracy: 0.999 ; precision: 0.907 ; recall: 0.917 ; loss: 0.084
2019-01-12 14:44:06,030:INFO: - Eval metrics : dsc: 0.905 ; iou: 0.846 ; accuracy: 0.999 ; precision: 0.919 ; recall: 0.910 ; loss: 0.079
2019-01-12 14:44:06,063:INFO: - Found new best DSC
2019-01-12 14:44:06,063:INFO: Epoch 36/45
2019-01-12 14:44:17,308:INFO: - Train metrics: dsc: 0.892 ; iou: 0.832 ; accuracy: 0.999 ; precision: 0.906 ; recall: 0.913 ; loss: 0.086
2019-01-12 14:44:18,456:INFO: - Eval metrics : dsc: 0.899 ; iou: 0.842 ; accuracy: 0.999 ; precision: 0.909 ; recall: 0.912 ; loss: 0.085
2019-01-12 14:44:18,484:INFO: Epoch 37/45
2019-01-12 14:44:29,616:INFO: - Train metrics: dsc: 0.900 ; iou: 0.842 ; accuracy: 0.999 ; precision: 0.905 ; recall: 0.923 ; loss: 0.077
2019-01-12 14:44:30,729:INFO: - Eval metrics : dsc: 0.899 ; iou: 0.842 ; accuracy: 0.999 ; precision: 0.920 ; recall: 0.907 ; loss: 0.084
2019-01-12 14:44:30,760:INFO: Epoch 38/45
2019-01-12 14:44:42,002:INFO: - Train metrics: dsc: 0.903 ; iou: 0.845 ; accuracy: 0.999 ; precision: 0.913 ; recall: 0.921 ; loss: 0.069
2019-01-12 14:44:43,094:INFO: - Eval metrics : dsc: 0.901 ; iou: 0.845 ; accuracy: 0.999 ; precision: 0.910 ; recall: 0.921 ; loss: 0.081
2019-01-12 14:44:43,122:INFO: Epoch 39/45
2019-01-12 14:44:54,412:INFO: - Train metrics: dsc: 0.902 ; iou: 0.844 ; accuracy: 0.999 ; precision: 0.913 ; recall: 0.921 ; loss: 0.073
2019-01-12 14:44:55,547:INFO: - Eval metrics : dsc: 0.900 ; iou: 0.843 ; accuracy: 0.999 ; precision: 0.907 ; recall: 0.921 ; loss: 0.083
2019-01-12 14:44:55,576:INFO: Epoch 40/45
2019-01-12 14:45:06,840:INFO: - Train metrics: dsc: 0.873 ; iou: 0.809 ; accuracy: 0.999 ; precision: 0.915 ; recall: 0.880 ; loss: 0.101
2019-01-12 14:45:07,940:INFO: - Eval metrics : dsc: 0.863 ; iou: 0.801 ; accuracy: 0.999 ; precision: 0.891 ; recall: 0.898 ; loss: 0.119
2019-01-12 14:45:07,967:INFO: Epoch 41/45
2019-01-12 14:45:19,178:INFO: - Train metrics: dsc: 0.891 ; iou: 0.831 ; accuracy: 0.999 ; precision: 0.911 ; recall: 0.908 ; loss: 0.079
2019-01-12 14:45:20,256:INFO: - Eval metrics : dsc: 0.900 ; iou: 0.842 ; accuracy: 0.999 ; precision: 0.914 ; recall: 0.912 ; loss: 0.082
2019-01-12 14:45:20,281:INFO: Epoch 42/45
2019-01-12 14:45:31,520:INFO: - Train metrics: dsc: 0.884 ; iou: 0.821 ; accuracy: 0.999 ; precision: 0.906 ; recall: 0.902 ; loss: 0.093
2019-01-12 14:45:32,607:INFO: - Eval metrics : dsc: 0.901 ; iou: 0.844 ; accuracy: 0.999 ; precision: 0.912 ; recall: 0.916 ; loss: 0.081
2019-01-12 14:45:32,633:INFO: Epoch 43/45
2019-01-12 14:45:43,913:INFO: - Train metrics: dsc: 0.892 ; iou: 0.831 ; accuracy: 0.999 ; precision: 0.909 ; recall: 0.911 ; loss: 0.082
2019-01-12 14:45:45,070:INFO: - Eval metrics : dsc: 0.895 ; iou: 0.839 ; accuracy: 0.999 ; precision: 0.920 ; recall: 0.908 ; loss: 0.087
2019-01-12 14:45:45,090:INFO: Epoch 44/45
2019-01-12 14:45:56,333:INFO: - Train metrics: dsc: 0.889 ; iou: 0.827 ; accuracy: 0.999 ; precision: 0.915 ; recall: 0.902 ; loss: 0.084
2019-01-12 14:45:57,466:INFO: - Eval metrics : dsc: 0.887 ; iou: 0.829 ; accuracy: 0.999 ; precision: 0.913 ; recall: 0.904 ; loss: 0.091
2019-01-12 14:45:57,487:INFO: Epoch 45/45
2019-01-12 14:46:08,691:INFO: - Train metrics: dsc: 0.892 ; iou: 0.831 ; accuracy: 0.999 ; precision: 0.905 ; recall: 0.914 ; loss: 0.083
2019-01-12 14:46:09,784:INFO: - Eval metrics : dsc: 0.894 ; iou: 0.838 ; accuracy: 0.999 ; precision: 0.922 ; recall: 0.904 ; loss: 0.088
2019-01-12 14:46:09,890:INFO: Loading the datasets...
2019-01-12 14:46:14,258:INFO: - done.
2019-01-12 14:46:14,259:INFO: For k-fold 4/5:
2019-01-12 14:46:14,259:INFO: Starting training for 45 epoch(s)
2019-01-12 14:46:14,259:INFO: Epoch 1/45
2019-01-12 14:46:25,404:INFO: - Train metrics: dsc: 0.138 ; iou: 0.079 ; accuracy: 0.880 ; precision: 0.080 ; recall: 0.863 ; loss: 0.963
2019-01-12 14:46:26,542:INFO: - Eval metrics : dsc: 0.224 ; iou: 0.133 ; accuracy: 0.944 ; precision: 0.133 ; recall: 0.909 ; loss: 0.949
2019-01-12 14:46:26,575:INFO: - Found new best DSC
2019-01-12 14:46:26,575:INFO: Epoch 2/45
2019-01-12 14:46:37,680:INFO: - Train metrics: dsc: 0.382 ; iou: 0.258 ; accuracy: 0.973 ; precision: 0.261 ; recall: 0.927 ; loss: 0.942
2019-01-12 14:46:38,787:INFO: - Eval metrics : dsc: 0.507 ; iou: 0.367 ; accuracy: 0.988 ; precision: 0.367 ; recall: 0.917 ; loss: 0.929
2019-01-12 14:46:38,819:INFO: - Found new best DSC
2019-01-12 14:46:38,819:INFO: Epoch 3/45
2019-01-12 14:46:49,962:INFO: - Train metrics: dsc: 0.563 ; iou: 0.431 ; accuracy: 0.990 ; precision: 0.440 ; recall: 0.934 ; loss: 0.917
2019-01-12 14:46:51,057:INFO: - Eval metrics : dsc: 0.472 ; iou: 0.335 ; accuracy: 0.984 ; precision: 0.335 ; recall: 0.947 ; loss: 0.903
2019-01-12 14:46:51,084:INFO: Epoch 4/45
2019-01-12 14:47:02,250:INFO: - Train metrics: dsc: 0.656 ; iou: 0.533 ; accuracy: 0.994 ; precision: 0.547 ; recall: 0.938 ; loss: 0.872
2019-01-12 14:47:03,371:INFO: - Eval metrics : dsc: 0.561 ; iou: 0.423 ; accuracy: 0.989 ; precision: 0.424 ; recall: 0.965 ; loss: 0.849
2019-01-12 14:47:03,401:INFO: - Found new best DSC
2019-01-12 14:47:03,401:INFO: Epoch 5/45
2019-01-12 14:47:14,678:INFO: - Train metrics: dsc: 0.731 ; iou: 0.624 ; accuracy: 0.996 ; precision: 0.646 ; recall: 0.936 ; loss: 0.785
2019-01-12 14:47:15,781:INFO: - Eval metrics : dsc: 0.722 ; iou: 0.602 ; accuracy: 0.996 ; precision: 0.606 ; recall: 0.963 ; loss: 0.727
2019-01-12 14:47:15,811:INFO: - Found new best DSC
2019-01-12 14:47:15,811:INFO: Epoch 6/45
2019-01-12 14:47:26,934:INFO: - Train metrics: dsc: 0.782 ; iou: 0.689 ; accuracy: 0.997 ; precision: 0.729 ; recall: 0.930 ; loss: 0.638
2019-01-12 14:47:28,065:INFO: - Eval metrics : dsc: 0.826 ; iou: 0.744 ; accuracy: 0.998 ; precision: 0.768 ; recall: 0.945 ; loss: 0.544
2019-01-12 14:47:28,089:INFO: - Found new best DSC
2019-01-12 14:47:28,090:INFO: Epoch 7/45
2019-01-12 14:47:39,329:INFO: - Train metrics: dsc: 0.822 ; iou: 0.742 ; accuracy: 0.998 ; precision: 0.788 ; recall: 0.927 ; loss: 0.479
2019-01-12 14:47:40,439:INFO: - Eval metrics : dsc: 0.834 ; iou: 0.768 ; accuracy: 0.999 ; precision: 0.892 ; recall: 0.863 ; loss: 0.417
2019-01-12 14:47:40,462:INFO: - Found new best DSC
2019-01-12 14:47:40,462:INFO: Epoch 8/45
2019-01-12 14:47:51,800:INFO: - Train metrics: dsc: 0.838 ; iou: 0.764 ; accuracy: 0.998 ; precision: 0.818 ; recall: 0.921 ; loss: 0.362
2019-01-12 14:47:52,923:INFO: - Eval metrics : dsc: 0.838 ; iou: 0.767 ; accuracy: 0.998 ; precision: 0.818 ; recall: 0.917 ; loss: 0.320
2019-01-12 14:47:52,958:INFO: - Found new best DSC
2019-01-12 14:47:52,958:INFO: Epoch 9/45
2019-01-12 14:48:04,178:INFO: - Train metrics: dsc: 0.849 ; iou: 0.778 ; accuracy: 0.999 ; precision: 0.841 ; recall: 0.917 ; loss: 0.283
2019-01-12 14:48:05,259:INFO: - Eval metrics : dsc: 0.866 ; iou: 0.800 ; accuracy: 0.999 ; precision: 0.860 ; recall: 0.924 ; loss: 0.235
2019-01-12 14:48:05,283:INFO: - Found new best DSC
2019-01-12 14:48:05,283:INFO: Epoch 10/45
2019-01-12 14:48:16,500:INFO: - Train metrics: dsc: 0.850 ; iou: 0.781 ; accuracy: 0.999 ; precision: 0.844 ; recall: 0.914 ; loss: 0.231
2019-01-12 14:48:17,633:INFO: - Eval metrics : dsc: 0.876 ; iou: 0.811 ; accuracy: 0.999 ; precision: 0.877 ; recall: 0.921 ; loss: 0.193
2019-01-12 14:48:17,657:INFO: - Found new best DSC
2019-01-12 14:48:17,657:INFO: Epoch 11/45
2019-01-12 14:48:28,916:INFO: - Train metrics: dsc: 0.866 ; iou: 0.799 ; accuracy: 0.999 ; precision: 0.865 ; recall: 0.916 ; loss: 0.199
2019-01-12 14:48:30,093:INFO: - Eval metrics : dsc: 0.887 ; iou: 0.823 ; accuracy: 0.999 ; precision: 0.889 ; recall: 0.922 ; loss: 0.170
2019-01-12 14:48:30,125:INFO: - Found new best DSC
2019-01-12 14:48:30,125:INFO: Epoch 12/45
2019-01-12 14:48:41,339:INFO: - Train metrics: dsc: 0.874 ; iou: 0.808 ; accuracy: 0.999 ; precision: 0.872 ; recall: 0.920 ; loss: 0.176
2019-01-12 14:48:42,466:INFO: - Eval metrics : dsc: 0.879 ; iou: 0.814 ; accuracy: 0.999 ; precision: 0.865 ; recall: 0.935 ; loss: 0.155
2019-01-12 14:48:42,487:INFO: Epoch 13/45
2019-01-12 14:48:53,699:INFO: - Train metrics: dsc: 0.868 ; iou: 0.802 ; accuracy: 0.999 ; precision: 0.871 ; recall: 0.916 ; loss: 0.168
2019-01-12 14:48:54,803:INFO: - Eval metrics : dsc: 0.886 ; iou: 0.823 ; accuracy: 0.999 ; precision: 0.903 ; recall: 0.908 ; loss: 0.146
2019-01-12 14:48:54,832:INFO: Epoch 14/45
2019-01-12 14:49:06,058:INFO: - Train metrics: dsc: 0.876 ; iou: 0.813 ; accuracy: 0.999 ; precision: 0.884 ; recall: 0.914 ; loss: 0.157
2019-01-12 14:49:07,196:INFO: - Eval metrics : dsc: 0.887 ; iou: 0.825 ; accuracy: 0.999 ; precision: 0.875 ; recall: 0.938 ; loss: 0.132
2019-01-12 14:49:07,217:INFO: Epoch 15/45
2019-01-12 14:49:18,508:INFO: - Train metrics: dsc: 0.878 ; iou: 0.814 ; accuracy: 0.999 ; precision: 0.879 ; recall: 0.919 ; loss: 0.148
2019-01-12 14:49:19,643:INFO: - Eval metrics : dsc: 0.884 ; iou: 0.823 ; accuracy: 0.999 ; precision: 0.898 ; recall: 0.916 ; loss: 0.131
2019-01-12 14:49:19,670:INFO: Epoch 16/45
2019-01-12 14:49:30,854:INFO: - Train metrics: dsc: 0.884 ; iou: 0.822 ; accuracy: 0.999 ; precision: 0.884 ; recall: 0.923 ; loss: 0.140
2019-01-12 14:49:31,952:INFO: - Eval metrics : dsc: 0.888 ; iou: 0.826 ; accuracy: 0.999 ; precision: 0.865 ; recall: 0.951 ; loss: 0.124
2019-01-12 14:49:31,983:INFO: - Found new best DSC
2019-01-12 14:49:31,983:INFO: Epoch 17/45
2019-01-12 14:49:43,198:INFO: - Train metrics: dsc: 0.880 ; iou: 0.817 ; accuracy: 0.999 ; precision: 0.881 ; recall: 0.924 ; loss: 0.138
2019-01-12 14:49:44,303:INFO: - Eval metrics : dsc: 0.897 ; iou: 0.836 ; accuracy: 0.999 ; precision: 0.911 ; recall: 0.916 ; loss: 0.124
2019-01-12 14:49:44,336:INFO: - Found new best DSC
2019-01-12 14:49:44,336:INFO: Epoch 18/45
2019-01-12 14:49:55,530:INFO: - Train metrics: dsc: 0.886 ; iou: 0.825 ; accuracy: 0.999 ; precision: 0.893 ; recall: 0.918 ; loss: 0.135
2019-01-12 14:49:56,626:INFO: - Eval metrics : dsc: 0.866 ; iou: 0.798 ; accuracy: 0.999 ; precision: 0.834 ; recall: 0.947 ; loss: 0.142
2019-01-12 14:49:56,647:INFO: Epoch 19/45
2019-01-12 14:50:07,779:INFO: - Train metrics: dsc: 0.885 ; iou: 0.823 ; accuracy: 0.999 ; precision: 0.888 ; recall: 0.923 ; loss: 0.131
2019-01-12 14:50:08,869:INFO: - Eval metrics : dsc: 0.883 ; iou: 0.826 ; accuracy: 0.999 ; precision: 0.937 ; recall: 0.881 ; loss: 0.134
2019-01-12 14:50:08,891:INFO: Epoch 20/45
2019-01-12 14:50:20,168:INFO: - Train metrics: dsc: 0.879 ; iou: 0.817 ; accuracy: 0.999 ; precision: 0.885 ; recall: 0.920 ; loss: 0.131
2019-01-12 14:50:21,341:INFO: - Eval metrics : dsc: 0.899 ; iou: 0.836 ; accuracy: 0.999 ; precision: 0.897 ; recall: 0.929 ; loss: 0.111
2019-01-12 14:50:21,373:INFO: - Found new best DSC
2019-01-12 14:50:21,373:INFO: Epoch 21/45
2019-01-12 14:50:32,668:INFO: - Train metrics: dsc: 0.888 ; iou: 0.826 ; accuracy: 0.999 ; precision: 0.891 ; recall: 0.922 ; loss: 0.126
2019-01-12 14:50:33,797:INFO: - Eval metrics : dsc: 0.903 ; iou: 0.844 ; accuracy: 0.999 ; precision: 0.923 ; recall: 0.915 ; loss: 0.106
2019-01-12 14:50:33,820:INFO: - Found new best DSC
2019-01-12 14:50:33,821:INFO: Epoch 22/45
2019-01-12 14:50:45,142:INFO: - Train metrics: dsc: 0.892 ; iou: 0.830 ; accuracy: 0.999 ; precision: 0.900 ; recall: 0.918 ; loss: 0.121
2019-01-12 14:50:46,254:INFO: - Eval metrics : dsc: 0.906 ; iou: 0.844 ; accuracy: 0.999 ; precision: 0.894 ; recall: 0.941 ; loss: 0.101
2019-01-12 14:50:46,280:INFO: - Found new best DSC
2019-01-12 14:50:46,280:INFO: Epoch 23/45
2019-01-12 14:50:57,475:INFO: - Train metrics: dsc: 0.892 ; iou: 0.831 ; accuracy: 0.999 ; precision: 0.898 ; recall: 0.922 ; loss: 0.117
2019-01-12 14:50:58,613:INFO: - Eval metrics : dsc: 0.896 ; iou: 0.838 ; accuracy: 0.999 ; precision: 0.909 ; recall: 0.920 ; loss: 0.106
2019-01-12 14:50:58,634:INFO: Epoch 24/45
2019-01-12 14:51:09,830:INFO: - Train metrics: dsc: 0.895 ; iou: 0.835 ; accuracy: 0.999 ; precision: 0.902 ; recall: 0.922 ; loss: 0.110
2019-01-12 14:51:10,953:INFO: - Eval metrics : dsc: 0.900 ; iou: 0.842 ; accuracy: 0.999 ; precision: 0.925 ; recall: 0.905 ; loss: 0.103
2019-01-12 14:51:10,971:INFO: Epoch 25/45
2019-01-12 14:51:22,239:INFO: - Train metrics: dsc: 0.887 ; iou: 0.826 ; accuracy: 0.999 ; precision: 0.902 ; recall: 0.913 ; loss: 0.115
2019-01-12 14:51:23,326:INFO: - Eval metrics : dsc: 0.873 ; iou: 0.815 ; accuracy: 0.999 ; precision: 0.914 ; recall: 0.893 ; loss: 0.123
2019-01-12 14:51:23,352:INFO: Epoch 26/45
2019-01-12 14:51:34,624:INFO: - Train metrics: dsc: 0.884 ; iou: 0.823 ; accuracy: 0.999 ; precision: 0.911 ; recall: 0.898 ; loss: 0.111
2019-01-12 14:51:35,727:INFO: - Eval metrics : dsc: 0.872 ; iou: 0.811 ; accuracy: 0.999 ; precision: 0.942 ; recall: 0.862 ; loss: 0.123
2019-01-12 14:51:35,749:INFO: Epoch 27/45
2019-01-12 14:51:47,008:INFO: - Train metrics: dsc: 0.884 ; iou: 0.821 ; accuracy: 0.999 ; precision: 0.905 ; recall: 0.904 ; loss: 0.107
2019-01-12 14:51:48,146:INFO: - Eval metrics : dsc: 0.852 ; iou: 0.784 ; accuracy: 0.999 ; precision: 0.869 ; recall: 0.886 ; loss: 0.147
2019-01-12 14:51:48,167:INFO: Epoch 28/45
2019-01-12 14:51:59,418:INFO: - Train metrics: dsc: 0.871 ; iou: 0.807 ; accuracy: 0.999 ; precision: 0.907 ; recall: 0.885 ; loss: 0.117
2019-01-12 14:52:00,552:INFO: - Eval metrics : dsc: 0.880 ; iou: 0.821 ; accuracy: 0.999 ; precision: 0.928 ; recall: 0.886 ; loss: 0.112
2019-01-12 14:52:00,581:INFO: Epoch 29/45
2019-01-12 14:52:11,751:INFO: - Train metrics: dsc: 0.882 ; iou: 0.819 ; accuracy: 0.999 ; precision: 0.902 ; recall: 0.903 ; loss: 0.106
2019-01-12 14:52:12,880:INFO: - Eval metrics : dsc: 0.893 ; iou: 0.835 ; accuracy: 0.999 ; precision: 0.908 ; recall: 0.917 ; loss: 0.094
2019-01-12 14:52:12,910:INFO: Epoch 30/45
2019-01-12 14:52:24,146:INFO: - Train metrics: dsc: 0.883 ; iou: 0.821 ; accuracy: 0.999 ; precision: 0.911 ; recall: 0.899 ; loss: 0.099
2019-01-12 14:52:25,258:INFO: - Eval metrics : dsc: 0.869 ; iou: 0.809 ; accuracy: 0.999 ; precision: 0.890 ; recall: 0.904 ; loss: 0.122
2019-01-12 14:52:25,290:INFO: Epoch 31/45
2019-01-12 14:52:36,498:INFO: - Train metrics: dsc: 0.890 ; iou: 0.831 ; accuracy: 0.999 ; precision: 0.904 ; recall: 0.913 ; loss: 0.092
2019-01-12 14:52:37,621:INFO: - Eval metrics : dsc: 0.890 ; iou: 0.834 ; accuracy: 0.999 ; precision: 0.900 ; recall: 0.923 ; loss: 0.101
2019-01-12 14:52:37,643:INFO: Epoch 32/45
2019-01-12 14:52:48,936:INFO: - Train metrics: dsc: 0.894 ; iou: 0.834 ; accuracy: 0.999 ; precision: 0.911 ; recall: 0.913 ; loss: 0.087
2019-01-12 14:52:50,051:INFO: - Eval metrics : dsc: 0.877 ; iou: 0.819 ; accuracy: 0.999 ; precision: 0.898 ; recall: 0.915 ; loss: 0.109
2019-01-12 14:52:50,069:INFO: Epoch 33/45
2019-01-12 14:53:01,272:INFO: - Train metrics: dsc: 0.897 ; iou: 0.840 ; accuracy: 0.999 ; precision: 0.911 ; recall: 0.917 ; loss: 0.080
2019-01-12 14:53:02,436:INFO: - Eval metrics : dsc: 0.899 ; iou: 0.843 ; accuracy: 0.999 ; precision: 0.934 ; recall: 0.902 ; loss: 0.084
2019-01-12 14:53:02,456:INFO: Epoch 34/45
2019-01-12 14:53:13,793:INFO: - Train metrics: dsc: 0.897 ; iou: 0.839 ; accuracy: 0.999 ; precision: 0.911 ; recall: 0.918 ; loss: 0.080
2019-01-12 14:53:14,916:INFO: - Eval metrics : dsc: 0.899 ; iou: 0.843 ; accuracy: 0.999 ; precision: 0.933 ; recall: 0.904 ; loss: 0.084
2019-01-12 14:53:14,944:INFO: Epoch 35/45
2019-01-12 14:53:26,177:INFO: - Train metrics: dsc: 0.896 ; iou: 0.837 ; accuracy: 0.999 ; precision: 0.912 ; recall: 0.914 ; loss: 0.078
2019-01-12 14:53:27,369:INFO: - Eval metrics : dsc: 0.900 ; iou: 0.840 ; accuracy: 0.999 ; precision: 0.904 ; recall: 0.927 ; loss: 0.082
2019-01-12 14:53:27,392:INFO: Epoch 36/45
2019-01-12 14:53:38,652:INFO: - Train metrics: dsc: 0.878 ; iou: 0.813 ; accuracy: 0.999 ; precision: 0.907 ; recall: 0.894 ; loss: 0.096
2019-01-12 14:53:39,738:INFO: - Eval metrics : dsc: 0.904 ; iou: 0.844 ; accuracy: 0.999 ; precision: 0.912 ; recall: 0.924 ; loss: 0.080
2019-01-12 14:53:39,766:INFO: Epoch 37/45
2019-01-12 14:53:50,927:INFO: - Train metrics: dsc: 0.900 ; iou: 0.840 ; accuracy: 0.999 ; precision: 0.908 ; recall: 0.920 ; loss: 0.075
2019-01-12 14:53:52,066:INFO: - Eval metrics : dsc: 0.909 ; iou: 0.851 ; accuracy: 0.999 ; precision: 0.917 ; recall: 0.922 ; loss: 0.073
2019-01-12 14:53:52,091:INFO: - Found new best DSC
2019-01-12 14:53:52,092:INFO: Epoch 38/45
2019-01-12 14:54:03,388:INFO: - Train metrics: dsc: 0.892 ; iou: 0.832 ; accuracy: 0.999 ; precision: 0.917 ; recall: 0.904 ; loss: 0.081
2019-01-12 14:54:04,521:INFO: - Eval metrics : dsc: 0.870 ; iou: 0.814 ; accuracy: 0.999 ; precision: 0.928 ; recall: 0.875 ; loss: 0.111
2019-01-12 14:54:04,542:INFO: Epoch 39/45
2019-01-12 14:54:15,770:INFO: - Train metrics: dsc: 0.894 ; iou: 0.834 ; accuracy: 0.999 ; precision: 0.912 ; recall: 0.909 ; loss: 0.079
2019-01-12 14:54:16,890:INFO: - Eval metrics : dsc: 0.897 ; iou: 0.841 ; accuracy: 0.999 ; precision: 0.906 ; recall: 0.923 ; loss: 0.084
2019-01-12 14:54:16,917:INFO: Epoch 40/45
2019-01-12 14:54:28,121:INFO: - Train metrics: dsc: 0.895 ; iou: 0.838 ; accuracy: 0.999 ; precision: 0.919 ; recall: 0.909 ; loss: 0.074
2019-01-12 14:54:29,252:INFO: - Eval metrics : dsc: 0.895 ; iou: 0.840 ; accuracy: 0.999 ; precision: 0.917 ; recall: 0.917 ; loss: 0.086
2019-01-12 14:54:29,270:INFO: Epoch 41/45
2019-01-12 14:54:40,434:INFO: - Train metrics: dsc: 0.903 ; iou: 0.845 ; accuracy: 0.999 ; precision: 0.910 ; recall: 0.923 ; loss: 0.070
2019-01-12 14:54:41,555:INFO: - Eval metrics : dsc: 0.898 ; iou: 0.842 ; accuracy: 0.999 ; precision: 0.915 ; recall: 0.916 ; loss: 0.087
2019-01-12 14:54:41,584:INFO: Epoch 42/45
2019-01-12 14:54:52,793:INFO: - Train metrics: dsc: 0.888 ; iou: 0.827 ; accuracy: 0.999 ; precision: 0.916 ; recall: 0.900 ; loss: 0.081
2019-01-12 14:54:53,885:INFO: - Eval metrics : dsc: 0.850 ; iou: 0.792 ; accuracy: 0.999 ; precision: 0.934 ; recall: 0.845 ; loss: 0.133
2019-01-12 14:54:53,916:INFO: Epoch 43/45
2019-01-12 14:55:05,112:INFO: - Train metrics: dsc: 0.880 ; iou: 0.821 ; accuracy: 0.999 ; precision: 0.906 ; recall: 0.900 ; loss: 0.093
2019-01-12 14:55:06,244:INFO: - Eval metrics : dsc: 0.889 ; iou: 0.833 ; accuracy: 0.999 ; precision: 0.916 ; recall: 0.905 ; loss: 0.095
2019-01-12 14:55:06,271:INFO: Epoch 44/45
2019-01-12 14:55:17,511:INFO: - Train metrics: dsc: 0.901 ; iou: 0.842 ; accuracy: 0.999 ; precision: 0.914 ; recall: 0.918 ; loss: 0.070
2019-01-12 14:55:18,615:INFO: - Eval metrics : dsc: 0.895 ; iou: 0.838 ; accuracy: 0.999 ; precision: 0.922 ; recall: 0.909 ; loss: 0.087
2019-01-12 14:55:18,642:INFO: Epoch 45/45
2019-01-12 14:55:29,942:INFO: - Train metrics: dsc: 0.897 ; iou: 0.840 ; accuracy: 0.999 ; precision: 0.915 ; recall: 0.911 ; loss: 0.072
2019-01-12 14:55:31,032:INFO: - Eval metrics : dsc: 0.893 ; iou: 0.838 ; accuracy: 0.999 ; precision: 0.910 ; recall: 0.911 ; loss: 0.090
2019-01-12 14:55:31,182:INFO: Loading the datasets...
2019-01-12 14:55:35,737:INFO: - done.
2019-01-12 14:55:35,738:INFO: For k-fold 5/5:
2019-01-12 14:55:35,738:INFO: Starting training for 45 epoch(s)
2019-01-12 14:55:35,738:INFO: Epoch 1/45
2019-01-12 14:55:46,901:INFO: - Train metrics: dsc: 0.134 ; iou: 0.076 ; accuracy: 0.878 ; precision: 0.077 ; recall: 0.866 ; loss: 0.963
2019-01-12 14:55:47,982:INFO: - Eval metrics : dsc: 0.239 ; iou: 0.143 ; accuracy: 0.953 ; precision: 0.144 ; recall: 0.888 ; loss: 0.948
2019-01-12 14:55:48,015:INFO: - Found new best DSC
2019-01-12 14:55:48,015:INFO: Epoch 2/45
2019-01-12 14:55:59,182:INFO: - Train metrics: dsc: 0.380 ; iou: 0.257 ; accuracy: 0.973 ; precision: 0.259 ; recall: 0.931 ; loss: 0.942
2019-01-12 14:56:00,277:INFO: - Eval metrics : dsc: 0.377 ; iou: 0.247 ; accuracy: 0.977 ; precision: 0.247 ; recall: 0.946 ; loss: 0.930
2019-01-12 14:56:00,306:INFO: - Found new best DSC
2019-01-12 14:56:00,306:INFO: Epoch 3/45
2019-01-12 14:56:11,465:INFO: - Train metrics: dsc: 0.549 ; iou: 0.414 ; accuracy: 0.988 ; precision: 0.420 ; recall: 0.946 ; loss: 0.917
2019-01-12 14:56:12,582:INFO: - Eval metrics : dsc: 0.388 ; iou: 0.259 ; accuracy: 0.976 ; precision: 0.259 ; recall: 0.962 ; loss: 0.904
2019-01-12 14:56:12,612:INFO: - Found new best DSC
2019-01-12 14:56:12,612:INFO: Epoch 4/45
2019-01-12 14:56:23,726:INFO: - Train metrics: dsc: 0.647 ; iou: 0.525 ; accuracy: 0.993 ; precision: 0.540 ; recall: 0.940 ; loss: 0.872
2019-01-12 14:56:24,867:INFO: - Eval metrics : dsc: 0.692 ; iou: 0.570 ; accuracy: 0.995 ; precision: 0.586 ; recall: 0.952 ; loss: 0.838
2019-01-12 14:56:24,891:INFO: - Found new best DSC
2019-01-12 14:56:24,891:INFO: Epoch 5/45
2019-01-12 14:56:36,204:INFO: - Train metrics: dsc: 0.727 ; iou: 0.617 ; accuracy: 0.996 ; precision: 0.641 ; recall: 0.943 ; loss: 0.781
2019-01-12 14:56:37,347:INFO: - Eval metrics : dsc: 0.748 ; iou: 0.642 ; accuracy: 0.997 ; precision: 0.673 ; recall: 0.954 ; loss: 0.713
2019-01-12 14:56:37,382:INFO: - Found new best DSC
2019-01-12 14:56:37,382:INFO: Epoch 6/45
2019-01-12 14:56:48,595:INFO: - Train metrics: dsc: 0.780 ; iou: 0.688 ; accuracy: 0.997 ; precision: 0.730 ; recall: 0.921 ; loss: 0.637
2019-01-12 14:56:49,685:INFO: - Eval metrics : dsc: 0.823 ; iou: 0.740 ; accuracy: 0.998 ; precision: 0.784 ; recall: 0.942 ; loss: 0.552
2019-01-12 14:56:49,716:INFO: - Found new best DSC
2019-01-12 14:56:49,716:INFO: Epoch 7/45
2019-01-12 14:57:00,847:INFO: - Train metrics: dsc: 0.829 ; iou: 0.747 ; accuracy: 0.998 ; precision: 0.793 ; recall: 0.930 ; loss: 0.474
2019-01-12 14:57:01,929:INFO: - Eval metrics : dsc: 0.853 ; iou: 0.784 ; accuracy: 0.999 ; precision: 0.880 ; recall: 0.888 ; loss: 0.400
2019-01-12 14:57:01,953:INFO: - Found new best DSC
2019-01-12 14:57:01,953:INFO: Epoch 8/45
2019-01-12 14:57:13,224:INFO: - Train metrics: dsc: 0.834 ; iou: 0.757 ; accuracy: 0.998 ; precision: 0.817 ; recall: 0.917 ; loss: 0.351
2019-01-12 14:57:14,309:INFO: - Eval metrics : dsc: 0.847 ; iou: 0.779 ; accuracy: 0.999 ; precision: 0.857 ; recall: 0.900 ; loss: 0.305
2019-01-12 14:57:14,333:INFO: Epoch 9/45
2019-01-12 14:57:25,521:INFO: - Train metrics: dsc: 0.852 ; iou: 0.780 ; accuracy: 0.999 ; precision: 0.840 ; recall: 0.913 ; loss: 0.272
2019-01-12 14:57:26,643:INFO: - Eval metrics : dsc: 0.843 ; iou: 0.774 ; accuracy: 0.999 ; precision: 0.816 ; recall: 0.941 ; loss: 0.255
2019-01-12 14:57:26,670:INFO: Epoch 10/45
2019-01-12 14:57:37,943:INFO: - Train metrics: dsc: 0.860 ; iou: 0.792 ; accuracy: 0.999 ; precision: 0.859 ; recall: 0.916 ; loss: 0.225
2019-01-12 14:57:39,067:INFO: - Eval metrics : dsc: 0.845 ; iou: 0.779 ; accuracy: 0.999 ; precision: 0.815 ; recall: 0.942 ; loss: 0.215
2019-01-12 14:57:39,098:INFO: Epoch 11/45
2019-01-12 14:57:50,304:INFO: - Train metrics: dsc: 0.868 ; iou: 0.799 ; accuracy: 0.999 ; precision: 0.861 ; recall: 0.922 ; loss: 0.196
2019-01-12 14:57:51,492:INFO: - Eval metrics : dsc: 0.852 ; iou: 0.783 ; accuracy: 0.999 ; precision: 0.826 ; recall: 0.943 ; loss: 0.203
2019-01-12 14:57:51,515:INFO: Epoch 12/45
2019-01-12 14:58:02,832:INFO: - Train metrics: dsc: 0.867 ; iou: 0.800 ; accuracy: 0.999 ; precision: 0.864 ; recall: 0.921 ; loss: 0.179
2019-01-12 14:58:03,941:INFO: - Eval metrics : dsc: 0.856 ; iou: 0.789 ; accuracy: 0.999 ; precision: 0.829 ; recall: 0.940 ; loss: 0.183
2019-01-12 14:58:03,986:INFO: - Found new best DSC
2019-01-12 14:58:03,986:INFO: Epoch 13/45
2019-01-12 14:58:15,249:INFO: - Train metrics: dsc: 0.872 ; iou: 0.807 ; accuracy: 0.999 ; precision: 0.874 ; recall: 0.917 ; loss: 0.165
2019-01-12 14:58:16,371:INFO: - Eval metrics : dsc: 0.869 ; iou: 0.807 ; accuracy: 0.999 ; precision: 0.865 ; recall: 0.925 ; loss: 0.168
2019-01-12 14:58:16,405:INFO: - Found new best DSC
2019-01-12 14:58:16,405:INFO: Epoch 14/45
2019-01-12 14:58:27,672:INFO: - Train metrics: dsc: 0.884 ; iou: 0.820 ; accuracy: 0.999 ; precision: 0.888 ; recall: 0.919 ; loss: 0.152
2019-01-12 14:58:28,817:INFO: - Eval metrics : dsc: 0.876 ; iou: 0.814 ; accuracy: 0.999 ; precision: 0.889 ; recall: 0.911 ; loss: 0.159
2019-01-12 14:58:28,847:INFO: - Found new best DSC
2019-01-12 14:58:28,847:INFO: Epoch 15/45
2019-01-12 14:58:40,051:INFO: - Train metrics: dsc: 0.879 ; iou: 0.814 ; accuracy: 0.999 ; precision: 0.884 ; recall: 0.917 ; loss: 0.151
2019-01-12 14:58:41,147:INFO: - Eval metrics : dsc: 0.855 ; iou: 0.792 ; accuracy: 0.999 ; precision: 0.836 ; recall: 0.941 ; loss: 0.162
2019-01-12 14:58:41,179:INFO: Epoch 16/45
2019-01-12 14:58:52,413:INFO: - Train metrics: dsc: 0.884 ; iou: 0.821 ; accuracy: 0.999 ; precision: 0.885 ; recall: 0.923 ; loss: 0.139
2019-01-12 14:58:53,532:INFO: - Eval metrics : dsc: 0.875 ; iou: 0.813 ; accuracy: 0.999 ; precision: 0.866 ; recall: 0.931 ; loss: 0.148
2019-01-12 14:58:53,554:INFO: Epoch 17/45
2019-01-12 14:59:04,873:INFO: - Train metrics: dsc: 0.885 ; iou: 0.823 ; accuracy: 0.999 ; precision: 0.888 ; recall: 0.921 ; loss: 0.135
2019-01-12 14:59:05,969:INFO: - Eval metrics : dsc: 0.878 ; iou: 0.818 ; accuracy: 0.999 ; precision: 0.872 ; recall: 0.926 ; loss: 0.141
2019-01-12 14:59:06,011:INFO: - Found new best DSC
2019-01-12 14:59:06,011:INFO: Epoch 18/45
2019-01-12 14:59:17,177:INFO: - Train metrics: dsc: 0.888 ; iou: 0.826 ; accuracy: 0.999 ; precision: 0.895 ; recall: 0.917 ; loss: 0.131
2019-01-12 14:59:18,267:INFO: - Eval metrics : dsc: 0.866 ; iou: 0.806 ; accuracy: 0.999 ; precision: 0.851 ; recall: 0.940 ; loss: 0.142
2019-01-12 14:59:18,287:INFO: Epoch 19/45
2019-01-12 14:59:29,547:INFO: - Train metrics: dsc: 0.888 ; iou: 0.827 ; accuracy: 0.999 ; precision: 0.889 ; recall: 0.929 ; loss: 0.125
2019-01-12 14:59:30,635:INFO: - Eval metrics : dsc: 0.876 ; iou: 0.816 ; accuracy: 0.999 ; precision: 0.896 ; recall: 0.906 ; loss: 0.138
2019-01-12 14:59:30,656:INFO: Epoch 20/45
2019-01-12 14:59:41,848:INFO: - Train metrics: dsc: 0.885 ; iou: 0.822 ; accuracy: 0.999 ; precision: 0.889 ; recall: 0.919 ; loss: 0.129
2019-01-12 14:59:42,938:INFO: - Eval metrics : dsc: 0.870 ; iou: 0.809 ; accuracy: 0.999 ; precision: 0.856 ; recall: 0.938 ; loss: 0.136
2019-01-12 14:59:42,965:INFO: Epoch 21/45
2019-01-12 14:59:54,159:INFO: - Train metrics: dsc: 0.879 ; iou: 0.817 ; accuracy: 0.999 ; precision: 0.888 ; recall: 0.917 ; loss: 0.128
2019-01-12 14:59:55,239:INFO: - Eval metrics : dsc: 0.873 ; iou: 0.811 ; accuracy: 0.999 ; precision: 0.859 ; recall: 0.940 ; loss: 0.130
2019-01-12 14:59:55,259:INFO: Epoch 22/45
2019-01-12 15:00:06,499:INFO: - Train metrics: dsc: 0.895 ; iou: 0.835 ; accuracy: 0.999 ; precision: 0.897 ; recall: 0.926 ; loss: 0.115
2019-01-12 15:00:07,581:INFO: - Eval metrics : dsc: 0.884 ; iou: 0.825 ; accuracy: 0.999 ; precision: 0.881 ; recall: 0.930 ; loss: 0.125
2019-01-12 15:00:07,614:INFO: - Found new best DSC
2019-01-12 15:00:07,614:INFO: Epoch 23/45
2019-01-12 15:00:18,990:INFO: - Train metrics: dsc: 0.889 ; iou: 0.828 ; accuracy: 0.999 ; precision: 0.899 ; recall: 0.918 ; loss: 0.118
2019-01-12 15:00:20,085:INFO: - Eval metrics : dsc: 0.870 ; iou: 0.811 ; accuracy: 0.999 ; precision: 0.867 ; recall: 0.930 ; loss: 0.136
2019-01-12 15:00:20,102:INFO: Epoch 24/45
2019-01-12 15:00:31,443:INFO: - Train metrics: dsc: 0.896 ; iou: 0.837 ; accuracy: 0.999 ; precision: 0.904 ; recall: 0.922 ; loss: 0.109
2019-01-12 15:00:32,533:INFO: - Eval metrics : dsc: 0.878 ; iou: 0.817 ; accuracy: 0.999 ; precision: 0.908 ; recall: 0.894 ; loss: 0.125
2019-01-12 15:00:32,555:INFO: Epoch 25/45
2019-01-12 15:00:43,746:INFO: - Train metrics: dsc: 0.897 ; iou: 0.838 ; accuracy: 0.999 ; precision: 0.905 ; recall: 0.921 ; loss: 0.104
2019-01-12 15:00:44,849:INFO: - Eval metrics : dsc: 0.878 ; iou: 0.818 ; accuracy: 0.999 ; precision: 0.894 ; recall: 0.913 ; loss: 0.121
2019-01-12 15:00:44,883:INFO: Epoch 26/45
2019-01-12 15:00:56,100:INFO: - Train metrics: dsc: 0.888 ; iou: 0.826 ; accuracy: 0.999 ; precision: 0.894 ; recall: 0.920 ; loss: 0.112
2019-01-12 15:00:57,195:INFO: - Eval metrics : dsc: 0.881 ; iou: 0.822 ; accuracy: 0.999 ; precision: 0.875 ; recall: 0.932 ; loss: 0.119
2019-01-12 15:00:57,223:INFO: Epoch 27/45
2019-01-12 15:01:08,382:INFO: - Train metrics: dsc: 0.878 ; iou: 0.810 ; accuracy: 0.999 ; precision: 0.897 ; recall: 0.895 ; loss: 0.120
2019-01-12 15:01:09,463:INFO: - Eval metrics : dsc: 0.875 ; iou: 0.815 ; accuracy: 0.999 ; precision: 0.880 ; recall: 0.915 ; loss: 0.123
2019-01-12 15:01:09,483:INFO: Epoch 28/45
2019-01-12 15:01:20,729:INFO: - Train metrics: dsc: 0.891 ; iou: 0.830 ; accuracy: 0.999 ; precision: 0.906 ; recall: 0.914 ; loss: 0.103
2019-01-12 15:01:21,888:INFO: - Eval metrics : dsc: 0.876 ; iou: 0.818 ; accuracy: 0.999 ; precision: 0.902 ; recall: 0.906 ; loss: 0.113
2019-01-12 15:01:21,926:INFO: Epoch 29/45
2019-01-12 15:01:33,161:INFO: - Train metrics: dsc: 0.888 ; iou: 0.827 ; accuracy: 0.999 ; precision: 0.915 ; recall: 0.902 ; loss: 0.103
2019-01-12 15:01:34,240:INFO: - Eval metrics : dsc: 0.847 ; iou: 0.785 ; accuracy: 0.999 ; precision: 0.876 ; recall: 0.893 ; loss: 0.140
2019-01-12 15:01:34,284:INFO: Epoch 30/45
2019-01-12 15:01:45,622:INFO: - Train metrics: dsc: 0.884 ; iou: 0.820 ; accuracy: 0.999 ; precision: 0.904 ; recall: 0.902 ; loss: 0.104
2019-01-12 15:01:46,701:INFO: - Eval metrics : dsc: 0.876 ; iou: 0.816 ; accuracy: 0.999 ; precision: 0.873 ; recall: 0.920 ; loss: 0.112
2019-01-12 15:01:46,722:INFO: Epoch 31/45
2019-01-12 15:01:57,984:INFO: - Train metrics: dsc: 0.886 ; iou: 0.823 ; accuracy: 0.999 ; precision: 0.915 ; recall: 0.898 ; loss: 0.097
2019-01-12 15:01:59,159:INFO: - Eval metrics : dsc: 0.873 ; iou: 0.813 ; accuracy: 0.999 ; precision: 0.868 ; recall: 0.932 ; loss: 0.116
2019-01-12 15:01:59,184:INFO: Epoch 32/45
2019-01-12 15:02:10,450:INFO: - Train metrics: dsc: 0.899 ; iou: 0.839 ; accuracy: 0.999 ; precision: 0.908 ; recall: 0.922 ; loss: 0.086
2019-01-12 15:02:11,569:INFO: - Eval metrics : dsc: 0.880 ; iou: 0.821 ; accuracy: 0.999 ; precision: 0.893 ; recall: 0.912 ; loss: 0.106
2019-01-12 15:02:11,616:INFO: Epoch 33/45
2019-01-12 15:02:22,806:INFO: - Train metrics: dsc: 0.901 ; iou: 0.842 ; accuracy: 0.999 ; precision: 0.911 ; recall: 0.920 ; loss: 0.081
2019-01-12 15:02:23,913:INFO: - Eval metrics : dsc: 0.876 ; iou: 0.816 ; accuracy: 0.999 ; precision: 0.870 ; recall: 0.925 ; loss: 0.110
2019-01-12 15:02:23,941:INFO: Epoch 34/45
2019-01-12 15:02:35,137:INFO: - Train metrics: dsc: 0.903 ; iou: 0.845 ; accuracy: 0.999 ; precision: 0.912 ; recall: 0.923 ; loss: 0.079
2019-01-12 15:02:36,289:INFO: - Eval metrics : dsc: 0.876 ; iou: 0.819 ; accuracy: 0.999 ; precision: 0.889 ; recall: 0.917 ; loss: 0.108
2019-01-12 15:02:36,321:INFO: Epoch 35/45
2019-01-12 15:02:47,608:INFO: - Train metrics: dsc: 0.887 ; iou: 0.824 ; accuracy: 0.999 ; precision: 0.907 ; recall: 0.907 ; loss: 0.092
2019-01-12 15:02:48,724:INFO: - Eval metrics : dsc: 0.876 ; iou: 0.815 ; accuracy: 0.999 ; precision: 0.880 ; recall: 0.919 ; loss: 0.108
2019-01-12 15:02:48,746:INFO: Epoch 36/45
2019-01-12 15:03:00,017:INFO: - Train metrics: dsc: 0.891 ; iou: 0.830 ; accuracy: 0.999 ; precision: 0.898 ; recall: 0.921 ; loss: 0.095
2019-01-12 15:03:01,160:INFO: - Eval metrics : dsc: 0.874 ; iou: 0.814 ; accuracy: 0.999 ; precision: 0.852 ; recall: 0.937 ; loss: 0.113
2019-01-12 15:03:01,188:INFO: Epoch 37/45
2019-01-12 15:03:12,412:INFO: - Train metrics: dsc: 0.894 ; iou: 0.833 ; accuracy: 0.999 ; precision: 0.904 ; recall: 0.918 ; loss: 0.088
2019-01-12 15:03:13,522:INFO: - Eval metrics : dsc: 0.882 ; iou: 0.823 ; accuracy: 0.999 ; precision: 0.884 ; recall: 0.918 ; loss: 0.101
2019-01-12 15:03:13,551:INFO: Epoch 38/45
2019-01-12 15:03:24,832:INFO: - Train metrics: dsc: 0.879 ; iou: 0.814 ; accuracy: 0.999 ; precision: 0.904 ; recall: 0.898 ; loss: 0.105
2019-01-12 15:03:25,942:INFO: - Eval metrics : dsc: 0.868 ; iou: 0.801 ; accuracy: 0.999 ; precision: 0.859 ; recall: 0.920 ; loss: 0.115
2019-01-12 15:03:25,963:INFO: Epoch 39/45
2019-01-12 15:03:37,242:INFO: - Train metrics: dsc: 0.890 ; iou: 0.827 ; accuracy: 0.999 ; precision: 0.908 ; recall: 0.905 ; loss: 0.090
2019-01-12 15:03:38,386:INFO: - Eval metrics : dsc: 0.872 ; iou: 0.811 ; accuracy: 0.999 ; precision: 0.861 ; recall: 0.937 ; loss: 0.112
2019-01-12 15:03:38,417:INFO: Epoch 40/45
2019-01-12 15:03:49,651:INFO: - Train metrics: dsc: 0.885 ; iou: 0.823 ; accuracy: 0.999 ; precision: 0.910 ; recall: 0.902 ; loss: 0.092
2019-01-12 15:03:50,769:INFO: - Eval metrics : dsc: 0.874 ; iou: 0.814 ; accuracy: 0.999 ; precision: 0.873 ; recall: 0.926 ; loss: 0.107
2019-01-12 15:03:50,799:INFO: Epoch 41/45
2019-01-12 15:04:02,006:INFO: - Train metrics: dsc: 0.898 ; iou: 0.839 ; accuracy: 0.999 ; precision: 0.908 ; recall: 0.920 ; loss: 0.079
2019-01-12 15:04:03,127:INFO: - Eval metrics : dsc: 0.878 ; iou: 0.819 ; accuracy: 0.999 ; precision: 0.872 ; recall: 0.933 ; loss: 0.103
2019-01-12 15:04:03,149:INFO: Epoch 42/45
2019-01-12 15:04:14,408:INFO: - Train metrics: dsc: 0.902 ; iou: 0.844 ; accuracy: 0.999 ; precision: 0.914 ; recall: 0.920 ; loss: 0.074
2019-01-12 15:04:15,502:INFO: - Eval metrics : dsc: 0.880 ; iou: 0.821 ; accuracy: 0.999 ; precision: 0.872 ; recall: 0.935 ; loss: 0.101
2019-01-12 15:04:15,529:INFO: Epoch 43/45
2019-01-12 15:04:26,709:INFO: - Train metrics: dsc: 0.897 ; iou: 0.835 ; accuracy: 0.999 ; precision: 0.909 ; recall: 0.915 ; loss: 0.080
2019-01-12 15:04:27,819:INFO: - Eval metrics : dsc: 0.884 ; iou: 0.826 ; accuracy: 0.999 ; precision: 0.875 ; recall: 0.932 ; loss: 0.097
2019-01-12 15:04:27,843:INFO: - Found new best DSC
2019-01-12 15:04:27,843:INFO: Epoch 44/45
2019-01-12 15:04:39,089:INFO: - Train metrics: dsc: 0.903 ; iou: 0.844 ; accuracy: 0.999 ; precision: 0.910 ; recall: 0.924 ; loss: 0.076
2019-01-12 15:04:40,205:INFO: - Eval metrics : dsc: 0.884 ; iou: 0.824 ; accuracy: 0.999 ; precision: 0.904 ; recall: 0.904 ; loss: 0.093
2019-01-12 15:04:40,233:INFO: Epoch 45/45
2019-01-12 15:04:51,462:INFO: - Train metrics: dsc: 0.887 ; iou: 0.825 ; accuracy: 0.999 ; precision: 0.908 ; recall: 0.905 ; loss: 0.095
2019-01-12 15:04:52,591:INFO: - Eval metrics : dsc: 0.876 ; iou: 0.817 ; accuracy: 0.999 ; precision: 0.882 ; recall: 0.909 ; loss: 0.115
