2019-01-12 15:51:40,109:INFO: Loading the datasets...
2019-01-12 15:51:44,505:INFO: - done.
2019-01-12 15:51:44,505:INFO: For k-fold 1/5:
2019-01-12 15:51:44,505:INFO: Starting training for 45 epoch(s)
2019-01-12 15:51:44,505:INFO: Epoch 1/45
2019-01-12 15:51:55,673:INFO: - Train metrics: dsc: 0.066 ; iou: 0.036 ; accuracy: 0.812 ; precision: 0.045 ; recall: 0.774 ; loss: 0.972
2019-01-12 15:51:56,767:INFO: - Eval metrics : dsc: 0.126 ; iou: 0.070 ; accuracy: 0.914 ; precision: 0.073 ; recall: 0.625 ; loss: 0.962
2019-01-12 15:51:56,786:INFO: - Found new best DSC
2019-01-12 15:51:56,786:INFO: Epoch 2/45
2019-01-12 15:52:08,004:INFO: - Train metrics: dsc: 0.075 ; iou: 0.040 ; accuracy: 0.821 ; precision: 0.053 ; recall: 0.839 ; loss: 0.962
2019-01-12 15:52:09,140:INFO: - Eval metrics : dsc: 0.132 ; iou: 0.074 ; accuracy: 0.922 ; precision: 0.079 ; recall: 0.589 ; loss: 0.946
2019-01-12 15:52:09,164:INFO: - Found new best DSC
2019-01-12 15:52:09,164:INFO: Epoch 3/45
2019-01-12 15:52:20,428:INFO: - Train metrics: dsc: 0.092 ; iou: 0.049 ; accuracy: 0.854 ; precision: 0.062 ; recall: 0.805 ; loss: 0.952
2019-01-12 15:52:21,520:INFO: - Eval metrics : dsc: 0.157 ; iou: 0.091 ; accuracy: 0.949 ; precision: 0.104 ; recall: 0.479 ; loss: 0.949
2019-01-12 15:52:21,544:INFO: - Found new best DSC
2019-01-12 15:52:21,544:INFO: Epoch 4/45
2019-01-12 15:52:32,836:INFO: - Train metrics: dsc: 0.123 ; iou: 0.069 ; accuracy: 0.895 ; precision: 0.098 ; recall: 0.737 ; loss: 0.938
2019-01-12 15:52:33,966:INFO: - Eval metrics : dsc: 0.170 ; iou: 0.107 ; accuracy: 0.975 ; precision: 0.189 ; recall: 0.295 ; loss: 0.940
2019-01-12 15:52:34,005:INFO: - Found new best DSC
2019-01-12 15:52:34,005:INFO: Epoch 5/45
2019-01-12 15:52:45,246:INFO: - Train metrics: dsc: 0.179 ; iou: 0.109 ; accuracy: 0.928 ; precision: 0.146 ; recall: 0.693 ; loss: 0.908
2019-01-12 15:52:46,373:INFO: - Eval metrics : dsc: 0.169 ; iou: 0.100 ; accuracy: 0.966 ; precision: 0.126 ; recall: 0.388 ; loss: 0.968
2019-01-12 15:52:46,402:INFO: Epoch 6/45
2019-01-12 15:52:57,716:INFO: - Train metrics: dsc: 0.249 ; iou: 0.166 ; accuracy: 0.951 ; precision: 0.219 ; recall: 0.663 ; loss: 0.863
2019-01-12 15:52:58,833:INFO: - Eval metrics : dsc: 0.173 ; iou: 0.102 ; accuracy: 0.962 ; precision: 0.124 ; recall: 0.427 ; loss: 0.946
2019-01-12 15:52:58,857:INFO: - Found new best DSC
2019-01-12 15:52:58,857:INFO: Epoch 7/45
2019-01-12 15:53:10,180:INFO: - Train metrics: dsc: 0.317 ; iou: 0.222 ; accuracy: 0.968 ; precision: 0.283 ; recall: 0.648 ; loss: 0.808
2019-01-12 15:53:11,323:INFO: - Eval metrics : dsc: 0.238 ; iou: 0.148 ; accuracy: 0.966 ; precision: 0.170 ; recall: 0.541 ; loss: 0.895
2019-01-12 15:53:11,346:INFO: - Found new best DSC
2019-01-12 15:53:11,346:INFO: Epoch 8/45
2019-01-12 15:53:22,613:INFO: - Train metrics: dsc: 0.432 ; iou: 0.324 ; accuracy: 0.985 ; precision: 0.410 ; recall: 0.649 ; loss: 0.704
2019-01-12 15:53:23,737:INFO: - Eval metrics : dsc: 0.280 ; iou: 0.226 ; accuracy: 0.994 ; precision: 0.897 ; recall: 0.236 ; loss: 0.866
2019-01-12 15:53:23,762:INFO: - Found new best DSC
2019-01-12 15:53:23,762:INFO: Epoch 9/45
2019-01-12 15:53:35,008:INFO: - Train metrics: dsc: 0.492 ; iou: 0.390 ; accuracy: 0.991 ; precision: 0.527 ; recall: 0.637 ; loss: 0.609
2019-01-12 15:53:36,119:INFO: - Eval metrics : dsc: 0.413 ; iou: 0.348 ; accuracy: 0.995 ; precision: 0.898 ; recall: 0.369 ; loss: 0.748
2019-01-12 15:53:36,152:INFO: - Found new best DSC
2019-01-12 15:53:36,152:INFO: Epoch 10/45
2019-01-12 15:53:47,381:INFO: - Train metrics: dsc: 0.550 ; iou: 0.450 ; accuracy: 0.993 ; precision: 0.607 ; recall: 0.652 ; loss: 0.527
2019-01-12 15:53:48,510:INFO: - Eval metrics : dsc: 0.431 ; iou: 0.330 ; accuracy: 0.992 ; precision: 0.495 ; recall: 0.466 ; loss: 0.682
2019-01-12 15:53:48,531:INFO: - Found new best DSC
2019-01-12 15:53:48,531:INFO: Epoch 11/45
2019-01-12 15:53:59,853:INFO: - Train metrics: dsc: 0.572 ; iou: 0.475 ; accuracy: 0.993 ; precision: 0.621 ; recall: 0.666 ; loss: 0.478
2019-01-12 15:54:00,987:INFO: - Eval metrics : dsc: 0.592 ; iou: 0.506 ; accuracy: 0.996 ; precision: 0.831 ; recall: 0.547 ; loss: 0.506
2019-01-12 15:54:01,018:INFO: - Found new best DSC
2019-01-12 15:54:01,019:INFO: Epoch 12/45
2019-01-12 15:54:12,169:INFO: - Train metrics: dsc: 0.609 ; iou: 0.513 ; accuracy: 0.994 ; precision: 0.671 ; recall: 0.685 ; loss: 0.432
2019-01-12 15:54:13,279:INFO: - Eval metrics : dsc: 0.310 ; iou: 0.250 ; accuracy: 0.994 ; precision: 0.946 ; recall: 0.259 ; loss: 0.737
2019-01-12 15:54:13,306:INFO: Epoch 13/45
2019-01-12 15:54:24,514:INFO: - Train metrics: dsc: 0.634 ; iou: 0.540 ; accuracy: 0.995 ; precision: 0.704 ; recall: 0.698 ; loss: 0.401
2019-01-12 15:54:25,613:INFO: - Eval metrics : dsc: 0.575 ; iou: 0.493 ; accuracy: 0.996 ; precision: 0.857 ; recall: 0.540 ; loss: 0.485
2019-01-12 15:54:25,648:INFO: Epoch 14/45
2019-01-12 15:54:36,884:INFO: - Train metrics: dsc: 0.632 ; iou: 0.539 ; accuracy: 0.996 ; precision: 0.701 ; recall: 0.699 ; loss: 0.392
2019-01-12 15:54:37,982:INFO: - Eval metrics : dsc: 0.467 ; iou: 0.389 ; accuracy: 0.996 ; precision: 0.878 ; recall: 0.422 ; loss: 0.581
2019-01-12 15:54:38,013:INFO: Epoch 15/45
2019-01-12 15:54:49,348:INFO: - Train metrics: dsc: 0.662 ; iou: 0.569 ; accuracy: 0.995 ; precision: 0.735 ; recall: 0.713 ; loss: 0.365
2019-01-12 15:54:50,471:INFO: - Eval metrics : dsc: 0.534 ; iou: 0.430 ; accuracy: 0.993 ; precision: 0.540 ; recall: 0.610 ; loss: 0.515
2019-01-12 15:54:50,495:INFO: Epoch 16/45
2019-01-12 15:55:01,761:INFO: - Train metrics: dsc: 0.681 ; iou: 0.590 ; accuracy: 0.996 ; precision: 0.740 ; recall: 0.737 ; loss: 0.340
2019-01-12 15:55:02,858:INFO: - Eval metrics : dsc: 0.476 ; iou: 0.396 ; accuracy: 0.996 ; precision: 0.943 ; recall: 0.404 ; loss: 0.567
2019-01-12 15:55:02,889:INFO: Epoch 17/45
2019-01-12 15:55:14,062:INFO: - Train metrics: dsc: 0.680 ; iou: 0.587 ; accuracy: 0.996 ; precision: 0.733 ; recall: 0.742 ; loss: 0.333
2019-01-12 15:55:15,198:INFO: - Eval metrics : dsc: 0.580 ; iou: 0.494 ; accuracy: 0.997 ; precision: 0.895 ; recall: 0.525 ; loss: 0.453
2019-01-12 15:55:15,226:INFO: Epoch 18/45
2019-01-12 15:55:26,429:INFO: - Train metrics: dsc: 0.682 ; iou: 0.592 ; accuracy: 0.996 ; precision: 0.755 ; recall: 0.730 ; loss: 0.333
2019-01-12 15:55:27,561:INFO: - Eval metrics : dsc: 0.637 ; iou: 0.554 ; accuracy: 0.997 ; precision: 0.912 ; recall: 0.585 ; loss: 0.403
2019-01-12 15:55:27,591:INFO: - Found new best DSC
2019-01-12 15:55:27,591:INFO: Epoch 19/45
2019-01-12 15:55:38,880:INFO: - Train metrics: dsc: 0.691 ; iou: 0.601 ; accuracy: 0.996 ; precision: 0.744 ; recall: 0.749 ; loss: 0.320
2019-01-12 15:55:39,991:INFO: - Eval metrics : dsc: 0.655 ; iou: 0.566 ; accuracy: 0.997 ; precision: 0.888 ; recall: 0.614 ; loss: 0.374
2019-01-12 15:55:40,021:INFO: - Found new best DSC
2019-01-12 15:55:40,021:INFO: Epoch 20/45
2019-01-12 15:55:51,186:INFO: - Train metrics: dsc: 0.697 ; iou: 0.607 ; accuracy: 0.996 ; precision: 0.765 ; recall: 0.742 ; loss: 0.316
2019-01-12 15:55:52,282:INFO: - Eval metrics : dsc: 0.675 ; iou: 0.587 ; accuracy: 0.997 ; precision: 0.795 ; recall: 0.664 ; loss: 0.346
2019-01-12 15:55:52,304:INFO: - Found new best DSC
2019-01-12 15:55:52,304:INFO: Epoch 21/45
2019-01-12 15:56:03,499:INFO: - Train metrics: dsc: 0.708 ; iou: 0.621 ; accuracy: 0.997 ; precision: 0.780 ; recall: 0.751 ; loss: 0.302
2019-01-12 15:56:04,594:INFO: - Eval metrics : dsc: 0.693 ; iou: 0.604 ; accuracy: 0.997 ; precision: 0.770 ; recall: 0.713 ; loss: 0.322
2019-01-12 15:56:04,616:INFO: - Found new best DSC
2019-01-12 15:56:04,616:INFO: Epoch 22/45
2019-01-12 15:56:15,775:INFO: - Train metrics: dsc: 0.707 ; iou: 0.618 ; accuracy: 0.996 ; precision: 0.768 ; recall: 0.752 ; loss: 0.303
2019-01-12 15:56:16,907:INFO: - Eval metrics : dsc: 0.655 ; iou: 0.559 ; accuracy: 0.997 ; precision: 0.823 ; recall: 0.628 ; loss: 0.353
2019-01-12 15:56:16,928:INFO: Epoch 23/45
2019-01-12 15:56:28,146:INFO: - Train metrics: dsc: 0.718 ; iou: 0.631 ; accuracy: 0.997 ; precision: 0.779 ; recall: 0.764 ; loss: 0.290
2019-01-12 15:56:29,253:INFO: - Eval metrics : dsc: 0.675 ; iou: 0.588 ; accuracy: 0.997 ; precision: 0.891 ; recall: 0.635 ; loss: 0.349
2019-01-12 15:56:29,278:INFO: Epoch 24/45
2019-01-12 15:56:40,584:INFO: - Train metrics: dsc: 0.717 ; iou: 0.630 ; accuracy: 0.997 ; precision: 0.790 ; recall: 0.757 ; loss: 0.290
2019-01-12 15:56:41,701:INFO: - Eval metrics : dsc: 0.691 ; iou: 0.603 ; accuracy: 0.997 ; precision: 0.853 ; recall: 0.660 ; loss: 0.324
2019-01-12 15:56:41,742:INFO: Epoch 25/45
2019-01-12 15:56:52,996:INFO: - Train metrics: dsc: 0.717 ; iou: 0.634 ; accuracy: 0.997 ; precision: 0.795 ; recall: 0.760 ; loss: 0.285
2019-01-12 15:56:54,081:INFO: - Eval metrics : dsc: 0.672 ; iou: 0.584 ; accuracy: 0.997 ; precision: 0.749 ; recall: 0.708 ; loss: 0.336
2019-01-12 15:56:54,105:INFO: Epoch 26/45
2019-01-12 15:57:05,288:INFO: - Train metrics: dsc: 0.733 ; iou: 0.647 ; accuracy: 0.997 ; precision: 0.801 ; recall: 0.776 ; loss: 0.271
2019-01-12 15:57:06,385:INFO: - Eval metrics : dsc: 0.561 ; iou: 0.473 ; accuracy: 0.996 ; precision: 0.920 ; recall: 0.496 ; loss: 0.452
2019-01-12 15:57:06,412:INFO: Epoch 27/45
2019-01-12 15:57:17,638:INFO: - Train metrics: dsc: 0.727 ; iou: 0.641 ; accuracy: 0.997 ; precision: 0.805 ; recall: 0.759 ; loss: 0.276
2019-01-12 15:57:18,744:INFO: - Eval metrics : dsc: 0.552 ; iou: 0.458 ; accuracy: 0.996 ; precision: 0.878 ; recall: 0.492 ; loss: 0.459
2019-01-12 15:57:18,766:INFO: Epoch 28/45
2019-01-12 15:57:30,048:INFO: - Train metrics: dsc: 0.734 ; iou: 0.648 ; accuracy: 0.997 ; precision: 0.819 ; recall: 0.768 ; loss: 0.269
2019-01-12 15:57:31,149:INFO: - Eval metrics : dsc: 0.580 ; iou: 0.487 ; accuracy: 0.996 ; precision: 0.860 ; recall: 0.534 ; loss: 0.436
2019-01-12 15:57:31,182:INFO: Epoch 29/45
2019-01-12 15:57:42,292:INFO: - Train metrics: dsc: 0.708 ; iou: 0.621 ; accuracy: 0.997 ; precision: 0.791 ; recall: 0.748 ; loss: 0.293
2019-01-12 15:57:43,394:INFO: - Eval metrics : dsc: 0.265 ; iou: 0.204 ; accuracy: 0.994 ; precision: 0.987 ; recall: 0.205 ; loss: 0.738
2019-01-12 15:57:43,415:INFO: Epoch 30/45
2019-01-12 15:57:54,625:INFO: - Train metrics: dsc: 0.747 ; iou: 0.664 ; accuracy: 0.997 ; precision: 0.818 ; recall: 0.782 ; loss: 0.251
2019-01-12 15:57:55,761:INFO: - Eval metrics : dsc: 0.610 ; iou: 0.517 ; accuracy: 0.997 ; precision: 0.879 ; recall: 0.553 ; loss: 0.394
2019-01-12 15:57:55,781:INFO: Epoch 31/45
2019-01-12 15:58:06,957:INFO: - Train metrics: dsc: 0.737 ; iou: 0.656 ; accuracy: 0.997 ; precision: 0.832 ; recall: 0.770 ; loss: 0.261
2019-01-12 15:58:08,038:INFO: - Eval metrics : dsc: 0.500 ; iou: 0.419 ; accuracy: 0.996 ; precision: 0.938 ; recall: 0.434 ; loss: 0.501
2019-01-12 15:58:08,056:INFO: Epoch 32/45
2019-01-12 15:58:19,326:INFO: - Train metrics: dsc: 0.735 ; iou: 0.651 ; accuracy: 0.997 ; precision: 0.808 ; recall: 0.772 ; loss: 0.261
2019-01-12 15:58:20,419:INFO: - Eval metrics : dsc: 0.456 ; iou: 0.376 ; accuracy: 0.996 ; precision: 0.932 ; recall: 0.392 ; loss: 0.537
2019-01-12 15:58:20,447:INFO: Epoch 33/45
2019-01-12 15:58:31,657:INFO: - Train metrics: dsc: 0.730 ; iou: 0.644 ; accuracy: 0.997 ; precision: 0.822 ; recall: 0.759 ; loss: 0.266
2019-01-12 15:58:32,757:INFO: - Eval metrics : dsc: 0.628 ; iou: 0.542 ; accuracy: 0.997 ; precision: 0.870 ; recall: 0.589 ; loss: 0.380
2019-01-12 15:58:32,778:INFO: Epoch 34/45
2019-01-12 15:58:43,914:INFO: - Train metrics: dsc: 0.746 ; iou: 0.665 ; accuracy: 0.997 ; precision: 0.830 ; recall: 0.777 ; loss: 0.245
2019-01-12 15:58:44,998:INFO: - Eval metrics : dsc: 0.498 ; iou: 0.416 ; accuracy: 0.996 ; precision: 0.918 ; recall: 0.439 ; loss: 0.503
2019-01-12 15:58:45,025:INFO: Epoch 35/45
2019-01-12 15:58:56,258:INFO: - Train metrics: dsc: 0.731 ; iou: 0.643 ; accuracy: 0.997 ; precision: 0.812 ; recall: 0.768 ; loss: 0.264
2019-01-12 15:58:57,350:INFO: - Eval metrics : dsc: 0.581 ; iou: 0.491 ; accuracy: 0.997 ; precision: 0.912 ; recall: 0.518 ; loss: 0.404
2019-01-12 15:58:57,371:INFO: Epoch 36/45
2019-01-12 15:59:08,578:INFO: - Train metrics: dsc: 0.742 ; iou: 0.658 ; accuracy: 0.997 ; precision: 0.823 ; recall: 0.774 ; loss: 0.253
2019-01-12 15:59:09,674:INFO: - Eval metrics : dsc: 0.605 ; iou: 0.514 ; accuracy: 0.997 ; precision: 0.935 ; recall: 0.530 ; loss: 0.394
2019-01-12 15:59:09,695:INFO: Epoch 37/45
2019-01-12 15:59:20,943:INFO: - Train metrics: dsc: 0.740 ; iou: 0.658 ; accuracy: 0.997 ; precision: 0.848 ; recall: 0.761 ; loss: 0.251
2019-01-12 15:59:22,070:INFO: - Eval metrics : dsc: 0.697 ; iou: 0.611 ; accuracy: 0.998 ; precision: 0.911 ; recall: 0.657 ; loss: 0.291
2019-01-12 15:59:22,096:INFO: - Found new best DSC
2019-01-12 15:59:22,097:INFO: Epoch 38/45
2019-01-12 15:59:33,257:INFO: - Train metrics: dsc: 0.766 ; iou: 0.686 ; accuracy: 0.998 ; precision: 0.847 ; recall: 0.795 ; loss: 0.220
2019-01-12 15:59:34,363:INFO: - Eval metrics : dsc: 0.697 ; iou: 0.613 ; accuracy: 0.998 ; precision: 0.913 ; recall: 0.653 ; loss: 0.286
2019-01-12 15:59:34,391:INFO: Epoch 39/45
2019-01-12 15:59:45,563:INFO: - Train metrics: dsc: 0.762 ; iou: 0.682 ; accuracy: 0.998 ; precision: 0.838 ; recall: 0.794 ; loss: 0.228
2019-01-12 15:59:46,654:INFO: - Eval metrics : dsc: 0.689 ; iou: 0.604 ; accuracy: 0.997 ; precision: 0.904 ; recall: 0.645 ; loss: 0.305
2019-01-12 15:59:46,684:INFO: Epoch 40/45
2019-01-12 15:59:57,854:INFO: - Train metrics: dsc: 0.750 ; iou: 0.671 ; accuracy: 0.998 ; precision: 0.843 ; recall: 0.778 ; loss: 0.240
2019-01-12 15:59:58,948:INFO: - Eval metrics : dsc: 0.484 ; iou: 0.405 ; accuracy: 0.996 ; precision: 0.974 ; recall: 0.414 ; loss: 0.482
2019-01-12 15:59:58,970:INFO: Epoch 41/45
2019-01-12 16:00:10,208:INFO: - Train metrics: dsc: 0.764 ; iou: 0.683 ; accuracy: 0.998 ; precision: 0.855 ; recall: 0.787 ; loss: 0.222
2019-01-12 16:00:11,350:INFO: - Eval metrics : dsc: 0.495 ; iou: 0.397 ; accuracy: 0.996 ; precision: 0.964 ; recall: 0.408 ; loss: 0.469
2019-01-12 16:00:11,374:INFO: Epoch 42/45
2019-01-12 16:00:22,637:INFO: - Train metrics: dsc: 0.748 ; iou: 0.670 ; accuracy: 0.997 ; precision: 0.843 ; recall: 0.781 ; loss: 0.239
2019-01-12 16:00:23,795:INFO: - Eval metrics : dsc: 0.695 ; iou: 0.605 ; accuracy: 0.997 ; precision: 0.939 ; recall: 0.632 ; loss: 0.298
2019-01-12 16:00:23,823:INFO: Epoch 43/45
2019-01-12 16:00:35,005:INFO: - Train metrics: dsc: 0.747 ; iou: 0.662 ; accuracy: 0.997 ; precision: 0.844 ; recall: 0.771 ; loss: 0.240
2019-01-12 16:00:36,089:INFO: - Eval metrics : dsc: 0.651 ; iou: 0.560 ; accuracy: 0.997 ; precision: 0.830 ; recall: 0.636 ; loss: 0.348
2019-01-12 16:00:36,117:INFO: Epoch 44/45
2019-01-12 16:00:47,340:INFO: - Train metrics: dsc: 0.755 ; iou: 0.675 ; accuracy: 0.997 ; precision: 0.826 ; recall: 0.792 ; loss: 0.232
2019-01-12 16:00:48,431:INFO: - Eval metrics : dsc: 0.665 ; iou: 0.570 ; accuracy: 0.997 ; precision: 0.888 ; recall: 0.609 ; loss: 0.333
2019-01-12 16:00:48,459:INFO: Epoch 45/45
2019-01-12 16:00:59,687:INFO: - Train metrics: dsc: 0.761 ; iou: 0.683 ; accuracy: 0.998 ; precision: 0.859 ; recall: 0.783 ; loss: 0.218
2019-01-12 16:01:00,771:INFO: - Eval metrics : dsc: 0.432 ; iou: 0.342 ; accuracy: 0.995 ; precision: 0.979 ; recall: 0.345 ; loss: 0.525
2019-01-12 16:01:00,879:INFO: Loading the datasets...
2019-01-12 16:01:05,256:INFO: - done.
2019-01-12 16:01:05,256:INFO: For k-fold 2/5:
2019-01-12 16:01:05,256:INFO: Starting training for 45 epoch(s)
2019-01-12 16:01:05,256:INFO: Epoch 1/45
2019-01-12 16:01:16,472:INFO: - Train metrics: dsc: 0.066 ; iou: 0.036 ; accuracy: 0.812 ; precision: 0.043 ; recall: 0.776 ; loss: 0.972
2019-01-12 16:01:17,605:INFO: - Eval metrics : dsc: 0.127 ; iou: 0.071 ; accuracy: 0.913 ; precision: 0.074 ; recall: 0.635 ; loss: 0.960
2019-01-12 16:01:17,639:INFO: - Found new best DSC
2019-01-12 16:01:17,639:INFO: Epoch 2/45
2019-01-12 16:01:28,852:INFO: - Train metrics: dsc: 0.075 ; iou: 0.040 ; accuracy: 0.822 ; precision: 0.053 ; recall: 0.838 ; loss: 0.962
2019-01-12 16:01:29,944:INFO: - Eval metrics : dsc: 0.141 ; iou: 0.080 ; accuracy: 0.927 ; precision: 0.085 ; recall: 0.579 ; loss: 0.952
2019-01-12 16:01:29,966:INFO: - Found new best DSC
2019-01-12 16:01:29,966:INFO: Epoch 3/45
2019-01-12 16:01:41,164:INFO: - Train metrics: dsc: 0.088 ; iou: 0.047 ; accuracy: 0.850 ; precision: 0.060 ; recall: 0.810 ; loss: 0.954
2019-01-12 16:01:42,294:INFO: - Eval metrics : dsc: 0.160 ; iou: 0.093 ; accuracy: 0.955 ; precision: 0.109 ; recall: 0.437 ; loss: 0.943
2019-01-12 16:01:42,324:INFO: - Found new best DSC
2019-01-12 16:01:42,324:INFO: Epoch 4/45
2019-01-12 16:01:53,508:INFO: - Train metrics: dsc: 0.128 ; iou: 0.072 ; accuracy: 0.902 ; precision: 0.095 ; recall: 0.749 ; loss: 0.940
2019-01-12 16:01:54,628:INFO: - Eval metrics : dsc: 0.017 ; iou: 0.010 ; accuracy: 0.989 ; precision: 0.178 ; recall: 0.044 ; loss: 0.960
2019-01-12 16:01:54,648:INFO: Epoch 5/45
2019-01-12 16:02:05,869:INFO: - Train metrics: dsc: 0.221 ; iou: 0.138 ; accuracy: 0.949 ; precision: 0.179 ; recall: 0.710 ; loss: 0.903
2019-01-12 16:02:06,957:INFO: - Eval metrics : dsc: 0.031 ; iou: 0.031 ; accuracy: 0.992 ; precision: 1.000 ; recall: 0.031 ; loss: 0.978
2019-01-12 16:02:06,981:INFO: Epoch 6/45
2019-01-12 16:02:18,118:INFO: - Train metrics: dsc: 0.334 ; iou: 0.233 ; accuracy: 0.974 ; precision: 0.305 ; recall: 0.667 ; loss: 0.830
2019-01-12 16:02:19,197:INFO: - Eval metrics : dsc: 0.034 ; iou: 0.033 ; accuracy: 0.992 ; precision: 0.862 ; recall: 0.033 ; loss: 0.967
2019-01-12 16:02:19,225:INFO: Epoch 7/45
2019-01-12 16:02:30,583:INFO: - Train metrics: dsc: 0.431 ; iou: 0.328 ; accuracy: 0.986 ; precision: 0.441 ; recall: 0.643 ; loss: 0.729
2019-01-12 16:02:31,668:INFO: - Eval metrics : dsc: 0.087 ; iou: 0.069 ; accuracy: 0.992 ; precision: 0.947 ; recall: 0.070 ; loss: 0.951
2019-01-12 16:02:31,690:INFO: Epoch 8/45
2019-01-12 16:02:42,877:INFO: - Train metrics: dsc: 0.518 ; iou: 0.415 ; accuracy: 0.992 ; precision: 0.539 ; recall: 0.667 ; loss: 0.615
2019-01-12 16:02:43,965:INFO: - Eval metrics : dsc: 0.293 ; iou: 0.232 ; accuracy: 0.993 ; precision: 0.598 ; recall: 0.288 ; loss: 0.809
2019-01-12 16:02:43,995:INFO: - Found new best DSC
2019-01-12 16:02:43,996:INFO: Epoch 9/45
2019-01-12 16:02:55,125:INFO: - Train metrics: dsc: 0.567 ; iou: 0.468 ; accuracy: 0.993 ; precision: 0.612 ; recall: 0.676 ; loss: 0.530
2019-01-12 16:02:56,208:INFO: - Eval metrics : dsc: 0.329 ; iou: 0.260 ; accuracy: 0.995 ; precision: 0.917 ; recall: 0.277 ; loss: 0.759
2019-01-12 16:02:56,239:INFO: - Found new best DSC
2019-01-12 16:02:56,240:INFO: Epoch 10/45
2019-01-12 16:03:07,457:INFO: - Train metrics: dsc: 0.604 ; iou: 0.507 ; accuracy: 0.995 ; precision: 0.657 ; recall: 0.687 ; loss: 0.470
2019-01-12 16:03:08,607:INFO: - Eval metrics : dsc: 0.248 ; iou: 0.197 ; accuracy: 0.994 ; precision: 0.947 ; recall: 0.207 ; loss: 0.799
2019-01-12 16:03:08,634:INFO: Epoch 11/45
2019-01-12 16:03:19,892:INFO: - Train metrics: dsc: 0.642 ; iou: 0.547 ; accuracy: 0.995 ; precision: 0.705 ; recall: 0.708 ; loss: 0.419
2019-01-12 16:03:20,986:INFO: - Eval metrics : dsc: 0.535 ; iou: 0.439 ; accuracy: 0.995 ; precision: 0.745 ; recall: 0.504 ; loss: 0.533
2019-01-12 16:03:21,031:INFO: - Found new best DSC
2019-01-12 16:03:21,031:INFO: Epoch 12/45
2019-01-12 16:03:32,249:INFO: - Train metrics: dsc: 0.657 ; iou: 0.563 ; accuracy: 0.996 ; precision: 0.709 ; recall: 0.717 ; loss: 0.389
2019-01-12 16:03:33,371:INFO: - Eval metrics : dsc: 0.220 ; iou: 0.169 ; accuracy: 0.993 ; precision: 0.979 ; recall: 0.169 ; loss: 0.813
2019-01-12 16:03:33,391:INFO: Epoch 13/45
2019-01-12 16:03:44,683:INFO: - Train metrics: dsc: 0.664 ; iou: 0.572 ; accuracy: 0.996 ; precision: 0.735 ; recall: 0.719 ; loss: 0.373
2019-01-12 16:03:45,765:INFO: - Eval metrics : dsc: 0.416 ; iou: 0.330 ; accuracy: 0.995 ; precision: 0.832 ; recall: 0.371 ; loss: 0.606
2019-01-12 16:03:45,787:INFO: Epoch 14/45
2019-01-12 16:03:57,039:INFO: - Train metrics: dsc: 0.672 ; iou: 0.578 ; accuracy: 0.996 ; precision: 0.752 ; recall: 0.723 ; loss: 0.358
2019-01-12 16:03:58,155:INFO: - Eval metrics : dsc: 0.594 ; iou: 0.494 ; accuracy: 0.996 ; precision: 0.692 ; recall: 0.593 ; loss: 0.434
2019-01-12 16:03:58,179:INFO: - Found new best DSC
2019-01-12 16:03:58,180:INFO: Epoch 15/45
2019-01-12 16:04:09,435:INFO: - Train metrics: dsc: 0.677 ; iou: 0.586 ; accuracy: 0.996 ; precision: 0.743 ; recall: 0.729 ; loss: 0.346
2019-01-12 16:04:10,537:INFO: - Eval metrics : dsc: 0.546 ; iou: 0.457 ; accuracy: 0.995 ; precision: 0.647 ; recall: 0.565 ; loss: 0.478
2019-01-12 16:04:10,564:INFO: Epoch 16/45
2019-01-12 16:04:21,783:INFO: - Train metrics: dsc: 0.686 ; iou: 0.595 ; accuracy: 0.996 ; precision: 0.744 ; recall: 0.741 ; loss: 0.331
2019-01-12 16:04:22,926:INFO: - Eval metrics : dsc: 0.536 ; iou: 0.437 ; accuracy: 0.996 ; precision: 0.740 ; recall: 0.507 ; loss: 0.477
2019-01-12 16:04:22,953:INFO: Epoch 17/45
2019-01-12 16:04:34,285:INFO: - Train metrics: dsc: 0.694 ; iou: 0.604 ; accuracy: 0.996 ; precision: 0.747 ; recall: 0.745 ; loss: 0.322
2019-01-12 16:04:35,377:INFO: - Eval metrics : dsc: 0.629 ; iou: 0.531 ; accuracy: 0.997 ; precision: 0.880 ; recall: 0.560 ; loss: 0.401
2019-01-12 16:04:35,409:INFO: - Found new best DSC
2019-01-12 16:04:35,409:INFO: Epoch 18/45
2019-01-12 16:04:46,601:INFO: - Train metrics: dsc: 0.710 ; iou: 0.617 ; accuracy: 0.996 ; precision: 0.752 ; recall: 0.756 ; loss: 0.310
2019-01-12 16:04:47,693:INFO: - Eval metrics : dsc: 0.611 ; iou: 0.511 ; accuracy: 0.996 ; precision: 0.911 ; recall: 0.526 ; loss: 0.424
2019-01-12 16:04:47,719:INFO: Epoch 19/45
2019-01-12 16:04:58,939:INFO: - Train metrics: dsc: 0.703 ; iou: 0.613 ; accuracy: 0.997 ; precision: 0.769 ; recall: 0.758 ; loss: 0.311
2019-01-12 16:05:00,027:INFO: - Eval metrics : dsc: 0.656 ; iou: 0.559 ; accuracy: 0.997 ; precision: 0.927 ; recall: 0.582 ; loss: 0.369
2019-01-12 16:05:00,051:INFO: - Found new best DSC
2019-01-12 16:05:00,051:INFO: Epoch 20/45
2019-01-12 16:05:11,257:INFO: - Train metrics: dsc: 0.724 ; iou: 0.635 ; accuracy: 0.997 ; precision: 0.785 ; recall: 0.769 ; loss: 0.289
2019-01-12 16:05:12,386:INFO: - Eval metrics : dsc: 0.648 ; iou: 0.553 ; accuracy: 0.997 ; precision: 0.928 ; recall: 0.571 ; loss: 0.379
2019-01-12 16:05:12,407:INFO: Epoch 21/45
2019-01-12 16:05:23,713:INFO: - Train metrics: dsc: 0.721 ; iou: 0.636 ; accuracy: 0.997 ; precision: 0.777 ; recall: 0.768 ; loss: 0.287
2019-01-12 16:05:24,784:INFO: - Eval metrics : dsc: 0.660 ; iou: 0.562 ; accuracy: 0.997 ; precision: 0.891 ; recall: 0.596 ; loss: 0.359
2019-01-12 16:05:24,807:INFO: - Found new best DSC
2019-01-12 16:05:24,808:INFO: Epoch 22/45
2019-01-12 16:05:36,126:INFO: - Train metrics: dsc: 0.714 ; iou: 0.627 ; accuracy: 0.997 ; precision: 0.777 ; recall: 0.766 ; loss: 0.289
2019-01-12 16:05:37,186:INFO: - Eval metrics : dsc: 0.593 ; iou: 0.484 ; accuracy: 0.996 ; precision: 0.905 ; recall: 0.501 ; loss: 0.422
2019-01-12 16:05:37,206:INFO: Epoch 23/45
2019-01-12 16:05:48,550:INFO: - Train metrics: dsc: 0.726 ; iou: 0.640 ; accuracy: 0.997 ; precision: 0.799 ; recall: 0.772 ; loss: 0.280
2019-01-12 16:05:49,699:INFO: - Eval metrics : dsc: 0.671 ; iou: 0.574 ; accuracy: 0.997 ; precision: 0.897 ; recall: 0.601 ; loss: 0.349
2019-01-12 16:05:49,723:INFO: - Found new best DSC
2019-01-12 16:05:49,724:INFO: Epoch 24/45
2019-01-12 16:06:01,026:INFO: - Train metrics: dsc: 0.725 ; iou: 0.640 ; accuracy: 0.997 ; precision: 0.784 ; recall: 0.773 ; loss: 0.278
2019-01-12 16:06:02,166:INFO: - Eval metrics : dsc: 0.726 ; iou: 0.646 ; accuracy: 0.998 ; precision: 0.908 ; recall: 0.685 ; loss: 0.288
2019-01-12 16:06:02,195:INFO: - Found new best DSC
2019-01-12 16:06:02,196:INFO: Epoch 25/45
2019-01-12 16:06:13,576:INFO: - Train metrics: dsc: 0.742 ; iou: 0.659 ; accuracy: 0.997 ; precision: 0.810 ; recall: 0.773 ; loss: 0.266
2019-01-12 16:06:14,706:INFO: - Eval metrics : dsc: 0.737 ; iou: 0.656 ; accuracy: 0.998 ; precision: 0.865 ; recall: 0.709 ; loss: 0.278
2019-01-12 16:06:14,737:INFO: - Found new best DSC
2019-01-12 16:06:14,737:INFO: Epoch 26/45
2019-01-12 16:06:26,032:INFO: - Train metrics: dsc: 0.753 ; iou: 0.669 ; accuracy: 0.997 ; precision: 0.803 ; recall: 0.790 ; loss: 0.252
2019-01-12 16:06:27,181:INFO: - Eval metrics : dsc: 0.696 ; iou: 0.606 ; accuracy: 0.997 ; precision: 0.910 ; recall: 0.637 ; loss: 0.316
2019-01-12 16:06:27,202:INFO: Epoch 27/45
2019-01-12 16:06:38,483:INFO: - Train metrics: dsc: 0.745 ; iou: 0.661 ; accuracy: 0.997 ; precision: 0.816 ; recall: 0.783 ; loss: 0.258
2019-01-12 16:06:39,576:INFO: - Eval metrics : dsc: 0.646 ; iou: 0.544 ; accuracy: 0.997 ; precision: 0.956 ; recall: 0.559 ; loss: 0.355
2019-01-12 16:06:39,604:INFO: Epoch 28/45
2019-01-12 16:06:50,847:INFO: - Train metrics: dsc: 0.739 ; iou: 0.654 ; accuracy: 0.997 ; precision: 0.804 ; recall: 0.774 ; loss: 0.263
2019-01-12 16:06:51,950:INFO: - Eval metrics : dsc: 0.674 ; iou: 0.568 ; accuracy: 0.996 ; precision: 0.664 ; recall: 0.753 ; loss: 0.335
2019-01-12 16:06:51,989:INFO: Epoch 29/45
2019-01-12 16:07:03,320:INFO: - Train metrics: dsc: 0.730 ; iou: 0.643 ; accuracy: 0.997 ; precision: 0.818 ; recall: 0.764 ; loss: 0.272
2019-01-12 16:07:04,460:INFO: - Eval metrics : dsc: 0.691 ; iou: 0.600 ; accuracy: 0.997 ; precision: 0.833 ; recall: 0.648 ; loss: 0.325
2019-01-12 16:07:04,491:INFO: Epoch 30/45
2019-01-12 16:07:15,739:INFO: - Train metrics: dsc: 0.752 ; iou: 0.668 ; accuracy: 0.997 ; precision: 0.818 ; recall: 0.791 ; loss: 0.246
2019-01-12 16:07:16,868:INFO: - Eval metrics : dsc: 0.730 ; iou: 0.641 ; accuracy: 0.998 ; precision: 0.897 ; recall: 0.679 ; loss: 0.268
2019-01-12 16:07:16,889:INFO: Epoch 31/45
2019-01-12 16:07:28,086:INFO: - Train metrics: dsc: 0.739 ; iou: 0.659 ; accuracy: 0.997 ; precision: 0.835 ; recall: 0.765 ; loss: 0.259
2019-01-12 16:07:29,186:INFO: - Eval metrics : dsc: 0.717 ; iou: 0.623 ; accuracy: 0.997 ; precision: 0.856 ; recall: 0.684 ; loss: 0.283
2019-01-12 16:07:29,212:INFO: Epoch 32/45
2019-01-12 16:07:40,498:INFO: - Train metrics: dsc: 0.742 ; iou: 0.657 ; accuracy: 0.997 ; precision: 0.823 ; recall: 0.767 ; loss: 0.254
2019-01-12 16:07:41,613:INFO: - Eval metrics : dsc: 0.731 ; iou: 0.635 ; accuracy: 0.997 ; precision: 0.871 ; recall: 0.683 ; loss: 0.268
2019-01-12 16:07:41,634:INFO: Epoch 33/45
2019-01-12 16:07:52,952:INFO: - Train metrics: dsc: 0.758 ; iou: 0.673 ; accuracy: 0.998 ; precision: 0.821 ; recall: 0.796 ; loss: 0.238
2019-01-12 16:07:54,092:INFO: - Eval metrics : dsc: 0.685 ; iou: 0.588 ; accuracy: 0.997 ; precision: 0.950 ; recall: 0.621 ; loss: 0.298
2019-01-12 16:07:54,113:INFO: Epoch 34/45
2019-01-12 16:08:05,514:INFO: - Train metrics: dsc: 0.749 ; iou: 0.664 ; accuracy: 0.997 ; precision: 0.819 ; recall: 0.780 ; loss: 0.242
2019-01-12 16:08:06,651:INFO: - Eval metrics : dsc: 0.757 ; iou: 0.671 ; accuracy: 0.998 ; precision: 0.897 ; recall: 0.721 ; loss: 0.236
2019-01-12 16:08:06,683:INFO: - Found new best DSC
2019-01-12 16:08:06,683:INFO: Epoch 35/45
2019-01-12 16:08:17,882:INFO: - Train metrics: dsc: 0.760 ; iou: 0.676 ; accuracy: 0.997 ; precision: 0.836 ; recall: 0.785 ; loss: 0.229
2019-01-12 16:08:19,003:INFO: - Eval metrics : dsc: 0.752 ; iou: 0.677 ; accuracy: 0.998 ; precision: 0.917 ; recall: 0.725 ; loss: 0.223
2019-01-12 16:08:19,034:INFO: Epoch 36/45
2019-01-12 16:08:30,216:INFO: - Train metrics: dsc: 0.734 ; iou: 0.651 ; accuracy: 0.997 ; precision: 0.833 ; recall: 0.757 ; loss: 0.258
2019-01-12 16:08:31,307:INFO: - Eval metrics : dsc: 0.724 ; iou: 0.629 ; accuracy: 0.997 ; precision: 0.868 ; recall: 0.687 ; loss: 0.266
2019-01-12 16:08:31,336:INFO: Epoch 37/45
2019-01-12 16:08:42,591:INFO: - Train metrics: dsc: 0.744 ; iou: 0.662 ; accuracy: 0.997 ; precision: 0.852 ; recall: 0.763 ; loss: 0.240
2019-01-12 16:08:43,675:INFO: - Eval metrics : dsc: 0.720 ; iou: 0.630 ; accuracy: 0.997 ; precision: 0.951 ; recall: 0.668 ; loss: 0.257
2019-01-12 16:08:43,695:INFO: Epoch 38/45
2019-01-12 16:08:54,883:INFO: - Train metrics: dsc: 0.749 ; iou: 0.666 ; accuracy: 0.997 ; precision: 0.836 ; recall: 0.778 ; loss: 0.235
2019-01-12 16:08:55,973:INFO: - Eval metrics : dsc: 0.758 ; iou: 0.671 ; accuracy: 0.998 ; precision: 0.880 ; recall: 0.741 ; loss: 0.231
2019-01-12 16:08:55,996:INFO: - Found new best DSC
2019-01-12 16:08:55,996:INFO: Epoch 39/45
2019-01-12 16:09:07,146:INFO: - Train metrics: dsc: 0.762 ; iou: 0.683 ; accuracy: 0.998 ; precision: 0.851 ; recall: 0.780 ; loss: 0.219
2019-01-12 16:09:08,233:INFO: - Eval metrics : dsc: 0.748 ; iou: 0.661 ; accuracy: 0.998 ; precision: 0.846 ; recall: 0.754 ; loss: 0.240
2019-01-12 16:09:08,254:INFO: Epoch 40/45
2019-01-12 16:09:19,500:INFO: - Train metrics: dsc: 0.753 ; iou: 0.672 ; accuracy: 0.998 ; precision: 0.852 ; recall: 0.775 ; loss: 0.233
2019-01-12 16:09:20,724:INFO: - Eval metrics : dsc: 0.702 ; iou: 0.602 ; accuracy: 0.997 ; precision: 0.929 ; recall: 0.625 ; loss: 0.281
2019-01-12 16:09:20,746:INFO: Epoch 41/45
2019-01-12 16:09:32,034:INFO: - Train metrics: dsc: 0.762 ; iou: 0.681 ; accuracy: 0.998 ; precision: 0.861 ; recall: 0.782 ; loss: 0.217
2019-01-12 16:09:33,127:INFO: - Eval metrics : dsc: 0.759 ; iou: 0.669 ; accuracy: 0.998 ; precision: 0.888 ; recall: 0.730 ; loss: 0.223
2019-01-12 16:09:33,158:INFO: - Found new best DSC
2019-01-12 16:09:33,159:INFO: Epoch 42/45
2019-01-12 16:09:44,370:INFO: - Train metrics: dsc: 0.749 ; iou: 0.666 ; accuracy: 0.997 ; precision: 0.842 ; recall: 0.772 ; loss: 0.236
2019-01-12 16:09:45,482:INFO: - Eval metrics : dsc: 0.748 ; iou: 0.653 ; accuracy: 0.998 ; precision: 0.878 ; recall: 0.717 ; loss: 0.237
2019-01-12 16:09:45,509:INFO: Epoch 43/45
2019-01-12 16:09:56,857:INFO: - Train metrics: dsc: 0.775 ; iou: 0.694 ; accuracy: 0.998 ; precision: 0.855 ; recall: 0.793 ; loss: 0.205
2019-01-12 16:09:57,954:INFO: - Eval metrics : dsc: 0.739 ; iou: 0.639 ; accuracy: 0.998 ; precision: 0.894 ; recall: 0.681 ; loss: 0.259
2019-01-12 16:09:57,978:INFO: Epoch 44/45
2019-01-12 16:10:09,142:INFO: - Train metrics: dsc: 0.768 ; iou: 0.684 ; accuracy: 0.998 ; precision: 0.839 ; recall: 0.790 ; loss: 0.214
2019-01-12 16:10:10,233:INFO: - Eval metrics : dsc: 0.733 ; iou: 0.636 ; accuracy: 0.997 ; precision: 0.926 ; recall: 0.663 ; loss: 0.238
2019-01-12 16:10:10,254:INFO: Epoch 45/45
2019-01-12 16:10:21,416:INFO: - Train metrics: dsc: 0.759 ; iou: 0.677 ; accuracy: 0.997 ; precision: 0.831 ; recall: 0.790 ; loss: 0.226
2019-01-12 16:10:22,517:INFO: - Eval metrics : dsc: 0.758 ; iou: 0.671 ; accuracy: 0.998 ; precision: 0.818 ; recall: 0.766 ; loss: 0.240
2019-01-12 16:10:22,624:INFO: Loading the datasets...
2019-01-12 16:10:28,211:INFO: - done.
2019-01-12 16:10:28,211:INFO: For k-fold 3/5:
2019-01-12 16:10:28,211:INFO: Starting training for 45 epoch(s)
2019-01-12 16:10:28,212:INFO: Epoch 1/45
2019-01-12 16:10:39,392:INFO: - Train metrics: dsc: 0.066 ; iou: 0.036 ; accuracy: 0.811 ; precision: 0.045 ; recall: 0.775 ; loss: 0.972
2019-01-12 16:10:40,487:INFO: - Eval metrics : dsc: 0.126 ; iou: 0.070 ; accuracy: 0.912 ; precision: 0.073 ; recall: 0.636 ; loss: 0.955
2019-01-12 16:10:40,519:INFO: - Found new best DSC
2019-01-12 16:10:40,519:INFO: Epoch 2/45
2019-01-12 16:10:51,638:INFO: - Train metrics: dsc: 0.075 ; iou: 0.040 ; accuracy: 0.823 ; precision: 0.055 ; recall: 0.834 ; loss: 0.963
2019-01-12 16:10:52,783:INFO: - Eval metrics : dsc: 0.128 ; iou: 0.072 ; accuracy: 0.914 ; precision: 0.075 ; recall: 0.629 ; loss: 0.943
2019-01-12 16:10:52,817:INFO: - Found new best DSC
2019-01-12 16:10:52,817:INFO: Epoch 3/45
2019-01-12 16:11:04,002:INFO: - Train metrics: dsc: 0.084 ; iou: 0.045 ; accuracy: 0.841 ; precision: 0.058 ; recall: 0.812 ; loss: 0.955
2019-01-12 16:11:05,126:INFO: - Eval metrics : dsc: 0.143 ; iou: 0.085 ; accuracy: 0.977 ; precision: 0.127 ; recall: 0.251 ; loss: 0.947
2019-01-12 16:11:05,164:INFO: - Found new best DSC
2019-01-12 16:11:05,165:INFO: Epoch 4/45
2019-01-12 16:11:16,388:INFO: - Train metrics: dsc: 0.092 ; iou: 0.050 ; accuracy: 0.868 ; precision: 0.074 ; recall: 0.745 ; loss: 0.948
2019-01-12 16:11:17,517:INFO: - Eval metrics : dsc: 0.018 ; iou: 0.018 ; accuracy: 0.992 ; precision: 0.684 ; recall: 0.027 ; loss: 0.976
2019-01-12 16:11:17,539:INFO: Epoch 5/45
2019-01-12 16:11:28,706:INFO: - Train metrics: dsc: 0.121 ; iou: 0.068 ; accuracy: 0.901 ; precision: 0.098 ; recall: 0.685 ; loss: 0.932
2019-01-12 16:11:29,887:INFO: - Eval metrics : dsc: 0.047 ; iou: 0.027 ; accuracy: 0.988 ; precision: 0.152 ; recall: 0.068 ; loss: 0.979
2019-01-12 16:11:29,908:INFO: Epoch 6/45
2019-01-12 16:11:41,212:INFO: - Train metrics: dsc: 0.175 ; iou: 0.108 ; accuracy: 0.929 ; precision: 0.144 ; recall: 0.648 ; loss: 0.898
2019-01-12 16:11:42,373:INFO: - Eval metrics : dsc: 0.022 ; iou: 0.022 ; accuracy: 0.992 ; precision: 0.978 ; recall: 0.027 ; loss: 0.985
2019-01-12 16:11:42,398:INFO: Epoch 7/45
2019-01-12 16:11:53,670:INFO: - Train metrics: dsc: 0.246 ; iou: 0.164 ; accuracy: 0.956 ; precision: 0.223 ; recall: 0.614 ; loss: 0.850
2019-01-12 16:11:54,775:INFO: - Eval metrics : dsc: 0.063 ; iou: 0.039 ; accuracy: 0.990 ; precision: 0.279 ; recall: 0.077 ; loss: 0.965
2019-01-12 16:11:54,793:INFO: Epoch 8/45
2019-01-12 16:12:06,085:INFO: - Train metrics: dsc: 0.323 ; iou: 0.233 ; accuracy: 0.972 ; precision: 0.307 ; recall: 0.606 ; loss: 0.788
2019-01-12 16:12:07,183:INFO: - Eval metrics : dsc: 0.032 ; iou: 0.030 ; accuracy: 0.992 ; precision: 0.947 ; recall: 0.030 ; loss: 0.966
2019-01-12 16:12:07,217:INFO: Epoch 9/45
2019-01-12 16:12:18,447:INFO: - Train metrics: dsc: 0.406 ; iou: 0.309 ; accuracy: 0.983 ; precision: 0.403 ; recall: 0.600 ; loss: 0.705
2019-01-12 16:12:19,553:INFO: - Eval metrics : dsc: 0.199 ; iou: 0.147 ; accuracy: 0.993 ; precision: 0.883 ; recall: 0.164 ; loss: 0.906
2019-01-12 16:12:19,583:INFO: - Found new best DSC
2019-01-12 16:12:19,583:INFO: Epoch 10/45
2019-01-12 16:12:30,898:INFO: - Train metrics: dsc: 0.467 ; iou: 0.369 ; accuracy: 0.989 ; precision: 0.511 ; recall: 0.612 ; loss: 0.620
2019-01-12 16:12:31,984:INFO: - Eval metrics : dsc: 0.173 ; iou: 0.127 ; accuracy: 0.993 ; precision: 0.916 ; recall: 0.142 ; loss: 0.879
2019-01-12 16:12:32,005:INFO: Epoch 11/45
2019-01-12 16:12:43,327:INFO: - Train metrics: dsc: 0.525 ; iou: 0.431 ; accuracy: 0.992 ; precision: 0.572 ; recall: 0.626 ; loss: 0.536
2019-01-12 16:12:44,467:INFO: - Eval metrics : dsc: 0.319 ; iou: 0.249 ; accuracy: 0.994 ; precision: 0.914 ; recall: 0.257 ; loss: 0.751
2019-01-12 16:12:44,501:INFO: - Found new best DSC
2019-01-12 16:12:44,502:INFO: Epoch 12/45
2019-01-12 16:12:55,931:INFO: - Train metrics: dsc: 0.564 ; iou: 0.467 ; accuracy: 0.993 ; precision: 0.615 ; recall: 0.656 ; loss: 0.485
2019-01-12 16:12:57,050:INFO: - Eval metrics : dsc: 0.182 ; iou: 0.137 ; accuracy: 0.993 ; precision: 0.952 ; recall: 0.146 ; loss: 0.845
2019-01-12 16:12:57,076:INFO: Epoch 13/45
2019-01-12 16:13:08,318:INFO: - Train metrics: dsc: 0.585 ; iou: 0.489 ; accuracy: 0.994 ; precision: 0.664 ; recall: 0.662 ; loss: 0.448
2019-01-12 16:13:09,405:INFO: - Eval metrics : dsc: 0.175 ; iou: 0.131 ; accuracy: 0.993 ; precision: 1.000 ; recall: 0.131 ; loss: 0.853
2019-01-12 16:13:09,426:INFO: Epoch 14/45
2019-01-12 16:13:20,951:INFO: - Train metrics: dsc: 0.599 ; iou: 0.503 ; accuracy: 0.994 ; precision: 0.654 ; recall: 0.673 ; loss: 0.430
2019-01-12 16:13:22,061:INFO: - Eval metrics : dsc: 0.467 ; iou: 0.370 ; accuracy: 0.995 ; precision: 0.922 ; recall: 0.386 ; loss: 0.573
2019-01-12 16:13:22,084:INFO: - Found new best DSC
2019-01-12 16:13:22,084:INFO: Epoch 15/45
2019-01-12 16:13:33,410:INFO: - Train metrics: dsc: 0.614 ; iou: 0.520 ; accuracy: 0.995 ; precision: 0.693 ; recall: 0.677 ; loss: 0.407
2019-01-12 16:13:34,567:INFO: - Eval metrics : dsc: 0.383 ; iou: 0.305 ; accuracy: 0.995 ; precision: 0.969 ; recall: 0.309 ; loss: 0.655
2019-01-12 16:13:34,596:INFO: Epoch 16/45
2019-01-12 16:13:45,905:INFO: - Train metrics: dsc: 0.644 ; iou: 0.552 ; accuracy: 0.995 ; precision: 0.706 ; recall: 0.699 ; loss: 0.377
2019-01-12 16:13:46,983:INFO: - Eval metrics : dsc: 0.286 ; iou: 0.216 ; accuracy: 0.994 ; precision: 0.988 ; recall: 0.217 ; loss: 0.739
2019-01-12 16:13:47,004:INFO: Epoch 17/45
2019-01-12 16:13:58,341:INFO: - Train metrics: dsc: 0.662 ; iou: 0.572 ; accuracy: 0.996 ; precision: 0.716 ; recall: 0.716 ; loss: 0.356
2019-01-12 16:13:59,480:INFO: - Eval metrics : dsc: 0.449 ; iou: 0.356 ; accuracy: 0.995 ; precision: 0.961 ; recall: 0.371 ; loss: 0.573
2019-01-12 16:13:59,512:INFO: Epoch 18/45
2019-01-12 16:14:10,777:INFO: - Train metrics: dsc: 0.655 ; iou: 0.562 ; accuracy: 0.996 ; precision: 0.729 ; recall: 0.703 ; loss: 0.360
2019-01-12 16:14:11,860:INFO: - Eval metrics : dsc: 0.516 ; iou: 0.416 ; accuracy: 0.996 ; precision: 0.896 ; recall: 0.448 ; loss: 0.503
2019-01-12 16:14:11,883:INFO: - Found new best DSC
2019-01-12 16:14:11,883:INFO: Epoch 19/45
2019-01-12 16:14:23,008:INFO: - Train metrics: dsc: 0.669 ; iou: 0.576 ; accuracy: 0.996 ; precision: 0.733 ; recall: 0.723 ; loss: 0.347
2019-01-12 16:14:24,171:INFO: - Eval metrics : dsc: 0.580 ; iou: 0.490 ; accuracy: 0.996 ; precision: 0.929 ; recall: 0.514 ; loss: 0.443
2019-01-12 16:14:24,198:INFO: - Found new best DSC
2019-01-12 16:14:24,198:INFO: Epoch 20/45
2019-01-12 16:14:35,527:INFO: - Train metrics: dsc: 0.671 ; iou: 0.584 ; accuracy: 0.996 ; precision: 0.747 ; recall: 0.722 ; loss: 0.339
2019-01-12 16:14:36,641:INFO: - Eval metrics : dsc: 0.466 ; iou: 0.379 ; accuracy: 0.995 ; precision: 0.982 ; recall: 0.386 ; loss: 0.558
2019-01-12 16:14:36,669:INFO: Epoch 21/45
2019-01-12 16:14:47,971:INFO: - Train metrics: dsc: 0.689 ; iou: 0.603 ; accuracy: 0.996 ; precision: 0.760 ; recall: 0.737 ; loss: 0.321
2019-01-12 16:14:49,109:INFO: - Eval metrics : dsc: 0.592 ; iou: 0.492 ; accuracy: 0.996 ; precision: 0.917 ; recall: 0.522 ; loss: 0.422
2019-01-12 16:14:49,132:INFO: - Found new best DSC
2019-01-12 16:14:49,132:INFO: Epoch 22/45
2019-01-12 16:15:00,427:INFO: - Train metrics: dsc: 0.695 ; iou: 0.605 ; accuracy: 0.996 ; precision: 0.754 ; recall: 0.742 ; loss: 0.319
2019-01-12 16:15:01,563:INFO: - Eval metrics : dsc: 0.541 ; iou: 0.441 ; accuracy: 0.996 ; precision: 0.935 ; recall: 0.461 ; loss: 0.471
2019-01-12 16:15:01,593:INFO: Epoch 23/45
2019-01-12 16:15:12,781:INFO: - Train metrics: dsc: 0.685 ; iou: 0.596 ; accuracy: 0.996 ; precision: 0.749 ; recall: 0.741 ; loss: 0.321
2019-01-12 16:15:13,916:INFO: - Eval metrics : dsc: 0.552 ; iou: 0.455 ; accuracy: 0.996 ; precision: 0.942 ; recall: 0.476 ; loss: 0.463
2019-01-12 16:15:13,943:INFO: Epoch 24/45
2019-01-12 16:15:25,232:INFO: - Train metrics: dsc: 0.703 ; iou: 0.615 ; accuracy: 0.997 ; precision: 0.759 ; recall: 0.748 ; loss: 0.304
2019-01-12 16:15:26,327:INFO: - Eval metrics : dsc: 0.662 ; iou: 0.564 ; accuracy: 0.997 ; precision: 0.911 ; recall: 0.608 ; loss: 0.341
2019-01-12 16:15:26,350:INFO: - Found new best DSC
2019-01-12 16:15:26,350:INFO: Epoch 25/45
2019-01-12 16:15:37,562:INFO: - Train metrics: dsc: 0.701 ; iou: 0.614 ; accuracy: 0.997 ; precision: 0.781 ; recall: 0.742 ; loss: 0.304
2019-01-12 16:15:38,748:INFO: - Eval metrics : dsc: 0.695 ; iou: 0.599 ; accuracy: 0.997 ; precision: 0.815 ; recall: 0.676 ; loss: 0.309
2019-01-12 16:15:38,779:INFO: - Found new best DSC
2019-01-12 16:15:38,779:INFO: Epoch 26/45
2019-01-12 16:15:50,043:INFO: - Train metrics: dsc: 0.720 ; iou: 0.632 ; accuracy: 0.997 ; precision: 0.788 ; recall: 0.761 ; loss: 0.284
2019-01-12 16:15:51,212:INFO: - Eval metrics : dsc: 0.500 ; iou: 0.405 ; accuracy: 0.996 ; precision: 0.915 ; recall: 0.432 ; loss: 0.505
2019-01-12 16:15:51,242:INFO: Epoch 27/45
2019-01-12 16:16:02,412:INFO: - Train metrics: dsc: 0.723 ; iou: 0.638 ; accuracy: 0.997 ; precision: 0.790 ; recall: 0.754 ; loss: 0.283
2019-01-12 16:16:03,557:INFO: - Eval metrics : dsc: 0.433 ; iou: 0.348 ; accuracy: 0.995 ; precision: 0.945 ; recall: 0.365 ; loss: 0.567
2019-01-12 16:16:03,584:INFO: Epoch 28/45
2019-01-12 16:16:14,799:INFO: - Train metrics: dsc: 0.710 ; iou: 0.626 ; accuracy: 0.997 ; precision: 0.789 ; recall: 0.745 ; loss: 0.295
2019-01-12 16:16:15,905:INFO: - Eval metrics : dsc: 0.461 ; iou: 0.368 ; accuracy: 0.995 ; precision: 0.981 ; recall: 0.377 ; loss: 0.541
2019-01-12 16:16:15,925:INFO: Epoch 29/45
2019-01-12 16:16:27,156:INFO: - Train metrics: dsc: 0.697 ; iou: 0.613 ; accuracy: 0.997 ; precision: 0.799 ; recall: 0.731 ; loss: 0.303
2019-01-12 16:16:28,247:INFO: - Eval metrics : dsc: 0.296 ; iou: 0.225 ; accuracy: 0.994 ; precision: 0.996 ; recall: 0.225 ; loss: 0.703
2019-01-12 16:16:28,265:INFO: Epoch 30/45
2019-01-12 16:16:39,481:INFO: - Train metrics: dsc: 0.732 ; iou: 0.649 ; accuracy: 0.997 ; precision: 0.808 ; recall: 0.763 ; loss: 0.266
2019-01-12 16:16:40,625:INFO: - Eval metrics : dsc: 0.538 ; iou: 0.413 ; accuracy: 0.992 ; precision: 0.518 ; recall: 0.656 ; loss: 0.479
2019-01-12 16:16:40,655:INFO: Epoch 31/45
2019-01-12 16:16:51,789:INFO: - Train metrics: dsc: 0.717 ; iou: 0.634 ; accuracy: 0.997 ; precision: 0.817 ; recall: 0.746 ; loss: 0.276
2019-01-12 16:16:52,908:INFO: - Eval metrics : dsc: 0.506 ; iou: 0.406 ; accuracy: 0.996 ; precision: 0.956 ; recall: 0.422 ; loss: 0.491
2019-01-12 16:16:52,936:INFO: Epoch 32/45
2019-01-12 16:17:04,275:INFO: - Train metrics: dsc: 0.717 ; iou: 0.632 ; accuracy: 0.997 ; precision: 0.801 ; recall: 0.753 ; loss: 0.274
2019-01-12 16:17:05,366:INFO: - Eval metrics : dsc: 0.562 ; iou: 0.462 ; accuracy: 0.996 ; precision: 0.921 ; recall: 0.490 ; loss: 0.437
2019-01-12 16:17:05,393:INFO: Epoch 33/45
2019-01-12 16:17:16,542:INFO: - Train metrics: dsc: 0.725 ; iou: 0.641 ; accuracy: 0.997 ; precision: 0.809 ; recall: 0.754 ; loss: 0.263
2019-01-12 16:17:17,660:INFO: - Eval metrics : dsc: 0.553 ; iou: 0.445 ; accuracy: 0.996 ; precision: 0.955 ; recall: 0.457 ; loss: 0.447
2019-01-12 16:17:17,688:INFO: Epoch 34/45
2019-01-12 16:17:28,830:INFO: - Train metrics: dsc: 0.716 ; iou: 0.632 ; accuracy: 0.997 ; precision: 0.803 ; recall: 0.749 ; loss: 0.271
2019-01-12 16:17:29,915:INFO: - Eval metrics : dsc: 0.516 ; iou: 0.415 ; accuracy: 0.996 ; precision: 0.968 ; recall: 0.427 ; loss: 0.478
2019-01-12 16:17:29,947:INFO: Epoch 35/45
2019-01-12 16:17:41,218:INFO: - Train metrics: dsc: 0.735 ; iou: 0.652 ; accuracy: 0.997 ; precision: 0.835 ; recall: 0.754 ; loss: 0.251
2019-01-12 16:17:42,302:INFO: - Eval metrics : dsc: 0.588 ; iou: 0.490 ; accuracy: 0.996 ; precision: 0.957 ; recall: 0.507 ; loss: 0.404
2019-01-12 16:17:42,330:INFO: Epoch 36/45
2019-01-12 16:17:53,504:INFO: - Train metrics: dsc: 0.715 ; iou: 0.630 ; accuracy: 0.997 ; precision: 0.824 ; recall: 0.744 ; loss: 0.272
2019-01-12 16:17:54,590:INFO: - Eval metrics : dsc: 0.663 ; iou: 0.560 ; accuracy: 0.997 ; precision: 0.947 ; recall: 0.591 ; loss: 0.325
2019-01-12 16:17:54,618:INFO: Epoch 37/45
2019-01-12 16:18:05,934:INFO: - Train metrics: dsc: 0.729 ; iou: 0.647 ; accuracy: 0.997 ; precision: 0.820 ; recall: 0.766 ; loss: 0.258
2019-01-12 16:18:07,058:INFO: - Eval metrics : dsc: 0.653 ; iou: 0.557 ; accuracy: 0.997 ; precision: 0.944 ; recall: 0.590 ; loss: 0.334
2019-01-12 16:18:07,088:INFO: Epoch 38/45
2019-01-12 16:18:18,304:INFO: - Train metrics: dsc: 0.733 ; iou: 0.651 ; accuracy: 0.997 ; precision: 0.830 ; recall: 0.759 ; loss: 0.250
2019-01-12 16:18:19,423:INFO: - Eval metrics : dsc: 0.573 ; iou: 0.479 ; accuracy: 0.996 ; precision: 0.950 ; recall: 0.504 ; loss: 0.412
2019-01-12 16:18:19,444:INFO: Epoch 39/45
2019-01-12 16:18:30,703:INFO: - Train metrics: dsc: 0.734 ; iou: 0.647 ; accuracy: 0.997 ; precision: 0.816 ; recall: 0.760 ; loss: 0.253
2019-01-12 16:18:31,839:INFO: - Eval metrics : dsc: 0.504 ; iou: 0.410 ; accuracy: 0.996 ; precision: 0.960 ; recall: 0.423 ; loss: 0.475
2019-01-12 16:18:31,869:INFO: Epoch 40/45
2019-01-12 16:18:43,217:INFO: - Train metrics: dsc: 0.729 ; iou: 0.649 ; accuracy: 0.997 ; precision: 0.840 ; recall: 0.748 ; loss: 0.253
2019-01-12 16:18:44,352:INFO: - Eval metrics : dsc: 0.591 ; iou: 0.500 ; accuracy: 0.996 ; precision: 0.904 ; recall: 0.537 ; loss: 0.397
2019-01-12 16:18:44,382:INFO: Epoch 41/45
2019-01-12 16:18:55,740:INFO: - Train metrics: dsc: 0.729 ; iou: 0.647 ; accuracy: 0.997 ; precision: 0.834 ; recall: 0.751 ; loss: 0.253
2019-01-12 16:18:56,861:INFO: - Eval metrics : dsc: 0.644 ; iou: 0.550 ; accuracy: 0.997 ; precision: 0.916 ; recall: 0.588 ; loss: 0.347
2019-01-12 16:18:56,885:INFO: Epoch 42/45
2019-01-12 16:19:08,261:INFO: - Train metrics: dsc: 0.732 ; iou: 0.649 ; accuracy: 0.997 ; precision: 0.823 ; recall: 0.762 ; loss: 0.251
2019-01-12 16:19:09,356:INFO: - Eval metrics : dsc: 0.703 ; iou: 0.610 ; accuracy: 0.997 ; precision: 0.933 ; recall: 0.646 ; loss: 0.293
2019-01-12 16:19:09,386:INFO: - Found new best DSC
2019-01-12 16:19:09,386:INFO: Epoch 43/45
2019-01-12 16:19:20,564:INFO: - Train metrics: dsc: 0.747 ; iou: 0.664 ; accuracy: 0.998 ; precision: 0.845 ; recall: 0.765 ; loss: 0.232
2019-01-12 16:19:21,695:INFO: - Eval metrics : dsc: 0.641 ; iou: 0.544 ; accuracy: 0.997 ; precision: 0.909 ; recall: 0.589 ; loss: 0.355
2019-01-12 16:19:21,719:INFO: Epoch 44/45
2019-01-12 16:19:33,189:INFO: - Train metrics: dsc: 0.724 ; iou: 0.641 ; accuracy: 0.997 ; precision: 0.848 ; recall: 0.741 ; loss: 0.252
2019-01-12 16:19:34,300:INFO: - Eval metrics : dsc: 0.658 ; iou: 0.565 ; accuracy: 0.997 ; precision: 0.958 ; recall: 0.581 ; loss: 0.323
2019-01-12 16:19:34,320:INFO: Epoch 45/45
2019-01-12 16:19:45,657:INFO: - Train metrics: dsc: 0.738 ; iou: 0.657 ; accuracy: 0.997 ; precision: 0.823 ; recall: 0.770 ; loss: 0.241
2019-01-12 16:19:46,769:INFO: - Eval metrics : dsc: 0.642 ; iou: 0.548 ; accuracy: 0.997 ; precision: 0.964 ; recall: 0.567 ; loss: 0.342
2019-01-12 16:19:46,873:INFO: Loading the datasets...
2019-01-12 16:19:51,255:INFO: - done.
2019-01-12 16:19:51,255:INFO: For k-fold 4/5:
2019-01-12 16:19:51,255:INFO: Starting training for 45 epoch(s)
2019-01-12 16:19:51,255:INFO: Epoch 1/45
2019-01-12 16:20:02,488:INFO: - Train metrics: dsc: 0.067 ; iou: 0.037 ; accuracy: 0.810 ; precision: 0.044 ; recall: 0.782 ; loss: 0.972
2019-01-12 16:20:03,635:INFO: - Eval metrics : dsc: 0.108 ; iou: 0.059 ; accuracy: 0.894 ; precision: 0.061 ; recall: 0.666 ; loss: 0.959
2019-01-12 16:20:03,665:INFO: - Found new best DSC
2019-01-12 16:20:03,666:INFO: Epoch 2/45
2019-01-12 16:20:14,960:INFO: - Train metrics: dsc: 0.076 ; iou: 0.041 ; accuracy: 0.819 ; precision: 0.055 ; recall: 0.848 ; loss: 0.962
2019-01-12 16:20:16,063:INFO: - Eval metrics : dsc: 0.120 ; iou: 0.067 ; accuracy: 0.913 ; precision: 0.070 ; recall: 0.601 ; loss: 0.949
2019-01-12 16:20:16,087:INFO: - Found new best DSC
2019-01-12 16:20:16,087:INFO: Epoch 3/45
2019-01-12 16:20:27,559:INFO: - Train metrics: dsc: 0.090 ; iou: 0.048 ; accuracy: 0.849 ; precision: 0.060 ; recall: 0.823 ; loss: 0.954
2019-01-12 16:20:28,708:INFO: - Eval metrics : dsc: 0.140 ; iou: 0.081 ; accuracy: 0.972 ; precision: 0.107 ; recall: 0.287 ; loss: 0.951
2019-01-12 16:20:28,737:INFO: - Found new best DSC
2019-01-12 16:20:28,737:INFO: Epoch 4/45
2019-01-12 16:20:39,981:INFO: - Train metrics: dsc: 0.123 ; iou: 0.068 ; accuracy: 0.897 ; precision: 0.093 ; recall: 0.763 ; loss: 0.942
2019-01-12 16:20:41,067:INFO: - Eval metrics : dsc: 0.020 ; iou: 0.015 ; accuracy: 0.991 ; precision: 0.444 ; recall: 0.025 ; loss: 0.963
2019-01-12 16:20:41,094:INFO: Epoch 5/45
2019-01-12 16:20:52,420:INFO: - Train metrics: dsc: 0.193 ; iou: 0.117 ; accuracy: 0.941 ; precision: 0.149 ; recall: 0.717 ; loss: 0.914
2019-01-12 16:20:53,560:INFO: - Eval metrics : dsc: 0.060 ; iou: 0.036 ; accuracy: 0.990 ; precision: 0.207 ; recall: 0.064 ; loss: 0.960
2019-01-12 16:20:53,582:INFO: Epoch 6/45
2019-01-12 16:21:04,952:INFO: - Train metrics: dsc: 0.310 ; iou: 0.212 ; accuracy: 0.971 ; precision: 0.276 ; recall: 0.680 ; loss: 0.848
2019-01-12 16:21:06,049:INFO: - Eval metrics : dsc: 0.161 ; iou: 0.094 ; accuracy: 0.949 ; precision: 0.107 ; recall: 0.477 ; loss: 0.932
2019-01-12 16:21:06,072:INFO: - Found new best DSC
2019-01-12 16:21:06,072:INFO: Epoch 7/45
2019-01-12 16:21:17,298:INFO: - Train metrics: dsc: 0.420 ; iou: 0.317 ; accuracy: 0.985 ; precision: 0.425 ; recall: 0.651 ; loss: 0.747
2019-01-12 16:21:18,387:INFO: - Eval metrics : dsc: 0.453 ; iou: 0.352 ; accuracy: 0.990 ; precision: 0.442 ; recall: 0.563 ; loss: 0.790
2019-01-12 16:21:18,410:INFO: - Found new best DSC
2019-01-12 16:21:18,410:INFO: Epoch 8/45
2019-01-12 16:21:29,699:INFO: - Train metrics: dsc: 0.531 ; iou: 0.429 ; accuracy: 0.992 ; precision: 0.563 ; recall: 0.675 ; loss: 0.619
2019-01-12 16:21:30,788:INFO: - Eval metrics : dsc: 0.235 ; iou: 0.187 ; accuracy: 0.994 ; precision: 0.939 ; recall: 0.194 ; loss: 0.866
2019-01-12 16:21:30,810:INFO: Epoch 9/45
2019-01-12 16:21:42,034:INFO: - Train metrics: dsc: 0.572 ; iou: 0.474 ; accuracy: 0.993 ; precision: 0.622 ; recall: 0.679 ; loss: 0.533
2019-01-12 16:21:43,130:INFO: - Eval metrics : dsc: 0.446 ; iou: 0.363 ; accuracy: 0.995 ; precision: 0.751 ; recall: 0.397 ; loss: 0.686
2019-01-12 16:21:43,160:INFO: Epoch 10/45
2019-01-12 16:21:54,512:INFO: - Train metrics: dsc: 0.609 ; iou: 0.514 ; accuracy: 0.995 ; precision: 0.658 ; recall: 0.697 ; loss: 0.466
2019-01-12 16:21:55,607:INFO: - Eval metrics : dsc: 0.162 ; iou: 0.127 ; accuracy: 0.993 ; precision: 0.954 ; recall: 0.131 ; loss: 0.858
2019-01-12 16:21:55,628:INFO: Epoch 11/45
2019-01-12 16:22:06,863:INFO: - Train metrics: dsc: 0.627 ; iou: 0.533 ; accuracy: 0.995 ; precision: 0.677 ; recall: 0.698 ; loss: 0.430
2019-01-12 16:22:07,957:INFO: - Eval metrics : dsc: 0.470 ; iou: 0.394 ; accuracy: 0.995 ; precision: 0.816 ; recall: 0.430 ; loss: 0.586
2019-01-12 16:22:07,987:INFO: - Found new best DSC
2019-01-12 16:22:07,987:INFO: Epoch 12/45
2019-01-12 16:22:19,270:INFO: - Train metrics: dsc: 0.653 ; iou: 0.558 ; accuracy: 0.996 ; precision: 0.704 ; recall: 0.723 ; loss: 0.390
2019-01-12 16:22:20,368:INFO: - Eval metrics : dsc: 0.151 ; iou: 0.111 ; accuracy: 0.993 ; precision: 0.998 ; recall: 0.111 ; loss: 0.861
2019-01-12 16:22:20,389:INFO: Epoch 13/45
2019-01-12 16:22:31,627:INFO: - Train metrics: dsc: 0.649 ; iou: 0.558 ; accuracy: 0.996 ; precision: 0.729 ; recall: 0.707 ; loss: 0.384
2019-01-12 16:22:32,754:INFO: - Eval metrics : dsc: 0.489 ; iou: 0.399 ; accuracy: 0.996 ; precision: 0.913 ; recall: 0.409 ; loss: 0.551
2019-01-12 16:22:32,777:INFO: - Found new best DSC
2019-01-12 16:22:32,777:INFO: Epoch 14/45
2019-01-12 16:22:44,079:INFO: - Train metrics: dsc: 0.658 ; iou: 0.568 ; accuracy: 0.996 ; precision: 0.727 ; recall: 0.719 ; loss: 0.367
2019-01-12 16:22:45,204:INFO: - Eval metrics : dsc: 0.427 ; iou: 0.338 ; accuracy: 0.995 ; precision: 0.862 ; recall: 0.354 ; loss: 0.597
2019-01-12 16:22:45,225:INFO: Epoch 15/45
2019-01-12 16:22:56,443:INFO: - Train metrics: dsc: 0.669 ; iou: 0.578 ; accuracy: 0.996 ; precision: 0.730 ; recall: 0.729 ; loss: 0.355
2019-01-12 16:22:57,572:INFO: - Eval metrics : dsc: 0.476 ; iou: 0.385 ; accuracy: 0.995 ; precision: 0.805 ; recall: 0.418 ; loss: 0.539
2019-01-12 16:22:57,618:INFO: Epoch 16/45
2019-01-12 16:23:08,926:INFO: - Train metrics: dsc: 0.696 ; iou: 0.605 ; accuracy: 0.996 ; precision: 0.751 ; recall: 0.746 ; loss: 0.324
2019-01-12 16:23:10,080:INFO: - Eval metrics : dsc: 0.377 ; iou: 0.292 ; accuracy: 0.995 ; precision: 0.822 ; recall: 0.313 ; loss: 0.633
2019-01-12 16:23:10,104:INFO: Epoch 17/45
2019-01-12 16:23:21,691:INFO: - Train metrics: dsc: 0.702 ; iou: 0.615 ; accuracy: 0.997 ; precision: 0.761 ; recall: 0.748 ; loss: 0.318
2019-01-12 16:23:22,831:INFO: - Eval metrics : dsc: 0.606 ; iou: 0.507 ; accuracy: 0.996 ; precision: 0.839 ; recall: 0.547 ; loss: 0.407
2019-01-12 16:23:22,861:INFO: - Found new best DSC
2019-01-12 16:23:22,861:INFO: Epoch 18/45
2019-01-12 16:23:34,135:INFO: - Train metrics: dsc: 0.712 ; iou: 0.626 ; accuracy: 0.997 ; precision: 0.775 ; recall: 0.756 ; loss: 0.304
2019-01-12 16:23:35,303:INFO: - Eval metrics : dsc: 0.668 ; iou: 0.572 ; accuracy: 0.997 ; precision: 0.808 ; recall: 0.628 ; loss: 0.347
2019-01-12 16:23:35,336:INFO: - Found new best DSC
2019-01-12 16:23:35,336:INFO: Epoch 19/45
2019-01-12 16:23:46,953:INFO: - Train metrics: dsc: 0.716 ; iou: 0.630 ; accuracy: 0.997 ; precision: 0.772 ; recall: 0.757 ; loss: 0.301
2019-01-12 16:23:48,047:INFO: - Eval metrics : dsc: 0.667 ; iou: 0.581 ; accuracy: 0.997 ; precision: 0.894 ; recall: 0.623 ; loss: 0.338
2019-01-12 16:23:48,077:INFO: Epoch 20/45
2019-01-12 16:23:59,391:INFO: - Train metrics: dsc: 0.718 ; iou: 0.630 ; accuracy: 0.997 ; precision: 0.772 ; recall: 0.762 ; loss: 0.295
2019-01-12 16:24:00,552:INFO: - Eval metrics : dsc: 0.717 ; iou: 0.631 ; accuracy: 0.998 ; precision: 0.882 ; recall: 0.687 ; loss: 0.287
2019-01-12 16:24:00,588:INFO: - Found new best DSC
2019-01-12 16:24:00,588:INFO: Epoch 21/45
2019-01-12 16:24:12,154:INFO: - Train metrics: dsc: 0.719 ; iou: 0.634 ; accuracy: 0.997 ; precision: 0.781 ; recall: 0.762 ; loss: 0.290
2019-01-12 16:24:13,274:INFO: - Eval metrics : dsc: 0.719 ; iou: 0.637 ; accuracy: 0.998 ; precision: 0.884 ; recall: 0.694 ; loss: 0.284
2019-01-12 16:24:13,316:INFO: - Found new best DSC
2019-01-12 16:24:13,316:INFO: Epoch 22/45
2019-01-12 16:24:24,656:INFO: - Train metrics: dsc: 0.720 ; iou: 0.636 ; accuracy: 0.997 ; precision: 0.789 ; recall: 0.766 ; loss: 0.289
2019-01-12 16:24:25,796:INFO: - Eval metrics : dsc: 0.721 ; iou: 0.631 ; accuracy: 0.997 ; precision: 0.817 ; recall: 0.721 ; loss: 0.285
2019-01-12 16:24:25,828:INFO: - Found new best DSC
2019-01-12 16:24:25,828:INFO: Epoch 23/45
2019-01-12 16:24:37,135:INFO: - Train metrics: dsc: 0.722 ; iou: 0.636 ; accuracy: 0.997 ; precision: 0.794 ; recall: 0.759 ; loss: 0.289
2019-01-12 16:24:38,267:INFO: - Eval metrics : dsc: 0.721 ; iou: 0.631 ; accuracy: 0.998 ; precision: 0.909 ; recall: 0.674 ; loss: 0.284
2019-01-12 16:24:38,297:INFO: - Found new best DSC
2019-01-12 16:24:38,298:INFO: Epoch 24/45
2019-01-12 16:24:49,801:INFO: - Train metrics: dsc: 0.727 ; iou: 0.642 ; accuracy: 0.997 ; precision: 0.795 ; recall: 0.769 ; loss: 0.280
2019-01-12 16:24:50,907:INFO: - Eval metrics : dsc: 0.719 ; iou: 0.634 ; accuracy: 0.998 ; precision: 0.919 ; recall: 0.680 ; loss: 0.281
2019-01-12 16:24:50,937:INFO: Epoch 25/45
2019-01-12 16:25:02,087:INFO: - Train metrics: dsc: 0.738 ; iou: 0.654 ; accuracy: 0.997 ; precision: 0.816 ; recall: 0.772 ; loss: 0.267
2019-01-12 16:25:03,256:INFO: - Eval metrics : dsc: 0.691 ; iou: 0.602 ; accuracy: 0.997 ; precision: 0.931 ; recall: 0.640 ; loss: 0.307
2019-01-12 16:25:03,277:INFO: Epoch 26/45
2019-01-12 16:25:14,824:INFO: - Train metrics: dsc: 0.750 ; iou: 0.666 ; accuracy: 0.997 ; precision: 0.811 ; recall: 0.786 ; loss: 0.252
2019-01-12 16:25:15,994:INFO: - Eval metrics : dsc: 0.732 ; iou: 0.647 ; accuracy: 0.998 ; precision: 0.890 ; recall: 0.699 ; loss: 0.266
2019-01-12 16:25:16,028:INFO: - Found new best DSC
2019-01-12 16:25:16,028:INFO: Epoch 27/45
2019-01-12 16:25:27,335:INFO: - Train metrics: dsc: 0.746 ; iou: 0.663 ; accuracy: 0.997 ; precision: 0.816 ; recall: 0.780 ; loss: 0.255
2019-01-12 16:25:28,486:INFO: - Eval metrics : dsc: 0.694 ; iou: 0.609 ; accuracy: 0.997 ; precision: 0.889 ; recall: 0.657 ; loss: 0.305
2019-01-12 16:25:28,514:INFO: Epoch 28/45
2019-01-12 16:25:39,847:INFO: - Train metrics: dsc: 0.738 ; iou: 0.655 ; accuracy: 0.997 ; precision: 0.799 ; recall: 0.771 ; loss: 0.259
2019-01-12 16:25:40,976:INFO: - Eval metrics : dsc: 0.675 ; iou: 0.583 ; accuracy: 0.997 ; precision: 0.918 ; recall: 0.621 ; loss: 0.322
2019-01-12 16:25:41,006:INFO: Epoch 29/45
2019-01-12 16:25:52,255:INFO: - Train metrics: dsc: 0.724 ; iou: 0.639 ; accuracy: 0.997 ; precision: 0.819 ; recall: 0.757 ; loss: 0.276
2019-01-12 16:25:53,405:INFO: - Eval metrics : dsc: 0.571 ; iou: 0.476 ; accuracy: 0.996 ; precision: 0.965 ; recall: 0.487 ; loss: 0.432
2019-01-12 16:25:53,427:INFO: Epoch 30/45
2019-01-12 16:26:04,874:INFO: - Train metrics: dsc: 0.750 ; iou: 0.669 ; accuracy: 0.997 ; precision: 0.828 ; recall: 0.778 ; loss: 0.246
2019-01-12 16:26:06,016:INFO: - Eval metrics : dsc: 0.737 ; iou: 0.653 ; accuracy: 0.998 ; precision: 0.883 ; recall: 0.708 ; loss: 0.260
2019-01-12 16:26:06,039:INFO: - Found new best DSC
2019-01-12 16:26:06,039:INFO: Epoch 31/45
2019-01-12 16:26:17,335:INFO: - Train metrics: dsc: 0.733 ; iou: 0.654 ; accuracy: 0.997 ; precision: 0.824 ; recall: 0.766 ; loss: 0.259
2019-01-12 16:26:18,437:INFO: - Eval metrics : dsc: 0.688 ; iou: 0.602 ; accuracy: 0.997 ; precision: 0.925 ; recall: 0.644 ; loss: 0.308
2019-01-12 16:26:18,458:INFO: Epoch 32/45
2019-01-12 16:26:29,797:INFO: - Train metrics: dsc: 0.729 ; iou: 0.649 ; accuracy: 0.997 ; precision: 0.836 ; recall: 0.754 ; loss: 0.258
2019-01-12 16:26:30,903:INFO: - Eval metrics : dsc: 0.619 ; iou: 0.533 ; accuracy: 0.997 ; precision: 0.969 ; recall: 0.550 ; loss: 0.368
2019-01-12 16:26:30,936:INFO: Epoch 33/45
2019-01-12 16:26:42,231:INFO: - Train metrics: dsc: 0.723 ; iou: 0.641 ; accuracy: 0.997 ; precision: 0.835 ; recall: 0.746 ; loss: 0.266
2019-01-12 16:26:43,360:INFO: - Eval metrics : dsc: 0.707 ; iou: 0.622 ; accuracy: 0.998 ; precision: 0.909 ; recall: 0.666 ; loss: 0.288
2019-01-12 16:26:43,384:INFO: Epoch 34/45
2019-01-12 16:26:54,753:INFO: - Train metrics: dsc: 0.750 ; iou: 0.667 ; accuracy: 0.997 ; precision: 0.831 ; recall: 0.775 ; loss: 0.232
2019-01-12 16:26:55,896:INFO: - Eval metrics : dsc: 0.646 ; iou: 0.559 ; accuracy: 0.997 ; precision: 0.956 ; recall: 0.586 ; loss: 0.349
2019-01-12 16:26:55,917:INFO: Epoch 35/45
2019-01-12 16:27:07,482:INFO: - Train metrics: dsc: 0.714 ; iou: 0.627 ; accuracy: 0.997 ; precision: 0.819 ; recall: 0.739 ; loss: 0.274
2019-01-12 16:27:08,582:INFO: - Eval metrics : dsc: 0.721 ; iou: 0.627 ; accuracy: 0.998 ; precision: 0.902 ; recall: 0.669 ; loss: 0.275
2019-01-12 16:27:08,611:INFO: Epoch 36/45
2019-01-12 16:27:20,115:INFO: - Train metrics: dsc: 0.740 ; iou: 0.659 ; accuracy: 0.997 ; precision: 0.829 ; recall: 0.770 ; loss: 0.241
2019-01-12 16:27:21,205:INFO: - Eval metrics : dsc: 0.768 ; iou: 0.689 ; accuracy: 0.998 ; precision: 0.889 ; recall: 0.751 ; loss: 0.228
2019-01-12 16:27:21,234:INFO: - Found new best DSC
2019-01-12 16:27:21,234:INFO: Epoch 37/45
2019-01-12 16:27:32,638:INFO: - Train metrics: dsc: 0.738 ; iou: 0.655 ; accuracy: 0.997 ; precision: 0.843 ; recall: 0.752 ; loss: 0.241
2019-01-12 16:27:33,727:INFO: - Eval metrics : dsc: 0.760 ; iou: 0.678 ; accuracy: 0.998 ; precision: 0.891 ; recall: 0.745 ; loss: 0.235
2019-01-12 16:27:33,765:INFO: Epoch 38/45
2019-01-12 16:27:45,062:INFO: - Train metrics: dsc: 0.747 ; iou: 0.667 ; accuracy: 0.997 ; precision: 0.839 ; recall: 0.769 ; loss: 0.236
2019-01-12 16:27:46,198:INFO: - Eval metrics : dsc: 0.737 ; iou: 0.649 ; accuracy: 0.998 ; precision: 0.916 ; recall: 0.689 ; loss: 0.260
2019-01-12 16:27:46,219:INFO: Epoch 39/45
2019-01-12 16:27:57,672:INFO: - Train metrics: dsc: 0.748 ; iou: 0.667 ; accuracy: 0.997 ; precision: 0.847 ; recall: 0.767 ; loss: 0.231
2019-01-12 16:27:58,774:INFO: - Eval metrics : dsc: 0.712 ; iou: 0.624 ; accuracy: 0.998 ; precision: 0.935 ; recall: 0.661 ; loss: 0.282
2019-01-12 16:27:58,803:INFO: Epoch 40/45
2019-01-12 16:28:10,173:INFO: - Train metrics: dsc: 0.759 ; iou: 0.680 ; accuracy: 0.998 ; precision: 0.850 ; recall: 0.776 ; loss: 0.215
2019-01-12 16:28:11,270:INFO: - Eval metrics : dsc: 0.731 ; iou: 0.643 ; accuracy: 0.998 ; precision: 0.928 ; recall: 0.682 ; loss: 0.263
2019-01-12 16:28:11,291:INFO: Epoch 41/45
2019-01-12 16:28:22,817:INFO: - Train metrics: dsc: 0.758 ; iou: 0.678 ; accuracy: 0.998 ; precision: 0.846 ; recall: 0.785 ; loss: 0.220
2019-01-12 16:28:23,979:INFO: - Eval metrics : dsc: 0.766 ; iou: 0.687 ; accuracy: 0.998 ; precision: 0.905 ; recall: 0.743 ; loss: 0.229
2019-01-12 16:28:23,999:INFO: Epoch 42/45
2019-01-12 16:28:35,304:INFO: - Train metrics: dsc: 0.739 ; iou: 0.657 ; accuracy: 0.997 ; precision: 0.844 ; recall: 0.763 ; loss: 0.239
2019-01-12 16:28:36,438:INFO: - Eval metrics : dsc: 0.762 ; iou: 0.683 ; accuracy: 0.998 ; precision: 0.886 ; recall: 0.752 ; loss: 0.235
2019-01-12 16:28:36,459:INFO: Epoch 43/45
2019-01-12 16:28:47,936:INFO: - Train metrics: dsc: 0.765 ; iou: 0.684 ; accuracy: 0.998 ; precision: 0.831 ; recall: 0.801 ; loss: 0.218
2019-01-12 16:28:49,042:INFO: - Eval metrics : dsc: 0.766 ; iou: 0.687 ; accuracy: 0.998 ; precision: 0.867 ; recall: 0.762 ; loss: 0.233
2019-01-12 16:28:49,069:INFO: Epoch 44/45
2019-01-12 16:29:00,361:INFO: - Train metrics: dsc: 0.763 ; iou: 0.683 ; accuracy: 0.998 ; precision: 0.843 ; recall: 0.789 ; loss: 0.214
2019-01-12 16:29:01,505:INFO: - Eval metrics : dsc: 0.729 ; iou: 0.639 ; accuracy: 0.998 ; precision: 0.931 ; recall: 0.677 ; loss: 0.265
2019-01-12 16:29:01,535:INFO: Epoch 45/45
2019-01-12 16:29:12,686:INFO: - Train metrics: dsc: 0.747 ; iou: 0.666 ; accuracy: 0.997 ; precision: 0.849 ; recall: 0.771 ; loss: 0.233
2019-01-12 16:29:13,830:INFO: - Eval metrics : dsc: 0.761 ; iou: 0.681 ; accuracy: 0.998 ; precision: 0.873 ; recall: 0.753 ; loss: 0.238
2019-01-12 16:29:13,943:INFO: Loading the datasets...
2019-01-12 16:29:18,330:INFO: - done.
2019-01-12 16:29:18,330:INFO: For k-fold 5/5:
2019-01-12 16:29:18,330:INFO: Starting training for 45 epoch(s)
2019-01-12 16:29:18,330:INFO: Epoch 1/45
2019-01-12 16:29:29,510:INFO: - Train metrics: dsc: 0.068 ; iou: 0.037 ; accuracy: 0.818 ; precision: 0.044 ; recall: 0.775 ; loss: 0.971
2019-01-12 16:29:30,628:INFO: - Eval metrics : dsc: 0.119 ; iou: 0.066 ; accuracy: 0.911 ; precision: 0.068 ; recall: 0.625 ; loss: 0.960
2019-01-12 16:29:30,665:INFO: - Found new best DSC
2019-01-12 16:29:30,665:INFO: Epoch 2/45
2019-01-12 16:29:41,901:INFO: - Train metrics: dsc: 0.080 ; iou: 0.043 ; accuracy: 0.829 ; precision: 0.059 ; recall: 0.834 ; loss: 0.962
2019-01-12 16:29:42,991:INFO: - Eval metrics : dsc: 0.115 ; iou: 0.063 ; accuracy: 0.904 ; precision: 0.065 ; recall: 0.644 ; loss: 0.953
2019-01-12 16:29:43,023:INFO: Epoch 3/45
2019-01-12 16:29:54,273:INFO: - Train metrics: dsc: 0.093 ; iou: 0.050 ; accuracy: 0.856 ; precision: 0.063 ; recall: 0.798 ; loss: 0.952
2019-01-12 16:29:55,367:INFO: - Eval metrics : dsc: 0.148 ; iou: 0.085 ; accuracy: 0.960 ; precision: 0.102 ; recall: 0.393 ; loss: 0.948
2019-01-12 16:29:55,393:INFO: - Found new best DSC
2019-01-12 16:29:55,393:INFO: Epoch 4/45
2019-01-12 16:30:06,627:INFO: - Train metrics: dsc: 0.136 ; iou: 0.077 ; accuracy: 0.907 ; precision: 0.104 ; recall: 0.741 ; loss: 0.937
2019-01-12 16:30:07,737:INFO: - Eval metrics : dsc: 0.059 ; iou: 0.032 ; accuracy: 0.987 ; precision: 0.099 ; recall: 0.089 ; loss: 0.955
2019-01-12 16:30:07,758:INFO: Epoch 5/45
2019-01-12 16:30:19,061:INFO: - Train metrics: dsc: 0.226 ; iou: 0.143 ; accuracy: 0.949 ; precision: 0.179 ; recall: 0.699 ; loss: 0.899
2019-01-12 16:30:20,160:INFO: - Eval metrics : dsc: 0.160 ; iou: 0.096 ; accuracy: 0.976 ; precision: 0.139 ; recall: 0.281 ; loss: 0.955
2019-01-12 16:30:20,209:INFO: - Found new best DSC
2019-01-12 16:30:20,209:INFO: Epoch 6/45
2019-01-12 16:30:31,442:INFO: - Train metrics: dsc: 0.335 ; iou: 0.236 ; accuracy: 0.974 ; precision: 0.297 ; recall: 0.663 ; loss: 0.824
2019-01-12 16:30:32,518:INFO: - Eval metrics : dsc: 0.115 ; iou: 0.088 ; accuracy: 0.992 ; precision: 0.478 ; recall: 0.129 ; loss: 0.947
2019-01-12 16:30:32,546:INFO: Epoch 7/45
2019-01-12 16:30:43,751:INFO: - Train metrics: dsc: 0.441 ; iou: 0.338 ; accuracy: 0.986 ; precision: 0.435 ; recall: 0.653 ; loss: 0.724
2019-01-12 16:30:44,848:INFO: - Eval metrics : dsc: 0.352 ; iou: 0.291 ; accuracy: 0.995 ; precision: 0.808 ; recall: 0.334 ; loss: 0.841
2019-01-12 16:30:44,873:INFO: - Found new best DSC
2019-01-12 16:30:44,874:INFO: Epoch 8/45
2019-01-12 16:30:56,264:INFO: - Train metrics: dsc: 0.526 ; iou: 0.425 ; accuracy: 0.991 ; precision: 0.548 ; recall: 0.673 ; loss: 0.610
2019-01-12 16:30:57,361:INFO: - Eval metrics : dsc: 0.242 ; iou: 0.189 ; accuracy: 0.994 ; precision: 0.978 ; recall: 0.190 ; loss: 0.869
2019-01-12 16:30:57,383:INFO: Epoch 9/45
2019-01-12 16:31:08,682:INFO: - Train metrics: dsc: 0.563 ; iou: 0.466 ; accuracy: 0.993 ; precision: 0.611 ; recall: 0.672 ; loss: 0.533
2019-01-12 16:31:09,785:INFO: - Eval metrics : dsc: 0.548 ; iou: 0.474 ; accuracy: 0.996 ; precision: 0.862 ; recall: 0.526 ; loss: 0.590
2019-01-12 16:31:09,808:INFO: - Found new best DSC
2019-01-12 16:31:09,808:INFO: Epoch 10/45
2019-01-12 16:31:21,004:INFO: - Train metrics: dsc: 0.598 ; iou: 0.500 ; accuracy: 0.994 ; precision: 0.659 ; recall: 0.688 ; loss: 0.473
2019-01-12 16:31:22,091:INFO: - Eval metrics : dsc: 0.498 ; iou: 0.410 ; accuracy: 0.995 ; precision: 0.663 ; recall: 0.491 ; loss: 0.583
2019-01-12 16:31:22,112:INFO: Epoch 11/45
2019-01-12 16:31:33,529:INFO: - Train metrics: dsc: 0.635 ; iou: 0.540 ; accuracy: 0.995 ; precision: 0.693 ; recall: 0.702 ; loss: 0.420
2019-01-12 16:31:34,636:INFO: - Eval metrics : dsc: 0.609 ; iou: 0.516 ; accuracy: 0.996 ; precision: 0.734 ; recall: 0.634 ; loss: 0.458
2019-01-12 16:31:34,670:INFO: - Found new best DSC
2019-01-12 16:31:34,670:INFO: Epoch 12/45
2019-01-12 16:31:46,003:INFO: - Train metrics: dsc: 0.651 ; iou: 0.558 ; accuracy: 0.996 ; precision: 0.704 ; recall: 0.720 ; loss: 0.385
2019-01-12 16:31:47,060:INFO: - Eval metrics : dsc: 0.493 ; iou: 0.409 ; accuracy: 0.996 ; precision: 0.951 ; recall: 0.425 ; loss: 0.560
2019-01-12 16:31:47,081:INFO: Epoch 13/45
2019-01-12 16:31:58,288:INFO: - Train metrics: dsc: 0.656 ; iou: 0.565 ; accuracy: 0.996 ; precision: 0.720 ; recall: 0.715 ; loss: 0.374
2019-01-12 16:31:59,397:INFO: - Eval metrics : dsc: 0.562 ; iou: 0.458 ; accuracy: 0.995 ; precision: 0.574 ; recall: 0.625 ; loss: 0.496
2019-01-12 16:31:59,419:INFO: Epoch 14/45
2019-01-12 16:32:10,676:INFO: - Train metrics: dsc: 0.661 ; iou: 0.570 ; accuracy: 0.996 ; precision: 0.712 ; recall: 0.721 ; loss: 0.363
2019-01-12 16:32:11,775:INFO: - Eval metrics : dsc: 0.591 ; iou: 0.501 ; accuracy: 0.996 ; precision: 0.849 ; recall: 0.555 ; loss: 0.458
2019-01-12 16:32:11,806:INFO: Epoch 15/45
2019-01-12 16:32:23,066:INFO: - Train metrics: dsc: 0.674 ; iou: 0.582 ; accuracy: 0.996 ; precision: 0.734 ; recall: 0.728 ; loss: 0.347
2019-01-12 16:32:24,170:INFO: - Eval metrics : dsc: 0.698 ; iou: 0.613 ; accuracy: 0.997 ; precision: 0.863 ; recall: 0.678 ; loss: 0.337
2019-01-12 16:32:24,194:INFO: - Found new best DSC
2019-01-12 16:32:24,194:INFO: Epoch 16/45
2019-01-12 16:32:35,451:INFO: - Train metrics: dsc: 0.687 ; iou: 0.599 ; accuracy: 0.996 ; precision: 0.740 ; recall: 0.737 ; loss: 0.329
2019-01-12 16:32:36,570:INFO: - Eval metrics : dsc: 0.648 ; iou: 0.555 ; accuracy: 0.997 ; precision: 0.880 ; recall: 0.604 ; loss: 0.382
2019-01-12 16:32:36,590:INFO: Epoch 17/45
2019-01-12 16:32:47,807:INFO: - Train metrics: dsc: 0.704 ; iou: 0.616 ; accuracy: 0.997 ; precision: 0.755 ; recall: 0.751 ; loss: 0.315
2019-01-12 16:32:48,919:INFO: - Eval metrics : dsc: 0.651 ; iou: 0.559 ; accuracy: 0.997 ; precision: 0.974 ; recall: 0.575 ; loss: 0.383
2019-01-12 16:32:48,948:INFO: Epoch 18/45
2019-01-12 16:33:00,186:INFO: - Train metrics: dsc: 0.708 ; iou: 0.622 ; accuracy: 0.997 ; precision: 0.762 ; recall: 0.747 ; loss: 0.310
2019-01-12 16:33:01,284:INFO: - Eval metrics : dsc: 0.635 ; iou: 0.546 ; accuracy: 0.997 ; precision: 0.975 ; recall: 0.562 ; loss: 0.397
2019-01-12 16:33:01,305:INFO: Epoch 19/45
2019-01-12 16:33:12,623:INFO: - Train metrics: dsc: 0.706 ; iou: 0.619 ; accuracy: 0.997 ; precision: 0.776 ; recall: 0.747 ; loss: 0.310
2019-01-12 16:33:13,766:INFO: - Eval metrics : dsc: 0.685 ; iou: 0.600 ; accuracy: 0.997 ; precision: 0.874 ; recall: 0.665 ; loss: 0.336
2019-01-12 16:33:13,797:INFO: Epoch 20/45
2019-01-12 16:33:25,114:INFO: - Train metrics: dsc: 0.713 ; iou: 0.624 ; accuracy: 0.997 ; precision: 0.769 ; recall: 0.756 ; loss: 0.298
2019-01-12 16:33:26,238:INFO: - Eval metrics : dsc: 0.567 ; iou: 0.475 ; accuracy: 0.996 ; precision: 0.880 ; recall: 0.519 ; loss: 0.440
2019-01-12 16:33:26,259:INFO: Epoch 21/45
2019-01-12 16:33:37,552:INFO: - Train metrics: dsc: 0.717 ; iou: 0.630 ; accuracy: 0.997 ; precision: 0.774 ; recall: 0.759 ; loss: 0.293
2019-01-12 16:33:38,684:INFO: - Eval metrics : dsc: 0.695 ; iou: 0.604 ; accuracy: 0.997 ; precision: 0.929 ; recall: 0.639 ; loss: 0.325
2019-01-12 16:33:38,714:INFO: Epoch 22/45
2019-01-12 16:33:49,951:INFO: - Train metrics: dsc: 0.713 ; iou: 0.624 ; accuracy: 0.996 ; precision: 0.763 ; recall: 0.761 ; loss: 0.295
2019-01-12 16:33:51,081:INFO: - Eval metrics : dsc: 0.686 ; iou: 0.593 ; accuracy: 0.997 ; precision: 0.949 ; recall: 0.617 ; loss: 0.337
2019-01-12 16:33:51,112:INFO: Epoch 23/45
2019-01-12 16:34:02,346:INFO: - Train metrics: dsc: 0.728 ; iou: 0.642 ; accuracy: 0.997 ; precision: 0.793 ; recall: 0.766 ; loss: 0.281
2019-01-12 16:34:03,501:INFO: - Eval metrics : dsc: 0.690 ; iou: 0.599 ; accuracy: 0.997 ; precision: 0.936 ; recall: 0.622 ; loss: 0.328
2019-01-12 16:34:03,522:INFO: Epoch 24/45
2019-01-12 16:34:14,945:INFO: - Train metrics: dsc: 0.734 ; iou: 0.649 ; accuracy: 0.997 ; precision: 0.797 ; recall: 0.772 ; loss: 0.272
2019-01-12 16:34:16,085:INFO: - Eval metrics : dsc: 0.711 ; iou: 0.623 ; accuracy: 0.998 ; precision: 0.955 ; recall: 0.648 ; loss: 0.303
2019-01-12 16:34:16,129:INFO: - Found new best DSC
2019-01-12 16:34:16,130:INFO: Epoch 25/45
2019-01-12 16:34:27,367:INFO: - Train metrics: dsc: 0.736 ; iou: 0.652 ; accuracy: 0.997 ; precision: 0.809 ; recall: 0.774 ; loss: 0.268
2019-01-12 16:34:28,494:INFO: - Eval metrics : dsc: 0.567 ; iou: 0.471 ; accuracy: 0.996 ; precision: 0.986 ; recall: 0.480 ; loss: 0.438
2019-01-12 16:34:28,522:INFO: Epoch 26/45
2019-01-12 16:34:39,821:INFO: - Train metrics: dsc: 0.738 ; iou: 0.650 ; accuracy: 0.997 ; precision: 0.804 ; recall: 0.774 ; loss: 0.267
2019-01-12 16:34:40,904:INFO: - Eval metrics : dsc: 0.716 ; iou: 0.625 ; accuracy: 0.998 ; precision: 0.903 ; recall: 0.665 ; loss: 0.291
2019-01-12 16:34:40,936:INFO: - Found new best DSC
2019-01-12 16:34:40,936:INFO: Epoch 27/45
2019-01-12 16:34:52,197:INFO: - Train metrics: dsc: 0.734 ; iou: 0.649 ; accuracy: 0.997 ; precision: 0.802 ; recall: 0.774 ; loss: 0.268
2019-01-12 16:34:53,281:INFO: - Eval metrics : dsc: 0.660 ; iou: 0.561 ; accuracy: 0.997 ; precision: 0.957 ; recall: 0.585 ; loss: 0.344
2019-01-12 16:34:53,302:INFO: Epoch 28/45
2019-01-12 16:35:04,500:INFO: - Train metrics: dsc: 0.738 ; iou: 0.655 ; accuracy: 0.997 ; precision: 0.802 ; recall: 0.767 ; loss: 0.266
2019-01-12 16:35:05,594:INFO: - Eval metrics : dsc: 0.677 ; iou: 0.583 ; accuracy: 0.997 ; precision: 0.963 ; recall: 0.604 ; loss: 0.326
2019-01-12 16:35:05,622:INFO: Epoch 29/45
2019-01-12 16:35:16,860:INFO: - Train metrics: dsc: 0.734 ; iou: 0.650 ; accuracy: 0.997 ; precision: 0.821 ; recall: 0.759 ; loss: 0.267
2019-01-12 16:35:17,987:INFO: - Eval metrics : dsc: 0.401 ; iou: 0.315 ; accuracy: 0.995 ; precision: 0.974 ; recall: 0.319 ; loss: 0.601
2019-01-12 16:35:18,015:INFO: Epoch 30/45
2019-01-12 16:35:29,251:INFO: - Train metrics: dsc: 0.741 ; iou: 0.658 ; accuracy: 0.997 ; precision: 0.812 ; recall: 0.780 ; loss: 0.254
2019-01-12 16:35:30,353:INFO: - Eval metrics : dsc: 0.677 ; iou: 0.577 ; accuracy: 0.996 ; precision: 0.680 ; recall: 0.741 ; loss: 0.329
2019-01-12 16:35:30,371:INFO: Epoch 31/45
2019-01-12 16:35:41,700:INFO: - Train metrics: dsc: 0.715 ; iou: 0.631 ; accuracy: 0.997 ; precision: 0.829 ; recall: 0.736 ; loss: 0.281
2019-01-12 16:35:42,796:INFO: - Eval metrics : dsc: 0.338 ; iou: 0.262 ; accuracy: 0.995 ; precision: 0.994 ; recall: 0.265 ; loss: 0.653
2019-01-12 16:35:42,817:INFO: Epoch 32/45
2019-01-12 16:35:54,013:INFO: - Train metrics: dsc: 0.725 ; iou: 0.640 ; accuracy: 0.997 ; precision: 0.828 ; recall: 0.761 ; loss: 0.269
2019-01-12 16:35:55,125:INFO: - Eval metrics : dsc: 0.629 ; iou: 0.542 ; accuracy: 0.997 ; precision: 0.957 ; recall: 0.566 ; loss: 0.354
2019-01-12 16:35:55,154:INFO: Epoch 33/45
2019-01-12 16:36:06,390:INFO: - Train metrics: dsc: 0.732 ; iou: 0.649 ; accuracy: 0.997 ; precision: 0.834 ; recall: 0.756 ; loss: 0.260
2019-01-12 16:36:07,528:INFO: - Eval metrics : dsc: 0.563 ; iou: 0.471 ; accuracy: 0.996 ; precision: 0.889 ; recall: 0.511 ; loss: 0.434
2019-01-12 16:36:07,556:INFO: Epoch 34/45
2019-01-12 16:36:18,741:INFO: - Train metrics: dsc: 0.743 ; iou: 0.659 ; accuracy: 0.997 ; precision: 0.822 ; recall: 0.770 ; loss: 0.248
2019-01-12 16:36:19,884:INFO: - Eval metrics : dsc: 0.685 ; iou: 0.594 ; accuracy: 0.997 ; precision: 0.961 ; recall: 0.618 ; loss: 0.305
2019-01-12 16:36:19,906:INFO: Epoch 35/45
2019-01-12 16:36:31,207:INFO: - Train metrics: dsc: 0.760 ; iou: 0.679 ; accuracy: 0.998 ; precision: 0.838 ; recall: 0.787 ; loss: 0.228
2019-01-12 16:36:32,291:INFO: - Eval metrics : dsc: 0.748 ; iou: 0.654 ; accuracy: 0.998 ; precision: 0.943 ; recall: 0.685 ; loss: 0.235
2019-01-12 16:36:32,325:INFO: - Found new best DSC
2019-01-12 16:36:32,325:INFO: Epoch 36/45
2019-01-12 16:36:43,569:INFO: - Train metrics: dsc: 0.752 ; iou: 0.669 ; accuracy: 0.997 ; precision: 0.838 ; recall: 0.779 ; loss: 0.233
2019-01-12 16:36:44,679:INFO: - Eval metrics : dsc: 0.732 ; iou: 0.641 ; accuracy: 0.998 ; precision: 0.948 ; recall: 0.669 ; loss: 0.243
2019-01-12 16:36:44,700:INFO: Epoch 37/45
2019-01-12 16:36:55,998:INFO: - Train metrics: dsc: 0.746 ; iou: 0.663 ; accuracy: 0.997 ; precision: 0.833 ; recall: 0.774 ; loss: 0.240
2019-01-12 16:36:57,146:INFO: - Eval metrics : dsc: 0.714 ; iou: 0.621 ; accuracy: 0.997 ; precision: 0.852 ; recall: 0.673 ; loss: 0.281
2019-01-12 16:36:57,167:INFO: Epoch 38/45
2019-01-12 16:37:08,468:INFO: - Train metrics: dsc: 0.765 ; iou: 0.685 ; accuracy: 0.997 ; precision: 0.841 ; recall: 0.793 ; loss: 0.216
2019-01-12 16:37:09,628:INFO: - Eval metrics : dsc: 0.739 ; iou: 0.649 ; accuracy: 0.998 ; precision: 0.918 ; recall: 0.682 ; loss: 0.242
2019-01-12 16:37:09,655:INFO: Epoch 39/45
2019-01-12 16:37:20,891:INFO: - Train metrics: dsc: 0.757 ; iou: 0.675 ; accuracy: 0.997 ; precision: 0.834 ; recall: 0.789 ; loss: 0.229
2019-01-12 16:37:21,976:INFO: - Eval metrics : dsc: 0.764 ; iou: 0.681 ; accuracy: 0.998 ; precision: 0.855 ; recall: 0.752 ; loss: 0.216
2019-01-12 16:37:22,009:INFO: - Found new best DSC
2019-01-12 16:37:22,009:INFO: Epoch 40/45
2019-01-12 16:37:33,430:INFO: - Train metrics: dsc: 0.759 ; iou: 0.677 ; accuracy: 0.998 ; precision: 0.842 ; recall: 0.782 ; loss: 0.223
2019-01-12 16:37:34,524:INFO: - Eval metrics : dsc: 0.599 ; iou: 0.503 ; accuracy: 0.996 ; precision: 0.979 ; recall: 0.515 ; loss: 0.370
2019-01-12 16:37:34,552:INFO: Epoch 41/45
2019-01-12 16:37:45,737:INFO: - Train metrics: dsc: 0.743 ; iou: 0.660 ; accuracy: 0.997 ; precision: 0.828 ; recall: 0.774 ; loss: 0.242
2019-01-12 16:37:46,871:INFO: - Eval metrics : dsc: 0.731 ; iou: 0.633 ; accuracy: 0.997 ; precision: 0.892 ; recall: 0.678 ; loss: 0.251
2019-01-12 16:37:46,897:INFO: Epoch 42/45
2019-01-12 16:37:58,170:INFO: - Train metrics: dsc: 0.738 ; iou: 0.657 ; accuracy: 0.997 ; precision: 0.847 ; recall: 0.758 ; loss: 0.243
2019-01-12 16:37:59,262:INFO: - Eval metrics : dsc: 0.770 ; iou: 0.689 ; accuracy: 0.998 ; precision: 0.896 ; recall: 0.763 ; loss: 0.215
2019-01-12 16:37:59,293:INFO: - Found new best DSC
2019-01-12 16:37:59,293:INFO: Epoch 43/45
2019-01-12 16:38:10,554:INFO: - Train metrics: dsc: 0.762 ; iou: 0.680 ; accuracy: 0.998 ; precision: 0.846 ; recall: 0.784 ; loss: 0.216
2019-01-12 16:38:11,731:INFO: - Eval metrics : dsc: 0.761 ; iou: 0.669 ; accuracy: 0.998 ; precision: 0.940 ; recall: 0.704 ; loss: 0.217
2019-01-12 16:38:11,759:INFO: Epoch 44/45
2019-01-12 16:38:23,011:INFO: - Train metrics: dsc: 0.766 ; iou: 0.686 ; accuracy: 0.998 ; precision: 0.837 ; recall: 0.790 ; loss: 0.214
2019-01-12 16:38:24,146:INFO: - Eval metrics : dsc: 0.707 ; iou: 0.605 ; accuracy: 0.997 ; precision: 0.940 ; recall: 0.634 ; loss: 0.269
2019-01-12 16:38:24,174:INFO: Epoch 45/45
2019-01-12 16:38:35,427:INFO: - Train metrics: dsc: 0.751 ; iou: 0.669 ; accuracy: 0.997 ; precision: 0.819 ; recall: 0.778 ; loss: 0.233
2019-01-12 16:38:36,538:INFO: - Eval metrics : dsc: 0.744 ; iou: 0.656 ; accuracy: 0.998 ; precision: 0.876 ; recall: 0.724 ; loss: 0.245
