2018-12-25 22:35:02,132:INFO: Creating the dataset...
2018-12-25 22:35:06,445:INFO: - done.
2018-12-25 22:35:12,874:INFO: Starting evaluation
2018-12-25 22:36:09,513:INFO: Creating the dataset...
2018-12-25 22:36:11,591:INFO: - done.
2018-12-25 22:36:13,811:INFO: Starting evaluation
2018-12-25 22:36:24,734:INFO: - Eval metrics : dsc: 0.923 ; iou: 0.858 ; accuracy: 0.999 ; precision: 0.905 ; recall: 0.945 ; loss: 0.005
2018-12-26 03:25:30,098:INFO: Creating the dataset...
2018-12-26 03:25:31,946:INFO: - done.
2018-12-26 03:25:34,258:INFO: Starting evaluation
2018-12-26 03:25:41,153:INFO: - Eval metrics : dsc: 0.923 ; iou: 0.858 ; accuracy: 0.999 ; precision: 0.905 ; recall: 0.945 ; loss: 0.290
2018-12-26 03:28:33,146:INFO: Loading the datasets...
2018-12-26 03:28:35,037:INFO: - done.
2018-12-26 03:28:35,380:INFO: Starting training for 10 epoch(s)
2018-12-26 03:28:35,381:INFO: Epoch 1/10
2018-12-26 03:29:30,839:INFO: - Train metrics: dsc: 0.164 ; iou: 0.102 ; accuracy: 0.771 ; precision: 0.103 ; recall: 0.987 ; loss: 0.951
2018-12-26 03:29:35,555:INFO: - Eval metrics : dsc: 0.648 ; iou: 0.490 ; accuracy: 0.993 ; precision: 0.531 ; recall: 0.863 ; loss: 0.941
2018-12-26 03:29:37,966:INFO: - Found new best DSC
2018-12-26 03:29:37,973:INFO: Epoch 2/10
2018-12-26 03:30:33,817:INFO: - Train metrics: dsc: 0.693 ; iou: 0.555 ; accuracy: 0.992 ; precision: 0.587 ; recall: 0.931 ; loss: 0.712
2018-12-26 03:30:38,514:INFO: - Eval metrics : dsc: 0.857 ; iou: 0.753 ; accuracy: 0.998 ; precision: 0.809 ; recall: 0.921 ; loss: 0.355
2018-12-26 03:30:40,471:INFO: - Found new best DSC
2018-12-26 03:30:40,478:INFO: Epoch 3/10
2018-12-26 03:31:36,478:INFO: - Train metrics: dsc: 0.848 ; iou: 0.745 ; accuracy: 0.997 ; precision: 0.838 ; recall: 0.878 ; loss: 0.269
2018-12-26 03:31:41,236:INFO: - Eval metrics : dsc: 0.915 ; iou: 0.844 ; accuracy: 0.999 ; precision: 0.913 ; recall: 0.921 ; loss: 0.158
2018-12-26 03:31:43,015:INFO: - Found new best DSC
2018-12-26 03:31:43,023:INFO: Epoch 4/10
2018-12-26 03:32:39,378:INFO: - Train metrics: dsc: 0.880 ; iou: 0.791 ; accuracy: 0.998 ; precision: 0.889 ; recall: 0.882 ; loss: 0.193
2018-12-26 03:32:44,170:INFO: - Eval metrics : dsc: 0.877 ; iou: 0.786 ; accuracy: 0.998 ; precision: 0.806 ; recall: 0.969 ; loss: 0.187
2018-12-26 03:32:45,597:INFO: Epoch 5/10
2018-12-26 03:33:41,904:INFO: - Train metrics: dsc: 0.892 ; iou: 0.809 ; accuracy: 0.998 ; precision: 0.885 ; recall: 0.906 ; loss: 0.166
2018-12-26 03:33:46,667:INFO: - Eval metrics : dsc: 0.734 ; iou: 0.602 ; accuracy: 0.996 ; precision: 0.974 ; recall: 0.616 ; loss: 0.310
2018-12-26 03:33:48,019:INFO: Epoch 6/10
2018-12-26 03:34:44,510:INFO: - Train metrics: dsc: 0.893 ; iou: 0.811 ; accuracy: 0.998 ; precision: 0.893 ; recall: 0.902 ; loss: 0.168
2018-12-26 03:34:49,315:INFO: - Eval metrics : dsc: 0.931 ; iou: 0.871 ; accuracy: 0.999 ; precision: 0.927 ; recall: 0.937 ; loss: 0.137
2018-12-26 03:34:51,297:INFO: - Found new best DSC
2018-12-26 03:34:51,304:INFO: Epoch 7/10
2018-12-26 03:35:47,447:INFO: - Train metrics: dsc: 0.903 ; iou: 0.826 ; accuracy: 0.998 ; precision: 0.904 ; recall: 0.906 ; loss: 0.147
2018-12-26 03:35:52,234:INFO: - Eval metrics : dsc: 0.907 ; iou: 0.834 ; accuracy: 0.999 ; precision: 0.861 ; recall: 0.966 ; loss: 0.145
2018-12-26 03:35:53,853:INFO: Epoch 8/10
2018-12-26 03:36:49,941:INFO: - Train metrics: dsc: 0.916 ; iou: 0.847 ; accuracy: 0.999 ; precision: 0.913 ; recall: 0.924 ; loss: 0.122
2018-12-26 03:36:54,729:INFO: - Eval metrics : dsc: 0.924 ; iou: 0.861 ; accuracy: 0.999 ; precision: 0.905 ; recall: 0.948 ; loss: 0.124
2018-12-26 03:36:56,115:INFO: Epoch 9/10
2018-12-26 03:37:52,586:INFO: - Train metrics: dsc: 0.906 ; iou: 0.834 ; accuracy: 0.999 ; precision: 0.902 ; recall: 0.920 ; loss: 0.110
2018-12-26 03:37:57,564:INFO: - Eval metrics : dsc: 0.917 ; iou: 0.850 ; accuracy: 0.999 ; precision: 0.962 ; recall: 0.880 ; loss: 0.134
2018-12-26 03:37:59,502:INFO: Epoch 10/10
2018-12-26 03:38:56,054:INFO: - Train metrics: dsc: 0.919 ; iou: 0.853 ; accuracy: 0.999 ; precision: 0.913 ; recall: 0.928 ; loss: 0.095
2018-12-26 03:39:01,016:INFO: - Eval metrics : dsc: 0.935 ; iou: 0.878 ; accuracy: 0.999 ; precision: 0.958 ; recall: 0.915 ; loss: 0.111
2018-12-26 03:39:03,070:INFO: - Found new best DSC
2018-12-26 03:41:36,800:INFO: Creating the dataset...
2018-12-26 03:41:38,678:INFO: - done.
2018-12-26 03:41:39,041:INFO: Starting evaluation
2018-12-26 03:41:44,750:INFO: - Eval metrics : dsc: 0.935 ; iou: 0.878 ; accuracy: 0.999 ; precision: 0.958 ; recall: 0.915 ; loss: 0.111
2018-12-26 03:47:28,250:INFO: Loading the datasets...
2018-12-26 03:47:30,199:INFO: - done.
2018-12-26 03:47:30,541:INFO: Starting training for 10 epoch(s)
2018-12-26 03:47:30,542:INFO: Epoch 1/10
2018-12-26 03:48:25,944:INFO: - Train metrics: dsc: 0.191 ; iou: 0.123 ; accuracy: 0.760 ; precision: 0.124 ; recall: 0.981 ; loss: 0.951
2018-12-26 03:48:30,649:INFO: - Eval metrics : dsc: 0.125 ; iou: 0.068 ; accuracy: 0.870 ; precision: 0.068 ; recall: 0.995 ; loss: 0.941
2018-12-26 03:48:33,285:INFO: - Found new best DSC
2018-12-26 03:48:33,293:INFO: Epoch 2/10
2018-12-26 03:49:08,156:INFO: Creating the dataset...
2018-12-26 03:49:09,992:INFO: - done.
2018-12-26 03:49:10,348:INFO: Starting evaluation
2018-12-26 03:49:16,241:INFO: - Eval metrics : dsc: 0.125 ; iou: 0.068 ; accuracy: 0.870 ; precision: 0.068 ; recall: 0.995 ; loss: 0.941
2018-12-31 02:43:08,729:INFO: Creating the dataset...
2018-12-31 02:43:10,471:INFO: - done.
2018-12-31 02:43:12,674:INFO: Starting evaluation
2018-12-31 02:43:19,167:INFO: - Eval metrics : dsc: 0.863 ; iou: 0.810 ; accuracy: 0.999 ; precision: 0.933 ; recall: 0.869 ; loss: 0.130
2018-12-31 02:44:05,596:INFO: Creating the dataset...
2018-12-31 02:44:07,494:INFO: - done.
2018-12-31 02:44:07,893:INFO: Starting evaluation
2018-12-31 02:44:14,012:INFO: - Eval metrics : dsc: 0.863 ; iou: 0.810 ; accuracy: 0.999 ; precision: 0.933 ; recall: 0.869 ; loss: 0.130
