2019-01-15 00:04:04,769:INFO: Loading the datasets...
2019-01-15 00:04:05,846:INFO: - done.
2019-01-15 00:04:05,846:INFO: For k-fold 1/5:
2019-01-15 00:04:05,846:INFO: Starting training for 45 epoch(s)
2019-01-15 00:04:05,846:INFO: Epoch 1/45
2019-01-15 00:04:09,341:INFO: - Train metrics: dsc: 0.250 ; iou: 0.163 ; accuracy: 0.915 ; precision: 0.163 ; recall: 0.922 ; loss: 0.956
2019-01-15 00:04:09,796:INFO: - Eval metrics : dsc: 0.528 ; iou: 0.385 ; accuracy: 0.988 ; precision: 0.391 ; recall: 0.967 ; loss: 0.944
2019-01-15 00:04:09,847:INFO: - Found new best DSC
2019-01-15 00:04:09,848:INFO: Epoch 2/45
2019-01-15 00:04:12,616:INFO: - Train metrics: dsc: 0.575 ; iou: 0.436 ; accuracy: 0.989 ; precision: 0.444 ; recall: 0.976 ; loss: 0.931
2019-01-15 00:04:13,048:INFO: - Eval metrics : dsc: 0.720 ; iou: 0.594 ; accuracy: 0.996 ; precision: 0.627 ; recall: 0.958 ; loss: 0.919
2019-01-15 00:04:13,065:INFO: - Found new best DSC
2019-01-15 00:04:13,065:INFO: Epoch 3/45
2019-01-15 00:04:15,891:INFO: - Train metrics: dsc: 0.673 ; iou: 0.550 ; accuracy: 0.993 ; precision: 0.558 ; recall: 0.983 ; loss: 0.890
2019-01-15 00:04:16,320:INFO: - Eval metrics : dsc: 0.706 ; iou: 0.579 ; accuracy: 0.995 ; precision: 0.584 ; recall: 0.993 ; loss: 0.837
2019-01-15 00:04:16,333:INFO: Epoch 4/45
2019-01-15 00:04:19,122:INFO: - Train metrics: dsc: 0.719 ; iou: 0.606 ; accuracy: 0.995 ; precision: 0.616 ; recall: 0.963 ; loss: 0.798
2019-01-15 00:04:19,537:INFO: - Eval metrics : dsc: 0.783 ; iou: 0.677 ; accuracy: 0.997 ; precision: 0.689 ; recall: 0.986 ; loss: 0.690
2019-01-15 00:04:19,569:INFO: - Found new best DSC
2019-01-15 00:04:19,569:INFO: Epoch 5/45
2019-01-15 00:04:22,331:INFO: - Train metrics: dsc: 0.787 ; iou: 0.699 ; accuracy: 0.997 ; precision: 0.726 ; recall: 0.949 ; loss: 0.613
2019-01-15 00:04:22,760:INFO: - Eval metrics : dsc: 0.849 ; iou: 0.775 ; accuracy: 0.998 ; precision: 0.866 ; recall: 0.900 ; loss: 0.516
2019-01-15 00:04:22,782:INFO: - Found new best DSC
2019-01-15 00:04:22,783:INFO: Epoch 6/45
2019-01-15 00:04:25,612:INFO: - Train metrics: dsc: 0.826 ; iou: 0.744 ; accuracy: 0.998 ; precision: 0.797 ; recall: 0.927 ; loss: 0.401
2019-01-15 00:04:25,995:INFO: - Eval metrics : dsc: 0.859 ; iou: 0.782 ; accuracy: 0.998 ; precision: 0.830 ; recall: 0.942 ; loss: 0.370
2019-01-15 00:04:26,018:INFO: - Found new best DSC
2019-01-15 00:04:26,019:INFO: Epoch 7/45
2019-01-15 00:04:28,801:INFO: - Train metrics: dsc: 0.846 ; iou: 0.778 ; accuracy: 0.998 ; precision: 0.832 ; recall: 0.922 ; loss: 0.267
2019-01-15 00:04:29,197:INFO: - Eval metrics : dsc: 0.879 ; iou: 0.812 ; accuracy: 0.999 ; precision: 0.850 ; recall: 0.958 ; loss: 0.211
2019-01-15 00:04:29,217:INFO: - Found new best DSC
2019-01-15 00:04:29,218:INFO: Epoch 8/45
2019-01-15 00:04:32,020:INFO: - Train metrics: dsc: 0.863 ; iou: 0.798 ; accuracy: 0.999 ; precision: 0.861 ; recall: 0.922 ; loss: 0.207
2019-01-15 00:04:32,439:INFO: - Eval metrics : dsc: 0.872 ; iou: 0.803 ; accuracy: 0.999 ; precision: 0.847 ; recall: 0.953 ; loss: 0.176
2019-01-15 00:04:32,457:INFO: Epoch 9/45
2019-01-15 00:04:35,259:INFO: - Train metrics: dsc: 0.868 ; iou: 0.802 ; accuracy: 0.999 ; precision: 0.868 ; recall: 0.915 ; loss: 0.183
2019-01-15 00:04:35,646:INFO: - Eval metrics : dsc: 0.881 ; iou: 0.819 ; accuracy: 0.999 ; precision: 0.849 ; recall: 0.966 ; loss: 0.149
2019-01-15 00:04:35,668:INFO: - Found new best DSC
2019-01-15 00:04:35,668:INFO: Epoch 10/45
2019-01-15 00:04:38,461:INFO: - Train metrics: dsc: 0.880 ; iou: 0.818 ; accuracy: 0.999 ; precision: 0.886 ; recall: 0.923 ; loss: 0.157
2019-01-15 00:04:38,856:INFO: - Eval metrics : dsc: 0.902 ; iou: 0.840 ; accuracy: 0.999 ; precision: 0.865 ; recall: 0.972 ; loss: 0.138
2019-01-15 00:04:38,872:INFO: - Found new best DSC
2019-01-15 00:04:38,872:INFO: Epoch 11/45
2019-01-15 00:04:41,673:INFO: - Train metrics: dsc: 0.892 ; iou: 0.833 ; accuracy: 0.999 ; precision: 0.905 ; recall: 0.918 ; loss: 0.149
2019-01-15 00:04:42,089:INFO: - Eval metrics : dsc: 0.909 ; iou: 0.850 ; accuracy: 0.999 ; precision: 0.898 ; recall: 0.946 ; loss: 0.125
2019-01-15 00:04:42,104:INFO: - Found new best DSC
2019-01-15 00:04:42,104:INFO: Epoch 12/45
2019-01-15 00:04:44,912:INFO: - Train metrics: dsc: 0.885 ; iou: 0.821 ; accuracy: 0.999 ; precision: 0.886 ; recall: 0.921 ; loss: 0.147
2019-01-15 00:04:45,326:INFO: - Eval metrics : dsc: 0.798 ; iou: 0.716 ; accuracy: 0.998 ; precision: 0.804 ; recall: 0.847 ; loss: 0.215
2019-01-15 00:04:45,347:INFO: Epoch 13/45
2019-01-15 00:04:48,154:INFO: - Train metrics: dsc: 0.874 ; iou: 0.806 ; accuracy: 0.999 ; precision: 0.872 ; recall: 0.920 ; loss: 0.151
2019-01-15 00:04:48,532:INFO: - Eval metrics : dsc: 0.878 ; iou: 0.810 ; accuracy: 0.999 ; precision: 0.841 ; recall: 0.965 ; loss: 0.131
2019-01-15 00:04:48,551:INFO: Epoch 14/45
2019-01-15 00:04:51,368:INFO: - Train metrics: dsc: 0.903 ; iou: 0.844 ; accuracy: 0.999 ; precision: 0.906 ; recall: 0.929 ; loss: 0.127
2019-01-15 00:04:51,778:INFO: - Eval metrics : dsc: 0.843 ; iou: 0.768 ; accuracy: 0.998 ; precision: 0.925 ; recall: 0.838 ; loss: 0.179
2019-01-15 00:04:51,801:INFO: Epoch 15/45
2019-01-15 00:04:54,635:INFO: - Train metrics: dsc: 0.894 ; iou: 0.838 ; accuracy: 0.999 ; precision: 0.906 ; recall: 0.923 ; loss: 0.124
2019-01-15 00:04:55,027:INFO: - Eval metrics : dsc: 0.884 ; iou: 0.822 ; accuracy: 0.999 ; precision: 0.933 ; recall: 0.881 ; loss: 0.150
2019-01-15 00:04:55,053:INFO: Epoch 16/45
2019-01-15 00:04:57,891:INFO: - Train metrics: dsc: 0.899 ; iou: 0.842 ; accuracy: 0.999 ; precision: 0.900 ; recall: 0.930 ; loss: 0.121
2019-01-15 00:04:58,309:INFO: - Eval metrics : dsc: 0.876 ; iou: 0.807 ; accuracy: 0.999 ; precision: 0.917 ; recall: 0.883 ; loss: 0.130
2019-01-15 00:04:58,328:INFO: Epoch 17/45
2019-01-15 00:05:01,187:INFO: - Train metrics: dsc: 0.900 ; iou: 0.839 ; accuracy: 0.999 ; precision: 0.903 ; recall: 0.927 ; loss: 0.118
2019-01-15 00:05:01,572:INFO: - Eval metrics : dsc: 0.904 ; iou: 0.842 ; accuracy: 0.999 ; precision: 0.889 ; recall: 0.947 ; loss: 0.111
2019-01-15 00:05:01,599:INFO: Epoch 18/45
2019-01-15 00:05:04,371:INFO: - Train metrics: dsc: 0.911 ; iou: 0.852 ; accuracy: 0.999 ; precision: 0.914 ; recall: 0.931 ; loss: 0.108
2019-01-15 00:05:04,804:INFO: - Eval metrics : dsc: 0.910 ; iou: 0.851 ; accuracy: 0.999 ; precision: 0.903 ; recall: 0.943 ; loss: 0.104
2019-01-15 00:05:04,830:INFO: - Found new best DSC
2019-01-15 00:05:04,831:INFO: Epoch 19/45
2019-01-15 00:05:07,674:INFO: - Train metrics: dsc: 0.918 ; iou: 0.864 ; accuracy: 0.999 ; precision: 0.918 ; recall: 0.937 ; loss: 0.098
2019-01-15 00:05:08,104:INFO: - Eval metrics : dsc: 0.909 ; iou: 0.850 ; accuracy: 0.999 ; precision: 0.897 ; recall: 0.946 ; loss: 0.102
2019-01-15 00:05:08,133:INFO: Epoch 20/45
2019-01-15 00:05:10,896:INFO: - Train metrics: dsc: 0.906 ; iou: 0.848 ; accuracy: 0.999 ; precision: 0.915 ; recall: 0.924 ; loss: 0.106
2019-01-15 00:05:11,275:INFO: - Eval metrics : dsc: 0.904 ; iou: 0.842 ; accuracy: 0.999 ; precision: 0.877 ; recall: 0.962 ; loss: 0.104
2019-01-15 00:05:11,289:INFO: Epoch 21/45
2019-01-15 00:05:14,122:INFO: - Train metrics: dsc: 0.894 ; iou: 0.832 ; accuracy: 0.999 ; precision: 0.898 ; recall: 0.924 ; loss: 0.114
2019-01-15 00:05:14,524:INFO: - Eval metrics : dsc: 0.858 ; iou: 0.775 ; accuracy: 0.998 ; precision: 0.885 ; recall: 0.880 ; loss: 0.151
2019-01-15 00:05:14,546:INFO: Epoch 22/45
2019-01-15 00:05:17,366:INFO: - Train metrics: dsc: 0.901 ; iou: 0.838 ; accuracy: 0.999 ; precision: 0.900 ; recall: 0.927 ; loss: 0.109
2019-01-15 00:05:17,775:INFO: - Eval metrics : dsc: 0.908 ; iou: 0.848 ; accuracy: 0.999 ; precision: 0.891 ; recall: 0.954 ; loss: 0.097
2019-01-15 00:05:17,798:INFO: Epoch 23/45
2019-01-15 00:05:20,621:INFO: - Train metrics: dsc: 0.853 ; iou: 0.790 ; accuracy: 0.998 ; precision: 0.908 ; recall: 0.872 ; loss: 0.153
2019-01-15 00:05:21,005:INFO: - Eval metrics : dsc: 0.883 ; iou: 0.819 ; accuracy: 0.999 ; precision: 0.856 ; recall: 0.958 ; loss: 0.117
2019-01-15 00:05:21,020:INFO: Epoch 24/45
2019-01-15 00:05:23,828:INFO: - Train metrics: dsc: 0.894 ; iou: 0.833 ; accuracy: 0.999 ; precision: 0.896 ; recall: 0.927 ; loss: 0.106
2019-01-15 00:05:24,207:INFO: - Eval metrics : dsc: 0.861 ; iou: 0.797 ; accuracy: 0.999 ; precision: 0.932 ; recall: 0.858 ; loss: 0.137
2019-01-15 00:05:24,221:INFO: Epoch 25/45
2019-01-15 00:05:27,024:INFO: - Train metrics: dsc: 0.901 ; iou: 0.842 ; accuracy: 0.999 ; precision: 0.916 ; recall: 0.917 ; loss: 0.096
2019-01-15 00:05:27,416:INFO: - Eval metrics : dsc: 0.908 ; iou: 0.847 ; accuracy: 0.999 ; precision: 0.904 ; recall: 0.938 ; loss: 0.086
2019-01-15 00:05:27,436:INFO: Epoch 26/45
2019-01-15 00:05:30,266:INFO: - Train metrics: dsc: 0.900 ; iou: 0.839 ; accuracy: 0.999 ; precision: 0.906 ; recall: 0.922 ; loss: 0.095
2019-01-15 00:05:30,671:INFO: - Eval metrics : dsc: 0.911 ; iou: 0.853 ; accuracy: 0.999 ; precision: 0.918 ; recall: 0.928 ; loss: 0.082
2019-01-15 00:05:30,694:INFO: - Found new best DSC
2019-01-15 00:05:30,694:INFO: Epoch 27/45
2019-01-15 00:05:33,548:INFO: - Train metrics: dsc: 0.872 ; iou: 0.808 ; accuracy: 0.999 ; precision: 0.917 ; recall: 0.872 ; loss: 0.114
2019-01-15 00:05:33,976:INFO: - Eval metrics : dsc: 0.839 ; iou: 0.762 ; accuracy: 0.998 ; precision: 0.819 ; recall: 0.929 ; loss: 0.158
2019-01-15 00:05:33,994:INFO: Epoch 28/45
2019-01-15 00:05:36,834:INFO: - Train metrics: dsc: 0.798 ; iou: 0.710 ; accuracy: 0.998 ; precision: 0.860 ; recall: 0.801 ; loss: 0.197
2019-01-15 00:05:37,261:INFO: - Eval metrics : dsc: 0.815 ; iou: 0.732 ; accuracy: 0.998 ; precision: 0.831 ; recall: 0.895 ; loss: 0.184
2019-01-15 00:05:37,279:INFO: Epoch 29/45
2019-01-15 00:05:40,104:INFO: - Train metrics: dsc: 0.882 ; iou: 0.812 ; accuracy: 0.999 ; precision: 0.888 ; recall: 0.905 ; loss: 0.102
2019-01-15 00:05:40,512:INFO: - Eval metrics : dsc: 0.874 ; iou: 0.807 ; accuracy: 0.999 ; precision: 0.872 ; recall: 0.930 ; loss: 0.115
2019-01-15 00:05:40,534:INFO: Epoch 30/45
2019-01-15 00:05:43,341:INFO: - Train metrics: dsc: 0.878 ; iou: 0.811 ; accuracy: 0.999 ; precision: 0.887 ; recall: 0.914 ; loss: 0.115
2019-01-15 00:05:43,755:INFO: - Eval metrics : dsc: 0.900 ; iou: 0.834 ; accuracy: 0.999 ; precision: 0.885 ; recall: 0.944 ; loss: 0.087
2019-01-15 00:05:43,767:INFO: Epoch 31/45
2019-01-15 00:05:46,600:INFO: - Train metrics: dsc: 0.904 ; iou: 0.843 ; accuracy: 0.999 ; precision: 0.924 ; recall: 0.911 ; loss: 0.074
2019-01-15 00:05:47,000:INFO: - Eval metrics : dsc: 0.892 ; iou: 0.826 ; accuracy: 0.999 ; precision: 0.890 ; recall: 0.930 ; loss: 0.093
2019-01-15 00:05:47,013:INFO: Epoch 32/45
2019-01-15 00:05:49,821:INFO: - Train metrics: dsc: 0.910 ; iou: 0.847 ; accuracy: 0.999 ; precision: 0.910 ; recall: 0.928 ; loss: 0.068
2019-01-15 00:05:50,206:INFO: - Eval metrics : dsc: 0.899 ; iou: 0.834 ; accuracy: 0.999 ; precision: 0.875 ; recall: 0.956 ; loss: 0.086
2019-01-15 00:05:50,220:INFO: Epoch 33/45
2019-01-15 00:05:53,038:INFO: - Train metrics: dsc: 0.914 ; iou: 0.857 ; accuracy: 0.999 ; precision: 0.922 ; recall: 0.927 ; loss: 0.061
2019-01-15 00:05:53,438:INFO: - Eval metrics : dsc: 0.908 ; iou: 0.848 ; accuracy: 0.999 ; precision: 0.901 ; recall: 0.944 ; loss: 0.077
2019-01-15 00:05:53,452:INFO: Epoch 34/45
2019-01-15 00:05:56,267:INFO: - Train metrics: dsc: 0.922 ; iou: 0.865 ; accuracy: 0.999 ; precision: 0.922 ; recall: 0.932 ; loss: 0.057
2019-01-15 00:05:56,668:INFO: - Eval metrics : dsc: 0.804 ; iou: 0.719 ; accuracy: 0.998 ; precision: 0.936 ; recall: 0.770 ; loss: 0.185
2019-01-15 00:05:56,683:INFO: Epoch 35/45
2019-01-15 00:05:59,512:INFO: - Train metrics: dsc: 0.764 ; iou: 0.680 ; accuracy: 0.997 ; precision: 0.843 ; recall: 0.793 ; loss: 0.220
2019-01-15 00:05:59,956:INFO: - Eval metrics : dsc: 0.818 ; iou: 0.757 ; accuracy: 0.999 ; precision: 0.897 ; recall: 0.855 ; loss: 0.165
2019-01-15 00:05:59,976:INFO: Epoch 36/45
2019-01-15 00:06:02,792:INFO: - Train metrics: dsc: 0.859 ; iou: 0.790 ; accuracy: 0.998 ; precision: 0.900 ; recall: 0.876 ; loss: 0.119
2019-01-15 00:06:03,188:INFO: - Eval metrics : dsc: 0.846 ; iou: 0.770 ; accuracy: 0.998 ; precision: 0.832 ; recall: 0.912 ; loss: 0.150
2019-01-15 00:06:03,202:INFO: Epoch 37/45
2019-01-15 00:06:06,027:INFO: - Train metrics: dsc: 0.878 ; iou: 0.812 ; accuracy: 0.999 ; precision: 0.905 ; recall: 0.893 ; loss: 0.095
2019-01-15 00:06:06,411:INFO: - Eval metrics : dsc: 0.867 ; iou: 0.803 ; accuracy: 0.999 ; precision: 0.881 ; recall: 0.915 ; loss: 0.131
2019-01-15 00:06:06,425:INFO: Epoch 38/45
2019-01-15 00:06:09,240:INFO: - Train metrics: dsc: 0.894 ; iou: 0.830 ; accuracy: 0.999 ; precision: 0.903 ; recall: 0.913 ; loss: 0.085
2019-01-15 00:06:09,642:INFO: - Eval metrics : dsc: 0.862 ; iou: 0.796 ; accuracy: 0.999 ; precision: 0.835 ; recall: 0.957 ; loss: 0.134
2019-01-15 00:06:09,662:INFO: Epoch 39/45
2019-01-15 00:06:12,508:INFO: - Train metrics: dsc: 0.903 ; iou: 0.844 ; accuracy: 0.999 ; precision: 0.916 ; recall: 0.919 ; loss: 0.069
2019-01-15 00:06:12,899:INFO: - Eval metrics : dsc: 0.875 ; iou: 0.816 ; accuracy: 0.999 ; precision: 0.873 ; recall: 0.920 ; loss: 0.124
2019-01-15 00:06:12,925:INFO: Epoch 40/45
2019-01-15 00:06:15,760:INFO: - Train metrics: dsc: 0.889 ; iou: 0.828 ; accuracy: 0.999 ; precision: 0.914 ; recall: 0.902 ; loss: 0.085
2019-01-15 00:06:16,143:INFO: - Eval metrics : dsc: 0.883 ; iou: 0.819 ; accuracy: 0.999 ; precision: 0.913 ; recall: 0.899 ; loss: 0.100
2019-01-15 00:06:16,164:INFO: Epoch 41/45
2019-01-15 00:06:19,010:INFO: - Train metrics: dsc: 0.910 ; iou: 0.850 ; accuracy: 0.999 ; precision: 0.916 ; recall: 0.924 ; loss: 0.062
2019-01-15 00:06:19,456:INFO: - Eval metrics : dsc: 0.893 ; iou: 0.834 ; accuracy: 0.999 ; precision: 0.898 ; recall: 0.930 ; loss: 0.095
2019-01-15 00:06:19,475:INFO: Epoch 42/45
2019-01-15 00:06:22,288:INFO: - Train metrics: dsc: 0.912 ; iou: 0.854 ; accuracy: 0.999 ; precision: 0.915 ; recall: 0.930 ; loss: 0.060
2019-01-15 00:06:22,683:INFO: - Eval metrics : dsc: 0.908 ; iou: 0.848 ; accuracy: 0.999 ; precision: 0.881 ; recall: 0.963 ; loss: 0.075
2019-01-15 00:06:22,701:INFO: Epoch 43/45
2019-01-15 00:06:25,510:INFO: - Train metrics: dsc: 0.918 ; iou: 0.861 ; accuracy: 0.999 ; precision: 0.918 ; recall: 0.935 ; loss: 0.055
2019-01-15 00:06:25,859:INFO: - Eval metrics : dsc: 0.898 ; iou: 0.843 ; accuracy: 0.999 ; precision: 0.902 ; recall: 0.936 ; loss: 0.085
2019-01-15 00:06:25,879:INFO: Epoch 44/45
2019-01-15 00:06:28,697:INFO: - Train metrics: dsc: 0.919 ; iou: 0.862 ; accuracy: 0.999 ; precision: 0.925 ; recall: 0.929 ; loss: 0.053
2019-01-15 00:06:29,090:INFO: - Eval metrics : dsc: 0.898 ; iou: 0.842 ; accuracy: 0.999 ; precision: 0.912 ; recall: 0.925 ; loss: 0.085
2019-01-15 00:06:29,108:INFO: Epoch 45/45
2019-01-15 00:06:31,940:INFO: - Train metrics: dsc: 0.920 ; iou: 0.863 ; accuracy: 0.999 ; precision: 0.924 ; recall: 0.932 ; loss: 0.053
2019-01-15 00:06:32,330:INFO: - Eval metrics : dsc: 0.893 ; iou: 0.835 ; accuracy: 0.999 ; precision: 0.872 ; recall: 0.959 ; loss: 0.102
2019-01-15 00:06:32,392:INFO: Loading the datasets...
2019-01-15 00:06:33,485:INFO: - done.
2019-01-15 00:06:33,485:INFO: For k-fold 2/5:
2019-01-15 00:06:33,485:INFO: Starting training for 45 epoch(s)
2019-01-15 00:06:33,485:INFO: Epoch 1/45
2019-01-15 00:06:36,301:INFO: - Train metrics: dsc: 0.300 ; iou: 0.200 ; accuracy: 0.932 ; precision: 0.200 ; recall: 0.940 ; loss: 0.955
2019-01-15 00:06:36,693:INFO: - Eval metrics : dsc: 0.300 ; iou: 0.188 ; accuracy: 0.965 ; precision: 0.188 ; recall: 0.978 ; loss: 0.947
2019-01-15 00:06:36,717:INFO: - Found new best DSC
2019-01-15 00:06:36,717:INFO: Epoch 2/45
2019-01-15 00:06:39,529:INFO: - Train metrics: dsc: 0.606 ; iou: 0.468 ; accuracy: 0.991 ; precision: 0.470 ; recall: 0.991 ; loss: 0.931
2019-01-15 00:06:40,002:INFO: - Eval metrics : dsc: 0.460 ; iou: 0.330 ; accuracy: 0.984 ; precision: 0.331 ; recall: 0.990 ; loss: 0.919
2019-01-15 00:06:40,028:INFO: - Found new best DSC
2019-01-15 00:06:40,028:INFO: Epoch 3/45
2019-01-15 00:06:42,864:INFO: - Train metrics: dsc: 0.720 ; iou: 0.598 ; accuracy: 0.995 ; precision: 0.601 ; recall: 0.993 ; loss: 0.891
2019-01-15 00:06:43,256:INFO: - Eval metrics : dsc: 0.624 ; iou: 0.505 ; accuracy: 0.994 ; precision: 0.513 ; recall: 0.957 ; loss: 0.860
2019-01-15 00:06:43,271:INFO: - Found new best DSC
2019-01-15 00:06:43,272:INFO: Epoch 4/45
2019-01-15 00:06:46,101:INFO: - Train metrics: dsc: 0.778 ; iou: 0.669 ; accuracy: 0.996 ; precision: 0.676 ; recall: 0.986 ; loss: 0.795
2019-01-15 00:06:46,492:INFO: - Eval metrics : dsc: 0.624 ; iou: 0.509 ; accuracy: 0.995 ; precision: 0.563 ; recall: 0.898 ; loss: 0.770
2019-01-15 00:06:46,514:INFO: - Found new best DSC
2019-01-15 00:06:46,514:INFO: Epoch 5/45
2019-01-15 00:06:49,325:INFO: - Train metrics: dsc: 0.830 ; iou: 0.738 ; accuracy: 0.997 ; precision: 0.765 ; recall: 0.964 ; loss: 0.594
2019-01-15 00:06:49,730:INFO: - Eval metrics : dsc: 0.754 ; iou: 0.675 ; accuracy: 0.998 ; precision: 0.695 ; recall: 0.917 ; loss: 0.531
2019-01-15 00:06:49,759:INFO: - Found new best DSC
2019-01-15 00:06:49,759:INFO: Epoch 6/45
2019-01-15 00:06:52,598:INFO: - Train metrics: dsc: 0.854 ; iou: 0.772 ; accuracy: 0.998 ; precision: 0.830 ; recall: 0.933 ; loss: 0.382
2019-01-15 00:06:52,966:INFO: - Eval metrics : dsc: 0.807 ; iou: 0.717 ; accuracy: 0.998 ; precision: 0.891 ; recall: 0.809 ; loss: 0.390
2019-01-15 00:06:52,995:INFO: - Found new best DSC
2019-01-15 00:06:52,995:INFO: Epoch 7/45
2019-01-15 00:06:55,791:INFO: - Train metrics: dsc: 0.878 ; iou: 0.807 ; accuracy: 0.998 ; precision: 0.857 ; recall: 0.941 ; loss: 0.247
2019-01-15 00:06:56,199:INFO: - Eval metrics : dsc: 0.834 ; iou: 0.770 ; accuracy: 0.999 ; precision: 0.893 ; recall: 0.864 ; loss: 0.268
2019-01-15 00:06:56,216:INFO: - Found new best DSC
2019-01-15 00:06:56,216:INFO: Epoch 8/45
2019-01-15 00:06:59,014:INFO: - Train metrics: dsc: 0.897 ; iou: 0.834 ; accuracy: 0.999 ; precision: 0.887 ; recall: 0.940 ; loss: 0.181
2019-01-15 00:06:59,430:INFO: - Eval metrics : dsc: 0.820 ; iou: 0.757 ; accuracy: 0.999 ; precision: 0.827 ; recall: 0.898 ; loss: 0.249
2019-01-15 00:06:59,448:INFO: Epoch 9/45
2019-01-15 00:07:02,273:INFO: - Train metrics: dsc: 0.895 ; iou: 0.832 ; accuracy: 0.999 ; precision: 0.891 ; recall: 0.933 ; loss: 0.159
2019-01-15 00:07:02,658:INFO: - Eval metrics : dsc: 0.816 ; iou: 0.747 ; accuracy: 0.999 ; precision: 0.803 ; recall: 0.906 ; loss: 0.227
2019-01-15 00:07:02,678:INFO: Epoch 10/45
2019-01-15 00:07:05,505:INFO: - Train metrics: dsc: 0.903 ; iou: 0.841 ; accuracy: 0.999 ; precision: 0.894 ; recall: 0.939 ; loss: 0.144
2019-01-15 00:07:05,898:INFO: - Eval metrics : dsc: 0.825 ; iou: 0.765 ; accuracy: 0.999 ; precision: 0.873 ; recall: 0.880 ; loss: 0.210
2019-01-15 00:07:05,914:INFO: Epoch 11/45
2019-01-15 00:07:08,719:INFO: - Train metrics: dsc: 0.888 ; iou: 0.825 ; accuracy: 0.999 ; precision: 0.884 ; recall: 0.931 ; loss: 0.146
2019-01-15 00:07:09,129:INFO: - Eval metrics : dsc: 0.811 ; iou: 0.743 ; accuracy: 0.999 ; precision: 0.821 ; recall: 0.861 ; loss: 0.215
2019-01-15 00:07:09,150:INFO: Epoch 12/45
2019-01-15 00:07:11,960:INFO: - Train metrics: dsc: 0.907 ; iou: 0.850 ; accuracy: 0.999 ; precision: 0.906 ; recall: 0.935 ; loss: 0.126
2019-01-15 00:07:12,346:INFO: - Eval metrics : dsc: 0.790 ; iou: 0.724 ; accuracy: 0.999 ; precision: 0.831 ; recall: 0.864 ; loss: 0.224
2019-01-15 00:07:12,359:INFO: Epoch 13/45
2019-01-15 00:07:15,151:INFO: - Train metrics: dsc: 0.898 ; iou: 0.835 ; accuracy: 0.999 ; precision: 0.896 ; recall: 0.929 ; loss: 0.128
2019-01-15 00:07:15,536:INFO: - Eval metrics : dsc: 0.815 ; iou: 0.740 ; accuracy: 0.999 ; precision: 0.853 ; recall: 0.874 ; loss: 0.216
2019-01-15 00:07:15,552:INFO: Epoch 14/45
2019-01-15 00:07:18,371:INFO: - Train metrics: dsc: 0.915 ; iou: 0.858 ; accuracy: 0.999 ; precision: 0.911 ; recall: 0.938 ; loss: 0.115
2019-01-15 00:07:18,771:INFO: - Eval metrics : dsc: 0.786 ; iou: 0.737 ; accuracy: 0.999 ; precision: 0.944 ; recall: 0.783 ; loss: 0.230
2019-01-15 00:07:18,785:INFO: Epoch 15/45
2019-01-15 00:07:21,601:INFO: - Train metrics: dsc: 0.921 ; iou: 0.866 ; accuracy: 0.999 ; precision: 0.920 ; recall: 0.939 ; loss: 0.107
2019-01-15 00:07:21,992:INFO: - Eval metrics : dsc: 0.816 ; iou: 0.765 ; accuracy: 0.999 ; precision: 0.926 ; recall: 0.826 ; loss: 0.197
2019-01-15 00:07:22,021:INFO: Epoch 16/45
2019-01-15 00:07:24,843:INFO: - Train metrics: dsc: 0.915 ; iou: 0.859 ; accuracy: 0.999 ; precision: 0.911 ; recall: 0.940 ; loss: 0.106
2019-01-15 00:07:25,238:INFO: - Eval metrics : dsc: 0.870 ; iou: 0.800 ; accuracy: 0.999 ; precision: 0.895 ; recall: 0.892 ; loss: 0.154
2019-01-15 00:07:25,254:INFO: - Found new best DSC
2019-01-15 00:07:25,254:INFO: Epoch 17/45
2019-01-15 00:07:28,055:INFO: - Train metrics: dsc: 0.921 ; iou: 0.866 ; accuracy: 0.999 ; precision: 0.920 ; recall: 0.939 ; loss: 0.102
2019-01-15 00:07:28,438:INFO: - Eval metrics : dsc: 0.862 ; iou: 0.797 ; accuracy: 0.999 ; precision: 0.833 ; recall: 0.932 ; loss: 0.156
2019-01-15 00:07:28,453:INFO: Epoch 18/45
2019-01-15 00:07:31,292:INFO: - Train metrics: dsc: 0.927 ; iou: 0.876 ; accuracy: 0.999 ; precision: 0.919 ; recall: 0.950 ; loss: 0.094
2019-01-15 00:07:31,653:INFO: - Eval metrics : dsc: 0.853 ; iou: 0.790 ; accuracy: 0.999 ; precision: 0.906 ; recall: 0.870 ; loss: 0.159
2019-01-15 00:07:31,674:INFO: Epoch 19/45
2019-01-15 00:07:34,485:INFO: - Train metrics: dsc: 0.915 ; iou: 0.861 ; accuracy: 0.999 ; precision: 0.916 ; recall: 0.939 ; loss: 0.100
2019-01-15 00:07:34,881:INFO: - Eval metrics : dsc: 0.819 ; iou: 0.764 ; accuracy: 0.999 ; precision: 0.908 ; recall: 0.844 ; loss: 0.183
2019-01-15 00:07:34,899:INFO: Epoch 20/45
2019-01-15 00:07:37,729:INFO: - Train metrics: dsc: 0.926 ; iou: 0.875 ; accuracy: 0.999 ; precision: 0.926 ; recall: 0.943 ; loss: 0.089
2019-01-15 00:07:38,144:INFO: - Eval metrics : dsc: 0.826 ; iou: 0.766 ; accuracy: 0.999 ; precision: 0.920 ; recall: 0.834 ; loss: 0.172
2019-01-15 00:07:38,162:INFO: Epoch 21/45
2019-01-15 00:07:40,985:INFO: - Train metrics: dsc: 0.926 ; iou: 0.874 ; accuracy: 0.999 ; precision: 0.925 ; recall: 0.943 ; loss: 0.088
2019-01-15 00:07:41,397:INFO: - Eval metrics : dsc: 0.829 ; iou: 0.764 ; accuracy: 0.999 ; precision: 0.821 ; recall: 0.931 ; loss: 0.176
2019-01-15 00:07:41,418:INFO: Epoch 22/45
2019-01-15 00:07:44,270:INFO: - Train metrics: dsc: 0.908 ; iou: 0.854 ; accuracy: 0.999 ; precision: 0.909 ; recall: 0.938 ; loss: 0.100
2019-01-15 00:07:44,671:INFO: - Eval metrics : dsc: 0.836 ; iou: 0.778 ; accuracy: 0.999 ; precision: 0.923 ; recall: 0.841 ; loss: 0.163
2019-01-15 00:07:44,691:INFO: Epoch 23/45
2019-01-15 00:07:47,513:INFO: - Train metrics: dsc: 0.930 ; iou: 0.880 ; accuracy: 0.999 ; precision: 0.928 ; recall: 0.945 ; loss: 0.077
2019-01-15 00:07:47,988:INFO: - Eval metrics : dsc: 0.823 ; iou: 0.765 ; accuracy: 0.999 ; precision: 0.910 ; recall: 0.841 ; loss: 0.165
2019-01-15 00:07:48,011:INFO: Epoch 24/45
2019-01-15 00:07:50,847:INFO: - Train metrics: dsc: 0.876 ; iou: 0.809 ; accuracy: 0.999 ; precision: 0.896 ; recall: 0.899 ; loss: 0.129
2019-01-15 00:07:51,230:INFO: - Eval metrics : dsc: 0.820 ; iou: 0.763 ; accuracy: 0.999 ; precision: 0.876 ; recall: 0.841 ; loss: 0.171
2019-01-15 00:07:51,246:INFO: Epoch 25/45
2019-01-15 00:07:54,090:INFO: - Train metrics: dsc: 0.923 ; iou: 0.870 ; accuracy: 0.999 ; precision: 0.922 ; recall: 0.941 ; loss: 0.078
2019-01-15 00:07:54,495:INFO: - Eval metrics : dsc: 0.818 ; iou: 0.753 ; accuracy: 0.999 ; precision: 0.788 ; recall: 0.932 ; loss: 0.180
2019-01-15 00:07:54,516:INFO: Epoch 26/45
2019-01-15 00:07:57,340:INFO: - Train metrics: dsc: 0.901 ; iou: 0.841 ; accuracy: 0.999 ; precision: 0.911 ; recall: 0.921 ; loss: 0.096
2019-01-15 00:07:57,778:INFO: - Eval metrics : dsc: 0.809 ; iou: 0.752 ; accuracy: 0.999 ; precision: 0.921 ; recall: 0.819 ; loss: 0.172
2019-01-15 00:07:57,793:INFO: Epoch 27/45
2019-01-15 00:08:00,712:INFO: - Train metrics: dsc: 0.897 ; iou: 0.835 ; accuracy: 0.999 ; precision: 0.908 ; recall: 0.918 ; loss: 0.098
2019-01-15 00:08:01,111:INFO: - Eval metrics : dsc: 0.792 ; iou: 0.729 ; accuracy: 0.999 ; precision: 0.863 ; recall: 0.820 ; loss: 0.190
2019-01-15 00:08:01,130:INFO: Epoch 28/45
2019-01-15 00:08:03,931:INFO: - Train metrics: dsc: 0.914 ; iou: 0.856 ; accuracy: 0.999 ; precision: 0.916 ; recall: 0.930 ; loss: 0.077
2019-01-15 00:08:04,327:INFO: - Eval metrics : dsc: 0.818 ; iou: 0.760 ; accuracy: 0.999 ; precision: 0.853 ; recall: 0.861 ; loss: 0.161
2019-01-15 00:08:04,341:INFO: Epoch 29/45
2019-01-15 00:08:07,145:INFO: - Train metrics: dsc: 0.924 ; iou: 0.871 ; accuracy: 0.999 ; precision: 0.919 ; recall: 0.945 ; loss: 0.064
2019-01-15 00:08:07,528:INFO: - Eval metrics : dsc: 0.821 ; iou: 0.765 ; accuracy: 0.999 ; precision: 0.896 ; recall: 0.836 ; loss: 0.153
2019-01-15 00:08:07,547:INFO: Epoch 30/45
2019-01-15 00:08:10,379:INFO: - Train metrics: dsc: 0.932 ; iou: 0.881 ; accuracy: 0.999 ; precision: 0.928 ; recall: 0.946 ; loss: 0.050
2019-01-15 00:08:10,789:INFO: - Eval metrics : dsc: 0.817 ; iou: 0.762 ; accuracy: 0.999 ; precision: 0.889 ; recall: 0.844 ; loss: 0.158
2019-01-15 00:08:10,807:INFO: Epoch 31/45
2019-01-15 00:08:13,639:INFO: - Train metrics: dsc: 0.935 ; iou: 0.886 ; accuracy: 0.999 ; precision: 0.932 ; recall: 0.948 ; loss: 0.045
2019-01-15 00:08:14,034:INFO: - Eval metrics : dsc: 0.824 ; iou: 0.769 ; accuracy: 0.999 ; precision: 0.891 ; recall: 0.850 ; loss: 0.150
2019-01-15 00:08:14,054:INFO: Epoch 32/45
2019-01-15 00:08:16,868:INFO: - Train metrics: dsc: 0.936 ; iou: 0.888 ; accuracy: 0.999 ; precision: 0.932 ; recall: 0.950 ; loss: 0.043
2019-01-15 00:08:17,293:INFO: - Eval metrics : dsc: 0.826 ; iou: 0.772 ; accuracy: 0.999 ; precision: 0.898 ; recall: 0.846 ; loss: 0.147
2019-01-15 00:08:17,314:INFO: Epoch 33/45
2019-01-15 00:08:20,127:INFO: - Train metrics: dsc: 0.936 ; iou: 0.888 ; accuracy: 0.999 ; precision: 0.931 ; recall: 0.951 ; loss: 0.041
2019-01-15 00:08:20,531:INFO: - Eval metrics : dsc: 0.816 ; iou: 0.760 ; accuracy: 0.999 ; precision: 0.860 ; recall: 0.872 ; loss: 0.158
2019-01-15 00:08:20,545:INFO: Epoch 34/45
2019-01-15 00:08:23,353:INFO: - Train metrics: dsc: 0.932 ; iou: 0.887 ; accuracy: 0.999 ; precision: 0.940 ; recall: 0.941 ; loss: 0.044
2019-01-15 00:08:23,770:INFO: - Eval metrics : dsc: 0.826 ; iou: 0.773 ; accuracy: 0.999 ; precision: 0.887 ; recall: 0.858 ; loss: 0.147
2019-01-15 00:08:23,790:INFO: Epoch 35/45
2019-01-15 00:08:26,605:INFO: - Train metrics: dsc: 0.935 ; iou: 0.890 ; accuracy: 0.999 ; precision: 0.938 ; recall: 0.947 ; loss: 0.040
2019-01-15 00:08:27,008:INFO: - Eval metrics : dsc: 0.831 ; iou: 0.778 ; accuracy: 0.999 ; precision: 0.898 ; recall: 0.852 ; loss: 0.141
2019-01-15 00:08:27,022:INFO: Epoch 36/45
2019-01-15 00:08:29,856:INFO: - Train metrics: dsc: 0.935 ; iou: 0.889 ; accuracy: 0.999 ; precision: 0.937 ; recall: 0.946 ; loss: 0.041
2019-01-15 00:08:30,260:INFO: - Eval metrics : dsc: 0.828 ; iou: 0.775 ; accuracy: 0.999 ; precision: 0.908 ; recall: 0.838 ; loss: 0.143
2019-01-15 00:08:30,271:INFO: Epoch 37/45
2019-01-15 00:08:33,092:INFO: - Train metrics: dsc: 0.935 ; iou: 0.890 ; accuracy: 0.999 ; precision: 0.937 ; recall: 0.946 ; loss: 0.039
2019-01-15 00:08:33,502:INFO: - Eval metrics : dsc: 0.823 ; iou: 0.771 ; accuracy: 0.999 ; precision: 0.898 ; recall: 0.845 ; loss: 0.149
2019-01-15 00:08:33,519:INFO: Epoch 38/45
2019-01-15 00:08:36,329:INFO: - Train metrics: dsc: 0.933 ; iou: 0.889 ; accuracy: 0.999 ; precision: 0.938 ; recall: 0.946 ; loss: 0.042
2019-01-15 00:08:36,709:INFO: - Eval metrics : dsc: 0.823 ; iou: 0.771 ; accuracy: 0.999 ; precision: 0.885 ; recall: 0.858 ; loss: 0.150
2019-01-15 00:08:36,722:INFO: Epoch 39/45
2019-01-15 00:08:39,537:INFO: - Train metrics: dsc: 0.938 ; iou: 0.895 ; accuracy: 0.999 ; precision: 0.940 ; recall: 0.950 ; loss: 0.036
2019-01-15 00:08:39,952:INFO: - Eval metrics : dsc: 0.822 ; iou: 0.770 ; accuracy: 0.999 ; precision: 0.885 ; recall: 0.855 ; loss: 0.150
2019-01-15 00:08:39,966:INFO: Epoch 40/45
2019-01-15 00:08:42,925:INFO: - Train metrics: dsc: 0.886 ; iou: 0.828 ; accuracy: 0.999 ; precision: 0.911 ; recall: 0.908 ; loss: 0.097
2019-01-15 00:08:43,351:INFO: - Eval metrics : dsc: 0.839 ; iou: 0.778 ; accuracy: 0.999 ; precision: 0.919 ; recall: 0.848 ; loss: 0.134
2019-01-15 00:08:43,370:INFO: Epoch 41/45
2019-01-15 00:08:46,187:INFO: - Train metrics: dsc: 0.905 ; iou: 0.848 ; accuracy: 0.999 ; precision: 0.915 ; recall: 0.920 ; loss: 0.073
2019-01-15 00:08:46,645:INFO: - Eval metrics : dsc: 0.818 ; iou: 0.757 ; accuracy: 0.999 ; precision: 0.861 ; recall: 0.849 ; loss: 0.157
2019-01-15 00:08:46,671:INFO: Epoch 42/45
2019-01-15 00:08:49,483:INFO: - Train metrics: dsc: 0.827 ; iou: 0.755 ; accuracy: 0.998 ; precision: 0.886 ; recall: 0.838 ; loss: 0.151
2019-01-15 00:08:49,876:INFO: - Eval metrics : dsc: 0.778 ; iou: 0.718 ; accuracy: 0.999 ; precision: 0.920 ; recall: 0.769 ; loss: 0.197
2019-01-15 00:08:49,896:INFO: Epoch 43/45
2019-01-15 00:08:52,707:INFO: - Train metrics: dsc: 0.899 ; iou: 0.837 ; accuracy: 0.999 ; precision: 0.917 ; recall: 0.911 ; loss: 0.083
2019-01-15 00:08:53,119:INFO: - Eval metrics : dsc: 0.820 ; iou: 0.757 ; accuracy: 0.999 ; precision: 0.854 ; recall: 0.869 ; loss: 0.160
2019-01-15 00:08:53,142:INFO: Epoch 44/45
2019-01-15 00:08:55,966:INFO: - Train metrics: dsc: 0.922 ; iou: 0.867 ; accuracy: 0.999 ; precision: 0.925 ; recall: 0.936 ; loss: 0.054
2019-01-15 00:08:56,381:INFO: - Eval metrics : dsc: 0.826 ; iou: 0.766 ; accuracy: 0.999 ; precision: 0.867 ; recall: 0.869 ; loss: 0.152
2019-01-15 00:08:56,395:INFO: Epoch 45/45
2019-01-15 00:08:59,226:INFO: - Train metrics: dsc: 0.923 ; iou: 0.872 ; accuracy: 0.999 ; precision: 0.926 ; recall: 0.939 ; loss: 0.054
2019-01-15 00:08:59,619:INFO: - Eval metrics : dsc: 0.824 ; iou: 0.765 ; accuracy: 0.999 ; precision: 0.886 ; recall: 0.858 ; loss: 0.154
2019-01-15 00:08:59,691:INFO: Loading the datasets...
2019-01-15 00:09:00,816:INFO: - done.
2019-01-15 00:09:00,816:INFO: For k-fold 3/5:
2019-01-15 00:09:00,816:INFO: Starting training for 45 epoch(s)
2019-01-15 00:09:00,816:INFO: Epoch 1/45
2019-01-15 00:09:03,586:INFO: - Train metrics: dsc: 0.253 ; iou: 0.164 ; accuracy: 0.918 ; precision: 0.165 ; recall: 0.934 ; loss: 0.957
2019-01-15 00:09:03,999:INFO: - Eval metrics : dsc: 0.366 ; iou: 0.238 ; accuracy: 0.971 ; precision: 0.238 ; recall: 0.999 ; loss: 0.945
2019-01-15 00:09:04,016:INFO: - Found new best DSC
2019-01-15 00:09:04,016:INFO: Epoch 2/45
2019-01-15 00:09:06,821:INFO: - Train metrics: dsc: 0.569 ; iou: 0.433 ; accuracy: 0.989 ; precision: 0.435 ; recall: 0.984 ; loss: 0.934
2019-01-15 00:09:07,204:INFO: - Eval metrics : dsc: 0.688 ; iou: 0.548 ; accuracy: 0.994 ; precision: 0.572 ; recall: 0.958 ; loss: 0.912
2019-01-15 00:09:07,238:INFO: - Found new best DSC
2019-01-15 00:09:07,238:INFO: Epoch 3/45
2019-01-15 00:09:10,041:INFO: - Train metrics: dsc: 0.649 ; iou: 0.523 ; accuracy: 0.993 ; precision: 0.537 ; recall: 0.963 ; loss: 0.897
2019-01-15 00:09:10,492:INFO: - Eval metrics : dsc: 0.473 ; iou: 0.341 ; accuracy: 0.980 ; precision: 0.342 ; recall: 0.981 ; loss: 0.831
2019-01-15 00:09:10,515:INFO: Epoch 4/45
2019-01-15 00:09:13,357:INFO: - Train metrics: dsc: 0.652 ; iou: 0.535 ; accuracy: 0.993 ; precision: 0.563 ; recall: 0.929 ; loss: 0.815
2019-01-15 00:09:13,785:INFO: - Eval metrics : dsc: 0.683 ; iou: 0.570 ; accuracy: 0.994 ; precision: 0.619 ; recall: 0.925 ; loss: 0.753
2019-01-15 00:09:13,799:INFO: Epoch 5/45
2019-01-15 00:09:16,629:INFO: - Train metrics: dsc: 0.771 ; iou: 0.677 ; accuracy: 0.997 ; precision: 0.718 ; recall: 0.918 ; loss: 0.649
2019-01-15 00:09:17,019:INFO: - Eval metrics : dsc: 0.816 ; iou: 0.720 ; accuracy: 0.997 ; precision: 0.816 ; recall: 0.858 ; loss: 0.507
2019-01-15 00:09:17,038:INFO: - Found new best DSC
2019-01-15 00:09:17,038:INFO: Epoch 6/45
2019-01-15 00:09:19,837:INFO: - Train metrics: dsc: 0.797 ; iou: 0.709 ; accuracy: 0.997 ; precision: 0.757 ; recall: 0.924 ; loss: 0.455
2019-01-15 00:09:20,224:INFO: - Eval metrics : dsc: 0.862 ; iou: 0.784 ; accuracy: 0.998 ; precision: 0.915 ; recall: 0.858 ; loss: 0.376
2019-01-15 00:09:20,244:INFO: - Found new best DSC
2019-01-15 00:09:20,244:INFO: Epoch 7/45
2019-01-15 00:09:23,060:INFO: - Train metrics: dsc: 0.838 ; iou: 0.762 ; accuracy: 0.998 ; precision: 0.821 ; recall: 0.924 ; loss: 0.296
2019-01-15 00:09:23,451:INFO: - Eval metrics : dsc: 0.867 ; iou: 0.803 ; accuracy: 0.999 ; precision: 0.922 ; recall: 0.871 ; loss: 0.258
2019-01-15 00:09:23,470:INFO: - Found new best DSC
2019-01-15 00:09:23,471:INFO: Epoch 8/45
2019-01-15 00:09:26,277:INFO: - Train metrics: dsc: 0.876 ; iou: 0.805 ; accuracy: 0.999 ; precision: 0.873 ; recall: 0.917 ; loss: 0.221
2019-01-15 00:09:26,672:INFO: - Eval metrics : dsc: 0.875 ; iou: 0.805 ; accuracy: 0.998 ; precision: 0.880 ; recall: 0.915 ; loss: 0.202
2019-01-15 00:09:26,688:INFO: - Found new best DSC
2019-01-15 00:09:26,688:INFO: Epoch 9/45
2019-01-15 00:09:29,507:INFO: - Train metrics: dsc: 0.862 ; iou: 0.791 ; accuracy: 0.998 ; precision: 0.879 ; recall: 0.899 ; loss: 0.202
2019-01-15 00:09:29,907:INFO: - Eval metrics : dsc: 0.871 ; iou: 0.801 ; accuracy: 0.998 ; precision: 0.901 ; recall: 0.889 ; loss: 0.183
2019-01-15 00:09:29,918:INFO: Epoch 10/45
2019-01-15 00:09:32,736:INFO: - Train metrics: dsc: 0.865 ; iou: 0.792 ; accuracy: 0.998 ; precision: 0.870 ; recall: 0.911 ; loss: 0.181
2019-01-15 00:09:33,128:INFO: - Eval metrics : dsc: 0.840 ; iou: 0.763 ; accuracy: 0.998 ; precision: 0.814 ; recall: 0.943 ; loss: 0.183
2019-01-15 00:09:33,142:INFO: Epoch 11/45
2019-01-15 00:09:35,958:INFO: - Train metrics: dsc: 0.861 ; iou: 0.793 ; accuracy: 0.999 ; precision: 0.865 ; recall: 0.914 ; loss: 0.165
2019-01-15 00:09:36,358:INFO: - Eval metrics : dsc: 0.898 ; iou: 0.842 ; accuracy: 0.999 ; precision: 0.912 ; recall: 0.925 ; loss: 0.140
2019-01-15 00:09:36,378:INFO: - Found new best DSC
2019-01-15 00:09:36,379:INFO: Epoch 12/45
2019-01-15 00:09:39,192:INFO: - Train metrics: dsc: 0.890 ; iou: 0.829 ; accuracy: 0.999 ; precision: 0.891 ; recall: 0.928 ; loss: 0.137
2019-01-15 00:09:39,586:INFO: - Eval metrics : dsc: 0.900 ; iou: 0.846 ; accuracy: 0.999 ; precision: 0.908 ; recall: 0.933 ; loss: 0.134
2019-01-15 00:09:39,605:INFO: - Found new best DSC
2019-01-15 00:09:39,606:INFO: Epoch 13/45
2019-01-15 00:09:42,432:INFO: - Train metrics: dsc: 0.885 ; iou: 0.820 ; accuracy: 0.999 ; precision: 0.881 ; recall: 0.920 ; loss: 0.140
2019-01-15 00:09:42,889:INFO: - Eval metrics : dsc: 0.869 ; iou: 0.799 ; accuracy: 0.998 ; precision: 0.907 ; recall: 0.883 ; loss: 0.167
2019-01-15 00:09:42,903:INFO: Epoch 14/45
2019-01-15 00:09:45,730:INFO: - Train metrics: dsc: 0.856 ; iou: 0.788 ; accuracy: 0.999 ; precision: 0.863 ; recall: 0.908 ; loss: 0.154
2019-01-15 00:09:46,120:INFO: - Eval metrics : dsc: 0.891 ; iou: 0.831 ; accuracy: 0.999 ; precision: 0.925 ; recall: 0.900 ; loss: 0.139
2019-01-15 00:09:46,142:INFO: Epoch 15/45
2019-01-15 00:09:48,957:INFO: - Train metrics: dsc: 0.871 ; iou: 0.808 ; accuracy: 0.999 ; precision: 0.880 ; recall: 0.917 ; loss: 0.138
2019-01-15 00:09:49,377:INFO: - Eval metrics : dsc: 0.888 ; iou: 0.827 ; accuracy: 0.999 ; precision: 0.929 ; recall: 0.890 ; loss: 0.138
2019-01-15 00:09:49,395:INFO: Epoch 16/45
2019-01-15 00:09:52,207:INFO: - Train metrics: dsc: 0.890 ; iou: 0.828 ; accuracy: 0.999 ; precision: 0.888 ; recall: 0.932 ; loss: 0.124
2019-01-15 00:09:52,602:INFO: - Eval metrics : dsc: 0.897 ; iou: 0.841 ; accuracy: 0.999 ; precision: 0.933 ; recall: 0.903 ; loss: 0.129
2019-01-15 00:09:52,617:INFO: Epoch 17/45
2019-01-15 00:09:55,483:INFO: - Train metrics: dsc: 0.900 ; iou: 0.841 ; accuracy: 0.999 ; precision: 0.907 ; recall: 0.923 ; loss: 0.117
2019-01-15 00:09:55,852:INFO: - Eval metrics : dsc: 0.902 ; iou: 0.849 ; accuracy: 0.999 ; precision: 0.909 ; recall: 0.934 ; loss: 0.119
2019-01-15 00:09:55,878:INFO: - Found new best DSC
2019-01-15 00:09:55,878:INFO: Epoch 18/45
2019-01-15 00:09:58,703:INFO: - Train metrics: dsc: 0.909 ; iou: 0.851 ; accuracy: 0.999 ; precision: 0.912 ; recall: 0.931 ; loss: 0.111
2019-01-15 00:09:59,126:INFO: - Eval metrics : dsc: 0.898 ; iou: 0.840 ; accuracy: 0.999 ; precision: 0.887 ; recall: 0.948 ; loss: 0.120
2019-01-15 00:09:59,150:INFO: Epoch 19/45
2019-01-15 00:10:02,028:INFO: - Train metrics: dsc: 0.900 ; iou: 0.844 ; accuracy: 0.999 ; precision: 0.901 ; recall: 0.935 ; loss: 0.111
2019-01-15 00:10:02,411:INFO: - Eval metrics : dsc: 0.903 ; iou: 0.851 ; accuracy: 0.999 ; precision: 0.925 ; recall: 0.921 ; loss: 0.112
2019-01-15 00:10:02,433:INFO: - Found new best DSC
2019-01-15 00:10:02,433:INFO: Epoch 20/45
2019-01-15 00:10:05,245:INFO: - Train metrics: dsc: 0.917 ; iou: 0.861 ; accuracy: 0.999 ; precision: 0.918 ; recall: 0.936 ; loss: 0.098
2019-01-15 00:10:05,638:INFO: - Eval metrics : dsc: 0.905 ; iou: 0.854 ; accuracy: 0.999 ; precision: 0.916 ; recall: 0.934 ; loss: 0.102
2019-01-15 00:10:05,658:INFO: - Found new best DSC
2019-01-15 00:10:05,659:INFO: Epoch 21/45
2019-01-15 00:10:08,476:INFO: - Train metrics: dsc: 0.909 ; iou: 0.854 ; accuracy: 0.999 ; precision: 0.912 ; recall: 0.934 ; loss: 0.099
2019-01-15 00:10:08,894:INFO: - Eval metrics : dsc: 0.895 ; iou: 0.840 ; accuracy: 0.999 ; precision: 0.920 ; recall: 0.915 ; loss: 0.118
2019-01-15 00:10:08,919:INFO: Epoch 22/45
2019-01-15 00:10:11,728:INFO: - Train metrics: dsc: 0.919 ; iou: 0.865 ; accuracy: 0.999 ; precision: 0.923 ; recall: 0.935 ; loss: 0.092
2019-01-15 00:10:12,130:INFO: - Eval metrics : dsc: 0.905 ; iou: 0.854 ; accuracy: 0.999 ; precision: 0.937 ; recall: 0.912 ; loss: 0.105
2019-01-15 00:10:12,147:INFO: Epoch 23/45
2019-01-15 00:10:14,950:INFO: - Train metrics: dsc: 0.918 ; iou: 0.867 ; accuracy: 0.999 ; precision: 0.931 ; recall: 0.927 ; loss: 0.086
2019-01-15 00:10:15,339:INFO: - Eval metrics : dsc: 0.902 ; iou: 0.850 ; accuracy: 0.999 ; precision: 0.930 ; recall: 0.916 ; loss: 0.095
2019-01-15 00:10:15,353:INFO: Epoch 24/45
2019-01-15 00:10:18,158:INFO: - Train metrics: dsc: 0.887 ; iou: 0.828 ; accuracy: 0.999 ; precision: 0.904 ; recall: 0.908 ; loss: 0.111
2019-01-15 00:10:18,557:INFO: - Eval metrics : dsc: 0.858 ; iou: 0.781 ; accuracy: 0.998 ; precision: 0.809 ; recall: 0.956 ; loss: 0.139
2019-01-15 00:10:18,572:INFO: Epoch 25/45
2019-01-15 00:10:21,382:INFO: - Train metrics: dsc: 0.887 ; iou: 0.827 ; accuracy: 0.999 ; precision: 0.895 ; recall: 0.920 ; loss: 0.111
2019-01-15 00:10:21,772:INFO: - Eval metrics : dsc: 0.887 ; iou: 0.825 ; accuracy: 0.999 ; precision: 0.919 ; recall: 0.900 ; loss: 0.109
2019-01-15 00:10:21,788:INFO: Epoch 26/45
2019-01-15 00:10:24,602:INFO: - Train metrics: dsc: 0.872 ; iou: 0.798 ; accuracy: 0.998 ; precision: 0.874 ; recall: 0.901 ; loss: 0.129
2019-01-15 00:10:24,990:INFO: - Eval metrics : dsc: 0.887 ; iou: 0.826 ; accuracy: 0.999 ; precision: 0.925 ; recall: 0.896 ; loss: 0.099
2019-01-15 00:10:25,005:INFO: Epoch 27/45
2019-01-15 00:10:27,808:INFO: - Train metrics: dsc: 0.869 ; iou: 0.804 ; accuracy: 0.999 ; precision: 0.885 ; recall: 0.908 ; loss: 0.126
2019-01-15 00:10:28,213:INFO: - Eval metrics : dsc: 0.894 ; iou: 0.828 ; accuracy: 0.999 ; precision: 0.967 ; recall: 0.857 ; loss: 0.088
2019-01-15 00:10:28,226:INFO: Epoch 28/45
2019-01-15 00:10:31,037:INFO: - Train metrics: dsc: 0.900 ; iou: 0.840 ; accuracy: 0.999 ; precision: 0.902 ; recall: 0.929 ; loss: 0.092
2019-01-15 00:10:31,442:INFO: - Eval metrics : dsc: 0.903 ; iou: 0.849 ; accuracy: 0.999 ; precision: 0.918 ; recall: 0.926 ; loss: 0.082
2019-01-15 00:10:31,459:INFO: Epoch 29/45
2019-01-15 00:10:34,262:INFO: - Train metrics: dsc: 0.899 ; iou: 0.841 ; accuracy: 0.999 ; precision: 0.896 ; recall: 0.935 ; loss: 0.094
2019-01-15 00:10:34,676:INFO: - Eval metrics : dsc: 0.897 ; iou: 0.843 ; accuracy: 0.999 ; precision: 0.933 ; recall: 0.904 ; loss: 0.086
2019-01-15 00:10:34,694:INFO: Epoch 30/45
2019-01-15 00:10:37,538:INFO: - Train metrics: dsc: 0.905 ; iou: 0.847 ; accuracy: 0.999 ; precision: 0.905 ; recall: 0.933 ; loss: 0.086
2019-01-15 00:10:37,965:INFO: - Eval metrics : dsc: 0.903 ; iou: 0.851 ; accuracy: 0.999 ; precision: 0.927 ; recall: 0.919 ; loss: 0.087
2019-01-15 00:10:37,984:INFO: Epoch 31/45
2019-01-15 00:10:40,808:INFO: - Train metrics: dsc: 0.911 ; iou: 0.858 ; accuracy: 0.999 ; precision: 0.914 ; recall: 0.936 ; loss: 0.079
2019-01-15 00:10:41,243:INFO: - Eval metrics : dsc: 0.899 ; iou: 0.844 ; accuracy: 0.999 ; precision: 0.899 ; recall: 0.941 ; loss: 0.081
2019-01-15 00:10:41,265:INFO: Epoch 32/45
2019-01-15 00:10:44,100:INFO: - Train metrics: dsc: 0.833 ; iou: 0.771 ; accuracy: 0.998 ; precision: 0.906 ; recall: 0.849 ; loss: 0.153
2019-01-15 00:10:44,504:INFO: - Eval metrics : dsc: 0.809 ; iou: 0.733 ; accuracy: 0.998 ; precision: 0.838 ; recall: 0.858 ; loss: 0.189
2019-01-15 00:10:44,519:INFO: Epoch 33/45
2019-01-15 00:10:47,340:INFO: - Train metrics: dsc: 0.848 ; iou: 0.774 ; accuracy: 0.998 ; precision: 0.868 ; recall: 0.879 ; loss: 0.141
2019-01-15 00:10:47,778:INFO: - Eval metrics : dsc: 0.879 ; iou: 0.812 ; accuracy: 0.999 ; precision: 0.912 ; recall: 0.893 ; loss: 0.100
2019-01-15 00:10:47,792:INFO: Epoch 34/45
2019-01-15 00:10:50,605:INFO: - Train metrics: dsc: 0.891 ; iou: 0.830 ; accuracy: 0.999 ; precision: 0.906 ; recall: 0.915 ; loss: 0.095
2019-01-15 00:10:51,007:INFO: - Eval metrics : dsc: 0.900 ; iou: 0.846 ; accuracy: 0.999 ; precision: 0.930 ; recall: 0.912 ; loss: 0.076
2019-01-15 00:10:51,025:INFO: Epoch 35/45
2019-01-15 00:10:53,862:INFO: - Train metrics: dsc: 0.871 ; iou: 0.799 ; accuracy: 0.999 ; precision: 0.890 ; recall: 0.892 ; loss: 0.119
2019-01-15 00:10:54,290:INFO: - Eval metrics : dsc: 0.854 ; iou: 0.773 ; accuracy: 0.998 ; precision: 0.884 ; recall: 0.872 ; loss: 0.125
2019-01-15 00:10:54,309:INFO: Epoch 36/45
2019-01-15 00:10:57,133:INFO: - Train metrics: dsc: 0.879 ; iou: 0.808 ; accuracy: 0.999 ; precision: 0.900 ; recall: 0.895 ; loss: 0.105
2019-01-15 00:10:57,531:INFO: - Eval metrics : dsc: 0.887 ; iou: 0.825 ; accuracy: 0.999 ; precision: 0.931 ; recall: 0.888 ; loss: 0.087
2019-01-15 00:10:57,545:INFO: Epoch 37/45
2019-01-15 00:11:00,368:INFO: - Train metrics: dsc: 0.906 ; iou: 0.846 ; accuracy: 0.999 ; precision: 0.913 ; recall: 0.922 ; loss: 0.073
2019-01-15 00:11:00,756:INFO: - Eval metrics : dsc: 0.894 ; iou: 0.836 ; accuracy: 0.999 ; precision: 0.935 ; recall: 0.896 ; loss: 0.081
2019-01-15 00:11:00,774:INFO: Epoch 38/45
2019-01-15 00:11:03,586:INFO: - Train metrics: dsc: 0.909 ; iou: 0.851 ; accuracy: 0.999 ; precision: 0.915 ; recall: 0.926 ; loss: 0.069
2019-01-15 00:11:04,005:INFO: - Eval metrics : dsc: 0.897 ; iou: 0.841 ; accuracy: 0.999 ; precision: 0.940 ; recall: 0.896 ; loss: 0.078
2019-01-15 00:11:04,020:INFO: Epoch 39/45
2019-01-15 00:11:06,852:INFO: - Train metrics: dsc: 0.916 ; iou: 0.860 ; accuracy: 0.999 ; precision: 0.921 ; recall: 0.930 ; loss: 0.062
2019-01-15 00:11:07,242:INFO: - Eval metrics : dsc: 0.899 ; iou: 0.845 ; accuracy: 0.999 ; precision: 0.927 ; recall: 0.913 ; loss: 0.076
2019-01-15 00:11:07,260:INFO: Epoch 40/45
2019-01-15 00:11:10,079:INFO: - Train metrics: dsc: 0.900 ; iou: 0.843 ; accuracy: 0.999 ; precision: 0.922 ; recall: 0.912 ; loss: 0.080
2019-01-15 00:11:10,469:INFO: - Eval metrics : dsc: 0.906 ; iou: 0.844 ; accuracy: 0.999 ; precision: 0.912 ; recall: 0.926 ; loss: 0.073
2019-01-15 00:11:10,489:INFO: - Found new best DSC
2019-01-15 00:11:10,489:INFO: Epoch 41/45
2019-01-15 00:11:13,314:INFO: - Train metrics: dsc: 0.912 ; iou: 0.858 ; accuracy: 0.999 ; precision: 0.923 ; recall: 0.927 ; loss: 0.066
2019-01-15 00:11:13,712:INFO: - Eval metrics : dsc: 0.907 ; iou: 0.849 ; accuracy: 0.999 ; precision: 0.921 ; recall: 0.923 ; loss: 0.051
2019-01-15 00:11:13,734:INFO: - Found new best DSC
2019-01-15 00:11:13,735:INFO: Epoch 42/45
2019-01-15 00:11:16,552:INFO: - Train metrics: dsc: 0.916 ; iou: 0.865 ; accuracy: 0.999 ; precision: 0.929 ; recall: 0.929 ; loss: 0.061
2019-01-15 00:11:16,933:INFO: - Eval metrics : dsc: 0.911 ; iou: 0.852 ; accuracy: 0.999 ; precision: 0.963 ; recall: 0.885 ; loss: 0.047
2019-01-15 00:11:16,951:INFO: - Found new best DSC
2019-01-15 00:11:16,951:INFO: Epoch 43/45
2019-01-15 00:11:19,754:INFO: - Train metrics: dsc: 0.921 ; iou: 0.871 ; accuracy: 0.999 ; precision: 0.928 ; recall: 0.936 ; loss: 0.056
2019-01-15 00:11:20,148:INFO: - Eval metrics : dsc: 0.905 ; iou: 0.851 ; accuracy: 0.999 ; precision: 0.925 ; recall: 0.922 ; loss: 0.069
2019-01-15 00:11:20,171:INFO: Epoch 44/45
2019-01-15 00:11:23,001:INFO: - Train metrics: dsc: 0.922 ; iou: 0.871 ; accuracy: 0.999 ; precision: 0.928 ; recall: 0.935 ; loss: 0.055
2019-01-15 00:11:23,392:INFO: - Eval metrics : dsc: 0.917 ; iou: 0.863 ; accuracy: 0.999 ; precision: 0.930 ; recall: 0.928 ; loss: 0.041
2019-01-15 00:11:23,414:INFO: - Found new best DSC
2019-01-15 00:11:23,414:INFO: Epoch 45/45
2019-01-15 00:11:26,232:INFO: - Train metrics: dsc: 0.925 ; iou: 0.874 ; accuracy: 0.999 ; precision: 0.926 ; recall: 0.941 ; loss: 0.052
2019-01-15 00:11:26,623:INFO: - Eval metrics : dsc: 0.904 ; iou: 0.851 ; accuracy: 0.999 ; precision: 0.940 ; recall: 0.908 ; loss: 0.069
2019-01-15 00:11:26,688:INFO: Loading the datasets...
2019-01-15 00:11:27,787:INFO: - done.
2019-01-15 00:11:27,787:INFO: For k-fold 4/5:
2019-01-15 00:11:27,787:INFO: Starting training for 45 epoch(s)
2019-01-15 00:11:27,787:INFO: Epoch 1/45
2019-01-15 00:11:30,587:INFO: - Train metrics: dsc: 0.255 ; iou: 0.164 ; accuracy: 0.916 ; precision: 0.165 ; recall: 0.942 ; loss: 0.957
2019-01-15 00:11:30,975:INFO: - Eval metrics : dsc: 0.330 ; iou: 0.208 ; accuracy: 0.965 ; precision: 0.208 ; recall: 0.998 ; loss: 0.946
2019-01-15 00:11:30,991:INFO: - Found new best DSC
2019-01-15 00:11:30,991:INFO: Epoch 2/45
2019-01-15 00:11:33,793:INFO: - Train metrics: dsc: 0.500 ; iou: 0.364 ; accuracy: 0.985 ; precision: 0.373 ; recall: 0.974 ; loss: 0.934
2019-01-15 00:11:34,186:INFO: - Eval metrics : dsc: 0.432 ; iou: 0.295 ; accuracy: 0.977 ; precision: 0.295 ; recall: 0.989 ; loss: 0.916
2019-01-15 00:11:34,205:INFO: - Found new best DSC
2019-01-15 00:11:34,205:INFO: Epoch 3/45
2019-01-15 00:11:37,008:INFO: - Train metrics: dsc: 0.644 ; iou: 0.517 ; accuracy: 0.993 ; precision: 0.528 ; recall: 0.978 ; loss: 0.894
2019-01-15 00:11:37,401:INFO: - Eval metrics : dsc: 0.271 ; iou: 0.171 ; accuracy: 0.937 ; precision: 0.171 ; recall: 0.989 ; loss: 0.938
2019-01-15 00:11:37,420:INFO: Epoch 4/45
2019-01-15 00:11:40,232:INFO: - Train metrics: dsc: 0.645 ; iou: 0.533 ; accuracy: 0.992 ; precision: 0.559 ; recall: 0.921 ; loss: 0.807
2019-01-15 00:11:40,630:INFO: - Eval metrics : dsc: 0.700 ; iou: 0.595 ; accuracy: 0.993 ; precision: 0.719 ; recall: 0.863 ; loss: 0.736
2019-01-15 00:11:40,651:INFO: - Found new best DSC
2019-01-15 00:11:40,652:INFO: Epoch 5/45
2019-01-15 00:11:43,450:INFO: - Train metrics: dsc: 0.741 ; iou: 0.644 ; accuracy: 0.996 ; precision: 0.698 ; recall: 0.920 ; loss: 0.657
2019-01-15 00:11:43,848:INFO: - Eval metrics : dsc: 0.706 ; iou: 0.609 ; accuracy: 0.996 ; precision: 0.793 ; recall: 0.793 ; loss: 0.662
2019-01-15 00:11:43,864:INFO: - Found new best DSC
2019-01-15 00:11:43,864:INFO: Epoch 6/45
2019-01-15 00:11:46,675:INFO: - Train metrics: dsc: 0.820 ; iou: 0.739 ; accuracy: 0.998 ; precision: 0.782 ; recall: 0.934 ; loss: 0.461
2019-01-15 00:11:47,064:INFO: - Eval metrics : dsc: 0.886 ; iou: 0.811 ; accuracy: 0.998 ; precision: 0.860 ; recall: 0.934 ; loss: 0.383
2019-01-15 00:11:47,084:INFO: - Found new best DSC
2019-01-15 00:11:47,084:INFO: Epoch 7/45
2019-01-15 00:11:49,911:INFO: - Train metrics: dsc: 0.832 ; iou: 0.757 ; accuracy: 0.998 ; precision: 0.814 ; recall: 0.915 ; loss: 0.316
2019-01-15 00:11:50,311:INFO: - Eval metrics : dsc: 0.698 ; iou: 0.587 ; accuracy: 0.997 ; precision: 0.965 ; recall: 0.605 ; loss: 0.409
2019-01-15 00:11:50,325:INFO: Epoch 8/45
2019-01-15 00:11:53,125:INFO: - Train metrics: dsc: 0.856 ; iou: 0.784 ; accuracy: 0.998 ; precision: 0.865 ; recall: 0.910 ; loss: 0.238
2019-01-15 00:11:53,525:INFO: - Eval metrics : dsc: 0.882 ; iou: 0.807 ; accuracy: 0.998 ; precision: 0.844 ; recall: 0.951 ; loss: 0.180
2019-01-15 00:11:53,539:INFO: Epoch 9/45
2019-01-15 00:11:56,344:INFO: - Train metrics: dsc: 0.868 ; iou: 0.799 ; accuracy: 0.999 ; precision: 0.867 ; recall: 0.917 ; loss: 0.197
2019-01-15 00:11:56,799:INFO: - Eval metrics : dsc: 0.894 ; iou: 0.823 ; accuracy: 0.999 ; precision: 0.877 ; recall: 0.929 ; loss: 0.143
2019-01-15 00:11:56,841:INFO: - Found new best DSC
2019-01-15 00:11:56,842:INFO: Epoch 10/45
2019-01-15 00:11:59,609:INFO: - Train metrics: dsc: 0.882 ; iou: 0.817 ; accuracy: 0.999 ; precision: 0.874 ; recall: 0.929 ; loss: 0.166
2019-01-15 00:11:59,970:INFO: - Eval metrics : dsc: 0.869 ; iou: 0.789 ; accuracy: 0.998 ; precision: 0.808 ; recall: 0.969 ; loss: 0.150
2019-01-15 00:11:59,985:INFO: Epoch 11/45
2019-01-15 00:12:02,786:INFO: - Train metrics: dsc: 0.872 ; iou: 0.807 ; accuracy: 0.999 ; precision: 0.871 ; recall: 0.929 ; loss: 0.154
2019-01-15 00:12:03,171:INFO: - Eval metrics : dsc: 0.902 ; iou: 0.835 ; accuracy: 0.999 ; precision: 0.901 ; recall: 0.918 ; loss: 0.115
2019-01-15 00:12:03,193:INFO: - Found new best DSC
2019-01-15 00:12:03,193:INFO: Epoch 12/45
2019-01-15 00:12:05,995:INFO: - Train metrics: dsc: 0.894 ; iou: 0.830 ; accuracy: 0.999 ; precision: 0.888 ; recall: 0.933 ; loss: 0.143
2019-01-15 00:12:06,390:INFO: - Eval metrics : dsc: 0.909 ; iou: 0.845 ; accuracy: 0.999 ; precision: 0.912 ; recall: 0.920 ; loss: 0.107
2019-01-15 00:12:06,407:INFO: - Found new best DSC
2019-01-15 00:12:06,407:INFO: Epoch 13/45
2019-01-15 00:12:09,267:INFO: - Train metrics: dsc: 0.892 ; iou: 0.833 ; accuracy: 0.999 ; precision: 0.889 ; recall: 0.936 ; loss: 0.133
2019-01-15 00:12:09,705:INFO: - Eval metrics : dsc: 0.903 ; iou: 0.839 ; accuracy: 0.999 ; precision: 0.910 ; recall: 0.911 ; loss: 0.108
2019-01-15 00:12:09,727:INFO: Epoch 14/45
2019-01-15 00:12:12,544:INFO: - Train metrics: dsc: 0.883 ; iou: 0.823 ; accuracy: 0.999 ; precision: 0.891 ; recall: 0.924 ; loss: 0.137
2019-01-15 00:12:12,964:INFO: - Eval metrics : dsc: 0.894 ; iou: 0.826 ; accuracy: 0.999 ; precision: 0.919 ; recall: 0.890 ; loss: 0.114
2019-01-15 00:12:12,981:INFO: Epoch 15/45
2019-01-15 00:12:15,802:INFO: - Train metrics: dsc: 0.876 ; iou: 0.811 ; accuracy: 0.999 ; precision: 0.885 ; recall: 0.917 ; loss: 0.142
2019-01-15 00:12:16,223:INFO: - Eval metrics : dsc: 0.886 ; iou: 0.818 ; accuracy: 0.999 ; precision: 0.910 ; recall: 0.893 ; loss: 0.120
2019-01-15 00:12:16,242:INFO: Epoch 16/45
2019-01-15 00:12:19,071:INFO: - Train metrics: dsc: 0.893 ; iou: 0.833 ; accuracy: 0.999 ; precision: 0.895 ; recall: 0.931 ; loss: 0.127
2019-01-15 00:12:19,491:INFO: - Eval metrics : dsc: 0.906 ; iou: 0.842 ; accuracy: 0.999 ; precision: 0.888 ; recall: 0.941 ; loss: 0.100
2019-01-15 00:12:19,508:INFO: Epoch 17/45
2019-01-15 00:12:22,323:INFO: - Train metrics: dsc: 0.913 ; iou: 0.856 ; accuracy: 0.999 ; precision: 0.915 ; recall: 0.932 ; loss: 0.112
2019-01-15 00:12:22,716:INFO: - Eval metrics : dsc: 0.904 ; iou: 0.840 ; accuracy: 0.999 ; precision: 0.902 ; recall: 0.924 ; loss: 0.100
2019-01-15 00:12:22,735:INFO: Epoch 18/45
2019-01-15 00:12:25,553:INFO: - Train metrics: dsc: 0.901 ; iou: 0.843 ; accuracy: 0.999 ; precision: 0.904 ; recall: 0.929 ; loss: 0.116
2019-01-15 00:12:25,932:INFO: - Eval metrics : dsc: 0.894 ; iou: 0.824 ; accuracy: 0.999 ; precision: 0.867 ; recall: 0.941 ; loss: 0.109
2019-01-15 00:12:25,947:INFO: Epoch 19/45
2019-01-15 00:12:28,752:INFO: - Train metrics: dsc: 0.875 ; iou: 0.811 ; accuracy: 0.999 ; precision: 0.880 ; recall: 0.922 ; loss: 0.135
2019-01-15 00:12:29,184:INFO: - Eval metrics : dsc: 0.909 ; iou: 0.847 ; accuracy: 0.999 ; precision: 0.925 ; recall: 0.910 ; loss: 0.093
2019-01-15 00:12:29,207:INFO: - Found new best DSC
2019-01-15 00:12:29,207:INFO: Epoch 20/45
2019-01-15 00:12:32,039:INFO: - Train metrics: dsc: 0.909 ; iou: 0.851 ; accuracy: 0.999 ; precision: 0.911 ; recall: 0.933 ; loss: 0.105
2019-01-15 00:12:32,433:INFO: - Eval metrics : dsc: 0.899 ; iou: 0.834 ; accuracy: 0.999 ; precision: 0.894 ; recall: 0.929 ; loss: 0.102
2019-01-15 00:12:32,447:INFO: Epoch 21/45
2019-01-15 00:12:35,272:INFO: - Train metrics: dsc: 0.915 ; iou: 0.862 ; accuracy: 0.999 ; precision: 0.914 ; recall: 0.941 ; loss: 0.097
2019-01-15 00:12:35,667:INFO: - Eval metrics : dsc: 0.915 ; iou: 0.856 ; accuracy: 0.999 ; precision: 0.908 ; recall: 0.936 ; loss: 0.087
2019-01-15 00:12:35,692:INFO: - Found new best DSC
2019-01-15 00:12:35,692:INFO: Epoch 22/45
2019-01-15 00:12:38,521:INFO: - Train metrics: dsc: 0.907 ; iou: 0.850 ; accuracy: 0.999 ; precision: 0.918 ; recall: 0.923 ; loss: 0.100
2019-01-15 00:12:38,911:INFO: - Eval metrics : dsc: 0.488 ; iou: 0.350 ; accuracy: 0.983 ; precision: 0.352 ; recall: 0.971 ; loss: 0.514
2019-01-15 00:12:38,936:INFO: Epoch 23/45
2019-01-15 00:12:41,743:INFO: - Train metrics: dsc: 0.872 ; iou: 0.805 ; accuracy: 0.999 ; precision: 0.877 ; recall: 0.910 ; loss: 0.129
2019-01-15 00:12:42,145:INFO: - Eval metrics : dsc: 0.895 ; iou: 0.835 ; accuracy: 0.999 ; precision: 0.933 ; recall: 0.886 ; loss: 0.105
2019-01-15 00:12:42,160:INFO: Epoch 24/45
2019-01-15 00:12:44,968:INFO: - Train metrics: dsc: 0.905 ; iou: 0.845 ; accuracy: 0.999 ; precision: 0.910 ; recall: 0.927 ; loss: 0.093
2019-01-15 00:12:45,381:INFO: - Eval metrics : dsc: 0.910 ; iou: 0.850 ; accuracy: 0.999 ; precision: 0.906 ; recall: 0.931 ; loss: 0.090
2019-01-15 00:12:45,395:INFO: Epoch 25/45
2019-01-15 00:12:48,223:INFO: - Train metrics: dsc: 0.868 ; iou: 0.810 ; accuracy: 0.999 ; precision: 0.898 ; recall: 0.892 ; loss: 0.130
2019-01-15 00:12:48,609:INFO: - Eval metrics : dsc: 0.601 ; iou: 0.455 ; accuracy: 0.990 ; precision: 0.463 ; recall: 0.951 ; loss: 0.408
2019-01-15 00:12:48,632:INFO: Epoch 26/45
2019-01-15 00:12:51,487:INFO: - Train metrics: dsc: 0.806 ; iou: 0.722 ; accuracy: 0.998 ; precision: 0.878 ; recall: 0.819 ; loss: 0.192
2019-01-15 00:12:51,929:INFO: - Eval metrics : dsc: 0.865 ; iou: 0.782 ; accuracy: 0.998 ; precision: 0.929 ; recall: 0.838 ; loss: 0.136
2019-01-15 00:12:51,951:INFO: Epoch 27/45
2019-01-15 00:12:54,812:INFO: - Train metrics: dsc: 0.871 ; iou: 0.803 ; accuracy: 0.999 ; precision: 0.894 ; recall: 0.895 ; loss: 0.117
2019-01-15 00:12:55,222:INFO: - Eval metrics : dsc: 0.906 ; iou: 0.842 ; accuracy: 0.999 ; precision: 0.899 ; recall: 0.931 ; loss: 0.094
2019-01-15 00:12:55,244:INFO: Epoch 28/45
2019-01-15 00:12:58,112:INFO: - Train metrics: dsc: 0.846 ; iou: 0.772 ; accuracy: 0.998 ; precision: 0.904 ; recall: 0.858 ; loss: 0.144
2019-01-15 00:12:58,587:INFO: - Eval metrics : dsc: 0.844 ; iou: 0.751 ; accuracy: 0.998 ; precision: 0.913 ; recall: 0.821 ; loss: 0.156
2019-01-15 00:12:58,607:INFO: Epoch 29/45
2019-01-15 00:13:01,444:INFO: - Train metrics: dsc: 0.866 ; iou: 0.798 ; accuracy: 0.999 ; precision: 0.867 ; recall: 0.917 ; loss: 0.123
2019-01-15 00:13:01,833:INFO: - Eval metrics : dsc: 0.909 ; iou: 0.845 ; accuracy: 0.999 ; precision: 0.924 ; recall: 0.908 ; loss: 0.090
2019-01-15 00:13:01,849:INFO: Epoch 30/45
2019-01-15 00:13:04,660:INFO: - Train metrics: dsc: 0.867 ; iou: 0.800 ; accuracy: 0.999 ; precision: 0.892 ; recall: 0.901 ; loss: 0.120
2019-01-15 00:13:05,051:INFO: - Eval metrics : dsc: 0.905 ; iou: 0.839 ; accuracy: 0.999 ; precision: 0.913 ; recall: 0.911 ; loss: 0.094
2019-01-15 00:13:05,065:INFO: Epoch 31/45
2019-01-15 00:13:07,884:INFO: - Train metrics: dsc: 0.883 ; iou: 0.823 ; accuracy: 0.999 ; precision: 0.904 ; recall: 0.910 ; loss: 0.099
2019-01-15 00:13:08,301:INFO: - Eval metrics : dsc: 0.896 ; iou: 0.829 ; accuracy: 0.999 ; precision: 0.930 ; recall: 0.883 ; loss: 0.103
2019-01-15 00:13:08,315:INFO: Epoch 32/45
2019-01-15 00:13:11,139:INFO: - Train metrics: dsc: 0.873 ; iou: 0.807 ; accuracy: 0.999 ; precision: 0.918 ; recall: 0.879 ; loss: 0.105
2019-01-15 00:13:11,532:INFO: - Eval metrics : dsc: 0.786 ; iou: 0.720 ; accuracy: 0.998 ; precision: 0.948 ; recall: 0.757 ; loss: 0.211
2019-01-15 00:13:11,546:INFO: Epoch 33/45
2019-01-15 00:13:14,355:INFO: - Train metrics: dsc: 0.798 ; iou: 0.722 ; accuracy: 0.998 ; precision: 0.904 ; recall: 0.792 ; loss: 0.177
2019-01-15 00:13:14,752:INFO: - Eval metrics : dsc: 0.836 ; iou: 0.745 ; accuracy: 0.998 ; precision: 0.832 ; recall: 0.886 ; loss: 0.164
2019-01-15 00:13:14,766:INFO: Epoch 34/45
2019-01-15 00:13:17,604:INFO: - Train metrics: dsc: 0.855 ; iou: 0.788 ; accuracy: 0.999 ; precision: 0.893 ; recall: 0.882 ; loss: 0.128
2019-01-15 00:13:18,008:INFO: - Eval metrics : dsc: 0.882 ; iou: 0.812 ; accuracy: 0.999 ; precision: 0.936 ; recall: 0.863 ; loss: 0.118
2019-01-15 00:13:18,021:INFO: Epoch 35/45
2019-01-15 00:13:20,836:INFO: - Train metrics: dsc: 0.870 ; iou: 0.805 ; accuracy: 0.999 ; precision: 0.894 ; recall: 0.905 ; loss: 0.112
2019-01-15 00:13:21,239:INFO: - Eval metrics : dsc: 0.904 ; iou: 0.837 ; accuracy: 0.999 ; precision: 0.930 ; recall: 0.895 ; loss: 0.095
2019-01-15 00:13:21,254:INFO: Epoch 36/45
2019-01-15 00:13:24,068:INFO: - Train metrics: dsc: 0.889 ; iou: 0.827 ; accuracy: 0.999 ; precision: 0.905 ; recall: 0.915 ; loss: 0.090
2019-01-15 00:13:24,447:INFO: - Eval metrics : dsc: 0.897 ; iou: 0.831 ; accuracy: 0.999 ; precision: 0.937 ; recall: 0.882 ; loss: 0.102
2019-01-15 00:13:24,458:INFO: Epoch 37/45
2019-01-15 00:13:27,265:INFO: - Train metrics: dsc: 0.894 ; iou: 0.835 ; accuracy: 0.999 ; precision: 0.909 ; recall: 0.920 ; loss: 0.079
2019-01-15 00:13:27,666:INFO: - Eval metrics : dsc: 0.894 ; iou: 0.822 ; accuracy: 0.999 ; precision: 0.944 ; recall: 0.864 ; loss: 0.104
2019-01-15 00:13:27,681:INFO: Epoch 38/45
2019-01-15 00:13:30,511:INFO: - Train metrics: dsc: 0.892 ; iou: 0.832 ; accuracy: 0.999 ; precision: 0.909 ; recall: 0.914 ; loss: 0.081
2019-01-15 00:13:30,901:INFO: - Eval metrics : dsc: 0.906 ; iou: 0.842 ; accuracy: 0.999 ; precision: 0.925 ; recall: 0.903 ; loss: 0.093
2019-01-15 00:13:30,915:INFO: Epoch 39/45
2019-01-15 00:13:33,721:INFO: - Train metrics: dsc: 0.905 ; iou: 0.849 ; accuracy: 0.999 ; precision: 0.917 ; recall: 0.926 ; loss: 0.069
2019-01-15 00:13:34,108:INFO: - Eval metrics : dsc: 0.912 ; iou: 0.851 ; accuracy: 0.999 ; precision: 0.921 ; recall: 0.916 ; loss: 0.087
2019-01-15 00:13:34,127:INFO: Epoch 40/45
2019-01-15 00:13:36,945:INFO: - Train metrics: dsc: 0.907 ; iou: 0.851 ; accuracy: 0.999 ; precision: 0.919 ; recall: 0.927 ; loss: 0.066
2019-01-15 00:13:37,333:INFO: - Eval metrics : dsc: 0.906 ; iou: 0.844 ; accuracy: 0.999 ; precision: 0.916 ; recall: 0.917 ; loss: 0.093
2019-01-15 00:13:37,347:INFO: Epoch 41/45
2019-01-15 00:13:40,168:INFO: - Train metrics: dsc: 0.907 ; iou: 0.850 ; accuracy: 0.999 ; precision: 0.917 ; recall: 0.927 ; loss: 0.067
2019-01-15 00:13:40,592:INFO: - Eval metrics : dsc: 0.908 ; iou: 0.848 ; accuracy: 0.999 ; precision: 0.900 ; recall: 0.938 ; loss: 0.091
2019-01-15 00:13:40,611:INFO: Epoch 42/45
2019-01-15 00:13:43,443:INFO: - Train metrics: dsc: 0.899 ; iou: 0.841 ; accuracy: 0.999 ; precision: 0.906 ; recall: 0.928 ; loss: 0.076
2019-01-15 00:13:43,881:INFO: - Eval metrics : dsc: 0.895 ; iou: 0.833 ; accuracy: 0.999 ; precision: 0.940 ; recall: 0.880 ; loss: 0.103
2019-01-15 00:13:43,900:INFO: Epoch 43/45
2019-01-15 00:13:46,720:INFO: - Train metrics: dsc: 0.888 ; iou: 0.827 ; accuracy: 0.999 ; precision: 0.907 ; recall: 0.913 ; loss: 0.090
2019-01-15 00:13:47,175:INFO: - Eval metrics : dsc: 0.836 ; iou: 0.779 ; accuracy: 0.999 ; precision: 0.895 ; recall: 0.863 ; loss: 0.161
2019-01-15 00:13:47,194:INFO: Epoch 44/45
2019-01-15 00:13:50,030:INFO: - Train metrics: dsc: 0.864 ; iou: 0.801 ; accuracy: 0.999 ; precision: 0.878 ; recall: 0.912 ; loss: 0.120
2019-01-15 00:13:50,466:INFO: - Eval metrics : dsc: 0.896 ; iou: 0.831 ; accuracy: 0.999 ; precision: 0.942 ; recall: 0.878 ; loss: 0.103
2019-01-15 00:13:50,486:INFO: Epoch 45/45
2019-01-15 00:13:53,327:INFO: - Train metrics: dsc: 0.895 ; iou: 0.839 ; accuracy: 0.999 ; precision: 0.904 ; recall: 0.928 ; loss: 0.086
2019-01-15 00:13:53,808:INFO: - Eval metrics : dsc: 0.907 ; iou: 0.845 ; accuracy: 0.999 ; precision: 0.934 ; recall: 0.899 ; loss: 0.092
2019-01-15 00:13:53,883:INFO: Loading the datasets...
2019-01-15 00:13:55,152:INFO: - done.
2019-01-15 00:13:55,153:INFO: For k-fold 5/5:
2019-01-15 00:13:55,153:INFO: Starting training for 45 epoch(s)
2019-01-15 00:13:55,153:INFO: Epoch 1/45
2019-01-15 00:13:57,934:INFO: - Train metrics: dsc: 0.261 ; iou: 0.167 ; accuracy: 0.923 ; precision: 0.168 ; recall: 0.933 ; loss: 0.956
2019-01-15 00:13:58,339:INFO: - Eval metrics : dsc: 0.430 ; iou: 0.296 ; accuracy: 0.979 ; precision: 0.297 ; recall: 0.987 ; loss: 0.945
2019-01-15 00:13:58,360:INFO: - Found new best DSC
2019-01-15 00:13:58,360:INFO: Epoch 2/45
2019-01-15 00:14:01,182:INFO: - Train metrics: dsc: 0.574 ; iou: 0.434 ; accuracy: 0.990 ; precision: 0.436 ; recall: 0.975 ; loss: 0.933
2019-01-15 00:14:01,570:INFO: - Eval metrics : dsc: 0.636 ; iou: 0.508 ; accuracy: 0.993 ; precision: 0.511 ; recall: 0.974 ; loss: 0.913
2019-01-15 00:14:01,587:INFO: - Found new best DSC
2019-01-15 00:14:01,588:INFO: Epoch 3/45
2019-01-15 00:14:04,408:INFO: - Train metrics: dsc: 0.652 ; iou: 0.523 ; accuracy: 0.993 ; precision: 0.526 ; recall: 0.976 ; loss: 0.894
2019-01-15 00:14:04,800:INFO: - Eval metrics : dsc: 0.627 ; iou: 0.513 ; accuracy: 0.991 ; precision: 0.541 ; recall: 0.924 ; loss: 0.876
2019-01-15 00:14:04,815:INFO: Epoch 4/45
2019-01-15 00:14:07,634:INFO: - Train metrics: dsc: 0.690 ; iou: 0.570 ; accuracy: 0.994 ; precision: 0.582 ; recall: 0.952 ; loss: 0.804
2019-01-15 00:14:08,023:INFO: - Eval metrics : dsc: 0.822 ; iou: 0.742 ; accuracy: 0.998 ; precision: 0.795 ; recall: 0.910 ; loss: 0.765
2019-01-15 00:14:08,039:INFO: - Found new best DSC
2019-01-15 00:14:08,039:INFO: Epoch 5/45
2019-01-15 00:14:10,869:INFO: - Train metrics: dsc: 0.810 ; iou: 0.719 ; accuracy: 0.998 ; precision: 0.750 ; recall: 0.951 ; loss: 0.610
2019-01-15 00:14:11,276:INFO: - Eval metrics : dsc: 0.574 ; iou: 0.461 ; accuracy: 0.981 ; precision: 0.465 ; recall: 0.990 ; loss: 0.573
2019-01-15 00:14:11,291:INFO: Epoch 6/45
2019-01-15 00:14:14,128:INFO: - Train metrics: dsc: 0.842 ; iou: 0.760 ; accuracy: 0.998 ; precision: 0.801 ; recall: 0.934 ; loss: 0.394
2019-01-15 00:14:14,563:INFO: - Eval metrics : dsc: 0.843 ; iou: 0.774 ; accuracy: 0.998 ; precision: 0.887 ; recall: 0.877 ; loss: 0.313
2019-01-15 00:14:14,580:INFO: - Found new best DSC
2019-01-15 00:14:14,581:INFO: Epoch 7/45
2019-01-15 00:14:17,395:INFO: - Train metrics: dsc: 0.875 ; iou: 0.806 ; accuracy: 0.999 ; precision: 0.866 ; recall: 0.920 ; loss: 0.259
2019-01-15 00:14:17,833:INFO: - Eval metrics : dsc: 0.854 ; iou: 0.789 ; accuracy: 0.998 ; precision: 0.860 ; recall: 0.921 ; loss: 0.246
2019-01-15 00:14:17,858:INFO: - Found new best DSC
2019-01-15 00:14:17,858:INFO: Epoch 8/45
2019-01-15 00:14:20,692:INFO: - Train metrics: dsc: 0.863 ; iou: 0.797 ; accuracy: 0.999 ; precision: 0.862 ; recall: 0.918 ; loss: 0.205
2019-01-15 00:14:21,082:INFO: - Eval metrics : dsc: 0.831 ; iou: 0.752 ; accuracy: 0.998 ; precision: 0.959 ; recall: 0.778 ; loss: 0.263
2019-01-15 00:14:21,101:INFO: Epoch 9/45
2019-01-15 00:14:23,950:INFO: - Train metrics: dsc: 0.886 ; iou: 0.820 ; accuracy: 0.999 ; precision: 0.890 ; recall: 0.919 ; loss: 0.176
2019-01-15 00:14:24,334:INFO: - Eval metrics : dsc: 0.887 ; iou: 0.827 ; accuracy: 0.999 ; precision: 0.954 ; recall: 0.866 ; loss: 0.196
2019-01-15 00:14:24,359:INFO: - Found new best DSC
2019-01-15 00:14:24,359:INFO: Epoch 10/45
2019-01-15 00:14:27,195:INFO: - Train metrics: dsc: 0.883 ; iou: 0.820 ; accuracy: 0.999 ; precision: 0.885 ; recall: 0.923 ; loss: 0.155
2019-01-15 00:14:27,550:INFO: - Eval metrics : dsc: 0.860 ; iou: 0.805 ; accuracy: 0.999 ; precision: 0.882 ; recall: 0.911 ; loss: 0.174
2019-01-15 00:14:27,570:INFO: Epoch 11/45
2019-01-15 00:14:30,423:INFO: - Train metrics: dsc: 0.855 ; iou: 0.780 ; accuracy: 0.998 ; precision: 0.865 ; recall: 0.900 ; loss: 0.172
2019-01-15 00:14:30,826:INFO: - Eval metrics : dsc: 0.840 ; iou: 0.775 ; accuracy: 0.998 ; precision: 0.867 ; recall: 0.900 ; loss: 0.171
2019-01-15 00:14:30,852:INFO: Epoch 12/45
2019-01-15 00:14:33,702:INFO: - Train metrics: dsc: 0.870 ; iou: 0.800 ; accuracy: 0.999 ; precision: 0.881 ; recall: 0.906 ; loss: 0.154
2019-01-15 00:14:34,116:INFO: - Eval metrics : dsc: 0.880 ; iou: 0.815 ; accuracy: 0.999 ; precision: 0.929 ; recall: 0.875 ; loss: 0.159
2019-01-15 00:14:34,138:INFO: Epoch 13/45
2019-01-15 00:14:36,963:INFO: - Train metrics: dsc: 0.868 ; iou: 0.803 ; accuracy: 0.999 ; precision: 0.880 ; recall: 0.910 ; loss: 0.149
2019-01-15 00:14:37,380:INFO: - Eval metrics : dsc: 0.863 ; iou: 0.795 ; accuracy: 0.999 ; precision: 0.883 ; recall: 0.901 ; loss: 0.158
2019-01-15 00:14:37,395:INFO: Epoch 14/45
2019-01-15 00:14:40,210:INFO: - Train metrics: dsc: 0.880 ; iou: 0.813 ; accuracy: 0.999 ; precision: 0.879 ; recall: 0.923 ; loss: 0.134
2019-01-15 00:14:40,596:INFO: - Eval metrics : dsc: 0.859 ; iou: 0.794 ; accuracy: 0.999 ; precision: 0.944 ; recall: 0.840 ; loss: 0.176
2019-01-15 00:14:40,615:INFO: Epoch 15/45
2019-01-15 00:14:43,437:INFO: - Train metrics: dsc: 0.886 ; iou: 0.824 ; accuracy: 0.999 ; precision: 0.889 ; recall: 0.925 ; loss: 0.127
2019-01-15 00:14:43,830:INFO: - Eval metrics : dsc: 0.826 ; iou: 0.749 ; accuracy: 0.998 ; precision: 0.881 ; recall: 0.831 ; loss: 0.195
2019-01-15 00:14:43,848:INFO: Epoch 16/45
2019-01-15 00:14:46,649:INFO: - Train metrics: dsc: 0.888 ; iou: 0.823 ; accuracy: 0.999 ; precision: 0.883 ; recall: 0.930 ; loss: 0.126
2019-01-15 00:14:47,103:INFO: - Eval metrics : dsc: 0.875 ; iou: 0.818 ; accuracy: 0.999 ; precision: 0.876 ; recall: 0.933 ; loss: 0.141
2019-01-15 00:14:47,118:INFO: Epoch 17/45
2019-01-15 00:14:49,937:INFO: - Train metrics: dsc: 0.899 ; iou: 0.836 ; accuracy: 0.999 ; precision: 0.902 ; recall: 0.920 ; loss: 0.116
2019-01-15 00:14:50,372:INFO: - Eval metrics : dsc: 0.881 ; iou: 0.818 ; accuracy: 0.999 ; precision: 0.920 ; recall: 0.869 ; loss: 0.145
2019-01-15 00:14:50,404:INFO: Epoch 18/45
2019-01-15 00:14:53,208:INFO: - Train metrics: dsc: 0.904 ; iou: 0.843 ; accuracy: 0.999 ; precision: 0.909 ; recall: 0.927 ; loss: 0.112
2019-01-15 00:14:53,590:INFO: - Eval metrics : dsc: 0.878 ; iou: 0.819 ; accuracy: 0.999 ; precision: 0.928 ; recall: 0.860 ; loss: 0.158
2019-01-15 00:14:53,609:INFO: Epoch 19/45
2019-01-15 00:14:56,438:INFO: - Train metrics: dsc: 0.874 ; iou: 0.808 ; accuracy: 0.999 ; precision: 0.885 ; recall: 0.906 ; loss: 0.133
2019-01-15 00:14:56,858:INFO: - Eval metrics : dsc: 0.852 ; iou: 0.789 ; accuracy: 0.999 ; precision: 0.923 ; recall: 0.841 ; loss: 0.173
2019-01-15 00:14:56,873:INFO: Epoch 20/45
2019-01-15 00:14:59,697:INFO: - Train metrics: dsc: 0.902 ; iou: 0.842 ; accuracy: 0.999 ; precision: 0.905 ; recall: 0.928 ; loss: 0.106
2019-01-15 00:15:00,101:INFO: - Eval metrics : dsc: 0.866 ; iou: 0.809 ; accuracy: 0.999 ; precision: 0.908 ; recall: 0.884 ; loss: 0.145
2019-01-15 00:15:00,120:INFO: Epoch 21/45
2019-01-15 00:15:02,934:INFO: - Train metrics: dsc: 0.903 ; iou: 0.846 ; accuracy: 0.999 ; precision: 0.910 ; recall: 0.928 ; loss: 0.103
2019-01-15 00:15:03,359:INFO: - Eval metrics : dsc: 0.869 ; iou: 0.810 ; accuracy: 0.999 ; precision: 0.933 ; recall: 0.861 ; loss: 0.144
2019-01-15 00:15:03,379:INFO: Epoch 22/45
2019-01-15 00:15:06,213:INFO: - Train metrics: dsc: 0.907 ; iou: 0.849 ; accuracy: 0.999 ; precision: 0.905 ; recall: 0.933 ; loss: 0.099
2019-01-15 00:15:06,606:INFO: - Eval metrics : dsc: 0.812 ; iou: 0.742 ; accuracy: 0.998 ; precision: 0.940 ; recall: 0.790 ; loss: 0.195
2019-01-15 00:15:06,629:INFO: Epoch 23/45
2019-01-15 00:15:09,461:INFO: - Train metrics: dsc: 0.908 ; iou: 0.848 ; accuracy: 0.999 ; precision: 0.904 ; recall: 0.937 ; loss: 0.096
2019-01-15 00:15:09,887:INFO: - Eval metrics : dsc: 0.877 ; iou: 0.816 ; accuracy: 0.999 ; precision: 0.940 ; recall: 0.863 ; loss: 0.131
2019-01-15 00:15:09,910:INFO: Epoch 24/45
2019-01-15 00:15:12,797:INFO: - Train metrics: dsc: 0.899 ; iou: 0.839 ; accuracy: 0.999 ; precision: 0.907 ; recall: 0.924 ; loss: 0.102
2019-01-15 00:15:13,204:INFO: - Eval metrics : dsc: 0.906 ; iou: 0.850 ; accuracy: 0.999 ; precision: 0.924 ; recall: 0.913 ; loss: 0.099
2019-01-15 00:15:13,226:INFO: - Found new best DSC
2019-01-15 00:15:13,226:INFO: Epoch 25/45
2019-01-15 00:15:16,075:INFO: - Train metrics: dsc: 0.917 ; iou: 0.861 ; accuracy: 0.999 ; precision: 0.913 ; recall: 0.936 ; loss: 0.084
2019-01-15 00:15:16,505:INFO: - Eval metrics : dsc: 0.909 ; iou: 0.856 ; accuracy: 0.999 ; precision: 0.906 ; recall: 0.937 ; loss: 0.085
2019-01-15 00:15:16,527:INFO: - Found new best DSC
2019-01-15 00:15:16,527:INFO: Epoch 26/45
2019-01-15 00:15:19,361:INFO: - Train metrics: dsc: 0.915 ; iou: 0.856 ; accuracy: 0.999 ; precision: 0.914 ; recall: 0.932 ; loss: 0.083
2019-01-15 00:15:19,761:INFO: - Eval metrics : dsc: 0.886 ; iou: 0.828 ; accuracy: 0.999 ; precision: 0.931 ; recall: 0.887 ; loss: 0.100
2019-01-15 00:15:19,776:INFO: Epoch 27/45
2019-01-15 00:15:22,603:INFO: - Train metrics: dsc: 0.908 ; iou: 0.849 ; accuracy: 0.999 ; precision: 0.916 ; recall: 0.925 ; loss: 0.084
2019-01-15 00:15:23,019:INFO: - Eval metrics : dsc: 0.918 ; iou: 0.861 ; accuracy: 0.999 ; precision: 0.929 ; recall: 0.922 ; loss: 0.067
2019-01-15 00:15:23,042:INFO: - Found new best DSC
2019-01-15 00:15:23,042:INFO: Epoch 28/45
2019-01-15 00:15:25,858:INFO: - Train metrics: dsc: 0.910 ; iou: 0.853 ; accuracy: 0.999 ; precision: 0.911 ; recall: 0.934 ; loss: 0.082
2019-01-15 00:15:26,284:INFO: - Eval metrics : dsc: 0.898 ; iou: 0.845 ; accuracy: 0.999 ; precision: 0.950 ; recall: 0.886 ; loss: 0.075
2019-01-15 00:15:26,298:INFO: Epoch 29/45
2019-01-15 00:15:29,122:INFO: - Train metrics: dsc: 0.914 ; iou: 0.858 ; accuracy: 0.999 ; precision: 0.919 ; recall: 0.932 ; loss: 0.075
2019-01-15 00:15:29,516:INFO: - Eval metrics : dsc: 0.891 ; iou: 0.836 ; accuracy: 0.999 ; precision: 0.960 ; recall: 0.868 ; loss: 0.085
2019-01-15 00:15:29,531:INFO: Epoch 30/45
2019-01-15 00:15:32,345:INFO: - Train metrics: dsc: 0.903 ; iou: 0.845 ; accuracy: 0.999 ; precision: 0.911 ; recall: 0.926 ; loss: 0.088
2019-01-15 00:15:32,739:INFO: - Eval metrics : dsc: 0.902 ; iou: 0.853 ; accuracy: 0.999 ; precision: 0.943 ; recall: 0.902 ; loss: 0.068
2019-01-15 00:15:32,753:INFO: Epoch 31/45
2019-01-15 00:15:35,555:INFO: - Train metrics: dsc: 0.910 ; iou: 0.854 ; accuracy: 0.999 ; precision: 0.916 ; recall: 0.931 ; loss: 0.079
2019-01-15 00:15:35,943:INFO: - Eval metrics : dsc: 0.902 ; iou: 0.853 ; accuracy: 0.999 ; precision: 0.949 ; recall: 0.896 ; loss: 0.062
2019-01-15 00:15:35,963:INFO: Epoch 32/45
2019-01-15 00:15:38,811:INFO: - Train metrics: dsc: 0.913 ; iou: 0.859 ; accuracy: 0.999 ; precision: 0.920 ; recall: 0.932 ; loss: 0.074
2019-01-15 00:15:39,212:INFO: - Eval metrics : dsc: 0.884 ; iou: 0.823 ; accuracy: 0.999 ; precision: 0.961 ; recall: 0.854 ; loss: 0.078
2019-01-15 00:15:39,230:INFO: Epoch 33/45
2019-01-15 00:15:42,060:INFO: - Train metrics: dsc: 0.891 ; iou: 0.825 ; accuracy: 0.999 ; precision: 0.908 ; recall: 0.906 ; loss: 0.093
2019-01-15 00:15:42,449:INFO: - Eval metrics : dsc: 0.920 ; iou: 0.858 ; accuracy: 0.999 ; precision: 0.908 ; recall: 0.941 ; loss: 0.042
2019-01-15 00:15:42,466:INFO: - Found new best DSC
2019-01-15 00:15:42,466:INFO: Epoch 34/45
2019-01-15 00:15:45,305:INFO: - Train metrics: dsc: 0.910 ; iou: 0.850 ; accuracy: 0.999 ; precision: 0.910 ; recall: 0.928 ; loss: 0.074
2019-01-15 00:15:45,725:INFO: - Eval metrics : dsc: 0.866 ; iou: 0.798 ; accuracy: 0.998 ; precision: 0.902 ; recall: 0.881 ; loss: 0.104
2019-01-15 00:15:45,739:INFO: Epoch 35/45
2019-01-15 00:15:48,555:INFO: - Train metrics: dsc: 0.909 ; iou: 0.849 ; accuracy: 0.999 ; precision: 0.909 ; recall: 0.932 ; loss: 0.074
2019-01-15 00:15:48,955:INFO: - Eval metrics : dsc: 0.917 ; iou: 0.865 ; accuracy: 0.999 ; precision: 0.948 ; recall: 0.907 ; loss: 0.039
2019-01-15 00:15:48,973:INFO: Epoch 36/45
2019-01-15 00:15:51,799:INFO: - Train metrics: dsc: 0.919 ; iou: 0.863 ; accuracy: 0.999 ; precision: 0.916 ; recall: 0.940 ; loss: 0.065
2019-01-15 00:15:52,204:INFO: - Eval metrics : dsc: 0.908 ; iou: 0.851 ; accuracy: 0.999 ; precision: 0.960 ; recall: 0.883 ; loss: 0.049
2019-01-15 00:15:52,222:INFO: Epoch 37/45
2019-01-15 00:15:55,072:INFO: - Train metrics: dsc: 0.914 ; iou: 0.860 ; accuracy: 0.999 ; precision: 0.928 ; recall: 0.925 ; loss: 0.067
2019-01-15 00:15:55,467:INFO: - Eval metrics : dsc: 0.906 ; iou: 0.846 ; accuracy: 0.999 ; precision: 0.968 ; recall: 0.870 ; loss: 0.049
2019-01-15 00:15:55,483:INFO: Epoch 38/45
2019-01-15 00:15:58,319:INFO: - Train metrics: dsc: 0.919 ; iou: 0.867 ; accuracy: 0.999 ; precision: 0.925 ; recall: 0.935 ; loss: 0.062
2019-01-15 00:15:58,742:INFO: - Eval metrics : dsc: 0.891 ; iou: 0.833 ; accuracy: 0.999 ; precision: 0.941 ; recall: 0.883 ; loss: 0.072
2019-01-15 00:15:58,762:INFO: Epoch 39/45
2019-01-15 00:16:01,597:INFO: - Train metrics: dsc: 0.915 ; iou: 0.861 ; accuracy: 0.999 ; precision: 0.919 ; recall: 0.934 ; loss: 0.071
2019-01-15 00:16:01,991:INFO: - Eval metrics : dsc: 0.918 ; iou: 0.867 ; accuracy: 0.999 ; precision: 0.920 ; recall: 0.939 ; loss: 0.035
2019-01-15 00:16:02,010:INFO: Epoch 40/45
2019-01-15 00:16:04,832:INFO: - Train metrics: dsc: 0.926 ; iou: 0.875 ; accuracy: 0.999 ; precision: 0.922 ; recall: 0.945 ; loss: 0.056
2019-01-15 00:16:05,254:INFO: - Eval metrics : dsc: 0.915 ; iou: 0.863 ; accuracy: 0.999 ; precision: 0.953 ; recall: 0.901 ; loss: 0.037
2019-01-15 00:16:05,286:INFO: Epoch 41/45
2019-01-15 00:16:08,095:INFO: - Train metrics: dsc: 0.916 ; iou: 0.860 ; accuracy: 0.999 ; precision: 0.917 ; recall: 0.930 ; loss: 0.067
2019-01-15 00:16:08,512:INFO: - Eval metrics : dsc: 0.903 ; iou: 0.851 ; accuracy: 0.999 ; precision: 0.909 ; recall: 0.932 ; loss: 0.048
2019-01-15 00:16:08,528:INFO: Epoch 42/45
2019-01-15 00:16:11,341:INFO: - Train metrics: dsc: 0.923 ; iou: 0.871 ; accuracy: 0.999 ; precision: 0.928 ; recall: 0.936 ; loss: 0.059
2019-01-15 00:16:11,737:INFO: - Eval metrics : dsc: 0.918 ; iou: 0.867 ; accuracy: 0.999 ; precision: 0.943 ; recall: 0.913 ; loss: 0.033
2019-01-15 00:16:11,751:INFO: Epoch 43/45
2019-01-15 00:16:14,567:INFO: - Train metrics: dsc: 0.925 ; iou: 0.874 ; accuracy: 0.999 ; precision: 0.924 ; recall: 0.944 ; loss: 0.057
2019-01-15 00:16:14,968:INFO: - Eval metrics : dsc: 0.921 ; iou: 0.872 ; accuracy: 0.999 ; precision: 0.949 ; recall: 0.916 ; loss: 0.029
2019-01-15 00:16:14,984:INFO: - Found new best DSC
2019-01-15 00:16:14,984:INFO: Epoch 44/45
2019-01-15 00:16:17,804:INFO: - Train metrics: dsc: 0.927 ; iou: 0.879 ; accuracy: 0.999 ; precision: 0.930 ; recall: 0.942 ; loss: 0.055
2019-01-15 00:16:18,198:INFO: - Eval metrics : dsc: 0.920 ; iou: 0.871 ; accuracy: 0.999 ; precision: 0.958 ; recall: 0.906 ; loss: 0.030
2019-01-15 00:16:18,211:INFO: Epoch 45/45
2019-01-15 00:16:21,019:INFO: - Train metrics: dsc: 0.924 ; iou: 0.876 ; accuracy: 0.999 ; precision: 0.926 ; recall: 0.944 ; loss: 0.062
2019-01-15 00:16:21,421:INFO: - Eval metrics : dsc: 0.923 ; iou: 0.875 ; accuracy: 0.999 ; precision: 0.945 ; recall: 0.923 ; loss: 0.027
2019-01-15 00:16:21,436:INFO: - Found new best DSC
