2019-01-18 20:35:20,750:INFO: Loading the datasets...
2019-01-18 20:35:25,174:INFO: - done.
2019-01-18 20:35:25,174:INFO: For k-fold 1/5:
2019-01-18 20:35:25,174:INFO: Starting training for 45 epoch(s)
2019-01-18 20:35:25,174:INFO: Epoch 1/45
2019-01-18 20:35:35,867:INFO: - Train metrics: dsc: 0.556 ; iou: 0.443 ; accuracy: 0.896 ; precision: 0.600 ; recall: 0.556 ; loss: 0.464
2019-01-18 20:35:36,981:INFO: - Eval metrics : dsc: 0.764 ; iou: 0.666 ; accuracy: 0.944 ; precision: 0.760 ; recall: 0.810 ; loss: 0.370
2019-01-18 20:35:36,998:INFO: - Found new best DSC
2019-01-18 20:35:36,998:INFO: Epoch 2/45
2019-01-18 20:35:47,720:INFO: - Train metrics: dsc: 0.798 ; iou: 0.711 ; accuracy: 0.960 ; precision: 0.818 ; recall: 0.805 ; loss: 0.336
2019-01-18 20:35:48,809:INFO: - Eval metrics : dsc: 0.824 ; iou: 0.754 ; accuracy: 0.970 ; precision: 0.898 ; recall: 0.809 ; loss: 0.299
2019-01-18 20:35:48,830:INFO: - Found new best DSC
2019-01-18 20:35:48,830:INFO: Epoch 3/45
2019-01-18 20:35:59,568:INFO: - Train metrics: dsc: 0.841 ; iou: 0.766 ; accuracy: 0.969 ; precision: 0.857 ; recall: 0.848 ; loss: 0.287
2019-01-18 20:36:00,644:INFO: - Eval metrics : dsc: 0.855 ; iou: 0.787 ; accuracy: 0.973 ; precision: 0.884 ; recall: 0.860 ; loss: 0.260
2019-01-18 20:36:00,660:INFO: - Found new best DSC
2019-01-18 20:36:00,660:INFO: Epoch 4/45
2019-01-18 20:36:11,429:INFO: - Train metrics: dsc: 0.859 ; iou: 0.790 ; accuracy: 0.973 ; precision: 0.876 ; recall: 0.863 ; loss: 0.251
2019-01-18 20:36:12,545:INFO: - Eval metrics : dsc: 0.870 ; iou: 0.807 ; accuracy: 0.977 ; precision: 0.903 ; recall: 0.864 ; loss: 0.229
2019-01-18 20:36:12,562:INFO: - Found new best DSC
2019-01-18 20:36:12,562:INFO: Epoch 5/45
2019-01-18 20:36:23,312:INFO: - Train metrics: dsc: 0.869 ; iou: 0.804 ; accuracy: 0.976 ; precision: 0.880 ; recall: 0.874 ; loss: 0.221
2019-01-18 20:36:24,413:INFO: - Eval metrics : dsc: 0.882 ; iou: 0.819 ; accuracy: 0.977 ; precision: 0.896 ; recall: 0.895 ; loss: 0.206
2019-01-18 20:36:24,434:INFO: - Found new best DSC
2019-01-18 20:36:24,434:INFO: Epoch 6/45
2019-01-18 20:36:35,280:INFO: - Train metrics: dsc: 0.879 ; iou: 0.817 ; accuracy: 0.978 ; precision: 0.892 ; recall: 0.884 ; loss: 0.194
2019-01-18 20:36:36,378:INFO: - Eval metrics : dsc: 0.885 ; iou: 0.826 ; accuracy: 0.980 ; precision: 0.924 ; recall: 0.877 ; loss: 0.177
2019-01-18 20:36:36,394:INFO: - Found new best DSC
2019-01-18 20:36:36,395:INFO: Epoch 7/45
2019-01-18 20:36:47,161:INFO: - Train metrics: dsc: 0.886 ; iou: 0.827 ; accuracy: 0.979 ; precision: 0.897 ; recall: 0.891 ; loss: 0.171
2019-01-18 20:36:48,231:INFO: - Eval metrics : dsc: 0.895 ; iou: 0.839 ; accuracy: 0.981 ; precision: 0.927 ; recall: 0.888 ; loss: 0.157
2019-01-18 20:36:48,251:INFO: - Found new best DSC
2019-01-18 20:36:48,251:INFO: Epoch 8/45
2019-01-18 20:36:59,051:INFO: - Train metrics: dsc: 0.891 ; iou: 0.833 ; accuracy: 0.980 ; precision: 0.903 ; recall: 0.894 ; loss: 0.152
2019-01-18 20:37:00,118:INFO: - Eval metrics : dsc: 0.895 ; iou: 0.840 ; accuracy: 0.982 ; precision: 0.933 ; recall: 0.883 ; loss: 0.139
2019-01-18 20:37:00,137:INFO: Epoch 9/45
2019-01-18 20:37:10,919:INFO: - Train metrics: dsc: 0.894 ; iou: 0.836 ; accuracy: 0.980 ; precision: 0.905 ; recall: 0.901 ; loss: 0.138
2019-01-18 20:37:12,053:INFO: - Eval metrics : dsc: 0.906 ; iou: 0.849 ; accuracy: 0.981 ; precision: 0.918 ; recall: 0.913 ; loss: 0.125
2019-01-18 20:37:12,070:INFO: - Found new best DSC
2019-01-18 20:37:12,070:INFO: Epoch 10/45
2019-01-18 20:37:22,897:INFO: - Train metrics: dsc: 0.900 ; iou: 0.845 ; accuracy: 0.982 ; precision: 0.911 ; recall: 0.904 ; loss: 0.121
2019-01-18 20:37:23,993:INFO: - Eval metrics : dsc: 0.903 ; iou: 0.848 ; accuracy: 0.982 ; precision: 0.932 ; recall: 0.895 ; loss: 0.112
2019-01-18 20:37:24,014:INFO: Epoch 11/45
2019-01-18 20:37:34,762:INFO: - Train metrics: dsc: 0.904 ; iou: 0.850 ; accuracy: 0.982 ; precision: 0.914 ; recall: 0.908 ; loss: 0.109
2019-01-18 20:37:35,851:INFO: - Eval metrics : dsc: 0.889 ; iou: 0.831 ; accuracy: 0.980 ; precision: 0.951 ; recall: 0.860 ; loss: 0.107
2019-01-18 20:37:35,869:INFO: Epoch 12/45
2019-01-18 20:37:46,674:INFO: - Train metrics: dsc: 0.905 ; iou: 0.851 ; accuracy: 0.982 ; precision: 0.921 ; recall: 0.909 ; loss: 0.099
2019-01-18 20:37:47,769:INFO: - Eval metrics : dsc: 0.907 ; iou: 0.853 ; accuracy: 0.982 ; precision: 0.937 ; recall: 0.897 ; loss: 0.091
2019-01-18 20:37:47,793:INFO: - Found new best DSC
2019-01-18 20:37:47,794:INFO: Epoch 13/45
2019-01-18 20:37:58,602:INFO: - Train metrics: dsc: 0.909 ; iou: 0.856 ; accuracy: 0.983 ; precision: 0.918 ; recall: 0.912 ; loss: 0.089
2019-01-18 20:37:59,700:INFO: - Eval metrics : dsc: 0.899 ; iou: 0.846 ; accuracy: 0.982 ; precision: 0.950 ; recall: 0.881 ; loss: 0.085
2019-01-18 20:37:59,714:INFO: Epoch 14/45
2019-01-18 20:38:10,461:INFO: - Train metrics: dsc: 0.911 ; iou: 0.859 ; accuracy: 0.984 ; precision: 0.923 ; recall: 0.916 ; loss: 0.082
2019-01-18 20:38:11,587:INFO: - Eval metrics : dsc: 0.912 ; iou: 0.859 ; accuracy: 0.983 ; precision: 0.946 ; recall: 0.897 ; loss: 0.079
2019-01-18 20:38:11,604:INFO: - Found new best DSC
2019-01-18 20:38:11,604:INFO: Epoch 15/45
2019-01-18 20:38:22,367:INFO: - Train metrics: dsc: 0.914 ; iou: 0.863 ; accuracy: 0.984 ; precision: 0.923 ; recall: 0.918 ; loss: 0.075
2019-01-18 20:38:23,432:INFO: - Eval metrics : dsc: 0.916 ; iou: 0.864 ; accuracy: 0.983 ; precision: 0.923 ; recall: 0.922 ; loss: 0.073
2019-01-18 20:38:23,456:INFO: - Found new best DSC
2019-01-18 20:38:23,456:INFO: Epoch 16/45
2019-01-18 20:38:34,136:INFO: - Train metrics: dsc: 0.916 ; iou: 0.866 ; accuracy: 0.985 ; precision: 0.928 ; recall: 0.921 ; loss: 0.068
2019-01-18 20:38:35,207:INFO: - Eval metrics : dsc: 0.909 ; iou: 0.855 ; accuracy: 0.983 ; precision: 0.944 ; recall: 0.895 ; loss: 0.070
2019-01-18 20:38:35,226:INFO: Epoch 17/45
2019-01-18 20:38:45,999:INFO: - Train metrics: dsc: 0.916 ; iou: 0.866 ; accuracy: 0.984 ; precision: 0.930 ; recall: 0.921 ; loss: 0.064
2019-01-18 20:38:47,098:INFO: - Eval metrics : dsc: 0.915 ; iou: 0.864 ; accuracy: 0.984 ; precision: 0.938 ; recall: 0.910 ; loss: 0.063
2019-01-18 20:38:47,113:INFO: Epoch 18/45
2019-01-18 20:38:57,962:INFO: - Train metrics: dsc: 0.918 ; iou: 0.868 ; accuracy: 0.985 ; precision: 0.927 ; recall: 0.922 ; loss: 0.060
2019-01-18 20:38:59,067:INFO: - Eval metrics : dsc: 0.911 ; iou: 0.857 ; accuracy: 0.983 ; precision: 0.940 ; recall: 0.900 ; loss: 0.063
2019-01-18 20:38:59,083:INFO: Epoch 19/45
2019-01-18 20:39:09,836:INFO: - Train metrics: dsc: 0.920 ; iou: 0.872 ; accuracy: 0.985 ; precision: 0.930 ; recall: 0.925 ; loss: 0.056
2019-01-18 20:39:10,916:INFO: - Eval metrics : dsc: 0.919 ; iou: 0.869 ; accuracy: 0.984 ; precision: 0.930 ; recall: 0.923 ; loss: 0.056
2019-01-18 20:39:10,931:INFO: - Found new best DSC
2019-01-18 20:39:10,931:INFO: Epoch 20/45
2019-01-18 20:39:21,714:INFO: - Train metrics: dsc: 0.921 ; iou: 0.872 ; accuracy: 0.985 ; precision: 0.932 ; recall: 0.924 ; loss: 0.053
2019-01-18 20:39:22,794:INFO: - Eval metrics : dsc: 0.910 ; iou: 0.860 ; accuracy: 0.984 ; precision: 0.943 ; recall: 0.901 ; loss: 0.055
2019-01-18 20:39:22,808:INFO: Epoch 21/45
2019-01-18 20:39:33,606:INFO: - Train metrics: dsc: 0.924 ; iou: 0.877 ; accuracy: 0.986 ; precision: 0.934 ; recall: 0.927 ; loss: 0.049
2019-01-18 20:39:34,732:INFO: - Eval metrics : dsc: 0.919 ; iou: 0.869 ; accuracy: 0.984 ; precision: 0.934 ; recall: 0.918 ; loss: 0.053
2019-01-18 20:39:34,748:INFO: Epoch 22/45
2019-01-18 20:39:45,532:INFO: - Train metrics: dsc: 0.926 ; iou: 0.878 ; accuracy: 0.986 ; precision: 0.935 ; recall: 0.929 ; loss: 0.047
2019-01-18 20:39:46,648:INFO: - Eval metrics : dsc: 0.914 ; iou: 0.865 ; accuracy: 0.984 ; precision: 0.944 ; recall: 0.905 ; loss: 0.050
2019-01-18 20:39:46,663:INFO: Epoch 23/45
2019-01-18 20:39:57,449:INFO: - Train metrics: dsc: 0.928 ; iou: 0.881 ; accuracy: 0.986 ; precision: 0.937 ; recall: 0.930 ; loss: 0.045
2019-01-18 20:39:58,527:INFO: - Eval metrics : dsc: 0.924 ; iou: 0.873 ; accuracy: 0.984 ; precision: 0.928 ; recall: 0.931 ; loss: 0.049
2019-01-18 20:39:58,543:INFO: - Found new best DSC
2019-01-18 20:39:58,543:INFO: Epoch 24/45
2019-01-18 20:40:09,252:INFO: - Train metrics: dsc: 0.927 ; iou: 0.881 ; accuracy: 0.986 ; precision: 0.939 ; recall: 0.932 ; loss: 0.043
2019-01-18 20:40:10,383:INFO: - Eval metrics : dsc: 0.915 ; iou: 0.866 ; accuracy: 0.984 ; precision: 0.943 ; recall: 0.906 ; loss: 0.049
2019-01-18 20:40:10,402:INFO: Epoch 25/45
2019-01-18 20:40:21,249:INFO: - Train metrics: dsc: 0.926 ; iou: 0.881 ; accuracy: 0.986 ; precision: 0.938 ; recall: 0.931 ; loss: 0.041
2019-01-18 20:40:22,348:INFO: - Eval metrics : dsc: 0.923 ; iou: 0.872 ; accuracy: 0.984 ; precision: 0.925 ; recall: 0.932 ; loss: 0.047
2019-01-18 20:40:22,359:INFO: Epoch 26/45
2019-01-18 20:40:33,116:INFO: - Train metrics: dsc: 0.931 ; iou: 0.886 ; accuracy: 0.987 ; precision: 0.938 ; recall: 0.934 ; loss: 0.039
2019-01-18 20:40:34,203:INFO: - Eval metrics : dsc: 0.922 ; iou: 0.872 ; accuracy: 0.985 ; precision: 0.945 ; recall: 0.911 ; loss: 0.045
2019-01-18 20:40:34,223:INFO: Epoch 27/45
2019-01-18 20:40:44,942:INFO: - Train metrics: dsc: 0.929 ; iou: 0.883 ; accuracy: 0.987 ; precision: 0.939 ; recall: 0.933 ; loss: 0.040
2019-01-18 20:40:46,016:INFO: - Eval metrics : dsc: 0.921 ; iou: 0.872 ; accuracy: 0.984 ; precision: 0.931 ; recall: 0.925 ; loss: 0.046
2019-01-18 20:40:46,034:INFO: Epoch 28/45
2019-01-18 20:40:56,825:INFO: - Train metrics: dsc: 0.931 ; iou: 0.886 ; accuracy: 0.987 ; precision: 0.939 ; recall: 0.935 ; loss: 0.037
2019-01-18 20:40:57,949:INFO: - Eval metrics : dsc: 0.920 ; iou: 0.871 ; accuracy: 0.984 ; precision: 0.938 ; recall: 0.917 ; loss: 0.045
2019-01-18 20:40:57,965:INFO: Epoch 29/45
2019-01-18 20:41:08,691:INFO: - Train metrics: dsc: 0.931 ; iou: 0.886 ; accuracy: 0.987 ; precision: 0.943 ; recall: 0.933 ; loss: 0.037
2019-01-18 20:41:09,772:INFO: - Eval metrics : dsc: 0.919 ; iou: 0.870 ; accuracy: 0.984 ; precision: 0.943 ; recall: 0.912 ; loss: 0.044
2019-01-18 20:41:09,787:INFO: Epoch 30/45
2019-01-18 20:41:20,585:INFO: - Train metrics: dsc: 0.930 ; iou: 0.884 ; accuracy: 0.986 ; precision: 0.941 ; recall: 0.932 ; loss: 0.037
2019-01-18 20:41:21,671:INFO: - Eval metrics : dsc: 0.921 ; iou: 0.871 ; accuracy: 0.983 ; precision: 0.933 ; recall: 0.921 ; loss: 0.045
2019-01-18 20:41:21,690:INFO: Epoch 31/45
2019-01-18 20:41:32,500:INFO: - Train metrics: dsc: 0.934 ; iou: 0.890 ; accuracy: 0.987 ; precision: 0.941 ; recall: 0.936 ; loss: 0.034
2019-01-18 20:41:33,598:INFO: - Eval metrics : dsc: 0.914 ; iou: 0.864 ; accuracy: 0.984 ; precision: 0.947 ; recall: 0.902 ; loss: 0.043
2019-01-18 20:41:33,615:INFO: Epoch 32/45
2019-01-18 20:41:44,400:INFO: - Train metrics: dsc: 0.934 ; iou: 0.890 ; accuracy: 0.987 ; precision: 0.943 ; recall: 0.936 ; loss: 0.034
2019-01-18 20:41:45,481:INFO: - Eval metrics : dsc: 0.922 ; iou: 0.872 ; accuracy: 0.984 ; precision: 0.942 ; recall: 0.914 ; loss: 0.042
2019-01-18 20:41:45,498:INFO: Epoch 33/45
2019-01-18 20:41:56,255:INFO: - Train metrics: dsc: 0.934 ; iou: 0.889 ; accuracy: 0.987 ; precision: 0.937 ; recall: 0.937 ; loss: 0.034
2019-01-18 20:41:57,344:INFO: - Eval metrics : dsc: 0.924 ; iou: 0.875 ; accuracy: 0.985 ; precision: 0.935 ; recall: 0.924 ; loss: 0.041
2019-01-18 20:41:57,363:INFO: - Found new best DSC
2019-01-18 20:41:57,364:INFO: Epoch 34/45
2019-01-18 20:42:08,162:INFO: - Train metrics: dsc: 0.936 ; iou: 0.892 ; accuracy: 0.987 ; precision: 0.942 ; recall: 0.938 ; loss: 0.033
2019-01-18 20:42:09,238:INFO: - Eval metrics : dsc: 0.926 ; iou: 0.876 ; accuracy: 0.985 ; precision: 0.949 ; recall: 0.917 ; loss: 0.041
2019-01-18 20:42:09,259:INFO: - Found new best DSC
2019-01-18 20:42:09,259:INFO: Epoch 35/45
2019-01-18 20:42:20,070:INFO: - Train metrics: dsc: 0.939 ; iou: 0.896 ; accuracy: 0.988 ; precision: 0.949 ; recall: 0.939 ; loss: 0.031
2019-01-18 20:42:21,170:INFO: - Eval metrics : dsc: 0.917 ; iou: 0.867 ; accuracy: 0.984 ; precision: 0.943 ; recall: 0.907 ; loss: 0.042
2019-01-18 20:42:21,185:INFO: Epoch 36/45
2019-01-18 20:42:31,926:INFO: - Train metrics: dsc: 0.937 ; iou: 0.895 ; accuracy: 0.988 ; precision: 0.944 ; recall: 0.938 ; loss: 0.031
2019-01-18 20:42:33,001:INFO: - Eval metrics : dsc: 0.927 ; iou: 0.877 ; accuracy: 0.984 ; precision: 0.934 ; recall: 0.927 ; loss: 0.041
2019-01-18 20:42:33,022:INFO: - Found new best DSC
2019-01-18 20:42:33,023:INFO: Epoch 37/45
2019-01-18 20:42:43,798:INFO: - Train metrics: dsc: 0.937 ; iou: 0.895 ; accuracy: 0.988 ; precision: 0.946 ; recall: 0.938 ; loss: 0.031
2019-01-18 20:42:44,922:INFO: - Eval metrics : dsc: 0.921 ; iou: 0.871 ; accuracy: 0.984 ; precision: 0.956 ; recall: 0.905 ; loss: 0.042
2019-01-18 20:42:44,940:INFO: Epoch 38/45
2019-01-18 20:42:55,798:INFO: - Train metrics: dsc: 0.942 ; iou: 0.900 ; accuracy: 0.988 ; precision: 0.949 ; recall: 0.944 ; loss: 0.030
2019-01-18 20:42:56,924:INFO: - Eval metrics : dsc: 0.929 ; iou: 0.881 ; accuracy: 0.985 ; precision: 0.930 ; recall: 0.936 ; loss: 0.040
2019-01-18 20:42:56,945:INFO: - Found new best DSC
2019-01-18 20:42:56,946:INFO: Epoch 39/45
2019-01-18 20:43:07,745:INFO: - Train metrics: dsc: 0.940 ; iou: 0.898 ; accuracy: 0.988 ; precision: 0.947 ; recall: 0.942 ; loss: 0.030
2019-01-18 20:43:08,832:INFO: - Eval metrics : dsc: 0.918 ; iou: 0.866 ; accuracy: 0.984 ; precision: 0.950 ; recall: 0.898 ; loss: 0.045
2019-01-18 20:43:08,852:INFO: Epoch 40/45
2019-01-18 20:43:19,633:INFO: - Train metrics: dsc: 0.942 ; iou: 0.901 ; accuracy: 0.988 ; precision: 0.952 ; recall: 0.943 ; loss: 0.029
2019-01-18 20:43:20,738:INFO: - Eval metrics : dsc: 0.930 ; iou: 0.881 ; accuracy: 0.985 ; precision: 0.944 ; recall: 0.924 ; loss: 0.039
2019-01-18 20:43:20,757:INFO: - Found new best DSC
2019-01-18 20:43:20,758:INFO: Epoch 41/45
2019-01-18 20:43:31,544:INFO: - Train metrics: dsc: 0.940 ; iou: 0.900 ; accuracy: 0.989 ; precision: 0.951 ; recall: 0.941 ; loss: 0.028
2019-01-18 20:43:32,595:INFO: - Eval metrics : dsc: 0.921 ; iou: 0.870 ; accuracy: 0.984 ; precision: 0.941 ; recall: 0.914 ; loss: 0.042
2019-01-18 20:43:32,609:INFO: Epoch 42/45
2019-01-18 20:43:43,358:INFO: - Train metrics: dsc: 0.940 ; iou: 0.899 ; accuracy: 0.988 ; precision: 0.950 ; recall: 0.942 ; loss: 0.029
2019-01-18 20:43:44,456:INFO: - Eval metrics : dsc: 0.921 ; iou: 0.870 ; accuracy: 0.984 ; precision: 0.933 ; recall: 0.920 ; loss: 0.043
2019-01-18 20:43:44,474:INFO: Epoch 43/45
2019-01-18 20:43:55,271:INFO: - Train metrics: dsc: 0.942 ; iou: 0.901 ; accuracy: 0.988 ; precision: 0.950 ; recall: 0.943 ; loss: 0.028
2019-01-18 20:43:56,402:INFO: - Eval metrics : dsc: 0.922 ; iou: 0.872 ; accuracy: 0.984 ; precision: 0.947 ; recall: 0.910 ; loss: 0.042
2019-01-18 20:43:56,417:INFO: Epoch 44/45
2019-01-18 20:44:07,290:INFO: - Train metrics: dsc: 0.942 ; iou: 0.902 ; accuracy: 0.989 ; precision: 0.948 ; recall: 0.944 ; loss: 0.029
2019-01-18 20:44:08,428:INFO: - Eval metrics : dsc: 0.928 ; iou: 0.880 ; accuracy: 0.985 ; precision: 0.940 ; recall: 0.924 ; loss: 0.039
2019-01-18 20:44:08,450:INFO: Epoch 45/45
2019-01-18 20:44:19,194:INFO: - Train metrics: dsc: 0.945 ; iou: 0.905 ; accuracy: 0.989 ; precision: 0.953 ; recall: 0.944 ; loss: 0.027
2019-01-18 20:44:20,281:INFO: - Eval metrics : dsc: 0.921 ; iou: 0.872 ; accuracy: 0.984 ; precision: 0.952 ; recall: 0.908 ; loss: 0.042
2019-01-18 20:44:20,348:INFO: Loading the datasets...
2019-01-18 20:44:24,761:INFO: - done.
2019-01-18 20:44:24,761:INFO: For k-fold 2/5:
2019-01-18 20:44:24,761:INFO: Starting training for 45 epoch(s)
2019-01-18 20:44:24,761:INFO: Epoch 1/45
2019-01-18 20:44:35,492:INFO: - Train metrics: dsc: 0.557 ; iou: 0.441 ; accuracy: 0.896 ; precision: 0.608 ; recall: 0.552 ; loss: 0.465
2019-01-18 20:44:36,568:INFO: - Eval metrics : dsc: 0.733 ; iou: 0.622 ; accuracy: 0.929 ; precision: 0.694 ; recall: 0.829 ; loss: 0.383
2019-01-18 20:44:36,588:INFO: - Found new best DSC
2019-01-18 20:44:36,588:INFO: Epoch 2/45
2019-01-18 20:44:47,321:INFO: - Train metrics: dsc: 0.804 ; iou: 0.715 ; accuracy: 0.959 ; precision: 0.821 ; recall: 0.812 ; loss: 0.337
2019-01-18 20:44:48,364:INFO: - Eval metrics : dsc: 0.804 ; iou: 0.723 ; accuracy: 0.963 ; precision: 0.847 ; recall: 0.805 ; loss: 0.304
2019-01-18 20:44:48,381:INFO: - Found new best DSC
2019-01-18 20:44:48,381:INFO: Epoch 3/45
2019-01-18 20:44:59,105:INFO: - Train metrics: dsc: 0.841 ; iou: 0.765 ; accuracy: 0.968 ; precision: 0.855 ; recall: 0.849 ; loss: 0.289
2019-01-18 20:45:00,172:INFO: - Eval metrics : dsc: 0.842 ; iou: 0.764 ; accuracy: 0.966 ; precision: 0.824 ; recall: 0.886 ; loss: 0.266
2019-01-18 20:45:00,193:INFO: - Found new best DSC
2019-01-18 20:45:00,193:INFO: Epoch 4/45
2019-01-18 20:45:10,945:INFO: - Train metrics: dsc: 0.860 ; iou: 0.791 ; accuracy: 0.973 ; precision: 0.873 ; recall: 0.865 ; loss: 0.251
2019-01-18 20:45:12,029:INFO: - Eval metrics : dsc: 0.862 ; iou: 0.795 ; accuracy: 0.976 ; precision: 0.880 ; recall: 0.871 ; loss: 0.229
2019-01-18 20:45:12,045:INFO: - Found new best DSC
2019-01-18 20:45:12,045:INFO: Epoch 5/45
2019-01-18 20:45:22,809:INFO: - Train metrics: dsc: 0.872 ; iou: 0.807 ; accuracy: 0.975 ; precision: 0.882 ; recall: 0.880 ; loss: 0.221
2019-01-18 20:45:23,846:INFO: - Eval metrics : dsc: 0.854 ; iou: 0.778 ; accuracy: 0.968 ; precision: 0.825 ; recall: 0.908 ; loss: 0.216
2019-01-18 20:45:23,860:INFO: Epoch 6/45
2019-01-18 20:45:34,573:INFO: - Train metrics: dsc: 0.881 ; iou: 0.819 ; accuracy: 0.977 ; precision: 0.891 ; recall: 0.887 ; loss: 0.194
2019-01-18 20:45:35,658:INFO: - Eval metrics : dsc: 0.876 ; iou: 0.814 ; accuracy: 0.978 ; precision: 0.883 ; recall: 0.887 ; loss: 0.180
2019-01-18 20:45:35,678:INFO: - Found new best DSC
2019-01-18 20:45:35,678:INFO: Epoch 7/45
2019-01-18 20:45:46,494:INFO: - Train metrics: dsc: 0.887 ; iou: 0.827 ; accuracy: 0.979 ; precision: 0.897 ; recall: 0.892 ; loss: 0.172
2019-01-18 20:45:47,576:INFO: - Eval metrics : dsc: 0.883 ; iou: 0.824 ; accuracy: 0.980 ; precision: 0.907 ; recall: 0.880 ; loss: 0.159
2019-01-18 20:45:47,605:INFO: - Found new best DSC
2019-01-18 20:45:47,606:INFO: Epoch 8/45
2019-01-18 20:45:58,366:INFO: - Train metrics: dsc: 0.893 ; iou: 0.836 ; accuracy: 0.980 ; precision: 0.904 ; recall: 0.898 ; loss: 0.151
2019-01-18 20:45:59,474:INFO: - Eval metrics : dsc: 0.884 ; iou: 0.825 ; accuracy: 0.980 ; precision: 0.893 ; recall: 0.891 ; loss: 0.143
2019-01-18 20:45:59,489:INFO: - Found new best DSC
2019-01-18 20:45:59,489:INFO: Epoch 9/45
2019-01-18 20:46:10,241:INFO: - Train metrics: dsc: 0.897 ; iou: 0.841 ; accuracy: 0.981 ; precision: 0.909 ; recall: 0.902 ; loss: 0.136
2019-01-18 20:46:11,394:INFO: - Eval metrics : dsc: 0.880 ; iou: 0.821 ; accuracy: 0.980 ; precision: 0.914 ; recall: 0.876 ; loss: 0.129
2019-01-18 20:46:11,408:INFO: Epoch 10/45
2019-01-18 20:46:22,169:INFO: - Train metrics: dsc: 0.903 ; iou: 0.848 ; accuracy: 0.982 ; precision: 0.913 ; recall: 0.906 ; loss: 0.120
2019-01-18 20:46:23,252:INFO: - Eval metrics : dsc: 0.885 ; iou: 0.828 ; accuracy: 0.981 ; precision: 0.915 ; recall: 0.880 ; loss: 0.115
2019-01-18 20:46:23,274:INFO: - Found new best DSC
2019-01-18 20:46:23,274:INFO: Epoch 11/45
2019-01-18 20:46:34,114:INFO: - Train metrics: dsc: 0.905 ; iou: 0.851 ; accuracy: 0.982 ; precision: 0.918 ; recall: 0.908 ; loss: 0.109
2019-01-18 20:46:35,242:INFO: - Eval metrics : dsc: 0.885 ; iou: 0.830 ; accuracy: 0.982 ; precision: 0.932 ; recall: 0.874 ; loss: 0.106
2019-01-18 20:46:35,264:INFO: - Found new best DSC
2019-01-18 20:46:35,264:INFO: Epoch 12/45
2019-01-18 20:46:46,064:INFO: - Train metrics: dsc: 0.909 ; iou: 0.857 ; accuracy: 0.983 ; precision: 0.920 ; recall: 0.912 ; loss: 0.098
2019-01-18 20:46:47,167:INFO: - Eval metrics : dsc: 0.891 ; iou: 0.836 ; accuracy: 0.982 ; precision: 0.920 ; recall: 0.890 ; loss: 0.093
2019-01-18 20:46:47,192:INFO: - Found new best DSC
2019-01-18 20:46:47,192:INFO: Epoch 13/45
2019-01-18 20:46:57,979:INFO: - Train metrics: dsc: 0.913 ; iou: 0.861 ; accuracy: 0.983 ; precision: 0.922 ; recall: 0.916 ; loss: 0.089
2019-01-18 20:46:59,048:INFO: - Eval metrics : dsc: 0.888 ; iou: 0.832 ; accuracy: 0.982 ; precision: 0.925 ; recall: 0.877 ; loss: 0.086
2019-01-18 20:46:59,067:INFO: Epoch 14/45
2019-01-18 20:47:09,806:INFO: - Train metrics: dsc: 0.916 ; iou: 0.864 ; accuracy: 0.983 ; precision: 0.924 ; recall: 0.920 ; loss: 0.081
2019-01-18 20:47:10,916:INFO: - Eval metrics : dsc: 0.891 ; iou: 0.836 ; accuracy: 0.982 ; precision: 0.931 ; recall: 0.875 ; loss: 0.080
2019-01-18 20:47:10,933:INFO: Epoch 15/45
2019-01-18 20:47:21,697:INFO: - Train metrics: dsc: 0.918 ; iou: 0.867 ; accuracy: 0.984 ; precision: 0.927 ; recall: 0.919 ; loss: 0.074
2019-01-18 20:47:22,777:INFO: - Eval metrics : dsc: 0.896 ; iou: 0.841 ; accuracy: 0.982 ; precision: 0.908 ; recall: 0.904 ; loss: 0.075
2019-01-18 20:47:22,792:INFO: - Found new best DSC
2019-01-18 20:47:22,793:INFO: Epoch 16/45
2019-01-18 20:47:33,569:INFO: - Train metrics: dsc: 0.918 ; iou: 0.869 ; accuracy: 0.984 ; precision: 0.930 ; recall: 0.921 ; loss: 0.068
2019-01-18 20:47:34,690:INFO: - Eval metrics : dsc: 0.898 ; iou: 0.844 ; accuracy: 0.982 ; precision: 0.903 ; recall: 0.908 ; loss: 0.071
2019-01-18 20:47:34,706:INFO: - Found new best DSC
2019-01-18 20:47:34,707:INFO: Epoch 17/45
2019-01-18 20:47:45,444:INFO: - Train metrics: dsc: 0.921 ; iou: 0.871 ; accuracy: 0.984 ; precision: 0.931 ; recall: 0.924 ; loss: 0.064
2019-01-18 20:47:46,551:INFO: - Eval metrics : dsc: 0.890 ; iou: 0.837 ; accuracy: 0.983 ; precision: 0.939 ; recall: 0.876 ; loss: 0.065
2019-01-18 20:47:46,569:INFO: Epoch 18/45
2019-01-18 20:47:57,336:INFO: - Train metrics: dsc: 0.925 ; iou: 0.876 ; accuracy: 0.985 ; precision: 0.932 ; recall: 0.926 ; loss: 0.059
2019-01-18 20:47:58,428:INFO: - Eval metrics : dsc: 0.889 ; iou: 0.834 ; accuracy: 0.982 ; precision: 0.939 ; recall: 0.871 ; loss: 0.064
2019-01-18 20:47:58,447:INFO: Epoch 19/45
2019-01-18 20:48:09,174:INFO: - Train metrics: dsc: 0.924 ; iou: 0.876 ; accuracy: 0.985 ; precision: 0.930 ; recall: 0.925 ; loss: 0.055
2019-01-18 20:48:10,266:INFO: - Eval metrics : dsc: 0.899 ; iou: 0.846 ; accuracy: 0.983 ; precision: 0.925 ; recall: 0.902 ; loss: 0.059
2019-01-18 20:48:10,282:INFO: - Found new best DSC
2019-01-18 20:48:10,282:INFO: Epoch 20/45
2019-01-18 20:48:21,103:INFO: - Train metrics: dsc: 0.926 ; iou: 0.877 ; accuracy: 0.985 ; precision: 0.931 ; recall: 0.928 ; loss: 0.053
2019-01-18 20:48:22,173:INFO: - Eval metrics : dsc: 0.900 ; iou: 0.846 ; accuracy: 0.983 ; precision: 0.916 ; recall: 0.900 ; loss: 0.057
2019-01-18 20:48:22,194:INFO: - Found new best DSC
2019-01-18 20:48:22,194:INFO: Epoch 21/45
2019-01-18 20:48:32,905:INFO: - Train metrics: dsc: 0.925 ; iou: 0.878 ; accuracy: 0.985 ; precision: 0.935 ; recall: 0.927 ; loss: 0.050
2019-01-18 20:48:34,015:INFO: - Eval metrics : dsc: 0.901 ; iou: 0.849 ; accuracy: 0.983 ; precision: 0.915 ; recall: 0.908 ; loss: 0.054
2019-01-18 20:48:34,031:INFO: - Found new best DSC
2019-01-18 20:48:34,031:INFO: Epoch 22/45
2019-01-18 20:48:44,845:INFO: - Train metrics: dsc: 0.929 ; iou: 0.883 ; accuracy: 0.986 ; precision: 0.939 ; recall: 0.931 ; loss: 0.047
2019-01-18 20:48:45,923:INFO: - Eval metrics : dsc: 0.887 ; iou: 0.834 ; accuracy: 0.983 ; precision: 0.929 ; recall: 0.873 ; loss: 0.055
2019-01-18 20:48:45,938:INFO: Epoch 23/45
2019-01-18 20:48:56,733:INFO: - Train metrics: dsc: 0.927 ; iou: 0.881 ; accuracy: 0.986 ; precision: 0.939 ; recall: 0.930 ; loss: 0.046
2019-01-18 20:48:57,810:INFO: - Eval metrics : dsc: 0.907 ; iou: 0.854 ; accuracy: 0.984 ; precision: 0.920 ; recall: 0.911 ; loss: 0.050
2019-01-18 20:48:57,832:INFO: - Found new best DSC
2019-01-18 20:48:57,832:INFO: Epoch 24/45
2019-01-18 20:49:08,593:INFO: - Train metrics: dsc: 0.931 ; iou: 0.885 ; accuracy: 0.986 ; precision: 0.940 ; recall: 0.933 ; loss: 0.043
2019-01-18 20:49:09,665:INFO: - Eval metrics : dsc: 0.905 ; iou: 0.854 ; accuracy: 0.984 ; precision: 0.924 ; recall: 0.904 ; loss: 0.048
2019-01-18 20:49:09,684:INFO: Epoch 25/45
2019-01-18 20:49:20,389:INFO: - Train metrics: dsc: 0.932 ; iou: 0.887 ; accuracy: 0.987 ; precision: 0.938 ; recall: 0.934 ; loss: 0.041
2019-01-18 20:49:21,487:INFO: - Eval metrics : dsc: 0.904 ; iou: 0.853 ; accuracy: 0.984 ; precision: 0.926 ; recall: 0.898 ; loss: 0.047
2019-01-18 20:49:21,504:INFO: Epoch 26/45
2019-01-18 20:49:32,242:INFO: - Train metrics: dsc: 0.934 ; iou: 0.891 ; accuracy: 0.987 ; precision: 0.941 ; recall: 0.936 ; loss: 0.039
2019-01-18 20:49:33,361:INFO: - Eval metrics : dsc: 0.902 ; iou: 0.850 ; accuracy: 0.984 ; precision: 0.937 ; recall: 0.889 ; loss: 0.047
2019-01-18 20:49:33,375:INFO: Epoch 27/45
2019-01-18 20:49:44,201:INFO: - Train metrics: dsc: 0.932 ; iou: 0.887 ; accuracy: 0.987 ; precision: 0.940 ; recall: 0.935 ; loss: 0.039
2019-01-18 20:49:45,313:INFO: - Eval metrics : dsc: 0.905 ; iou: 0.854 ; accuracy: 0.984 ; precision: 0.920 ; recall: 0.903 ; loss: 0.046
2019-01-18 20:49:45,334:INFO: Epoch 28/45
2019-01-18 20:49:56,077:INFO: - Train metrics: dsc: 0.936 ; iou: 0.892 ; accuracy: 0.987 ; precision: 0.943 ; recall: 0.938 ; loss: 0.037
2019-01-18 20:49:57,183:INFO: - Eval metrics : dsc: 0.900 ; iou: 0.848 ; accuracy: 0.984 ; precision: 0.927 ; recall: 0.889 ; loss: 0.047
2019-01-18 20:49:57,198:INFO: Epoch 29/45
2019-01-18 20:50:07,993:INFO: - Train metrics: dsc: 0.933 ; iou: 0.888 ; accuracy: 0.987 ; precision: 0.944 ; recall: 0.934 ; loss: 0.037
2019-01-18 20:50:09,121:INFO: - Eval metrics : dsc: 0.902 ; iou: 0.851 ; accuracy: 0.984 ; precision: 0.925 ; recall: 0.898 ; loss: 0.045
2019-01-18 20:50:09,145:INFO: Epoch 30/45
2019-01-18 20:50:19,973:INFO: - Train metrics: dsc: 0.936 ; iou: 0.891 ; accuracy: 0.987 ; precision: 0.946 ; recall: 0.937 ; loss: 0.036
2019-01-18 20:50:21,009:INFO: - Eval metrics : dsc: 0.905 ; iou: 0.853 ; accuracy: 0.984 ; precision: 0.922 ; recall: 0.902 ; loss: 0.044
2019-01-18 20:50:21,030:INFO: Epoch 31/45
2019-01-18 20:50:31,795:INFO: - Train metrics: dsc: 0.939 ; iou: 0.896 ; accuracy: 0.987 ; precision: 0.945 ; recall: 0.941 ; loss: 0.034
2019-01-18 20:50:32,942:INFO: - Eval metrics : dsc: 0.900 ; iou: 0.849 ; accuracy: 0.984 ; precision: 0.922 ; recall: 0.895 ; loss: 0.044
2019-01-18 20:50:32,963:INFO: Epoch 32/45
2019-01-18 20:50:43,746:INFO: - Train metrics: dsc: 0.940 ; iou: 0.897 ; accuracy: 0.987 ; precision: 0.949 ; recall: 0.941 ; loss: 0.034
2019-01-18 20:50:44,877:INFO: - Eval metrics : dsc: 0.907 ; iou: 0.856 ; accuracy: 0.984 ; precision: 0.918 ; recall: 0.912 ; loss: 0.043
2019-01-18 20:50:44,895:INFO: Epoch 33/45
2019-01-18 20:50:55,695:INFO: - Train metrics: dsc: 0.939 ; iou: 0.896 ; accuracy: 0.988 ; precision: 0.948 ; recall: 0.940 ; loss: 0.033
2019-01-18 20:50:56,775:INFO: - Eval metrics : dsc: 0.905 ; iou: 0.853 ; accuracy: 0.984 ; precision: 0.913 ; recall: 0.913 ; loss: 0.046
2019-01-18 20:50:56,794:INFO: Epoch 34/45
2019-01-18 20:51:07,561:INFO: - Train metrics: dsc: 0.940 ; iou: 0.898 ; accuracy: 0.988 ; precision: 0.944 ; recall: 0.942 ; loss: 0.032
2019-01-18 20:51:08,668:INFO: - Eval metrics : dsc: 0.910 ; iou: 0.858 ; accuracy: 0.984 ; precision: 0.922 ; recall: 0.910 ; loss: 0.043
2019-01-18 20:51:08,687:INFO: - Found new best DSC
2019-01-18 20:51:08,687:INFO: Epoch 35/45
2019-01-18 20:51:19,481:INFO: - Train metrics: dsc: 0.941 ; iou: 0.900 ; accuracy: 0.988 ; precision: 0.948 ; recall: 0.943 ; loss: 0.031
2019-01-18 20:51:20,606:INFO: - Eval metrics : dsc: 0.900 ; iou: 0.847 ; accuracy: 0.983 ; precision: 0.935 ; recall: 0.883 ; loss: 0.046
2019-01-18 20:51:20,627:INFO: Epoch 36/45
2019-01-18 20:51:31,407:INFO: - Train metrics: dsc: 0.940 ; iou: 0.898 ; accuracy: 0.988 ; precision: 0.948 ; recall: 0.941 ; loss: 0.031
2019-01-18 20:51:32,494:INFO: - Eval metrics : dsc: 0.910 ; iou: 0.858 ; accuracy: 0.984 ; precision: 0.905 ; recall: 0.926 ; loss: 0.044
2019-01-18 20:51:32,516:INFO: - Found new best DSC
2019-01-18 20:51:32,516:INFO: Epoch 37/45
2019-01-18 20:51:43,315:INFO: - Train metrics: dsc: 0.940 ; iou: 0.898 ; accuracy: 0.988 ; precision: 0.946 ; recall: 0.943 ; loss: 0.031
2019-01-18 20:51:44,398:INFO: - Eval metrics : dsc: 0.904 ; iou: 0.852 ; accuracy: 0.984 ; precision: 0.935 ; recall: 0.888 ; loss: 0.043
2019-01-18 20:51:44,413:INFO: Epoch 38/45
2019-01-18 20:51:55,125:INFO: - Train metrics: dsc: 0.945 ; iou: 0.905 ; accuracy: 0.988 ; precision: 0.951 ; recall: 0.946 ; loss: 0.029
2019-01-18 20:51:56,232:INFO: - Eval metrics : dsc: 0.912 ; iou: 0.861 ; accuracy: 0.984 ; precision: 0.908 ; recall: 0.927 ; loss: 0.042
2019-01-18 20:51:56,250:INFO: - Found new best DSC
2019-01-18 20:51:56,250:INFO: Epoch 39/45
2019-01-18 20:52:07,015:INFO: - Train metrics: dsc: 0.942 ; iou: 0.901 ; accuracy: 0.988 ; precision: 0.949 ; recall: 0.944 ; loss: 0.030
2019-01-18 20:52:08,098:INFO: - Eval metrics : dsc: 0.903 ; iou: 0.853 ; accuracy: 0.984 ; precision: 0.923 ; recall: 0.900 ; loss: 0.042
2019-01-18 20:52:08,113:INFO: Epoch 40/45
2019-01-18 20:52:18,911:INFO: - Train metrics: dsc: 0.944 ; iou: 0.903 ; accuracy: 0.988 ; precision: 0.948 ; recall: 0.944 ; loss: 0.029
2019-01-18 20:52:20,002:INFO: - Eval metrics : dsc: 0.909 ; iou: 0.859 ; accuracy: 0.984 ; precision: 0.917 ; recall: 0.914 ; loss: 0.042
2019-01-18 20:52:20,022:INFO: Epoch 41/45
2019-01-18 20:52:30,828:INFO: - Train metrics: dsc: 0.946 ; iou: 0.906 ; accuracy: 0.989 ; precision: 0.952 ; recall: 0.946 ; loss: 0.028
2019-01-18 20:52:31,995:INFO: - Eval metrics : dsc: 0.907 ; iou: 0.853 ; accuracy: 0.983 ; precision: 0.905 ; recall: 0.921 ; loss: 0.046
2019-01-18 20:52:32,016:INFO: Epoch 42/45
2019-01-18 20:52:42,759:INFO: - Train metrics: dsc: 0.943 ; iou: 0.902 ; accuracy: 0.988 ; precision: 0.948 ; recall: 0.945 ; loss: 0.029
2019-01-18 20:52:43,875:INFO: - Eval metrics : dsc: 0.913 ; iou: 0.861 ; accuracy: 0.984 ; precision: 0.917 ; recall: 0.920 ; loss: 0.042
2019-01-18 20:52:43,891:INFO: - Found new best DSC
2019-01-18 20:52:43,892:INFO: Epoch 43/45
2019-01-18 20:52:54,655:INFO: - Train metrics: dsc: 0.946 ; iou: 0.905 ; accuracy: 0.988 ; precision: 0.950 ; recall: 0.946 ; loss: 0.028
2019-01-18 20:52:55,737:INFO: - Eval metrics : dsc: 0.910 ; iou: 0.860 ; accuracy: 0.985 ; precision: 0.929 ; recall: 0.903 ; loss: 0.041
2019-01-18 20:52:55,755:INFO: Epoch 44/45
2019-01-18 20:53:06,527:INFO: - Train metrics: dsc: 0.945 ; iou: 0.905 ; accuracy: 0.989 ; precision: 0.951 ; recall: 0.946 ; loss: 0.028
2019-01-18 20:53:07,615:INFO: - Eval metrics : dsc: 0.912 ; iou: 0.862 ; accuracy: 0.985 ; precision: 0.921 ; recall: 0.916 ; loss: 0.041
2019-01-18 20:53:07,634:INFO: Epoch 45/45
2019-01-18 20:53:18,432:INFO: - Train metrics: dsc: 0.948 ; iou: 0.909 ; accuracy: 0.989 ; precision: 0.955 ; recall: 0.947 ; loss: 0.027
2019-01-18 20:53:19,515:INFO: - Eval metrics : dsc: 0.905 ; iou: 0.855 ; accuracy: 0.984 ; precision: 0.931 ; recall: 0.896 ; loss: 0.043
2019-01-18 20:53:19,579:INFO: Loading the datasets...
2019-01-18 20:53:24,164:INFO: - done.
2019-01-18 20:53:24,164:INFO: For k-fold 3/5:
2019-01-18 20:53:24,164:INFO: Starting training for 45 epoch(s)
2019-01-18 20:53:24,165:INFO: Epoch 1/45
2019-01-18 20:53:34,893:INFO: - Train metrics: dsc: 0.558 ; iou: 0.440 ; accuracy: 0.896 ; precision: 0.608 ; recall: 0.553 ; loss: 0.464
2019-01-18 20:53:35,973:INFO: - Eval metrics : dsc: 0.734 ; iou: 0.622 ; accuracy: 0.928 ; precision: 0.694 ; recall: 0.820 ; loss: 0.387
2019-01-18 20:53:35,989:INFO: - Found new best DSC
2019-01-18 20:53:35,989:INFO: Epoch 2/45
2019-01-18 20:53:46,716:INFO: - Train metrics: dsc: 0.796 ; iou: 0.706 ; accuracy: 0.957 ; precision: 0.812 ; recall: 0.805 ; loss: 0.340
2019-01-18 20:53:47,798:INFO: - Eval metrics : dsc: 0.807 ; iou: 0.723 ; accuracy: 0.962 ; precision: 0.860 ; recall: 0.807 ; loss: 0.307
2019-01-18 20:53:47,821:INFO: - Found new best DSC
2019-01-18 20:53:47,821:INFO: Epoch 3/45
2019-01-18 20:53:58,584:INFO: - Train metrics: dsc: 0.835 ; iou: 0.757 ; accuracy: 0.967 ; precision: 0.852 ; recall: 0.843 ; loss: 0.290
2019-01-18 20:53:59,656:INFO: - Eval metrics : dsc: 0.834 ; iou: 0.752 ; accuracy: 0.963 ; precision: 0.831 ; recall: 0.870 ; loss: 0.271
2019-01-18 20:53:59,675:INFO: - Found new best DSC
2019-01-18 20:53:59,675:INFO: Epoch 4/45
2019-01-18 20:54:10,465:INFO: - Train metrics: dsc: 0.855 ; iou: 0.783 ; accuracy: 0.972 ; precision: 0.872 ; recall: 0.860 ; loss: 0.253
2019-01-18 20:54:11,558:INFO: - Eval metrics : dsc: 0.858 ; iou: 0.788 ; accuracy: 0.973 ; precision: 0.897 ; recall: 0.854 ; loss: 0.233
2019-01-18 20:54:11,580:INFO: - Found new best DSC
2019-01-18 20:54:11,581:INFO: Epoch 5/45
2019-01-18 20:54:22,428:INFO: - Train metrics: dsc: 0.865 ; iou: 0.797 ; accuracy: 0.975 ; precision: 0.878 ; recall: 0.871 ; loss: 0.222
2019-01-18 20:54:23,500:INFO: - Eval metrics : dsc: 0.864 ; iou: 0.792 ; accuracy: 0.971 ; precision: 0.861 ; recall: 0.888 ; loss: 0.213
2019-01-18 20:54:23,521:INFO: - Found new best DSC
2019-01-18 20:54:23,521:INFO: Epoch 6/45
2019-01-18 20:54:34,315:INFO: - Train metrics: dsc: 0.874 ; iou: 0.810 ; accuracy: 0.976 ; precision: 0.887 ; recall: 0.878 ; loss: 0.196
2019-01-18 20:54:35,421:INFO: - Eval metrics : dsc: 0.870 ; iou: 0.803 ; accuracy: 0.975 ; precision: 0.917 ; recall: 0.856 ; loss: 0.184
2019-01-18 20:54:35,444:INFO: - Found new best DSC
2019-01-18 20:54:35,444:INFO: Epoch 7/45
2019-01-18 20:54:46,181:INFO: - Train metrics: dsc: 0.884 ; iou: 0.823 ; accuracy: 0.978 ; precision: 0.898 ; recall: 0.887 ; loss: 0.173
2019-01-18 20:54:47,284:INFO: - Eval metrics : dsc: 0.882 ; iou: 0.820 ; accuracy: 0.978 ; precision: 0.911 ; recall: 0.880 ; loss: 0.162
2019-01-18 20:54:47,302:INFO: - Found new best DSC
2019-01-18 20:54:47,302:INFO: Epoch 8/45
2019-01-18 20:54:58,205:INFO: - Train metrics: dsc: 0.888 ; iou: 0.828 ; accuracy: 0.979 ; precision: 0.901 ; recall: 0.891 ; loss: 0.154
2019-01-18 20:54:59,279:INFO: - Eval metrics : dsc: 0.885 ; iou: 0.825 ; accuracy: 0.979 ; precision: 0.927 ; recall: 0.873 ; loss: 0.144
2019-01-18 20:54:59,294:INFO: - Found new best DSC
2019-01-18 20:54:59,295:INFO: Epoch 9/45
2019-01-18 20:55:10,034:INFO: - Train metrics: dsc: 0.892 ; iou: 0.835 ; accuracy: 0.980 ; precision: 0.909 ; recall: 0.895 ; loss: 0.137
2019-01-18 20:55:11,123:INFO: - Eval metrics : dsc: 0.890 ; iou: 0.829 ; accuracy: 0.978 ; precision: 0.895 ; recall: 0.905 ; loss: 0.136
2019-01-18 20:55:11,145:INFO: - Found new best DSC
2019-01-18 20:55:11,145:INFO: Epoch 10/45
2019-01-18 20:55:21,947:INFO: - Train metrics: dsc: 0.895 ; iou: 0.839 ; accuracy: 0.981 ; precision: 0.910 ; recall: 0.896 ; loss: 0.121
2019-01-18 20:55:23,063:INFO: - Eval metrics : dsc: 0.879 ; iou: 0.819 ; accuracy: 0.977 ; precision: 0.906 ; recall: 0.880 ; loss: 0.124
2019-01-18 20:55:23,077:INFO: Epoch 11/45
2019-01-18 20:55:33,878:INFO: - Train metrics: dsc: 0.901 ; iou: 0.846 ; accuracy: 0.982 ; precision: 0.914 ; recall: 0.901 ; loss: 0.109
2019-01-18 20:55:34,961:INFO: - Eval metrics : dsc: 0.895 ; iou: 0.836 ; accuracy: 0.979 ; precision: 0.896 ; recall: 0.906 ; loss: 0.111
2019-01-18 20:55:34,981:INFO: - Found new best DSC
2019-01-18 20:55:34,981:INFO: Epoch 12/45
2019-01-18 20:55:45,772:INFO: - Train metrics: dsc: 0.903 ; iou: 0.849 ; accuracy: 0.982 ; precision: 0.919 ; recall: 0.903 ; loss: 0.099
2019-01-18 20:55:46,884:INFO: - Eval metrics : dsc: 0.893 ; iou: 0.836 ; accuracy: 0.979 ; precision: 0.913 ; recall: 0.894 ; loss: 0.100
2019-01-18 20:55:46,903:INFO: Epoch 13/45
2019-01-18 20:55:57,746:INFO: - Train metrics: dsc: 0.905 ; iou: 0.852 ; accuracy: 0.983 ; precision: 0.919 ; recall: 0.906 ; loss: 0.089
2019-01-18 20:55:58,859:INFO: - Eval metrics : dsc: 0.896 ; iou: 0.838 ; accuracy: 0.980 ; precision: 0.917 ; recall: 0.890 ; loss: 0.091
2019-01-18 20:55:58,875:INFO: - Found new best DSC
2019-01-18 20:55:58,875:INFO: Epoch 14/45
2019-01-18 20:56:09,683:INFO: - Train metrics: dsc: 0.908 ; iou: 0.856 ; accuracy: 0.983 ; precision: 0.919 ; recall: 0.911 ; loss: 0.082
2019-01-18 20:56:10,786:INFO: - Eval metrics : dsc: 0.897 ; iou: 0.842 ; accuracy: 0.981 ; precision: 0.929 ; recall: 0.888 ; loss: 0.084
2019-01-18 20:56:10,806:INFO: - Found new best DSC
2019-01-18 20:56:10,807:INFO: Epoch 15/45
2019-01-18 20:56:21,623:INFO: - Train metrics: dsc: 0.910 ; iou: 0.860 ; accuracy: 0.984 ; precision: 0.927 ; recall: 0.910 ; loss: 0.074
2019-01-18 20:56:22,714:INFO: - Eval metrics : dsc: 0.904 ; iou: 0.849 ; accuracy: 0.981 ; precision: 0.921 ; recall: 0.902 ; loss: 0.076
2019-01-18 20:56:22,729:INFO: - Found new best DSC
2019-01-18 20:56:22,729:INFO: Epoch 16/45
2019-01-18 20:56:33,467:INFO: - Train metrics: dsc: 0.912 ; iou: 0.861 ; accuracy: 0.984 ; precision: 0.928 ; recall: 0.915 ; loss: 0.070
2019-01-18 20:56:34,582:INFO: - Eval metrics : dsc: 0.903 ; iou: 0.848 ; accuracy: 0.981 ; precision: 0.902 ; recall: 0.915 ; loss: 0.076
2019-01-18 20:56:34,597:INFO: Epoch 17/45
2019-01-18 20:56:45,394:INFO: - Train metrics: dsc: 0.917 ; iou: 0.867 ; accuracy: 0.985 ; precision: 0.929 ; recall: 0.919 ; loss: 0.064
2019-01-18 20:56:46,547:INFO: - Eval metrics : dsc: 0.901 ; iou: 0.845 ; accuracy: 0.981 ; precision: 0.932 ; recall: 0.887 ; loss: 0.070
2019-01-18 20:56:46,562:INFO: Epoch 18/45
2019-01-18 20:56:57,347:INFO: - Train metrics: dsc: 0.920 ; iou: 0.871 ; accuracy: 0.985 ; precision: 0.931 ; recall: 0.922 ; loss: 0.059
2019-01-18 20:56:58,468:INFO: - Eval metrics : dsc: 0.903 ; iou: 0.849 ; accuracy: 0.982 ; precision: 0.925 ; recall: 0.895 ; loss: 0.067
2019-01-18 20:56:58,483:INFO: Epoch 19/45
2019-01-18 20:57:09,226:INFO: - Train metrics: dsc: 0.921 ; iou: 0.873 ; accuracy: 0.985 ; precision: 0.934 ; recall: 0.923 ; loss: 0.055
2019-01-18 20:57:10,333:INFO: - Eval metrics : dsc: 0.901 ; iou: 0.848 ; accuracy: 0.981 ; precision: 0.919 ; recall: 0.907 ; loss: 0.064
2019-01-18 20:57:10,346:INFO: Epoch 20/45
2019-01-18 20:57:21,143:INFO: - Train metrics: dsc: 0.921 ; iou: 0.873 ; accuracy: 0.985 ; precision: 0.929 ; recall: 0.924 ; loss: 0.053
2019-01-18 20:57:22,226:INFO: - Eval metrics : dsc: 0.898 ; iou: 0.846 ; accuracy: 0.981 ; precision: 0.920 ; recall: 0.898 ; loss: 0.061
2019-01-18 20:57:22,240:INFO: Epoch 21/45
2019-01-18 20:57:32,987:INFO: - Train metrics: dsc: 0.923 ; iou: 0.876 ; accuracy: 0.986 ; precision: 0.932 ; recall: 0.924 ; loss: 0.050
2019-01-18 20:57:34,073:INFO: - Eval metrics : dsc: 0.903 ; iou: 0.850 ; accuracy: 0.982 ; precision: 0.929 ; recall: 0.897 ; loss: 0.058
2019-01-18 20:57:34,086:INFO: Epoch 22/45
2019-01-18 20:57:44,895:INFO: - Train metrics: dsc: 0.926 ; iou: 0.880 ; accuracy: 0.986 ; precision: 0.936 ; recall: 0.930 ; loss: 0.047
2019-01-18 20:57:46,027:INFO: - Eval metrics : dsc: 0.901 ; iou: 0.849 ; accuracy: 0.982 ; precision: 0.934 ; recall: 0.892 ; loss: 0.057
2019-01-18 20:57:46,045:INFO: Epoch 23/45
2019-01-18 20:57:56,827:INFO: - Train metrics: dsc: 0.925 ; iou: 0.878 ; accuracy: 0.986 ; precision: 0.935 ; recall: 0.927 ; loss: 0.046
2019-01-18 20:57:57,901:INFO: - Eval metrics : dsc: 0.905 ; iou: 0.850 ; accuracy: 0.982 ; precision: 0.931 ; recall: 0.894 ; loss: 0.056
2019-01-18 20:57:57,924:INFO: - Found new best DSC
2019-01-18 20:57:57,924:INFO: Epoch 24/45
2019-01-18 20:58:08,668:INFO: - Train metrics: dsc: 0.927 ; iou: 0.881 ; accuracy: 0.986 ; precision: 0.938 ; recall: 0.929 ; loss: 0.043
2019-01-18 20:58:09,749:INFO: - Eval metrics : dsc: 0.905 ; iou: 0.852 ; accuracy: 0.982 ; precision: 0.927 ; recall: 0.900 ; loss: 0.054
2019-01-18 20:58:09,769:INFO: Epoch 25/45
2019-01-18 20:58:20,629:INFO: - Train metrics: dsc: 0.932 ; iou: 0.887 ; accuracy: 0.987 ; precision: 0.940 ; recall: 0.934 ; loss: 0.041
2019-01-18 20:58:21,716:INFO: - Eval metrics : dsc: 0.907 ; iou: 0.856 ; accuracy: 0.983 ; precision: 0.923 ; recall: 0.906 ; loss: 0.052
2019-01-18 20:58:21,738:INFO: - Found new best DSC
2019-01-18 20:58:21,738:INFO: Epoch 26/45
2019-01-18 20:58:32,552:INFO: - Train metrics: dsc: 0.929 ; iou: 0.883 ; accuracy: 0.986 ; precision: 0.939 ; recall: 0.932 ; loss: 0.041
2019-01-18 20:58:33,644:INFO: - Eval metrics : dsc: 0.899 ; iou: 0.848 ; accuracy: 0.982 ; precision: 0.946 ; recall: 0.882 ; loss: 0.053
2019-01-18 20:58:33,659:INFO: Epoch 27/45
2019-01-18 20:58:44,412:INFO: - Train metrics: dsc: 0.932 ; iou: 0.887 ; accuracy: 0.987 ; precision: 0.941 ; recall: 0.932 ; loss: 0.039
2019-01-18 20:58:45,499:INFO: - Eval metrics : dsc: 0.904 ; iou: 0.853 ; accuracy: 0.983 ; precision: 0.936 ; recall: 0.898 ; loss: 0.051
2019-01-18 20:58:45,522:INFO: Epoch 28/45
2019-01-18 20:58:56,301:INFO: - Train metrics: dsc: 0.935 ; iou: 0.891 ; accuracy: 0.987 ; precision: 0.942 ; recall: 0.938 ; loss: 0.037
2019-01-18 20:58:57,386:INFO: - Eval metrics : dsc: 0.909 ; iou: 0.856 ; accuracy: 0.983 ; precision: 0.938 ; recall: 0.897 ; loss: 0.050
2019-01-18 20:58:57,408:INFO: - Found new best DSC
2019-01-18 20:58:57,408:INFO: Epoch 29/45
2019-01-18 20:59:08,181:INFO: - Train metrics: dsc: 0.935 ; iou: 0.891 ; accuracy: 0.987 ; precision: 0.943 ; recall: 0.938 ; loss: 0.036
2019-01-18 20:59:09,281:INFO: - Eval metrics : dsc: 0.910 ; iou: 0.859 ; accuracy: 0.983 ; precision: 0.932 ; recall: 0.905 ; loss: 0.050
2019-01-18 20:59:09,301:INFO: - Found new best DSC
2019-01-18 20:59:09,301:INFO: Epoch 30/45
2019-01-18 20:59:20,030:INFO: - Train metrics: dsc: 0.934 ; iou: 0.890 ; accuracy: 0.987 ; precision: 0.945 ; recall: 0.937 ; loss: 0.036
2019-01-18 20:59:21,113:INFO: - Eval metrics : dsc: 0.910 ; iou: 0.859 ; accuracy: 0.983 ; precision: 0.931 ; recall: 0.908 ; loss: 0.050
2019-01-18 20:59:21,134:INFO: - Found new best DSC
2019-01-18 20:59:21,134:INFO: Epoch 31/45
2019-01-18 20:59:31,981:INFO: - Train metrics: dsc: 0.934 ; iou: 0.890 ; accuracy: 0.987 ; precision: 0.944 ; recall: 0.936 ; loss: 0.035
2019-01-18 20:59:33,035:INFO: - Eval metrics : dsc: 0.907 ; iou: 0.856 ; accuracy: 0.982 ; precision: 0.926 ; recall: 0.907 ; loss: 0.049
2019-01-18 20:59:33,048:INFO: Epoch 32/45
2019-01-18 20:59:43,798:INFO: - Train metrics: dsc: 0.938 ; iou: 0.895 ; accuracy: 0.988 ; precision: 0.945 ; recall: 0.939 ; loss: 0.033
2019-01-18 20:59:44,877:INFO: - Eval metrics : dsc: 0.911 ; iou: 0.858 ; accuracy: 0.982 ; precision: 0.923 ; recall: 0.917 ; loss: 0.050
2019-01-18 20:59:44,893:INFO: - Found new best DSC
2019-01-18 20:59:44,893:INFO: Epoch 33/45
2019-01-18 20:59:55,642:INFO: - Train metrics: dsc: 0.937 ; iou: 0.894 ; accuracy: 0.987 ; precision: 0.943 ; recall: 0.939 ; loss: 0.034
2019-01-18 20:59:56,759:INFO: - Eval metrics : dsc: 0.912 ; iou: 0.860 ; accuracy: 0.983 ; precision: 0.921 ; recall: 0.917 ; loss: 0.048
2019-01-18 20:59:56,780:INFO: - Found new best DSC
2019-01-18 20:59:56,780:INFO: Epoch 34/45
2019-01-18 21:00:07,630:INFO: - Train metrics: dsc: 0.937 ; iou: 0.895 ; accuracy: 0.988 ; precision: 0.946 ; recall: 0.939 ; loss: 0.032
2019-01-18 21:00:08,756:INFO: - Eval metrics : dsc: 0.901 ; iou: 0.846 ; accuracy: 0.981 ; precision: 0.934 ; recall: 0.889 ; loss: 0.054
2019-01-18 21:00:08,774:INFO: Epoch 35/45
2019-01-18 21:00:19,519:INFO: - Train metrics: dsc: 0.938 ; iou: 0.896 ; accuracy: 0.988 ; precision: 0.950 ; recall: 0.940 ; loss: 0.031
2019-01-18 21:00:20,602:INFO: - Eval metrics : dsc: 0.910 ; iou: 0.858 ; accuracy: 0.983 ; precision: 0.933 ; recall: 0.903 ; loss: 0.049
2019-01-18 21:00:20,616:INFO: Epoch 36/45
2019-01-18 21:00:31,434:INFO: - Train metrics: dsc: 0.939 ; iou: 0.896 ; accuracy: 0.988 ; precision: 0.944 ; recall: 0.940 ; loss: 0.032
2019-01-18 21:00:32,566:INFO: - Eval metrics : dsc: 0.907 ; iou: 0.856 ; accuracy: 0.983 ; precision: 0.926 ; recall: 0.910 ; loss: 0.049
2019-01-18 21:00:32,589:INFO: Epoch 37/45
2019-01-18 21:00:43,387:INFO: - Train metrics: dsc: 0.940 ; iou: 0.899 ; accuracy: 0.988 ; precision: 0.949 ; recall: 0.943 ; loss: 0.030
2019-01-18 21:00:44,523:INFO: - Eval metrics : dsc: 0.907 ; iou: 0.855 ; accuracy: 0.983 ; precision: 0.941 ; recall: 0.892 ; loss: 0.048
2019-01-18 21:00:44,541:INFO: Epoch 38/45
2019-01-18 21:00:55,378:INFO: - Train metrics: dsc: 0.941 ; iou: 0.899 ; accuracy: 0.988 ; precision: 0.949 ; recall: 0.943 ; loss: 0.030
2019-01-18 21:00:56,490:INFO: - Eval metrics : dsc: 0.912 ; iou: 0.860 ; accuracy: 0.983 ; precision: 0.924 ; recall: 0.915 ; loss: 0.047
2019-01-18 21:00:56,510:INFO: Epoch 39/45
2019-01-18 21:01:07,291:INFO: - Train metrics: dsc: 0.943 ; iou: 0.902 ; accuracy: 0.988 ; precision: 0.950 ; recall: 0.944 ; loss: 0.029
2019-01-18 21:01:08,378:INFO: - Eval metrics : dsc: 0.912 ; iou: 0.861 ; accuracy: 0.983 ; precision: 0.929 ; recall: 0.910 ; loss: 0.048
2019-01-18 21:01:08,398:INFO: Epoch 40/45
2019-01-18 21:01:19,213:INFO: - Train metrics: dsc: 0.943 ; iou: 0.902 ; accuracy: 0.988 ; precision: 0.949 ; recall: 0.945 ; loss: 0.029
2019-01-18 21:01:20,337:INFO: - Eval metrics : dsc: 0.913 ; iou: 0.862 ; accuracy: 0.983 ; precision: 0.927 ; recall: 0.913 ; loss: 0.047
2019-01-18 21:01:20,359:INFO: - Found new best DSC
2019-01-18 21:01:20,359:INFO: Epoch 41/45
2019-01-18 21:01:31,145:INFO: - Train metrics: dsc: 0.944 ; iou: 0.904 ; accuracy: 0.989 ; precision: 0.951 ; recall: 0.945 ; loss: 0.028
2019-01-18 21:01:32,256:INFO: - Eval metrics : dsc: 0.909 ; iou: 0.857 ; accuracy: 0.982 ; precision: 0.933 ; recall: 0.899 ; loss: 0.049
2019-01-18 21:01:32,271:INFO: Epoch 42/45
2019-01-18 21:01:43,053:INFO: - Train metrics: dsc: 0.941 ; iou: 0.899 ; accuracy: 0.988 ; precision: 0.947 ; recall: 0.945 ; loss: 0.030
2019-01-18 21:01:44,125:INFO: - Eval metrics : dsc: 0.906 ; iou: 0.853 ; accuracy: 0.982 ; precision: 0.935 ; recall: 0.895 ; loss: 0.050
2019-01-18 21:01:44,142:INFO: Epoch 43/45
2019-01-18 21:01:54,936:INFO: - Train metrics: dsc: 0.946 ; iou: 0.905 ; accuracy: 0.989 ; precision: 0.951 ; recall: 0.947 ; loss: 0.028
2019-01-18 21:01:56,015:INFO: - Eval metrics : dsc: 0.903 ; iou: 0.852 ; accuracy: 0.982 ; precision: 0.940 ; recall: 0.890 ; loss: 0.051
2019-01-18 21:01:56,037:INFO: Epoch 44/45
2019-01-18 21:02:06,829:INFO: - Train metrics: dsc: 0.945 ; iou: 0.904 ; accuracy: 0.989 ; precision: 0.952 ; recall: 0.946 ; loss: 0.028
2019-01-18 21:02:07,988:INFO: - Eval metrics : dsc: 0.914 ; iou: 0.864 ; accuracy: 0.983 ; precision: 0.927 ; recall: 0.914 ; loss: 0.047
2019-01-18 21:02:08,007:INFO: - Found new best DSC
2019-01-18 21:02:08,007:INFO: Epoch 45/45
2019-01-18 21:02:18,747:INFO: - Train metrics: dsc: 0.944 ; iou: 0.904 ; accuracy: 0.989 ; precision: 0.953 ; recall: 0.944 ; loss: 0.027
2019-01-18 21:02:19,823:INFO: - Eval metrics : dsc: 0.913 ; iou: 0.863 ; accuracy: 0.983 ; precision: 0.940 ; recall: 0.902 ; loss: 0.048
2019-01-18 21:02:19,884:INFO: Loading the datasets...
2019-01-18 21:02:24,507:INFO: - done.
2019-01-18 21:02:24,508:INFO: For k-fold 4/5:
2019-01-18 21:02:24,508:INFO: Starting training for 45 epoch(s)
2019-01-18 21:02:24,508:INFO: Epoch 1/45
2019-01-18 21:02:35,212:INFO: - Train metrics: dsc: 0.561 ; iou: 0.444 ; accuracy: 0.896 ; precision: 0.606 ; recall: 0.565 ; loss: 0.463
2019-01-18 21:02:36,292:INFO: - Eval metrics : dsc: 0.706 ; iou: 0.597 ; accuracy: 0.922 ; precision: 0.672 ; recall: 0.797 ; loss: 0.394
2019-01-18 21:02:36,308:INFO: - Found new best DSC
2019-01-18 21:02:36,308:INFO: Epoch 2/45
2019-01-18 21:02:47,023:INFO: - Train metrics: dsc: 0.788 ; iou: 0.697 ; accuracy: 0.955 ; precision: 0.812 ; recall: 0.798 ; loss: 0.341
2019-01-18 21:02:48,167:INFO: - Eval metrics : dsc: 0.775 ; iou: 0.680 ; accuracy: 0.948 ; precision: 0.769 ; recall: 0.824 ; loss: 0.323
2019-01-18 21:02:48,191:INFO: - Found new best DSC
2019-01-18 21:02:48,191:INFO: Epoch 3/45
2019-01-18 21:02:58,958:INFO: - Train metrics: dsc: 0.832 ; iou: 0.753 ; accuracy: 0.966 ; precision: 0.851 ; recall: 0.840 ; loss: 0.291
2019-01-18 21:03:00,053:INFO: - Eval metrics : dsc: 0.819 ; iou: 0.741 ; accuracy: 0.967 ; precision: 0.844 ; recall: 0.837 ; loss: 0.270
2019-01-18 21:03:00,069:INFO: - Found new best DSC
2019-01-18 21:03:00,070:INFO: Epoch 4/45
2019-01-18 21:03:10,833:INFO: - Train metrics: dsc: 0.856 ; iou: 0.785 ; accuracy: 0.972 ; precision: 0.870 ; recall: 0.865 ; loss: 0.253
2019-01-18 21:03:11,939:INFO: - Eval metrics : dsc: 0.838 ; iou: 0.766 ; accuracy: 0.971 ; precision: 0.862 ; recall: 0.848 ; loss: 0.234
2019-01-18 21:03:11,959:INFO: - Found new best DSC
2019-01-18 21:03:11,959:INFO: Epoch 5/45
2019-01-18 21:03:22,709:INFO: - Train metrics: dsc: 0.873 ; iou: 0.806 ; accuracy: 0.975 ; precision: 0.888 ; recall: 0.876 ; loss: 0.221
2019-01-18 21:03:23,794:INFO: - Eval metrics : dsc: 0.840 ; iou: 0.765 ; accuracy: 0.968 ; precision: 0.828 ; recall: 0.882 ; loss: 0.218
2019-01-18 21:03:23,810:INFO: - Found new best DSC
2019-01-18 21:03:23,810:INFO: Epoch 6/45
2019-01-18 21:03:34,767:INFO: - Train metrics: dsc: 0.878 ; iou: 0.814 ; accuracy: 0.977 ; precision: 0.895 ; recall: 0.882 ; loss: 0.194
2019-01-18 21:03:35,913:INFO: - Eval metrics : dsc: 0.856 ; iou: 0.791 ; accuracy: 0.975 ; precision: 0.894 ; recall: 0.850 ; loss: 0.187
2019-01-18 21:03:35,926:INFO: - Found new best DSC
2019-01-18 21:03:35,926:INFO: Epoch 7/45
2019-01-18 21:03:46,699:INFO: - Train metrics: dsc: 0.885 ; iou: 0.824 ; accuracy: 0.978 ; precision: 0.898 ; recall: 0.890 ; loss: 0.172
2019-01-18 21:03:47,785:INFO: - Eval metrics : dsc: 0.857 ; iou: 0.795 ; accuracy: 0.977 ; precision: 0.917 ; recall: 0.843 ; loss: 0.166
2019-01-18 21:03:47,801:INFO: - Found new best DSC
2019-01-18 21:03:47,802:INFO: Epoch 8/45
2019-01-18 21:03:58,584:INFO: - Train metrics: dsc: 0.892 ; iou: 0.833 ; accuracy: 0.980 ; precision: 0.908 ; recall: 0.895 ; loss: 0.152
2019-01-18 21:03:59,671:INFO: - Eval metrics : dsc: 0.863 ; iou: 0.804 ; accuracy: 0.978 ; precision: 0.909 ; recall: 0.856 ; loss: 0.147
2019-01-18 21:03:59,687:INFO: - Found new best DSC
2019-01-18 21:03:59,687:INFO: Epoch 9/45
2019-01-18 21:04:10,491:INFO: - Train metrics: dsc: 0.899 ; iou: 0.842 ; accuracy: 0.981 ; precision: 0.912 ; recall: 0.902 ; loss: 0.134
2019-01-18 21:04:11,640:INFO: - Eval metrics : dsc: 0.873 ; iou: 0.812 ; accuracy: 0.978 ; precision: 0.890 ; recall: 0.887 ; loss: 0.134
2019-01-18 21:04:11,670:INFO: - Found new best DSC
2019-01-18 21:04:11,670:INFO: Epoch 10/45
2019-01-18 21:04:22,468:INFO: - Train metrics: dsc: 0.902 ; iou: 0.847 ; accuracy: 0.982 ; precision: 0.913 ; recall: 0.904 ; loss: 0.120
2019-01-18 21:04:23,549:INFO: - Eval metrics : dsc: 0.875 ; iou: 0.818 ; accuracy: 0.979 ; precision: 0.891 ; recall: 0.882 ; loss: 0.118
2019-01-18 21:04:23,570:INFO: - Found new best DSC
2019-01-18 21:04:23,571:INFO: Epoch 11/45
2019-01-18 21:04:34,304:INFO: - Train metrics: dsc: 0.905 ; iou: 0.851 ; accuracy: 0.982 ; precision: 0.917 ; recall: 0.909 ; loss: 0.108
2019-01-18 21:04:35,407:INFO: - Eval metrics : dsc: 0.882 ; iou: 0.824 ; accuracy: 0.980 ; precision: 0.895 ; recall: 0.893 ; loss: 0.106
2019-01-18 21:04:35,421:INFO: - Found new best DSC
2019-01-18 21:04:35,421:INFO: Epoch 12/45
2019-01-18 21:04:46,220:INFO: - Train metrics: dsc: 0.907 ; iou: 0.853 ; accuracy: 0.983 ; precision: 0.920 ; recall: 0.908 ; loss: 0.098
2019-01-18 21:04:47,348:INFO: - Eval metrics : dsc: 0.882 ; iou: 0.826 ; accuracy: 0.981 ; precision: 0.907 ; recall: 0.884 ; loss: 0.097
2019-01-18 21:04:47,366:INFO: - Found new best DSC
2019-01-18 21:04:47,366:INFO: Epoch 13/45
2019-01-18 21:04:58,134:INFO: - Train metrics: dsc: 0.911 ; iou: 0.860 ; accuracy: 0.983 ; precision: 0.922 ; recall: 0.914 ; loss: 0.088
2019-01-18 21:04:59,249:INFO: - Eval metrics : dsc: 0.882 ; iou: 0.827 ; accuracy: 0.981 ; precision: 0.911 ; recall: 0.879 ; loss: 0.092
2019-01-18 21:04:59,272:INFO: - Found new best DSC
2019-01-18 21:04:59,272:INFO: Epoch 14/45
2019-01-18 21:05:10,114:INFO: - Train metrics: dsc: 0.914 ; iou: 0.862 ; accuracy: 0.984 ; precision: 0.925 ; recall: 0.915 ; loss: 0.081
2019-01-18 21:05:11,197:INFO: - Eval metrics : dsc: 0.881 ; iou: 0.827 ; accuracy: 0.981 ; precision: 0.921 ; recall: 0.874 ; loss: 0.081
2019-01-18 21:05:11,215:INFO: Epoch 15/45
2019-01-18 21:05:21,974:INFO: - Train metrics: dsc: 0.913 ; iou: 0.863 ; accuracy: 0.984 ; precision: 0.927 ; recall: 0.914 ; loss: 0.074
2019-01-18 21:05:23,107:INFO: - Eval metrics : dsc: 0.877 ; iou: 0.811 ; accuracy: 0.974 ; precision: 0.860 ; recall: 0.912 ; loss: 0.094
2019-01-18 21:05:23,121:INFO: Epoch 16/45
2019-01-18 21:05:33,972:INFO: - Train metrics: dsc: 0.918 ; iou: 0.867 ; accuracy: 0.984 ; precision: 0.929 ; recall: 0.920 ; loss: 0.069
2019-01-18 21:05:35,085:INFO: - Eval metrics : dsc: 0.884 ; iou: 0.826 ; accuracy: 0.979 ; precision: 0.895 ; recall: 0.903 ; loss: 0.078
2019-01-18 21:05:35,105:INFO: - Found new best DSC
2019-01-18 21:05:35,105:INFO: Epoch 17/45
2019-01-18 21:05:45,872:INFO: - Train metrics: dsc: 0.921 ; iou: 0.871 ; accuracy: 0.985 ; precision: 0.931 ; recall: 0.921 ; loss: 0.063
2019-01-18 21:05:46,999:INFO: - Eval metrics : dsc: 0.881 ; iou: 0.825 ; accuracy: 0.981 ; precision: 0.927 ; recall: 0.866 ; loss: 0.072
2019-01-18 21:05:47,013:INFO: Epoch 18/45
2019-01-18 21:05:57,779:INFO: - Train metrics: dsc: 0.922 ; iou: 0.873 ; accuracy: 0.985 ; precision: 0.928 ; recall: 0.924 ; loss: 0.059
2019-01-18 21:05:58,891:INFO: - Eval metrics : dsc: 0.891 ; iou: 0.837 ; accuracy: 0.982 ; precision: 0.918 ; recall: 0.895 ; loss: 0.065
2019-01-18 21:05:58,911:INFO: - Found new best DSC
2019-01-18 21:05:58,911:INFO: Epoch 19/45
2019-01-18 21:06:09,679:INFO: - Train metrics: dsc: 0.922 ; iou: 0.874 ; accuracy: 0.985 ; precision: 0.931 ; recall: 0.925 ; loss: 0.055
2019-01-18 21:06:10,812:INFO: - Eval metrics : dsc: 0.890 ; iou: 0.835 ; accuracy: 0.982 ; precision: 0.907 ; recall: 0.897 ; loss: 0.064
2019-01-18 21:06:10,830:INFO: Epoch 20/45
2019-01-18 21:06:21,646:INFO: - Train metrics: dsc: 0.921 ; iou: 0.873 ; accuracy: 0.985 ; precision: 0.932 ; recall: 0.923 ; loss: 0.053
2019-01-18 21:06:22,683:INFO: - Eval metrics : dsc: 0.892 ; iou: 0.837 ; accuracy: 0.982 ; precision: 0.915 ; recall: 0.890 ; loss: 0.062
2019-01-18 21:06:22,705:INFO: - Found new best DSC
2019-01-18 21:06:22,705:INFO: Epoch 21/45
2019-01-18 21:06:33,441:INFO: - Train metrics: dsc: 0.925 ; iou: 0.877 ; accuracy: 0.986 ; precision: 0.936 ; recall: 0.925 ; loss: 0.050
2019-01-18 21:06:34,523:INFO: - Eval metrics : dsc: 0.892 ; iou: 0.835 ; accuracy: 0.981 ; precision: 0.908 ; recall: 0.906 ; loss: 0.060
2019-01-18 21:06:34,541:INFO: Epoch 22/45
2019-01-18 21:06:45,319:INFO: - Train metrics: dsc: 0.928 ; iou: 0.882 ; accuracy: 0.986 ; precision: 0.935 ; recall: 0.931 ; loss: 0.046
2019-01-18 21:06:46,431:INFO: - Eval metrics : dsc: 0.894 ; iou: 0.840 ; accuracy: 0.982 ; precision: 0.928 ; recall: 0.887 ; loss: 0.056
2019-01-18 21:06:46,454:INFO: - Found new best DSC
2019-01-18 21:06:46,454:INFO: Epoch 23/45
2019-01-18 21:06:57,244:INFO: - Train metrics: dsc: 0.929 ; iou: 0.883 ; accuracy: 0.986 ; precision: 0.935 ; recall: 0.932 ; loss: 0.045
2019-01-18 21:06:58,342:INFO: - Eval metrics : dsc: 0.899 ; iou: 0.841 ; accuracy: 0.981 ; precision: 0.890 ; recall: 0.922 ; loss: 0.059
2019-01-18 21:06:58,358:INFO: - Found new best DSC
2019-01-18 21:06:58,358:INFO: Epoch 24/45
2019-01-18 21:07:09,147:INFO: - Train metrics: dsc: 0.929 ; iou: 0.883 ; accuracy: 0.986 ; precision: 0.939 ; recall: 0.931 ; loss: 0.043
2019-01-18 21:07:10,250:INFO: - Eval metrics : dsc: 0.898 ; iou: 0.843 ; accuracy: 0.982 ; precision: 0.916 ; recall: 0.898 ; loss: 0.055
2019-01-18 21:07:10,264:INFO: Epoch 25/45
2019-01-18 21:07:21,052:INFO: - Train metrics: dsc: 0.932 ; iou: 0.887 ; accuracy: 0.987 ; precision: 0.940 ; recall: 0.933 ; loss: 0.041
2019-01-18 21:07:22,145:INFO: - Eval metrics : dsc: 0.905 ; iou: 0.850 ; accuracy: 0.983 ; precision: 0.917 ; recall: 0.906 ; loss: 0.053
2019-01-18 21:07:22,161:INFO: - Found new best DSC
2019-01-18 21:07:22,161:INFO: Epoch 26/45
2019-01-18 21:07:32,935:INFO: - Train metrics: dsc: 0.929 ; iou: 0.883 ; accuracy: 0.986 ; precision: 0.938 ; recall: 0.931 ; loss: 0.041
2019-01-18 21:07:34,016:INFO: - Eval metrics : dsc: 0.897 ; iou: 0.843 ; accuracy: 0.982 ; precision: 0.930 ; recall: 0.892 ; loss: 0.051
2019-01-18 21:07:34,035:INFO: Epoch 27/45
2019-01-18 21:07:44,754:INFO: - Train metrics: dsc: 0.932 ; iou: 0.888 ; accuracy: 0.987 ; precision: 0.940 ; recall: 0.935 ; loss: 0.038
2019-01-18 21:07:45,843:INFO: - Eval metrics : dsc: 0.893 ; iou: 0.840 ; accuracy: 0.983 ; precision: 0.928 ; recall: 0.889 ; loss: 0.051
2019-01-18 21:07:45,857:INFO: Epoch 28/45
2019-01-18 21:07:56,627:INFO: - Train metrics: dsc: 0.933 ; iou: 0.888 ; accuracy: 0.987 ; precision: 0.940 ; recall: 0.934 ; loss: 0.037
2019-01-18 21:07:57,718:INFO: - Eval metrics : dsc: 0.906 ; iou: 0.851 ; accuracy: 0.982 ; precision: 0.922 ; recall: 0.911 ; loss: 0.051
2019-01-18 21:07:57,740:INFO: - Found new best DSC
2019-01-18 21:07:57,741:INFO: Epoch 29/45
2019-01-18 21:08:08,628:INFO: - Train metrics: dsc: 0.934 ; iou: 0.891 ; accuracy: 0.987 ; precision: 0.944 ; recall: 0.936 ; loss: 0.035
2019-01-18 21:08:09,793:INFO: - Eval metrics : dsc: 0.897 ; iou: 0.845 ; accuracy: 0.983 ; precision: 0.919 ; recall: 0.905 ; loss: 0.050
2019-01-18 21:08:09,815:INFO: Epoch 30/45
2019-01-18 21:08:20,662:INFO: - Train metrics: dsc: 0.935 ; iou: 0.891 ; accuracy: 0.987 ; precision: 0.945 ; recall: 0.937 ; loss: 0.035
2019-01-18 21:08:21,737:INFO: - Eval metrics : dsc: 0.904 ; iou: 0.851 ; accuracy: 0.983 ; precision: 0.918 ; recall: 0.910 ; loss: 0.047
2019-01-18 21:08:21,748:INFO: Epoch 31/45
2019-01-18 21:08:32,606:INFO: - Train metrics: dsc: 0.935 ; iou: 0.892 ; accuracy: 0.987 ; precision: 0.940 ; recall: 0.937 ; loss: 0.034
2019-01-18 21:08:33,726:INFO: - Eval metrics : dsc: 0.900 ; iou: 0.846 ; accuracy: 0.983 ; precision: 0.926 ; recall: 0.903 ; loss: 0.049
2019-01-18 21:08:33,744:INFO: Epoch 32/45
2019-01-18 21:08:44,546:INFO: - Train metrics: dsc: 0.937 ; iou: 0.895 ; accuracy: 0.988 ; precision: 0.943 ; recall: 0.939 ; loss: 0.033
2019-01-18 21:08:45,682:INFO: - Eval metrics : dsc: 0.901 ; iou: 0.847 ; accuracy: 0.983 ; precision: 0.919 ; recall: 0.914 ; loss: 0.048
2019-01-18 21:08:45,700:INFO: Epoch 33/45
2019-01-18 21:08:56,443:INFO: - Train metrics: dsc: 0.937 ; iou: 0.895 ; accuracy: 0.988 ; precision: 0.946 ; recall: 0.938 ; loss: 0.032
2019-01-18 21:08:57,569:INFO: - Eval metrics : dsc: 0.895 ; iou: 0.839 ; accuracy: 0.982 ; precision: 0.913 ; recall: 0.899 ; loss: 0.050
2019-01-18 21:08:57,589:INFO: Epoch 34/45
2019-01-18 21:09:08,375:INFO: - Train metrics: dsc: 0.937 ; iou: 0.894 ; accuracy: 0.987 ; precision: 0.943 ; recall: 0.938 ; loss: 0.033
2019-01-18 21:09:09,460:INFO: - Eval metrics : dsc: 0.904 ; iou: 0.849 ; accuracy: 0.983 ; precision: 0.920 ; recall: 0.912 ; loss: 0.047
2019-01-18 21:09:09,482:INFO: Epoch 35/45
2019-01-18 21:09:20,300:INFO: - Train metrics: dsc: 0.938 ; iou: 0.896 ; accuracy: 0.988 ; precision: 0.942 ; recall: 0.941 ; loss: 0.032
2019-01-18 21:09:21,435:INFO: - Eval metrics : dsc: 0.899 ; iou: 0.845 ; accuracy: 0.983 ; precision: 0.938 ; recall: 0.888 ; loss: 0.047
2019-01-18 21:09:21,453:INFO: Epoch 36/45
2019-01-18 21:09:32,303:INFO: - Train metrics: dsc: 0.937 ; iou: 0.894 ; accuracy: 0.988 ; precision: 0.946 ; recall: 0.937 ; loss: 0.031
2019-01-18 21:09:33,462:INFO: - Eval metrics : dsc: 0.908 ; iou: 0.853 ; accuracy: 0.983 ; precision: 0.917 ; recall: 0.922 ; loss: 0.048
2019-01-18 21:09:33,487:INFO: - Found new best DSC
2019-01-18 21:09:33,487:INFO: Epoch 37/45
2019-01-18 21:09:44,280:INFO: - Train metrics: dsc: 0.940 ; iou: 0.898 ; accuracy: 0.988 ; precision: 0.945 ; recall: 0.942 ; loss: 0.031
2019-01-18 21:09:45,378:INFO: - Eval metrics : dsc: 0.904 ; iou: 0.850 ; accuracy: 0.983 ; precision: 0.933 ; recall: 0.898 ; loss: 0.048
2019-01-18 21:09:45,397:INFO: Epoch 38/45
2019-01-18 21:09:56,156:INFO: - Train metrics: dsc: 0.942 ; iou: 0.901 ; accuracy: 0.988 ; precision: 0.949 ; recall: 0.943 ; loss: 0.029
2019-01-18 21:09:57,257:INFO: - Eval metrics : dsc: 0.908 ; iou: 0.853 ; accuracy: 0.983 ; precision: 0.919 ; recall: 0.915 ; loss: 0.047
2019-01-18 21:09:57,273:INFO: - Found new best DSC
2019-01-18 21:09:57,273:INFO: Epoch 39/45
2019-01-18 21:10:08,051:INFO: - Train metrics: dsc: 0.941 ; iou: 0.898 ; accuracy: 0.988 ; precision: 0.946 ; recall: 0.943 ; loss: 0.030
2019-01-18 21:10:09,130:INFO: - Eval metrics : dsc: 0.911 ; iou: 0.857 ; accuracy: 0.983 ; precision: 0.921 ; recall: 0.922 ; loss: 0.045
2019-01-18 21:10:09,149:INFO: - Found new best DSC
2019-01-18 21:10:09,149:INFO: Epoch 40/45
2019-01-18 21:10:19,947:INFO: - Train metrics: dsc: 0.942 ; iou: 0.901 ; accuracy: 0.988 ; precision: 0.951 ; recall: 0.942 ; loss: 0.029
2019-01-18 21:10:21,065:INFO: - Eval metrics : dsc: 0.914 ; iou: 0.860 ; accuracy: 0.983 ; precision: 0.920 ; recall: 0.928 ; loss: 0.045
2019-01-18 21:10:21,081:INFO: - Found new best DSC
2019-01-18 21:10:21,081:INFO: Epoch 41/45
2019-01-18 21:10:31,864:INFO: - Train metrics: dsc: 0.939 ; iou: 0.897 ; accuracy: 0.988 ; precision: 0.950 ; recall: 0.940 ; loss: 0.030
2019-01-18 21:10:33,020:INFO: - Eval metrics : dsc: 0.906 ; iou: 0.851 ; accuracy: 0.983 ; precision: 0.925 ; recall: 0.908 ; loss: 0.047
2019-01-18 21:10:33,045:INFO: Epoch 42/45
2019-01-18 21:10:43,835:INFO: - Train metrics: dsc: 0.943 ; iou: 0.902 ; accuracy: 0.988 ; precision: 0.947 ; recall: 0.946 ; loss: 0.029
2019-01-18 21:10:44,928:INFO: - Eval metrics : dsc: 0.912 ; iou: 0.858 ; accuracy: 0.983 ; precision: 0.921 ; recall: 0.919 ; loss: 0.046
2019-01-18 21:10:44,942:INFO: Epoch 43/45
2019-01-18 21:10:55,707:INFO: - Train metrics: dsc: 0.943 ; iou: 0.902 ; accuracy: 0.989 ; precision: 0.952 ; recall: 0.944 ; loss: 0.028
2019-01-18 21:10:56,793:INFO: - Eval metrics : dsc: 0.902 ; iou: 0.848 ; accuracy: 0.983 ; precision: 0.930 ; recall: 0.902 ; loss: 0.046
2019-01-18 21:10:56,806:INFO: Epoch 44/45
2019-01-18 21:11:07,582:INFO: - Train metrics: dsc: 0.943 ; iou: 0.903 ; accuracy: 0.989 ; precision: 0.951 ; recall: 0.945 ; loss: 0.027
2019-01-18 21:11:08,672:INFO: - Eval metrics : dsc: 0.909 ; iou: 0.855 ; accuracy: 0.983 ; precision: 0.922 ; recall: 0.916 ; loss: 0.046
2019-01-18 21:11:08,686:INFO: Epoch 45/45
2019-01-18 21:11:19,480:INFO: - Train metrics: dsc: 0.947 ; iou: 0.908 ; accuracy: 0.989 ; precision: 0.955 ; recall: 0.948 ; loss: 0.026
2019-01-18 21:11:20,570:INFO: - Eval metrics : dsc: 0.912 ; iou: 0.858 ; accuracy: 0.983 ; precision: 0.933 ; recall: 0.913 ; loss: 0.045
2019-01-18 21:11:20,633:INFO: Loading the datasets...
2019-01-18 21:11:25,059:INFO: - done.
2019-01-18 21:11:25,059:INFO: For k-fold 5/5:
2019-01-18 21:11:25,059:INFO: Starting training for 45 epoch(s)
2019-01-18 21:11:25,059:INFO: Epoch 1/45
2019-01-18 21:11:35,760:INFO: - Train metrics: dsc: 0.567 ; iou: 0.448 ; accuracy: 0.898 ; precision: 0.617 ; recall: 0.561 ; loss: 0.461
2019-01-18 21:11:36,873:INFO: - Eval metrics : dsc: 0.748 ; iou: 0.652 ; accuracy: 0.946 ; precision: 0.760 ; recall: 0.772 ; loss: 0.367
2019-01-18 21:11:36,890:INFO: - Found new best DSC
2019-01-18 21:11:36,890:INFO: Epoch 2/45
2019-01-18 21:11:47,622:INFO: - Train metrics: dsc: 0.800 ; iou: 0.709 ; accuracy: 0.957 ; precision: 0.820 ; recall: 0.808 ; loss: 0.338
2019-01-18 21:11:48,705:INFO: - Eval metrics : dsc: 0.804 ; iou: 0.721 ; accuracy: 0.960 ; precision: 0.810 ; recall: 0.838 ; loss: 0.308
2019-01-18 21:11:48,721:INFO: - Found new best DSC
2019-01-18 21:11:48,721:INFO: Epoch 3/45
2019-01-18 21:11:59,481:INFO: - Train metrics: dsc: 0.835 ; iou: 0.757 ; accuracy: 0.967 ; precision: 0.858 ; recall: 0.841 ; loss: 0.290
2019-01-18 21:12:00,550:INFO: - Eval metrics : dsc: 0.822 ; iou: 0.752 ; accuracy: 0.971 ; precision: 0.878 ; recall: 0.815 ; loss: 0.267
2019-01-18 21:12:00,571:INFO: - Found new best DSC
2019-01-18 21:12:00,571:INFO: Epoch 4/45
2019-01-18 21:12:11,331:INFO: - Train metrics: dsc: 0.856 ; iou: 0.784 ; accuracy: 0.972 ; precision: 0.874 ; recall: 0.863 ; loss: 0.253
2019-01-18 21:12:12,430:INFO: - Eval metrics : dsc: 0.836 ; iou: 0.771 ; accuracy: 0.974 ; precision: 0.892 ; recall: 0.827 ; loss: 0.233
2019-01-18 21:12:12,451:INFO: - Found new best DSC
2019-01-18 21:12:12,451:INFO: Epoch 5/45
2019-01-18 21:12:23,295:INFO: - Train metrics: dsc: 0.871 ; iou: 0.804 ; accuracy: 0.975 ; precision: 0.888 ; recall: 0.875 ; loss: 0.221
2019-01-18 21:12:24,363:INFO: - Eval metrics : dsc: 0.846 ; iou: 0.780 ; accuracy: 0.972 ; precision: 0.860 ; recall: 0.868 ; loss: 0.208
2019-01-18 21:12:24,378:INFO: - Found new best DSC
2019-01-18 21:12:24,378:INFO: Epoch 6/45
2019-01-18 21:12:35,173:INFO: - Train metrics: dsc: 0.878 ; iou: 0.815 ; accuracy: 0.977 ; precision: 0.896 ; recall: 0.885 ; loss: 0.195
2019-01-18 21:12:36,252:INFO: - Eval metrics : dsc: 0.855 ; iou: 0.795 ; accuracy: 0.977 ; precision: 0.897 ; recall: 0.853 ; loss: 0.183
2019-01-18 21:12:36,268:INFO: - Found new best DSC
2019-01-18 21:12:36,269:INFO: Epoch 7/45
2019-01-18 21:12:47,050:INFO: - Train metrics: dsc: 0.887 ; iou: 0.826 ; accuracy: 0.978 ; precision: 0.902 ; recall: 0.889 ; loss: 0.172
2019-01-18 21:12:48,133:INFO: - Eval metrics : dsc: 0.858 ; iou: 0.802 ; accuracy: 0.979 ; precision: 0.916 ; recall: 0.851 ; loss: 0.159
2019-01-18 21:12:48,155:INFO: - Found new best DSC
2019-01-18 21:12:48,155:INFO: Epoch 8/45
2019-01-18 21:12:58,945:INFO: - Train metrics: dsc: 0.891 ; iou: 0.831 ; accuracy: 0.979 ; precision: 0.902 ; recall: 0.895 ; loss: 0.153
2019-01-18 21:13:00,021:INFO: - Eval metrics : dsc: 0.861 ; iou: 0.805 ; accuracy: 0.980 ; precision: 0.924 ; recall: 0.850 ; loss: 0.143
2019-01-18 21:13:00,044:INFO: - Found new best DSC
2019-01-18 21:13:00,045:INFO: Epoch 9/45
2019-01-18 21:13:10,845:INFO: - Train metrics: dsc: 0.898 ; iou: 0.842 ; accuracy: 0.981 ; precision: 0.912 ; recall: 0.901 ; loss: 0.135
2019-01-18 21:13:11,945:INFO: - Eval metrics : dsc: 0.873 ; iou: 0.815 ; accuracy: 0.979 ; precision: 0.884 ; recall: 0.894 ; loss: 0.131
2019-01-18 21:13:11,961:INFO: - Found new best DSC
2019-01-18 21:13:11,961:INFO: Epoch 10/45
2019-01-18 21:13:22,709:INFO: - Train metrics: dsc: 0.900 ; iou: 0.844 ; accuracy: 0.981 ; precision: 0.913 ; recall: 0.902 ; loss: 0.121
2019-01-18 21:13:23,802:INFO: - Eval metrics : dsc: 0.873 ; iou: 0.819 ; accuracy: 0.981 ; precision: 0.921 ; recall: 0.869 ; loss: 0.113
2019-01-18 21:13:23,821:INFO: Epoch 11/45
2019-01-18 21:13:34,648:INFO: - Train metrics: dsc: 0.903 ; iou: 0.847 ; accuracy: 0.982 ; precision: 0.920 ; recall: 0.902 ; loss: 0.109
2019-01-18 21:13:35,724:INFO: - Eval metrics : dsc: 0.875 ; iou: 0.822 ; accuracy: 0.981 ; precision: 0.907 ; recall: 0.887 ; loss: 0.105
2019-01-18 21:13:35,746:INFO: - Found new best DSC
2019-01-18 21:13:35,746:INFO: Epoch 12/45
2019-01-18 21:13:46,518:INFO: - Train metrics: dsc: 0.906 ; iou: 0.853 ; accuracy: 0.982 ; precision: 0.920 ; recall: 0.907 ; loss: 0.098
2019-01-18 21:13:47,614:INFO: - Eval metrics : dsc: 0.868 ; iou: 0.816 ; accuracy: 0.981 ; precision: 0.915 ; recall: 0.865 ; loss: 0.095
2019-01-18 21:13:47,628:INFO: Epoch 13/45
2019-01-18 21:13:58,374:INFO: - Train metrics: dsc: 0.908 ; iou: 0.855 ; accuracy: 0.983 ; precision: 0.921 ; recall: 0.909 ; loss: 0.089
2019-01-18 21:13:59,474:INFO: - Eval metrics : dsc: 0.874 ; iou: 0.822 ; accuracy: 0.982 ; precision: 0.921 ; recall: 0.870 ; loss: 0.087
2019-01-18 21:13:59,491:INFO: Epoch 14/45
2019-01-18 21:14:10,366:INFO: - Train metrics: dsc: 0.910 ; iou: 0.858 ; accuracy: 0.983 ; precision: 0.919 ; recall: 0.912 ; loss: 0.082
2019-01-18 21:14:11,472:INFO: - Eval metrics : dsc: 0.880 ; iou: 0.827 ; accuracy: 0.980 ; precision: 0.890 ; recall: 0.892 ; loss: 0.083
2019-01-18 21:14:11,491:INFO: - Found new best DSC
2019-01-18 21:14:11,491:INFO: Epoch 15/45
2019-01-18 21:14:22,289:INFO: - Train metrics: dsc: 0.912 ; iou: 0.861 ; accuracy: 0.983 ; precision: 0.926 ; recall: 0.913 ; loss: 0.076
2019-01-18 21:14:23,375:INFO: - Eval metrics : dsc: 0.878 ; iou: 0.824 ; accuracy: 0.981 ; precision: 0.923 ; recall: 0.868 ; loss: 0.077
2019-01-18 21:14:23,406:INFO: Epoch 16/45
2019-01-18 21:14:34,167:INFO: - Train metrics: dsc: 0.917 ; iou: 0.866 ; accuracy: 0.984 ; precision: 0.926 ; recall: 0.919 ; loss: 0.069
2019-01-18 21:14:35,259:INFO: - Eval metrics : dsc: 0.883 ; iou: 0.829 ; accuracy: 0.981 ; precision: 0.899 ; recall: 0.894 ; loss: 0.074
2019-01-18 21:14:35,291:INFO: - Found new best DSC
2019-01-18 21:14:35,291:INFO: Epoch 17/45
2019-01-18 21:14:46,041:INFO: - Train metrics: dsc: 0.920 ; iou: 0.869 ; accuracy: 0.984 ; precision: 0.929 ; recall: 0.920 ; loss: 0.064
2019-01-18 21:14:47,142:INFO: - Eval metrics : dsc: 0.886 ; iou: 0.835 ; accuracy: 0.983 ; precision: 0.929 ; recall: 0.880 ; loss: 0.065
2019-01-18 21:14:47,163:INFO: - Found new best DSC
2019-01-18 21:14:47,163:INFO: Epoch 18/45
2019-01-18 21:14:58,009:INFO: - Train metrics: dsc: 0.921 ; iou: 0.871 ; accuracy: 0.984 ; precision: 0.931 ; recall: 0.923 ; loss: 0.061
2019-01-18 21:14:59,096:INFO: - Eval metrics : dsc: 0.876 ; iou: 0.825 ; accuracy: 0.982 ; precision: 0.927 ; recall: 0.865 ; loss: 0.064
2019-01-18 21:14:59,110:INFO: Epoch 19/45
2019-01-18 21:15:09,925:INFO: - Train metrics: dsc: 0.923 ; iou: 0.874 ; accuracy: 0.985 ; precision: 0.930 ; recall: 0.925 ; loss: 0.057
2019-01-18 21:15:11,023:INFO: - Eval metrics : dsc: 0.886 ; iou: 0.835 ; accuracy: 0.983 ; precision: 0.912 ; recall: 0.893 ; loss: 0.061
2019-01-18 21:15:11,045:INFO: - Found new best DSC
2019-01-18 21:15:11,045:INFO: Epoch 20/45
2019-01-18 21:15:21,788:INFO: - Train metrics: dsc: 0.922 ; iou: 0.873 ; accuracy: 0.985 ; precision: 0.936 ; recall: 0.924 ; loss: 0.053
2019-01-18 21:15:22,864:INFO: - Eval metrics : dsc: 0.889 ; iou: 0.839 ; accuracy: 0.983 ; precision: 0.913 ; recall: 0.897 ; loss: 0.057
2019-01-18 21:15:22,884:INFO: - Found new best DSC
2019-01-18 21:15:22,885:INFO: Epoch 21/45
2019-01-18 21:15:33,720:INFO: - Train metrics: dsc: 0.925 ; iou: 0.876 ; accuracy: 0.985 ; precision: 0.935 ; recall: 0.926 ; loss: 0.051
2019-01-18 21:15:34,838:INFO: - Eval metrics : dsc: 0.889 ; iou: 0.840 ; accuracy: 0.983 ; precision: 0.924 ; recall: 0.887 ; loss: 0.054
2019-01-18 21:15:34,866:INFO: Epoch 22/45
2019-01-18 21:15:45,691:INFO: - Train metrics: dsc: 0.928 ; iou: 0.880 ; accuracy: 0.986 ; precision: 0.936 ; recall: 0.930 ; loss: 0.047
2019-01-18 21:15:46,789:INFO: - Eval metrics : dsc: 0.886 ; iou: 0.834 ; accuracy: 0.983 ; precision: 0.931 ; recall: 0.874 ; loss: 0.054
2019-01-18 21:15:46,809:INFO: Epoch 23/45
2019-01-18 21:15:57,595:INFO: - Train metrics: dsc: 0.930 ; iou: 0.882 ; accuracy: 0.985 ; precision: 0.936 ; recall: 0.932 ; loss: 0.046
2019-01-18 21:15:58,696:INFO: - Eval metrics : dsc: 0.874 ; iou: 0.817 ; accuracy: 0.980 ; precision: 0.930 ; recall: 0.861 ; loss: 0.064
2019-01-18 21:15:58,710:INFO: Epoch 24/45
2019-01-18 21:16:09,503:INFO: - Train metrics: dsc: 0.929 ; iou: 0.882 ; accuracy: 0.986 ; precision: 0.941 ; recall: 0.929 ; loss: 0.044
2019-01-18 21:16:10,593:INFO: - Eval metrics : dsc: 0.893 ; iou: 0.844 ; accuracy: 0.984 ; precision: 0.928 ; recall: 0.895 ; loss: 0.049
2019-01-18 21:16:10,609:INFO: - Found new best DSC
2019-01-18 21:16:10,609:INFO: Epoch 25/45
2019-01-18 21:16:21,416:INFO: - Train metrics: dsc: 0.932 ; iou: 0.886 ; accuracy: 0.986 ; precision: 0.942 ; recall: 0.934 ; loss: 0.042
2019-01-18 21:16:22,503:INFO: - Eval metrics : dsc: 0.896 ; iou: 0.847 ; accuracy: 0.984 ; precision: 0.927 ; recall: 0.892 ; loss: 0.048
2019-01-18 21:16:22,528:INFO: - Found new best DSC
2019-01-18 21:16:22,528:INFO: Epoch 26/45
2019-01-18 21:16:33,383:INFO: - Train metrics: dsc: 0.934 ; iou: 0.887 ; accuracy: 0.986 ; precision: 0.940 ; recall: 0.935 ; loss: 0.041
2019-01-18 21:16:34,486:INFO: - Eval metrics : dsc: 0.889 ; iou: 0.837 ; accuracy: 0.982 ; precision: 0.920 ; recall: 0.889 ; loss: 0.052
2019-01-18 21:16:34,500:INFO: Epoch 27/45
2019-01-18 21:16:45,250:INFO: - Train metrics: dsc: 0.933 ; iou: 0.886 ; accuracy: 0.986 ; precision: 0.942 ; recall: 0.934 ; loss: 0.040
2019-01-18 21:16:46,345:INFO: - Eval metrics : dsc: 0.884 ; iou: 0.835 ; accuracy: 0.983 ; precision: 0.945 ; recall: 0.871 ; loss: 0.049
2019-01-18 21:16:46,358:INFO: Epoch 28/45
2019-01-18 21:16:57,152:INFO: - Train metrics: dsc: 0.936 ; iou: 0.890 ; accuracy: 0.987 ; precision: 0.944 ; recall: 0.937 ; loss: 0.038
2019-01-18 21:16:58,245:INFO: - Eval metrics : dsc: 0.893 ; iou: 0.843 ; accuracy: 0.984 ; precision: 0.936 ; recall: 0.884 ; loss: 0.047
2019-01-18 21:16:58,270:INFO: Epoch 29/45
2019-01-18 21:17:09,026:INFO: - Train metrics: dsc: 0.935 ; iou: 0.889 ; accuracy: 0.986 ; precision: 0.941 ; recall: 0.936 ; loss: 0.037
2019-01-18 21:17:10,111:INFO: - Eval metrics : dsc: 0.899 ; iou: 0.849 ; accuracy: 0.984 ; precision: 0.926 ; recall: 0.897 ; loss: 0.045
2019-01-18 21:17:10,134:INFO: - Found new best DSC
2019-01-18 21:17:10,134:INFO: Epoch 30/45
2019-01-18 21:17:20,974:INFO: - Train metrics: dsc: 0.937 ; iou: 0.893 ; accuracy: 0.987 ; precision: 0.947 ; recall: 0.939 ; loss: 0.035
2019-01-18 21:17:22,046:INFO: - Eval metrics : dsc: 0.893 ; iou: 0.842 ; accuracy: 0.983 ; precision: 0.930 ; recall: 0.888 ; loss: 0.047
2019-01-18 21:17:22,061:INFO: Epoch 31/45
2019-01-18 21:17:32,868:INFO: - Train metrics: dsc: 0.937 ; iou: 0.892 ; accuracy: 0.987 ; precision: 0.945 ; recall: 0.938 ; loss: 0.036
2019-01-18 21:17:34,001:INFO: - Eval metrics : dsc: 0.894 ; iou: 0.845 ; accuracy: 0.984 ; precision: 0.925 ; recall: 0.897 ; loss: 0.045
2019-01-18 21:17:34,015:INFO: Epoch 32/45
2019-01-18 21:17:44,822:INFO: - Train metrics: dsc: 0.939 ; iou: 0.895 ; accuracy: 0.987 ; precision: 0.945 ; recall: 0.940 ; loss: 0.034
2019-01-18 21:17:45,955:INFO: - Eval metrics : dsc: 0.894 ; iou: 0.845 ; accuracy: 0.984 ; precision: 0.932 ; recall: 0.889 ; loss: 0.044
2019-01-18 21:17:45,974:INFO: Epoch 33/45
2019-01-18 21:17:56,823:INFO: - Train metrics: dsc: 0.939 ; iou: 0.896 ; accuracy: 0.987 ; precision: 0.945 ; recall: 0.940 ; loss: 0.033
2019-01-18 21:17:57,938:INFO: - Eval metrics : dsc: 0.890 ; iou: 0.839 ; accuracy: 0.983 ; precision: 0.919 ; recall: 0.888 ; loss: 0.046
2019-01-18 21:17:57,957:INFO: Epoch 34/45
2019-01-18 21:18:08,799:INFO: - Train metrics: dsc: 0.940 ; iou: 0.897 ; accuracy: 0.987 ; precision: 0.949 ; recall: 0.941 ; loss: 0.033
2019-01-18 21:18:09,894:INFO: - Eval metrics : dsc: 0.899 ; iou: 0.850 ; accuracy: 0.984 ; precision: 0.917 ; recall: 0.903 ; loss: 0.044
2019-01-18 21:18:09,917:INFO: - Found new best DSC
2019-01-18 21:18:09,917:INFO: Epoch 35/45
2019-01-18 21:18:20,669:INFO: - Train metrics: dsc: 0.940 ; iou: 0.897 ; accuracy: 0.988 ; precision: 0.948 ; recall: 0.941 ; loss: 0.032
2019-01-18 21:18:21,743:INFO: - Eval metrics : dsc: 0.890 ; iou: 0.839 ; accuracy: 0.983 ; precision: 0.941 ; recall: 0.875 ; loss: 0.046
2019-01-18 21:18:21,757:INFO: Epoch 36/45
2019-01-18 21:18:32,620:INFO: - Train metrics: dsc: 0.940 ; iou: 0.897 ; accuracy: 0.988 ; precision: 0.949 ; recall: 0.942 ; loss: 0.032
2019-01-18 21:18:33,765:INFO: - Eval metrics : dsc: 0.888 ; iou: 0.836 ; accuracy: 0.983 ; precision: 0.946 ; recall: 0.875 ; loss: 0.049
2019-01-18 21:18:33,784:INFO: Epoch 37/45
2019-01-18 21:18:44,583:INFO: - Train metrics: dsc: 0.943 ; iou: 0.900 ; accuracy: 0.988 ; precision: 0.949 ; recall: 0.945 ; loss: 0.031
2019-01-18 21:18:45,666:INFO: - Eval metrics : dsc: 0.895 ; iou: 0.845 ; accuracy: 0.984 ; precision: 0.933 ; recall: 0.889 ; loss: 0.044
2019-01-18 21:18:45,690:INFO: Epoch 38/45
2019-01-18 21:18:56,566:INFO: - Train metrics: dsc: 0.943 ; iou: 0.901 ; accuracy: 0.988 ; precision: 0.948 ; recall: 0.944 ; loss: 0.030
2019-01-18 21:18:57,695:INFO: - Eval metrics : dsc: 0.898 ; iou: 0.848 ; accuracy: 0.984 ; precision: 0.911 ; recall: 0.908 ; loss: 0.044
2019-01-18 21:18:57,710:INFO: Epoch 39/45
2019-01-18 21:19:08,491:INFO: - Train metrics: dsc: 0.943 ; iou: 0.902 ; accuracy: 0.988 ; precision: 0.949 ; recall: 0.944 ; loss: 0.029
2019-01-18 21:19:09,587:INFO: - Eval metrics : dsc: 0.896 ; iou: 0.846 ; accuracy: 0.984 ; precision: 0.929 ; recall: 0.895 ; loss: 0.045
2019-01-18 21:19:09,607:INFO: Epoch 40/45
2019-01-18 21:19:20,453:INFO: - Train metrics: dsc: 0.944 ; iou: 0.903 ; accuracy: 0.988 ; precision: 0.951 ; recall: 0.946 ; loss: 0.029
2019-01-18 21:19:21,527:INFO: - Eval metrics : dsc: 0.898 ; iou: 0.849 ; accuracy: 0.984 ; precision: 0.925 ; recall: 0.901 ; loss: 0.043
2019-01-18 21:19:21,542:INFO: Epoch 41/45
2019-01-18 21:19:32,291:INFO: - Train metrics: dsc: 0.942 ; iou: 0.900 ; accuracy: 0.988 ; precision: 0.949 ; recall: 0.943 ; loss: 0.030
2019-01-18 21:19:33,392:INFO: - Eval metrics : dsc: 0.895 ; iou: 0.842 ; accuracy: 0.983 ; precision: 0.922 ; recall: 0.894 ; loss: 0.044
2019-01-18 21:19:33,406:INFO: Epoch 42/45
2019-01-18 21:19:44,193:INFO: - Train metrics: dsc: 0.945 ; iou: 0.904 ; accuracy: 0.988 ; precision: 0.952 ; recall: 0.946 ; loss: 0.029
2019-01-18 21:19:45,277:INFO: - Eval metrics : dsc: 0.894 ; iou: 0.844 ; accuracy: 0.984 ; precision: 0.935 ; recall: 0.881 ; loss: 0.044
2019-01-18 21:19:45,296:INFO: Epoch 43/45
2019-01-18 21:19:56,125:INFO: - Train metrics: dsc: 0.945 ; iou: 0.904 ; accuracy: 0.988 ; precision: 0.951 ; recall: 0.946 ; loss: 0.028
2019-01-18 21:19:57,246:INFO: - Eval metrics : dsc: 0.894 ; iou: 0.844 ; accuracy: 0.983 ; precision: 0.926 ; recall: 0.897 ; loss: 0.044
2019-01-18 21:19:57,266:INFO: Epoch 44/45
2019-01-18 21:20:08,067:INFO: - Train metrics: dsc: 0.946 ; iou: 0.906 ; accuracy: 0.989 ; precision: 0.950 ; recall: 0.947 ; loss: 0.028
2019-01-18 21:20:09,155:INFO: - Eval metrics : dsc: 0.899 ; iou: 0.849 ; accuracy: 0.984 ; precision: 0.909 ; recall: 0.911 ; loss: 0.043
2019-01-18 21:20:09,169:INFO: Epoch 45/45
2019-01-18 21:20:20,011:INFO: - Train metrics: dsc: 0.948 ; iou: 0.909 ; accuracy: 0.989 ; precision: 0.955 ; recall: 0.949 ; loss: 0.027
2019-01-18 21:20:21,097:INFO: - Eval metrics : dsc: 0.894 ; iou: 0.844 ; accuracy: 0.984 ; precision: 0.943 ; recall: 0.881 ; loss: 0.044
2019-01-19 00:30:08,278:INFO: Loading the datasets...
2019-01-19 00:30:15,425:INFO: - done.
2019-01-19 00:30:15,425:INFO: Starting training for 45 epoch(s)
2019-01-19 00:30:15,425:INFO: Epoch 1/45
2019-01-19 00:30:28,826:INFO: - Train metrics: dsc: 0.599 ; iou: 0.486 ; accuracy: 0.907 ; precision: 0.645 ; recall: 0.596 ; loss: 0.443
2019-01-19 00:30:29,942:INFO: - Eval metrics : dsc: 0.798 ; iou: 0.714 ; accuracy: 0.958 ; precision: 0.854 ; recall: 0.785 ; loss: 0.342
2019-01-19 00:30:29,963:INFO: - Found new best DSC
2019-01-19 00:30:29,963:INFO: Epoch 2/45
2019-01-19 00:30:43,341:INFO: - Train metrics: dsc: 0.813 ; iou: 0.730 ; accuracy: 0.962 ; precision: 0.829 ; recall: 0.822 ; loss: 0.318
2019-01-19 00:30:44,520:INFO: - Eval metrics : dsc: 0.846 ; iou: 0.776 ; accuracy: 0.970 ; precision: 0.861 ; recall: 0.865 ; loss: 0.282
2019-01-19 00:30:44,541:INFO: - Found new best DSC
2019-01-19 00:30:44,542:INFO: Epoch 3/45
2019-01-19 00:30:57,993:INFO: - Train metrics: dsc: 0.848 ; iou: 0.775 ; accuracy: 0.970 ; precision: 0.860 ; recall: 0.856 ; loss: 0.266
2019-01-19 00:30:59,111:INFO: - Eval metrics : dsc: 0.862 ; iou: 0.796 ; accuracy: 0.974 ; precision: 0.889 ; recall: 0.871 ; loss: 0.243
2019-01-19 00:30:59,131:INFO: - Found new best DSC
2019-01-19 00:30:59,131:INFO: Epoch 4/45
2019-01-19 00:31:12,578:INFO: - Train metrics: dsc: 0.864 ; iou: 0.798 ; accuracy: 0.975 ; precision: 0.878 ; recall: 0.872 ; loss: 0.225
2019-01-19 00:31:13,712:INFO: - Eval metrics : dsc: 0.874 ; iou: 0.812 ; accuracy: 0.978 ; precision: 0.921 ; recall: 0.867 ; loss: 0.204
2019-01-19 00:31:13,734:INFO: - Found new best DSC
2019-01-19 00:31:13,734:INFO: Epoch 5/45
2019-01-19 00:31:27,155:INFO: - Train metrics: dsc: 0.875 ; iou: 0.812 ; accuracy: 0.977 ; precision: 0.889 ; recall: 0.882 ; loss: 0.192
2019-01-19 00:31:28,282:INFO: - Eval metrics : dsc: 0.888 ; iou: 0.829 ; accuracy: 0.979 ; precision: 0.906 ; recall: 0.895 ; loss: 0.175
2019-01-19 00:31:28,304:INFO: - Found new best DSC
2019-01-19 00:31:28,304:INFO: Epoch 6/45
2019-01-19 00:31:41,764:INFO: - Train metrics: dsc: 0.884 ; iou: 0.824 ; accuracy: 0.979 ; precision: 0.895 ; recall: 0.890 ; loss: 0.164
2019-01-19 00:31:42,876:INFO: - Eval metrics : dsc: 0.888 ; iou: 0.829 ; accuracy: 0.979 ; precision: 0.908 ; recall: 0.891 ; loss: 0.147
2019-01-19 00:31:42,896:INFO: Epoch 7/45
2019-01-19 00:31:56,300:INFO: - Train metrics: dsc: 0.890 ; iou: 0.833 ; accuracy: 0.980 ; precision: 0.898 ; recall: 0.895 ; loss: 0.142
2019-01-19 00:31:57,468:INFO: - Eval metrics : dsc: 0.900 ; iou: 0.844 ; accuracy: 0.981 ; precision: 0.922 ; recall: 0.899 ; loss: 0.129
2019-01-19 00:31:57,485:INFO: - Found new best DSC
2019-01-19 00:31:57,485:INFO: Epoch 8/45
2019-01-19 00:32:11,020:INFO: - Train metrics: dsc: 0.896 ; iou: 0.840 ; accuracy: 0.981 ; precision: 0.905 ; recall: 0.900 ; loss: 0.123
2019-01-19 00:32:12,176:INFO: - Eval metrics : dsc: 0.905 ; iou: 0.850 ; accuracy: 0.982 ; precision: 0.929 ; recall: 0.898 ; loss: 0.110
2019-01-19 00:32:12,192:INFO: - Found new best DSC
2019-01-19 00:32:12,192:INFO: Epoch 9/45
2019-01-19 00:32:25,670:INFO: - Train metrics: dsc: 0.901 ; iou: 0.847 ; accuracy: 0.982 ; precision: 0.913 ; recall: 0.905 ; loss: 0.107
2019-01-19 00:32:26,796:INFO: - Eval metrics : dsc: 0.906 ; iou: 0.852 ; accuracy: 0.982 ; precision: 0.917 ; recall: 0.912 ; loss: 0.101
2019-01-19 00:32:26,817:INFO: - Found new best DSC
2019-01-19 00:32:26,817:INFO: Epoch 10/45
2019-01-19 00:32:40,262:INFO: - Train metrics: dsc: 0.904 ; iou: 0.851 ; accuracy: 0.982 ; precision: 0.915 ; recall: 0.908 ; loss: 0.096
2019-01-19 00:32:41,429:INFO: - Eval metrics : dsc: 0.911 ; iou: 0.856 ; accuracy: 0.982 ; precision: 0.927 ; recall: 0.906 ; loss: 0.088
2019-01-19 00:32:41,445:INFO: - Found new best DSC
2019-01-19 00:32:41,445:INFO: Epoch 11/45
2019-01-19 00:32:54,912:INFO: - Train metrics: dsc: 0.908 ; iou: 0.857 ; accuracy: 0.983 ; precision: 0.921 ; recall: 0.911 ; loss: 0.085
2019-01-19 00:32:56,056:INFO: - Eval metrics : dsc: 0.911 ; iou: 0.858 ; accuracy: 0.982 ; precision: 0.934 ; recall: 0.903 ; loss: 0.082
2019-01-19 00:32:56,078:INFO: - Found new best DSC
2019-01-19 00:32:56,078:INFO: Epoch 12/45
2019-01-19 00:33:09,563:INFO: - Train metrics: dsc: 0.912 ; iou: 0.860 ; accuracy: 0.984 ; precision: 0.925 ; recall: 0.914 ; loss: 0.076
2019-01-19 00:33:10,682:INFO: - Eval metrics : dsc: 0.918 ; iou: 0.866 ; accuracy: 0.983 ; precision: 0.937 ; recall: 0.908 ; loss: 0.071
2019-01-19 00:33:10,704:INFO: - Found new best DSC
2019-01-19 00:33:10,704:INFO: Epoch 13/45
2019-01-19 00:33:24,126:INFO: - Train metrics: dsc: 0.913 ; iou: 0.861 ; accuracy: 0.984 ; precision: 0.927 ; recall: 0.912 ; loss: 0.069
2019-01-19 00:33:25,252:INFO: - Eval metrics : dsc: 0.913 ; iou: 0.860 ; accuracy: 0.983 ; precision: 0.934 ; recall: 0.906 ; loss: 0.067
2019-01-19 00:33:25,268:INFO: Epoch 14/45
2019-01-19 00:33:38,719:INFO: - Train metrics: dsc: 0.916 ; iou: 0.866 ; accuracy: 0.984 ; precision: 0.926 ; recall: 0.918 ; loss: 0.063
2019-01-19 00:33:39,848:INFO: - Eval metrics : dsc: 0.923 ; iou: 0.873 ; accuracy: 0.984 ; precision: 0.931 ; recall: 0.920 ; loss: 0.064
2019-01-19 00:33:39,865:INFO: - Found new best DSC
2019-01-19 00:33:39,866:INFO: Epoch 15/45
2019-01-19 00:33:53,293:INFO: - Train metrics: dsc: 0.919 ; iou: 0.869 ; accuracy: 0.985 ; precision: 0.931 ; recall: 0.919 ; loss: 0.058
2019-01-19 00:33:54,417:INFO: - Eval metrics : dsc: 0.921 ; iou: 0.872 ; accuracy: 0.984 ; precision: 0.938 ; recall: 0.913 ; loss: 0.058
2019-01-19 00:33:54,431:INFO: Epoch 16/45
2019-01-19 00:34:07,905:INFO: - Train metrics: dsc: 0.919 ; iou: 0.871 ; accuracy: 0.985 ; precision: 0.933 ; recall: 0.921 ; loss: 0.054
2019-01-19 00:34:09,035:INFO: - Eval metrics : dsc: 0.921 ; iou: 0.871 ; accuracy: 0.984 ; precision: 0.925 ; recall: 0.925 ; loss: 0.054
2019-01-19 00:34:09,054:INFO: Epoch 17/45
2019-01-19 00:34:22,487:INFO: - Train metrics: dsc: 0.922 ; iou: 0.874 ; accuracy: 0.985 ; precision: 0.932 ; recall: 0.923 ; loss: 0.050
2019-01-19 00:34:23,591:INFO: - Eval metrics : dsc: 0.924 ; iou: 0.876 ; accuracy: 0.985 ; precision: 0.945 ; recall: 0.919 ; loss: 0.049
2019-01-19 00:34:23,613:INFO: - Found new best DSC
2019-01-19 00:34:23,613:INFO: Epoch 18/45
2019-01-19 00:34:36,983:INFO: - Train metrics: dsc: 0.924 ; iou: 0.876 ; accuracy: 0.985 ; precision: 0.935 ; recall: 0.924 ; loss: 0.047
2019-01-19 00:34:38,166:INFO: - Eval metrics : dsc: 0.926 ; iou: 0.879 ; accuracy: 0.985 ; precision: 0.938 ; recall: 0.921 ; loss: 0.046
2019-01-19 00:34:38,183:INFO: - Found new best DSC
2019-01-19 00:34:38,183:INFO: Epoch 19/45
2019-01-19 00:34:51,681:INFO: - Train metrics: dsc: 0.925 ; iou: 0.878 ; accuracy: 0.986 ; precision: 0.937 ; recall: 0.925 ; loss: 0.045
2019-01-19 00:34:52,834:INFO: - Eval metrics : dsc: 0.924 ; iou: 0.876 ; accuracy: 0.985 ; precision: 0.945 ; recall: 0.917 ; loss: 0.046
2019-01-19 00:34:52,857:INFO: Epoch 20/45
2019-01-19 00:35:06,308:INFO: - Train metrics: dsc: 0.927 ; iou: 0.880 ; accuracy: 0.986 ; precision: 0.938 ; recall: 0.927 ; loss: 0.043
2019-01-19 00:35:07,440:INFO: - Eval metrics : dsc: 0.920 ; iou: 0.870 ; accuracy: 0.984 ; precision: 0.943 ; recall: 0.911 ; loss: 0.045
2019-01-19 00:35:07,460:INFO: Epoch 21/45
2019-01-19 00:35:20,930:INFO: - Train metrics: dsc: 0.928 ; iou: 0.881 ; accuracy: 0.986 ; precision: 0.939 ; recall: 0.929 ; loss: 0.042
2019-01-19 00:35:22,053:INFO: - Eval metrics : dsc: 0.926 ; iou: 0.878 ; accuracy: 0.984 ; precision: 0.937 ; recall: 0.924 ; loss: 0.044
2019-01-19 00:35:22,072:INFO: Epoch 22/45
2019-01-19 00:35:35,521:INFO: - Train metrics: dsc: 0.931 ; iou: 0.886 ; accuracy: 0.986 ; precision: 0.940 ; recall: 0.932 ; loss: 0.039
2019-01-19 00:35:36,656:INFO: - Eval metrics : dsc: 0.927 ; iou: 0.881 ; accuracy: 0.985 ; precision: 0.941 ; recall: 0.924 ; loss: 0.041
2019-01-19 00:35:36,679:INFO: - Found new best DSC
2019-01-19 00:35:36,680:INFO: Epoch 23/45
2019-01-19 00:35:50,135:INFO: - Train metrics: dsc: 0.931 ; iou: 0.885 ; accuracy: 0.986 ; precision: 0.941 ; recall: 0.932 ; loss: 0.038
2019-01-19 00:35:51,304:INFO: - Eval metrics : dsc: 0.924 ; iou: 0.876 ; accuracy: 0.985 ; precision: 0.942 ; recall: 0.918 ; loss: 0.041
2019-01-19 00:35:51,318:INFO: Epoch 24/45
2019-01-19 00:36:04,742:INFO: - Train metrics: dsc: 0.930 ; iou: 0.885 ; accuracy: 0.987 ; precision: 0.939 ; recall: 0.932 ; loss: 0.037
2019-01-19 00:36:05,865:INFO: - Eval metrics : dsc: 0.930 ; iou: 0.884 ; accuracy: 0.986 ; precision: 0.939 ; recall: 0.930 ; loss: 0.038
2019-01-19 00:36:05,887:INFO: - Found new best DSC
2019-01-19 00:36:05,887:INFO: Epoch 25/45
2019-01-19 00:36:19,283:INFO: - Train metrics: dsc: 0.934 ; iou: 0.889 ; accuracy: 0.987 ; precision: 0.941 ; recall: 0.935 ; loss: 0.036
2019-01-19 00:36:20,393:INFO: - Eval metrics : dsc: 0.929 ; iou: 0.883 ; accuracy: 0.985 ; precision: 0.940 ; recall: 0.927 ; loss: 0.039
2019-01-19 00:36:20,406:INFO: Epoch 26/45
2019-01-19 00:36:33,854:INFO: - Train metrics: dsc: 0.932 ; iou: 0.888 ; accuracy: 0.987 ; precision: 0.944 ; recall: 0.934 ; loss: 0.036
2019-01-19 00:36:35,029:INFO: - Eval metrics : dsc: 0.919 ; iou: 0.869 ; accuracy: 0.983 ; precision: 0.936 ; recall: 0.912 ; loss: 0.047
2019-01-19 00:36:35,048:INFO: Epoch 27/45
2019-01-19 00:36:48,505:INFO: - Train metrics: dsc: 0.933 ; iou: 0.889 ; accuracy: 0.987 ; precision: 0.942 ; recall: 0.935 ; loss: 0.035
2019-01-19 00:36:49,701:INFO: - Eval metrics : dsc: 0.931 ; iou: 0.886 ; accuracy: 0.986 ; precision: 0.939 ; recall: 0.933 ; loss: 0.037
2019-01-19 00:36:49,722:INFO: - Found new best DSC
2019-01-19 00:36:49,723:INFO: Epoch 28/45
2019-01-19 00:37:03,182:INFO: - Train metrics: dsc: 0.937 ; iou: 0.893 ; accuracy: 0.987 ; precision: 0.943 ; recall: 0.938 ; loss: 0.033
2019-01-19 00:37:04,302:INFO: - Eval metrics : dsc: 0.929 ; iou: 0.883 ; accuracy: 0.986 ; precision: 0.933 ; recall: 0.934 ; loss: 0.038
2019-01-19 00:37:04,316:INFO: Epoch 29/45
2019-01-19 00:37:17,817:INFO: - Train metrics: dsc: 0.938 ; iou: 0.895 ; accuracy: 0.987 ; precision: 0.946 ; recall: 0.939 ; loss: 0.033
2019-01-19 00:37:18,946:INFO: - Eval metrics : dsc: 0.929 ; iou: 0.883 ; accuracy: 0.986 ; precision: 0.952 ; recall: 0.917 ; loss: 0.039
2019-01-19 00:37:18,962:INFO: Epoch 30/45
2019-01-19 00:37:32,390:INFO: - Train metrics: dsc: 0.936 ; iou: 0.893 ; accuracy: 0.987 ; precision: 0.946 ; recall: 0.938 ; loss: 0.032
2019-01-19 00:37:33,516:INFO: - Eval metrics : dsc: 0.929 ; iou: 0.882 ; accuracy: 0.985 ; precision: 0.940 ; recall: 0.928 ; loss: 0.038
2019-01-19 00:37:33,531:INFO: Epoch 31/45
2019-01-19 00:37:47,021:INFO: - Train metrics: dsc: 0.938 ; iou: 0.895 ; accuracy: 0.988 ; precision: 0.946 ; recall: 0.940 ; loss: 0.032
2019-01-19 00:37:48,188:INFO: - Eval metrics : dsc: 0.932 ; iou: 0.889 ; accuracy: 0.986 ; precision: 0.936 ; recall: 0.937 ; loss: 0.035
2019-01-19 00:37:48,211:INFO: - Found new best DSC
2019-01-19 00:37:48,212:INFO: Epoch 32/45
2019-01-19 00:38:01,701:INFO: - Train metrics: dsc: 0.938 ; iou: 0.895 ; accuracy: 0.988 ; precision: 0.947 ; recall: 0.942 ; loss: 0.032
2019-01-19 00:38:02,832:INFO: - Eval metrics : dsc: 0.935 ; iou: 0.891 ; accuracy: 0.986 ; precision: 0.939 ; recall: 0.937 ; loss: 0.035
2019-01-19 00:38:02,852:INFO: - Found new best DSC
2019-01-19 00:38:02,852:INFO: Epoch 33/45
2019-01-19 00:38:16,251:INFO: - Train metrics: dsc: 0.937 ; iou: 0.893 ; accuracy: 0.987 ; precision: 0.945 ; recall: 0.938 ; loss: 0.032
2019-01-19 00:38:17,379:INFO: - Eval metrics : dsc: 0.927 ; iou: 0.881 ; accuracy: 0.985 ; precision: 0.939 ; recall: 0.927 ; loss: 0.037
2019-01-19 00:38:17,397:INFO: Epoch 34/45
2019-01-19 00:38:30,939:INFO: - Train metrics: dsc: 0.938 ; iou: 0.896 ; accuracy: 0.988 ; precision: 0.951 ; recall: 0.938 ; loss: 0.030
2019-01-19 00:38:32,112:INFO: - Eval metrics : dsc: 0.936 ; iou: 0.890 ; accuracy: 0.986 ; precision: 0.938 ; recall: 0.939 ; loss: 0.035
2019-01-19 00:38:32,136:INFO: - Found new best DSC
2019-01-19 00:38:32,136:INFO: Epoch 35/45
2019-01-19 00:38:45,578:INFO: - Train metrics: dsc: 0.940 ; iou: 0.898 ; accuracy: 0.988 ; precision: 0.948 ; recall: 0.942 ; loss: 0.030
2019-01-19 00:38:46,736:INFO: - Eval metrics : dsc: 0.934 ; iou: 0.890 ; accuracy: 0.986 ; precision: 0.948 ; recall: 0.930 ; loss: 0.035
2019-01-19 00:38:46,757:INFO: Epoch 36/45
2019-01-19 00:39:00,250:INFO: - Train metrics: dsc: 0.941 ; iou: 0.898 ; accuracy: 0.988 ; precision: 0.948 ; recall: 0.943 ; loss: 0.030
2019-01-19 00:39:01,367:INFO: - Eval metrics : dsc: 0.930 ; iou: 0.886 ; accuracy: 0.986 ; precision: 0.946 ; recall: 0.926 ; loss: 0.036
2019-01-19 00:39:01,385:INFO: Epoch 37/45
2019-01-19 00:39:14,846:INFO: - Train metrics: dsc: 0.942 ; iou: 0.901 ; accuracy: 0.988 ; precision: 0.953 ; recall: 0.943 ; loss: 0.029
2019-01-19 00:39:15,963:INFO: - Eval metrics : dsc: 0.933 ; iou: 0.889 ; accuracy: 0.986 ; precision: 0.942 ; recall: 0.935 ; loss: 0.034
2019-01-19 00:39:15,980:INFO: Epoch 38/45
2019-01-19 00:39:29,424:INFO: - Train metrics: dsc: 0.944 ; iou: 0.903 ; accuracy: 0.988 ; precision: 0.952 ; recall: 0.945 ; loss: 0.028
2019-01-19 00:39:30,540:INFO: - Eval metrics : dsc: 0.932 ; iou: 0.886 ; accuracy: 0.986 ; precision: 0.948 ; recall: 0.925 ; loss: 0.035
2019-01-19 00:39:30,555:INFO: Epoch 39/45
2019-01-19 00:39:43,992:INFO: - Train metrics: dsc: 0.942 ; iou: 0.899 ; accuracy: 0.988 ; precision: 0.946 ; recall: 0.945 ; loss: 0.029
2019-01-19 00:39:45,108:INFO: - Eval metrics : dsc: 0.936 ; iou: 0.891 ; accuracy: 0.986 ; precision: 0.935 ; recall: 0.943 ; loss: 0.034
2019-01-19 00:39:45,130:INFO: - Found new best DSC
2019-01-19 00:39:45,130:INFO: Epoch 40/45
2019-01-19 00:39:58,575:INFO: - Train metrics: dsc: 0.940 ; iou: 0.899 ; accuracy: 0.988 ; precision: 0.950 ; recall: 0.941 ; loss: 0.029
2019-01-19 00:39:59,717:INFO: - Eval metrics : dsc: 0.936 ; iou: 0.891 ; accuracy: 0.986 ; precision: 0.937 ; recall: 0.942 ; loss: 0.034
2019-01-19 00:39:59,732:INFO: Epoch 41/45
2019-01-19 00:40:13,126:INFO: - Train metrics: dsc: 0.943 ; iou: 0.903 ; accuracy: 0.989 ; precision: 0.954 ; recall: 0.944 ; loss: 0.028
2019-01-19 00:40:14,261:INFO: - Eval metrics : dsc: 0.926 ; iou: 0.876 ; accuracy: 0.985 ; precision: 0.962 ; recall: 0.907 ; loss: 0.041
2019-01-19 00:40:14,275:INFO: Epoch 42/45
2019-01-19 00:40:27,718:INFO: - Train metrics: dsc: 0.945 ; iou: 0.906 ; accuracy: 0.989 ; precision: 0.954 ; recall: 0.947 ; loss: 0.027
2019-01-19 00:40:28,863:INFO: - Eval metrics : dsc: 0.935 ; iou: 0.890 ; accuracy: 0.986 ; precision: 0.933 ; recall: 0.947 ; loss: 0.035
2019-01-19 00:40:28,877:INFO: Epoch 43/45
2019-01-19 00:40:42,386:INFO: - Train metrics: dsc: 0.945 ; iou: 0.904 ; accuracy: 0.989 ; precision: 0.950 ; recall: 0.946 ; loss: 0.028
2019-01-19 00:40:43,544:INFO: - Eval metrics : dsc: 0.936 ; iou: 0.894 ; accuracy: 0.987 ; precision: 0.948 ; recall: 0.938 ; loss: 0.033
2019-01-19 00:40:43,567:INFO: Epoch 44/45
2019-01-19 00:40:56,976:INFO: - Train metrics: dsc: 0.948 ; iou: 0.909 ; accuracy: 0.989 ; precision: 0.954 ; recall: 0.948 ; loss: 0.026
2019-01-19 00:40:58,102:INFO: - Eval metrics : dsc: 0.933 ; iou: 0.888 ; accuracy: 0.986 ; precision: 0.944 ; recall: 0.932 ; loss: 0.036
2019-01-19 00:40:58,116:INFO: Epoch 45/45
2019-01-19 00:41:11,591:INFO: - Train metrics: dsc: 0.946 ; iou: 0.907 ; accuracy: 0.989 ; precision: 0.952 ; recall: 0.946 ; loss: 0.026
2019-01-19 00:41:12,751:INFO: - Eval metrics : dsc: 0.938 ; iou: 0.894 ; accuracy: 0.987 ; precision: 0.956 ; recall: 0.929 ; loss: 0.033
2019-01-19 00:41:12,768:INFO: - Found new best DSC
