2019-01-11 14:47:11,999:INFO: Loading the datasets...
2019-01-11 14:47:17,049:INFO: - done.
2019-01-11 14:47:17,050:INFO: For k-fold 1/5:
2019-01-11 14:47:17,050:INFO: Starting training for 45 epoch(s)
2019-01-11 14:47:17,050:INFO: Epoch 1/45
2019-01-11 14:47:27,330:INFO: - Train metrics: dsc: 0.178 ; iou: 0.108 ; accuracy: 0.890 ; precision: 0.109 ; recall: 0.903 ; loss: 0.964
2019-01-11 14:47:28,499:INFO: - Eval metrics : dsc: 0.587 ; iou: 0.457 ; accuracy: 0.993 ; precision: 0.489 ; recall: 0.848 ; loss: 0.961
2019-01-11 14:47:28,561:INFO: - Found new best DSC
2019-01-11 14:47:28,562:INFO: Epoch 2/45
2019-01-11 14:47:38,784:INFO: - Train metrics: dsc: 0.525 ; iou: 0.383 ; accuracy: 0.987 ; precision: 0.385 ; recall: 0.975 ; loss: 0.949
2019-01-11 14:47:39,949:INFO: - Eval metrics : dsc: 0.569 ; iou: 0.428 ; accuracy: 0.991 ; precision: 0.430 ; recall: 0.985 ; loss: 0.947
2019-01-11 14:47:39,971:INFO: Epoch 3/45
2019-01-11 14:47:50,321:INFO: - Train metrics: dsc: 0.626 ; iou: 0.488 ; accuracy: 0.993 ; precision: 0.491 ; recall: 0.984 ; loss: 0.940
2019-01-11 14:47:51,522:INFO: - Eval metrics : dsc: 0.638 ; iou: 0.502 ; accuracy: 0.994 ; precision: 0.505 ; recall: 0.979 ; loss: 0.937
2019-01-11 14:47:51,548:INFO: - Found new best DSC
2019-01-11 14:47:51,548:INFO: Epoch 4/45
2019-01-11 14:48:01,875:INFO: - Train metrics: dsc: 0.673 ; iou: 0.543 ; accuracy: 0.994 ; precision: 0.546 ; recall: 0.985 ; loss: 0.926
2019-01-11 14:48:02,985:INFO: - Eval metrics : dsc: 0.688 ; iou: 0.569 ; accuracy: 0.995 ; precision: 0.586 ; recall: 0.935 ; loss: 0.910
2019-01-11 14:48:03,013:INFO: - Found new best DSC
2019-01-11 14:48:03,014:INFO: Epoch 5/45
2019-01-11 14:48:13,258:INFO: - Train metrics: dsc: 0.614 ; iou: 0.488 ; accuracy: 0.989 ; precision: 0.491 ; recall: 0.975 ; loss: 0.905
2019-01-11 14:48:14,355:INFO: - Eval metrics : dsc: 0.686 ; iou: 0.570 ; accuracy: 0.995 ; precision: 0.600 ; recall: 0.924 ; loss: 0.878
2019-01-11 14:48:14,400:INFO: Epoch 6/45
2019-01-11 14:48:24,735:INFO: - Train metrics: dsc: 0.614 ; iou: 0.500 ; accuracy: 0.985 ; precision: 0.507 ; recall: 0.971 ; loss: 0.856
2019-01-11 14:48:25,868:INFO: - Eval metrics : dsc: 0.762 ; iou: 0.671 ; accuracy: 0.997 ; precision: 0.770 ; recall: 0.868 ; loss: 0.674
2019-01-11 14:48:25,898:INFO: - Found new best DSC
2019-01-11 14:48:25,898:INFO: Epoch 7/45
2019-01-11 14:48:36,282:INFO: - Train metrics: dsc: 0.580 ; iou: 0.479 ; accuracy: 0.976 ; precision: 0.502 ; recall: 0.944 ; loss: 0.776
2019-01-11 14:48:37,411:INFO: - Eval metrics : dsc: 0.433 ; iou: 0.343 ; accuracy: 0.961 ; precision: 0.368 ; recall: 0.948 ; loss: 0.779
2019-01-11 14:48:37,433:INFO: Epoch 8/45
2019-01-11 14:48:47,707:INFO: - Train metrics: dsc: 0.644 ; iou: 0.540 ; accuracy: 0.989 ; precision: 0.565 ; recall: 0.940 ; loss: 0.691
2019-01-11 14:48:48,847:INFO: - Eval metrics : dsc: 0.769 ; iou: 0.682 ; accuracy: 0.998 ; precision: 0.802 ; recall: 0.854 ; loss: 0.613
2019-01-11 14:48:48,882:INFO: - Found new best DSC
2019-01-11 14:48:48,882:INFO: Epoch 9/45
2019-01-11 14:48:59,194:INFO: - Train metrics: dsc: 0.673 ; iou: 0.573 ; accuracy: 0.991 ; precision: 0.607 ; recall: 0.933 ; loss: 0.654
2019-01-11 14:49:00,332:INFO: - Eval metrics : dsc: 0.668 ; iou: 0.554 ; accuracy: 0.994 ; precision: 0.568 ; recall: 0.946 ; loss: 0.763
2019-01-11 14:49:00,358:INFO: Epoch 10/45
2019-01-11 14:49:10,758:INFO: - Train metrics: dsc: 0.731 ; iou: 0.636 ; accuracy: 0.994 ; precision: 0.667 ; recall: 0.939 ; loss: 0.620
2019-01-11 14:49:11,887:INFO: - Eval metrics : dsc: 0.798 ; iou: 0.713 ; accuracy: 0.998 ; precision: 0.754 ; recall: 0.919 ; loss: 0.607
2019-01-11 14:49:11,913:INFO: - Found new best DSC
2019-01-11 14:49:11,913:INFO: Epoch 11/45
2019-01-11 14:49:22,322:INFO: - Train metrics: dsc: 0.767 ; iou: 0.679 ; accuracy: 0.995 ; precision: 0.716 ; recall: 0.941 ; loss: 0.576
2019-01-11 14:49:23,496:INFO: - Eval metrics : dsc: 0.686 ; iou: 0.585 ; accuracy: 0.994 ; precision: 0.608 ; recall: 0.944 ; loss: 0.707
2019-01-11 14:49:23,538:INFO: Epoch 12/45
2019-01-11 14:49:33,845:INFO: - Train metrics: dsc: 0.784 ; iou: 0.701 ; accuracy: 0.995 ; precision: 0.741 ; recall: 0.936 ; loss: 0.525
2019-01-11 14:49:34,990:INFO: - Eval metrics : dsc: 0.774 ; iou: 0.687 ; accuracy: 0.997 ; precision: 0.733 ; recall: 0.924 ; loss: 0.557
2019-01-11 14:49:35,021:INFO: Epoch 13/45
2019-01-11 14:49:45,405:INFO: - Train metrics: dsc: 0.826 ; iou: 0.748 ; accuracy: 0.997 ; precision: 0.788 ; recall: 0.932 ; loss: 0.478
2019-01-11 14:49:46,536:INFO: - Eval metrics : dsc: 0.850 ; iou: 0.783 ; accuracy: 0.999 ; precision: 0.888 ; recall: 0.883 ; loss: 0.386
2019-01-11 14:49:46,573:INFO: - Found new best DSC
2019-01-11 14:49:46,573:INFO: Epoch 14/45
2019-01-11 14:49:56,852:INFO: - Train metrics: dsc: 0.874 ; iou: 0.809 ; accuracy: 0.999 ; precision: 0.861 ; recall: 0.928 ; loss: 0.353
2019-01-11 14:49:58,005:INFO: - Eval metrics : dsc: 0.845 ; iou: 0.779 ; accuracy: 0.999 ; precision: 0.900 ; recall: 0.868 ; loss: 0.330
2019-01-11 14:49:58,028:INFO: Epoch 15/45
2019-01-11 14:50:08,433:INFO: - Train metrics: dsc: 0.879 ; iou: 0.818 ; accuracy: 0.999 ; precision: 0.876 ; recall: 0.930 ; loss: 0.264
2019-01-11 14:50:09,556:INFO: - Eval metrics : dsc: 0.861 ; iou: 0.797 ; accuracy: 0.999 ; precision: 0.856 ; recall: 0.931 ; loss: 0.262
2019-01-11 14:50:09,629:INFO: - Found new best DSC
2019-01-11 14:50:09,630:INFO: Epoch 16/45
2019-01-11 14:50:19,905:INFO: - Train metrics: dsc: 0.894 ; iou: 0.835 ; accuracy: 0.999 ; precision: 0.888 ; recall: 0.938 ; loss: 0.210
2019-01-11 14:50:21,066:INFO: - Eval metrics : dsc: 0.855 ; iou: 0.793 ; accuracy: 0.999 ; precision: 0.888 ; recall: 0.894 ; loss: 0.227
2019-01-11 14:50:21,089:INFO: Epoch 17/45
2019-01-11 14:50:31,473:INFO: - Train metrics: dsc: 0.889 ; iou: 0.829 ; accuracy: 0.999 ; precision: 0.888 ; recall: 0.928 ; loss: 0.187
2019-01-11 14:50:32,644:INFO: - Eval metrics : dsc: 0.846 ; iou: 0.781 ; accuracy: 0.999 ; precision: 0.879 ; recall: 0.883 ; loss: 0.202
2019-01-11 14:50:32,696:INFO: Epoch 18/45
2019-01-11 14:50:43,170:INFO: - Train metrics: dsc: 0.887 ; iou: 0.827 ; accuracy: 0.999 ; precision: 0.887 ; recall: 0.928 ; loss: 0.171
2019-01-11 14:50:44,343:INFO: - Eval metrics : dsc: 0.856 ; iou: 0.787 ; accuracy: 0.999 ; precision: 0.913 ; recall: 0.863 ; loss: 0.200
2019-01-11 14:50:44,370:INFO: Epoch 19/45
2019-01-11 14:50:54,802:INFO: - Train metrics: dsc: 0.898 ; iou: 0.841 ; accuracy: 0.999 ; precision: 0.898 ; recall: 0.932 ; loss: 0.152
2019-01-11 14:50:55,969:INFO: - Eval metrics : dsc: 0.861 ; iou: 0.800 ; accuracy: 0.999 ; precision: 0.879 ; recall: 0.910 ; loss: 0.178
2019-01-11 14:50:56,007:INFO: - Found new best DSC
2019-01-11 14:50:56,007:INFO: Epoch 20/45
2019-01-11 14:51:06,313:INFO: - Train metrics: dsc: 0.898 ; iou: 0.842 ; accuracy: 0.999 ; precision: 0.896 ; recall: 0.932 ; loss: 0.145
2019-01-11 14:51:07,481:INFO: - Eval metrics : dsc: 0.876 ; iou: 0.815 ; accuracy: 0.999 ; precision: 0.888 ; recall: 0.915 ; loss: 0.166
2019-01-11 14:51:07,516:INFO: - Found new best DSC
2019-01-11 14:51:07,516:INFO: Epoch 21/45
2019-01-11 14:51:17,881:INFO: - Train metrics: dsc: 0.903 ; iou: 0.847 ; accuracy: 0.999 ; precision: 0.905 ; recall: 0.932 ; loss: 0.137
2019-01-11 14:51:19,034:INFO: - Eval metrics : dsc: 0.875 ; iou: 0.814 ; accuracy: 0.999 ; precision: 0.898 ; recall: 0.896 ; loss: 0.155
2019-01-11 14:51:19,058:INFO: Epoch 22/45
2019-01-11 14:51:29,457:INFO: - Train metrics: dsc: 0.914 ; iou: 0.859 ; accuracy: 0.999 ; precision: 0.909 ; recall: 0.940 ; loss: 0.126
2019-01-11 14:51:30,599:INFO: - Eval metrics : dsc: 0.880 ; iou: 0.823 ; accuracy: 0.999 ; precision: 0.883 ; recall: 0.920 ; loss: 0.150
2019-01-11 14:51:30,634:INFO: - Found new best DSC
2019-01-11 14:51:30,634:INFO: Epoch 23/45
2019-01-11 14:51:41,015:INFO: - Train metrics: dsc: 0.915 ; iou: 0.863 ; accuracy: 0.999 ; precision: 0.914 ; recall: 0.939 ; loss: 0.121
2019-01-11 14:51:42,261:INFO: - Eval metrics : dsc: 0.883 ; iou: 0.825 ; accuracy: 0.999 ; precision: 0.883 ; recall: 0.926 ; loss: 0.138
2019-01-11 14:51:42,296:INFO: - Found new best DSC
2019-01-11 14:51:42,296:INFO: Epoch 24/45
2019-01-11 14:51:52,673:INFO: - Train metrics: dsc: 0.913 ; iou: 0.860 ; accuracy: 0.999 ; precision: 0.916 ; recall: 0.935 ; loss: 0.118
2019-01-11 14:51:53,853:INFO: - Eval metrics : dsc: 0.884 ; iou: 0.825 ; accuracy: 0.999 ; precision: 0.890 ; recall: 0.924 ; loss: 0.143
2019-01-11 14:51:53,888:INFO: - Found new best DSC
2019-01-11 14:51:53,888:INFO: Epoch 25/45
2019-01-11 14:52:04,315:INFO: - Train metrics: dsc: 0.918 ; iou: 0.866 ; accuracy: 0.999 ; precision: 0.919 ; recall: 0.939 ; loss: 0.113
2019-01-11 14:52:05,545:INFO: - Eval metrics : dsc: 0.878 ; iou: 0.818 ; accuracy: 0.999 ; precision: 0.873 ; recall: 0.933 ; loss: 0.143
2019-01-11 14:52:05,575:INFO: Epoch 26/45
2019-01-11 14:52:16,000:INFO: - Train metrics: dsc: 0.918 ; iou: 0.867 ; accuracy: 0.999 ; precision: 0.916 ; recall: 0.943 ; loss: 0.110
2019-01-11 14:52:17,197:INFO: - Eval metrics : dsc: 0.875 ; iou: 0.814 ; accuracy: 0.999 ; precision: 0.922 ; recall: 0.877 ; loss: 0.146
2019-01-11 14:52:17,218:INFO: Epoch 27/45
2019-01-11 14:52:27,632:INFO: - Train metrics: dsc: 0.914 ; iou: 0.861 ; accuracy: 0.999 ; precision: 0.916 ; recall: 0.937 ; loss: 0.110
2019-01-11 14:52:28,748:INFO: - Eval metrics : dsc: 0.883 ; iou: 0.826 ; accuracy: 0.999 ; precision: 0.889 ; recall: 0.926 ; loss: 0.138
2019-01-11 14:52:28,771:INFO: Epoch 28/45
2019-01-11 14:52:39,131:INFO: - Train metrics: dsc: 0.920 ; iou: 0.870 ; accuracy: 0.999 ; precision: 0.922 ; recall: 0.940 ; loss: 0.105
2019-01-11 14:52:40,337:INFO: - Eval metrics : dsc: 0.887 ; iou: 0.828 ; accuracy: 0.999 ; precision: 0.884 ; recall: 0.928 ; loss: 0.132
2019-01-11 14:52:40,379:INFO: - Found new best DSC
2019-01-11 14:52:40,379:INFO: Epoch 29/45
2019-01-11 14:52:50,758:INFO: - Train metrics: dsc: 0.909 ; iou: 0.855 ; accuracy: 0.999 ; precision: 0.915 ; recall: 0.930 ; loss: 0.110
2019-01-11 14:52:51,931:INFO: - Eval metrics : dsc: 0.869 ; iou: 0.806 ; accuracy: 0.999 ; precision: 0.884 ; recall: 0.899 ; loss: 0.140
2019-01-11 14:52:51,962:INFO: Epoch 30/45
2019-01-11 14:53:02,378:INFO: - Train metrics: dsc: 0.916 ; iou: 0.862 ; accuracy: 0.999 ; precision: 0.915 ; recall: 0.937 ; loss: 0.105
2019-01-11 14:53:03,579:INFO: - Eval metrics : dsc: 0.882 ; iou: 0.824 ; accuracy: 0.999 ; precision: 0.894 ; recall: 0.920 ; loss: 0.127
2019-01-11 14:53:03,607:INFO: Epoch 31/45
2019-01-11 14:53:13,897:INFO: - Train metrics: dsc: 0.920 ; iou: 0.869 ; accuracy: 0.999 ; precision: 0.918 ; recall: 0.943 ; loss: 0.098
2019-01-11 14:53:15,059:INFO: - Eval metrics : dsc: 0.881 ; iou: 0.823 ; accuracy: 0.999 ; precision: 0.903 ; recall: 0.911 ; loss: 0.127
2019-01-11 14:53:15,089:INFO: Epoch 32/45
2019-01-11 14:53:25,564:INFO: - Train metrics: dsc: 0.922 ; iou: 0.870 ; accuracy: 0.999 ; precision: 0.926 ; recall: 0.936 ; loss: 0.096
2019-01-11 14:53:26,715:INFO: - Eval metrics : dsc: 0.873 ; iou: 0.815 ; accuracy: 0.999 ; precision: 0.923 ; recall: 0.882 ; loss: 0.140
2019-01-11 14:53:26,745:INFO: Epoch 33/45
2019-01-11 14:53:37,163:INFO: - Train metrics: dsc: 0.912 ; iou: 0.858 ; accuracy: 0.999 ; precision: 0.920 ; recall: 0.929 ; loss: 0.101
2019-01-11 14:53:38,277:INFO: - Eval metrics : dsc: 0.862 ; iou: 0.795 ; accuracy: 0.999 ; precision: 0.839 ; recall: 0.936 ; loss: 0.142
2019-01-11 14:53:38,318:INFO: Epoch 34/45
2019-01-11 14:53:48,653:INFO: - Train metrics: dsc: 0.913 ; iou: 0.859 ; accuracy: 0.999 ; precision: 0.918 ; recall: 0.929 ; loss: 0.098
2019-01-11 14:53:49,772:INFO: - Eval metrics : dsc: 0.872 ; iou: 0.814 ; accuracy: 0.999 ; precision: 0.899 ; recall: 0.900 ; loss: 0.132
2019-01-11 14:53:49,806:INFO: Epoch 35/45
2019-01-11 14:54:00,185:INFO: - Train metrics: dsc: 0.916 ; iou: 0.863 ; accuracy: 0.999 ; precision: 0.926 ; recall: 0.928 ; loss: 0.090
2019-01-11 14:54:01,304:INFO: - Eval metrics : dsc: 0.877 ; iou: 0.815 ; accuracy: 0.999 ; precision: 0.887 ; recall: 0.917 ; loss: 0.135
2019-01-11 14:54:01,328:INFO: Epoch 36/45
2019-01-11 14:54:11,783:INFO: - Train metrics: dsc: 0.899 ; iou: 0.840 ; accuracy: 0.999 ; precision: 0.909 ; recall: 0.918 ; loss: 0.108
2019-01-11 14:54:12,978:INFO: - Eval metrics : dsc: 0.782 ; iou: 0.691 ; accuracy: 0.998 ; precision: 0.730 ; recall: 0.916 ; loss: 0.220
2019-01-11 14:54:13,009:INFO: Epoch 37/45
2019-01-11 14:54:23,441:INFO: - Train metrics: dsc: 0.897 ; iou: 0.836 ; accuracy: 0.999 ; precision: 0.912 ; recall: 0.914 ; loss: 0.104
2019-01-11 14:54:24,623:INFO: - Eval metrics : dsc: 0.874 ; iou: 0.813 ; accuracy: 0.999 ; precision: 0.911 ; recall: 0.884 ; loss: 0.126
2019-01-11 14:54:24,653:INFO: Epoch 38/45
2019-01-11 14:54:34,959:INFO: - Train metrics: dsc: 0.911 ; iou: 0.856 ; accuracy: 0.999 ; precision: 0.919 ; recall: 0.927 ; loss: 0.085
2019-01-11 14:54:36,087:INFO: - Eval metrics : dsc: 0.875 ; iou: 0.812 ; accuracy: 0.999 ; precision: 0.917 ; recall: 0.873 ; loss: 0.122
2019-01-11 14:54:36,125:INFO: Epoch 39/45
2019-01-11 14:54:46,524:INFO: - Train metrics: dsc: 0.921 ; iou: 0.869 ; accuracy: 0.999 ; precision: 0.926 ; recall: 0.934 ; loss: 0.069
2019-01-11 14:54:47,662:INFO: - Eval metrics : dsc: 0.882 ; iou: 0.826 ; accuracy: 0.999 ; precision: 0.888 ; recall: 0.917 ; loss: 0.111
2019-01-11 14:54:47,691:INFO: Epoch 40/45
2019-01-11 14:54:58,108:INFO: - Train metrics: dsc: 0.867 ; iou: 0.796 ; accuracy: 0.998 ; precision: 0.895 ; recall: 0.887 ; loss: 0.123
2019-01-11 14:54:59,275:INFO: - Eval metrics : dsc: 0.856 ; iou: 0.784 ; accuracy: 0.999 ; precision: 0.863 ; recall: 0.907 ; loss: 0.139
2019-01-11 14:54:59,311:INFO: Epoch 41/45
2019-01-11 14:55:09,773:INFO: - Train metrics: dsc: 0.893 ; iou: 0.829 ; accuracy: 0.999 ; precision: 0.908 ; recall: 0.909 ; loss: 0.097
2019-01-11 14:55:10,954:INFO: - Eval metrics : dsc: 0.862 ; iou: 0.799 ; accuracy: 0.999 ; precision: 0.910 ; recall: 0.874 ; loss: 0.129
2019-01-11 14:55:10,987:INFO: Epoch 42/45
2019-01-11 14:55:21,345:INFO: - Train metrics: dsc: 0.907 ; iou: 0.848 ; accuracy: 0.999 ; precision: 0.914 ; recall: 0.924 ; loss: 0.078
2019-01-11 14:55:22,475:INFO: - Eval metrics : dsc: 0.880 ; iou: 0.820 ; accuracy: 0.999 ; precision: 0.879 ; recall: 0.932 ; loss: 0.113
2019-01-11 14:55:22,499:INFO: Epoch 43/45
2019-01-11 14:55:33,002:INFO: - Train metrics: dsc: 0.910 ; iou: 0.853 ; accuracy: 0.999 ; precision: 0.920 ; recall: 0.923 ; loss: 0.071
2019-01-11 14:55:34,184:INFO: - Eval metrics : dsc: 0.864 ; iou: 0.797 ; accuracy: 0.999 ; precision: 0.898 ; recall: 0.880 ; loss: 0.133
2019-01-11 14:55:34,239:INFO: Epoch 44/45
2019-01-11 14:55:44,633:INFO: - Train metrics: dsc: 0.883 ; iou: 0.816 ; accuracy: 0.999 ; precision: 0.910 ; recall: 0.894 ; loss: 0.102
2019-01-11 14:55:45,777:INFO: - Eval metrics : dsc: 0.825 ; iou: 0.757 ; accuracy: 0.999 ; precision: 0.886 ; recall: 0.853 ; loss: 0.170
2019-01-11 14:55:45,800:INFO: Epoch 45/45
2019-01-11 14:55:56,222:INFO: - Train metrics: dsc: 0.876 ; iou: 0.806 ; accuracy: 0.999 ; precision: 0.901 ; recall: 0.893 ; loss: 0.107
2019-01-11 14:55:57,425:INFO: - Eval metrics : dsc: 0.871 ; iou: 0.809 ; accuracy: 0.999 ; precision: 0.892 ; recall: 0.905 ; loss: 0.114
2019-01-11 14:55:57,530:INFO: Loading the datasets...
2019-01-11 14:56:01,913:INFO: - done.
2019-01-11 14:56:01,913:INFO: For k-fold 2/5:
2019-01-11 14:56:01,913:INFO: Starting training for 45 epoch(s)
2019-01-11 14:56:01,913:INFO: Epoch 1/45
2019-01-11 14:56:12,169:INFO: - Train metrics: dsc: 0.166 ; iou: 0.100 ; accuracy: 0.886 ; precision: 0.100 ; recall: 0.898 ; loss: 0.964
2019-01-11 14:56:13,325:INFO: - Eval metrics : dsc: 0.482 ; iou: 0.340 ; accuracy: 0.986 ; precision: 0.342 ; recall: 0.950 ; loss: 0.959
2019-01-11 14:56:13,397:INFO: - Found new best DSC
2019-01-11 14:56:13,397:INFO: Epoch 2/45
2019-01-11 14:56:23,713:INFO: - Train metrics: dsc: 0.497 ; iou: 0.356 ; accuracy: 0.986 ; precision: 0.358 ; recall: 0.969 ; loss: 0.950
2019-01-11 14:56:24,832:INFO: - Eval metrics : dsc: 0.559 ; iou: 0.417 ; accuracy: 0.990 ; precision: 0.418 ; recall: 0.976 ; loss: 0.947
2019-01-11 14:56:24,857:INFO: - Found new best DSC
2019-01-11 14:56:24,858:INFO: Epoch 3/45
2019-01-11 14:56:35,180:INFO: - Train metrics: dsc: 0.635 ; iou: 0.497 ; accuracy: 0.993 ; precision: 0.501 ; recall: 0.983 ; loss: 0.940
2019-01-11 14:56:36,366:INFO: - Eval metrics : dsc: 0.613 ; iou: 0.474 ; accuracy: 0.993 ; precision: 0.475 ; recall: 0.971 ; loss: 0.935
2019-01-11 14:56:36,403:INFO: - Found new best DSC
2019-01-11 14:56:36,403:INFO: Epoch 4/45
2019-01-11 14:56:46,821:INFO: - Train metrics: dsc: 0.673 ; iou: 0.543 ; accuracy: 0.994 ; precision: 0.546 ; recall: 0.986 ; loss: 0.927
2019-01-11 14:56:48,024:INFO: - Eval metrics : dsc: 0.723 ; iou: 0.606 ; accuracy: 0.996 ; precision: 0.616 ; recall: 0.959 ; loss: 0.919
2019-01-11 14:56:48,061:INFO: - Found new best DSC
2019-01-11 14:56:48,062:INFO: Epoch 5/45
2019-01-11 14:56:58,425:INFO: - Train metrics: dsc: 0.641 ; iou: 0.518 ; accuracy: 0.991 ; precision: 0.520 ; recall: 0.982 ; loss: 0.904
2019-01-11 14:56:59,555:INFO: - Eval metrics : dsc: 0.712 ; iou: 0.602 ; accuracy: 0.995 ; precision: 0.625 ; recall: 0.935 ; loss: 0.793
2019-01-11 14:56:59,606:INFO: Epoch 6/45
2019-01-11 14:57:09,978:INFO: - Train metrics: dsc: 0.632 ; iou: 0.518 ; accuracy: 0.988 ; precision: 0.526 ; recall: 0.976 ; loss: 0.859
2019-01-11 14:57:11,109:INFO: - Eval metrics : dsc: 0.768 ; iou: 0.666 ; accuracy: 0.997 ; precision: 0.718 ; recall: 0.914 ; loss: 0.709
2019-01-11 14:57:11,139:INFO: - Found new best DSC
2019-01-11 14:57:11,139:INFO: Epoch 7/45
2019-01-11 14:57:21,474:INFO: - Train metrics: dsc: 0.606 ; iou: 0.502 ; accuracy: 0.984 ; precision: 0.517 ; recall: 0.957 ; loss: 0.788
2019-01-11 14:57:22,702:INFO: - Eval metrics : dsc: 0.713 ; iou: 0.610 ; accuracy: 0.990 ; precision: 0.622 ; recall: 0.963 ; loss: 0.675
2019-01-11 14:57:22,732:INFO: Epoch 8/45
2019-01-11 14:57:33,138:INFO: - Train metrics: dsc: 0.622 ; iou: 0.524 ; accuracy: 0.982 ; precision: 0.554 ; recall: 0.939 ; loss: 0.718
2019-01-11 14:57:34,262:INFO: - Eval metrics : dsc: 0.376 ; iou: 0.314 ; accuracy: 0.894 ; precision: 0.333 ; recall: 0.971 ; loss: 0.869
2019-01-11 14:57:34,296:INFO: Epoch 9/45
2019-01-11 14:57:44,734:INFO: - Train metrics: dsc: 0.651 ; iou: 0.552 ; accuracy: 0.988 ; precision: 0.580 ; recall: 0.945 ; loss: 0.669
2019-01-11 14:57:45,961:INFO: - Eval metrics : dsc: 0.745 ; iou: 0.647 ; accuracy: 0.995 ; precision: 0.679 ; recall: 0.938 ; loss: 0.673
2019-01-11 14:57:45,990:INFO: Epoch 10/45
2019-01-11 14:57:56,477:INFO: - Train metrics: dsc: 0.714 ; iou: 0.619 ; accuracy: 0.994 ; precision: 0.656 ; recall: 0.939 ; loss: 0.619
2019-01-11 14:57:57,660:INFO: - Eval metrics : dsc: 0.748 ; iou: 0.647 ; accuracy: 0.995 ; precision: 0.671 ; recall: 0.938 ; loss: 0.590
2019-01-11 14:57:57,692:INFO: Epoch 11/45
2019-01-11 14:58:08,104:INFO: - Train metrics: dsc: 0.699 ; iou: 0.604 ; accuracy: 0.992 ; precision: 0.640 ; recall: 0.934 ; loss: 0.603
2019-01-11 14:58:09,289:INFO: - Eval metrics : dsc: 0.812 ; iou: 0.726 ; accuracy: 0.998 ; precision: 0.759 ; recall: 0.929 ; loss: 0.553
2019-01-11 14:58:09,320:INFO: - Found new best DSC
2019-01-11 14:58:09,321:INFO: Epoch 12/45
2019-01-11 14:58:19,715:INFO: - Train metrics: dsc: 0.791 ; iou: 0.709 ; accuracy: 0.996 ; precision: 0.753 ; recall: 0.932 ; loss: 0.539
2019-01-11 14:58:20,844:INFO: - Eval metrics : dsc: 0.729 ; iou: 0.644 ; accuracy: 0.989 ; precision: 0.661 ; recall: 0.959 ; loss: 0.624
2019-01-11 14:58:20,865:INFO: Epoch 13/45
2019-01-11 14:58:31,312:INFO: - Train metrics: dsc: 0.850 ; iou: 0.779 ; accuracy: 0.998 ; precision: 0.816 ; recall: 0.942 ; loss: 0.433
2019-01-11 14:58:32,418:INFO: - Eval metrics : dsc: 0.869 ; iou: 0.803 ; accuracy: 0.999 ; precision: 0.866 ; recall: 0.915 ; loss: 0.377
2019-01-11 14:58:32,447:INFO: - Found new best DSC
2019-01-11 14:58:32,447:INFO: Epoch 14/45
2019-01-11 14:58:42,829:INFO: - Train metrics: dsc: 0.875 ; iou: 0.812 ; accuracy: 0.999 ; precision: 0.859 ; recall: 0.940 ; loss: 0.325
2019-01-11 14:58:43,967:INFO: - Eval metrics : dsc: 0.876 ; iou: 0.813 ; accuracy: 0.999 ; precision: 0.910 ; recall: 0.890 ; loss: 0.289
2019-01-11 14:58:43,999:INFO: - Found new best DSC
2019-01-11 14:58:43,999:INFO: Epoch 15/45
2019-01-11 14:58:54,394:INFO: - Train metrics: dsc: 0.886 ; iou: 0.828 ; accuracy: 0.999 ; precision: 0.879 ; recall: 0.937 ; loss: 0.254
2019-01-11 14:58:55,584:INFO: - Eval metrics : dsc: 0.828 ; iou: 0.754 ; accuracy: 0.998 ; precision: 0.771 ; recall: 0.961 ; loss: 0.259
2019-01-11 14:58:55,607:INFO: Epoch 16/45
2019-01-11 14:59:06,035:INFO: - Train metrics: dsc: 0.886 ; iou: 0.827 ; accuracy: 0.999 ; precision: 0.876 ; recall: 0.938 ; loss: 0.211
2019-01-11 14:59:07,162:INFO: - Eval metrics : dsc: 0.861 ; iou: 0.791 ; accuracy: 0.999 ; precision: 0.914 ; recall: 0.851 ; loss: 0.227
2019-01-11 14:59:07,195:INFO: Epoch 17/45
2019-01-11 14:59:17,563:INFO: - Train metrics: dsc: 0.888 ; iou: 0.829 ; accuracy: 0.999 ; precision: 0.889 ; recall: 0.929 ; loss: 0.174
2019-01-11 14:59:18,682:INFO: - Eval metrics : dsc: 0.885 ; iou: 0.822 ; accuracy: 0.999 ; precision: 0.865 ; recall: 0.939 ; loss: 0.169
2019-01-11 14:59:18,727:INFO: - Found new best DSC
2019-01-11 14:59:18,727:INFO: Epoch 18/45
2019-01-11 14:59:29,082:INFO: - Train metrics: dsc: 0.893 ; iou: 0.834 ; accuracy: 0.999 ; precision: 0.890 ; recall: 0.932 ; loss: 0.158
2019-01-11 14:59:30,243:INFO: - Eval metrics : dsc: 0.886 ; iou: 0.827 ; accuracy: 0.999 ; precision: 0.932 ; recall: 0.885 ; loss: 0.172
2019-01-11 14:59:30,284:INFO: - Found new best DSC
2019-01-11 14:59:30,284:INFO: Epoch 19/45
2019-01-11 14:59:40,722:INFO: - Train metrics: dsc: 0.896 ; iou: 0.837 ; accuracy: 0.999 ; precision: 0.896 ; recall: 0.932 ; loss: 0.146
2019-01-11 14:59:41,941:INFO: - Eval metrics : dsc: 0.884 ; iou: 0.824 ; accuracy: 0.999 ; precision: 0.877 ; recall: 0.937 ; loss: 0.157
2019-01-11 14:59:41,965:INFO: Epoch 20/45
2019-01-11 14:59:52,330:INFO: - Train metrics: dsc: 0.895 ; iou: 0.837 ; accuracy: 0.999 ; precision: 0.894 ; recall: 0.934 ; loss: 0.139
2019-01-11 14:59:53,531:INFO: - Eval metrics : dsc: 0.878 ; iou: 0.816 ; accuracy: 0.999 ; precision: 0.918 ; recall: 0.887 ; loss: 0.153
2019-01-11 14:59:53,555:INFO: Epoch 21/45
2019-01-11 15:00:04,062:INFO: - Train metrics: dsc: 0.897 ; iou: 0.838 ; accuracy: 0.999 ; precision: 0.897 ; recall: 0.931 ; loss: 0.137
2019-01-11 15:00:05,257:INFO: - Eval metrics : dsc: 0.887 ; iou: 0.825 ; accuracy: 0.999 ; precision: 0.884 ; recall: 0.927 ; loss: 0.145
2019-01-11 15:00:05,294:INFO: - Found new best DSC
2019-01-11 15:00:05,294:INFO: Epoch 22/45
2019-01-11 15:00:15,715:INFO: - Train metrics: dsc: 0.904 ; iou: 0.847 ; accuracy: 0.999 ; precision: 0.900 ; recall: 0.936 ; loss: 0.127
2019-01-11 15:00:16,831:INFO: - Eval metrics : dsc: 0.897 ; iou: 0.840 ; accuracy: 0.999 ; precision: 0.901 ; recall: 0.924 ; loss: 0.136
2019-01-11 15:00:16,862:INFO: - Found new best DSC
2019-01-11 15:00:16,862:INFO: Epoch 23/45
2019-01-11 15:00:27,239:INFO: - Train metrics: dsc: 0.914 ; iou: 0.859 ; accuracy: 0.999 ; precision: 0.907 ; recall: 0.943 ; loss: 0.119
2019-01-11 15:00:28,390:INFO: - Eval metrics : dsc: 0.893 ; iou: 0.837 ; accuracy: 0.999 ; precision: 0.885 ; recall: 0.938 ; loss: 0.135
2019-01-11 15:00:28,418:INFO: Epoch 24/45
2019-01-11 15:00:38,869:INFO: - Train metrics: dsc: 0.917 ; iou: 0.863 ; accuracy: 0.999 ; precision: 0.914 ; recall: 0.940 ; loss: 0.114
2019-01-11 15:00:40,007:INFO: - Eval metrics : dsc: 0.890 ; iou: 0.830 ; accuracy: 0.999 ; precision: 0.882 ; recall: 0.939 ; loss: 0.138
2019-01-11 15:00:40,038:INFO: Epoch 25/45
2019-01-11 15:00:50,417:INFO: - Train metrics: dsc: 0.912 ; iou: 0.858 ; accuracy: 0.999 ; precision: 0.911 ; recall: 0.938 ; loss: 0.112
2019-01-11 15:00:51,595:INFO: - Eval metrics : dsc: 0.886 ; iou: 0.822 ; accuracy: 0.999 ; precision: 0.851 ; recall: 0.954 ; loss: 0.140
2019-01-11 15:00:51,623:INFO: Epoch 26/45
2019-01-11 15:01:01,942:INFO: - Train metrics: dsc: 0.903 ; iou: 0.847 ; accuracy: 0.999 ; precision: 0.902 ; recall: 0.935 ; loss: 0.118
2019-01-11 15:01:03,082:INFO: - Eval metrics : dsc: 0.886 ; iou: 0.828 ; accuracy: 0.999 ; precision: 0.893 ; recall: 0.921 ; loss: 0.136
2019-01-11 15:01:03,105:INFO: Epoch 27/45
2019-01-11 15:01:13,568:INFO: - Train metrics: dsc: 0.911 ; iou: 0.856 ; accuracy: 0.999 ; precision: 0.908 ; recall: 0.939 ; loss: 0.109
2019-01-11 15:01:14,775:INFO: - Eval metrics : dsc: 0.895 ; iou: 0.835 ; accuracy: 0.999 ; precision: 0.907 ; recall: 0.918 ; loss: 0.129
2019-01-11 15:01:14,805:INFO: Epoch 28/45
2019-01-11 15:01:25,082:INFO: - Train metrics: dsc: 0.911 ; iou: 0.856 ; accuracy: 0.999 ; precision: 0.913 ; recall: 0.935 ; loss: 0.109
2019-01-11 15:01:26,262:INFO: - Eval metrics : dsc: 0.897 ; iou: 0.839 ; accuracy: 0.999 ; precision: 0.881 ; recall: 0.943 ; loss: 0.125
2019-01-11 15:01:26,318:INFO: - Found new best DSC
2019-01-11 15:01:26,318:INFO: Epoch 29/45
2019-01-11 15:01:36,645:INFO: - Train metrics: dsc: 0.914 ; iou: 0.861 ; accuracy: 0.999 ; precision: 0.910 ; recall: 0.942 ; loss: 0.103
2019-01-11 15:01:37,763:INFO: - Eval metrics : dsc: 0.895 ; iou: 0.835 ; accuracy: 0.999 ; precision: 0.921 ; recall: 0.904 ; loss: 0.125
2019-01-11 15:01:37,799:INFO: Epoch 30/45
2019-01-11 15:01:48,183:INFO: - Train metrics: dsc: 0.919 ; iou: 0.866 ; accuracy: 0.999 ; precision: 0.919 ; recall: 0.940 ; loss: 0.099
2019-01-11 15:01:49,309:INFO: - Eval metrics : dsc: 0.892 ; iou: 0.837 ; accuracy: 0.999 ; precision: 0.897 ; recall: 0.930 ; loss: 0.121
2019-01-11 15:01:49,341:INFO: Epoch 31/45
2019-01-11 15:01:59,718:INFO: - Train metrics: dsc: 0.919 ; iou: 0.868 ; accuracy: 0.999 ; precision: 0.918 ; recall: 0.942 ; loss: 0.095
2019-01-11 15:02:00,903:INFO: - Eval metrics : dsc: 0.898 ; iou: 0.844 ; accuracy: 0.999 ; precision: 0.918 ; recall: 0.916 ; loss: 0.118
2019-01-11 15:02:00,933:INFO: - Found new best DSC
2019-01-11 15:02:00,933:INFO: Epoch 32/45
2019-01-11 15:02:11,308:INFO: - Train metrics: dsc: 0.909 ; iou: 0.855 ; accuracy: 0.999 ; precision: 0.917 ; recall: 0.929 ; loss: 0.102
2019-01-11 15:02:12,506:INFO: - Eval metrics : dsc: 0.848 ; iou: 0.775 ; accuracy: 0.998 ; precision: 0.830 ; recall: 0.915 ; loss: 0.165
2019-01-11 15:02:12,533:INFO: Epoch 33/45
2019-01-11 15:02:22,970:INFO: - Train metrics: dsc: 0.886 ; iou: 0.824 ; accuracy: 0.999 ; precision: 0.894 ; recall: 0.914 ; loss: 0.124
2019-01-11 15:02:24,080:INFO: - Eval metrics : dsc: 0.883 ; iou: 0.825 ; accuracy: 0.999 ; precision: 0.895 ; recall: 0.916 ; loss: 0.126
2019-01-11 15:02:24,109:INFO: Epoch 34/45
2019-01-11 15:02:34,662:INFO: - Train metrics: dsc: 0.915 ; iou: 0.860 ; accuracy: 0.999 ; precision: 0.914 ; recall: 0.938 ; loss: 0.097
2019-01-11 15:02:35,795:INFO: - Eval metrics : dsc: 0.897 ; iou: 0.840 ; accuracy: 0.999 ; precision: 0.904 ; recall: 0.924 ; loss: 0.112
2019-01-11 15:02:35,826:INFO: Epoch 35/45
2019-01-11 15:02:46,346:INFO: - Train metrics: dsc: 0.912 ; iou: 0.855 ; accuracy: 0.999 ; precision: 0.912 ; recall: 0.931 ; loss: 0.097
2019-01-11 15:02:47,500:INFO: - Eval metrics : dsc: 0.891 ; iou: 0.834 ; accuracy: 0.999 ; precision: 0.884 ; recall: 0.938 ; loss: 0.121
2019-01-11 15:02:47,523:INFO: Epoch 36/45
2019-01-11 15:02:57,986:INFO: - Train metrics: dsc: 0.921 ; iou: 0.867 ; accuracy: 0.999 ; precision: 0.918 ; recall: 0.940 ; loss: 0.085
2019-01-11 15:02:59,096:INFO: - Eval metrics : dsc: 0.893 ; iou: 0.834 ; accuracy: 0.999 ; precision: 0.919 ; recall: 0.904 ; loss: 0.108
2019-01-11 15:02:59,126:INFO: Epoch 37/45
2019-01-11 15:03:09,561:INFO: - Train metrics: dsc: 0.920 ; iou: 0.867 ; accuracy: 0.999 ; precision: 0.919 ; recall: 0.938 ; loss: 0.080
2019-01-11 15:03:10,732:INFO: - Eval metrics : dsc: 0.890 ; iou: 0.834 ; accuracy: 0.999 ; precision: 0.936 ; recall: 0.883 ; loss: 0.106
2019-01-11 15:03:10,764:INFO: Epoch 38/45
2019-01-11 15:03:21,207:INFO: - Train metrics: dsc: 0.904 ; iou: 0.847 ; accuracy: 0.999 ; precision: 0.912 ; recall: 0.927 ; loss: 0.092
2019-01-11 15:03:22,405:INFO: - Eval metrics : dsc: 0.891 ; iou: 0.832 ; accuracy: 0.999 ; precision: 0.905 ; recall: 0.916 ; loss: 0.111
2019-01-11 15:03:22,442:INFO: Epoch 39/45
2019-01-11 15:03:32,793:INFO: - Train metrics: dsc: 0.904 ; iou: 0.847 ; accuracy: 0.999 ; precision: 0.917 ; recall: 0.921 ; loss: 0.090
2019-01-11 15:03:33,928:INFO: - Eval metrics : dsc: 0.883 ; iou: 0.826 ; accuracy: 0.999 ; precision: 0.899 ; recall: 0.916 ; loss: 0.100
2019-01-11 15:03:33,969:INFO: Epoch 40/45
2019-01-11 15:03:44,391:INFO: - Train metrics: dsc: 0.896 ; iou: 0.839 ; accuracy: 0.999 ; precision: 0.916 ; recall: 0.913 ; loss: 0.094
2019-01-11 15:03:45,579:INFO: - Eval metrics : dsc: 0.827 ; iou: 0.744 ; accuracy: 0.998 ; precision: 0.795 ; recall: 0.935 ; loss: 0.159
2019-01-11 15:03:45,609:INFO: Epoch 41/45
2019-01-11 15:03:55,922:INFO: - Train metrics: dsc: 0.897 ; iou: 0.835 ; accuracy: 0.999 ; precision: 0.906 ; recall: 0.920 ; loss: 0.093
2019-01-11 15:03:57,080:INFO: - Eval metrics : dsc: 0.875 ; iou: 0.813 ; accuracy: 0.999 ; precision: 0.930 ; recall: 0.873 ; loss: 0.123
2019-01-11 15:03:57,108:INFO: Epoch 42/45
2019-01-11 15:04:07,458:INFO: - Train metrics: dsc: 0.894 ; iou: 0.834 ; accuracy: 0.999 ; precision: 0.907 ; recall: 0.915 ; loss: 0.094
2019-01-11 15:04:08,635:INFO: - Eval metrics : dsc: 0.772 ; iou: 0.673 ; accuracy: 0.997 ; precision: 0.702 ; recall: 0.918 ; loss: 0.234
2019-01-11 15:04:08,665:INFO: Epoch 43/45
2019-01-11 15:04:19,022:INFO: - Train metrics: dsc: 0.892 ; iou: 0.832 ; accuracy: 0.999 ; precision: 0.910 ; recall: 0.910 ; loss: 0.095
2019-01-11 15:04:20,189:INFO: - Eval metrics : dsc: 0.885 ; iou: 0.825 ; accuracy: 0.999 ; precision: 0.939 ; recall: 0.874 ; loss: 0.100
2019-01-11 15:04:20,222:INFO: Epoch 44/45
2019-01-11 15:04:30,658:INFO: - Train metrics: dsc: 0.898 ; iou: 0.836 ; accuracy: 0.999 ; precision: 0.905 ; recall: 0.922 ; loss: 0.088
2019-01-11 15:04:31,831:INFO: - Eval metrics : dsc: 0.885 ; iou: 0.826 ; accuracy: 0.999 ; precision: 0.933 ; recall: 0.883 ; loss: 0.089
2019-01-11 15:04:31,877:INFO: Epoch 45/45
2019-01-11 15:04:42,270:INFO: - Train metrics: dsc: 0.905 ; iou: 0.849 ; accuracy: 0.999 ; precision: 0.915 ; recall: 0.924 ; loss: 0.076
2019-01-11 15:04:43,420:INFO: - Eval metrics : dsc: 0.897 ; iou: 0.841 ; accuracy: 0.999 ; precision: 0.923 ; recall: 0.908 ; loss: 0.092
2019-01-11 15:04:43,544:INFO: Loading the datasets...
2019-01-11 15:04:47,937:INFO: - done.
2019-01-11 15:04:47,937:INFO: For k-fold 3/5:
2019-01-11 15:04:47,937:INFO: Starting training for 45 epoch(s)
2019-01-11 15:04:47,937:INFO: Epoch 1/45
2019-01-11 15:04:58,173:INFO: - Train metrics: dsc: 0.180 ; iou: 0.109 ; accuracy: 0.891 ; precision: 0.109 ; recall: 0.905 ; loss: 0.963
2019-01-11 15:04:59,336:INFO: - Eval metrics : dsc: 0.712 ; iou: 0.600 ; accuracy: 0.996 ; precision: 0.694 ; recall: 0.837 ; loss: 0.956
2019-01-11 15:04:59,368:INFO: - Found new best DSC
2019-01-11 15:04:59,369:INFO: Epoch 2/45
2019-01-11 15:05:09,722:INFO: - Train metrics: dsc: 0.532 ; iou: 0.390 ; accuracy: 0.988 ; precision: 0.392 ; recall: 0.971 ; loss: 0.949
2019-01-11 15:05:10,842:INFO: - Eval metrics : dsc: 0.664 ; iou: 0.523 ; accuracy: 0.994 ; precision: 0.532 ; recall: 0.970 ; loss: 0.943
2019-01-11 15:05:10,877:INFO: Epoch 3/45
2019-01-11 15:05:21,196:INFO: - Train metrics: dsc: 0.639 ; iou: 0.502 ; accuracy: 0.993 ; precision: 0.510 ; recall: 0.978 ; loss: 0.940
2019-01-11 15:05:22,318:INFO: - Eval metrics : dsc: 0.678 ; iou: 0.540 ; accuracy: 0.994 ; precision: 0.544 ; recall: 0.982 ; loss: 0.932
2019-01-11 15:05:22,341:INFO: Epoch 4/45
2019-01-11 15:05:32,782:INFO: - Train metrics: dsc: 0.662 ; iou: 0.529 ; accuracy: 0.994 ; precision: 0.534 ; recall: 0.979 ; loss: 0.928
2019-01-11 15:05:33,970:INFO: - Eval metrics : dsc: 0.691 ; iou: 0.563 ; accuracy: 0.994 ; precision: 0.575 ; recall: 0.955 ; loss: 0.906
2019-01-11 15:05:33,994:INFO: Epoch 5/45
2019-01-11 15:05:44,302:INFO: - Train metrics: dsc: 0.670 ; iou: 0.542 ; accuracy: 0.994 ; precision: 0.550 ; recall: 0.975 ; loss: 0.906
2019-01-11 15:05:45,469:INFO: - Eval metrics : dsc: 0.724 ; iou: 0.612 ; accuracy: 0.996 ; precision: 0.645 ; recall: 0.919 ; loss: 0.842
2019-01-11 15:05:45,504:INFO: - Found new best DSC
2019-01-11 15:05:45,504:INFO: Epoch 6/45
2019-01-11 15:05:55,882:INFO: - Train metrics: dsc: 0.651 ; iou: 0.534 ; accuracy: 0.992 ; precision: 0.545 ; recall: 0.959 ; loss: 0.863
2019-01-11 15:05:57,019:INFO: - Eval metrics : dsc: 0.626 ; iou: 0.517 ; accuracy: 0.984 ; precision: 0.545 ; recall: 0.939 ; loss: 0.794
2019-01-11 15:05:57,050:INFO: Epoch 7/45
2019-01-11 15:06:07,417:INFO: - Train metrics: dsc: 0.665 ; iou: 0.559 ; accuracy: 0.992 ; precision: 0.574 ; recall: 0.958 ; loss: 0.791
2019-01-11 15:06:08,561:INFO: - Eval metrics : dsc: 0.780 ; iou: 0.694 ; accuracy: 0.997 ; precision: 0.798 ; recall: 0.852 ; loss: 0.514
2019-01-11 15:06:08,592:INFO: - Found new best DSC
2019-01-11 15:06:08,592:INFO: Epoch 8/45
2019-01-11 15:06:19,020:INFO: - Train metrics: dsc: 0.657 ; iou: 0.555 ; accuracy: 0.991 ; precision: 0.583 ; recall: 0.933 ; loss: 0.718
2019-01-11 15:06:20,205:INFO: - Eval metrics : dsc: 0.687 ; iou: 0.576 ; accuracy: 0.993 ; precision: 0.598 ; recall: 0.943 ; loss: 0.697
2019-01-11 15:06:20,234:INFO: Epoch 9/45
2019-01-11 15:06:30,590:INFO: - Train metrics: dsc: 0.711 ; iou: 0.610 ; accuracy: 0.994 ; precision: 0.636 ; recall: 0.952 ; loss: 0.656
2019-01-11 15:06:31,728:INFO: - Eval metrics : dsc: 0.564 ; iou: 0.456 ; accuracy: 0.984 ; precision: 0.466 ; recall: 0.952 ; loss: 0.801
2019-01-11 15:06:31,770:INFO: Epoch 10/45
2019-01-11 15:06:42,146:INFO: - Train metrics: dsc: 0.744 ; iou: 0.648 ; accuracy: 0.995 ; precision: 0.684 ; recall: 0.937 ; loss: 0.612
2019-01-11 15:06:43,335:INFO: - Eval metrics : dsc: 0.562 ; iou: 0.466 ; accuracy: 0.977 ; precision: 0.489 ; recall: 0.929 ; loss: 0.677
2019-01-11 15:06:43,378:INFO: Epoch 11/45
2019-01-11 15:06:53,819:INFO: - Train metrics: dsc: 0.766 ; iou: 0.677 ; accuracy: 0.996 ; precision: 0.714 ; recall: 0.937 ; loss: 0.566
2019-01-11 15:06:54,958:INFO: - Eval metrics : dsc: 0.854 ; iou: 0.775 ; accuracy: 0.998 ; precision: 0.820 ; recall: 0.931 ; loss: 0.525
2019-01-11 15:06:54,997:INFO: - Found new best DSC
2019-01-11 15:06:54,997:INFO: Epoch 12/45
2019-01-11 15:07:05,343:INFO: - Train metrics: dsc: 0.814 ; iou: 0.733 ; accuracy: 0.998 ; precision: 0.773 ; recall: 0.940 ; loss: 0.506
2019-01-11 15:07:06,485:INFO: - Eval metrics : dsc: 0.855 ; iou: 0.774 ; accuracy: 0.998 ; precision: 0.837 ; recall: 0.916 ; loss: 0.502
2019-01-11 15:07:06,518:INFO: - Found new best DSC
2019-01-11 15:07:06,519:INFO: Epoch 13/45
2019-01-11 15:07:16,897:INFO: - Train metrics: dsc: 0.850 ; iou: 0.781 ; accuracy: 0.999 ; precision: 0.831 ; recall: 0.935 ; loss: 0.403
2019-01-11 15:07:18,027:INFO: - Eval metrics : dsc: 0.890 ; iou: 0.827 ; accuracy: 0.999 ; precision: 0.910 ; recall: 0.905 ; loss: 0.315
2019-01-11 15:07:18,058:INFO: - Found new best DSC
2019-01-11 15:07:18,058:INFO: Epoch 14/45
2019-01-11 15:07:28,524:INFO: - Train metrics: dsc: 0.875 ; iou: 0.813 ; accuracy: 0.999 ; precision: 0.864 ; recall: 0.936 ; loss: 0.293
2019-01-11 15:07:29,727:INFO: - Eval metrics : dsc: 0.900 ; iou: 0.840 ; accuracy: 0.999 ; precision: 0.923 ; recall: 0.903 ; loss: 0.243
2019-01-11 15:07:29,763:INFO: - Found new best DSC
2019-01-11 15:07:29,763:INFO: Epoch 15/45
2019-01-11 15:07:40,202:INFO: - Train metrics: dsc: 0.879 ; iou: 0.819 ; accuracy: 0.999 ; precision: 0.875 ; recall: 0.934 ; loss: 0.233
2019-01-11 15:07:41,308:INFO: - Eval metrics : dsc: 0.904 ; iou: 0.845 ; accuracy: 0.999 ; precision: 0.907 ; recall: 0.923 ; loss: 0.206
2019-01-11 15:07:41,348:INFO: - Found new best DSC
2019-01-11 15:07:41,348:INFO: Epoch 16/45
2019-01-11 15:07:51,578:INFO: - Train metrics: dsc: 0.889 ; iou: 0.831 ; accuracy: 0.999 ; precision: 0.884 ; recall: 0.935 ; loss: 0.198
2019-01-11 15:07:52,725:INFO: - Eval metrics : dsc: 0.907 ; iou: 0.850 ; accuracy: 0.999 ; precision: 0.912 ; recall: 0.928 ; loss: 0.170
2019-01-11 15:07:52,759:INFO: - Found new best DSC
2019-01-11 15:07:52,759:INFO: Epoch 17/45
2019-01-11 15:08:03,113:INFO: - Train metrics: dsc: 0.896 ; iou: 0.840 ; accuracy: 0.999 ; precision: 0.894 ; recall: 0.938 ; loss: 0.174
2019-01-11 15:08:04,300:INFO: - Eval metrics : dsc: 0.910 ; iou: 0.853 ; accuracy: 0.999 ; precision: 0.911 ; recall: 0.928 ; loss: 0.164
2019-01-11 15:08:04,331:INFO: - Found new best DSC
2019-01-11 15:08:04,332:INFO: Epoch 18/45
2019-01-11 15:08:14,774:INFO: - Train metrics: dsc: 0.886 ; iou: 0.827 ; accuracy: 0.999 ; precision: 0.885 ; recall: 0.931 ; loss: 0.166
2019-01-11 15:08:15,919:INFO: - Eval metrics : dsc: 0.889 ; iou: 0.829 ; accuracy: 0.999 ; precision: 0.885 ; recall: 0.920 ; loss: 0.152
2019-01-11 15:08:15,951:INFO: Epoch 19/45
2019-01-11 15:08:26,265:INFO: - Train metrics: dsc: 0.883 ; iou: 0.820 ; accuracy: 0.999 ; precision: 0.888 ; recall: 0.920 ; loss: 0.164
2019-01-11 15:08:27,445:INFO: - Eval metrics : dsc: 0.896 ; iou: 0.836 ; accuracy: 0.999 ; precision: 0.911 ; recall: 0.909 ; loss: 0.143
2019-01-11 15:08:27,468:INFO: Epoch 20/45
2019-01-11 15:08:37,907:INFO: - Train metrics: dsc: 0.893 ; iou: 0.836 ; accuracy: 0.999 ; precision: 0.889 ; recall: 0.937 ; loss: 0.146
2019-01-11 15:08:39,064:INFO: - Eval metrics : dsc: 0.892 ; iou: 0.832 ; accuracy: 0.999 ; precision: 0.927 ; recall: 0.891 ; loss: 0.138
2019-01-11 15:08:39,096:INFO: Epoch 21/45
2019-01-11 15:08:49,482:INFO: - Train metrics: dsc: 0.901 ; iou: 0.845 ; accuracy: 0.999 ; precision: 0.900 ; recall: 0.936 ; loss: 0.137
2019-01-11 15:08:50,660:INFO: - Eval metrics : dsc: 0.904 ; iou: 0.847 ; accuracy: 0.999 ; precision: 0.935 ; recall: 0.901 ; loss: 0.130
2019-01-11 15:08:50,687:INFO: Epoch 22/45
2019-01-11 15:09:01,005:INFO: - Train metrics: dsc: 0.901 ; iou: 0.847 ; accuracy: 0.999 ; precision: 0.900 ; recall: 0.939 ; loss: 0.130
2019-01-11 15:09:02,151:INFO: - Eval metrics : dsc: 0.896 ; iou: 0.840 ; accuracy: 0.999 ; precision: 0.923 ; recall: 0.901 ; loss: 0.126
2019-01-11 15:09:02,182:INFO: Epoch 23/45
2019-01-11 15:09:12,615:INFO: - Train metrics: dsc: 0.907 ; iou: 0.852 ; accuracy: 0.999 ; precision: 0.904 ; recall: 0.938 ; loss: 0.126
2019-01-11 15:09:13,739:INFO: - Eval metrics : dsc: 0.911 ; iou: 0.856 ; accuracy: 0.999 ; precision: 0.927 ; recall: 0.920 ; loss: 0.120
2019-01-11 15:09:13,772:INFO: - Found new best DSC
2019-01-11 15:09:13,772:INFO: Epoch 24/45
2019-01-11 15:09:24,156:INFO: - Train metrics: dsc: 0.910 ; iou: 0.857 ; accuracy: 0.999 ; precision: 0.907 ; recall: 0.941 ; loss: 0.120
2019-01-11 15:09:25,318:INFO: - Eval metrics : dsc: 0.901 ; iou: 0.845 ; accuracy: 0.999 ; precision: 0.896 ; recall: 0.929 ; loss: 0.122
2019-01-11 15:09:25,351:INFO: Epoch 25/45
2019-01-11 15:09:35,757:INFO: - Train metrics: dsc: 0.912 ; iou: 0.859 ; accuracy: 0.999 ; precision: 0.912 ; recall: 0.939 ; loss: 0.117
2019-01-11 15:09:36,858:INFO: - Eval metrics : dsc: 0.903 ; iou: 0.842 ; accuracy: 0.999 ; precision: 0.891 ; recall: 0.942 ; loss: 0.125
2019-01-11 15:09:36,889:INFO: Epoch 26/45
2019-01-11 15:09:47,274:INFO: - Train metrics: dsc: 0.906 ; iou: 0.853 ; accuracy: 0.999 ; precision: 0.912 ; recall: 0.933 ; loss: 0.118
2019-01-11 15:09:48,392:INFO: - Eval metrics : dsc: 0.910 ; iou: 0.855 ; accuracy: 0.999 ; precision: 0.916 ; recall: 0.920 ; loss: 0.117
2019-01-11 15:09:48,420:INFO: Epoch 27/45
2019-01-11 15:09:58,750:INFO: - Train metrics: dsc: 0.909 ; iou: 0.855 ; accuracy: 0.999 ; precision: 0.910 ; recall: 0.937 ; loss: 0.116
2019-01-11 15:09:59,877:INFO: - Eval metrics : dsc: 0.895 ; iou: 0.833 ; accuracy: 0.999 ; precision: 0.899 ; recall: 0.919 ; loss: 0.126
2019-01-11 15:09:59,906:INFO: Epoch 28/45
2019-01-11 15:10:10,207:INFO: - Train metrics: dsc: 0.914 ; iou: 0.860 ; accuracy: 0.999 ; precision: 0.915 ; recall: 0.936 ; loss: 0.110
2019-01-11 15:10:11,381:INFO: - Eval metrics : dsc: 0.904 ; iou: 0.849 ; accuracy: 0.999 ; precision: 0.941 ; recall: 0.898 ; loss: 0.117
2019-01-11 15:10:11,411:INFO: Epoch 29/45
2019-01-11 15:10:21,795:INFO: - Train metrics: dsc: 0.910 ; iou: 0.855 ; accuracy: 0.999 ; precision: 0.912 ; recall: 0.934 ; loss: 0.111
2019-01-11 15:10:22,927:INFO: - Eval metrics : dsc: 0.903 ; iou: 0.848 ; accuracy: 0.999 ; precision: 0.906 ; recall: 0.927 ; loss: 0.109
2019-01-11 15:10:22,956:INFO: Epoch 30/45
2019-01-11 15:10:33,377:INFO: - Train metrics: dsc: 0.904 ; iou: 0.849 ; accuracy: 0.999 ; precision: 0.906 ; recall: 0.934 ; loss: 0.113
2019-01-11 15:10:34,581:INFO: - Eval metrics : dsc: 0.897 ; iou: 0.840 ; accuracy: 0.999 ; precision: 0.920 ; recall: 0.910 ; loss: 0.113
2019-01-11 15:10:34,625:INFO: Epoch 31/45
2019-01-11 15:10:44,937:INFO: - Train metrics: dsc: 0.910 ; iou: 0.856 ; accuracy: 0.999 ; precision: 0.910 ; recall: 0.938 ; loss: 0.106
2019-01-11 15:10:46,031:INFO: - Eval metrics : dsc: 0.907 ; iou: 0.851 ; accuracy: 0.999 ; precision: 0.908 ; recall: 0.932 ; loss: 0.104
2019-01-11 15:10:46,059:INFO: Epoch 32/45
2019-01-11 15:10:56,400:INFO: - Train metrics: dsc: 0.920 ; iou: 0.869 ; accuracy: 0.999 ; precision: 0.919 ; recall: 0.941 ; loss: 0.097
2019-01-11 15:10:57,568:INFO: - Eval metrics : dsc: 0.906 ; iou: 0.852 ; accuracy: 0.999 ; precision: 0.931 ; recall: 0.912 ; loss: 0.108
2019-01-11 15:10:57,605:INFO: Epoch 33/45
2019-01-11 15:11:08,082:INFO: - Train metrics: dsc: 0.916 ; iou: 0.864 ; accuracy: 0.999 ; precision: 0.922 ; recall: 0.934 ; loss: 0.097
2019-01-11 15:11:09,193:INFO: - Eval metrics : dsc: 0.914 ; iou: 0.858 ; accuracy: 0.999 ; precision: 0.911 ; recall: 0.935 ; loss: 0.098
2019-01-11 15:11:09,226:INFO: - Found new best DSC
2019-01-11 15:11:09,226:INFO: Epoch 34/45
2019-01-11 15:11:19,574:INFO: - Train metrics: dsc: 0.911 ; iou: 0.857 ; accuracy: 0.999 ; precision: 0.916 ; recall: 0.931 ; loss: 0.098
2019-01-11 15:11:20,756:INFO: - Eval metrics : dsc: 0.909 ; iou: 0.850 ; accuracy: 0.999 ; precision: 0.919 ; recall: 0.920 ; loss: 0.099
2019-01-11 15:11:20,784:INFO: Epoch 35/45
2019-01-11 15:11:31,041:INFO: - Train metrics: dsc: 0.911 ; iou: 0.855 ; accuracy: 0.999 ; precision: 0.917 ; recall: 0.929 ; loss: 0.097
2019-01-11 15:11:32,156:INFO: - Eval metrics : dsc: 0.777 ; iou: 0.670 ; accuracy: 0.997 ; precision: 0.682 ; recall: 0.968 ; loss: 0.225
2019-01-11 15:11:32,183:INFO: Epoch 36/45
2019-01-11 15:11:42,509:INFO: - Train metrics: dsc: 0.886 ; iou: 0.822 ; accuracy: 0.999 ; precision: 0.901 ; recall: 0.909 ; loss: 0.118
2019-01-11 15:11:43,651:INFO: - Eval metrics : dsc: 0.889 ; iou: 0.827 ; accuracy: 0.999 ; precision: 0.941 ; recall: 0.876 ; loss: 0.117
2019-01-11 15:11:43,680:INFO: Epoch 37/45
2019-01-11 15:11:54,021:INFO: - Train metrics: dsc: 0.915 ; iou: 0.860 ; accuracy: 0.999 ; precision: 0.918 ; recall: 0.933 ; loss: 0.086
2019-01-11 15:11:55,198:INFO: - Eval metrics : dsc: 0.910 ; iou: 0.852 ; accuracy: 0.999 ; precision: 0.936 ; recall: 0.906 ; loss: 0.093
2019-01-11 15:11:55,221:INFO: Epoch 38/45
2019-01-11 15:12:05,684:INFO: - Train metrics: dsc: 0.919 ; iou: 0.866 ; accuracy: 0.999 ; precision: 0.919 ; recall: 0.938 ; loss: 0.074
2019-01-11 15:12:06,869:INFO: - Eval metrics : dsc: 0.902 ; iou: 0.842 ; accuracy: 0.999 ; precision: 0.909 ; recall: 0.921 ; loss: 0.099
2019-01-11 15:12:06,906:INFO: Epoch 39/45
2019-01-11 15:12:17,330:INFO: - Train metrics: dsc: 0.914 ; iou: 0.859 ; accuracy: 0.999 ; precision: 0.920 ; recall: 0.931 ; loss: 0.075
2019-01-11 15:12:18,477:INFO: - Eval metrics : dsc: 0.904 ; iou: 0.846 ; accuracy: 0.999 ; precision: 0.921 ; recall: 0.915 ; loss: 0.085
2019-01-11 15:12:18,505:INFO: Epoch 40/45
2019-01-11 15:12:28,823:INFO: - Train metrics: dsc: 0.913 ; iou: 0.859 ; accuracy: 0.999 ; precision: 0.916 ; recall: 0.935 ; loss: 0.072
2019-01-11 15:12:29,947:INFO: - Eval metrics : dsc: 0.905 ; iou: 0.846 ; accuracy: 0.999 ; precision: 0.898 ; recall: 0.933 ; loss: 0.088
2019-01-11 15:12:29,977:INFO: Epoch 41/45
2019-01-11 15:12:40,312:INFO: - Train metrics: dsc: 0.903 ; iou: 0.848 ; accuracy: 0.999 ; precision: 0.919 ; recall: 0.918 ; loss: 0.080
2019-01-11 15:12:41,531:INFO: - Eval metrics : dsc: 0.878 ; iou: 0.813 ; accuracy: 0.999 ; precision: 0.881 ; recall: 0.913 ; loss: 0.119
2019-01-11 15:12:41,557:INFO: Epoch 42/45
2019-01-11 15:12:52,003:INFO: - Train metrics: dsc: 0.884 ; iou: 0.820 ; accuracy: 0.999 ; precision: 0.903 ; recall: 0.903 ; loss: 0.104
2019-01-11 15:12:53,147:INFO: - Eval metrics : dsc: 0.813 ; iou: 0.718 ; accuracy: 0.997 ; precision: 0.741 ; recall: 0.949 ; loss: 0.186
2019-01-11 15:12:53,170:INFO: Epoch 43/45
2019-01-11 15:13:03,596:INFO: - Train metrics: dsc: 0.872 ; iou: 0.803 ; accuracy: 0.999 ; precision: 0.891 ; recall: 0.898 ; loss: 0.113
2019-01-11 15:13:04,722:INFO: - Eval metrics : dsc: 0.896 ; iou: 0.833 ; accuracy: 0.999 ; precision: 0.928 ; recall: 0.894 ; loss: 0.092
2019-01-11 15:13:04,753:INFO: Epoch 44/45
2019-01-11 15:13:15,054:INFO: - Train metrics: dsc: 0.906 ; iou: 0.848 ; accuracy: 0.999 ; precision: 0.913 ; recall: 0.925 ; loss: 0.073
2019-01-11 15:13:16,200:INFO: - Eval metrics : dsc: 0.905 ; iou: 0.846 ; accuracy: 0.999 ; precision: 0.938 ; recall: 0.899 ; loss: 0.084
2019-01-11 15:13:16,227:INFO: Epoch 45/45
2019-01-11 15:13:26,498:INFO: - Train metrics: dsc: 0.796 ; iou: 0.728 ; accuracy: 0.998 ; precision: 0.889 ; recall: 0.814 ; loss: 0.187
2019-01-11 15:13:27,714:INFO: - Eval metrics : dsc: 0.841 ; iou: 0.763 ; accuracy: 0.998 ; precision: 0.836 ; recall: 0.888 ; loss: 0.154
2019-01-11 15:13:27,813:INFO: Loading the datasets...
2019-01-11 15:13:32,191:INFO: - done.
2019-01-11 15:13:32,191:INFO: For k-fold 4/5:
2019-01-11 15:13:32,191:INFO: Starting training for 45 epoch(s)
2019-01-11 15:13:32,191:INFO: Epoch 1/45
2019-01-11 15:13:42,459:INFO: - Train metrics: dsc: 0.165 ; iou: 0.098 ; accuracy: 0.886 ; precision: 0.099 ; recall: 0.907 ; loss: 0.964
2019-01-11 15:13:43,592:INFO: - Eval metrics : dsc: 0.346 ; iou: 0.225 ; accuracy: 0.971 ; precision: 0.226 ; recall: 0.934 ; loss: 0.955
2019-01-11 15:13:43,631:INFO: - Found new best DSC
2019-01-11 15:13:43,632:INFO: Epoch 2/45
2019-01-11 15:13:53,971:INFO: - Train metrics: dsc: 0.521 ; iou: 0.378 ; accuracy: 0.987 ; precision: 0.378 ; recall: 0.974 ; loss: 0.949
2019-01-11 15:13:55,079:INFO: - Eval metrics : dsc: 0.631 ; iou: 0.490 ; accuracy: 0.993 ; precision: 0.493 ; recall: 0.970 ; loss: 0.946
2019-01-11 15:13:55,118:INFO: - Found new best DSC
2019-01-11 15:13:55,118:INFO: Epoch 3/45
2019-01-11 15:14:05,473:INFO: - Train metrics: dsc: 0.641 ; iou: 0.502 ; accuracy: 0.993 ; precision: 0.505 ; recall: 0.978 ; loss: 0.939
2019-01-11 15:14:06,598:INFO: - Eval metrics : dsc: 0.687 ; iou: 0.553 ; accuracy: 0.995 ; precision: 0.569 ; recall: 0.964 ; loss: 0.936
2019-01-11 15:14:06,632:INFO: - Found new best DSC
2019-01-11 15:14:06,632:INFO: Epoch 4/45
2019-01-11 15:14:16,869:INFO: - Train metrics: dsc: 0.681 ; iou: 0.549 ; accuracy: 0.994 ; precision: 0.555 ; recall: 0.979 ; loss: 0.926
2019-01-11 15:14:18,017:INFO: - Eval metrics : dsc: 0.571 ; iou: 0.435 ; accuracy: 0.989 ; precision: 0.436 ; recall: 0.957 ; loss: 0.910
2019-01-11 15:14:18,046:INFO: Epoch 5/45
2019-01-11 15:14:28,506:INFO: - Train metrics: dsc: 0.664 ; iou: 0.537 ; accuracy: 0.993 ; precision: 0.540 ; recall: 0.975 ; loss: 0.904
2019-01-11 15:14:29,669:INFO: - Eval metrics : dsc: 0.710 ; iou: 0.601 ; accuracy: 0.996 ; precision: 0.715 ; recall: 0.842 ; loss: 0.755
2019-01-11 15:14:29,697:INFO: - Found new best DSC
2019-01-11 15:14:29,697:INFO: Epoch 6/45
2019-01-11 15:14:39,998:INFO: - Train metrics: dsc: 0.670 ; iou: 0.554 ; accuracy: 0.993 ; precision: 0.565 ; recall: 0.964 ; loss: 0.853
2019-01-11 15:14:41,126:INFO: - Eval metrics : dsc: 0.503 ; iou: 0.418 ; accuracy: 0.995 ; precision: 0.952 ; recall: 0.453 ; loss: 0.802
2019-01-11 15:14:41,155:INFO: Epoch 7/45
2019-01-11 15:14:51,659:INFO: - Train metrics: dsc: 0.621 ; iou: 0.512 ; accuracy: 0.989 ; precision: 0.530 ; recall: 0.955 ; loss: 0.788
2019-01-11 15:14:52,800:INFO: - Eval metrics : dsc: 0.785 ; iou: 0.702 ; accuracy: 0.997 ; precision: 0.799 ; recall: 0.867 ; loss: 0.508
2019-01-11 15:14:52,830:INFO: - Found new best DSC
2019-01-11 15:14:52,830:INFO: Epoch 8/45
2019-01-11 15:15:03,225:INFO: - Train metrics: dsc: 0.648 ; iou: 0.543 ; accuracy: 0.991 ; precision: 0.567 ; recall: 0.941 ; loss: 0.707
2019-01-11 15:15:04,362:INFO: - Eval metrics : dsc: 0.634 ; iou: 0.506 ; accuracy: 0.992 ; precision: 0.511 ; recall: 0.958 ; loss: 0.559
2019-01-11 15:15:04,396:INFO: Epoch 9/45
2019-01-11 15:15:14,707:INFO: - Train metrics: dsc: 0.697 ; iou: 0.594 ; accuracy: 0.993 ; precision: 0.621 ; recall: 0.936 ; loss: 0.664
2019-01-11 15:15:15,871:INFO: - Eval metrics : dsc: 0.794 ; iou: 0.708 ; accuracy: 0.997 ; precision: 0.763 ; recall: 0.910 ; loss: 0.523
2019-01-11 15:15:15,902:INFO: - Found new best DSC
2019-01-11 15:15:15,902:INFO: Epoch 10/45
2019-01-11 15:15:26,206:INFO: - Train metrics: dsc: 0.755 ; iou: 0.661 ; accuracy: 0.996 ; precision: 0.687 ; recall: 0.942 ; loss: 0.624
2019-01-11 15:15:27,369:INFO: - Eval metrics : dsc: 0.794 ; iou: 0.713 ; accuracy: 0.997 ; precision: 0.770 ; recall: 0.902 ; loss: 0.490
2019-01-11 15:15:27,401:INFO: - Found new best DSC
2019-01-11 15:15:27,401:INFO: Epoch 11/45
2019-01-11 15:15:37,766:INFO: - Train metrics: dsc: 0.783 ; iou: 0.694 ; accuracy: 0.997 ; precision: 0.726 ; recall: 0.938 ; loss: 0.575
2019-01-11 15:15:38,940:INFO: - Eval metrics : dsc: 0.851 ; iou: 0.777 ; accuracy: 0.998 ; precision: 0.869 ; recall: 0.884 ; loss: 0.468
2019-01-11 15:15:38,977:INFO: - Found new best DSC
2019-01-11 15:15:38,977:INFO: Epoch 12/45
2019-01-11 15:15:49,362:INFO: - Train metrics: dsc: 0.844 ; iou: 0.770 ; accuracy: 0.998 ; precision: 0.819 ; recall: 0.936 ; loss: 0.481
2019-01-11 15:15:50,533:INFO: - Eval metrics : dsc: 0.873 ; iou: 0.805 ; accuracy: 0.999 ; precision: 0.868 ; recall: 0.922 ; loss: 0.370
2019-01-11 15:15:50,570:INFO: - Found new best DSC
2019-01-11 15:15:50,571:INFO: Epoch 13/45
2019-01-11 15:16:00,979:INFO: - Train metrics: dsc: 0.868 ; iou: 0.803 ; accuracy: 0.999 ; precision: 0.852 ; recall: 0.937 ; loss: 0.356
2019-01-11 15:16:02,108:INFO: - Eval metrics : dsc: 0.877 ; iou: 0.812 ; accuracy: 0.999 ; precision: 0.866 ; recall: 0.923 ; loss: 0.287
2019-01-11 15:16:02,141:INFO: - Found new best DSC
2019-01-11 15:16:02,141:INFO: Epoch 14/45
2019-01-11 15:16:12,561:INFO: - Train metrics: dsc: 0.878 ; iou: 0.816 ; accuracy: 0.999 ; precision: 0.868 ; recall: 0.936 ; loss: 0.275
2019-01-11 15:16:13,731:INFO: - Eval metrics : dsc: 0.878 ; iou: 0.816 ; accuracy: 0.999 ; precision: 0.911 ; recall: 0.890 ; loss: 0.237
2019-01-11 15:16:13,777:INFO: - Found new best DSC
2019-01-11 15:16:13,777:INFO: Epoch 15/45
2019-01-11 15:16:24,113:INFO: - Train metrics: dsc: 0.885 ; iou: 0.827 ; accuracy: 0.999 ; precision: 0.879 ; recall: 0.934 ; loss: 0.225
2019-01-11 15:16:25,318:INFO: - Eval metrics : dsc: 0.883 ; iou: 0.822 ; accuracy: 0.999 ; precision: 0.910 ; recall: 0.893 ; loss: 0.206
2019-01-11 15:16:25,354:INFO: - Found new best DSC
2019-01-11 15:16:25,354:INFO: Epoch 16/45
2019-01-11 15:16:35,710:INFO: - Train metrics: dsc: 0.888 ; iou: 0.830 ; accuracy: 0.999 ; precision: 0.886 ; recall: 0.929 ; loss: 0.198
2019-01-11 15:16:36,848:INFO: - Eval metrics : dsc: 0.865 ; iou: 0.804 ; accuracy: 0.999 ; precision: 0.923 ; recall: 0.871 ; loss: 0.201
2019-01-11 15:16:36,879:INFO: Epoch 17/45
2019-01-11 15:16:47,369:INFO: - Train metrics: dsc: 0.892 ; iou: 0.836 ; accuracy: 0.999 ; precision: 0.895 ; recall: 0.930 ; loss: 0.177
2019-01-11 15:16:48,529:INFO: - Eval metrics : dsc: 0.874 ; iou: 0.813 ; accuracy: 0.999 ; precision: 0.897 ; recall: 0.902 ; loss: 0.173
2019-01-11 15:16:48,567:INFO: Epoch 18/45
2019-01-11 15:16:58,968:INFO: - Train metrics: dsc: 0.885 ; iou: 0.825 ; accuracy: 0.999 ; precision: 0.884 ; recall: 0.929 ; loss: 0.170
2019-01-11 15:17:00,088:INFO: - Eval metrics : dsc: 0.871 ; iou: 0.810 ; accuracy: 0.999 ; precision: 0.940 ; recall: 0.861 ; loss: 0.177
2019-01-11 15:17:00,117:INFO: Epoch 19/45
2019-01-11 15:17:10,509:INFO: - Train metrics: dsc: 0.899 ; iou: 0.841 ; accuracy: 0.999 ; precision: 0.897 ; recall: 0.933 ; loss: 0.155
2019-01-11 15:17:11,658:INFO: - Eval metrics : dsc: 0.887 ; iou: 0.827 ; accuracy: 0.999 ; precision: 0.903 ; recall: 0.914 ; loss: 0.147
2019-01-11 15:17:11,690:INFO: - Found new best DSC
2019-01-11 15:17:11,690:INFO: Epoch 20/45
2019-01-11 15:17:22,089:INFO: - Train metrics: dsc: 0.902 ; iou: 0.847 ; accuracy: 0.999 ; precision: 0.901 ; recall: 0.937 ; loss: 0.142
2019-01-11 15:17:23,276:INFO: - Eval metrics : dsc: 0.889 ; iou: 0.829 ; accuracy: 0.999 ; precision: 0.930 ; recall: 0.891 ; loss: 0.148
2019-01-11 15:17:23,317:INFO: - Found new best DSC
2019-01-11 15:17:23,317:INFO: Epoch 21/45
2019-01-11 15:17:33,599:INFO: - Train metrics: dsc: 0.905 ; iou: 0.849 ; accuracy: 0.999 ; precision: 0.900 ; recall: 0.940 ; loss: 0.136
2019-01-11 15:17:34,730:INFO: - Eval metrics : dsc: 0.902 ; iou: 0.842 ; accuracy: 0.999 ; precision: 0.901 ; recall: 0.929 ; loss: 0.132
2019-01-11 15:17:34,754:INFO: - Found new best DSC
2019-01-11 15:17:34,755:INFO: Epoch 22/45
2019-01-11 15:17:45,123:INFO: - Train metrics: dsc: 0.907 ; iou: 0.853 ; accuracy: 0.999 ; precision: 0.905 ; recall: 0.938 ; loss: 0.131
2019-01-11 15:17:46,240:INFO: - Eval metrics : dsc: 0.896 ; iou: 0.838 ; accuracy: 0.999 ; precision: 0.903 ; recall: 0.917 ; loss: 0.128
2019-01-11 15:17:46,271:INFO: Epoch 23/45
2019-01-11 15:17:56,562:INFO: - Train metrics: dsc: 0.910 ; iou: 0.857 ; accuracy: 0.999 ; precision: 0.910 ; recall: 0.939 ; loss: 0.125
2019-01-11 15:17:57,659:INFO: - Eval metrics : dsc: 0.892 ; iou: 0.834 ; accuracy: 0.999 ; precision: 0.906 ; recall: 0.914 ; loss: 0.131
2019-01-11 15:17:57,691:INFO: Epoch 24/45
2019-01-11 15:18:08,176:INFO: - Train metrics: dsc: 0.909 ; iou: 0.855 ; accuracy: 0.999 ; precision: 0.909 ; recall: 0.937 ; loss: 0.123
2019-01-11 15:18:09,318:INFO: - Eval metrics : dsc: 0.862 ; iou: 0.803 ; accuracy: 0.999 ; precision: 0.919 ; recall: 0.863 ; loss: 0.160
2019-01-11 15:18:09,348:INFO: Epoch 25/45
2019-01-11 15:18:19,773:INFO: - Train metrics: dsc: 0.909 ; iou: 0.856 ; accuracy: 0.999 ; precision: 0.909 ; recall: 0.935 ; loss: 0.122
2019-01-11 15:18:20,908:INFO: - Eval metrics : dsc: 0.883 ; iou: 0.824 ; accuracy: 0.999 ; precision: 0.940 ; recall: 0.871 ; loss: 0.137
2019-01-11 15:18:20,944:INFO: Epoch 26/45
2019-01-11 15:18:31,353:INFO: - Train metrics: dsc: 0.911 ; iou: 0.857 ; accuracy: 0.999 ; precision: 0.911 ; recall: 0.937 ; loss: 0.118
2019-01-11 15:18:32,524:INFO: - Eval metrics : dsc: 0.889 ; iou: 0.830 ; accuracy: 0.999 ; precision: 0.924 ; recall: 0.889 ; loss: 0.130
2019-01-11 15:18:32,548:INFO: Epoch 27/45
2019-01-11 15:18:42,891:INFO: - Train metrics: dsc: 0.904 ; iou: 0.850 ; accuracy: 0.999 ; precision: 0.904 ; recall: 0.938 ; loss: 0.118
2019-01-11 15:18:44,121:INFO: - Eval metrics : dsc: 0.855 ; iou: 0.796 ; accuracy: 0.999 ; precision: 0.923 ; recall: 0.862 ; loss: 0.163
2019-01-11 15:18:44,148:INFO: Epoch 28/45
2019-01-11 15:18:54,485:INFO: - Train metrics: dsc: 0.910 ; iou: 0.857 ; accuracy: 0.999 ; precision: 0.909 ; recall: 0.938 ; loss: 0.112
2019-01-11 15:18:55,694:INFO: - Eval metrics : dsc: 0.881 ; iou: 0.825 ; accuracy: 0.999 ; precision: 0.939 ; recall: 0.878 ; loss: 0.138
2019-01-11 15:18:55,727:INFO: Epoch 29/45
2019-01-11 15:19:06,212:INFO: - Train metrics: dsc: 0.912 ; iou: 0.860 ; accuracy: 0.999 ; precision: 0.916 ; recall: 0.934 ; loss: 0.109
2019-01-11 15:19:07,365:INFO: - Eval metrics : dsc: 0.860 ; iou: 0.804 ; accuracy: 0.999 ; precision: 0.920 ; recall: 0.875 ; loss: 0.152
2019-01-11 15:19:07,401:INFO: Epoch 30/45
2019-01-11 15:19:17,755:INFO: - Train metrics: dsc: 0.915 ; iou: 0.862 ; accuracy: 0.999 ; precision: 0.917 ; recall: 0.937 ; loss: 0.107
2019-01-11 15:19:18,879:INFO: - Eval metrics : dsc: 0.893 ; iou: 0.836 ; accuracy: 0.999 ; precision: 0.917 ; recall: 0.910 ; loss: 0.119
2019-01-11 15:19:18,911:INFO: Epoch 31/45
2019-01-11 15:19:29,288:INFO: - Train metrics: dsc: 0.919 ; iou: 0.867 ; accuracy: 0.999 ; precision: 0.919 ; recall: 0.936 ; loss: 0.103
2019-01-11 15:19:30,478:INFO: - Eval metrics : dsc: 0.850 ; iou: 0.793 ; accuracy: 0.999 ; precision: 0.934 ; recall: 0.847 ; loss: 0.165
2019-01-11 15:19:30,505:INFO: Epoch 32/45
2019-01-11 15:19:40,840:INFO: - Train metrics: dsc: 0.915 ; iou: 0.863 ; accuracy: 0.999 ; precision: 0.917 ; recall: 0.934 ; loss: 0.103
2019-01-11 15:19:42,005:INFO: - Eval metrics : dsc: 0.882 ; iou: 0.823 ; accuracy: 0.999 ; precision: 0.921 ; recall: 0.887 ; loss: 0.125
2019-01-11 15:19:42,038:INFO: Epoch 33/45
2019-01-11 15:19:52,490:INFO: - Train metrics: dsc: 0.916 ; iou: 0.863 ; accuracy: 0.999 ; precision: 0.917 ; recall: 0.937 ; loss: 0.099
2019-01-11 15:19:53,704:INFO: - Eval metrics : dsc: 0.887 ; iou: 0.831 ; accuracy: 0.999 ; precision: 0.916 ; recall: 0.899 ; loss: 0.121
2019-01-11 15:19:53,733:INFO: Epoch 34/45
2019-01-11 15:20:04,168:INFO: - Train metrics: dsc: 0.921 ; iou: 0.871 ; accuracy: 0.999 ; precision: 0.924 ; recall: 0.938 ; loss: 0.093
2019-01-11 15:20:05,322:INFO: - Eval metrics : dsc: 0.882 ; iou: 0.825 ; accuracy: 0.999 ; precision: 0.932 ; recall: 0.879 ; loss: 0.125
2019-01-11 15:20:05,352:INFO: Epoch 35/45
2019-01-11 15:20:15,669:INFO: - Train metrics: dsc: 0.921 ; iou: 0.872 ; accuracy: 0.999 ; precision: 0.924 ; recall: 0.940 ; loss: 0.088
2019-01-11 15:20:16,790:INFO: - Eval metrics : dsc: 0.879 ; iou: 0.822 ; accuracy: 0.999 ; precision: 0.929 ; recall: 0.885 ; loss: 0.124
2019-01-11 15:20:16,815:INFO: Epoch 36/45
2019-01-11 15:20:27,215:INFO: - Train metrics: dsc: 0.923 ; iou: 0.875 ; accuracy: 0.999 ; precision: 0.925 ; recall: 0.941 ; loss: 0.082
2019-01-11 15:20:28,350:INFO: - Eval metrics : dsc: 0.882 ; iou: 0.826 ; accuracy: 0.999 ; precision: 0.933 ; recall: 0.882 ; loss: 0.120
2019-01-11 15:20:28,405:INFO: Epoch 37/45
2019-01-11 15:20:38,701:INFO: - Train metrics: dsc: 0.915 ; iou: 0.865 ; accuracy: 0.999 ; precision: 0.923 ; recall: 0.934 ; loss: 0.083
2019-01-11 15:20:39,882:INFO: - Eval metrics : dsc: 0.890 ; iou: 0.833 ; accuracy: 0.999 ; precision: 0.928 ; recall: 0.897 ; loss: 0.107
2019-01-11 15:20:39,924:INFO: Epoch 38/45
2019-01-11 15:20:50,335:INFO: - Train metrics: dsc: 0.893 ; iou: 0.837 ; accuracy: 0.999 ; precision: 0.907 ; recall: 0.917 ; loss: 0.103
2019-01-11 15:20:51,475:INFO: - Eval metrics : dsc: 0.809 ; iou: 0.721 ; accuracy: 0.998 ; precision: 0.792 ; recall: 0.902 ; loss: 0.194
2019-01-11 15:20:51,507:INFO: Epoch 39/45
2019-01-11 15:21:01,891:INFO: - Train metrics: dsc: 0.876 ; iou: 0.807 ; accuracy: 0.999 ; precision: 0.905 ; recall: 0.887 ; loss: 0.117
2019-01-11 15:21:03,007:INFO: - Eval metrics : dsc: 0.847 ; iou: 0.780 ; accuracy: 0.999 ; precision: 0.956 ; recall: 0.811 ; loss: 0.142
2019-01-11 15:21:03,034:INFO: Epoch 40/45
2019-01-11 15:21:13,405:INFO: - Train metrics: dsc: 0.899 ; iou: 0.839 ; accuracy: 0.999 ; precision: 0.912 ; recall: 0.916 ; loss: 0.088
2019-01-11 15:21:14,582:INFO: - Eval metrics : dsc: 0.869 ; iou: 0.809 ; accuracy: 0.999 ; precision: 0.930 ; recall: 0.870 ; loss: 0.126
2019-01-11 15:21:14,611:INFO: Epoch 41/45
2019-01-11 15:21:25,061:INFO: - Train metrics: dsc: 0.903 ; iou: 0.845 ; accuracy: 0.999 ; precision: 0.912 ; recall: 0.924 ; loss: 0.080
2019-01-11 15:21:26,201:INFO: - Eval metrics : dsc: 0.887 ; iou: 0.830 ; accuracy: 0.999 ; precision: 0.926 ; recall: 0.891 ; loss: 0.111
2019-01-11 15:21:26,233:INFO: Epoch 42/45
2019-01-11 15:21:36,772:INFO: - Train metrics: dsc: 0.891 ; iou: 0.833 ; accuracy: 0.999 ; precision: 0.915 ; recall: 0.908 ; loss: 0.091
2019-01-11 15:21:37,918:INFO: - Eval metrics : dsc: 0.800 ; iou: 0.705 ; accuracy: 0.998 ; precision: 0.772 ; recall: 0.895 ; loss: 0.203
2019-01-11 15:21:37,949:INFO: Epoch 43/45
2019-01-11 15:21:48,367:INFO: - Train metrics: dsc: 0.887 ; iou: 0.822 ; accuracy: 0.999 ; precision: 0.896 ; recall: 0.910 ; loss: 0.099
2019-01-11 15:21:49,523:INFO: - Eval metrics : dsc: 0.850 ; iou: 0.784 ; accuracy: 0.999 ; precision: 0.899 ; recall: 0.863 ; loss: 0.140
2019-01-11 15:21:49,557:INFO: Epoch 44/45
2019-01-11 15:21:59,974:INFO: - Train metrics: dsc: 0.883 ; iou: 0.817 ; accuracy: 0.999 ; precision: 0.906 ; recall: 0.896 ; loss: 0.098
2019-01-11 15:22:01,205:INFO: - Eval metrics : dsc: 0.870 ; iou: 0.805 ; accuracy: 0.999 ; precision: 0.895 ; recall: 0.890 ; loss: 0.128
2019-01-11 15:22:01,234:INFO: Epoch 45/45
2019-01-11 15:22:11,580:INFO: - Train metrics: dsc: 0.856 ; iou: 0.786 ; accuracy: 0.999 ; precision: 0.893 ; recall: 0.874 ; loss: 0.122
2019-01-11 15:22:12,808:INFO: - Eval metrics : dsc: 0.859 ; iou: 0.795 ; accuracy: 0.999 ; precision: 0.941 ; recall: 0.847 ; loss: 0.129
2019-01-11 15:22:12,916:INFO: Loading the datasets...
2019-01-11 15:22:17,489:INFO: - done.
2019-01-11 15:22:17,489:INFO: For k-fold 5/5:
2019-01-11 15:22:17,489:INFO: Starting training for 45 epoch(s)
2019-01-11 15:22:17,490:INFO: Epoch 1/45
2019-01-11 15:22:27,724:INFO: - Train metrics: dsc: 0.183 ; iou: 0.111 ; accuracy: 0.893 ; precision: 0.111 ; recall: 0.903 ; loss: 0.963
2019-01-11 15:22:28,858:INFO: - Eval metrics : dsc: 0.431 ; iou: 0.294 ; accuracy: 0.983 ; precision: 0.296 ; recall: 0.940 ; loss: 0.958
2019-01-11 15:22:28,891:INFO: - Found new best DSC
2019-01-11 15:22:28,892:INFO: Epoch 2/45
2019-01-11 15:22:39,161:INFO: - Train metrics: dsc: 0.526 ; iou: 0.383 ; accuracy: 0.988 ; precision: 0.383 ; recall: 0.971 ; loss: 0.949
2019-01-11 15:22:40,286:INFO: - Eval metrics : dsc: 0.597 ; iou: 0.454 ; accuracy: 0.992 ; precision: 0.455 ; recall: 0.981 ; loss: 0.947
2019-01-11 15:22:40,325:INFO: - Found new best DSC
2019-01-11 15:22:40,325:INFO: Epoch 3/45
2019-01-11 15:22:50,671:INFO: - Train metrics: dsc: 0.620 ; iou: 0.482 ; accuracy: 0.993 ; precision: 0.484 ; recall: 0.979 ; loss: 0.940
2019-01-11 15:22:51,840:INFO: - Eval metrics : dsc: 0.675 ; iou: 0.544 ; accuracy: 0.995 ; precision: 0.558 ; recall: 0.971 ; loss: 0.934
2019-01-11 15:22:51,875:INFO: - Found new best DSC
2019-01-11 15:22:51,876:INFO: Epoch 4/45
2019-01-11 15:23:02,285:INFO: - Train metrics: dsc: 0.626 ; iou: 0.491 ; accuracy: 0.992 ; precision: 0.493 ; recall: 0.979 ; loss: 0.926
2019-01-11 15:23:03,426:INFO: - Eval metrics : dsc: 0.508 ; iou: 0.376 ; accuracy: 0.982 ; precision: 0.377 ; recall: 0.985 ; loss: 0.916
2019-01-11 15:23:03,455:INFO: Epoch 5/45
2019-01-11 15:23:13,875:INFO: - Train metrics: dsc: 0.599 ; iou: 0.475 ; accuracy: 0.988 ; precision: 0.480 ; recall: 0.969 ; loss: 0.898
2019-01-11 15:23:15,008:INFO: - Eval metrics : dsc: 0.642 ; iou: 0.526 ; accuracy: 0.990 ; precision: 0.566 ; recall: 0.914 ; loss: 0.716
2019-01-11 15:23:15,034:INFO: Epoch 6/45
2019-01-11 15:23:25,320:INFO: - Train metrics: dsc: 0.575 ; iou: 0.464 ; accuracy: 0.982 ; precision: 0.477 ; recall: 0.955 ; loss: 0.839
2019-01-11 15:23:26,476:INFO: - Eval metrics : dsc: 0.765 ; iou: 0.670 ; accuracy: 0.997 ; precision: 0.728 ; recall: 0.914 ; loss: 0.623
2019-01-11 15:23:26,516:INFO: - Found new best DSC
2019-01-11 15:23:26,516:INFO: Epoch 7/45
2019-01-11 15:23:36,888:INFO: - Train metrics: dsc: 0.565 ; iou: 0.462 ; accuracy: 0.978 ; precision: 0.478 ; recall: 0.951 ; loss: 0.769
2019-01-11 15:23:38,017:INFO: - Eval metrics : dsc: 0.719 ; iou: 0.610 ; accuracy: 0.996 ; precision: 0.645 ; recall: 0.913 ; loss: 0.640
2019-01-11 15:23:38,044:INFO: Epoch 8/45
2019-01-11 15:23:48,395:INFO: - Train metrics: dsc: 0.641 ; iou: 0.537 ; accuracy: 0.989 ; precision: 0.562 ; recall: 0.940 ; loss: 0.712
2019-01-11 15:23:49,526:INFO: - Eval metrics : dsc: 0.604 ; iou: 0.500 ; accuracy: 0.982 ; precision: 0.515 ; recall: 0.960 ; loss: 0.642
2019-01-11 15:23:49,553:INFO: Epoch 9/45
2019-01-11 15:23:59,924:INFO: - Train metrics: dsc: 0.662 ; iou: 0.563 ; accuracy: 0.988 ; precision: 0.594 ; recall: 0.943 ; loss: 0.651
2019-01-11 15:24:01,045:INFO: - Eval metrics : dsc: 0.757 ; iou: 0.655 ; accuracy: 0.997 ; precision: 0.704 ; recall: 0.921 ; loss: 0.600
2019-01-11 15:24:01,073:INFO: Epoch 10/45
2019-01-11 15:24:11,412:INFO: - Train metrics: dsc: 0.722 ; iou: 0.626 ; accuracy: 0.994 ; precision: 0.659 ; recall: 0.938 ; loss: 0.624
2019-01-11 15:24:12,559:INFO: - Eval metrics : dsc: 0.648 ; iou: 0.549 ; accuracy: 0.988 ; precision: 0.576 ; recall: 0.954 ; loss: 0.595
2019-01-11 15:24:12,589:INFO: Epoch 11/45
2019-01-11 15:24:23,008:INFO: - Train metrics: dsc: 0.757 ; iou: 0.667 ; accuracy: 0.995 ; precision: 0.704 ; recall: 0.931 ; loss: 0.606
2019-01-11 15:24:24,115:INFO: - Eval metrics : dsc: 0.739 ; iou: 0.652 ; accuracy: 0.993 ; precision: 0.693 ; recall: 0.939 ; loss: 0.583
2019-01-11 15:24:24,142:INFO: Epoch 12/45
2019-01-11 15:24:34,485:INFO: - Train metrics: dsc: 0.748 ; iou: 0.664 ; accuracy: 0.994 ; precision: 0.699 ; recall: 0.937 ; loss: 0.553
2019-01-11 15:24:35,701:INFO: - Eval metrics : dsc: 0.837 ; iou: 0.760 ; accuracy: 0.998 ; precision: 0.830 ; recall: 0.908 ; loss: 0.516
2019-01-11 15:24:35,740:INFO: - Found new best DSC
2019-01-11 15:24:35,741:INFO: Epoch 13/45
2019-01-11 15:24:46,181:INFO: - Train metrics: dsc: 0.798 ; iou: 0.719 ; accuracy: 0.997 ; precision: 0.757 ; recall: 0.933 ; loss: 0.497
2019-01-11 15:24:47,285:INFO: - Eval metrics : dsc: 0.548 ; iou: 0.472 ; accuracy: 0.948 ; precision: 0.504 ; recall: 0.949 ; loss: 0.686
2019-01-11 15:24:47,314:INFO: Epoch 14/45
2019-01-11 15:24:57,621:INFO: - Train metrics: dsc: 0.835 ; iou: 0.762 ; accuracy: 0.998 ; precision: 0.815 ; recall: 0.923 ; loss: 0.428
2019-01-11 15:24:58,808:INFO: - Eval metrics : dsc: 0.856 ; iou: 0.791 ; accuracy: 0.999 ; precision: 0.887 ; recall: 0.892 ; loss: 0.349
2019-01-11 15:24:58,840:INFO: - Found new best DSC
2019-01-11 15:24:58,841:INFO: Epoch 15/45
2019-01-11 15:25:09,127:INFO: - Train metrics: dsc: 0.866 ; iou: 0.801 ; accuracy: 0.999 ; precision: 0.865 ; recall: 0.922 ; loss: 0.285
2019-01-11 15:25:10,320:INFO: - Eval metrics : dsc: 0.856 ; iou: 0.788 ; accuracy: 0.999 ; precision: 0.830 ; recall: 0.941 ; loss: 0.259
2019-01-11 15:25:10,346:INFO: Epoch 16/45
2019-01-11 15:25:20,759:INFO: - Train metrics: dsc: 0.882 ; iou: 0.823 ; accuracy: 0.999 ; precision: 0.886 ; recall: 0.924 ; loss: 0.222
2019-01-11 15:25:21,959:INFO: - Eval metrics : dsc: 0.882 ; iou: 0.820 ; accuracy: 0.999 ; precision: 0.892 ; recall: 0.912 ; loss: 0.214
2019-01-11 15:25:21,987:INFO: - Found new best DSC
2019-01-11 15:25:21,988:INFO: Epoch 17/45
2019-01-11 15:25:32,542:INFO: - Train metrics: dsc: 0.886 ; iou: 0.828 ; accuracy: 0.999 ; precision: 0.889 ; recall: 0.924 ; loss: 0.188
2019-01-11 15:25:33,726:INFO: - Eval metrics : dsc: 0.882 ; iou: 0.821 ; accuracy: 0.999 ; precision: 0.906 ; recall: 0.905 ; loss: 0.189
2019-01-11 15:25:33,758:INFO: - Found new best DSC
2019-01-11 15:25:33,758:INFO: Epoch 18/45
2019-01-11 15:25:44,111:INFO: - Train metrics: dsc: 0.890 ; iou: 0.832 ; accuracy: 0.999 ; precision: 0.897 ; recall: 0.923 ; loss: 0.170
2019-01-11 15:25:45,245:INFO: - Eval metrics : dsc: 0.865 ; iou: 0.799 ; accuracy: 0.999 ; precision: 0.829 ; recall: 0.958 ; loss: 0.182
2019-01-11 15:25:45,278:INFO: Epoch 19/45
2019-01-11 15:25:55,653:INFO: - Train metrics: dsc: 0.892 ; iou: 0.834 ; accuracy: 0.999 ; precision: 0.893 ; recall: 0.931 ; loss: 0.155
2019-01-11 15:25:56,832:INFO: - Eval metrics : dsc: 0.876 ; iou: 0.818 ; accuracy: 0.999 ; precision: 0.888 ; recall: 0.916 ; loss: 0.167
2019-01-11 15:25:56,860:INFO: Epoch 20/45
2019-01-11 15:26:07,241:INFO: - Train metrics: dsc: 0.904 ; iou: 0.848 ; accuracy: 0.999 ; precision: 0.902 ; recall: 0.935 ; loss: 0.140
2019-01-11 15:26:08,459:INFO: - Eval metrics : dsc: 0.875 ; iou: 0.816 ; accuracy: 0.999 ; precision: 0.869 ; recall: 0.934 ; loss: 0.152
2019-01-11 15:26:08,487:INFO: Epoch 21/45
2019-01-11 15:26:18,797:INFO: - Train metrics: dsc: 0.904 ; iou: 0.847 ; accuracy: 0.999 ; precision: 0.904 ; recall: 0.934 ; loss: 0.137
2019-01-11 15:26:19,987:INFO: - Eval metrics : dsc: 0.881 ; iou: 0.823 ; accuracy: 0.999 ; precision: 0.877 ; recall: 0.936 ; loss: 0.147
2019-01-11 15:26:20,010:INFO: Epoch 22/45
2019-01-11 15:26:30,322:INFO: - Train metrics: dsc: 0.908 ; iou: 0.853 ; accuracy: 0.999 ; precision: 0.907 ; recall: 0.937 ; loss: 0.128
2019-01-11 15:26:31,519:INFO: - Eval metrics : dsc: 0.856 ; iou: 0.785 ; accuracy: 0.999 ; precision: 0.935 ; recall: 0.837 ; loss: 0.179
2019-01-11 15:26:31,562:INFO: Epoch 23/45
2019-01-11 15:26:41,865:INFO: - Train metrics: dsc: 0.898 ; iou: 0.840 ; accuracy: 0.999 ; precision: 0.898 ; recall: 0.931 ; loss: 0.130
2019-01-11 15:26:43,078:INFO: - Eval metrics : dsc: 0.874 ; iou: 0.813 ; accuracy: 0.999 ; precision: 0.844 ; recall: 0.944 ; loss: 0.148
2019-01-11 15:26:43,100:INFO: Epoch 24/45
2019-01-11 15:26:53,529:INFO: - Train metrics: dsc: 0.909 ; iou: 0.854 ; accuracy: 0.999 ; precision: 0.913 ; recall: 0.933 ; loss: 0.123
2019-01-11 15:26:54,647:INFO: - Eval metrics : dsc: 0.877 ; iou: 0.817 ; accuracy: 0.999 ; precision: 0.871 ; recall: 0.933 ; loss: 0.150
2019-01-11 15:26:54,675:INFO: Epoch 25/45
2019-01-11 15:27:05,135:INFO: - Train metrics: dsc: 0.912 ; iou: 0.859 ; accuracy: 0.999 ; precision: 0.913 ; recall: 0.937 ; loss: 0.116
2019-01-11 15:27:06,244:INFO: - Eval metrics : dsc: 0.884 ; iou: 0.829 ; accuracy: 0.999 ; precision: 0.880 ; recall: 0.928 ; loss: 0.134
2019-01-11 15:27:06,271:INFO: - Found new best DSC
2019-01-11 15:27:06,271:INFO: Epoch 26/45
2019-01-11 15:27:16,614:INFO: - Train metrics: dsc: 0.906 ; iou: 0.851 ; accuracy: 0.999 ; precision: 0.909 ; recall: 0.933 ; loss: 0.118
2019-01-11 15:27:17,729:INFO: - Eval metrics : dsc: 0.884 ; iou: 0.826 ; accuracy: 0.999 ; precision: 0.896 ; recall: 0.916 ; loss: 0.140
2019-01-11 15:27:17,761:INFO: - Found new best DSC
2019-01-11 15:27:17,761:INFO: Epoch 27/45
2019-01-11 15:27:28,144:INFO: - Train metrics: dsc: 0.908 ; iou: 0.852 ; accuracy: 0.999 ; precision: 0.912 ; recall: 0.932 ; loss: 0.115
2019-01-11 15:27:29,336:INFO: - Eval metrics : dsc: 0.874 ; iou: 0.815 ; accuracy: 0.999 ; precision: 0.861 ; recall: 0.942 ; loss: 0.137
2019-01-11 15:27:29,366:INFO: Epoch 28/45
2019-01-11 15:27:39,803:INFO: - Train metrics: dsc: 0.906 ; iou: 0.851 ; accuracy: 0.999 ; precision: 0.908 ; recall: 0.934 ; loss: 0.112
2019-01-11 15:27:40,934:INFO: - Eval metrics : dsc: 0.878 ; iou: 0.819 ; accuracy: 0.999 ; precision: 0.870 ; recall: 0.939 ; loss: 0.138
2019-01-11 15:27:40,967:INFO: Epoch 29/45
2019-01-11 15:27:51,333:INFO: - Train metrics: dsc: 0.906 ; iou: 0.852 ; accuracy: 0.999 ; precision: 0.911 ; recall: 0.932 ; loss: 0.112
2019-01-11 15:27:52,537:INFO: - Eval metrics : dsc: 0.883 ; iou: 0.824 ; accuracy: 0.999 ; precision: 0.881 ; recall: 0.933 ; loss: 0.133
2019-01-11 15:27:52,558:INFO: Epoch 30/45
2019-01-11 15:28:02,870:INFO: - Train metrics: dsc: 0.914 ; iou: 0.860 ; accuracy: 0.999 ; precision: 0.917 ; recall: 0.934 ; loss: 0.106
2019-01-11 15:28:04,056:INFO: - Eval metrics : dsc: 0.897 ; iou: 0.842 ; accuracy: 0.999 ; precision: 0.898 ; recall: 0.934 ; loss: 0.121
2019-01-11 15:28:04,087:INFO: - Found new best DSC
2019-01-11 15:28:04,088:INFO: Epoch 31/45
2019-01-11 15:28:14,449:INFO: - Train metrics: dsc: 0.915 ; iou: 0.862 ; accuracy: 0.999 ; precision: 0.912 ; recall: 0.942 ; loss: 0.102
2019-01-11 15:28:15,634:INFO: - Eval metrics : dsc: 0.886 ; iou: 0.828 ; accuracy: 0.999 ; precision: 0.869 ; recall: 0.947 ; loss: 0.126
2019-01-11 15:28:15,667:INFO: Epoch 32/45
2019-01-11 15:28:26,056:INFO: - Train metrics: dsc: 0.917 ; iou: 0.864 ; accuracy: 0.999 ; precision: 0.915 ; recall: 0.941 ; loss: 0.099
2019-01-11 15:28:27,227:INFO: - Eval metrics : dsc: 0.885 ; iou: 0.825 ; accuracy: 0.999 ; precision: 0.861 ; recall: 0.956 ; loss: 0.125
2019-01-11 15:28:27,259:INFO: Epoch 33/45
2019-01-11 15:28:37,651:INFO: - Train metrics: dsc: 0.916 ; iou: 0.863 ; accuracy: 0.999 ; precision: 0.915 ; recall: 0.939 ; loss: 0.098
2019-01-11 15:28:38,778:INFO: - Eval metrics : dsc: 0.893 ; iou: 0.837 ; accuracy: 0.999 ; precision: 0.899 ; recall: 0.926 ; loss: 0.119
2019-01-11 15:28:38,808:INFO: Epoch 34/45
2019-01-11 15:28:49,246:INFO: - Train metrics: dsc: 0.917 ; iou: 0.865 ; accuracy: 0.999 ; precision: 0.917 ; recall: 0.939 ; loss: 0.093
2019-01-11 15:28:50,395:INFO: - Eval metrics : dsc: 0.892 ; iou: 0.835 ; accuracy: 0.999 ; precision: 0.890 ; recall: 0.934 ; loss: 0.118
2019-01-11 15:28:50,424:INFO: Epoch 35/45
2019-01-11 15:29:00,835:INFO: - Train metrics: dsc: 0.909 ; iou: 0.854 ; accuracy: 0.999 ; precision: 0.915 ; recall: 0.930 ; loss: 0.097
2019-01-11 15:29:01,984:INFO: - Eval metrics : dsc: 0.878 ; iou: 0.810 ; accuracy: 0.999 ; precision: 0.912 ; recall: 0.883 ; loss: 0.136
2019-01-11 15:29:02,009:INFO: Epoch 36/45
2019-01-11 15:29:12,418:INFO: - Train metrics: dsc: 0.900 ; iou: 0.840 ; accuracy: 0.999 ; precision: 0.908 ; recall: 0.921 ; loss: 0.106
2019-01-11 15:29:13,604:INFO: - Eval metrics : dsc: 0.891 ; iou: 0.833 ; accuracy: 0.999 ; precision: 0.895 ; recall: 0.928 ; loss: 0.115
2019-01-11 15:29:13,637:INFO: Epoch 37/45
2019-01-11 15:29:24,112:INFO: - Train metrics: dsc: 0.885 ; iou: 0.824 ; accuracy: 0.999 ; precision: 0.909 ; recall: 0.904 ; loss: 0.117
2019-01-11 15:29:25,242:INFO: - Eval metrics : dsc: 0.863 ; iou: 0.798 ; accuracy: 0.999 ; precision: 0.940 ; recall: 0.842 ; loss: 0.139
2019-01-11 15:29:25,272:INFO: Epoch 38/45
2019-01-11 15:29:35,575:INFO: - Train metrics: dsc: 0.899 ; iou: 0.843 ; accuracy: 0.999 ; precision: 0.916 ; recall: 0.918 ; loss: 0.098
2019-01-11 15:29:36,737:INFO: - Eval metrics : dsc: 0.884 ; iou: 0.824 ; accuracy: 0.999 ; precision: 0.915 ; recall: 0.899 ; loss: 0.115
2019-01-11 15:29:36,768:INFO: Epoch 39/45
2019-01-11 15:29:47,172:INFO: - Train metrics: dsc: 0.902 ; iou: 0.846 ; accuracy: 0.999 ; precision: 0.921 ; recall: 0.916 ; loss: 0.091
2019-01-11 15:29:48,322:INFO: - Eval metrics : dsc: 0.857 ; iou: 0.788 ; accuracy: 0.999 ; precision: 0.840 ; recall: 0.926 ; loss: 0.145
2019-01-11 15:29:48,357:INFO: Epoch 40/45
2019-01-11 15:29:58,720:INFO: - Train metrics: dsc: 0.866 ; iou: 0.800 ; accuracy: 0.999 ; precision: 0.900 ; recall: 0.885 ; loss: 0.128
2019-01-11 15:29:59,918:INFO: - Eval metrics : dsc: 0.881 ; iou: 0.818 ; accuracy: 0.999 ; precision: 0.906 ; recall: 0.897 ; loss: 0.116
2019-01-11 15:29:59,946:INFO: Epoch 41/45
2019-01-11 15:30:10,364:INFO: - Train metrics: dsc: 0.904 ; iou: 0.847 ; accuracy: 0.999 ; precision: 0.915 ; recall: 0.924 ; loss: 0.086
2019-01-11 15:30:11,457:INFO: - Eval metrics : dsc: 0.891 ; iou: 0.833 ; accuracy: 0.999 ; precision: 0.903 ; recall: 0.916 ; loss: 0.099
2019-01-11 15:30:11,488:INFO: Epoch 42/45
2019-01-11 15:30:21,928:INFO: - Train metrics: dsc: 0.913 ; iou: 0.859 ; accuracy: 0.999 ; precision: 0.917 ; recall: 0.933 ; loss: 0.074
2019-01-11 15:30:23,117:INFO: - Eval metrics : dsc: 0.892 ; iou: 0.835 ; accuracy: 0.999 ; precision: 0.879 ; recall: 0.941 ; loss: 0.096
2019-01-11 15:30:23,151:INFO: Epoch 43/45
2019-01-11 15:30:33,451:INFO: - Train metrics: dsc: 0.916 ; iou: 0.863 ; accuracy: 0.999 ; precision: 0.918 ; recall: 0.937 ; loss: 0.069
2019-01-11 15:30:34,598:INFO: - Eval metrics : dsc: 0.896 ; iou: 0.840 ; accuracy: 0.999 ; precision: 0.904 ; recall: 0.922 ; loss: 0.089
2019-01-11 15:30:34,621:INFO: Epoch 44/45
2019-01-11 15:30:45,070:INFO: - Train metrics: dsc: 0.918 ; iou: 0.867 ; accuracy: 0.999 ; precision: 0.921 ; recall: 0.938 ; loss: 0.064
2019-01-11 15:30:46,257:INFO: - Eval metrics : dsc: 0.894 ; iou: 0.837 ; accuracy: 0.999 ; precision: 0.916 ; recall: 0.906 ; loss: 0.090
2019-01-11 15:30:46,288:INFO: Epoch 45/45
2019-01-11 15:30:56,681:INFO: - Train metrics: dsc: 0.868 ; iou: 0.808 ; accuracy: 0.999 ; precision: 0.921 ; recall: 0.876 ; loss: 0.115
2019-01-11 15:30:57,813:INFO: - Eval metrics : dsc: 0.807 ; iou: 0.732 ; accuracy: 0.998 ; precision: 0.855 ; recall: 0.825 ; loss: 0.194
