2019-01-11 04:19:30,836:INFO: Loading the datasets...
2019-01-11 04:19:35,218:INFO: - done.
2019-01-11 04:19:35,219:INFO: For k-fold 1/5:
2019-01-11 04:19:35,219:INFO: Starting training for 45 epoch(s)
2019-01-11 04:19:35,219:INFO: Epoch 1/45
2019-01-11 04:19:45,261:INFO: - Train metrics: dsc: 0.328 ; iou: 0.227 ; accuracy: 0.935 ; precision: 0.227 ; recall: 0.923 ; loss: 0.954
2019-01-11 04:19:46,342:INFO: - Eval metrics : dsc: 0.530 ; iou: 0.393 ; accuracy: 0.988 ; precision: 0.396 ; recall: 0.938 ; loss: 0.942
2019-01-11 04:19:46,361:INFO: - Found new best DSC
2019-01-11 04:19:46,361:INFO: Epoch 2/45
2019-01-11 04:19:56,572:INFO: - Train metrics: dsc: 0.652 ; iou: 0.520 ; accuracy: 0.994 ; precision: 0.530 ; recall: 0.964 ; loss: 0.914
2019-01-11 04:19:57,725:INFO: - Eval metrics : dsc: 0.558 ; iou: 0.418 ; accuracy: 0.990 ; precision: 0.419 ; recall: 0.978 ; loss: 0.888
2019-01-11 04:19:57,756:INFO: - Found new best DSC
2019-01-11 04:19:57,757:INFO: Epoch 3/45
2019-01-11 04:20:07,882:INFO: - Train metrics: dsc: 0.750 ; iou: 0.641 ; accuracy: 0.996 ; precision: 0.662 ; recall: 0.949 ; loss: 0.789
2019-01-11 04:20:09,008:INFO: - Eval metrics : dsc: 0.735 ; iou: 0.628 ; accuracy: 0.997 ; precision: 0.691 ; recall: 0.928 ; loss: 0.707
2019-01-11 04:20:09,031:INFO: - Found new best DSC
2019-01-11 04:20:09,031:INFO: Epoch 4/45
2019-01-11 04:20:19,001:INFO: - Train metrics: dsc: 0.830 ; iou: 0.750 ; accuracy: 0.998 ; precision: 0.804 ; recall: 0.924 ; loss: 0.487
2019-01-11 04:20:20,083:INFO: - Eval metrics : dsc: 0.725 ; iou: 0.617 ; accuracy: 0.996 ; precision: 0.644 ; recall: 0.941 ; loss: 0.423
2019-01-11 04:20:20,114:INFO: Epoch 5/45
2019-01-11 04:20:30,123:INFO: - Train metrics: dsc: 0.854 ; iou: 0.782 ; accuracy: 0.999 ; precision: 0.851 ; recall: 0.911 ; loss: 0.272
2019-01-11 04:20:31,281:INFO: - Eval metrics : dsc: 0.792 ; iou: 0.703 ; accuracy: 0.998 ; precision: 0.734 ; recall: 0.935 ; loss: 0.277
2019-01-11 04:20:31,306:INFO: - Found new best DSC
2019-01-11 04:20:31,306:INFO: Epoch 6/45
2019-01-11 04:20:41,369:INFO: - Train metrics: dsc: 0.871 ; iou: 0.805 ; accuracy: 0.999 ; precision: 0.882 ; recall: 0.909 ; loss: 0.194
2019-01-11 04:20:42,436:INFO: - Eval metrics : dsc: 0.857 ; iou: 0.790 ; accuracy: 0.999 ; precision: 0.871 ; recall: 0.903 ; loss: 0.190
2019-01-11 04:20:42,459:INFO: - Found new best DSC
2019-01-11 04:20:42,459:INFO: Epoch 7/45
2019-01-11 04:20:52,659:INFO: - Train metrics: dsc: 0.889 ; iou: 0.828 ; accuracy: 0.999 ; precision: 0.895 ; recall: 0.922 ; loss: 0.156
2019-01-11 04:20:53,737:INFO: - Eval metrics : dsc: 0.874 ; iou: 0.809 ; accuracy: 0.999 ; precision: 0.872 ; recall: 0.927 ; loss: 0.167
2019-01-11 04:20:53,761:INFO: - Found new best DSC
2019-01-11 04:20:53,761:INFO: Epoch 8/45
2019-01-11 04:21:03,920:INFO: - Train metrics: dsc: 0.891 ; iou: 0.829 ; accuracy: 0.999 ; precision: 0.895 ; recall: 0.922 ; loss: 0.144
2019-01-11 04:21:05,061:INFO: - Eval metrics : dsc: 0.851 ; iou: 0.783 ; accuracy: 0.999 ; precision: 0.808 ; recall: 0.956 ; loss: 0.168
2019-01-11 04:21:05,095:INFO: Epoch 9/45
2019-01-11 04:21:15,149:INFO: - Train metrics: dsc: 0.883 ; iou: 0.818 ; accuracy: 0.999 ; precision: 0.888 ; recall: 0.918 ; loss: 0.142
2019-01-11 04:21:16,265:INFO: - Eval metrics : dsc: 0.868 ; iou: 0.805 ; accuracy: 0.999 ; precision: 0.888 ; recall: 0.897 ; loss: 0.149
2019-01-11 04:21:16,294:INFO: Epoch 10/45
2019-01-11 04:21:26,300:INFO: - Train metrics: dsc: 0.894 ; iou: 0.835 ; accuracy: 0.999 ; precision: 0.897 ; recall: 0.928 ; loss: 0.126
2019-01-11 04:21:27,355:INFO: - Eval metrics : dsc: 0.879 ; iou: 0.820 ; accuracy: 0.999 ; precision: 0.911 ; recall: 0.899 ; loss: 0.140
2019-01-11 04:21:27,435:INFO: - Found new best DSC
2019-01-11 04:21:27,435:INFO: Epoch 11/45
2019-01-11 04:21:37,501:INFO: - Train metrics: dsc: 0.904 ; iou: 0.846 ; accuracy: 0.999 ; precision: 0.909 ; recall: 0.926 ; loss: 0.119
2019-01-11 04:21:38,652:INFO: - Eval metrics : dsc: 0.847 ; iou: 0.778 ; accuracy: 0.999 ; precision: 0.801 ; recall: 0.958 ; loss: 0.161
2019-01-11 04:21:38,682:INFO: Epoch 12/45
2019-01-11 04:21:48,884:INFO: - Train metrics: dsc: 0.898 ; iou: 0.840 ; accuracy: 0.999 ; precision: 0.899 ; recall: 0.932 ; loss: 0.116
2019-01-11 04:21:50,019:INFO: - Eval metrics : dsc: 0.876 ; iou: 0.813 ; accuracy: 0.999 ; precision: 0.905 ; recall: 0.898 ; loss: 0.134
2019-01-11 04:21:50,053:INFO: Epoch 13/45
2019-01-11 04:22:00,276:INFO: - Train metrics: dsc: 0.889 ; iou: 0.828 ; accuracy: 0.999 ; precision: 0.899 ; recall: 0.915 ; loss: 0.123
2019-01-11 04:22:01,479:INFO: - Eval metrics : dsc: 0.864 ; iou: 0.795 ; accuracy: 0.999 ; precision: 0.931 ; recall: 0.854 ; loss: 0.145
2019-01-11 04:22:01,507:INFO: Epoch 14/45
2019-01-11 04:22:11,659:INFO: - Train metrics: dsc: 0.890 ; iou: 0.829 ; accuracy: 0.999 ; precision: 0.907 ; recall: 0.910 ; loss: 0.120
2019-01-11 04:22:12,719:INFO: - Eval metrics : dsc: 0.853 ; iou: 0.785 ; accuracy: 0.999 ; precision: 0.853 ; recall: 0.911 ; loss: 0.152
2019-01-11 04:22:12,747:INFO: Epoch 15/45
2019-01-11 04:22:22,964:INFO: - Train metrics: dsc: 0.895 ; iou: 0.834 ; accuracy: 0.999 ; precision: 0.910 ; recall: 0.914 ; loss: 0.112
2019-01-11 04:22:24,012:INFO: - Eval metrics : dsc: 0.733 ; iou: 0.656 ; accuracy: 0.998 ; precision: 0.950 ; recall: 0.699 ; loss: 0.271
2019-01-11 04:22:24,041:INFO: Epoch 16/45
2019-01-11 04:22:34,185:INFO: - Train metrics: dsc: 0.883 ; iou: 0.819 ; accuracy: 0.999 ; precision: 0.904 ; recall: 0.902 ; loss: 0.117
2019-01-11 04:22:35,240:INFO: - Eval metrics : dsc: 0.868 ; iou: 0.804 ; accuracy: 0.999 ; precision: 0.866 ; recall: 0.927 ; loss: 0.130
2019-01-11 04:22:35,261:INFO: Epoch 17/45
2019-01-11 04:22:45,331:INFO: - Train metrics: dsc: 0.879 ; iou: 0.817 ; accuracy: 0.999 ; precision: 0.910 ; recall: 0.893 ; loss: 0.115
2019-01-11 04:22:46,476:INFO: - Eval metrics : dsc: 0.856 ; iou: 0.790 ; accuracy: 0.999 ; precision: 0.931 ; recall: 0.848 ; loss: 0.131
2019-01-11 04:22:46,506:INFO: Epoch 18/45
2019-01-11 04:22:56,632:INFO: - Train metrics: dsc: 0.895 ; iou: 0.838 ; accuracy: 0.999 ; precision: 0.913 ; recall: 0.915 ; loss: 0.092
2019-01-11 04:22:57,769:INFO: - Eval metrics : dsc: 0.883 ; iou: 0.823 ; accuracy: 0.999 ; precision: 0.911 ; recall: 0.902 ; loss: 0.106
2019-01-11 04:22:57,805:INFO: - Found new best DSC
2019-01-11 04:22:57,805:INFO: Epoch 19/45
2019-01-11 04:23:07,937:INFO: - Train metrics: dsc: 0.859 ; iou: 0.793 ; accuracy: 0.999 ; precision: 0.905 ; recall: 0.872 ; loss: 0.122
2019-01-11 04:23:09,070:INFO: - Eval metrics : dsc: 0.843 ; iou: 0.779 ; accuracy: 0.999 ; precision: 0.904 ; recall: 0.864 ; loss: 0.137
2019-01-11 04:23:09,099:INFO: Epoch 20/45
2019-01-11 04:23:19,280:INFO: - Train metrics: dsc: 0.883 ; iou: 0.817 ; accuracy: 0.999 ; precision: 0.902 ; recall: 0.903 ; loss: 0.099
2019-01-11 04:23:20,351:INFO: - Eval metrics : dsc: 0.800 ; iou: 0.722 ; accuracy: 0.998 ; precision: 0.934 ; recall: 0.776 ; loss: 0.186
2019-01-11 04:23:20,379:INFO: Epoch 21/45
2019-01-11 04:23:30,511:INFO: - Train metrics: dsc: 0.880 ; iou: 0.813 ; accuracy: 0.999 ; precision: 0.909 ; recall: 0.891 ; loss: 0.097
2019-01-11 04:23:31,628:INFO: - Eval metrics : dsc: 0.872 ; iou: 0.808 ; accuracy: 0.999 ; precision: 0.885 ; recall: 0.913 ; loss: 0.115
2019-01-11 04:23:31,662:INFO: Epoch 22/45
2019-01-11 04:23:41,852:INFO: - Train metrics: dsc: 0.847 ; iou: 0.774 ; accuracy: 0.998 ; precision: 0.904 ; recall: 0.854 ; loss: 0.133
2019-01-11 04:23:42,995:INFO: - Eval metrics : dsc: 0.832 ; iou: 0.760 ; accuracy: 0.998 ; precision: 0.866 ; recall: 0.869 ; loss: 0.144
2019-01-11 04:23:43,021:INFO: Epoch 23/45
2019-01-11 04:23:53,095:INFO: - Train metrics: dsc: 0.882 ; iou: 0.816 ; accuracy: 0.999 ; precision: 0.906 ; recall: 0.897 ; loss: 0.094
2019-01-11 04:23:54,245:INFO: - Eval metrics : dsc: 0.863 ; iou: 0.797 ; accuracy: 0.999 ; precision: 0.910 ; recall: 0.876 ; loss: 0.123
2019-01-11 04:23:54,273:INFO: Epoch 24/45
2019-01-11 04:24:04,336:INFO: - Train metrics: dsc: 0.857 ; iou: 0.790 ; accuracy: 0.999 ; precision: 0.910 ; recall: 0.866 ; loss: 0.119
2019-01-11 04:24:05,489:INFO: - Eval metrics : dsc: 0.804 ; iou: 0.724 ; accuracy: 0.998 ; precision: 0.781 ; recall: 0.898 ; loss: 0.186
2019-01-11 04:24:05,516:INFO: Epoch 25/45
2019-01-11 04:24:15,560:INFO: - Train metrics: dsc: 0.850 ; iou: 0.780 ; accuracy: 0.999 ; precision: 0.903 ; recall: 0.864 ; loss: 0.128
2019-01-11 04:24:16,626:INFO: - Eval metrics : dsc: 0.849 ; iou: 0.787 ; accuracy: 0.999 ; precision: 0.906 ; recall: 0.870 ; loss: 0.127
2019-01-11 04:24:16,655:INFO: Epoch 26/45
2019-01-11 04:24:26,756:INFO: - Train metrics: dsc: 0.891 ; iou: 0.830 ; accuracy: 0.999 ; precision: 0.914 ; recall: 0.906 ; loss: 0.082
2019-01-11 04:24:27,878:INFO: - Eval metrics : dsc: 0.867 ; iou: 0.806 ; accuracy: 0.999 ; precision: 0.905 ; recall: 0.891 ; loss: 0.114
2019-01-11 04:24:27,898:INFO: Epoch 27/45
2019-01-11 04:24:37,959:INFO: - Train metrics: dsc: 0.892 ; iou: 0.831 ; accuracy: 0.999 ; precision: 0.903 ; recall: 0.917 ; loss: 0.087
2019-01-11 04:24:39,152:INFO: - Eval metrics : dsc: 0.873 ; iou: 0.813 ; accuracy: 0.999 ; precision: 0.899 ; recall: 0.905 ; loss: 0.112
2019-01-11 04:24:39,181:INFO: Epoch 28/45
2019-01-11 04:24:49,334:INFO: - Train metrics: dsc: 0.856 ; iou: 0.787 ; accuracy: 0.999 ; precision: 0.911 ; recall: 0.863 ; loss: 0.118
2019-01-11 04:24:50,392:INFO: - Eval metrics : dsc: 0.837 ; iou: 0.764 ; accuracy: 0.998 ; precision: 0.892 ; recall: 0.859 ; loss: 0.141
2019-01-11 04:24:50,420:INFO: Epoch 29/45
2019-01-11 04:25:00,451:INFO: - Train metrics: dsc: 0.863 ; iou: 0.797 ; accuracy: 0.999 ; precision: 0.915 ; recall: 0.871 ; loss: 0.110
2019-01-11 04:25:01,580:INFO: - Eval metrics : dsc: 0.823 ; iou: 0.747 ; accuracy: 0.998 ; precision: 0.943 ; recall: 0.787 ; loss: 0.137
2019-01-11 04:25:01,604:INFO: Epoch 30/45
2019-01-11 04:25:11,727:INFO: - Train metrics: dsc: 0.876 ; iou: 0.810 ; accuracy: 0.999 ; precision: 0.917 ; recall: 0.881 ; loss: 0.093
2019-01-11 04:25:12,880:INFO: - Eval metrics : dsc: 0.865 ; iou: 0.801 ; accuracy: 0.999 ; precision: 0.916 ; recall: 0.875 ; loss: 0.107
2019-01-11 04:25:12,911:INFO: Epoch 31/45
2019-01-11 04:25:22,865:INFO: - Train metrics: dsc: 0.895 ; iou: 0.836 ; accuracy: 0.999 ; precision: 0.917 ; recall: 0.909 ; loss: 0.076
2019-01-11 04:25:24,047:INFO: - Eval metrics : dsc: 0.867 ; iou: 0.804 ; accuracy: 0.999 ; precision: 0.919 ; recall: 0.876 ; loss: 0.108
2019-01-11 04:25:24,087:INFO: Epoch 32/45
2019-01-11 04:25:34,160:INFO: - Train metrics: dsc: 0.902 ; iou: 0.844 ; accuracy: 0.999 ; precision: 0.923 ; recall: 0.913 ; loss: 0.069
2019-01-11 04:25:35,254:INFO: - Eval metrics : dsc: 0.876 ; iou: 0.815 ; accuracy: 0.999 ; precision: 0.917 ; recall: 0.890 ; loss: 0.102
2019-01-11 04:25:35,283:INFO: Epoch 33/45
2019-01-11 04:25:45,532:INFO: - Train metrics: dsc: 0.900 ; iou: 0.843 ; accuracy: 0.999 ; precision: 0.921 ; recall: 0.912 ; loss: 0.072
2019-01-11 04:25:46,685:INFO: - Eval metrics : dsc: 0.824 ; iou: 0.757 ; accuracy: 0.999 ; precision: 0.940 ; recall: 0.801 ; loss: 0.134
2019-01-11 04:25:46,720:INFO: Epoch 34/45
2019-01-11 04:25:56,773:INFO: - Train metrics: dsc: 0.874 ; iou: 0.814 ; accuracy: 0.999 ; precision: 0.920 ; recall: 0.884 ; loss: 0.096
2019-01-11 04:25:57,900:INFO: - Eval metrics : dsc: 0.869 ; iou: 0.808 ; accuracy: 0.999 ; precision: 0.906 ; recall: 0.890 ; loss: 0.108
2019-01-11 04:25:57,928:INFO: Epoch 35/45
2019-01-11 04:26:07,984:INFO: - Train metrics: dsc: 0.875 ; iou: 0.815 ; accuracy: 0.999 ; precision: 0.923 ; recall: 0.883 ; loss: 0.094
2019-01-11 04:26:09,130:INFO: - Eval metrics : dsc: 0.837 ; iou: 0.775 ; accuracy: 0.999 ; precision: 0.929 ; recall: 0.830 ; loss: 0.121
2019-01-11 04:26:09,161:INFO: Epoch 36/45
2019-01-11 04:26:19,354:INFO: - Train metrics: dsc: 0.876 ; iou: 0.818 ; accuracy: 0.999 ; precision: 0.923 ; recall: 0.884 ; loss: 0.094
2019-01-11 04:26:20,514:INFO: - Eval metrics : dsc: 0.857 ; iou: 0.796 ; accuracy: 0.999 ; precision: 0.907 ; recall: 0.878 ; loss: 0.122
2019-01-11 04:26:20,558:INFO: Epoch 37/45
2019-01-11 04:26:30,554:INFO: - Train metrics: dsc: 0.896 ; iou: 0.838 ; accuracy: 0.999 ; precision: 0.920 ; recall: 0.907 ; loss: 0.074
2019-01-11 04:26:31,640:INFO: - Eval metrics : dsc: 0.804 ; iou: 0.733 ; accuracy: 0.998 ; precision: 0.878 ; recall: 0.815 ; loss: 0.167
2019-01-11 04:26:31,669:INFO: Epoch 38/45
2019-01-11 04:26:41,873:INFO: - Train metrics: dsc: 0.863 ; iou: 0.800 ; accuracy: 0.999 ; precision: 0.914 ; recall: 0.873 ; loss: 0.107
2019-01-11 04:26:42,997:INFO: - Eval metrics : dsc: 0.874 ; iou: 0.813 ; accuracy: 0.999 ; precision: 0.909 ; recall: 0.885 ; loss: 0.101
2019-01-11 04:26:43,019:INFO: Epoch 39/45
2019-01-11 04:26:53,087:INFO: - Train metrics: dsc: 0.894 ; iou: 0.836 ; accuracy: 0.999 ; precision: 0.916 ; recall: 0.910 ; loss: 0.079
2019-01-11 04:26:54,253:INFO: - Eval metrics : dsc: 0.883 ; iou: 0.824 ; accuracy: 0.999 ; precision: 0.887 ; recall: 0.917 ; loss: 0.098
2019-01-11 04:26:54,285:INFO: - Found new best DSC
2019-01-11 04:26:54,285:INFO: Epoch 40/45
2019-01-11 04:27:04,385:INFO: - Train metrics: dsc: 0.900 ; iou: 0.842 ; accuracy: 0.999 ; precision: 0.918 ; recall: 0.915 ; loss: 0.071
2019-01-11 04:27:05,549:INFO: - Eval metrics : dsc: 0.879 ; iou: 0.820 ; accuracy: 0.999 ; precision: 0.880 ; recall: 0.922 ; loss: 0.096
2019-01-11 04:27:05,577:INFO: Epoch 41/45
2019-01-11 04:27:15,729:INFO: - Train metrics: dsc: 0.869 ; iou: 0.812 ; accuracy: 0.999 ; precision: 0.925 ; recall: 0.875 ; loss: 0.099
2019-01-11 04:27:16,839:INFO: - Eval metrics : dsc: 0.785 ; iou: 0.709 ; accuracy: 0.998 ; precision: 0.808 ; recall: 0.870 ; loss: 0.194
2019-01-11 04:27:16,868:INFO: Epoch 42/45
2019-01-11 04:27:26,943:INFO: - Train metrics: dsc: 0.864 ; iou: 0.799 ; accuracy: 0.999 ; precision: 0.908 ; recall: 0.877 ; loss: 0.110
2019-01-11 04:27:28,083:INFO: - Eval metrics : dsc: 0.823 ; iou: 0.754 ; accuracy: 0.998 ; precision: 0.924 ; recall: 0.818 ; loss: 0.147
2019-01-11 04:27:28,112:INFO: Epoch 43/45
2019-01-11 04:27:38,285:INFO: - Train metrics: dsc: 0.885 ; iou: 0.824 ; accuracy: 0.999 ; precision: 0.917 ; recall: 0.897 ; loss: 0.085
2019-01-11 04:27:39,382:INFO: - Eval metrics : dsc: 0.867 ; iou: 0.807 ; accuracy: 0.999 ; precision: 0.903 ; recall: 0.894 ; loss: 0.103
2019-01-11 04:27:39,418:INFO: Epoch 44/45
2019-01-11 04:27:49,532:INFO: - Train metrics: dsc: 0.811 ; iou: 0.745 ; accuracy: 0.998 ; precision: 0.893 ; recall: 0.817 ; loss: 0.160
2019-01-11 04:27:50,619:INFO: - Eval metrics : dsc: 0.787 ; iou: 0.705 ; accuracy: 0.998 ; precision: 0.809 ; recall: 0.873 ; loss: 0.198
2019-01-11 04:27:50,658:INFO: Epoch 45/45
2019-01-11 04:28:00,613:INFO: - Train metrics: dsc: 0.862 ; iou: 0.798 ; accuracy: 0.999 ; precision: 0.909 ; recall: 0.875 ; loss: 0.110
2019-01-11 04:28:01,728:INFO: - Eval metrics : dsc: 0.854 ; iou: 0.792 ; accuracy: 0.999 ; precision: 0.887 ; recall: 0.881 ; loss: 0.126
2019-01-11 04:28:01,822:INFO: Loading the datasets...
2019-01-11 04:28:06,206:INFO: - done.
2019-01-11 04:28:06,206:INFO: For k-fold 2/5:
2019-01-11 04:28:06,206:INFO: Starting training for 45 epoch(s)
2019-01-11 04:28:06,206:INFO: Epoch 1/45
2019-01-11 04:28:16,322:INFO: - Train metrics: dsc: 0.342 ; iou: 0.238 ; accuracy: 0.937 ; precision: 0.239 ; recall: 0.924 ; loss: 0.954
2019-01-11 04:28:17,464:INFO: - Eval metrics : dsc: 0.728 ; iou: 0.612 ; accuracy: 0.996 ; precision: 0.702 ; recall: 0.881 ; loss: 0.945
2019-01-11 04:28:17,528:INFO: - Found new best DSC
2019-01-11 04:28:17,528:INFO: Epoch 2/45
2019-01-11 04:28:27,574:INFO: - Train metrics: dsc: 0.644 ; iou: 0.512 ; accuracy: 0.993 ; precision: 0.523 ; recall: 0.965 ; loss: 0.915
2019-01-11 04:28:28,696:INFO: - Eval metrics : dsc: 0.664 ; iou: 0.531 ; accuracy: 0.994 ; precision: 0.538 ; recall: 0.956 ; loss: 0.864
2019-01-11 04:28:28,726:INFO: Epoch 3/45
2019-01-11 04:28:38,851:INFO: - Train metrics: dsc: 0.727 ; iou: 0.614 ; accuracy: 0.996 ; precision: 0.640 ; recall: 0.944 ; loss: 0.800
2019-01-11 04:28:39,999:INFO: - Eval metrics : dsc: 0.820 ; iou: 0.739 ; accuracy: 0.998 ; precision: 0.828 ; recall: 0.892 ; loss: 0.649
2019-01-11 04:28:40,033:INFO: - Found new best DSC
2019-01-11 04:28:40,033:INFO: Epoch 4/45
2019-01-11 04:28:50,110:INFO: - Train metrics: dsc: 0.827 ; iou: 0.745 ; accuracy: 0.998 ; precision: 0.789 ; recall: 0.935 ; loss: 0.518
2019-01-11 04:28:51,207:INFO: - Eval metrics : dsc: 0.866 ; iou: 0.798 ; accuracy: 0.999 ; precision: 0.874 ; recall: 0.906 ; loss: 0.357
2019-01-11 04:28:51,232:INFO: - Found new best DSC
2019-01-11 04:28:51,233:INFO: Epoch 5/45
2019-01-11 04:29:01,290:INFO: - Train metrics: dsc: 0.858 ; iou: 0.788 ; accuracy: 0.999 ; precision: 0.848 ; recall: 0.925 ; loss: 0.278
2019-01-11 04:29:02,392:INFO: - Eval metrics : dsc: 0.868 ; iou: 0.807 ; accuracy: 0.999 ; precision: 0.912 ; recall: 0.885 ; loss: 0.235
2019-01-11 04:29:02,415:INFO: - Found new best DSC
2019-01-11 04:29:02,415:INFO: Epoch 6/45
2019-01-11 04:29:12,490:INFO: - Train metrics: dsc: 0.864 ; iou: 0.797 ; accuracy: 0.999 ; precision: 0.871 ; recall: 0.911 ; loss: 0.201
2019-01-11 04:29:13,619:INFO: - Eval metrics : dsc: 0.873 ; iou: 0.811 ; accuracy: 0.999 ; precision: 0.872 ; recall: 0.922 ; loss: 0.181
2019-01-11 04:29:13,672:INFO: - Found new best DSC
2019-01-11 04:29:13,672:INFO: Epoch 7/45
2019-01-11 04:29:23,813:INFO: - Train metrics: dsc: 0.879 ; iou: 0.816 ; accuracy: 0.999 ; precision: 0.881 ; recall: 0.924 ; loss: 0.159
2019-01-11 04:29:24,938:INFO: - Eval metrics : dsc: 0.881 ; iou: 0.821 ; accuracy: 0.999 ; precision: 0.873 ; recall: 0.937 ; loss: 0.162
2019-01-11 04:29:24,962:INFO: - Found new best DSC
2019-01-11 04:29:24,963:INFO: Epoch 8/45
2019-01-11 04:29:35,075:INFO: - Train metrics: dsc: 0.893 ; iou: 0.833 ; accuracy: 0.999 ; precision: 0.896 ; recall: 0.927 ; loss: 0.139
2019-01-11 04:29:36,181:INFO: - Eval metrics : dsc: 0.878 ; iou: 0.816 ; accuracy: 0.999 ; precision: 0.916 ; recall: 0.890 ; loss: 0.151
2019-01-11 04:29:36,210:INFO: Epoch 9/45
2019-01-11 04:29:46,554:INFO: - Train metrics: dsc: 0.892 ; iou: 0.830 ; accuracy: 0.999 ; precision: 0.891 ; recall: 0.930 ; loss: 0.133
2019-01-11 04:29:47,698:INFO: - Eval metrics : dsc: 0.862 ; iou: 0.798 ; accuracy: 0.999 ; precision: 0.870 ; recall: 0.913 ; loss: 0.157
2019-01-11 04:29:47,729:INFO: Epoch 10/45
2019-01-11 04:29:57,781:INFO: - Train metrics: dsc: 0.896 ; iou: 0.834 ; accuracy: 0.999 ; precision: 0.900 ; recall: 0.924 ; loss: 0.128
2019-01-11 04:29:58,900:INFO: - Eval metrics : dsc: 0.835 ; iou: 0.761 ; accuracy: 0.998 ; precision: 0.806 ; recall: 0.928 ; loss: 0.172
2019-01-11 04:29:58,930:INFO: Epoch 11/45
2019-01-11 04:30:09,304:INFO: - Train metrics: dsc: 0.892 ; iou: 0.832 ; accuracy: 0.999 ; precision: 0.897 ; recall: 0.924 ; loss: 0.124
2019-01-11 04:30:10,420:INFO: - Eval metrics : dsc: 0.869 ; iou: 0.805 ; accuracy: 0.999 ; precision: 0.834 ; recall: 0.961 ; loss: 0.141
2019-01-11 04:30:10,448:INFO: Epoch 12/45
2019-01-11 04:30:20,626:INFO: - Train metrics: dsc: 0.897 ; iou: 0.838 ; accuracy: 0.999 ; precision: 0.896 ; recall: 0.931 ; loss: 0.118
2019-01-11 04:30:21,742:INFO: - Eval metrics : dsc: 0.876 ; iou: 0.819 ; accuracy: 0.999 ; precision: 0.875 ; recall: 0.924 ; loss: 0.134
2019-01-11 04:30:21,770:INFO: Epoch 13/45
2019-01-11 04:30:31,861:INFO: - Train metrics: dsc: 0.890 ; iou: 0.827 ; accuracy: 0.999 ; precision: 0.897 ; recall: 0.920 ; loss: 0.121
2019-01-11 04:30:32,964:INFO: - Eval metrics : dsc: 0.824 ; iou: 0.741 ; accuracy: 0.998 ; precision: 0.761 ; recall: 0.965 ; loss: 0.181
2019-01-11 04:30:32,987:INFO: Epoch 14/45
2019-01-11 04:30:43,085:INFO: - Train metrics: dsc: 0.884 ; iou: 0.818 ; accuracy: 0.999 ; precision: 0.889 ; recall: 0.920 ; loss: 0.125
2019-01-11 04:30:44,233:INFO: - Eval metrics : dsc: 0.878 ; iou: 0.814 ; accuracy: 0.999 ; precision: 0.893 ; recall: 0.900 ; loss: 0.132
2019-01-11 04:30:44,265:INFO: Epoch 15/45
2019-01-11 04:30:54,256:INFO: - Train metrics: dsc: 0.902 ; iou: 0.842 ; accuracy: 0.999 ; precision: 0.903 ; recall: 0.929 ; loss: 0.106
2019-01-11 04:30:55,386:INFO: - Eval metrics : dsc: 0.887 ; iou: 0.831 ; accuracy: 0.999 ; precision: 0.901 ; recall: 0.917 ; loss: 0.118
2019-01-11 04:30:55,423:INFO: - Found new best DSC
2019-01-11 04:30:55,423:INFO: Epoch 16/45
2019-01-11 04:31:05,522:INFO: - Train metrics: dsc: 0.907 ; iou: 0.849 ; accuracy: 0.999 ; precision: 0.906 ; recall: 0.934 ; loss: 0.095
2019-01-11 04:31:06,605:INFO: - Eval metrics : dsc: 0.862 ; iou: 0.798 ; accuracy: 0.999 ; precision: 0.862 ; recall: 0.913 ; loss: 0.139
2019-01-11 04:31:06,635:INFO: Epoch 17/45
2019-01-11 04:31:16,776:INFO: - Train metrics: dsc: 0.882 ; iou: 0.819 ; accuracy: 0.999 ; precision: 0.910 ; recall: 0.897 ; loss: 0.115
2019-01-11 04:31:17,882:INFO: - Eval metrics : dsc: 0.811 ; iou: 0.740 ; accuracy: 0.998 ; precision: 0.953 ; recall: 0.776 ; loss: 0.178
2019-01-11 04:31:17,911:INFO: Epoch 18/45
2019-01-11 04:31:28,165:INFO: - Train metrics: dsc: 0.891 ; iou: 0.829 ; accuracy: 0.999 ; precision: 0.896 ; recall: 0.923 ; loss: 0.103
2019-01-11 04:31:29,245:INFO: - Eval metrics : dsc: 0.877 ; iou: 0.811 ; accuracy: 0.999 ; precision: 0.933 ; recall: 0.867 ; loss: 0.114
2019-01-11 04:31:29,273:INFO: Epoch 19/45
2019-01-11 04:31:39,370:INFO: - Train metrics: dsc: 0.834 ; iou: 0.768 ; accuracy: 0.999 ; precision: 0.904 ; recall: 0.848 ; loss: 0.155
2019-01-11 04:31:40,492:INFO: - Eval metrics : dsc: 0.836 ; iou: 0.769 ; accuracy: 0.998 ; precision: 0.842 ; recall: 0.894 ; loss: 0.140
2019-01-11 04:31:40,520:INFO: Epoch 20/45
2019-01-11 04:31:50,718:INFO: - Train metrics: dsc: 0.861 ; iou: 0.794 ; accuracy: 0.999 ; precision: 0.878 ; recall: 0.899 ; loss: 0.131
2019-01-11 04:31:51,888:INFO: - Eval metrics : dsc: 0.852 ; iou: 0.782 ; accuracy: 0.999 ; precision: 0.885 ; recall: 0.879 ; loss: 0.142
2019-01-11 04:31:51,917:INFO: Epoch 21/45
2019-01-11 04:32:02,072:INFO: - Train metrics: dsc: 0.898 ; iou: 0.838 ; accuracy: 0.999 ; precision: 0.903 ; recall: 0.924 ; loss: 0.088
2019-01-11 04:32:03,167:INFO: - Eval metrics : dsc: 0.891 ; iou: 0.830 ; accuracy: 0.999 ; precision: 0.909 ; recall: 0.906 ; loss: 0.092
2019-01-11 04:32:03,200:INFO: - Found new best DSC
2019-01-11 04:32:03,200:INFO: Epoch 22/45
2019-01-11 04:32:13,228:INFO: - Train metrics: dsc: 0.900 ; iou: 0.842 ; accuracy: 0.999 ; precision: 0.904 ; recall: 0.928 ; loss: 0.086
2019-01-11 04:32:14,309:INFO: - Eval metrics : dsc: 0.879 ; iou: 0.817 ; accuracy: 0.999 ; precision: 0.909 ; recall: 0.891 ; loss: 0.096
2019-01-11 04:32:14,334:INFO: Epoch 23/45
2019-01-11 04:32:24,377:INFO: - Train metrics: dsc: 0.824 ; iou: 0.743 ; accuracy: 0.998 ; precision: 0.876 ; recall: 0.848 ; loss: 0.160
2019-01-11 04:32:25,511:INFO: - Eval metrics : dsc: 0.856 ; iou: 0.791 ; accuracy: 0.999 ; precision: 0.908 ; recall: 0.869 ; loss: 0.116
2019-01-11 04:32:25,540:INFO: Epoch 24/45
2019-01-11 04:32:35,752:INFO: - Train metrics: dsc: 0.884 ; iou: 0.817 ; accuracy: 0.999 ; precision: 0.895 ; recall: 0.909 ; loss: 0.099
2019-01-11 04:32:36,847:INFO: - Eval metrics : dsc: 0.864 ; iou: 0.799 ; accuracy: 0.999 ; precision: 0.869 ; recall: 0.913 ; loss: 0.112
2019-01-11 04:32:36,877:INFO: Epoch 25/45
2019-01-11 04:32:46,983:INFO: - Train metrics: dsc: 0.892 ; iou: 0.829 ; accuracy: 0.999 ; precision: 0.901 ; recall: 0.917 ; loss: 0.089
2019-01-11 04:32:48,054:INFO: - Eval metrics : dsc: 0.804 ; iou: 0.723 ; accuracy: 0.998 ; precision: 0.868 ; recall: 0.825 ; loss: 0.160
2019-01-11 04:32:48,079:INFO: Epoch 26/45
2019-01-11 04:32:58,119:INFO: - Train metrics: dsc: 0.865 ; iou: 0.795 ; accuracy: 0.999 ; precision: 0.897 ; recall: 0.883 ; loss: 0.117
2019-01-11 04:32:59,297:INFO: - Eval metrics : dsc: 0.872 ; iou: 0.808 ; accuracy: 0.999 ; precision: 0.898 ; recall: 0.895 ; loss: 0.098
2019-01-11 04:32:59,328:INFO: Epoch 27/45
2019-01-11 04:33:09,389:INFO: - Train metrics: dsc: 0.866 ; iou: 0.798 ; accuracy: 0.999 ; precision: 0.894 ; recall: 0.891 ; loss: 0.117
2019-01-11 04:33:10,458:INFO: - Eval metrics : dsc: 0.300 ; iou: 0.188 ; accuracy: 0.964 ; precision: 0.192 ; recall: 0.915 ; loss: 0.701
2019-01-11 04:33:10,488:INFO: Epoch 28/45
2019-01-11 04:33:20,546:INFO: - Train metrics: dsc: 0.863 ; iou: 0.793 ; accuracy: 0.999 ; precision: 0.897 ; recall: 0.881 ; loss: 0.114
2019-01-11 04:33:21,602:INFO: - Eval metrics : dsc: 0.850 ; iou: 0.779 ; accuracy: 0.999 ; precision: 0.908 ; recall: 0.849 ; loss: 0.117
2019-01-11 04:33:21,624:INFO: Epoch 29/45
2019-01-11 04:33:31,683:INFO: - Train metrics: dsc: 0.880 ; iou: 0.816 ; accuracy: 0.999 ; precision: 0.905 ; recall: 0.900 ; loss: 0.097
2019-01-11 04:33:32,782:INFO: - Eval metrics : dsc: 0.872 ; iou: 0.813 ; accuracy: 0.999 ; precision: 0.918 ; recall: 0.883 ; loss: 0.087
2019-01-11 04:33:32,808:INFO: Epoch 30/45
2019-01-11 04:33:42,975:INFO: - Train metrics: dsc: 0.892 ; iou: 0.830 ; accuracy: 0.999 ; precision: 0.898 ; recall: 0.922 ; loss: 0.091
2019-01-11 04:33:44,091:INFO: - Eval metrics : dsc: 0.878 ; iou: 0.818 ; accuracy: 0.999 ; precision: 0.890 ; recall: 0.906 ; loss: 0.089
2019-01-11 04:33:44,127:INFO: Epoch 31/45
2019-01-11 04:33:54,328:INFO: - Train metrics: dsc: 0.878 ; iou: 0.813 ; accuracy: 0.999 ; precision: 0.901 ; recall: 0.899 ; loss: 0.101
2019-01-11 04:33:55,467:INFO: - Eval metrics : dsc: 0.869 ; iou: 0.807 ; accuracy: 0.999 ; precision: 0.887 ; recall: 0.908 ; loss: 0.094
2019-01-11 04:33:55,497:INFO: Epoch 32/45
2019-01-11 04:34:05,522:INFO: - Train metrics: dsc: 0.894 ; iou: 0.833 ; accuracy: 0.999 ; precision: 0.900 ; recall: 0.923 ; loss: 0.087
2019-01-11 04:34:06,659:INFO: - Eval metrics : dsc: 0.875 ; iou: 0.811 ; accuracy: 0.999 ; precision: 0.915 ; recall: 0.884 ; loss: 0.098
2019-01-11 04:34:06,688:INFO: Epoch 33/45
2019-01-11 04:34:16,938:INFO: - Train metrics: dsc: 0.903 ; iou: 0.843 ; accuracy: 0.999 ; precision: 0.906 ; recall: 0.927 ; loss: 0.075
2019-01-11 04:34:18,063:INFO: - Eval metrics : dsc: 0.876 ; iou: 0.818 ; accuracy: 0.999 ; precision: 0.899 ; recall: 0.909 ; loss: 0.090
2019-01-11 04:34:18,085:INFO: Epoch 34/45
2019-01-11 04:34:28,048:INFO: - Train metrics: dsc: 0.905 ; iou: 0.847 ; accuracy: 0.999 ; precision: 0.905 ; recall: 0.932 ; loss: 0.074
2019-01-11 04:34:29,197:INFO: - Eval metrics : dsc: 0.882 ; iou: 0.823 ; accuracy: 0.999 ; precision: 0.902 ; recall: 0.905 ; loss: 0.089
2019-01-11 04:34:29,226:INFO: Epoch 35/45
2019-01-11 04:34:39,314:INFO: - Train metrics: dsc: 0.907 ; iou: 0.850 ; accuracy: 0.999 ; precision: 0.910 ; recall: 0.931 ; loss: 0.072
2019-01-11 04:34:40,459:INFO: - Eval metrics : dsc: 0.882 ; iou: 0.824 ; accuracy: 0.999 ; precision: 0.887 ; recall: 0.921 ; loss: 0.085
2019-01-11 04:34:40,480:INFO: Epoch 36/45
2019-01-11 04:34:50,658:INFO: - Train metrics: dsc: 0.910 ; iou: 0.855 ; accuracy: 0.999 ; precision: 0.910 ; recall: 0.935 ; loss: 0.068
2019-01-11 04:34:51,797:INFO: - Eval metrics : dsc: 0.882 ; iou: 0.823 ; accuracy: 0.999 ; precision: 0.906 ; recall: 0.905 ; loss: 0.093
2019-01-11 04:34:51,828:INFO: Epoch 37/45
2019-01-11 04:35:01,811:INFO: - Train metrics: dsc: 0.910 ; iou: 0.853 ; accuracy: 0.999 ; precision: 0.912 ; recall: 0.932 ; loss: 0.069
2019-01-11 04:35:02,921:INFO: - Eval metrics : dsc: 0.874 ; iou: 0.817 ; accuracy: 0.999 ; precision: 0.928 ; recall: 0.879 ; loss: 0.085
2019-01-11 04:35:02,952:INFO: Epoch 38/45
2019-01-11 04:35:12,999:INFO: - Train metrics: dsc: 0.913 ; iou: 0.858 ; accuracy: 0.999 ; precision: 0.915 ; recall: 0.933 ; loss: 0.063
2019-01-11 04:35:14,092:INFO: - Eval metrics : dsc: 0.879 ; iou: 0.825 ; accuracy: 0.999 ; precision: 0.904 ; recall: 0.911 ; loss: 0.086
2019-01-11 04:35:14,116:INFO: Epoch 39/45
2019-01-11 04:35:24,226:INFO: - Train metrics: dsc: 0.911 ; iou: 0.856 ; accuracy: 0.999 ; precision: 0.915 ; recall: 0.933 ; loss: 0.067
2019-01-11 04:35:25,374:INFO: - Eval metrics : dsc: 0.882 ; iou: 0.824 ; accuracy: 0.999 ; precision: 0.907 ; recall: 0.906 ; loss: 0.094
2019-01-11 04:35:25,406:INFO: Epoch 40/45
2019-01-11 04:35:35,774:INFO: - Train metrics: dsc: 0.912 ; iou: 0.857 ; accuracy: 0.999 ; precision: 0.912 ; recall: 0.937 ; loss: 0.066
2019-01-11 04:35:36,872:INFO: - Eval metrics : dsc: 0.885 ; iou: 0.828 ; accuracy: 0.999 ; precision: 0.887 ; recall: 0.929 ; loss: 0.091
2019-01-11 04:35:36,894:INFO: Epoch 41/45
2019-01-11 04:35:47,033:INFO: - Train metrics: dsc: 0.914 ; iou: 0.859 ; accuracy: 0.999 ; precision: 0.916 ; recall: 0.934 ; loss: 0.064
2019-01-11 04:35:48,090:INFO: - Eval metrics : dsc: 0.882 ; iou: 0.828 ; accuracy: 0.999 ; precision: 0.924 ; recall: 0.895 ; loss: 0.077
2019-01-11 04:35:48,121:INFO: Epoch 42/45
2019-01-11 04:35:58,263:INFO: - Train metrics: dsc: 0.888 ; iou: 0.831 ; accuracy: 0.999 ; precision: 0.916 ; recall: 0.905 ; loss: 0.088
2019-01-11 04:35:59,365:INFO: - Eval metrics : dsc: 0.675 ; iou: 0.555 ; accuracy: 0.994 ; precision: 0.611 ; recall: 0.909 ; loss: 0.294
2019-01-11 04:35:59,393:INFO: Epoch 43/45
2019-01-11 04:36:09,419:INFO: - Train metrics: dsc: 0.843 ; iou: 0.769 ; accuracy: 0.998 ; precision: 0.892 ; recall: 0.860 ; loss: 0.138
2019-01-11 04:36:10,520:INFO: - Eval metrics : dsc: 0.873 ; iou: 0.808 ; accuracy: 0.999 ; precision: 0.927 ; recall: 0.870 ; loss: 0.091
2019-01-11 04:36:10,548:INFO: Epoch 44/45
2019-01-11 04:36:20,563:INFO: - Train metrics: dsc: 0.893 ; iou: 0.831 ; accuracy: 0.999 ; precision: 0.902 ; recall: 0.919 ; loss: 0.089
2019-01-11 04:36:21,648:INFO: - Eval metrics : dsc: 0.875 ; iou: 0.818 ; accuracy: 0.999 ; precision: 0.919 ; recall: 0.889 ; loss: 0.082
2019-01-11 04:36:21,678:INFO: Epoch 45/45
2019-01-11 04:36:31,767:INFO: - Train metrics: dsc: 0.898 ; iou: 0.839 ; accuracy: 0.999 ; precision: 0.908 ; recall: 0.922 ; loss: 0.081
2019-01-11 04:36:32,870:INFO: - Eval metrics : dsc: 0.882 ; iou: 0.824 ; accuracy: 0.999 ; precision: 0.905 ; recall: 0.907 ; loss: 0.086
2019-01-11 04:36:32,963:INFO: Loading the datasets...
2019-01-11 04:36:37,813:INFO: - done.
2019-01-11 04:36:37,813:INFO: For k-fold 3/5:
2019-01-11 04:36:37,813:INFO: Starting training for 45 epoch(s)
2019-01-11 04:36:37,813:INFO: Epoch 1/45
2019-01-11 04:36:47,809:INFO: - Train metrics: dsc: 0.358 ; iou: 0.252 ; accuracy: 0.942 ; precision: 0.255 ; recall: 0.916 ; loss: 0.954
2019-01-11 04:36:48,886:INFO: - Eval metrics : dsc: 0.754 ; iou: 0.638 ; accuracy: 0.996 ; precision: 0.677 ; recall: 0.935 ; loss: 0.937
2019-01-11 04:36:48,917:INFO: - Found new best DSC
2019-01-11 04:36:48,917:INFO: Epoch 2/45
2019-01-11 04:36:58,950:INFO: - Train metrics: dsc: 0.645 ; iou: 0.513 ; accuracy: 0.993 ; precision: 0.525 ; recall: 0.960 ; loss: 0.915
2019-01-11 04:37:00,103:INFO: - Eval metrics : dsc: 0.652 ; iou: 0.512 ; accuracy: 0.993 ; precision: 0.514 ; recall: 0.969 ; loss: 0.877
2019-01-11 04:37:00,132:INFO: Epoch 3/45
2019-01-11 04:37:10,177:INFO: - Train metrics: dsc: 0.748 ; iou: 0.639 ; accuracy: 0.997 ; precision: 0.666 ; recall: 0.948 ; loss: 0.792
2019-01-11 04:37:11,242:INFO: - Eval metrics : dsc: 0.866 ; iou: 0.793 ; accuracy: 0.998 ; precision: 0.867 ; recall: 0.909 ; loss: 0.625
2019-01-11 04:37:11,276:INFO: - Found new best DSC
2019-01-11 04:37:11,276:INFO: Epoch 4/45
2019-01-11 04:37:21,430:INFO: - Train metrics: dsc: 0.822 ; iou: 0.741 ; accuracy: 0.998 ; precision: 0.795 ; recall: 0.924 ; loss: 0.496
2019-01-11 04:37:22,537:INFO: - Eval metrics : dsc: 0.848 ; iou: 0.771 ; accuracy: 0.998 ; precision: 0.815 ; recall: 0.930 ; loss: 0.355
2019-01-11 04:37:22,562:INFO: Epoch 5/45
2019-01-11 04:37:32,753:INFO: - Train metrics: dsc: 0.855 ; iou: 0.786 ; accuracy: 0.999 ; precision: 0.863 ; recall: 0.909 ; loss: 0.276
2019-01-11 04:37:33,835:INFO: - Eval metrics : dsc: 0.866 ; iou: 0.796 ; accuracy: 0.999 ; precision: 0.844 ; recall: 0.931 ; loss: 0.206
2019-01-11 04:37:33,858:INFO: Epoch 6/45
2019-01-11 04:37:44,052:INFO: - Train metrics: dsc: 0.871 ; iou: 0.809 ; accuracy: 0.999 ; precision: 0.887 ; recall: 0.912 ; loss: 0.196
2019-01-11 04:37:45,142:INFO: - Eval metrics : dsc: 0.870 ; iou: 0.802 ; accuracy: 0.999 ; precision: 0.849 ; recall: 0.935 ; loss: 0.174
2019-01-11 04:37:45,173:INFO: - Found new best DSC
2019-01-11 04:37:45,173:INFO: Epoch 7/45
2019-01-11 04:37:55,211:INFO: - Train metrics: dsc: 0.873 ; iou: 0.812 ; accuracy: 0.999 ; precision: 0.886 ; recall: 0.914 ; loss: 0.168
2019-01-11 04:37:56,354:INFO: - Eval metrics : dsc: 0.882 ; iou: 0.819 ; accuracy: 0.999 ; precision: 0.891 ; recall: 0.909 ; loss: 0.150
2019-01-11 04:37:56,384:INFO: - Found new best DSC
2019-01-11 04:37:56,384:INFO: Epoch 8/45
2019-01-11 04:38:06,567:INFO: - Train metrics: dsc: 0.882 ; iou: 0.820 ; accuracy: 0.999 ; precision: 0.891 ; recall: 0.917 ; loss: 0.154
2019-01-11 04:38:07,706:INFO: - Eval metrics : dsc: 0.879 ; iou: 0.814 ; accuracy: 0.999 ; precision: 0.880 ; recall: 0.911 ; loss: 0.145
2019-01-11 04:38:07,741:INFO: Epoch 9/45
2019-01-11 04:38:17,841:INFO: - Train metrics: dsc: 0.879 ; iou: 0.815 ; accuracy: 0.999 ; precision: 0.885 ; recall: 0.918 ; loss: 0.146
2019-01-11 04:38:18,969:INFO: - Eval metrics : dsc: 0.851 ; iou: 0.774 ; accuracy: 0.998 ; precision: 0.856 ; recall: 0.889 ; loss: 0.159
2019-01-11 04:38:19,001:INFO: Epoch 10/45
2019-01-11 04:38:29,003:INFO: - Train metrics: dsc: 0.872 ; iou: 0.807 ; accuracy: 0.999 ; precision: 0.883 ; recall: 0.912 ; loss: 0.145
2019-01-11 04:38:30,103:INFO: - Eval metrics : dsc: 0.904 ; iou: 0.845 ; accuracy: 0.999 ; precision: 0.920 ; recall: 0.914 ; loss: 0.124
2019-01-11 04:38:30,139:INFO: - Found new best DSC
2019-01-11 04:38:30,140:INFO: Epoch 11/45
2019-01-11 04:38:40,321:INFO: - Train metrics: dsc: 0.886 ; iou: 0.828 ; accuracy: 0.999 ; precision: 0.895 ; recall: 0.921 ; loss: 0.129
2019-01-11 04:38:41,468:INFO: - Eval metrics : dsc: 0.901 ; iou: 0.840 ; accuracy: 0.999 ; precision: 0.891 ; recall: 0.934 ; loss: 0.118
2019-01-11 04:38:41,491:INFO: Epoch 12/45
2019-01-11 04:38:51,618:INFO: - Train metrics: dsc: 0.889 ; iou: 0.830 ; accuracy: 0.999 ; precision: 0.896 ; recall: 0.924 ; loss: 0.124
2019-01-11 04:38:52,727:INFO: - Eval metrics : dsc: 0.888 ; iou: 0.824 ; accuracy: 0.999 ; precision: 0.872 ; recall: 0.931 ; loss: 0.123
2019-01-11 04:38:52,754:INFO: Epoch 13/45
2019-01-11 04:39:02,960:INFO: - Train metrics: dsc: 0.898 ; iou: 0.840 ; accuracy: 0.999 ; precision: 0.904 ; recall: 0.925 ; loss: 0.116
2019-01-11 04:39:04,066:INFO: - Eval metrics : dsc: 0.885 ; iou: 0.819 ; accuracy: 0.999 ; precision: 0.942 ; recall: 0.864 ; loss: 0.123
2019-01-11 04:39:04,099:INFO: Epoch 14/45
2019-01-11 04:39:14,171:INFO: - Train metrics: dsc: 0.892 ; iou: 0.833 ; accuracy: 0.999 ; precision: 0.901 ; recall: 0.923 ; loss: 0.115
2019-01-11 04:39:15,267:INFO: - Eval metrics : dsc: 0.888 ; iou: 0.825 ; accuracy: 0.999 ; precision: 0.929 ; recall: 0.877 ; loss: 0.120
2019-01-11 04:39:15,305:INFO: Epoch 15/45
2019-01-11 04:39:25,394:INFO: - Train metrics: dsc: 0.896 ; iou: 0.837 ; accuracy: 0.999 ; precision: 0.906 ; recall: 0.920 ; loss: 0.112
2019-01-11 04:39:26,477:INFO: - Eval metrics : dsc: 0.846 ; iou: 0.763 ; accuracy: 0.998 ; precision: 0.786 ; recall: 0.964 ; loss: 0.157
2019-01-11 04:39:26,498:INFO: Epoch 16/45
2019-01-11 04:39:36,685:INFO: - Train metrics: dsc: 0.902 ; iou: 0.843 ; accuracy: 0.999 ; precision: 0.908 ; recall: 0.926 ; loss: 0.099
2019-01-11 04:39:37,820:INFO: - Eval metrics : dsc: 0.903 ; iou: 0.846 ; accuracy: 0.999 ; precision: 0.901 ; recall: 0.931 ; loss: 0.097
2019-01-11 04:39:37,852:INFO: Epoch 17/45
2019-01-11 04:39:47,901:INFO: - Train metrics: dsc: 0.904 ; iou: 0.848 ; accuracy: 0.999 ; precision: 0.911 ; recall: 0.926 ; loss: 0.089
2019-01-11 04:39:49,010:INFO: - Eval metrics : dsc: 0.892 ; iou: 0.829 ; accuracy: 0.999 ; precision: 0.936 ; recall: 0.881 ; loss: 0.101
2019-01-11 04:39:49,040:INFO: Epoch 18/45
2019-01-11 04:39:59,131:INFO: - Train metrics: dsc: 0.902 ; iou: 0.844 ; accuracy: 0.999 ; precision: 0.910 ; recall: 0.925 ; loss: 0.086
2019-01-11 04:40:00,240:INFO: - Eval metrics : dsc: 0.905 ; iou: 0.850 ; accuracy: 0.999 ; precision: 0.920 ; recall: 0.919 ; loss: 0.084
2019-01-11 04:40:00,271:INFO: - Found new best DSC
2019-01-11 04:40:00,271:INFO: Epoch 19/45
2019-01-11 04:40:10,544:INFO: - Train metrics: dsc: 0.907 ; iou: 0.851 ; accuracy: 0.999 ; precision: 0.916 ; recall: 0.926 ; loss: 0.074
2019-01-11 04:40:11,625:INFO: - Eval metrics : dsc: 0.912 ; iou: 0.856 ; accuracy: 0.999 ; precision: 0.913 ; recall: 0.928 ; loss: 0.072
2019-01-11 04:40:11,656:INFO: - Found new best DSC
2019-01-11 04:40:11,656:INFO: Epoch 20/45
2019-01-11 04:40:21,809:INFO: - Train metrics: dsc: 0.891 ; iou: 0.828 ; accuracy: 0.999 ; precision: 0.906 ; recall: 0.911 ; loss: 0.088
2019-01-11 04:40:22,918:INFO: - Eval metrics : dsc: 0.879 ; iou: 0.807 ; accuracy: 0.999 ; precision: 0.954 ; recall: 0.842 ; loss: 0.104
2019-01-11 04:40:22,949:INFO: Epoch 21/45
2019-01-11 04:40:32,925:INFO: - Train metrics: dsc: 0.891 ; iou: 0.830 ; accuracy: 0.999 ; precision: 0.908 ; recall: 0.911 ; loss: 0.087
2019-01-11 04:40:33,996:INFO: - Eval metrics : dsc: 0.868 ; iou: 0.795 ; accuracy: 0.999 ; precision: 0.924 ; recall: 0.857 ; loss: 0.119
2019-01-11 04:40:34,030:INFO: Epoch 22/45
2019-01-11 04:40:44,132:INFO: - Train metrics: dsc: 0.844 ; iou: 0.780 ; accuracy: 0.999 ; precision: 0.908 ; recall: 0.859 ; loss: 0.134
2019-01-11 04:40:45,257:INFO: - Eval metrics : dsc: 0.864 ; iou: 0.793 ; accuracy: 0.999 ; precision: 0.915 ; recall: 0.861 ; loss: 0.127
2019-01-11 04:40:45,279:INFO: Epoch 23/45
2019-01-11 04:40:55,476:INFO: - Train metrics: dsc: 0.859 ; iou: 0.789 ; accuracy: 0.999 ; precision: 0.895 ; recall: 0.880 ; loss: 0.120
2019-01-11 04:40:56,585:INFO: - Eval metrics : dsc: 0.735 ; iou: 0.618 ; accuracy: 0.995 ; precision: 0.649 ; recall: 0.926 ; loss: 0.265
2019-01-11 04:40:56,618:INFO: Epoch 24/45
2019-01-11 04:41:06,748:INFO: - Train metrics: dsc: 0.886 ; iou: 0.825 ; accuracy: 0.999 ; precision: 0.908 ; recall: 0.904 ; loss: 0.088
2019-01-11 04:41:07,885:INFO: - Eval metrics : dsc: 0.892 ; iou: 0.830 ; accuracy: 0.999 ; precision: 0.926 ; recall: 0.888 ; loss: 0.088
2019-01-11 04:41:07,919:INFO: Epoch 25/45
2019-01-11 04:41:18,050:INFO: - Train metrics: dsc: 0.896 ; iou: 0.839 ; accuracy: 0.999 ; precision: 0.916 ; recall: 0.914 ; loss: 0.077
2019-01-11 04:41:19,182:INFO: - Eval metrics : dsc: 0.900 ; iou: 0.843 ; accuracy: 0.999 ; precision: 0.919 ; recall: 0.909 ; loss: 0.079
2019-01-11 04:41:19,212:INFO: Epoch 26/45
2019-01-11 04:41:29,419:INFO: - Train metrics: dsc: 0.888 ; iou: 0.828 ; accuracy: 0.999 ; precision: 0.905 ; recall: 0.911 ; loss: 0.093
2019-01-11 04:41:30,541:INFO: - Eval metrics : dsc: 0.892 ; iou: 0.833 ; accuracy: 0.999 ; precision: 0.913 ; recall: 0.910 ; loss: 0.090
2019-01-11 04:41:30,563:INFO: Epoch 27/45
2019-01-11 04:41:40,593:INFO: - Train metrics: dsc: 0.901 ; iou: 0.845 ; accuracy: 0.999 ; precision: 0.915 ; recall: 0.921 ; loss: 0.072
2019-01-11 04:41:41,693:INFO: - Eval metrics : dsc: 0.900 ; iou: 0.842 ; accuracy: 0.999 ; precision: 0.903 ; recall: 0.924 ; loss: 0.083
2019-01-11 04:41:41,719:INFO: Epoch 28/45
2019-01-11 04:41:51,861:INFO: - Train metrics: dsc: 0.898 ; iou: 0.842 ; accuracy: 0.999 ; precision: 0.915 ; recall: 0.918 ; loss: 0.075
2019-01-11 04:41:52,961:INFO: - Eval metrics : dsc: 0.891 ; iou: 0.828 ; accuracy: 0.999 ; precision: 0.947 ; recall: 0.866 ; loss: 0.087
2019-01-11 04:41:52,987:INFO: Epoch 29/45
2019-01-11 04:42:03,070:INFO: - Train metrics: dsc: 0.878 ; iou: 0.821 ; accuracy: 0.999 ; precision: 0.918 ; recall: 0.892 ; loss: 0.095
2019-01-11 04:42:04,136:INFO: - Eval metrics : dsc: 0.894 ; iou: 0.832 ; accuracy: 0.999 ; precision: 0.915 ; recall: 0.896 ; loss: 0.088
2019-01-11 04:42:04,165:INFO: Epoch 30/45
2019-01-11 04:42:14,320:INFO: - Train metrics: dsc: 0.893 ; iou: 0.836 ; accuracy: 0.999 ; precision: 0.912 ; recall: 0.915 ; loss: 0.083
2019-01-11 04:42:15,450:INFO: - Eval metrics : dsc: 0.901 ; iou: 0.842 ; accuracy: 0.999 ; precision: 0.925 ; recall: 0.903 ; loss: 0.081
2019-01-11 04:42:15,477:INFO: Epoch 31/45
2019-01-11 04:42:25,650:INFO: - Train metrics: dsc: 0.903 ; iou: 0.849 ; accuracy: 0.999 ; precision: 0.917 ; recall: 0.923 ; loss: 0.070
2019-01-11 04:42:26,720:INFO: - Eval metrics : dsc: 0.890 ; iou: 0.831 ; accuracy: 0.999 ; precision: 0.918 ; recall: 0.898 ; loss: 0.091
2019-01-11 04:42:26,750:INFO: Epoch 32/45
2019-01-11 04:42:36,778:INFO: - Train metrics: dsc: 0.902 ; iou: 0.848 ; accuracy: 0.999 ; precision: 0.917 ; recall: 0.922 ; loss: 0.069
2019-01-11 04:42:37,843:INFO: - Eval metrics : dsc: 0.901 ; iou: 0.845 ; accuracy: 0.999 ; precision: 0.918 ; recall: 0.912 ; loss: 0.081
2019-01-11 04:42:37,874:INFO: Epoch 33/45
2019-01-11 04:42:48,117:INFO: - Train metrics: dsc: 0.904 ; iou: 0.850 ; accuracy: 0.999 ; precision: 0.918 ; recall: 0.923 ; loss: 0.068
2019-01-11 04:42:49,260:INFO: - Eval metrics : dsc: 0.900 ; iou: 0.845 ; accuracy: 0.999 ; precision: 0.902 ; recall: 0.928 ; loss: 0.082
2019-01-11 04:42:49,292:INFO: Epoch 34/45
2019-01-11 04:42:59,385:INFO: - Train metrics: dsc: 0.904 ; iou: 0.851 ; accuracy: 0.999 ; precision: 0.917 ; recall: 0.925 ; loss: 0.068
2019-01-11 04:43:00,480:INFO: - Eval metrics : dsc: 0.900 ; iou: 0.843 ; accuracy: 0.999 ; precision: 0.925 ; recall: 0.904 ; loss: 0.082
2019-01-11 04:43:00,510:INFO: Epoch 35/45
2019-01-11 04:43:10,545:INFO: - Train metrics: dsc: 0.909 ; iou: 0.858 ; accuracy: 0.999 ; precision: 0.923 ; recall: 0.926 ; loss: 0.062
2019-01-11 04:43:11,659:INFO: - Eval metrics : dsc: 0.900 ; iou: 0.845 ; accuracy: 0.999 ; precision: 0.919 ; recall: 0.911 ; loss: 0.082
2019-01-11 04:43:11,688:INFO: Epoch 36/45
2019-01-11 04:43:21,836:INFO: - Train metrics: dsc: 0.891 ; iou: 0.835 ; accuracy: 0.999 ; precision: 0.919 ; recall: 0.907 ; loss: 0.079
2019-01-11 04:43:22,944:INFO: - Eval metrics : dsc: 0.857 ; iou: 0.787 ; accuracy: 0.998 ; precision: 0.867 ; recall: 0.894 ; loss: 0.129
2019-01-11 04:43:22,979:INFO: Epoch 37/45
2019-01-11 04:43:33,071:INFO: - Train metrics: dsc: 0.892 ; iou: 0.833 ; accuracy: 0.999 ; precision: 0.913 ; recall: 0.910 ; loss: 0.079
2019-01-11 04:43:34,218:INFO: - Eval metrics : dsc: 0.891 ; iou: 0.829 ; accuracy: 0.999 ; precision: 0.923 ; recall: 0.883 ; loss: 0.087
2019-01-11 04:43:34,264:INFO: Epoch 38/45
2019-01-11 04:43:44,582:INFO: - Train metrics: dsc: 0.895 ; iou: 0.839 ; accuracy: 0.999 ; precision: 0.914 ; recall: 0.914 ; loss: 0.076
2019-01-11 04:43:45,656:INFO: - Eval metrics : dsc: 0.907 ; iou: 0.849 ; accuracy: 0.999 ; precision: 0.921 ; recall: 0.918 ; loss: 0.071
2019-01-11 04:43:45,690:INFO: Epoch 39/45
2019-01-11 04:43:55,783:INFO: - Train metrics: dsc: 0.906 ; iou: 0.852 ; accuracy: 0.999 ; precision: 0.920 ; recall: 0.924 ; loss: 0.066
2019-01-11 04:43:56,936:INFO: - Eval metrics : dsc: 0.909 ; iou: 0.852 ; accuracy: 0.999 ; precision: 0.913 ; recall: 0.929 ; loss: 0.069
2019-01-11 04:43:56,966:INFO: Epoch 40/45
2019-01-11 04:44:07,097:INFO: - Train metrics: dsc: 0.910 ; iou: 0.858 ; accuracy: 0.999 ; precision: 0.922 ; recall: 0.928 ; loss: 0.062
2019-01-11 04:44:08,166:INFO: - Eval metrics : dsc: 0.908 ; iou: 0.852 ; accuracy: 0.999 ; precision: 0.921 ; recall: 0.921 ; loss: 0.069
2019-01-11 04:44:08,196:INFO: Epoch 41/45
2019-01-11 04:44:18,271:INFO: - Train metrics: dsc: 0.911 ; iou: 0.860 ; accuracy: 0.999 ; precision: 0.924 ; recall: 0.928 ; loss: 0.059
2019-01-11 04:44:19,416:INFO: - Eval metrics : dsc: 0.909 ; iou: 0.853 ; accuracy: 0.999 ; precision: 0.925 ; recall: 0.918 ; loss: 0.068
2019-01-11 04:44:19,438:INFO: Epoch 42/45
2019-01-11 04:44:29,542:INFO: - Train metrics: dsc: 0.909 ; iou: 0.856 ; accuracy: 0.999 ; precision: 0.919 ; recall: 0.929 ; loss: 0.064
2019-01-11 04:44:30,686:INFO: - Eval metrics : dsc: 0.902 ; iou: 0.845 ; accuracy: 0.999 ; precision: 0.912 ; recall: 0.917 ; loss: 0.079
2019-01-11 04:44:30,716:INFO: Epoch 43/45
2019-01-11 04:44:40,805:INFO: - Train metrics: dsc: 0.863 ; iou: 0.799 ; accuracy: 0.999 ; precision: 0.904 ; recall: 0.883 ; loss: 0.109
2019-01-11 04:44:41,917:INFO: - Eval metrics : dsc: 0.898 ; iou: 0.838 ; accuracy: 0.999 ; precision: 0.885 ; recall: 0.939 ; loss: 0.083
2019-01-11 04:44:41,946:INFO: Epoch 44/45
2019-01-11 04:44:52,147:INFO: - Train metrics: dsc: 0.903 ; iou: 0.846 ; accuracy: 0.999 ; precision: 0.914 ; recall: 0.923 ; loss: 0.069
2019-01-11 04:44:53,266:INFO: - Eval metrics : dsc: 0.906 ; iou: 0.849 ; accuracy: 0.999 ; precision: 0.934 ; recall: 0.905 ; loss: 0.071
2019-01-11 04:44:53,299:INFO: Epoch 45/45
2019-01-11 04:45:03,546:INFO: - Train metrics: dsc: 0.885 ; iou: 0.827 ; accuracy: 0.999 ; precision: 0.920 ; recall: 0.895 ; loss: 0.088
2019-01-11 04:45:04,683:INFO: - Eval metrics : dsc: 0.694 ; iou: 0.572 ; accuracy: 0.995 ; precision: 0.602 ; recall: 0.926 ; loss: 0.301
2019-01-11 04:45:04,783:INFO: Loading the datasets...
2019-01-11 04:45:09,167:INFO: - done.
2019-01-11 04:45:09,168:INFO: For k-fold 4/5:
2019-01-11 04:45:09,168:INFO: Starting training for 45 epoch(s)
2019-01-11 04:45:09,168:INFO: Epoch 1/45
2019-01-11 04:45:19,245:INFO: - Train metrics: dsc: 0.337 ; iou: 0.234 ; accuracy: 0.937 ; precision: 0.235 ; recall: 0.931 ; loss: 0.954
2019-01-11 04:45:20,323:INFO: - Eval metrics : dsc: 0.328 ; iou: 0.210 ; accuracy: 0.967 ; precision: 0.210 ; recall: 0.979 ; loss: 0.945
2019-01-11 04:45:20,353:INFO: - Found new best DSC
2019-01-11 04:45:20,353:INFO: Epoch 2/45
2019-01-11 04:45:30,483:INFO: - Train metrics: dsc: 0.647 ; iou: 0.515 ; accuracy: 0.993 ; precision: 0.522 ; recall: 0.968 ; loss: 0.916
2019-01-11 04:45:31,592:INFO: - Eval metrics : dsc: 0.682 ; iou: 0.570 ; accuracy: 0.996 ; precision: 0.679 ; recall: 0.809 ; loss: 0.921
2019-01-11 04:45:31,623:INFO: - Found new best DSC
2019-01-11 04:45:31,623:INFO: Epoch 3/45
2019-01-11 04:45:41,679:INFO: - Train metrics: dsc: 0.732 ; iou: 0.620 ; accuracy: 0.996 ; precision: 0.643 ; recall: 0.942 ; loss: 0.799
2019-01-11 04:45:42,832:INFO: - Eval metrics : dsc: 0.764 ; iou: 0.680 ; accuracy: 0.998 ; precision: 0.918 ; recall: 0.733 ; loss: 0.695
2019-01-11 04:45:42,857:INFO: - Found new best DSC
2019-01-11 04:45:42,858:INFO: Epoch 4/45
2019-01-11 04:45:52,933:INFO: - Train metrics: dsc: 0.829 ; iou: 0.750 ; accuracy: 0.998 ; precision: 0.796 ; recall: 0.936 ; loss: 0.519
2019-01-11 04:45:54,025:INFO: - Eval metrics : dsc: 0.806 ; iou: 0.715 ; accuracy: 0.998 ; precision: 0.739 ; recall: 0.961 ; loss: 0.369
2019-01-11 04:45:54,051:INFO: - Found new best DSC
2019-01-11 04:45:54,051:INFO: Epoch 5/45
2019-01-11 04:46:04,099:INFO: - Train metrics: dsc: 0.863 ; iou: 0.797 ; accuracy: 0.999 ; precision: 0.859 ; recall: 0.924 ; loss: 0.288
2019-01-11 04:46:05,180:INFO: - Eval metrics : dsc: 0.854 ; iou: 0.781 ; accuracy: 0.999 ; precision: 0.841 ; recall: 0.925 ; loss: 0.244
2019-01-11 04:46:05,210:INFO: - Found new best DSC
2019-01-11 04:46:05,210:INFO: Epoch 6/45
2019-01-11 04:46:15,321:INFO: - Train metrics: dsc: 0.873 ; iou: 0.809 ; accuracy: 0.999 ; precision: 0.879 ; recall: 0.918 ; loss: 0.200
2019-01-11 04:46:16,401:INFO: - Eval metrics : dsc: 0.868 ; iou: 0.793 ; accuracy: 0.999 ; precision: 0.861 ; recall: 0.917 ; loss: 0.189
2019-01-11 04:46:16,431:INFO: - Found new best DSC
2019-01-11 04:46:16,431:INFO: Epoch 7/45
2019-01-11 04:46:26,444:INFO: - Train metrics: dsc: 0.864 ; iou: 0.797 ; accuracy: 0.999 ; precision: 0.872 ; recall: 0.911 ; loss: 0.179
2019-01-11 04:46:27,569:INFO: - Eval metrics : dsc: 0.887 ; iou: 0.823 ; accuracy: 0.999 ; precision: 0.906 ; recall: 0.900 ; loss: 0.148
2019-01-11 04:46:27,601:INFO: - Found new best DSC
2019-01-11 04:46:27,602:INFO: Epoch 8/45
2019-01-11 04:46:37,876:INFO: - Train metrics: dsc: 0.885 ; iou: 0.823 ; accuracy: 0.999 ; precision: 0.887 ; recall: 0.923 ; loss: 0.150
2019-01-11 04:46:39,059:INFO: - Eval metrics : dsc: 0.869 ; iou: 0.804 ; accuracy: 0.999 ; precision: 0.940 ; recall: 0.853 ; loss: 0.156
2019-01-11 04:46:39,088:INFO: Epoch 9/45
2019-01-11 04:46:49,209:INFO: - Train metrics: dsc: 0.889 ; iou: 0.829 ; accuracy: 0.999 ; precision: 0.897 ; recall: 0.919 ; loss: 0.137
2019-01-11 04:46:50,339:INFO: - Eval metrics : dsc: 0.883 ; iou: 0.818 ; accuracy: 0.999 ; precision: 0.908 ; recall: 0.896 ; loss: 0.139
2019-01-11 04:46:50,370:INFO: Epoch 10/45
2019-01-11 04:47:00,466:INFO: - Train metrics: dsc: 0.889 ; iou: 0.828 ; accuracy: 0.999 ; precision: 0.889 ; recall: 0.926 ; loss: 0.129
2019-01-11 04:47:01,576:INFO: - Eval metrics : dsc: 0.889 ; iou: 0.826 ; accuracy: 0.999 ; precision: 0.916 ; recall: 0.902 ; loss: 0.125
2019-01-11 04:47:01,608:INFO: - Found new best DSC
2019-01-11 04:47:01,609:INFO: Epoch 11/45
2019-01-11 04:47:11,730:INFO: - Train metrics: dsc: 0.896 ; iou: 0.838 ; accuracy: 0.999 ; precision: 0.899 ; recall: 0.928 ; loss: 0.121
2019-01-11 04:47:12,877:INFO: - Eval metrics : dsc: 0.899 ; iou: 0.838 ; accuracy: 0.999 ; precision: 0.884 ; recall: 0.947 ; loss: 0.111
2019-01-11 04:47:12,905:INFO: - Found new best DSC
2019-01-11 04:47:12,906:INFO: Epoch 12/45
2019-01-11 04:47:22,972:INFO: - Train metrics: dsc: 0.902 ; iou: 0.846 ; accuracy: 0.999 ; precision: 0.906 ; recall: 0.929 ; loss: 0.112
2019-01-11 04:47:24,115:INFO: - Eval metrics : dsc: 0.906 ; iou: 0.847 ; accuracy: 0.999 ; precision: 0.906 ; recall: 0.931 ; loss: 0.102
2019-01-11 04:47:24,139:INFO: - Found new best DSC
2019-01-11 04:47:24,140:INFO: Epoch 13/45
2019-01-11 04:47:34,402:INFO: - Train metrics: dsc: 0.899 ; iou: 0.842 ; accuracy: 0.999 ; precision: 0.904 ; recall: 0.926 ; loss: 0.111
2019-01-11 04:47:35,518:INFO: - Eval metrics : dsc: 0.897 ; iou: 0.835 ; accuracy: 0.999 ; precision: 0.937 ; recall: 0.891 ; loss: 0.110
2019-01-11 04:47:35,539:INFO: Epoch 14/45
2019-01-11 04:47:45,589:INFO: - Train metrics: dsc: 0.888 ; iou: 0.829 ; accuracy: 0.999 ; precision: 0.902 ; recall: 0.914 ; loss: 0.113
2019-01-11 04:47:46,640:INFO: - Eval metrics : dsc: 0.850 ; iou: 0.774 ; accuracy: 0.998 ; precision: 0.809 ; recall: 0.935 ; loss: 0.157
2019-01-11 04:47:46,668:INFO: Epoch 15/45
2019-01-11 04:47:56,748:INFO: - Train metrics: dsc: 0.888 ; iou: 0.826 ; accuracy: 0.999 ; precision: 0.906 ; recall: 0.906 ; loss: 0.108
2019-01-11 04:47:57,872:INFO: - Eval metrics : dsc: 0.876 ; iou: 0.814 ; accuracy: 0.999 ; precision: 0.932 ; recall: 0.870 ; loss: 0.123
2019-01-11 04:47:57,903:INFO: Epoch 16/45
2019-01-11 04:48:07,959:INFO: - Train metrics: dsc: 0.888 ; iou: 0.829 ; accuracy: 0.999 ; precision: 0.905 ; recall: 0.912 ; loss: 0.101
2019-01-11 04:48:09,064:INFO: - Eval metrics : dsc: 0.879 ; iou: 0.820 ; accuracy: 0.999 ; precision: 0.914 ; recall: 0.894 ; loss: 0.112
2019-01-11 04:48:09,096:INFO: Epoch 17/45
2019-01-11 04:48:19,205:INFO: - Train metrics: dsc: 0.897 ; iou: 0.840 ; accuracy: 0.999 ; precision: 0.913 ; recall: 0.916 ; loss: 0.084
2019-01-11 04:48:20,332:INFO: - Eval metrics : dsc: 0.842 ; iou: 0.783 ; accuracy: 0.999 ; precision: 0.915 ; recall: 0.860 ; loss: 0.149
2019-01-11 04:48:20,362:INFO: Epoch 18/45
2019-01-11 04:48:30,366:INFO: - Train metrics: dsc: 0.891 ; iou: 0.830 ; accuracy: 0.999 ; precision: 0.908 ; recall: 0.910 ; loss: 0.088
2019-01-11 04:48:31,463:INFO: - Eval metrics : dsc: 0.891 ; iou: 0.830 ; accuracy: 0.999 ; precision: 0.928 ; recall: 0.888 ; loss: 0.098
2019-01-11 04:48:31,499:INFO: Epoch 19/45
2019-01-11 04:48:41,586:INFO: - Train metrics: dsc: 0.898 ; iou: 0.839 ; accuracy: 0.999 ; precision: 0.904 ; recall: 0.925 ; loss: 0.082
2019-01-11 04:48:42,692:INFO: - Eval metrics : dsc: 0.872 ; iou: 0.803 ; accuracy: 0.999 ; precision: 0.847 ; recall: 0.938 ; loss: 0.119
2019-01-11 04:48:42,720:INFO: Epoch 20/45
2019-01-11 04:48:52,993:INFO: - Train metrics: dsc: 0.847 ; iou: 0.777 ; accuracy: 0.998 ; precision: 0.887 ; recall: 0.871 ; loss: 0.134
2019-01-11 04:48:54,105:INFO: - Eval metrics : dsc: 0.860 ; iou: 0.789 ; accuracy: 0.999 ; precision: 0.896 ; recall: 0.879 ; loss: 0.130
2019-01-11 04:48:54,126:INFO: Epoch 21/45
2019-01-11 04:49:04,181:INFO: - Train metrics: dsc: 0.874 ; iou: 0.808 ; accuracy: 0.999 ; precision: 0.890 ; recall: 0.902 ; loss: 0.107
2019-01-11 04:49:05,281:INFO: - Eval metrics : dsc: 0.874 ; iou: 0.808 ; accuracy: 0.999 ; precision: 0.923 ; recall: 0.873 ; loss: 0.115
2019-01-11 04:49:05,306:INFO: Epoch 22/45
2019-01-11 04:49:15,325:INFO: - Train metrics: dsc: 0.846 ; iou: 0.776 ; accuracy: 0.998 ; precision: 0.894 ; recall: 0.867 ; loss: 0.131
2019-01-11 04:49:16,454:INFO: - Eval metrics : dsc: 0.829 ; iou: 0.756 ; accuracy: 0.998 ; precision: 0.946 ; recall: 0.801 ; loss: 0.157
2019-01-11 04:49:16,486:INFO: Epoch 23/45
2019-01-11 04:49:26,726:INFO: - Train metrics: dsc: 0.842 ; iou: 0.772 ; accuracy: 0.999 ; precision: 0.909 ; recall: 0.847 ; loss: 0.134
2019-01-11 04:49:27,824:INFO: - Eval metrics : dsc: 0.642 ; iou: 0.522 ; accuracy: 0.994 ; precision: 0.593 ; recall: 0.855 ; loss: 0.352
2019-01-11 04:49:27,845:INFO: Epoch 24/45
2019-01-11 04:49:37,908:INFO: - Train metrics: dsc: 0.802 ; iou: 0.733 ; accuracy: 0.998 ; precision: 0.901 ; recall: 0.809 ; loss: 0.164
2019-01-11 04:49:39,025:INFO: - Eval metrics : dsc: 0.826 ; iou: 0.762 ; accuracy: 0.999 ; precision: 0.900 ; recall: 0.835 ; loss: 0.158
2019-01-11 04:49:39,057:INFO: Epoch 25/45
2019-01-11 04:49:49,263:INFO: - Train metrics: dsc: 0.870 ; iou: 0.806 ; accuracy: 0.999 ; precision: 0.906 ; recall: 0.886 ; loss: 0.100
2019-01-11 04:49:50,429:INFO: - Eval metrics : dsc: 0.854 ; iou: 0.784 ; accuracy: 0.999 ; precision: 0.924 ; recall: 0.841 ; loss: 0.133
2019-01-11 04:49:50,473:INFO: Epoch 26/45
2019-01-11 04:50:00,567:INFO: - Train metrics: dsc: 0.812 ; iou: 0.741 ; accuracy: 0.998 ; precision: 0.906 ; recall: 0.823 ; loss: 0.160
2019-01-11 04:50:01,641:INFO: - Eval metrics : dsc: 0.833 ; iou: 0.765 ; accuracy: 0.999 ; precision: 0.895 ; recall: 0.856 ; loss: 0.151
2019-01-11 04:50:01,678:INFO: Epoch 27/45
2019-01-11 04:50:11,670:INFO: - Train metrics: dsc: 0.872 ; iou: 0.808 ; accuracy: 0.999 ; precision: 0.902 ; recall: 0.893 ; loss: 0.098
2019-01-11 04:50:12,856:INFO: - Eval metrics : dsc: 0.872 ; iou: 0.809 ; accuracy: 0.999 ; precision: 0.912 ; recall: 0.889 ; loss: 0.116
2019-01-11 04:50:12,916:INFO: Epoch 28/45
2019-01-11 04:50:22,970:INFO: - Train metrics: dsc: 0.879 ; iou: 0.818 ; accuracy: 0.999 ; precision: 0.911 ; recall: 0.897 ; loss: 0.091
2019-01-11 04:50:24,135:INFO: - Eval metrics : dsc: 0.870 ; iou: 0.808 ; accuracy: 0.999 ; precision: 0.919 ; recall: 0.878 ; loss: 0.114
2019-01-11 04:50:24,169:INFO: Epoch 29/45
2019-01-11 04:50:34,399:INFO: - Train metrics: dsc: 0.890 ; iou: 0.830 ; accuracy: 0.999 ; precision: 0.907 ; recall: 0.912 ; loss: 0.081
2019-01-11 04:50:35,560:INFO: - Eval metrics : dsc: 0.892 ; iou: 0.830 ; accuracy: 0.999 ; precision: 0.914 ; recall: 0.907 ; loss: 0.093
2019-01-11 04:50:35,588:INFO: Epoch 30/45
2019-01-11 04:50:45,794:INFO: - Train metrics: dsc: 0.895 ; iou: 0.835 ; accuracy: 0.999 ; precision: 0.906 ; recall: 0.919 ; loss: 0.076
2019-01-11 04:50:46,853:INFO: - Eval metrics : dsc: 0.874 ; iou: 0.803 ; accuracy: 0.999 ; precision: 0.914 ; recall: 0.875 ; loss: 0.120
2019-01-11 04:50:46,878:INFO: Epoch 31/45
2019-01-11 04:50:56,929:INFO: - Train metrics: dsc: 0.886 ; iou: 0.825 ; accuracy: 0.999 ; precision: 0.906 ; recall: 0.908 ; loss: 0.090
2019-01-11 04:50:58,039:INFO: - Eval metrics : dsc: 0.889 ; iou: 0.829 ; accuracy: 0.999 ; precision: 0.907 ; recall: 0.909 ; loss: 0.095
2019-01-11 04:50:58,077:INFO: Epoch 32/45
2019-01-11 04:51:08,104:INFO: - Train metrics: dsc: 0.902 ; iou: 0.844 ; accuracy: 0.999 ; precision: 0.911 ; recall: 0.923 ; loss: 0.070
2019-01-11 04:51:09,225:INFO: - Eval metrics : dsc: 0.896 ; iou: 0.838 ; accuracy: 0.999 ; precision: 0.918 ; recall: 0.908 ; loss: 0.088
2019-01-11 04:51:09,255:INFO: Epoch 33/45
2019-01-11 04:51:19,277:INFO: - Train metrics: dsc: 0.904 ; iou: 0.846 ; accuracy: 0.999 ; precision: 0.916 ; recall: 0.921 ; loss: 0.066
2019-01-11 04:51:20,387:INFO: - Eval metrics : dsc: 0.891 ; iou: 0.833 ; accuracy: 0.999 ; precision: 0.923 ; recall: 0.903 ; loss: 0.092
2019-01-11 04:51:20,417:INFO: Epoch 34/45
2019-01-11 04:51:30,446:INFO: - Train metrics: dsc: 0.903 ; iou: 0.846 ; accuracy: 0.999 ; precision: 0.909 ; recall: 0.926 ; loss: 0.067
2019-01-11 04:51:31,558:INFO: - Eval metrics : dsc: 0.883 ; iou: 0.822 ; accuracy: 0.999 ; precision: 0.904 ; recall: 0.893 ; loss: 0.106
2019-01-11 04:51:31,587:INFO: Epoch 35/45
2019-01-11 04:51:41,649:INFO: - Train metrics: dsc: 0.904 ; iou: 0.847 ; accuracy: 0.999 ; precision: 0.912 ; recall: 0.923 ; loss: 0.067
2019-01-11 04:51:42,768:INFO: - Eval metrics : dsc: 0.893 ; iou: 0.834 ; accuracy: 0.999 ; precision: 0.909 ; recall: 0.911 ; loss: 0.092
2019-01-11 04:51:42,799:INFO: Epoch 36/45
2019-01-11 04:51:52,896:INFO: - Train metrics: dsc: 0.906 ; iou: 0.851 ; accuracy: 0.999 ; precision: 0.914 ; recall: 0.927 ; loss: 0.065
2019-01-11 04:51:54,008:INFO: - Eval metrics : dsc: 0.899 ; iou: 0.841 ; accuracy: 0.999 ; precision: 0.925 ; recall: 0.904 ; loss: 0.085
2019-01-11 04:51:54,038:INFO: Epoch 37/45
2019-01-11 04:52:04,181:INFO: - Train metrics: dsc: 0.910 ; iou: 0.856 ; accuracy: 0.999 ; precision: 0.917 ; recall: 0.930 ; loss: 0.060
2019-01-11 04:52:05,279:INFO: - Eval metrics : dsc: 0.895 ; iou: 0.835 ; accuracy: 0.999 ; precision: 0.934 ; recall: 0.889 ; loss: 0.089
2019-01-11 04:52:05,300:INFO: Epoch 38/45
2019-01-11 04:52:15,349:INFO: - Train metrics: dsc: 0.911 ; iou: 0.857 ; accuracy: 0.999 ; precision: 0.917 ; recall: 0.931 ; loss: 0.058
2019-01-11 04:52:16,477:INFO: - Eval metrics : dsc: 0.896 ; iou: 0.839 ; accuracy: 0.999 ; precision: 0.907 ; recall: 0.919 ; loss: 0.088
2019-01-11 04:52:16,508:INFO: Epoch 39/45
2019-01-11 04:52:26,581:INFO: - Train metrics: dsc: 0.894 ; iou: 0.835 ; accuracy: 0.999 ; precision: 0.916 ; recall: 0.910 ; loss: 0.075
2019-01-11 04:52:27,717:INFO: - Eval metrics : dsc: 0.894 ; iou: 0.832 ; accuracy: 0.999 ; precision: 0.902 ; recall: 0.918 ; loss: 0.090
2019-01-11 04:52:27,739:INFO: Epoch 40/45
2019-01-11 04:52:37,725:INFO: - Train metrics: dsc: 0.906 ; iou: 0.851 ; accuracy: 0.999 ; precision: 0.913 ; recall: 0.929 ; loss: 0.066
2019-01-11 04:52:38,846:INFO: - Eval metrics : dsc: 0.896 ; iou: 0.837 ; accuracy: 0.999 ; precision: 0.896 ; recall: 0.926 ; loss: 0.088
2019-01-11 04:52:38,877:INFO: Epoch 41/45
2019-01-11 04:52:49,131:INFO: - Train metrics: dsc: 0.911 ; iou: 0.857 ; accuracy: 0.999 ; precision: 0.922 ; recall: 0.927 ; loss: 0.056
2019-01-11 04:52:50,225:INFO: - Eval metrics : dsc: 0.887 ; iou: 0.828 ; accuracy: 0.999 ; precision: 0.923 ; recall: 0.897 ; loss: 0.092
2019-01-11 04:52:50,262:INFO: Epoch 42/45
2019-01-11 04:53:00,314:INFO: - Train metrics: dsc: 0.913 ; iou: 0.861 ; accuracy: 0.999 ; precision: 0.923 ; recall: 0.928 ; loss: 0.054
2019-01-11 04:53:01,401:INFO: - Eval metrics : dsc: 0.889 ; iou: 0.834 ; accuracy: 0.999 ; precision: 0.920 ; recall: 0.906 ; loss: 0.093
2019-01-11 04:53:01,434:INFO: Epoch 43/45
2019-01-11 04:53:11,515:INFO: - Train metrics: dsc: 0.861 ; iou: 0.804 ; accuracy: 0.999 ; precision: 0.911 ; recall: 0.877 ; loss: 0.107
2019-01-11 04:53:12,647:INFO: - Eval metrics : dsc: 0.598 ; iou: 0.472 ; accuracy: 0.992 ; precision: 0.499 ; recall: 0.895 ; loss: 0.401
2019-01-11 04:53:12,678:INFO: Epoch 44/45
2019-01-11 04:53:23,015:INFO: - Train metrics: dsc: 0.859 ; iou: 0.791 ; accuracy: 0.999 ; precision: 0.883 ; recall: 0.888 ; loss: 0.118
2019-01-11 04:53:24,147:INFO: - Eval metrics : dsc: 0.868 ; iou: 0.805 ; accuracy: 0.999 ; precision: 0.928 ; recall: 0.867 ; loss: 0.121
2019-01-11 04:53:24,173:INFO: Epoch 45/45
2019-01-11 04:53:34,185:INFO: - Train metrics: dsc: 0.833 ; iou: 0.765 ; accuracy: 0.998 ; precision: 0.912 ; recall: 0.838 ; loss: 0.138
2019-01-11 04:53:35,276:INFO: - Eval metrics : dsc: 0.765 ; iou: 0.687 ; accuracy: 0.998 ; precision: 0.821 ; recall: 0.840 ; loss: 0.223
2019-01-11 04:53:35,375:INFO: Loading the datasets...
2019-01-11 04:53:39,774:INFO: - done.
2019-01-11 04:53:39,775:INFO: For k-fold 5/5:
2019-01-11 04:53:39,775:INFO: Starting training for 45 epoch(s)
2019-01-11 04:53:39,775:INFO: Epoch 1/45
2019-01-11 04:53:49,935:INFO: - Train metrics: dsc: 0.347 ; iou: 0.239 ; accuracy: 0.942 ; precision: 0.243 ; recall: 0.928 ; loss: 0.953
2019-01-11 04:53:51,063:INFO: - Eval metrics : dsc: 0.377 ; iou: 0.250 ; accuracy: 0.976 ; precision: 0.255 ; recall: 0.947 ; loss: 0.947
2019-01-11 04:53:51,087:INFO: - Found new best DSC
2019-01-11 04:53:51,087:INFO: Epoch 2/45
2019-01-11 04:54:01,102:INFO: - Train metrics: dsc: 0.636 ; iou: 0.501 ; accuracy: 0.993 ; precision: 0.507 ; recall: 0.967 ; loss: 0.915
2019-01-11 04:54:02,215:INFO: - Eval metrics : dsc: 0.693 ; iou: 0.568 ; accuracy: 0.996 ; precision: 0.630 ; recall: 0.900 ; loss: 0.875
2019-01-11 04:54:02,239:INFO: - Found new best DSC
2019-01-11 04:54:02,239:INFO: Epoch 3/45
2019-01-11 04:54:12,503:INFO: - Train metrics: dsc: 0.737 ; iou: 0.622 ; accuracy: 0.996 ; precision: 0.650 ; recall: 0.949 ; loss: 0.802
2019-01-11 04:54:13,580:INFO: - Eval metrics : dsc: 0.732 ; iou: 0.625 ; accuracy: 0.996 ; precision: 0.658 ; recall: 0.909 ; loss: 0.671
2019-01-11 04:54:13,613:INFO: - Found new best DSC
2019-01-11 04:54:13,613:INFO: Epoch 4/45
2019-01-11 04:54:23,724:INFO: - Train metrics: dsc: 0.826 ; iou: 0.743 ; accuracy: 0.998 ; precision: 0.789 ; recall: 0.932 ; loss: 0.513
2019-01-11 04:54:24,872:INFO: - Eval metrics : dsc: 0.846 ; iou: 0.775 ; accuracy: 0.999 ; precision: 0.860 ; recall: 0.890 ; loss: 0.377
2019-01-11 04:54:24,904:INFO: - Found new best DSC
2019-01-11 04:54:24,904:INFO: Epoch 5/45
2019-01-11 04:54:35,064:INFO: - Train metrics: dsc: 0.861 ; iou: 0.794 ; accuracy: 0.999 ; precision: 0.859 ; recall: 0.919 ; loss: 0.277
2019-01-11 04:54:36,170:INFO: - Eval metrics : dsc: 0.872 ; iou: 0.807 ; accuracy: 0.999 ; precision: 0.891 ; recall: 0.899 ; loss: 0.236
2019-01-11 04:54:36,199:INFO: - Found new best DSC
2019-01-11 04:54:36,200:INFO: Epoch 6/45
2019-01-11 04:54:46,333:INFO: - Train metrics: dsc: 0.870 ; iou: 0.806 ; accuracy: 0.999 ; precision: 0.875 ; recall: 0.916 ; loss: 0.196
2019-01-11 04:54:47,444:INFO: - Eval metrics : dsc: 0.825 ; iou: 0.744 ; accuracy: 0.998 ; precision: 0.800 ; recall: 0.916 ; loss: 0.211
2019-01-11 04:54:47,472:INFO: Epoch 7/45
2019-01-11 04:54:57,740:INFO: - Train metrics: dsc: 0.872 ; iou: 0.804 ; accuracy: 0.999 ; precision: 0.874 ; recall: 0.916 ; loss: 0.169
2019-01-11 04:54:58,884:INFO: - Eval metrics : dsc: 0.870 ; iou: 0.807 ; accuracy: 0.999 ; precision: 0.891 ; recall: 0.905 ; loss: 0.163
2019-01-11 04:54:58,913:INFO: Epoch 8/45
2019-01-11 04:55:09,018:INFO: - Train metrics: dsc: 0.889 ; iou: 0.826 ; accuracy: 0.999 ; precision: 0.888 ; recall: 0.927 ; loss: 0.144
2019-01-11 04:55:10,135:INFO: - Eval metrics : dsc: 0.835 ; iou: 0.750 ; accuracy: 0.998 ; precision: 0.863 ; recall: 0.856 ; loss: 0.182
2019-01-11 04:55:10,154:INFO: Epoch 9/45
2019-01-11 04:55:20,152:INFO: - Train metrics: dsc: 0.886 ; iou: 0.823 ; accuracy: 0.999 ; precision: 0.890 ; recall: 0.922 ; loss: 0.138
2019-01-11 04:55:21,258:INFO: - Eval metrics : dsc: 0.879 ; iou: 0.820 ; accuracy: 0.999 ; precision: 0.891 ; recall: 0.913 ; loss: 0.146
2019-01-11 04:55:21,293:INFO: - Found new best DSC
2019-01-11 04:55:21,293:INFO: Epoch 10/45
2019-01-11 04:55:31,277:INFO: - Train metrics: dsc: 0.894 ; iou: 0.834 ; accuracy: 0.999 ; precision: 0.895 ; recall: 0.929 ; loss: 0.126
2019-01-11 04:55:32,314:INFO: - Eval metrics : dsc: 0.861 ; iou: 0.797 ; accuracy: 0.999 ; precision: 0.864 ; recall: 0.917 ; loss: 0.151
2019-01-11 04:55:32,335:INFO: Epoch 11/45
2019-01-11 04:55:42,499:INFO: - Train metrics: dsc: 0.900 ; iou: 0.841 ; accuracy: 0.999 ; precision: 0.899 ; recall: 0.933 ; loss: 0.118
2019-01-11 04:55:43,619:INFO: - Eval metrics : dsc: 0.881 ; iou: 0.822 ; accuracy: 0.999 ; precision: 0.880 ; recall: 0.930 ; loss: 0.132
2019-01-11 04:55:43,650:INFO: - Found new best DSC
2019-01-11 04:55:43,650:INFO: Epoch 12/45
2019-01-11 04:55:53,760:INFO: - Train metrics: dsc: 0.901 ; iou: 0.842 ; accuracy: 0.999 ; precision: 0.901 ; recall: 0.929 ; loss: 0.115
2019-01-11 04:55:54,853:INFO: - Eval metrics : dsc: 0.884 ; iou: 0.828 ; accuracy: 0.999 ; precision: 0.884 ; recall: 0.930 ; loss: 0.130
2019-01-11 04:55:54,899:INFO: - Found new best DSC
2019-01-11 04:55:54,899:INFO: Epoch 13/45
2019-01-11 04:56:05,040:INFO: - Train metrics: dsc: 0.901 ; iou: 0.842 ; accuracy: 0.999 ; precision: 0.901 ; recall: 0.931 ; loss: 0.110
2019-01-11 04:56:06,164:INFO: - Eval metrics : dsc: 0.875 ; iou: 0.815 ; accuracy: 0.999 ; precision: 0.883 ; recall: 0.921 ; loss: 0.131
2019-01-11 04:56:06,193:INFO: Epoch 14/45
2019-01-11 04:56:16,454:INFO: - Train metrics: dsc: 0.909 ; iou: 0.853 ; accuracy: 0.999 ; precision: 0.910 ; recall: 0.933 ; loss: 0.103
2019-01-11 04:56:17,544:INFO: - Eval metrics : dsc: 0.890 ; iou: 0.834 ; accuracy: 0.999 ; precision: 0.904 ; recall: 0.920 ; loss: 0.116
2019-01-11 04:56:17,576:INFO: - Found new best DSC
2019-01-11 04:56:17,576:INFO: Epoch 15/45
2019-01-11 04:56:27,596:INFO: - Train metrics: dsc: 0.894 ; iou: 0.832 ; accuracy: 0.999 ; precision: 0.906 ; recall: 0.916 ; loss: 0.112
2019-01-11 04:56:28,773:INFO: - Eval metrics : dsc: 0.876 ; iou: 0.813 ; accuracy: 0.999 ; precision: 0.858 ; recall: 0.945 ; loss: 0.130
2019-01-11 04:56:28,810:INFO: Epoch 16/45
2019-01-11 04:56:38,944:INFO: - Train metrics: dsc: 0.900 ; iou: 0.841 ; accuracy: 0.999 ; precision: 0.907 ; recall: 0.925 ; loss: 0.102
2019-01-11 04:56:40,020:INFO: - Eval metrics : dsc: 0.854 ; iou: 0.785 ; accuracy: 0.999 ; precision: 0.876 ; recall: 0.881 ; loss: 0.146
2019-01-11 04:56:40,043:INFO: Epoch 17/45
2019-01-11 04:56:50,132:INFO: - Train metrics: dsc: 0.873 ; iou: 0.807 ; accuracy: 0.999 ; precision: 0.893 ; recall: 0.903 ; loss: 0.123
2019-01-11 04:56:51,204:INFO: - Eval metrics : dsc: 0.873 ; iou: 0.813 ; accuracy: 0.999 ; precision: 0.887 ; recall: 0.911 ; loss: 0.123
2019-01-11 04:56:51,234:INFO: Epoch 18/45
2019-01-11 04:57:01,311:INFO: - Train metrics: dsc: 0.901 ; iou: 0.840 ; accuracy: 0.999 ; precision: 0.909 ; recall: 0.921 ; loss: 0.091
2019-01-11 04:57:02,472:INFO: - Eval metrics : dsc: 0.864 ; iou: 0.801 ; accuracy: 0.999 ; precision: 0.908 ; recall: 0.883 ; loss: 0.117
2019-01-11 04:57:02,504:INFO: Epoch 19/45
2019-01-11 04:57:12,615:INFO: - Train metrics: dsc: 0.872 ; iou: 0.803 ; accuracy: 0.999 ; precision: 0.901 ; recall: 0.891 ; loss: 0.114
2019-01-11 04:57:13,720:INFO: - Eval metrics : dsc: 0.879 ; iou: 0.817 ; accuracy: 0.999 ; precision: 0.896 ; recall: 0.910 ; loss: 0.103
2019-01-11 04:57:13,753:INFO: Epoch 20/45
2019-01-11 04:57:23,876:INFO: - Train metrics: dsc: 0.865 ; iou: 0.797 ; accuracy: 0.999 ; precision: 0.903 ; recall: 0.882 ; loss: 0.115
2019-01-11 04:57:25,030:INFO: - Eval metrics : dsc: 0.876 ; iou: 0.809 ; accuracy: 0.999 ; precision: 0.882 ; recall: 0.911 ; loss: 0.107
2019-01-11 04:57:25,060:INFO: Epoch 21/45
2019-01-11 04:57:35,157:INFO: - Train metrics: dsc: 0.893 ; iou: 0.831 ; accuracy: 0.999 ; precision: 0.909 ; recall: 0.912 ; loss: 0.087
2019-01-11 04:57:36,331:INFO: - Eval metrics : dsc: 0.885 ; iou: 0.824 ; accuracy: 0.999 ; precision: 0.899 ; recall: 0.915 ; loss: 0.095
2019-01-11 04:57:36,357:INFO: Epoch 22/45
2019-01-11 04:57:46,503:INFO: - Train metrics: dsc: 0.873 ; iou: 0.807 ; accuracy: 0.999 ; precision: 0.905 ; recall: 0.889 ; loss: 0.105
2019-01-11 04:57:47,635:INFO: - Eval metrics : dsc: 0.875 ; iou: 0.809 ; accuracy: 0.999 ; precision: 0.893 ; recall: 0.903 ; loss: 0.103
2019-01-11 04:57:47,663:INFO: Epoch 23/45
2019-01-11 04:57:57,872:INFO: - Train metrics: dsc: 0.897 ; iou: 0.834 ; accuracy: 0.999 ; precision: 0.914 ; recall: 0.910 ; loss: 0.078
2019-01-11 04:57:58,936:INFO: - Eval metrics : dsc: 0.878 ; iou: 0.816 ; accuracy: 0.999 ; precision: 0.910 ; recall: 0.891 ; loss: 0.096
2019-01-11 04:57:58,977:INFO: Epoch 24/45
2019-01-11 04:58:09,068:INFO: - Train metrics: dsc: 0.898 ; iou: 0.839 ; accuracy: 0.999 ; precision: 0.911 ; recall: 0.917 ; loss: 0.078
2019-01-11 04:58:10,198:INFO: - Eval metrics : dsc: 0.884 ; iou: 0.827 ; accuracy: 0.999 ; precision: 0.901 ; recall: 0.916 ; loss: 0.094
2019-01-11 04:58:10,224:INFO: Epoch 25/45
2019-01-11 04:58:20,362:INFO: - Train metrics: dsc: 0.910 ; iou: 0.854 ; accuracy: 0.999 ; precision: 0.917 ; recall: 0.929 ; loss: 0.065
2019-01-11 04:58:21,455:INFO: - Eval metrics : dsc: 0.880 ; iou: 0.825 ; accuracy: 0.999 ; precision: 0.914 ; recall: 0.901 ; loss: 0.097
2019-01-11 04:58:21,480:INFO: Epoch 26/45
2019-01-11 04:58:31,530:INFO: - Train metrics: dsc: 0.910 ; iou: 0.856 ; accuracy: 0.999 ; precision: 0.919 ; recall: 0.928 ; loss: 0.063
2019-01-11 04:58:32,637:INFO: - Eval metrics : dsc: 0.876 ; iou: 0.820 ; accuracy: 0.999 ; precision: 0.888 ; recall: 0.917 ; loss: 0.109
2019-01-11 04:58:32,671:INFO: Epoch 27/45
2019-01-11 04:58:42,778:INFO: - Train metrics: dsc: 0.855 ; iou: 0.793 ; accuracy: 0.999 ; precision: 0.920 ; recall: 0.865 ; loss: 0.117
2019-01-11 04:58:43,942:INFO: - Eval metrics : dsc: 0.878 ; iou: 0.816 ; accuracy: 0.999 ; precision: 0.926 ; recall: 0.879 ; loss: 0.094
2019-01-11 04:58:43,972:INFO: Epoch 28/45
2019-01-11 04:58:54,053:INFO: - Train metrics: dsc: 0.858 ; iou: 0.791 ; accuracy: 0.999 ; precision: 0.909 ; recall: 0.865 ; loss: 0.115
2019-01-11 04:58:55,169:INFO: - Eval metrics : dsc: 0.871 ; iou: 0.801 ; accuracy: 0.999 ; precision: 0.923 ; recall: 0.860 ; loss: 0.101
2019-01-11 04:58:55,198:INFO: Epoch 29/45
2019-01-11 04:59:05,295:INFO: - Train metrics: dsc: 0.890 ; iou: 0.827 ; accuracy: 0.999 ; precision: 0.906 ; recall: 0.908 ; loss: 0.084
2019-01-11 04:59:06,428:INFO: - Eval metrics : dsc: 0.878 ; iou: 0.818 ; accuracy: 0.999 ; precision: 0.905 ; recall: 0.902 ; loss: 0.098
2019-01-11 04:59:06,456:INFO: Epoch 30/45
2019-01-11 04:59:16,525:INFO: - Train metrics: dsc: 0.884 ; iou: 0.822 ; accuracy: 0.999 ; precision: 0.907 ; recall: 0.904 ; loss: 0.093
2019-01-11 04:59:17,683:INFO: - Eval metrics : dsc: 0.882 ; iou: 0.823 ; accuracy: 0.999 ; precision: 0.913 ; recall: 0.899 ; loss: 0.090
2019-01-11 04:59:17,708:INFO: Epoch 31/45
2019-01-11 04:59:27,792:INFO: - Train metrics: dsc: 0.864 ; iou: 0.804 ; accuracy: 0.999 ; precision: 0.923 ; recall: 0.870 ; loss: 0.105
2019-01-11 04:59:28,864:INFO: - Eval metrics : dsc: 0.839 ; iou: 0.781 ; accuracy: 0.999 ; precision: 0.929 ; recall: 0.837 ; loss: 0.132
2019-01-11 04:59:28,887:INFO: Epoch 32/45
2019-01-11 04:59:38,915:INFO: - Train metrics: dsc: 0.870 ; iou: 0.813 ; accuracy: 0.999 ; precision: 0.928 ; recall: 0.876 ; loss: 0.095
2019-01-11 04:59:40,064:INFO: - Eval metrics : dsc: 0.879 ; iou: 0.822 ; accuracy: 0.999 ; precision: 0.904 ; recall: 0.908 ; loss: 0.096
2019-01-11 04:59:40,094:INFO: Epoch 33/45
2019-01-11 04:59:50,344:INFO: - Train metrics: dsc: 0.899 ; iou: 0.841 ; accuracy: 0.999 ; precision: 0.914 ; recall: 0.918 ; loss: 0.075
2019-01-11 04:59:51,426:INFO: - Eval metrics : dsc: 0.889 ; iou: 0.832 ; accuracy: 0.999 ; precision: 0.896 ; recall: 0.920 ; loss: 0.090
2019-01-11 04:59:51,458:INFO: Epoch 34/45
2019-01-11 05:00:01,626:INFO: - Train metrics: dsc: 0.904 ; iou: 0.848 ; accuracy: 0.999 ; precision: 0.913 ; recall: 0.924 ; loss: 0.069
2019-01-11 05:00:02,784:INFO: - Eval metrics : dsc: 0.888 ; iou: 0.832 ; accuracy: 0.999 ; precision: 0.901 ; recall: 0.917 ; loss: 0.088
2019-01-11 05:00:02,816:INFO: Epoch 35/45
2019-01-11 05:00:12,925:INFO: - Train metrics: dsc: 0.911 ; iou: 0.856 ; accuracy: 0.999 ; precision: 0.923 ; recall: 0.924 ; loss: 0.060
2019-01-11 05:00:13,985:INFO: - Eval metrics : dsc: 0.891 ; iou: 0.835 ; accuracy: 0.999 ; precision: 0.895 ; recall: 0.927 ; loss: 0.085
2019-01-11 05:00:14,018:INFO: - Found new best DSC
2019-01-11 05:00:14,019:INFO: Epoch 36/45
2019-01-11 05:00:24,169:INFO: - Train metrics: dsc: 0.912 ; iou: 0.857 ; accuracy: 0.999 ; precision: 0.916 ; recall: 0.933 ; loss: 0.061
2019-01-11 05:00:25,321:INFO: - Eval metrics : dsc: 0.879 ; iou: 0.823 ; accuracy: 0.999 ; precision: 0.862 ; recall: 0.939 ; loss: 0.106
2019-01-11 05:00:25,342:INFO: Epoch 37/45
2019-01-11 05:00:35,458:INFO: - Train metrics: dsc: 0.897 ; iou: 0.838 ; accuracy: 0.999 ; precision: 0.908 ; recall: 0.919 ; loss: 0.076
2019-01-11 05:00:36,511:INFO: - Eval metrics : dsc: 0.891 ; iou: 0.831 ; accuracy: 0.999 ; precision: 0.918 ; recall: 0.903 ; loss: 0.085
2019-01-11 05:00:36,544:INFO: - Found new best DSC
2019-01-11 05:00:36,544:INFO: Epoch 38/45
2019-01-11 05:00:46,595:INFO: - Train metrics: dsc: 0.910 ; iou: 0.855 ; accuracy: 0.999 ; precision: 0.916 ; recall: 0.930 ; loss: 0.063
2019-01-11 05:00:47,702:INFO: - Eval metrics : dsc: 0.892 ; iou: 0.836 ; accuracy: 0.999 ; precision: 0.908 ; recall: 0.917 ; loss: 0.084
2019-01-11 05:00:47,733:INFO: - Found new best DSC
2019-01-11 05:00:47,733:INFO: Epoch 39/45
2019-01-11 05:00:57,740:INFO: - Train metrics: dsc: 0.914 ; iou: 0.861 ; accuracy: 0.999 ; precision: 0.923 ; recall: 0.929 ; loss: 0.058
2019-01-11 05:00:58,802:INFO: - Eval metrics : dsc: 0.891 ; iou: 0.833 ; accuracy: 0.999 ; precision: 0.877 ; recall: 0.948 ; loss: 0.085
2019-01-11 05:00:58,829:INFO: Epoch 40/45
2019-01-11 05:01:09,021:INFO: - Train metrics: dsc: 0.914 ; iou: 0.862 ; accuracy: 0.999 ; precision: 0.921 ; recall: 0.932 ; loss: 0.057
2019-01-11 05:01:10,110:INFO: - Eval metrics : dsc: 0.892 ; iou: 0.836 ; accuracy: 0.999 ; precision: 0.893 ; recall: 0.934 ; loss: 0.084
2019-01-11 05:01:10,135:INFO: Epoch 41/45
2019-01-11 05:01:20,282:INFO: - Train metrics: dsc: 0.911 ; iou: 0.859 ; accuracy: 0.999 ; precision: 0.924 ; recall: 0.927 ; loss: 0.061
2019-01-11 05:01:21,395:INFO: - Eval metrics : dsc: 0.883 ; iou: 0.828 ; accuracy: 0.999 ; precision: 0.913 ; recall: 0.903 ; loss: 0.092
2019-01-11 05:01:21,421:INFO: Epoch 42/45
2019-01-11 05:01:31,510:INFO: - Train metrics: dsc: 0.914 ; iou: 0.862 ; accuracy: 0.999 ; precision: 0.924 ; recall: 0.930 ; loss: 0.057
2019-01-11 05:01:32,617:INFO: - Eval metrics : dsc: 0.888 ; iou: 0.833 ; accuracy: 0.999 ; precision: 0.894 ; recall: 0.930 ; loss: 0.088
2019-01-11 05:01:32,639:INFO: Epoch 43/45
2019-01-11 05:01:42,680:INFO: - Train metrics: dsc: 0.900 ; iou: 0.843 ; accuracy: 0.999 ; precision: 0.910 ; recall: 0.922 ; loss: 0.076
2019-01-11 05:01:43,797:INFO: - Eval metrics : dsc: 0.876 ; iou: 0.813 ; accuracy: 0.999 ; precision: 0.867 ; recall: 0.934 ; loss: 0.099
2019-01-11 05:01:43,826:INFO: Epoch 44/45
2019-01-11 05:01:54,014:INFO: - Train metrics: dsc: 0.904 ; iou: 0.848 ; accuracy: 0.999 ; precision: 0.915 ; recall: 0.924 ; loss: 0.070
2019-01-11 05:01:55,128:INFO: - Eval metrics : dsc: 0.891 ; iou: 0.834 ; accuracy: 0.999 ; precision: 0.906 ; recall: 0.914 ; loss: 0.085
2019-01-11 05:01:55,159:INFO: Epoch 45/45
2019-01-11 05:02:05,346:INFO: - Train metrics: dsc: 0.837 ; iou: 0.767 ; accuracy: 0.998 ; precision: 0.911 ; recall: 0.840 ; loss: 0.136
2019-01-11 05:02:06,487:INFO: - Eval metrics : dsc: 0.841 ; iou: 0.780 ; accuracy: 0.999 ; precision: 0.923 ; recall: 0.843 ; loss: 0.125
