2019-02-09 00:26:19,345:INFO: Loading the datasets...
2019-02-09 00:26:23,608:INFO: - done.
2019-02-09 00:26:23,609:INFO: For k-fold 1/5:
2019-02-09 00:26:23,609:INFO: Starting training for 45 epoch(s)
2019-02-09 00:26:23,609:INFO: Restoring parameters from experiments/EPI/model_ModelA_transfer/data_augmentation/data_rot/batch_size_30/learning_rate_0.0006/ENDO-modelA_random-data_rot-batch_size_3-learning_rate_1e-04-best.pth.tar
2019-02-09 00:26:23,626:INFO: Epoch 1/45
2019-02-09 00:26:34,017:INFO: - Train metrics: dsc: 0.864 ; iou: 0.794 ; accuracy: 0.997 ; precision: 0.917 ; recall: 0.863 ; loss: 0.136
2019-02-09 00:26:35,229:INFO: - Eval metrics : dsc: 0.899 ; iou: 0.840 ; accuracy: 0.998 ; precision: 0.923 ; recall: 0.906 ; loss: 0.102
2019-02-09 00:26:35,246:INFO: - Found new best DSC
2019-02-09 00:26:35,247:INFO: Epoch 2/45
2019-02-09 00:26:45,665:INFO: - Train metrics: dsc: 0.904 ; iou: 0.850 ; accuracy: 0.998 ; precision: 0.927 ; recall: 0.911 ; loss: 0.095
2019-02-09 00:26:46,811:INFO: - Eval metrics : dsc: 0.916 ; iou: 0.868 ; accuracy: 0.998 ; precision: 0.951 ; recall: 0.912 ; loss: 0.084
2019-02-09 00:26:46,838:INFO: - Found new best DSC
2019-02-09 00:26:46,838:INFO: Epoch 3/45
2019-02-09 00:26:57,263:INFO: - Train metrics: dsc: 0.911 ; iou: 0.861 ; accuracy: 0.998 ; precision: 0.934 ; recall: 0.919 ; loss: 0.088
2019-02-09 00:26:58,442:INFO: - Eval metrics : dsc: 0.920 ; iou: 0.869 ; accuracy: 0.998 ; precision: 0.931 ; recall: 0.925 ; loss: 0.080
2019-02-09 00:26:58,468:INFO: - Found new best DSC
2019-02-09 00:26:58,468:INFO: Epoch 4/45
2019-02-09 00:27:08,905:INFO: - Train metrics: dsc: 0.912 ; iou: 0.860 ; accuracy: 0.998 ; precision: 0.920 ; recall: 0.926 ; loss: 0.087
2019-02-09 00:27:10,077:INFO: - Eval metrics : dsc: 0.917 ; iou: 0.861 ; accuracy: 0.998 ; precision: 0.942 ; recall: 0.903 ; loss: 0.084
2019-02-09 00:27:10,097:INFO: Epoch 5/45
2019-02-09 00:27:20,508:INFO: - Train metrics: dsc: 0.913 ; iou: 0.862 ; accuracy: 0.998 ; precision: 0.928 ; recall: 0.921 ; loss: 0.086
2019-02-09 00:27:21,682:INFO: - Eval metrics : dsc: 0.931 ; iou: 0.884 ; accuracy: 0.998 ; precision: 0.943 ; recall: 0.937 ; loss: 0.069
2019-02-09 00:27:21,706:INFO: - Found new best DSC
2019-02-09 00:27:21,706:INFO: Epoch 6/45
2019-02-09 00:27:32,188:INFO: - Train metrics: dsc: 0.922 ; iou: 0.875 ; accuracy: 0.998 ; precision: 0.933 ; recall: 0.934 ; loss: 0.077
2019-02-09 00:27:33,353:INFO: - Eval metrics : dsc: 0.933 ; iou: 0.887 ; accuracy: 0.998 ; precision: 0.945 ; recall: 0.938 ; loss: 0.067
2019-02-09 00:27:33,390:INFO: - Found new best DSC
2019-02-09 00:27:33,390:INFO: Epoch 7/45
2019-02-09 00:27:43,869:INFO: - Train metrics: dsc: 0.924 ; iou: 0.876 ; accuracy: 0.998 ; precision: 0.933 ; recall: 0.931 ; loss: 0.075
2019-02-09 00:27:45,086:INFO: - Eval metrics : dsc: 0.932 ; iou: 0.886 ; accuracy: 0.998 ; precision: 0.955 ; recall: 0.927 ; loss: 0.067
2019-02-09 00:27:45,104:INFO: Epoch 8/45
2019-02-09 00:27:55,615:INFO: - Train metrics: dsc: 0.928 ; iou: 0.883 ; accuracy: 0.998 ; precision: 0.936 ; recall: 0.937 ; loss: 0.071
2019-02-09 00:27:56,803:INFO: - Eval metrics : dsc: 0.936 ; iou: 0.890 ; accuracy: 0.998 ; precision: 0.949 ; recall: 0.937 ; loss: 0.064
2019-02-09 00:27:56,830:INFO: - Found new best DSC
2019-02-09 00:27:56,830:INFO: Epoch 9/45
2019-02-09 00:28:07,271:INFO: - Train metrics: dsc: 0.921 ; iou: 0.870 ; accuracy: 0.998 ; precision: 0.923 ; recall: 0.937 ; loss: 0.079
2019-02-09 00:28:08,438:INFO: - Eval metrics : dsc: 0.925 ; iou: 0.874 ; accuracy: 0.998 ; precision: 0.952 ; recall: 0.912 ; loss: 0.075
2019-02-09 00:28:08,453:INFO: Epoch 10/45
2019-02-09 00:28:18,952:INFO: - Train metrics: dsc: 0.926 ; iou: 0.877 ; accuracy: 0.998 ; precision: 0.929 ; recall: 0.940 ; loss: 0.074
2019-02-09 00:28:20,155:INFO: - Eval metrics : dsc: 0.935 ; iou: 0.888 ; accuracy: 0.998 ; precision: 0.916 ; recall: 0.959 ; loss: 0.065
2019-02-09 00:28:20,177:INFO: Epoch 11/45
2019-02-09 00:28:30,633:INFO: - Train metrics: dsc: 0.931 ; iou: 0.885 ; accuracy: 0.998 ; precision: 0.935 ; recall: 0.944 ; loss: 0.068
2019-02-09 00:28:31,848:INFO: - Eval metrics : dsc: 0.938 ; iou: 0.894 ; accuracy: 0.998 ; precision: 0.938 ; recall: 0.947 ; loss: 0.062
2019-02-09 00:28:31,879:INFO: - Found new best DSC
2019-02-09 00:28:31,880:INFO: Epoch 12/45
2019-02-09 00:28:42,310:INFO: - Train metrics: dsc: 0.935 ; iou: 0.892 ; accuracy: 0.998 ; precision: 0.938 ; recall: 0.948 ; loss: 0.064
2019-02-09 00:28:43,477:INFO: - Eval metrics : dsc: 0.942 ; iou: 0.900 ; accuracy: 0.998 ; precision: 0.941 ; recall: 0.949 ; loss: 0.057
2019-02-09 00:28:43,501:INFO: - Found new best DSC
2019-02-09 00:28:43,501:INFO: Epoch 13/45
2019-02-09 00:28:54,004:INFO: - Train metrics: dsc: 0.940 ; iou: 0.899 ; accuracy: 0.998 ; precision: 0.940 ; recall: 0.953 ; loss: 0.059
2019-02-09 00:28:55,165:INFO: - Eval metrics : dsc: 0.943 ; iou: 0.901 ; accuracy: 0.998 ; precision: 0.949 ; recall: 0.943 ; loss: 0.057
2019-02-09 00:28:55,190:INFO: - Found new best DSC
2019-02-09 00:28:55,190:INFO: Epoch 14/45
2019-02-09 00:29:05,579:INFO: - Train metrics: dsc: 0.941 ; iou: 0.900 ; accuracy: 0.999 ; precision: 0.943 ; recall: 0.953 ; loss: 0.058
2019-02-09 00:29:06,765:INFO: - Eval metrics : dsc: 0.939 ; iou: 0.897 ; accuracy: 0.998 ; precision: 0.935 ; recall: 0.953 ; loss: 0.061
2019-02-09 00:29:06,789:INFO: Epoch 15/45
2019-02-09 00:29:17,316:INFO: - Train metrics: dsc: 0.939 ; iou: 0.899 ; accuracy: 0.999 ; precision: 0.946 ; recall: 0.949 ; loss: 0.060
2019-02-09 00:29:18,525:INFO: - Eval metrics : dsc: 0.942 ; iou: 0.901 ; accuracy: 0.998 ; precision: 0.953 ; recall: 0.938 ; loss: 0.058
2019-02-09 00:29:18,557:INFO: Epoch 16/45
2019-02-09 00:29:28,944:INFO: - Train metrics: dsc: 0.938 ; iou: 0.898 ; accuracy: 0.998 ; precision: 0.945 ; recall: 0.948 ; loss: 0.060
2019-02-09 00:29:30,126:INFO: - Eval metrics : dsc: 0.933 ; iou: 0.886 ; accuracy: 0.998 ; precision: 0.933 ; recall: 0.949 ; loss: 0.067
2019-02-09 00:29:30,147:INFO: Epoch 17/45
2019-02-09 00:29:40,631:INFO: - Train metrics: dsc: 0.939 ; iou: 0.896 ; accuracy: 0.998 ; precision: 0.939 ; recall: 0.951 ; loss: 0.061
2019-02-09 00:29:41,896:INFO: - Eval metrics : dsc: 0.937 ; iou: 0.892 ; accuracy: 0.998 ; precision: 0.944 ; recall: 0.944 ; loss: 0.063
2019-02-09 00:29:41,917:INFO: Epoch 18/45
2019-02-09 00:29:52,392:INFO: - Train metrics: dsc: 0.923 ; iou: 0.877 ; accuracy: 0.998 ; precision: 0.934 ; recall: 0.934 ; loss: 0.076
2019-02-09 00:29:53,539:INFO: - Eval metrics : dsc: 0.909 ; iou: 0.846 ; accuracy: 0.997 ; precision: 0.868 ; recall: 0.967 ; loss: 0.091
2019-02-09 00:29:53,567:INFO: Epoch 19/45
2019-02-09 00:30:03,948:INFO: - Train metrics: dsc: 0.935 ; iou: 0.892 ; accuracy: 0.998 ; precision: 0.940 ; recall: 0.946 ; loss: 0.064
2019-02-09 00:30:05,155:INFO: - Eval metrics : dsc: 0.940 ; iou: 0.893 ; accuracy: 0.998 ; precision: 0.967 ; recall: 0.921 ; loss: 0.060
2019-02-09 00:30:05,177:INFO: Epoch 20/45
2019-02-09 00:30:15,663:INFO: - Train metrics: dsc: 0.940 ; iou: 0.899 ; accuracy: 0.999 ; precision: 0.943 ; recall: 0.951 ; loss: 0.059
2019-02-09 00:30:16,871:INFO: - Eval metrics : dsc: 0.931 ; iou: 0.879 ; accuracy: 0.998 ; precision: 0.974 ; recall: 0.901 ; loss: 0.069
2019-02-09 00:30:16,894:INFO: Epoch 21/45
2019-02-09 00:30:27,380:INFO: - Train metrics: dsc: 0.940 ; iou: 0.900 ; accuracy: 0.999 ; precision: 0.942 ; recall: 0.954 ; loss: 0.059
2019-02-09 00:30:28,590:INFO: - Eval metrics : dsc: 0.938 ; iou: 0.894 ; accuracy: 0.998 ; precision: 0.937 ; recall: 0.953 ; loss: 0.061
2019-02-09 00:30:28,633:INFO: Epoch 22/45
2019-02-09 00:30:39,056:INFO: - Train metrics: dsc: 0.939 ; iou: 0.898 ; accuracy: 0.999 ; precision: 0.943 ; recall: 0.951 ; loss: 0.060
2019-02-09 00:30:40,265:INFO: - Eval metrics : dsc: 0.937 ; iou: 0.893 ; accuracy: 0.998 ; precision: 0.962 ; recall: 0.926 ; loss: 0.063
2019-02-09 00:30:40,286:INFO: Epoch 23/45
2019-02-09 00:30:50,734:INFO: - Train metrics: dsc: 0.940 ; iou: 0.899 ; accuracy: 0.999 ; precision: 0.944 ; recall: 0.950 ; loss: 0.059
2019-02-09 00:30:51,930:INFO: - Eval metrics : dsc: 0.943 ; iou: 0.899 ; accuracy: 0.998 ; precision: 0.932 ; recall: 0.959 ; loss: 0.057
2019-02-09 00:30:51,948:INFO: - Found new best DSC
2019-02-09 00:30:51,948:INFO: Epoch 24/45
2019-02-09 00:31:02,504:INFO: - Train metrics: dsc: 0.945 ; iou: 0.905 ; accuracy: 0.999 ; precision: 0.944 ; recall: 0.955 ; loss: 0.054
2019-02-09 00:31:03,712:INFO: - Eval metrics : dsc: 0.942 ; iou: 0.898 ; accuracy: 0.998 ; precision: 0.930 ; recall: 0.958 ; loss: 0.058
2019-02-09 00:31:03,733:INFO: Epoch 25/45
2019-02-09 00:31:14,298:INFO: - Train metrics: dsc: 0.944 ; iou: 0.904 ; accuracy: 0.999 ; precision: 0.947 ; recall: 0.953 ; loss: 0.055
2019-02-09 00:31:15,457:INFO: - Eval metrics : dsc: 0.945 ; iou: 0.904 ; accuracy: 0.998 ; precision: 0.949 ; recall: 0.946 ; loss: 0.055
2019-02-09 00:31:15,481:INFO: - Found new best DSC
2019-02-09 00:31:15,482:INFO: Epoch 26/45
2019-02-09 00:31:26,007:INFO: - Train metrics: dsc: 0.947 ; iou: 0.910 ; accuracy: 0.999 ; precision: 0.948 ; recall: 0.957 ; loss: 0.052
2019-02-09 00:31:27,213:INFO: - Eval metrics : dsc: 0.945 ; iou: 0.903 ; accuracy: 0.998 ; precision: 0.935 ; recall: 0.959 ; loss: 0.055
2019-02-09 00:31:27,244:INFO: Epoch 27/45
2019-02-09 00:31:37,755:INFO: - Train metrics: dsc: 0.948 ; iou: 0.911 ; accuracy: 0.999 ; precision: 0.951 ; recall: 0.956 ; loss: 0.051
2019-02-09 00:31:38,976:INFO: - Eval metrics : dsc: 0.945 ; iou: 0.903 ; accuracy: 0.998 ; precision: 0.950 ; recall: 0.945 ; loss: 0.055
2019-02-09 00:31:39,003:INFO: Epoch 28/45
2019-02-09 00:31:49,483:INFO: - Train metrics: dsc: 0.945 ; iou: 0.906 ; accuracy: 0.999 ; precision: 0.949 ; recall: 0.951 ; loss: 0.054
2019-02-09 00:31:50,685:INFO: - Eval metrics : dsc: 0.938 ; iou: 0.894 ; accuracy: 0.998 ; precision: 0.927 ; recall: 0.959 ; loss: 0.062
2019-02-09 00:31:50,729:INFO: Epoch 29/45
2019-02-09 00:32:01,231:INFO: - Train metrics: dsc: 0.948 ; iou: 0.910 ; accuracy: 0.999 ; precision: 0.951 ; recall: 0.955 ; loss: 0.051
2019-02-09 00:32:02,395:INFO: - Eval metrics : dsc: 0.929 ; iou: 0.884 ; accuracy: 0.998 ; precision: 0.968 ; recall: 0.911 ; loss: 0.071
2019-02-09 00:32:02,417:INFO: Epoch 30/45
2019-02-09 00:32:12,882:INFO: - Train metrics: dsc: 0.943 ; iou: 0.904 ; accuracy: 0.999 ; precision: 0.947 ; recall: 0.950 ; loss: 0.056
2019-02-09 00:32:14,120:INFO: - Eval metrics : dsc: 0.945 ; iou: 0.903 ; accuracy: 0.998 ; precision: 0.956 ; recall: 0.938 ; loss: 0.055
2019-02-09 00:32:14,142:INFO: Epoch 31/45
2019-02-09 00:32:24,567:INFO: - Train metrics: dsc: 0.947 ; iou: 0.909 ; accuracy: 0.999 ; precision: 0.946 ; recall: 0.957 ; loss: 0.052
2019-02-09 00:32:25,727:INFO: - Eval metrics : dsc: 0.923 ; iou: 0.876 ; accuracy: 0.998 ; precision: 0.979 ; recall: 0.894 ; loss: 0.077
2019-02-09 00:32:25,753:INFO: Epoch 32/45
2019-02-09 00:32:36,257:INFO: - Train metrics: dsc: 0.944 ; iou: 0.905 ; accuracy: 0.999 ; precision: 0.949 ; recall: 0.951 ; loss: 0.055
2019-02-09 00:32:37,468:INFO: - Eval metrics : dsc: 0.943 ; iou: 0.900 ; accuracy: 0.998 ; precision: 0.943 ; recall: 0.949 ; loss: 0.057
2019-02-09 00:32:37,484:INFO: Epoch 33/45
2019-02-09 00:32:48,059:INFO: - Train metrics: dsc: 0.945 ; iou: 0.906 ; accuracy: 0.999 ; precision: 0.951 ; recall: 0.951 ; loss: 0.054
2019-02-09 00:32:49,220:INFO: - Eval metrics : dsc: 0.938 ; iou: 0.894 ; accuracy: 0.998 ; precision: 0.928 ; recall: 0.957 ; loss: 0.062
2019-02-09 00:32:49,241:INFO: Epoch 34/45
2019-02-09 00:32:59,699:INFO: - Train metrics: dsc: 0.948 ; iou: 0.911 ; accuracy: 0.999 ; precision: 0.951 ; recall: 0.955 ; loss: 0.050
2019-02-09 00:33:00,868:INFO: - Eval metrics : dsc: 0.942 ; iou: 0.899 ; accuracy: 0.998 ; precision: 0.933 ; recall: 0.956 ; loss: 0.057
2019-02-09 00:33:00,892:INFO: Epoch 35/45
2019-02-09 00:33:11,382:INFO: - Train metrics: dsc: 0.949 ; iou: 0.912 ; accuracy: 0.999 ; precision: 0.952 ; recall: 0.956 ; loss: 0.050
2019-02-09 00:33:12,604:INFO: - Eval metrics : dsc: 0.942 ; iou: 0.903 ; accuracy: 0.999 ; precision: 0.953 ; recall: 0.944 ; loss: 0.057
2019-02-09 00:33:12,628:INFO: Epoch 36/45
2019-02-09 00:33:23,061:INFO: - Train metrics: dsc: 0.952 ; iou: 0.918 ; accuracy: 0.999 ; precision: 0.956 ; recall: 0.957 ; loss: 0.047
2019-02-09 00:33:24,246:INFO: - Eval metrics : dsc: 0.948 ; iou: 0.907 ; accuracy: 0.999 ; precision: 0.945 ; recall: 0.954 ; loss: 0.052
2019-02-09 00:33:24,297:INFO: - Found new best DSC
2019-02-09 00:33:24,297:INFO: Epoch 37/45
2019-02-09 00:33:34,772:INFO: - Train metrics: dsc: 0.949 ; iou: 0.913 ; accuracy: 0.999 ; precision: 0.952 ; recall: 0.956 ; loss: 0.049
2019-02-09 00:33:35,984:INFO: - Eval metrics : dsc: 0.942 ; iou: 0.902 ; accuracy: 0.999 ; precision: 0.953 ; recall: 0.939 ; loss: 0.057
2019-02-09 00:33:36,003:INFO: Epoch 38/45
2019-02-09 00:33:46,532:INFO: - Train metrics: dsc: 0.952 ; iou: 0.918 ; accuracy: 0.999 ; precision: 0.955 ; recall: 0.958 ; loss: 0.046
2019-02-09 00:33:47,701:INFO: - Eval metrics : dsc: 0.945 ; iou: 0.904 ; accuracy: 0.999 ; precision: 0.958 ; recall: 0.935 ; loss: 0.055
2019-02-09 00:33:47,717:INFO: Epoch 39/45
2019-02-09 00:33:58,212:INFO: - Train metrics: dsc: 0.954 ; iou: 0.920 ; accuracy: 0.999 ; precision: 0.959 ; recall: 0.958 ; loss: 0.045
2019-02-09 00:33:59,373:INFO: - Eval metrics : dsc: 0.943 ; iou: 0.904 ; accuracy: 0.999 ; precision: 0.948 ; recall: 0.945 ; loss: 0.056
2019-02-09 00:33:59,402:INFO: Epoch 40/45
2019-02-09 00:34:09,965:INFO: - Train metrics: dsc: 0.955 ; iou: 0.923 ; accuracy: 0.999 ; precision: 0.958 ; recall: 0.961 ; loss: 0.043
2019-02-09 00:34:11,129:INFO: - Eval metrics : dsc: 0.942 ; iou: 0.902 ; accuracy: 0.998 ; precision: 0.941 ; recall: 0.951 ; loss: 0.058
2019-02-09 00:34:11,151:INFO: Epoch 41/45
2019-02-09 00:34:21,580:INFO: - Train metrics: dsc: 0.955 ; iou: 0.923 ; accuracy: 0.999 ; precision: 0.960 ; recall: 0.960 ; loss: 0.043
2019-02-09 00:34:22,732:INFO: - Eval metrics : dsc: 0.943 ; iou: 0.903 ; accuracy: 0.999 ; precision: 0.941 ; recall: 0.953 ; loss: 0.056
2019-02-09 00:34:22,761:INFO: Epoch 42/45
2019-02-09 00:34:33,209:INFO: - Train metrics: dsc: 0.957 ; iou: 0.927 ; accuracy: 0.999 ; precision: 0.962 ; recall: 0.962 ; loss: 0.041
2019-02-09 00:34:34,444:INFO: - Eval metrics : dsc: 0.943 ; iou: 0.904 ; accuracy: 0.999 ; precision: 0.941 ; recall: 0.953 ; loss: 0.057
2019-02-09 00:34:34,460:INFO: Epoch 43/45
2019-02-09 00:34:44,972:INFO: - Train metrics: dsc: 0.956 ; iou: 0.924 ; accuracy: 0.999 ; precision: 0.959 ; recall: 0.963 ; loss: 0.042
2019-02-09 00:34:46,165:INFO: - Eval metrics : dsc: 0.945 ; iou: 0.905 ; accuracy: 0.999 ; precision: 0.961 ; recall: 0.937 ; loss: 0.055
2019-02-09 00:34:46,188:INFO: Epoch 44/45
2019-02-09 00:34:56,662:INFO: - Train metrics: dsc: 0.957 ; iou: 0.926 ; accuracy: 0.999 ; precision: 0.962 ; recall: 0.962 ; loss: 0.042
2019-02-09 00:34:57,840:INFO: - Eval metrics : dsc: 0.943 ; iou: 0.905 ; accuracy: 0.999 ; precision: 0.945 ; recall: 0.948 ; loss: 0.056
2019-02-09 00:34:57,862:INFO: Epoch 45/45
2019-02-09 00:35:08,329:INFO: - Train metrics: dsc: 0.957 ; iou: 0.927 ; accuracy: 0.999 ; precision: 0.962 ; recall: 0.962 ; loss: 0.041
2019-02-09 00:35:09,485:INFO: - Eval metrics : dsc: 0.943 ; iou: 0.903 ; accuracy: 0.999 ; precision: 0.942 ; recall: 0.951 ; loss: 0.057
2019-02-09 00:35:09,552:INFO: Loading the datasets...
2019-02-09 00:35:13,776:INFO: - done.
2019-02-09 00:35:13,776:INFO: For k-fold 2/5:
2019-02-09 00:35:13,776:INFO: Starting training for 45 epoch(s)
2019-02-09 00:35:13,776:INFO: Restoring parameters from experiments/EPI/model_ModelA_transfer/data_augmentation/data_rot/batch_size_30/learning_rate_0.0006/ENDO-modelA_random-data_rot-batch_size_3-learning_rate_1e-04-best.pth.tar
2019-02-09 00:35:13,794:INFO: Epoch 1/45
2019-02-09 00:35:24,193:INFO: - Train metrics: dsc: 0.869 ; iou: 0.798 ; accuracy: 0.997 ; precision: 0.916 ; recall: 0.869 ; loss: 0.132
2019-02-09 00:35:25,318:INFO: - Eval metrics : dsc: 0.899 ; iou: 0.844 ; accuracy: 0.998 ; precision: 0.931 ; recall: 0.901 ; loss: 0.100
2019-02-09 00:35:25,345:INFO: - Found new best DSC
2019-02-09 00:35:25,345:INFO: Epoch 2/45
2019-02-09 00:35:35,808:INFO: - Train metrics: dsc: 0.907 ; iou: 0.854 ; accuracy: 0.998 ; precision: 0.925 ; recall: 0.916 ; loss: 0.093
2019-02-09 00:35:37,015:INFO: - Eval metrics : dsc: 0.904 ; iou: 0.848 ; accuracy: 0.998 ; precision: 0.910 ; recall: 0.929 ; loss: 0.095
2019-02-09 00:35:37,051:INFO: - Found new best DSC
2019-02-09 00:35:37,051:INFO: Epoch 3/45
2019-02-09 00:35:47,513:INFO: - Train metrics: dsc: 0.916 ; iou: 0.865 ; accuracy: 0.998 ; precision: 0.928 ; recall: 0.923 ; loss: 0.084
2019-02-09 00:35:48,651:INFO: - Eval metrics : dsc: 0.914 ; iou: 0.861 ; accuracy: 0.998 ; precision: 0.934 ; recall: 0.916 ; loss: 0.084
2019-02-09 00:35:48,674:INFO: - Found new best DSC
2019-02-09 00:35:48,674:INFO: Epoch 4/45
2019-02-09 00:35:59,174:INFO: - Train metrics: dsc: 0.922 ; iou: 0.874 ; accuracy: 0.998 ; precision: 0.933 ; recall: 0.930 ; loss: 0.077
2019-02-09 00:36:00,442:INFO: - Eval metrics : dsc: 0.901 ; iou: 0.843 ; accuracy: 0.998 ; precision: 0.953 ; recall: 0.872 ; loss: 0.098
2019-02-09 00:36:00,468:INFO: Epoch 5/45
2019-02-09 00:36:10,939:INFO: - Train metrics: dsc: 0.917 ; iou: 0.864 ; accuracy: 0.998 ; precision: 0.932 ; recall: 0.923 ; loss: 0.082
2019-02-09 00:36:12,088:INFO: - Eval metrics : dsc: 0.888 ; iou: 0.821 ; accuracy: 0.997 ; precision: 0.849 ; recall: 0.950 ; loss: 0.111
2019-02-09 00:36:12,109:INFO: Epoch 6/45
2019-02-09 00:36:22,603:INFO: - Train metrics: dsc: 0.923 ; iou: 0.874 ; accuracy: 0.998 ; precision: 0.936 ; recall: 0.932 ; loss: 0.076
2019-02-09 00:36:23,882:INFO: - Eval metrics : dsc: 0.919 ; iou: 0.871 ; accuracy: 0.998 ; precision: 0.944 ; recall: 0.919 ; loss: 0.079
2019-02-09 00:36:23,914:INFO: - Found new best DSC
2019-02-09 00:36:23,914:INFO: Epoch 7/45
2019-02-09 00:36:34,442:INFO: - Train metrics: dsc: 0.930 ; iou: 0.884 ; accuracy: 0.998 ; precision: 0.940 ; recall: 0.937 ; loss: 0.069
2019-02-09 00:36:35,629:INFO: - Eval metrics : dsc: 0.921 ; iou: 0.873 ; accuracy: 0.998 ; precision: 0.931 ; recall: 0.935 ; loss: 0.078
2019-02-09 00:36:35,665:INFO: - Found new best DSC
2019-02-09 00:36:35,666:INFO: Epoch 8/45
2019-02-09 00:36:46,249:INFO: - Train metrics: dsc: 0.929 ; iou: 0.885 ; accuracy: 0.998 ; precision: 0.941 ; recall: 0.939 ; loss: 0.070
2019-02-09 00:36:47,467:INFO: - Eval metrics : dsc: 0.921 ; iou: 0.870 ; accuracy: 0.998 ; precision: 0.943 ; recall: 0.917 ; loss: 0.079
2019-02-09 00:36:47,492:INFO: Epoch 9/45
2019-02-09 00:36:57,895:INFO: - Train metrics: dsc: 0.933 ; iou: 0.889 ; accuracy: 0.998 ; precision: 0.943 ; recall: 0.939 ; loss: 0.066
2019-02-09 00:36:59,048:INFO: - Eval metrics : dsc: 0.922 ; iou: 0.876 ; accuracy: 0.998 ; precision: 0.942 ; recall: 0.927 ; loss: 0.076
2019-02-09 00:36:59,070:INFO: - Found new best DSC
2019-02-09 00:36:59,070:INFO: Epoch 10/45
2019-02-09 00:37:09,541:INFO: - Train metrics: dsc: 0.937 ; iou: 0.896 ; accuracy: 0.998 ; precision: 0.947 ; recall: 0.945 ; loss: 0.062
2019-02-09 00:37:10,688:INFO: - Eval metrics : dsc: 0.921 ; iou: 0.875 ; accuracy: 0.998 ; precision: 0.941 ; recall: 0.924 ; loss: 0.076
2019-02-09 00:37:10,720:INFO: Epoch 11/45
2019-02-09 00:37:21,261:INFO: - Train metrics: dsc: 0.940 ; iou: 0.901 ; accuracy: 0.999 ; precision: 0.950 ; recall: 0.947 ; loss: 0.059
2019-02-09 00:37:22,416:INFO: - Eval metrics : dsc: 0.923 ; iou: 0.876 ; accuracy: 0.998 ; precision: 0.952 ; recall: 0.915 ; loss: 0.075
2019-02-09 00:37:22,434:INFO: - Found new best DSC
2019-02-09 00:37:22,434:INFO: Epoch 12/45
2019-02-09 00:37:32,898:INFO: - Train metrics: dsc: 0.938 ; iou: 0.898 ; accuracy: 0.999 ; precision: 0.950 ; recall: 0.944 ; loss: 0.061
2019-02-09 00:37:34,105:INFO: - Eval metrics : dsc: 0.925 ; iou: 0.878 ; accuracy: 0.998 ; precision: 0.932 ; recall: 0.940 ; loss: 0.073
2019-02-09 00:37:34,124:INFO: - Found new best DSC
2019-02-09 00:37:34,124:INFO: Epoch 13/45
2019-02-09 00:37:44,673:INFO: - Train metrics: dsc: 0.937 ; iou: 0.896 ; accuracy: 0.998 ; precision: 0.947 ; recall: 0.943 ; loss: 0.062
2019-02-09 00:37:45,867:INFO: - Eval metrics : dsc: 0.918 ; iou: 0.870 ; accuracy: 0.998 ; precision: 0.945 ; recall: 0.916 ; loss: 0.080
2019-02-09 00:37:45,882:INFO: Epoch 14/45
2019-02-09 00:37:56,356:INFO: - Train metrics: dsc: 0.939 ; iou: 0.899 ; accuracy: 0.998 ; precision: 0.945 ; recall: 0.949 ; loss: 0.060
2019-02-09 00:37:57,500:INFO: - Eval metrics : dsc: 0.917 ; iou: 0.867 ; accuracy: 0.998 ; precision: 0.957 ; recall: 0.895 ; loss: 0.082
2019-02-09 00:37:57,531:INFO: Epoch 15/45
2019-02-09 00:38:08,079:INFO: - Train metrics: dsc: 0.942 ; iou: 0.903 ; accuracy: 0.999 ; precision: 0.950 ; recall: 0.947 ; loss: 0.057
2019-02-09 00:38:09,220:INFO: - Eval metrics : dsc: 0.923 ; iou: 0.879 ; accuracy: 0.998 ; precision: 0.920 ; recall: 0.941 ; loss: 0.075
2019-02-09 00:38:09,243:INFO: Epoch 16/45
2019-02-09 00:38:19,752:INFO: - Train metrics: dsc: 0.943 ; iou: 0.905 ; accuracy: 0.999 ; precision: 0.947 ; recall: 0.953 ; loss: 0.056
2019-02-09 00:38:20,931:INFO: - Eval metrics : dsc: 0.922 ; iou: 0.878 ; accuracy: 0.998 ; precision: 0.952 ; recall: 0.915 ; loss: 0.076
2019-02-09 00:38:20,948:INFO: Epoch 17/45
2019-02-09 00:38:31,488:INFO: - Train metrics: dsc: 0.944 ; iou: 0.907 ; accuracy: 0.999 ; precision: 0.953 ; recall: 0.950 ; loss: 0.055
2019-02-09 00:38:32,662:INFO: - Eval metrics : dsc: 0.917 ; iou: 0.867 ; accuracy: 0.998 ; precision: 0.950 ; recall: 0.900 ; loss: 0.083
2019-02-09 00:38:32,694:INFO: Epoch 18/45
2019-02-09 00:38:43,297:INFO: - Train metrics: dsc: 0.942 ; iou: 0.904 ; accuracy: 0.999 ; precision: 0.949 ; recall: 0.950 ; loss: 0.057
2019-02-09 00:38:44,526:INFO: - Eval metrics : dsc: 0.926 ; iou: 0.881 ; accuracy: 0.998 ; precision: 0.932 ; recall: 0.942 ; loss: 0.072
2019-02-09 00:38:44,557:INFO: - Found new best DSC
2019-02-09 00:38:44,557:INFO: Epoch 19/45
2019-02-09 00:38:55,038:INFO: - Train metrics: dsc: 0.945 ; iou: 0.909 ; accuracy: 0.999 ; precision: 0.953 ; recall: 0.951 ; loss: 0.054
2019-02-09 00:38:56,254:INFO: - Eval metrics : dsc: 0.924 ; iou: 0.878 ; accuracy: 0.998 ; precision: 0.921 ; recall: 0.942 ; loss: 0.074
2019-02-09 00:38:56,280:INFO: Epoch 20/45
2019-02-09 00:39:06,787:INFO: - Train metrics: dsc: 0.945 ; iou: 0.908 ; accuracy: 0.999 ; precision: 0.951 ; recall: 0.953 ; loss: 0.054
2019-02-09 00:39:07,951:INFO: - Eval metrics : dsc: 0.924 ; iou: 0.878 ; accuracy: 0.998 ; precision: 0.935 ; recall: 0.932 ; loss: 0.074
2019-02-09 00:39:07,977:INFO: Epoch 21/45
2019-02-09 00:39:18,505:INFO: - Train metrics: dsc: 0.947 ; iou: 0.910 ; accuracy: 0.999 ; precision: 0.951 ; recall: 0.954 ; loss: 0.052
2019-02-09 00:39:19,653:INFO: - Eval metrics : dsc: 0.922 ; iou: 0.873 ; accuracy: 0.998 ; precision: 0.916 ; recall: 0.952 ; loss: 0.076
2019-02-09 00:39:19,669:INFO: Epoch 22/45
2019-02-09 00:39:30,186:INFO: - Train metrics: dsc: 0.944 ; iou: 0.907 ; accuracy: 0.999 ; precision: 0.949 ; recall: 0.952 ; loss: 0.055
2019-02-09 00:39:31,342:INFO: - Eval metrics : dsc: 0.921 ; iou: 0.876 ; accuracy: 0.998 ; precision: 0.927 ; recall: 0.929 ; loss: 0.078
2019-02-09 00:39:31,376:INFO: Epoch 23/45
2019-02-09 00:39:41,811:INFO: - Train metrics: dsc: 0.948 ; iou: 0.909 ; accuracy: 0.999 ; precision: 0.952 ; recall: 0.953 ; loss: 0.051
2019-02-09 00:39:42,982:INFO: - Eval metrics : dsc: 0.929 ; iou: 0.885 ; accuracy: 0.998 ; precision: 0.929 ; recall: 0.944 ; loss: 0.070
2019-02-09 00:39:43,010:INFO: - Found new best DSC
2019-02-09 00:39:43,010:INFO: Epoch 24/45
2019-02-09 00:39:53,431:INFO: - Train metrics: dsc: 0.950 ; iou: 0.913 ; accuracy: 0.999 ; precision: 0.954 ; recall: 0.955 ; loss: 0.049
2019-02-09 00:39:54,594:INFO: - Eval metrics : dsc: 0.927 ; iou: 0.880 ; accuracy: 0.998 ; precision: 0.912 ; recall: 0.959 ; loss: 0.073
2019-02-09 00:39:54,618:INFO: Epoch 25/45
2019-02-09 00:40:05,061:INFO: - Train metrics: dsc: 0.952 ; iou: 0.914 ; accuracy: 0.999 ; precision: 0.953 ; recall: 0.957 ; loss: 0.047
2019-02-09 00:40:06,204:INFO: - Eval metrics : dsc: 0.922 ; iou: 0.878 ; accuracy: 0.998 ; precision: 0.921 ; recall: 0.940 ; loss: 0.077
2019-02-09 00:40:06,233:INFO: Epoch 26/45
2019-02-09 00:40:16,688:INFO: - Train metrics: dsc: 0.942 ; iou: 0.900 ; accuracy: 0.998 ; precision: 0.944 ; recall: 0.951 ; loss: 0.057
2019-02-09 00:40:17,876:INFO: - Eval metrics : dsc: 0.917 ; iou: 0.869 ; accuracy: 0.998 ; precision: 0.942 ; recall: 0.911 ; loss: 0.082
2019-02-09 00:40:17,897:INFO: Epoch 27/45
2019-02-09 00:40:28,373:INFO: - Train metrics: dsc: 0.949 ; iou: 0.911 ; accuracy: 0.999 ; precision: 0.951 ; recall: 0.956 ; loss: 0.050
2019-02-09 00:40:29,525:INFO: - Eval metrics : dsc: 0.922 ; iou: 0.878 ; accuracy: 0.998 ; precision: 0.931 ; recall: 0.931 ; loss: 0.076
2019-02-09 00:40:29,555:INFO: Epoch 28/45
2019-02-09 00:40:40,043:INFO: - Train metrics: dsc: 0.953 ; iou: 0.917 ; accuracy: 0.999 ; precision: 0.955 ; recall: 0.959 ; loss: 0.046
2019-02-09 00:40:41,201:INFO: - Eval metrics : dsc: 0.928 ; iou: 0.885 ; accuracy: 0.998 ; precision: 0.935 ; recall: 0.937 ; loss: 0.070
2019-02-09 00:40:41,219:INFO: Epoch 29/45
2019-02-09 00:40:51,701:INFO: - Train metrics: dsc: 0.951 ; iou: 0.915 ; accuracy: 0.999 ; precision: 0.952 ; recall: 0.959 ; loss: 0.048
2019-02-09 00:40:52,886:INFO: - Eval metrics : dsc: 0.923 ; iou: 0.873 ; accuracy: 0.998 ; precision: 0.912 ; recall: 0.954 ; loss: 0.076
2019-02-09 00:40:52,904:INFO: Epoch 30/45
2019-02-09 00:41:03,368:INFO: - Train metrics: dsc: 0.950 ; iou: 0.913 ; accuracy: 0.999 ; precision: 0.954 ; recall: 0.956 ; loss: 0.049
2019-02-09 00:41:04,548:INFO: - Eval metrics : dsc: 0.920 ; iou: 0.876 ; accuracy: 0.998 ; precision: 0.941 ; recall: 0.921 ; loss: 0.078
2019-02-09 00:41:04,567:INFO: Epoch 31/45
2019-02-09 00:41:15,060:INFO: - Train metrics: dsc: 0.953 ; iou: 0.917 ; accuracy: 0.999 ; precision: 0.955 ; recall: 0.959 ; loss: 0.046
2019-02-09 00:41:16,309:INFO: - Eval metrics : dsc: 0.926 ; iou: 0.880 ; accuracy: 0.998 ; precision: 0.945 ; recall: 0.919 ; loss: 0.072
2019-02-09 00:41:16,334:INFO: Epoch 32/45
2019-02-09 00:41:26,835:INFO: - Train metrics: dsc: 0.955 ; iou: 0.920 ; accuracy: 0.999 ; precision: 0.958 ; recall: 0.959 ; loss: 0.044
2019-02-09 00:41:27,981:INFO: - Eval metrics : dsc: 0.914 ; iou: 0.866 ; accuracy: 0.998 ; precision: 0.960 ; recall: 0.892 ; loss: 0.084
2019-02-09 00:41:27,997:INFO: Epoch 33/45
2019-02-09 00:41:38,448:INFO: - Train metrics: dsc: 0.957 ; iou: 0.923 ; accuracy: 0.999 ; precision: 0.961 ; recall: 0.959 ; loss: 0.042
2019-02-09 00:41:39,666:INFO: - Eval metrics : dsc: 0.922 ; iou: 0.873 ; accuracy: 0.998 ; precision: 0.907 ; recall: 0.960 ; loss: 0.075
2019-02-09 00:41:39,696:INFO: Epoch 34/45
2019-02-09 00:41:50,255:INFO: - Train metrics: dsc: 0.958 ; iou: 0.924 ; accuracy: 0.999 ; precision: 0.959 ; recall: 0.962 ; loss: 0.041
2019-02-09 00:41:51,427:INFO: - Eval metrics : dsc: 0.924 ; iou: 0.880 ; accuracy: 0.998 ; precision: 0.937 ; recall: 0.929 ; loss: 0.076
2019-02-09 00:41:51,444:INFO: Epoch 35/45
2019-02-09 00:42:01,886:INFO: - Train metrics: dsc: 0.956 ; iou: 0.921 ; accuracy: 0.999 ; precision: 0.956 ; recall: 0.962 ; loss: 0.043
2019-02-09 00:42:03,128:INFO: - Eval metrics : dsc: 0.924 ; iou: 0.881 ; accuracy: 0.998 ; precision: 0.944 ; recall: 0.923 ; loss: 0.074
2019-02-09 00:42:03,141:INFO: Epoch 36/45
2019-02-09 00:42:13,665:INFO: - Train metrics: dsc: 0.958 ; iou: 0.926 ; accuracy: 0.999 ; precision: 0.961 ; recall: 0.962 ; loss: 0.041
2019-02-09 00:42:14,916:INFO: - Eval metrics : dsc: 0.931 ; iou: 0.887 ; accuracy: 0.998 ; precision: 0.931 ; recall: 0.945 ; loss: 0.069
2019-02-09 00:42:14,942:INFO: - Found new best DSC
2019-02-09 00:42:14,942:INFO: Epoch 37/45
2019-02-09 00:42:25,446:INFO: - Train metrics: dsc: 0.949 ; iou: 0.909 ; accuracy: 0.999 ; precision: 0.952 ; recall: 0.953 ; loss: 0.050
2019-02-09 00:42:26,593:INFO: - Eval metrics : dsc: 0.920 ; iou: 0.874 ; accuracy: 0.998 ; precision: 0.930 ; recall: 0.928 ; loss: 0.078
2019-02-09 00:42:26,618:INFO: Epoch 38/45
2019-02-09 00:42:37,121:INFO: - Train metrics: dsc: 0.951 ; iou: 0.912 ; accuracy: 0.999 ; precision: 0.953 ; recall: 0.955 ; loss: 0.048
2019-02-09 00:42:38,297:INFO: - Eval metrics : dsc: 0.917 ; iou: 0.871 ; accuracy: 0.998 ; precision: 0.945 ; recall: 0.907 ; loss: 0.081
2019-02-09 00:42:38,312:INFO: Epoch 39/45
2019-02-09 00:42:48,963:INFO: - Train metrics: dsc: 0.953 ; iou: 0.917 ; accuracy: 0.999 ; precision: 0.956 ; recall: 0.958 ; loss: 0.046
2019-02-09 00:42:50,147:INFO: - Eval metrics : dsc: 0.924 ; iou: 0.881 ; accuracy: 0.998 ; precision: 0.932 ; recall: 0.931 ; loss: 0.074
2019-02-09 00:42:50,164:INFO: Epoch 40/45
2019-02-09 00:43:00,607:INFO: - Train metrics: dsc: 0.958 ; iou: 0.924 ; accuracy: 0.999 ; precision: 0.960 ; recall: 0.962 ; loss: 0.041
2019-02-09 00:43:01,781:INFO: - Eval metrics : dsc: 0.926 ; iou: 0.883 ; accuracy: 0.998 ; precision: 0.930 ; recall: 0.940 ; loss: 0.072
2019-02-09 00:43:01,818:INFO: Epoch 41/45
2019-02-09 00:43:12,307:INFO: - Train metrics: dsc: 0.958 ; iou: 0.925 ; accuracy: 0.999 ; precision: 0.959 ; recall: 0.962 ; loss: 0.041
2019-02-09 00:43:13,501:INFO: - Eval metrics : dsc: 0.924 ; iou: 0.881 ; accuracy: 0.998 ; precision: 0.943 ; recall: 0.920 ; loss: 0.075
2019-02-09 00:43:13,519:INFO: Epoch 42/45
2019-02-09 00:43:23,993:INFO: - Train metrics: dsc: 0.961 ; iou: 0.929 ; accuracy: 0.999 ; precision: 0.962 ; recall: 0.964 ; loss: 0.038
2019-02-09 00:43:25,147:INFO: - Eval metrics : dsc: 0.927 ; iou: 0.882 ; accuracy: 0.998 ; precision: 0.917 ; recall: 0.951 ; loss: 0.071
2019-02-09 00:43:25,171:INFO: Epoch 43/45
2019-02-09 00:43:35,630:INFO: - Train metrics: dsc: 0.962 ; iou: 0.932 ; accuracy: 0.999 ; precision: 0.963 ; recall: 0.966 ; loss: 0.037
2019-02-09 00:43:36,855:INFO: - Eval metrics : dsc: 0.922 ; iou: 0.879 ; accuracy: 0.998 ; precision: 0.952 ; recall: 0.908 ; loss: 0.075
2019-02-09 00:43:36,885:INFO: Epoch 44/45
2019-02-09 00:43:47,432:INFO: - Train metrics: dsc: 0.961 ; iou: 0.930 ; accuracy: 0.999 ; precision: 0.961 ; recall: 0.966 ; loss: 0.038
2019-02-09 00:43:48,635:INFO: - Eval metrics : dsc: 0.924 ; iou: 0.880 ; accuracy: 0.998 ; precision: 0.938 ; recall: 0.930 ; loss: 0.074
2019-02-09 00:43:48,661:INFO: Epoch 45/45
2019-02-09 00:43:59,101:INFO: - Train metrics: dsc: 0.961 ; iou: 0.931 ; accuracy: 0.999 ; precision: 0.963 ; recall: 0.965 ; loss: 0.038
2019-02-09 00:44:00,241:INFO: - Eval metrics : dsc: 0.926 ; iou: 0.885 ; accuracy: 0.998 ; precision: 0.942 ; recall: 0.928 ; loss: 0.072
2019-02-09 00:44:00,330:INFO: Loading the datasets...
2019-02-09 00:44:05,721:INFO: - done.
2019-02-09 00:44:05,721:INFO: For k-fold 3/5:
2019-02-09 00:44:05,721:INFO: Starting training for 45 epoch(s)
2019-02-09 00:44:05,721:INFO: Restoring parameters from experiments/EPI/model_ModelA_transfer/data_augmentation/data_rot/batch_size_30/learning_rate_0.0006/ENDO-modelA_random-data_rot-batch_size_3-learning_rate_1e-04-best.pth.tar
2019-02-09 00:44:05,754:INFO: Epoch 1/45
2019-02-09 00:44:16,174:INFO: - Train metrics: dsc: 0.871 ; iou: 0.800 ; accuracy: 0.997 ; precision: 0.918 ; recall: 0.870 ; loss: 0.130
2019-02-09 00:44:17,369:INFO: - Eval metrics : dsc: 0.892 ; iou: 0.834 ; accuracy: 0.997 ; precision: 0.901 ; recall: 0.918 ; loss: 0.106
2019-02-09 00:44:17,394:INFO: - Found new best DSC
2019-02-09 00:44:17,394:INFO: Epoch 2/45
2019-02-09 00:44:27,861:INFO: - Train metrics: dsc: 0.909 ; iou: 0.856 ; accuracy: 0.998 ; precision: 0.927 ; recall: 0.916 ; loss: 0.091
2019-02-09 00:44:29,055:INFO: - Eval metrics : dsc: 0.900 ; iou: 0.846 ; accuracy: 0.998 ; precision: 0.928 ; recall: 0.903 ; loss: 0.098
2019-02-09 00:44:29,078:INFO: - Found new best DSC
2019-02-09 00:44:29,078:INFO: Epoch 3/45
2019-02-09 00:44:39,510:INFO: - Train metrics: dsc: 0.914 ; iou: 0.864 ; accuracy: 0.998 ; precision: 0.929 ; recall: 0.923 ; loss: 0.085
2019-02-09 00:44:40,663:INFO: - Eval metrics : dsc: 0.910 ; iou: 0.859 ; accuracy: 0.998 ; precision: 0.927 ; recall: 0.922 ; loss: 0.090
2019-02-09 00:44:40,713:INFO: - Found new best DSC
2019-02-09 00:44:40,713:INFO: Epoch 4/45
2019-02-09 00:44:51,200:INFO: - Train metrics: dsc: 0.918 ; iou: 0.868 ; accuracy: 0.998 ; precision: 0.932 ; recall: 0.926 ; loss: 0.081
2019-02-09 00:44:52,349:INFO: - Eval metrics : dsc: 0.899 ; iou: 0.848 ; accuracy: 0.998 ; precision: 0.947 ; recall: 0.888 ; loss: 0.098
2019-02-09 00:44:52,365:INFO: Epoch 5/45
2019-02-09 00:45:02,783:INFO: - Train metrics: dsc: 0.919 ; iou: 0.869 ; accuracy: 0.998 ; precision: 0.929 ; recall: 0.925 ; loss: 0.080
2019-02-09 00:45:03,935:INFO: - Eval metrics : dsc: 0.913 ; iou: 0.863 ; accuracy: 0.998 ; precision: 0.932 ; recall: 0.920 ; loss: 0.084
2019-02-09 00:45:03,953:INFO: - Found new best DSC
2019-02-09 00:45:03,954:INFO: Epoch 6/45
2019-02-09 00:45:14,482:INFO: - Train metrics: dsc: 0.925 ; iou: 0.877 ; accuracy: 0.998 ; precision: 0.936 ; recall: 0.934 ; loss: 0.074
2019-02-09 00:45:15,669:INFO: - Eval metrics : dsc: 0.902 ; iou: 0.849 ; accuracy: 0.998 ; precision: 0.897 ; recall: 0.934 ; loss: 0.095
2019-02-09 00:45:15,690:INFO: Epoch 7/45
2019-02-09 00:45:26,104:INFO: - Train metrics: dsc: 0.924 ; iou: 0.875 ; accuracy: 0.998 ; precision: 0.929 ; recall: 0.936 ; loss: 0.076
2019-02-09 00:45:27,356:INFO: - Eval metrics : dsc: 0.908 ; iou: 0.860 ; accuracy: 0.998 ; precision: 0.938 ; recall: 0.916 ; loss: 0.089
2019-02-09 00:45:27,385:INFO: Epoch 8/45
2019-02-09 00:45:37,831:INFO: - Train metrics: dsc: 0.932 ; iou: 0.887 ; accuracy: 0.998 ; precision: 0.942 ; recall: 0.940 ; loss: 0.067
2019-02-09 00:45:39,049:INFO: - Eval metrics : dsc: 0.906 ; iou: 0.857 ; accuracy: 0.998 ; precision: 0.960 ; recall: 0.887 ; loss: 0.091
2019-02-09 00:45:39,080:INFO: Epoch 9/45
2019-02-09 00:45:49,468:INFO: - Train metrics: dsc: 0.931 ; iou: 0.887 ; accuracy: 0.998 ; precision: 0.943 ; recall: 0.941 ; loss: 0.067
2019-02-09 00:45:50,646:INFO: - Eval metrics : dsc: 0.911 ; iou: 0.863 ; accuracy: 0.998 ; precision: 0.942 ; recall: 0.909 ; loss: 0.086
2019-02-09 00:45:50,675:INFO: Epoch 10/45
2019-02-09 00:46:01,168:INFO: - Train metrics: dsc: 0.932 ; iou: 0.888 ; accuracy: 0.998 ; precision: 0.938 ; recall: 0.942 ; loss: 0.067
2019-02-09 00:46:02,327:INFO: - Eval metrics : dsc: 0.915 ; iou: 0.870 ; accuracy: 0.998 ; precision: 0.941 ; recall: 0.919 ; loss: 0.082
2019-02-09 00:46:02,366:INFO: - Found new best DSC
2019-02-09 00:46:02,366:INFO: Epoch 11/45
2019-02-09 00:46:12,745:INFO: - Train metrics: dsc: 0.937 ; iou: 0.896 ; accuracy: 0.998 ; precision: 0.947 ; recall: 0.945 ; loss: 0.062
2019-02-09 00:46:13,907:INFO: - Eval metrics : dsc: 0.915 ; iou: 0.869 ; accuracy: 0.998 ; precision: 0.937 ; recall: 0.927 ; loss: 0.082
2019-02-09 00:46:13,934:INFO: Epoch 12/45
2019-02-09 00:46:24,413:INFO: - Train metrics: dsc: 0.938 ; iou: 0.897 ; accuracy: 0.998 ; precision: 0.948 ; recall: 0.943 ; loss: 0.061
2019-02-09 00:46:25,606:INFO: - Eval metrics : dsc: 0.908 ; iou: 0.855 ; accuracy: 0.998 ; precision: 0.902 ; recall: 0.942 ; loss: 0.089
2019-02-09 00:46:25,651:INFO: Epoch 13/45
2019-02-09 00:46:36,132:INFO: - Train metrics: dsc: 0.936 ; iou: 0.894 ; accuracy: 0.998 ; precision: 0.948 ; recall: 0.942 ; loss: 0.063
2019-02-09 00:46:37,334:INFO: - Eval metrics : dsc: 0.924 ; iou: 0.877 ; accuracy: 0.998 ; precision: 0.922 ; recall: 0.941 ; loss: 0.076
2019-02-09 00:46:37,358:INFO: - Found new best DSC
2019-02-09 00:46:37,358:INFO: Epoch 14/45
2019-02-09 00:46:47,934:INFO: - Train metrics: dsc: 0.937 ; iou: 0.896 ; accuracy: 0.998 ; precision: 0.945 ; recall: 0.947 ; loss: 0.062
2019-02-09 00:46:49,109:INFO: - Eval metrics : dsc: 0.907 ; iou: 0.855 ; accuracy: 0.998 ; precision: 0.896 ; recall: 0.927 ; loss: 0.093
2019-02-09 00:46:49,129:INFO: Epoch 15/45
2019-02-09 00:46:59,533:INFO: - Train metrics: dsc: 0.938 ; iou: 0.898 ; accuracy: 0.999 ; precision: 0.950 ; recall: 0.943 ; loss: 0.060
2019-02-09 00:47:00,733:INFO: - Eval metrics : dsc: 0.925 ; iou: 0.880 ; accuracy: 0.998 ; precision: 0.946 ; recall: 0.925 ; loss: 0.072
2019-02-09 00:47:00,768:INFO: - Found new best DSC
2019-02-09 00:47:00,768:INFO: Epoch 16/45
2019-02-09 00:47:11,270:INFO: - Train metrics: dsc: 0.939 ; iou: 0.898 ; accuracy: 0.999 ; precision: 0.947 ; recall: 0.947 ; loss: 0.059
2019-02-09 00:47:12,485:INFO: - Eval metrics : dsc: 0.914 ; iou: 0.869 ; accuracy: 0.998 ; precision: 0.933 ; recall: 0.929 ; loss: 0.084
2019-02-09 00:47:12,508:INFO: Epoch 17/45
2019-02-09 00:47:22,931:INFO: - Train metrics: dsc: 0.940 ; iou: 0.898 ; accuracy: 0.999 ; precision: 0.948 ; recall: 0.946 ; loss: 0.059
2019-02-09 00:47:24,127:INFO: - Eval metrics : dsc: 0.917 ; iou: 0.870 ; accuracy: 0.998 ; precision: 0.957 ; recall: 0.907 ; loss: 0.080
2019-02-09 00:47:24,148:INFO: Epoch 18/45
2019-02-09 00:47:34,649:INFO: - Train metrics: dsc: 0.940 ; iou: 0.899 ; accuracy: 0.999 ; precision: 0.947 ; recall: 0.948 ; loss: 0.059
2019-02-09 00:47:35,840:INFO: - Eval metrics : dsc: 0.913 ; iou: 0.867 ; accuracy: 0.998 ; precision: 0.955 ; recall: 0.905 ; loss: 0.083
2019-02-09 00:47:35,863:INFO: Epoch 19/45
2019-02-09 00:47:46,376:INFO: - Train metrics: dsc: 0.942 ; iou: 0.902 ; accuracy: 0.999 ; precision: 0.948 ; recall: 0.949 ; loss: 0.058
2019-02-09 00:47:47,641:INFO: - Eval metrics : dsc: 0.919 ; iou: 0.873 ; accuracy: 0.998 ; precision: 0.939 ; recall: 0.920 ; loss: 0.078
2019-02-09 00:47:47,672:INFO: Epoch 20/45
2019-02-09 00:47:58,141:INFO: - Train metrics: dsc: 0.944 ; iou: 0.905 ; accuracy: 0.999 ; precision: 0.949 ; recall: 0.952 ; loss: 0.055
2019-02-09 00:47:59,313:INFO: - Eval metrics : dsc: 0.921 ; iou: 0.877 ; accuracy: 0.998 ; precision: 0.945 ; recall: 0.927 ; loss: 0.075
2019-02-09 00:47:59,331:INFO: Epoch 21/45
2019-02-09 00:48:09,834:INFO: - Train metrics: dsc: 0.946 ; iou: 0.908 ; accuracy: 0.999 ; precision: 0.951 ; recall: 0.953 ; loss: 0.053
2019-02-09 00:48:11,071:INFO: - Eval metrics : dsc: 0.923 ; iou: 0.877 ; accuracy: 0.998 ; precision: 0.924 ; recall: 0.944 ; loss: 0.074
2019-02-09 00:48:11,097:INFO: Epoch 22/45
2019-02-09 00:48:21,511:INFO: - Train metrics: dsc: 0.949 ; iou: 0.912 ; accuracy: 0.999 ; precision: 0.954 ; recall: 0.955 ; loss: 0.050
2019-02-09 00:48:22,679:INFO: - Eval metrics : dsc: 0.918 ; iou: 0.874 ; accuracy: 0.998 ; precision: 0.961 ; recall: 0.907 ; loss: 0.079
2019-02-09 00:48:22,697:INFO: Epoch 23/45
2019-02-09 00:48:33,210:INFO: - Train metrics: dsc: 0.946 ; iou: 0.908 ; accuracy: 0.999 ; precision: 0.955 ; recall: 0.950 ; loss: 0.053
2019-02-09 00:48:34,425:INFO: - Eval metrics : dsc: 0.924 ; iou: 0.879 ; accuracy: 0.998 ; precision: 0.927 ; recall: 0.942 ; loss: 0.073
2019-02-09 00:48:34,441:INFO: Epoch 24/45
2019-02-09 00:48:45,051:INFO: - Train metrics: dsc: 0.949 ; iou: 0.912 ; accuracy: 0.999 ; precision: 0.954 ; recall: 0.953 ; loss: 0.050
2019-02-09 00:48:46,299:INFO: - Eval metrics : dsc: 0.920 ; iou: 0.875 ; accuracy: 0.998 ; precision: 0.928 ; recall: 0.942 ; loss: 0.076
2019-02-09 00:48:46,328:INFO: Epoch 25/45
2019-02-09 00:48:56,750:INFO: - Train metrics: dsc: 0.947 ; iou: 0.909 ; accuracy: 0.999 ; precision: 0.951 ; recall: 0.954 ; loss: 0.052
2019-02-09 00:48:57,905:INFO: - Eval metrics : dsc: 0.926 ; iou: 0.882 ; accuracy: 0.998 ; precision: 0.931 ; recall: 0.941 ; loss: 0.071
2019-02-09 00:48:57,928:INFO: - Found new best DSC
2019-02-09 00:48:57,928:INFO: Epoch 26/45
2019-02-09 00:49:08,405:INFO: - Train metrics: dsc: 0.949 ; iou: 0.914 ; accuracy: 0.999 ; precision: 0.956 ; recall: 0.955 ; loss: 0.049
2019-02-09 00:49:09,592:INFO: - Eval metrics : dsc: 0.904 ; iou: 0.855 ; accuracy: 0.998 ; precision: 0.973 ; recall: 0.877 ; loss: 0.093
2019-02-09 00:49:09,618:INFO: Epoch 27/45
2019-02-09 00:49:20,026:INFO: - Train metrics: dsc: 0.942 ; iou: 0.901 ; accuracy: 0.999 ; precision: 0.947 ; recall: 0.949 ; loss: 0.057
2019-02-09 00:49:21,268:INFO: - Eval metrics : dsc: 0.916 ; iou: 0.866 ; accuracy: 0.998 ; precision: 0.939 ; recall: 0.916 ; loss: 0.084
2019-02-09 00:49:21,293:INFO: Epoch 28/45
2019-02-09 00:49:31,745:INFO: - Train metrics: dsc: 0.925 ; iou: 0.873 ; accuracy: 0.998 ; precision: 0.927 ; recall: 0.940 ; loss: 0.074
2019-02-09 00:49:32,895:INFO: - Eval metrics : dsc: 0.890 ; iou: 0.821 ; accuracy: 0.997 ; precision: 0.848 ; recall: 0.950 ; loss: 0.110
2019-02-09 00:49:32,917:INFO: Epoch 29/45
2019-02-09 00:49:43,365:INFO: - Train metrics: dsc: 0.942 ; iou: 0.899 ; accuracy: 0.998 ; precision: 0.945 ; recall: 0.948 ; loss: 0.058
2019-02-09 00:49:44,560:INFO: - Eval metrics : dsc: 0.916 ; iou: 0.869 ; accuracy: 0.998 ; precision: 0.927 ; recall: 0.931 ; loss: 0.081
2019-02-09 00:49:44,584:INFO: Epoch 30/45
2019-02-09 00:49:55,148:INFO: - Train metrics: dsc: 0.945 ; iou: 0.905 ; accuracy: 0.999 ; precision: 0.949 ; recall: 0.953 ; loss: 0.054
2019-02-09 00:49:56,355:INFO: - Eval metrics : dsc: 0.924 ; iou: 0.879 ; accuracy: 0.998 ; precision: 0.937 ; recall: 0.931 ; loss: 0.073
2019-02-09 00:49:56,381:INFO: Epoch 31/45
2019-02-09 00:50:06,856:INFO: - Train metrics: dsc: 0.947 ; iou: 0.909 ; accuracy: 0.999 ; precision: 0.952 ; recall: 0.954 ; loss: 0.052
2019-02-09 00:50:08,008:INFO: - Eval metrics : dsc: 0.926 ; iou: 0.883 ; accuracy: 0.998 ; precision: 0.942 ; recall: 0.923 ; loss: 0.073
2019-02-09 00:50:08,037:INFO: - Found new best DSC
2019-02-09 00:50:08,037:INFO: Epoch 32/45
2019-02-09 00:50:18,466:INFO: - Train metrics: dsc: 0.949 ; iou: 0.912 ; accuracy: 0.999 ; precision: 0.953 ; recall: 0.956 ; loss: 0.050
2019-02-09 00:50:19,629:INFO: - Eval metrics : dsc: 0.927 ; iou: 0.883 ; accuracy: 0.998 ; precision: 0.930 ; recall: 0.937 ; loss: 0.072
2019-02-09 00:50:19,658:INFO: - Found new best DSC
2019-02-09 00:50:19,658:INFO: Epoch 33/45
2019-02-09 00:50:30,092:INFO: - Train metrics: dsc: 0.952 ; iou: 0.915 ; accuracy: 0.999 ; precision: 0.955 ; recall: 0.957 ; loss: 0.048
2019-02-09 00:50:31,273:INFO: - Eval metrics : dsc: 0.923 ; iou: 0.879 ; accuracy: 0.998 ; precision: 0.947 ; recall: 0.923 ; loss: 0.074
2019-02-09 00:50:31,306:INFO: Epoch 34/45
2019-02-09 00:50:41,912:INFO: - Train metrics: dsc: 0.952 ; iou: 0.915 ; accuracy: 0.999 ; precision: 0.952 ; recall: 0.959 ; loss: 0.048
2019-02-09 00:50:43,143:INFO: - Eval metrics : dsc: 0.927 ; iou: 0.885 ; accuracy: 0.998 ; precision: 0.951 ; recall: 0.923 ; loss: 0.070
2019-02-09 00:50:43,165:INFO: Epoch 35/45
2019-02-09 00:50:53,650:INFO: - Train metrics: dsc: 0.950 ; iou: 0.914 ; accuracy: 0.999 ; precision: 0.954 ; recall: 0.957 ; loss: 0.049
2019-02-09 00:50:54,799:INFO: - Eval metrics : dsc: 0.923 ; iou: 0.877 ; accuracy: 0.998 ; precision: 0.928 ; recall: 0.941 ; loss: 0.075
2019-02-09 00:50:54,831:INFO: Epoch 36/45
2019-02-09 00:51:05,315:INFO: - Train metrics: dsc: 0.950 ; iou: 0.911 ; accuracy: 0.999 ; precision: 0.953 ; recall: 0.956 ; loss: 0.049
2019-02-09 00:51:06,511:INFO: - Eval metrics : dsc: 0.918 ; iou: 0.870 ; accuracy: 0.998 ; precision: 0.970 ; recall: 0.894 ; loss: 0.079
2019-02-09 00:51:06,536:INFO: Epoch 37/45
2019-02-09 00:51:17,127:INFO: - Train metrics: dsc: 0.952 ; iou: 0.916 ; accuracy: 0.999 ; precision: 0.954 ; recall: 0.959 ; loss: 0.048
2019-02-09 00:51:18,216:INFO: - Eval metrics : dsc: 0.927 ; iou: 0.885 ; accuracy: 0.998 ; precision: 0.948 ; recall: 0.930 ; loss: 0.070
2019-02-09 00:51:18,235:INFO: Epoch 38/45
2019-02-09 00:51:28,662:INFO: - Train metrics: dsc: 0.956 ; iou: 0.922 ; accuracy: 0.999 ; precision: 0.957 ; recall: 0.961 ; loss: 0.044
2019-02-09 00:51:29,851:INFO: - Eval metrics : dsc: 0.924 ; iou: 0.881 ; accuracy: 0.998 ; precision: 0.962 ; recall: 0.914 ; loss: 0.073
2019-02-09 00:51:29,880:INFO: Epoch 39/45
2019-02-09 00:51:40,315:INFO: - Train metrics: dsc: 0.956 ; iou: 0.923 ; accuracy: 0.999 ; precision: 0.958 ; recall: 0.962 ; loss: 0.043
2019-02-09 00:51:41,528:INFO: - Eval metrics : dsc: 0.927 ; iou: 0.887 ; accuracy: 0.998 ; precision: 0.953 ; recall: 0.927 ; loss: 0.069
2019-02-09 00:51:41,555:INFO: - Found new best DSC
2019-02-09 00:51:41,555:INFO: Epoch 40/45
2019-02-09 00:51:51,996:INFO: - Train metrics: dsc: 0.958 ; iou: 0.926 ; accuracy: 0.999 ; precision: 0.960 ; recall: 0.963 ; loss: 0.041
2019-02-09 00:51:53,179:INFO: - Eval metrics : dsc: 0.923 ; iou: 0.881 ; accuracy: 0.998 ; precision: 0.932 ; recall: 0.943 ; loss: 0.073
2019-02-09 00:51:53,198:INFO: Epoch 41/45
2019-02-09 00:52:03,664:INFO: - Train metrics: dsc: 0.958 ; iou: 0.926 ; accuracy: 0.999 ; precision: 0.960 ; recall: 0.963 ; loss: 0.041
2019-02-09 00:52:04,891:INFO: - Eval metrics : dsc: 0.922 ; iou: 0.876 ; accuracy: 0.998 ; precision: 0.968 ; recall: 0.902 ; loss: 0.075
2019-02-09 00:52:04,912:INFO: Epoch 42/45
2019-02-09 00:52:15,356:INFO: - Train metrics: dsc: 0.958 ; iou: 0.926 ; accuracy: 0.999 ; precision: 0.961 ; recall: 0.962 ; loss: 0.041
2019-02-09 00:52:16,536:INFO: - Eval metrics : dsc: 0.928 ; iou: 0.887 ; accuracy: 0.998 ; precision: 0.944 ; recall: 0.938 ; loss: 0.069
2019-02-09 00:52:16,562:INFO: - Found new best DSC
2019-02-09 00:52:16,562:INFO: Epoch 43/45
2019-02-09 00:52:27,020:INFO: - Train metrics: dsc: 0.951 ; iou: 0.914 ; accuracy: 0.999 ; precision: 0.951 ; recall: 0.959 ; loss: 0.048
2019-02-09 00:52:28,166:INFO: - Eval metrics : dsc: 0.926 ; iou: 0.881 ; accuracy: 0.998 ; precision: 0.924 ; recall: 0.947 ; loss: 0.071
2019-02-09 00:52:28,186:INFO: Epoch 44/45
2019-02-09 00:52:38,617:INFO: - Train metrics: dsc: 0.950 ; iou: 0.912 ; accuracy: 0.999 ; precision: 0.953 ; recall: 0.955 ; loss: 0.049
2019-02-09 00:52:39,899:INFO: - Eval metrics : dsc: 0.924 ; iou: 0.881 ; accuracy: 0.998 ; precision: 0.948 ; recall: 0.927 ; loss: 0.073
2019-02-09 00:52:39,921:INFO: Epoch 45/45
2019-02-09 00:52:50,374:INFO: - Train metrics: dsc: 0.954 ; iou: 0.919 ; accuracy: 0.999 ; precision: 0.956 ; recall: 0.960 ; loss: 0.045
2019-02-09 00:52:51,508:INFO: - Eval metrics : dsc: 0.925 ; iou: 0.883 ; accuracy: 0.998 ; precision: 0.956 ; recall: 0.922 ; loss: 0.072
2019-02-09 00:52:51,567:INFO: Loading the datasets...
2019-02-09 00:52:55,741:INFO: - done.
2019-02-09 00:52:55,741:INFO: For k-fold 4/5:
2019-02-09 00:52:55,741:INFO: Starting training for 45 epoch(s)
2019-02-09 00:52:55,741:INFO: Restoring parameters from experiments/EPI/model_ModelA_transfer/data_augmentation/data_rot/batch_size_30/learning_rate_0.0006/ENDO-modelA_random-data_rot-batch_size_3-learning_rate_1e-04-best.pth.tar
2019-02-09 00:52:55,758:INFO: Epoch 1/45
2019-02-09 00:53:06,119:INFO: - Train metrics: dsc: 0.861 ; iou: 0.788 ; accuracy: 0.997 ; precision: 0.912 ; recall: 0.861 ; loss: 0.140
2019-02-09 00:53:07,292:INFO: - Eval metrics : dsc: 0.901 ; iou: 0.841 ; accuracy: 0.998 ; precision: 0.899 ; recall: 0.923 ; loss: 0.100
2019-02-09 00:53:07,328:INFO: - Found new best DSC
2019-02-09 00:53:07,328:INFO: Epoch 2/45
2019-02-09 00:53:17,746:INFO: - Train metrics: dsc: 0.908 ; iou: 0.855 ; accuracy: 0.998 ; precision: 0.925 ; recall: 0.918 ; loss: 0.092
2019-02-09 00:53:18,926:INFO: - Eval metrics : dsc: 0.909 ; iou: 0.854 ; accuracy: 0.998 ; precision: 0.937 ; recall: 0.904 ; loss: 0.091
2019-02-09 00:53:18,945:INFO: - Found new best DSC
2019-02-09 00:53:18,945:INFO: Epoch 3/45
2019-02-09 00:53:29,449:INFO: - Train metrics: dsc: 0.914 ; iou: 0.864 ; accuracy: 0.998 ; precision: 0.930 ; recall: 0.922 ; loss: 0.085
2019-02-09 00:53:30,649:INFO: - Eval metrics : dsc: 0.911 ; iou: 0.853 ; accuracy: 0.998 ; precision: 0.941 ; recall: 0.901 ; loss: 0.088
2019-02-09 00:53:30,676:INFO: - Found new best DSC
2019-02-09 00:53:30,676:INFO: Epoch 4/45
2019-02-09 00:53:41,199:INFO: - Train metrics: dsc: 0.923 ; iou: 0.875 ; accuracy: 0.998 ; precision: 0.939 ; recall: 0.928 ; loss: 0.077
2019-02-09 00:53:42,402:INFO: - Eval metrics : dsc: 0.913 ; iou: 0.863 ; accuracy: 0.998 ; precision: 0.946 ; recall: 0.910 ; loss: 0.086
2019-02-09 00:53:42,429:INFO: - Found new best DSC
2019-02-09 00:53:42,429:INFO: Epoch 5/45
2019-02-09 00:53:52,832:INFO: - Train metrics: dsc: 0.926 ; iou: 0.880 ; accuracy: 0.998 ; precision: 0.936 ; recall: 0.934 ; loss: 0.072
2019-02-09 00:53:54,038:INFO: - Eval metrics : dsc: 0.919 ; iou: 0.868 ; accuracy: 0.998 ; precision: 0.915 ; recall: 0.947 ; loss: 0.079
2019-02-09 00:53:54,070:INFO: - Found new best DSC
2019-02-09 00:53:54,071:INFO: Epoch 6/45
2019-02-09 00:54:04,505:INFO: - Train metrics: dsc: 0.929 ; iou: 0.886 ; accuracy: 0.998 ; precision: 0.945 ; recall: 0.933 ; loss: 0.070
2019-02-09 00:54:05,660:INFO: - Eval metrics : dsc: 0.918 ; iou: 0.869 ; accuracy: 0.998 ; precision: 0.937 ; recall: 0.923 ; loss: 0.081
2019-02-09 00:54:05,684:INFO: Epoch 7/45
2019-02-09 00:54:16,020:INFO: - Train metrics: dsc: 0.924 ; iou: 0.878 ; accuracy: 0.998 ; precision: 0.932 ; recall: 0.934 ; loss: 0.076
2019-02-09 00:54:17,238:INFO: - Eval metrics : dsc: 0.916 ; iou: 0.861 ; accuracy: 0.998 ; precision: 0.943 ; recall: 0.912 ; loss: 0.083
2019-02-09 00:54:17,260:INFO: Epoch 8/45
2019-02-09 00:54:27,794:INFO: - Train metrics: dsc: 0.929 ; iou: 0.886 ; accuracy: 0.998 ; precision: 0.944 ; recall: 0.935 ; loss: 0.070
2019-02-09 00:54:28,987:INFO: - Eval metrics : dsc: 0.918 ; iou: 0.867 ; accuracy: 0.998 ; precision: 0.946 ; recall: 0.912 ; loss: 0.080
2019-02-09 00:54:29,015:INFO: Epoch 9/45
2019-02-09 00:54:39,494:INFO: - Train metrics: dsc: 0.929 ; iou: 0.885 ; accuracy: 0.998 ; precision: 0.942 ; recall: 0.937 ; loss: 0.070
2019-02-09 00:54:40,661:INFO: - Eval metrics : dsc: 0.921 ; iou: 0.864 ; accuracy: 0.998 ; precision: 0.925 ; recall: 0.932 ; loss: 0.079
2019-02-09 00:54:40,692:INFO: - Found new best DSC
2019-02-09 00:54:40,692:INFO: Epoch 10/45
2019-02-09 00:54:51,211:INFO: - Train metrics: dsc: 0.927 ; iou: 0.880 ; accuracy: 0.998 ; precision: 0.936 ; recall: 0.936 ; loss: 0.072
2019-02-09 00:54:52,456:INFO: - Eval metrics : dsc: 0.919 ; iou: 0.865 ; accuracy: 0.998 ; precision: 0.939 ; recall: 0.918 ; loss: 0.081
2019-02-09 00:54:52,478:INFO: Epoch 11/45
2019-02-09 00:55:02,993:INFO: - Train metrics: dsc: 0.931 ; iou: 0.888 ; accuracy: 0.998 ; precision: 0.947 ; recall: 0.937 ; loss: 0.068
2019-02-09 00:55:04,238:INFO: - Eval metrics : dsc: 0.923 ; iou: 0.873 ; accuracy: 0.998 ; precision: 0.915 ; recall: 0.951 ; loss: 0.077
2019-02-09 00:55:04,264:INFO: - Found new best DSC
2019-02-09 00:55:04,264:INFO: Epoch 12/45
2019-02-09 00:55:14,767:INFO: - Train metrics: dsc: 0.922 ; iou: 0.872 ; accuracy: 0.998 ; precision: 0.934 ; recall: 0.931 ; loss: 0.077
2019-02-09 00:55:15,970:INFO: - Eval metrics : dsc: 0.917 ; iou: 0.865 ; accuracy: 0.998 ; precision: 0.921 ; recall: 0.933 ; loss: 0.083
2019-02-09 00:55:15,988:INFO: Epoch 13/45
2019-02-09 00:55:26,450:INFO: - Train metrics: dsc: 0.933 ; iou: 0.889 ; accuracy: 0.998 ; precision: 0.939 ; recall: 0.940 ; loss: 0.067
2019-02-09 00:55:27,593:INFO: - Eval metrics : dsc: 0.908 ; iou: 0.854 ; accuracy: 0.998 ; precision: 0.955 ; recall: 0.887 ; loss: 0.091
2019-02-09 00:55:27,615:INFO: Epoch 14/45
2019-02-09 00:55:38,128:INFO: - Train metrics: dsc: 0.936 ; iou: 0.894 ; accuracy: 0.998 ; precision: 0.939 ; recall: 0.948 ; loss: 0.063
2019-02-09 00:55:39,302:INFO: - Eval metrics : dsc: 0.911 ; iou: 0.856 ; accuracy: 0.998 ; precision: 0.947 ; recall: 0.895 ; loss: 0.089
2019-02-09 00:55:39,343:INFO: Epoch 15/45
2019-02-09 00:55:49,847:INFO: - Train metrics: dsc: 0.939 ; iou: 0.898 ; accuracy: 0.998 ; precision: 0.944 ; recall: 0.947 ; loss: 0.060
2019-02-09 00:55:51,016:INFO: - Eval metrics : dsc: 0.925 ; iou: 0.878 ; accuracy: 0.998 ; precision: 0.922 ; recall: 0.945 ; loss: 0.073
2019-02-09 00:55:51,046:INFO: - Found new best DSC
2019-02-09 00:55:51,046:INFO: Epoch 16/45
2019-02-09 00:56:01,468:INFO: - Train metrics: dsc: 0.942 ; iou: 0.903 ; accuracy: 0.999 ; precision: 0.947 ; recall: 0.952 ; loss: 0.057
2019-02-09 00:56:02,764:INFO: - Eval metrics : dsc: 0.918 ; iou: 0.868 ; accuracy: 0.998 ; precision: 0.901 ; recall: 0.954 ; loss: 0.081
2019-02-09 00:56:02,783:INFO: Epoch 17/45
2019-02-09 00:56:13,221:INFO: - Train metrics: dsc: 0.944 ; iou: 0.907 ; accuracy: 0.999 ; precision: 0.950 ; recall: 0.952 ; loss: 0.054
2019-02-09 00:56:14,421:INFO: - Eval metrics : dsc: 0.917 ; iou: 0.873 ; accuracy: 0.998 ; precision: 0.950 ; recall: 0.913 ; loss: 0.081
2019-02-09 00:56:14,445:INFO: Epoch 18/45
2019-02-09 00:56:24,903:INFO: - Train metrics: dsc: 0.946 ; iou: 0.910 ; accuracy: 0.999 ; precision: 0.953 ; recall: 0.953 ; loss: 0.053
2019-02-09 00:56:26,099:INFO: - Eval metrics : dsc: 0.925 ; iou: 0.881 ; accuracy: 0.998 ; precision: 0.945 ; recall: 0.925 ; loss: 0.073
2019-02-09 00:56:26,131:INFO: - Found new best DSC
2019-02-09 00:56:26,131:INFO: Epoch 19/45
2019-02-09 00:56:36,555:INFO: - Train metrics: dsc: 0.947 ; iou: 0.911 ; accuracy: 0.999 ; precision: 0.954 ; recall: 0.953 ; loss: 0.052
2019-02-09 00:56:37,747:INFO: - Eval metrics : dsc: 0.919 ; iou: 0.874 ; accuracy: 0.998 ; precision: 0.950 ; recall: 0.913 ; loss: 0.080
2019-02-09 00:56:37,772:INFO: Epoch 20/45
2019-02-09 00:56:48,311:INFO: - Train metrics: dsc: 0.945 ; iou: 0.909 ; accuracy: 0.999 ; precision: 0.951 ; recall: 0.953 ; loss: 0.054
2019-02-09 00:56:49,503:INFO: - Eval metrics : dsc: 0.925 ; iou: 0.880 ; accuracy: 0.998 ; precision: 0.937 ; recall: 0.937 ; loss: 0.074
2019-02-09 00:56:49,542:INFO: Epoch 21/45
2019-02-09 00:57:00,003:INFO: - Train metrics: dsc: 0.946 ; iou: 0.910 ; accuracy: 0.999 ; precision: 0.954 ; recall: 0.953 ; loss: 0.053
2019-02-09 00:57:01,193:INFO: - Eval metrics : dsc: 0.922 ; iou: 0.872 ; accuracy: 0.998 ; precision: 0.904 ; recall: 0.959 ; loss: 0.076
2019-02-09 00:57:01,211:INFO: Epoch 22/45
2019-02-09 00:57:11,642:INFO: - Train metrics: dsc: 0.945 ; iou: 0.908 ; accuracy: 0.999 ; precision: 0.952 ; recall: 0.951 ; loss: 0.054
2019-02-09 00:57:12,862:INFO: - Eval metrics : dsc: 0.919 ; iou: 0.869 ; accuracy: 0.998 ; precision: 0.908 ; recall: 0.955 ; loss: 0.080
2019-02-09 00:57:12,884:INFO: Epoch 23/45
2019-02-09 00:57:23,384:INFO: - Train metrics: dsc: 0.947 ; iou: 0.912 ; accuracy: 0.999 ; precision: 0.956 ; recall: 0.952 ; loss: 0.051
2019-02-09 00:57:24,586:INFO: - Eval metrics : dsc: 0.930 ; iou: 0.886 ; accuracy: 0.998 ; precision: 0.937 ; recall: 0.940 ; loss: 0.068
2019-02-09 00:57:24,620:INFO: - Found new best DSC
2019-02-09 00:57:24,620:INFO: Epoch 24/45
2019-02-09 00:57:35,124:INFO: - Train metrics: dsc: 0.949 ; iou: 0.914 ; accuracy: 0.999 ; precision: 0.954 ; recall: 0.955 ; loss: 0.050
2019-02-09 00:57:36,309:INFO: - Eval metrics : dsc: 0.922 ; iou: 0.874 ; accuracy: 0.998 ; precision: 0.912 ; recall: 0.953 ; loss: 0.076
2019-02-09 00:57:36,328:INFO: Epoch 25/45
2019-02-09 00:57:46,806:INFO: - Train metrics: dsc: 0.939 ; iou: 0.897 ; accuracy: 0.998 ; precision: 0.943 ; recall: 0.946 ; loss: 0.060
2019-02-09 00:57:48,014:INFO: - Eval metrics : dsc: 0.921 ; iou: 0.873 ; accuracy: 0.998 ; precision: 0.914 ; recall: 0.950 ; loss: 0.078
2019-02-09 00:57:48,033:INFO: Epoch 26/45
2019-02-09 00:57:58,496:INFO: - Train metrics: dsc: 0.943 ; iou: 0.903 ; accuracy: 0.999 ; precision: 0.949 ; recall: 0.951 ; loss: 0.057
2019-02-09 00:57:59,727:INFO: - Eval metrics : dsc: 0.913 ; iou: 0.859 ; accuracy: 0.998 ; precision: 0.965 ; recall: 0.885 ; loss: 0.086
2019-02-09 00:57:59,751:INFO: Epoch 27/45
2019-02-09 00:58:10,402:INFO: - Train metrics: dsc: 0.944 ; iou: 0.908 ; accuracy: 0.999 ; precision: 0.954 ; recall: 0.950 ; loss: 0.055
2019-02-09 00:58:11,561:INFO: - Eval metrics : dsc: 0.920 ; iou: 0.875 ; accuracy: 0.998 ; precision: 0.937 ; recall: 0.927 ; loss: 0.078
2019-02-09 00:58:11,580:INFO: Epoch 28/45
2019-02-09 00:58:22,041:INFO: - Train metrics: dsc: 0.948 ; iou: 0.913 ; accuracy: 0.999 ; precision: 0.956 ; recall: 0.954 ; loss: 0.051
2019-02-09 00:58:23,253:INFO: - Eval metrics : dsc: 0.924 ; iou: 0.875 ; accuracy: 0.998 ; precision: 0.958 ; recall: 0.907 ; loss: 0.074
2019-02-09 00:58:23,271:INFO: Epoch 29/45
2019-02-09 00:58:33,743:INFO: - Train metrics: dsc: 0.948 ; iou: 0.913 ; accuracy: 0.999 ; precision: 0.955 ; recall: 0.953 ; loss: 0.051
2019-02-09 00:58:34,910:INFO: - Eval metrics : dsc: 0.926 ; iou: 0.880 ; accuracy: 0.998 ; precision: 0.921 ; recall: 0.951 ; loss: 0.072
2019-02-09 00:58:34,929:INFO: Epoch 30/45
2019-02-09 00:58:45,387:INFO: - Train metrics: dsc: 0.951 ; iou: 0.918 ; accuracy: 0.999 ; precision: 0.959 ; recall: 0.956 ; loss: 0.047
2019-02-09 00:58:46,613:INFO: - Eval metrics : dsc: 0.928 ; iou: 0.882 ; accuracy: 0.998 ; precision: 0.958 ; recall: 0.917 ; loss: 0.071
2019-02-09 00:58:46,641:INFO: Epoch 31/45
2019-02-09 00:58:57,195:INFO: - Train metrics: dsc: 0.952 ; iou: 0.920 ; accuracy: 0.999 ; precision: 0.961 ; recall: 0.956 ; loss: 0.046
2019-02-09 00:58:58,343:INFO: - Eval metrics : dsc: 0.926 ; iou: 0.880 ; accuracy: 0.998 ; precision: 0.935 ; recall: 0.930 ; loss: 0.072
2019-02-09 00:58:58,361:INFO: Epoch 32/45
2019-02-09 00:59:08,805:INFO: - Train metrics: dsc: 0.951 ; iou: 0.917 ; accuracy: 0.999 ; precision: 0.957 ; recall: 0.954 ; loss: 0.048
2019-02-09 00:59:10,053:INFO: - Eval metrics : dsc: 0.922 ; iou: 0.876 ; accuracy: 0.998 ; precision: 0.920 ; recall: 0.945 ; loss: 0.076
2019-02-09 00:59:10,070:INFO: Epoch 33/45
2019-02-09 00:59:20,536:INFO: - Train metrics: dsc: 0.950 ; iou: 0.917 ; accuracy: 0.999 ; precision: 0.960 ; recall: 0.954 ; loss: 0.049
2019-02-09 00:59:21,748:INFO: - Eval metrics : dsc: 0.927 ; iou: 0.881 ; accuracy: 0.998 ; precision: 0.923 ; recall: 0.949 ; loss: 0.071
2019-02-09 00:59:21,775:INFO: Epoch 34/45
2019-02-09 00:59:32,214:INFO: - Train metrics: dsc: 0.952 ; iou: 0.920 ; accuracy: 0.999 ; precision: 0.960 ; recall: 0.957 ; loss: 0.047
2019-02-09 00:59:33,409:INFO: - Eval metrics : dsc: 0.929 ; iou: 0.885 ; accuracy: 0.998 ; precision: 0.942 ; recall: 0.933 ; loss: 0.069
2019-02-09 00:59:33,428:INFO: Epoch 35/45
2019-02-09 00:59:43,868:INFO: - Train metrics: dsc: 0.941 ; iou: 0.900 ; accuracy: 0.999 ; precision: 0.949 ; recall: 0.946 ; loss: 0.058
2019-02-09 00:59:45,080:INFO: - Eval metrics : dsc: 0.928 ; iou: 0.882 ; accuracy: 0.998 ; precision: 0.931 ; recall: 0.944 ; loss: 0.070
2019-02-09 00:59:45,102:INFO: Epoch 36/45
2019-02-09 00:59:55,533:INFO: - Train metrics: dsc: 0.949 ; iou: 0.914 ; accuracy: 0.999 ; precision: 0.955 ; recall: 0.956 ; loss: 0.050
2019-02-09 00:59:56,744:INFO: - Eval metrics : dsc: 0.929 ; iou: 0.885 ; accuracy: 0.998 ; precision: 0.935 ; recall: 0.943 ; loss: 0.069
2019-02-09 00:59:56,762:INFO: Epoch 37/45
2019-02-09 01:00:07,301:INFO: - Train metrics: dsc: 0.952 ; iou: 0.919 ; accuracy: 0.999 ; precision: 0.959 ; recall: 0.957 ; loss: 0.047
2019-02-09 01:00:08,503:INFO: - Eval metrics : dsc: 0.931 ; iou: 0.887 ; accuracy: 0.998 ; precision: 0.945 ; recall: 0.932 ; loss: 0.067
2019-02-09 01:00:08,527:INFO: - Found new best DSC
2019-02-09 01:00:08,528:INFO: Epoch 38/45
2019-02-09 01:00:19,001:INFO: - Train metrics: dsc: 0.955 ; iou: 0.925 ; accuracy: 0.999 ; precision: 0.962 ; recall: 0.960 ; loss: 0.044
2019-02-09 01:00:20,179:INFO: - Eval metrics : dsc: 0.926 ; iou: 0.882 ; accuracy: 0.998 ; precision: 0.957 ; recall: 0.918 ; loss: 0.072
2019-02-09 01:00:20,202:INFO: Epoch 39/45
2019-02-09 01:00:30,662:INFO: - Train metrics: dsc: 0.951 ; iou: 0.918 ; accuracy: 0.999 ; precision: 0.956 ; recall: 0.957 ; loss: 0.047
2019-02-09 01:00:31,808:INFO: - Eval metrics : dsc: 0.927 ; iou: 0.883 ; accuracy: 0.998 ; precision: 0.943 ; recall: 0.930 ; loss: 0.071
2019-02-09 01:00:31,827:INFO: Epoch 40/45
2019-02-09 01:00:42,250:INFO: - Train metrics: dsc: 0.955 ; iou: 0.924 ; accuracy: 0.999 ; precision: 0.962 ; recall: 0.960 ; loss: 0.044
2019-02-09 01:00:43,438:INFO: - Eval metrics : dsc: 0.925 ; iou: 0.882 ; accuracy: 0.998 ; precision: 0.926 ; recall: 0.947 ; loss: 0.073
2019-02-09 01:00:43,462:INFO: Epoch 41/45
2019-02-09 01:00:53,995:INFO: - Train metrics: dsc: 0.954 ; iou: 0.924 ; accuracy: 0.999 ; precision: 0.963 ; recall: 0.958 ; loss: 0.044
2019-02-09 01:00:55,199:INFO: - Eval metrics : dsc: 0.923 ; iou: 0.876 ; accuracy: 0.998 ; precision: 0.959 ; recall: 0.908 ; loss: 0.076
2019-02-09 01:00:55,226:INFO: Epoch 42/45
2019-02-09 01:01:05,717:INFO: - Train metrics: dsc: 0.955 ; iou: 0.925 ; accuracy: 0.999 ; precision: 0.962 ; recall: 0.961 ; loss: 0.043
2019-02-09 01:01:06,892:INFO: - Eval metrics : dsc: 0.927 ; iou: 0.881 ; accuracy: 0.998 ; precision: 0.917 ; recall: 0.956 ; loss: 0.071
2019-02-09 01:01:06,908:INFO: Epoch 43/45
2019-02-09 01:01:17,380:INFO: - Train metrics: dsc: 0.957 ; iou: 0.928 ; accuracy: 0.999 ; precision: 0.965 ; recall: 0.961 ; loss: 0.041
2019-02-09 01:01:18,567:INFO: - Eval metrics : dsc: 0.932 ; iou: 0.890 ; accuracy: 0.998 ; precision: 0.940 ; recall: 0.939 ; loss: 0.066
2019-02-09 01:01:18,592:INFO: - Found new best DSC
2019-02-09 01:01:18,592:INFO: Epoch 44/45
2019-02-09 01:01:29,070:INFO: - Train metrics: dsc: 0.958 ; iou: 0.929 ; accuracy: 0.999 ; precision: 0.965 ; recall: 0.963 ; loss: 0.041
2019-02-09 01:01:30,225:INFO: - Eval metrics : dsc: 0.927 ; iou: 0.884 ; accuracy: 0.998 ; precision: 0.945 ; recall: 0.928 ; loss: 0.071
2019-02-09 01:01:30,251:INFO: Epoch 45/45
2019-02-09 01:01:40,624:INFO: - Train metrics: dsc: 0.959 ; iou: 0.931 ; accuracy: 0.999 ; precision: 0.966 ; recall: 0.963 ; loss: 0.040
2019-02-09 01:01:41,830:INFO: - Eval metrics : dsc: 0.929 ; iou: 0.886 ; accuracy: 0.998 ; precision: 0.943 ; recall: 0.933 ; loss: 0.069
2019-02-09 01:01:41,891:INFO: Loading the datasets...
2019-02-09 01:01:46,110:INFO: - done.
2019-02-09 01:01:46,110:INFO: For k-fold 5/5:
2019-02-09 01:01:46,111:INFO: Starting training for 45 epoch(s)
2019-02-09 01:01:46,111:INFO: Restoring parameters from experiments/EPI/model_ModelA_transfer/data_augmentation/data_rot/batch_size_30/learning_rate_0.0006/ENDO-modelA_random-data_rot-batch_size_3-learning_rate_1e-04-best.pth.tar
2019-02-09 01:01:46,128:INFO: Epoch 1/45
2019-02-09 01:01:56,507:INFO: - Train metrics: dsc: 0.861 ; iou: 0.787 ; accuracy: 0.997 ; precision: 0.909 ; recall: 0.862 ; loss: 0.140
2019-02-09 01:01:57,757:INFO: - Eval metrics : dsc: 0.882 ; iou: 0.823 ; accuracy: 0.998 ; precision: 0.891 ; recall: 0.902 ; loss: 0.119
2019-02-09 01:01:57,806:INFO: - Found new best DSC
2019-02-09 01:01:57,806:INFO: Epoch 2/45
2019-02-09 01:02:08,229:INFO: - Train metrics: dsc: 0.909 ; iou: 0.855 ; accuracy: 0.998 ; precision: 0.931 ; recall: 0.917 ; loss: 0.090
2019-02-09 01:02:09,408:INFO: - Eval metrics : dsc: 0.900 ; iou: 0.847 ; accuracy: 0.998 ; precision: 0.925 ; recall: 0.908 ; loss: 0.100
2019-02-09 01:02:09,433:INFO: - Found new best DSC
2019-02-09 01:02:09,433:INFO: Epoch 3/45
2019-02-09 01:02:19,841:INFO: - Train metrics: dsc: 0.920 ; iou: 0.869 ; accuracy: 0.998 ; precision: 0.934 ; recall: 0.927 ; loss: 0.079
2019-02-09 01:02:21,031:INFO: - Eval metrics : dsc: 0.897 ; iou: 0.845 ; accuracy: 0.998 ; precision: 0.961 ; recall: 0.873 ; loss: 0.102
2019-02-09 01:02:21,052:INFO: Epoch 4/45
2019-02-09 01:02:31,565:INFO: - Train metrics: dsc: 0.926 ; iou: 0.879 ; accuracy: 0.998 ; precision: 0.939 ; recall: 0.932 ; loss: 0.073
2019-02-09 01:02:32,728:INFO: - Eval metrics : dsc: 0.893 ; iou: 0.835 ; accuracy: 0.998 ; precision: 0.962 ; recall: 0.857 ; loss: 0.107
2019-02-09 01:02:32,755:INFO: Epoch 5/45
2019-02-09 01:02:43,233:INFO: - Train metrics: dsc: 0.926 ; iou: 0.879 ; accuracy: 0.998 ; precision: 0.939 ; recall: 0.932 ; loss: 0.073
2019-02-09 01:02:44,446:INFO: - Eval metrics : dsc: 0.903 ; iou: 0.854 ; accuracy: 0.998 ; precision: 0.960 ; recall: 0.887 ; loss: 0.096
2019-02-09 01:02:44,506:INFO: - Found new best DSC
2019-02-09 01:02:44,506:INFO: Epoch 6/45
2019-02-09 01:02:54,977:INFO: - Train metrics: dsc: 0.929 ; iou: 0.885 ; accuracy: 0.998 ; precision: 0.943 ; recall: 0.935 ; loss: 0.069
2019-02-09 01:02:56,117:INFO: - Eval metrics : dsc: 0.911 ; iou: 0.863 ; accuracy: 0.998 ; precision: 0.924 ; recall: 0.929 ; loss: 0.088
2019-02-09 01:02:56,141:INFO: - Found new best DSC
2019-02-09 01:02:56,142:INFO: Epoch 7/45
2019-02-09 01:03:06,518:INFO: - Train metrics: dsc: 0.927 ; iou: 0.881 ; accuracy: 0.998 ; precision: 0.937 ; recall: 0.933 ; loss: 0.072
2019-02-09 01:03:07,672:INFO: - Eval metrics : dsc: 0.909 ; iou: 0.863 ; accuracy: 0.998 ; precision: 0.944 ; recall: 0.902 ; loss: 0.090
2019-02-09 01:03:07,698:INFO: Epoch 8/45
2019-02-09 01:03:18,197:INFO: - Train metrics: dsc: 0.931 ; iou: 0.887 ; accuracy: 0.998 ; precision: 0.945 ; recall: 0.936 ; loss: 0.067
2019-02-09 01:03:19,392:INFO: - Eval metrics : dsc: 0.910 ; iou: 0.860 ; accuracy: 0.998 ; precision: 0.936 ; recall: 0.904 ; loss: 0.090
2019-02-09 01:03:19,423:INFO: Epoch 9/45
2019-02-09 01:03:30,116:INFO: - Train metrics: dsc: 0.926 ; iou: 0.878 ; accuracy: 0.998 ; precision: 0.941 ; recall: 0.929 ; loss: 0.073
2019-02-09 01:03:31,324:INFO: - Eval metrics : dsc: 0.893 ; iou: 0.838 ; accuracy: 0.998 ; precision: 0.963 ; recall: 0.868 ; loss: 0.106
2019-02-09 01:03:31,352:INFO: Epoch 10/45
2019-02-09 01:03:41,816:INFO: - Train metrics: dsc: 0.927 ; iou: 0.878 ; accuracy: 0.998 ; precision: 0.938 ; recall: 0.933 ; loss: 0.072
2019-02-09 01:03:42,993:INFO: - Eval metrics : dsc: 0.898 ; iou: 0.848 ; accuracy: 0.998 ; precision: 0.965 ; recall: 0.875 ; loss: 0.101
2019-02-09 01:03:43,012:INFO: Epoch 11/45
2019-02-09 01:03:53,419:INFO: - Train metrics: dsc: 0.934 ; iou: 0.891 ; accuracy: 0.998 ; precision: 0.943 ; recall: 0.940 ; loss: 0.065
2019-02-09 01:03:54,594:INFO: - Eval metrics : dsc: 0.917 ; iou: 0.872 ; accuracy: 0.998 ; precision: 0.929 ; recall: 0.937 ; loss: 0.082
2019-02-09 01:03:54,624:INFO: - Found new best DSC
2019-02-09 01:03:54,624:INFO: Epoch 12/45
2019-02-09 01:04:05,075:INFO: - Train metrics: dsc: 0.936 ; iou: 0.893 ; accuracy: 0.998 ; precision: 0.944 ; recall: 0.942 ; loss: 0.063
2019-02-09 01:04:06,257:INFO: - Eval metrics : dsc: 0.903 ; iou: 0.850 ; accuracy: 0.998 ; precision: 0.880 ; recall: 0.937 ; loss: 0.096
2019-02-09 01:04:06,283:INFO: Epoch 13/45
2019-02-09 01:04:16,677:INFO: - Train metrics: dsc: 0.934 ; iou: 0.890 ; accuracy: 0.998 ; precision: 0.944 ; recall: 0.941 ; loss: 0.065
2019-02-09 01:04:17,851:INFO: - Eval metrics : dsc: 0.904 ; iou: 0.860 ; accuracy: 0.998 ; precision: 0.955 ; recall: 0.894 ; loss: 0.095
2019-02-09 01:04:17,872:INFO: Epoch 14/45
2019-02-09 01:04:28,395:INFO: - Train metrics: dsc: 0.938 ; iou: 0.896 ; accuracy: 0.998 ; precision: 0.945 ; recall: 0.946 ; loss: 0.061
2019-02-09 01:04:29,568:INFO: - Eval metrics : dsc: 0.918 ; iou: 0.874 ; accuracy: 0.998 ; precision: 0.946 ; recall: 0.917 ; loss: 0.081
2019-02-09 01:04:29,590:INFO: - Found new best DSC
2019-02-09 01:04:29,590:INFO: Epoch 15/45
2019-02-09 01:04:40,029:INFO: - Train metrics: dsc: 0.941 ; iou: 0.902 ; accuracy: 0.999 ; precision: 0.950 ; recall: 0.947 ; loss: 0.057
2019-02-09 01:04:41,233:INFO: - Eval metrics : dsc: 0.920 ; iou: 0.877 ; accuracy: 0.998 ; precision: 0.945 ; recall: 0.922 ; loss: 0.079
2019-02-09 01:04:41,265:INFO: - Found new best DSC
2019-02-09 01:04:41,265:INFO: Epoch 16/45
2019-02-09 01:04:51,838:INFO: - Train metrics: dsc: 0.942 ; iou: 0.905 ; accuracy: 0.999 ; precision: 0.953 ; recall: 0.948 ; loss: 0.056
2019-02-09 01:04:53,043:INFO: - Eval metrics : dsc: 0.918 ; iou: 0.876 ; accuracy: 0.998 ; precision: 0.938 ; recall: 0.924 ; loss: 0.081
2019-02-09 01:04:53,069:INFO: Epoch 17/45
2019-02-09 01:05:03,550:INFO: - Train metrics: dsc: 0.943 ; iou: 0.907 ; accuracy: 0.999 ; precision: 0.953 ; recall: 0.950 ; loss: 0.055
2019-02-09 01:05:04,718:INFO: - Eval metrics : dsc: 0.920 ; iou: 0.877 ; accuracy: 0.998 ; precision: 0.947 ; recall: 0.915 ; loss: 0.079
2019-02-09 01:05:04,746:INFO: - Found new best DSC
2019-02-09 01:05:04,746:INFO: Epoch 18/45
2019-02-09 01:05:15,291:INFO: - Train metrics: dsc: 0.944 ; iou: 0.907 ; accuracy: 0.999 ; precision: 0.952 ; recall: 0.952 ; loss: 0.055
2019-02-09 01:05:16,488:INFO: - Eval metrics : dsc: 0.919 ; iou: 0.876 ; accuracy: 0.998 ; precision: 0.954 ; recall: 0.912 ; loss: 0.080
2019-02-09 01:05:16,507:INFO: Epoch 19/45
2019-02-09 01:05:27,034:INFO: - Train metrics: dsc: 0.945 ; iou: 0.909 ; accuracy: 0.999 ; precision: 0.955 ; recall: 0.951 ; loss: 0.053
2019-02-09 01:05:28,220:INFO: - Eval metrics : dsc: 0.922 ; iou: 0.881 ; accuracy: 0.999 ; precision: 0.945 ; recall: 0.924 ; loss: 0.077
2019-02-09 01:05:28,241:INFO: - Found new best DSC
2019-02-09 01:05:28,241:INFO: Epoch 20/45
2019-02-09 01:05:38,634:INFO: - Train metrics: dsc: 0.947 ; iou: 0.912 ; accuracy: 0.999 ; precision: 0.957 ; recall: 0.952 ; loss: 0.052
2019-02-09 01:05:39,809:INFO: - Eval metrics : dsc: 0.919 ; iou: 0.878 ; accuracy: 0.999 ; precision: 0.951 ; recall: 0.917 ; loss: 0.081
2019-02-09 01:05:39,832:INFO: Epoch 21/45
2019-02-09 01:05:50,381:INFO: - Train metrics: dsc: 0.949 ; iou: 0.916 ; accuracy: 0.999 ; precision: 0.957 ; recall: 0.955 ; loss: 0.049
2019-02-09 01:05:51,529:INFO: - Eval metrics : dsc: 0.917 ; iou: 0.877 ; accuracy: 0.999 ; precision: 0.954 ; recall: 0.916 ; loss: 0.081
2019-02-09 01:05:51,555:INFO: Epoch 22/45
2019-02-09 01:06:02,039:INFO: - Train metrics: dsc: 0.946 ; iou: 0.910 ; accuracy: 0.999 ; precision: 0.957 ; recall: 0.950 ; loss: 0.053
2019-02-09 01:06:03,254:INFO: - Eval metrics : dsc: 0.912 ; iou: 0.868 ; accuracy: 0.998 ; precision: 0.960 ; recall: 0.905 ; loss: 0.087
2019-02-09 01:06:03,276:INFO: Epoch 23/45
2019-02-09 01:06:13,805:INFO: - Train metrics: dsc: 0.943 ; iou: 0.905 ; accuracy: 0.999 ; precision: 0.951 ; recall: 0.948 ; loss: 0.056
2019-02-09 01:06:14,928:INFO: - Eval metrics : dsc: 0.908 ; iou: 0.864 ; accuracy: 0.998 ; precision: 0.972 ; recall: 0.887 ; loss: 0.091
2019-02-09 01:06:14,952:INFO: Epoch 24/45
2019-02-09 01:06:25,386:INFO: - Train metrics: dsc: 0.947 ; iou: 0.913 ; accuracy: 0.999 ; precision: 0.958 ; recall: 0.951 ; loss: 0.051
2019-02-09 01:06:26,611:INFO: - Eval metrics : dsc: 0.921 ; iou: 0.881 ; accuracy: 0.999 ; precision: 0.946 ; recall: 0.930 ; loss: 0.078
2019-02-09 01:06:26,637:INFO: Epoch 25/45
2019-02-09 01:06:37,054:INFO: - Train metrics: dsc: 0.939 ; iou: 0.899 ; accuracy: 0.998 ; precision: 0.949 ; recall: 0.944 ; loss: 0.060
2019-02-09 01:06:38,287:INFO: - Eval metrics : dsc: 0.921 ; iou: 0.877 ; accuracy: 0.998 ; precision: 0.935 ; recall: 0.927 ; loss: 0.078
2019-02-09 01:06:38,333:INFO: Epoch 26/45
2019-02-09 01:06:48,851:INFO: - Train metrics: dsc: 0.944 ; iou: 0.907 ; accuracy: 0.999 ; precision: 0.951 ; recall: 0.951 ; loss: 0.054
2019-02-09 01:06:50,101:INFO: - Eval metrics : dsc: 0.912 ; iou: 0.869 ; accuracy: 0.998 ; precision: 0.956 ; recall: 0.896 ; loss: 0.087
2019-02-09 01:06:50,146:INFO: Epoch 27/45
2019-02-09 01:07:00,603:INFO: - Train metrics: dsc: 0.948 ; iou: 0.914 ; accuracy: 0.999 ; precision: 0.957 ; recall: 0.953 ; loss: 0.051
2019-02-09 01:07:01,893:INFO: - Eval metrics : dsc: 0.922 ; iou: 0.883 ; accuracy: 0.999 ; precision: 0.947 ; recall: 0.924 ; loss: 0.077
2019-02-09 01:07:01,918:INFO: - Found new best DSC
2019-02-09 01:07:01,918:INFO: Epoch 28/45
2019-02-09 01:07:12,342:INFO: - Train metrics: dsc: 0.948 ; iou: 0.914 ; accuracy: 0.999 ; precision: 0.958 ; recall: 0.953 ; loss: 0.051
2019-02-09 01:07:13,511:INFO: - Eval metrics : dsc: 0.914 ; iou: 0.870 ; accuracy: 0.998 ; precision: 0.962 ; recall: 0.897 ; loss: 0.085
2019-02-09 01:07:13,535:INFO: Epoch 29/45
2019-02-09 01:07:23,983:INFO: - Train metrics: dsc: 0.950 ; iou: 0.917 ; accuracy: 0.999 ; precision: 0.960 ; recall: 0.955 ; loss: 0.049
2019-02-09 01:07:25,224:INFO: - Eval metrics : dsc: 0.923 ; iou: 0.883 ; accuracy: 0.999 ; precision: 0.926 ; recall: 0.938 ; loss: 0.076
2019-02-09 01:07:25,251:INFO: - Found new best DSC
2019-02-09 01:07:25,251:INFO: Epoch 30/45
2019-02-09 01:07:35,632:INFO: - Train metrics: dsc: 0.952 ; iou: 0.921 ; accuracy: 0.999 ; precision: 0.960 ; recall: 0.958 ; loss: 0.047
2019-02-09 01:07:36,796:INFO: - Eval metrics : dsc: 0.922 ; iou: 0.882 ; accuracy: 0.999 ; precision: 0.948 ; recall: 0.917 ; loss: 0.077
2019-02-09 01:07:36,816:INFO: Epoch 31/45
2019-02-09 01:07:47,297:INFO: - Train metrics: dsc: 0.952 ; iou: 0.921 ; accuracy: 0.999 ; precision: 0.962 ; recall: 0.956 ; loss: 0.047
2019-02-09 01:07:48,557:INFO: - Eval metrics : dsc: 0.924 ; iou: 0.885 ; accuracy: 0.999 ; precision: 0.943 ; recall: 0.935 ; loss: 0.075
2019-02-09 01:07:48,588:INFO: - Found new best DSC
2019-02-09 01:07:48,588:INFO: Epoch 32/45
2019-02-09 01:07:59,037:INFO: - Train metrics: dsc: 0.951 ; iou: 0.919 ; accuracy: 0.999 ; precision: 0.959 ; recall: 0.957 ; loss: 0.048
2019-02-09 01:08:00,231:INFO: - Eval metrics : dsc: 0.922 ; iou: 0.882 ; accuracy: 0.998 ; precision: 0.935 ; recall: 0.932 ; loss: 0.077
2019-02-09 01:08:00,246:INFO: Epoch 33/45
2019-02-09 01:08:10,651:INFO: - Train metrics: dsc: 0.953 ; iou: 0.924 ; accuracy: 0.999 ; precision: 0.962 ; recall: 0.958 ; loss: 0.045
2019-02-09 01:08:11,795:INFO: - Eval metrics : dsc: 0.922 ; iou: 0.881 ; accuracy: 0.998 ; precision: 0.954 ; recall: 0.917 ; loss: 0.077
2019-02-09 01:08:11,819:INFO: Epoch 34/45
2019-02-09 01:08:22,242:INFO: - Train metrics: dsc: 0.952 ; iou: 0.921 ; accuracy: 0.999 ; precision: 0.962 ; recall: 0.957 ; loss: 0.047
2019-02-09 01:08:23,455:INFO: - Eval metrics : dsc: 0.921 ; iou: 0.880 ; accuracy: 0.999 ; precision: 0.952 ; recall: 0.913 ; loss: 0.078
2019-02-09 01:08:23,482:INFO: Epoch 35/45
2019-02-09 01:08:34,009:INFO: - Train metrics: dsc: 0.953 ; iou: 0.923 ; accuracy: 0.999 ; precision: 0.962 ; recall: 0.958 ; loss: 0.045
2019-02-09 01:08:35,262:INFO: - Eval metrics : dsc: 0.923 ; iou: 0.883 ; accuracy: 0.999 ; precision: 0.939 ; recall: 0.934 ; loss: 0.076
2019-02-09 01:08:35,328:INFO: Epoch 36/45
2019-02-09 01:08:45,815:INFO: - Train metrics: dsc: 0.955 ; iou: 0.926 ; accuracy: 0.999 ; precision: 0.965 ; recall: 0.959 ; loss: 0.044
2019-02-09 01:08:47,035:INFO: - Eval metrics : dsc: 0.920 ; iou: 0.877 ; accuracy: 0.998 ; precision: 0.924 ; recall: 0.944 ; loss: 0.079
2019-02-09 01:08:47,075:INFO: Epoch 37/45
2019-02-09 01:08:57,650:INFO: - Train metrics: dsc: 0.955 ; iou: 0.926 ; accuracy: 0.999 ; precision: 0.965 ; recall: 0.959 ; loss: 0.044
2019-02-09 01:08:58,818:INFO: - Eval metrics : dsc: 0.922 ; iou: 0.881 ; accuracy: 0.999 ; precision: 0.955 ; recall: 0.914 ; loss: 0.077
2019-02-09 01:08:58,839:INFO: Epoch 38/45
2019-02-09 01:09:09,357:INFO: - Train metrics: dsc: 0.955 ; iou: 0.926 ; accuracy: 0.999 ; precision: 0.966 ; recall: 0.958 ; loss: 0.044
2019-02-09 01:09:10,521:INFO: - Eval metrics : dsc: 0.916 ; iou: 0.873 ; accuracy: 0.998 ; precision: 0.965 ; recall: 0.900 ; loss: 0.082
2019-02-09 01:09:10,546:INFO: Epoch 39/45
2019-02-09 01:09:20,928:INFO: - Train metrics: dsc: 0.956 ; iou: 0.928 ; accuracy: 0.999 ; precision: 0.966 ; recall: 0.960 ; loss: 0.042
2019-02-09 01:09:22,084:INFO: - Eval metrics : dsc: 0.923 ; iou: 0.884 ; accuracy: 0.999 ; precision: 0.933 ; recall: 0.936 ; loss: 0.076
2019-02-09 01:09:22,104:INFO: Epoch 40/45
2019-02-09 01:09:32,590:INFO: - Train metrics: dsc: 0.955 ; iou: 0.927 ; accuracy: 0.999 ; precision: 0.967 ; recall: 0.958 ; loss: 0.043
2019-02-09 01:09:33,768:INFO: - Eval metrics : dsc: 0.920 ; iou: 0.879 ; accuracy: 0.998 ; precision: 0.924 ; recall: 0.938 ; loss: 0.079
2019-02-09 01:09:33,801:INFO: Epoch 41/45
2019-02-09 01:09:44,252:INFO: - Train metrics: dsc: 0.956 ; iou: 0.928 ; accuracy: 0.999 ; precision: 0.967 ; recall: 0.959 ; loss: 0.043
2019-02-09 01:09:45,452:INFO: - Eval metrics : dsc: 0.923 ; iou: 0.883 ; accuracy: 0.998 ; precision: 0.932 ; recall: 0.937 ; loss: 0.076
2019-02-09 01:09:45,478:INFO: Epoch 42/45
2019-02-09 01:09:56,023:INFO: - Train metrics: dsc: 0.957 ; iou: 0.930 ; accuracy: 0.999 ; precision: 0.968 ; recall: 0.960 ; loss: 0.042
2019-02-09 01:09:57,225:INFO: - Eval metrics : dsc: 0.921 ; iou: 0.880 ; accuracy: 0.998 ; precision: 0.928 ; recall: 0.936 ; loss: 0.078
2019-02-09 01:09:57,244:INFO: Epoch 43/45
2019-02-09 01:10:07,686:INFO: - Train metrics: dsc: 0.956 ; iou: 0.929 ; accuracy: 0.999 ; precision: 0.968 ; recall: 0.959 ; loss: 0.042
2019-02-09 01:10:08,857:INFO: - Eval metrics : dsc: 0.922 ; iou: 0.881 ; accuracy: 0.998 ; precision: 0.953 ; recall: 0.922 ; loss: 0.077
2019-02-09 01:10:08,872:INFO: Epoch 44/45
2019-02-09 01:10:19,304:INFO: - Train metrics: dsc: 0.956 ; iou: 0.929 ; accuracy: 0.999 ; precision: 0.966 ; recall: 0.960 ; loss: 0.042
2019-02-09 01:10:20,463:INFO: - Eval metrics : dsc: 0.914 ; iou: 0.869 ; accuracy: 0.998 ; precision: 0.942 ; recall: 0.905 ; loss: 0.086
2019-02-09 01:10:20,495:INFO: Epoch 45/45
2019-02-09 01:10:30,971:INFO: - Train metrics: dsc: 0.946 ; iou: 0.910 ; accuracy: 0.999 ; precision: 0.955 ; recall: 0.952 ; loss: 0.052
2019-02-09 01:10:32,145:INFO: - Eval metrics : dsc: 0.911 ; iou: 0.864 ; accuracy: 0.998 ; precision: 0.957 ; recall: 0.892 ; loss: 0.088
