2019-01-16 23:50:15,646:INFO: Loading the datasets...
2019-01-16 23:50:19,822:INFO: - done.
2019-01-16 23:50:19,822:INFO: For k-fold 1/5:
2019-01-16 23:50:19,822:INFO: Starting training for 45 epoch(s)
2019-01-16 23:50:19,822:INFO: Restoring parameters from experiments/ENDO/model_ModelA_transfer/data_augmentation/data_rot/batch_size_3/learning_rate_5e-05/EPI-modelA_random-data_rot-batch_size_3-learning_rate_1e-04-best.pth.tar
2019-01-16 23:50:19,840:INFO: Epoch 1/45
2019-01-16 23:50:30,681:INFO: - Train metrics: dsc: 0.843 ; iou: 0.763 ; accuracy: 0.998 ; precision: 0.833 ; recall: 0.912 ; loss: 0.154
2019-01-16 23:50:31,766:INFO: - Eval metrics : dsc: 0.868 ; iou: 0.800 ; accuracy: 0.999 ; precision: 0.863 ; recall: 0.925 ; loss: 0.126
2019-01-16 23:50:31,777:INFO: - Found new best DSC
2019-01-16 23:50:31,778:INFO: Epoch 2/45
2019-01-16 23:50:42,656:INFO: - Train metrics: dsc: 0.882 ; iou: 0.816 ; accuracy: 0.999 ; precision: 0.903 ; recall: 0.903 ; loss: 0.106
2019-01-16 23:50:43,747:INFO: - Eval metrics : dsc: 0.871 ; iou: 0.804 ; accuracy: 0.999 ; precision: 0.859 ; recall: 0.935 ; loss: 0.116
2019-01-16 23:50:43,768:INFO: - Found new best DSC
2019-01-16 23:50:43,769:INFO: Epoch 3/45
2019-01-16 23:50:54,619:INFO: - Train metrics: dsc: 0.898 ; iou: 0.835 ; accuracy: 0.999 ; precision: 0.905 ; recall: 0.919 ; loss: 0.089
2019-01-16 23:50:55,717:INFO: - Eval metrics : dsc: 0.876 ; iou: 0.812 ; accuracy: 0.999 ; precision: 0.890 ; recall: 0.912 ; loss: 0.110
2019-01-16 23:50:55,734:INFO: - Found new best DSC
2019-01-16 23:50:55,734:INFO: Epoch 4/45
2019-01-16 23:51:06,656:INFO: - Train metrics: dsc: 0.900 ; iou: 0.840 ; accuracy: 0.999 ; precision: 0.909 ; recall: 0.922 ; loss: 0.083
2019-01-16 23:51:07,746:INFO: - Eval metrics : dsc: 0.881 ; iou: 0.819 ; accuracy: 0.999 ; precision: 0.883 ; recall: 0.925 ; loss: 0.106
2019-01-16 23:51:07,759:INFO: - Found new best DSC
2019-01-16 23:51:07,759:INFO: Epoch 5/45
2019-01-16 23:51:18,644:INFO: - Train metrics: dsc: 0.904 ; iou: 0.843 ; accuracy: 0.999 ; precision: 0.904 ; recall: 0.929 ; loss: 0.083
2019-01-16 23:51:19,731:INFO: - Eval metrics : dsc: 0.880 ; iou: 0.818 ; accuracy: 0.999 ; precision: 0.893 ; recall: 0.915 ; loss: 0.104
2019-01-16 23:51:19,745:INFO: Epoch 6/45
2019-01-16 23:51:30,705:INFO: - Train metrics: dsc: 0.896 ; iou: 0.836 ; accuracy: 0.999 ; precision: 0.918 ; recall: 0.909 ; loss: 0.085
2019-01-16 23:51:31,798:INFO: - Eval metrics : dsc: 0.824 ; iou: 0.759 ; accuracy: 0.999 ; precision: 0.941 ; recall: 0.807 ; loss: 0.146
2019-01-16 23:51:31,822:INFO: Epoch 7/45
2019-01-16 23:51:42,868:INFO: - Train metrics: dsc: 0.898 ; iou: 0.838 ; accuracy: 0.999 ; precision: 0.911 ; recall: 0.917 ; loss: 0.082
2019-01-16 23:51:44,035:INFO: - Eval metrics : dsc: 0.886 ; iou: 0.825 ; accuracy: 0.999 ; precision: 0.898 ; recall: 0.917 ; loss: 0.094
2019-01-16 23:51:44,057:INFO: - Found new best DSC
2019-01-16 23:51:44,057:INFO: Epoch 8/45
2019-01-16 23:51:54,993:INFO: - Train metrics: dsc: 0.906 ; iou: 0.847 ; accuracy: 0.999 ; precision: 0.911 ; recall: 0.927 ; loss: 0.074
2019-01-16 23:51:56,141:INFO: - Eval metrics : dsc: 0.882 ; iou: 0.821 ; accuracy: 0.999 ; precision: 0.904 ; recall: 0.907 ; loss: 0.100
2019-01-16 23:51:56,156:INFO: Epoch 9/45
2019-01-16 23:52:07,099:INFO: - Train metrics: dsc: 0.906 ; iou: 0.847 ; accuracy: 0.999 ; precision: 0.914 ; recall: 0.924 ; loss: 0.073
2019-01-16 23:52:08,158:INFO: - Eval metrics : dsc: 0.879 ; iou: 0.816 ; accuracy: 0.999 ; precision: 0.890 ; recall: 0.913 ; loss: 0.106
2019-01-16 23:52:08,172:INFO: Epoch 10/45
2019-01-16 23:52:19,093:INFO: - Train metrics: dsc: 0.911 ; iou: 0.853 ; accuracy: 0.999 ; precision: 0.911 ; recall: 0.932 ; loss: 0.068
2019-01-16 23:52:20,199:INFO: - Eval metrics : dsc: 0.887 ; iou: 0.826 ; accuracy: 0.999 ; precision: 0.900 ; recall: 0.914 ; loss: 0.097
2019-01-16 23:52:20,215:INFO: - Found new best DSC
2019-01-16 23:52:20,216:INFO: Epoch 11/45
2019-01-16 23:52:31,194:INFO: - Train metrics: dsc: 0.914 ; iou: 0.857 ; accuracy: 0.999 ; precision: 0.913 ; recall: 0.935 ; loss: 0.065
2019-01-16 23:52:32,359:INFO: - Eval metrics : dsc: 0.887 ; iou: 0.828 ; accuracy: 0.999 ; precision: 0.893 ; recall: 0.925 ; loss: 0.101
2019-01-16 23:52:32,376:INFO: - Found new best DSC
2019-01-16 23:52:32,376:INFO: Epoch 12/45
2019-01-16 23:52:43,319:INFO: - Train metrics: dsc: 0.907 ; iou: 0.848 ; accuracy: 0.999 ; precision: 0.913 ; recall: 0.926 ; loss: 0.072
2019-01-16 23:52:44,412:INFO: - Eval metrics : dsc: 0.876 ; iou: 0.814 ; accuracy: 0.999 ; precision: 0.903 ; recall: 0.895 ; loss: 0.107
2019-01-16 23:52:44,430:INFO: Epoch 13/45
2019-01-16 23:52:55,289:INFO: - Train metrics: dsc: 0.912 ; iou: 0.855 ; accuracy: 0.999 ; precision: 0.915 ; recall: 0.931 ; loss: 0.064
2019-01-16 23:52:56,389:INFO: - Eval metrics : dsc: 0.883 ; iou: 0.821 ; accuracy: 0.999 ; precision: 0.913 ; recall: 0.898 ; loss: 0.100
2019-01-16 23:52:56,402:INFO: Epoch 14/45
2019-01-16 23:53:07,345:INFO: - Train metrics: dsc: 0.915 ; iou: 0.858 ; accuracy: 0.999 ; precision: 0.919 ; recall: 0.931 ; loss: 0.060
2019-01-16 23:53:08,469:INFO: - Eval metrics : dsc: 0.889 ; iou: 0.831 ; accuracy: 0.999 ; precision: 0.891 ; recall: 0.931 ; loss: 0.094
2019-01-16 23:53:08,486:INFO: - Found new best DSC
2019-01-16 23:53:08,486:INFO: Epoch 15/45
2019-01-16 23:53:19,343:INFO: - Train metrics: dsc: 0.918 ; iou: 0.862 ; accuracy: 0.999 ; precision: 0.921 ; recall: 0.933 ; loss: 0.057
2019-01-16 23:53:20,467:INFO: - Eval metrics : dsc: 0.888 ; iou: 0.831 ; accuracy: 0.999 ; precision: 0.885 ; recall: 0.937 ; loss: 0.094
2019-01-16 23:53:20,481:INFO: Epoch 16/45
2019-01-16 23:53:31,394:INFO: - Train metrics: dsc: 0.916 ; iou: 0.861 ; accuracy: 0.999 ; precision: 0.922 ; recall: 0.931 ; loss: 0.058
2019-01-16 23:53:32,500:INFO: - Eval metrics : dsc: 0.885 ; iou: 0.825 ; accuracy: 0.999 ; precision: 0.913 ; recall: 0.903 ; loss: 0.097
2019-01-16 23:53:32,514:INFO: Epoch 17/45
2019-01-16 23:53:43,455:INFO: - Train metrics: dsc: 0.917 ; iou: 0.862 ; accuracy: 0.999 ; precision: 0.922 ; recall: 0.931 ; loss: 0.058
2019-01-16 23:53:44,552:INFO: - Eval metrics : dsc: 0.885 ; iou: 0.824 ; accuracy: 0.999 ; precision: 0.897 ; recall: 0.918 ; loss: 0.095
2019-01-16 23:53:44,570:INFO: Epoch 18/45
2019-01-16 23:53:55,475:INFO: - Train metrics: dsc: 0.918 ; iou: 0.864 ; accuracy: 0.999 ; precision: 0.922 ; recall: 0.934 ; loss: 0.056
2019-01-16 23:53:56,561:INFO: - Eval metrics : dsc: 0.889 ; iou: 0.832 ; accuracy: 0.999 ; precision: 0.900 ; recall: 0.922 ; loss: 0.092
2019-01-16 23:53:56,583:INFO: - Found new best DSC
2019-01-16 23:53:56,583:INFO: Epoch 19/45
2019-01-16 23:54:07,457:INFO: - Train metrics: dsc: 0.916 ; iou: 0.860 ; accuracy: 0.999 ; precision: 0.917 ; recall: 0.935 ; loss: 0.061
2019-01-16 23:54:08,606:INFO: - Eval metrics : dsc: 0.890 ; iou: 0.831 ; accuracy: 0.999 ; precision: 0.892 ; recall: 0.928 ; loss: 0.092
2019-01-16 23:54:08,629:INFO: - Found new best DSC
2019-01-16 23:54:08,629:INFO: Epoch 20/45
2019-01-16 23:54:19,573:INFO: - Train metrics: dsc: 0.914 ; iou: 0.858 ; accuracy: 0.999 ; precision: 0.919 ; recall: 0.929 ; loss: 0.060
2019-01-16 23:54:20,719:INFO: - Eval metrics : dsc: 0.868 ; iou: 0.800 ; accuracy: 0.999 ; precision: 0.921 ; recall: 0.868 ; loss: 0.110
2019-01-16 23:54:20,739:INFO: Epoch 21/45
2019-01-16 23:54:31,700:INFO: - Train metrics: dsc: 0.914 ; iou: 0.857 ; accuracy: 0.999 ; precision: 0.921 ; recall: 0.928 ; loss: 0.061
2019-01-16 23:54:32,837:INFO: - Eval metrics : dsc: 0.892 ; iou: 0.835 ; accuracy: 0.999 ; precision: 0.894 ; recall: 0.932 ; loss: 0.089
2019-01-16 23:54:32,856:INFO: - Found new best DSC
2019-01-16 23:54:32,856:INFO: Epoch 22/45
2019-01-16 23:54:43,793:INFO: - Train metrics: dsc: 0.920 ; iou: 0.865 ; accuracy: 0.999 ; precision: 0.921 ; recall: 0.935 ; loss: 0.054
2019-01-16 23:54:44,927:INFO: - Eval metrics : dsc: 0.891 ; iou: 0.834 ; accuracy: 0.999 ; precision: 0.893 ; recall: 0.932 ; loss: 0.090
2019-01-16 23:54:44,946:INFO: Epoch 23/45
2019-01-16 23:54:55,942:INFO: - Train metrics: dsc: 0.922 ; iou: 0.869 ; accuracy: 0.999 ; precision: 0.923 ; recall: 0.936 ; loss: 0.051
2019-01-16 23:54:57,081:INFO: - Eval metrics : dsc: 0.890 ; iou: 0.831 ; accuracy: 0.999 ; precision: 0.915 ; recall: 0.907 ; loss: 0.091
2019-01-16 23:54:57,099:INFO: Epoch 24/45
2019-01-16 23:55:08,026:INFO: - Train metrics: dsc: 0.924 ; iou: 0.871 ; accuracy: 0.999 ; precision: 0.926 ; recall: 0.937 ; loss: 0.048
2019-01-16 23:55:09,165:INFO: - Eval metrics : dsc: 0.889 ; iou: 0.832 ; accuracy: 0.999 ; precision: 0.905 ; recall: 0.918 ; loss: 0.089
2019-01-16 23:55:09,176:INFO: Epoch 25/45
2019-01-16 23:55:20,289:INFO: - Train metrics: dsc: 0.924 ; iou: 0.871 ; accuracy: 0.999 ; precision: 0.927 ; recall: 0.935 ; loss: 0.048
2019-01-16 23:55:21,463:INFO: - Eval metrics : dsc: 0.893 ; iou: 0.835 ; accuracy: 0.999 ; precision: 0.891 ; recall: 0.935 ; loss: 0.088
2019-01-16 23:55:21,486:INFO: - Found new best DSC
2019-01-16 23:55:21,486:INFO: Epoch 26/45
2019-01-16 23:55:32,439:INFO: - Train metrics: dsc: 0.926 ; iou: 0.875 ; accuracy: 0.999 ; precision: 0.927 ; recall: 0.939 ; loss: 0.045
2019-01-16 23:55:33,537:INFO: - Eval metrics : dsc: 0.888 ; iou: 0.830 ; accuracy: 0.999 ; precision: 0.898 ; recall: 0.922 ; loss: 0.090
2019-01-16 23:55:33,553:INFO: Epoch 27/45
2019-01-16 23:55:44,505:INFO: - Train metrics: dsc: 0.925 ; iou: 0.873 ; accuracy: 0.999 ; precision: 0.925 ; recall: 0.940 ; loss: 0.048
2019-01-16 23:55:45,659:INFO: - Eval metrics : dsc: 0.886 ; iou: 0.828 ; accuracy: 0.999 ; precision: 0.892 ; recall: 0.924 ; loss: 0.091
2019-01-16 23:55:45,676:INFO: Epoch 28/45
2019-01-16 23:55:56,674:INFO: - Train metrics: dsc: 0.922 ; iou: 0.869 ; accuracy: 0.999 ; precision: 0.925 ; recall: 0.936 ; loss: 0.051
2019-01-16 23:55:57,800:INFO: - Eval metrics : dsc: 0.890 ; iou: 0.832 ; accuracy: 0.999 ; precision: 0.898 ; recall: 0.925 ; loss: 0.090
2019-01-16 23:55:57,815:INFO: Epoch 29/45
2019-01-16 23:56:08,723:INFO: - Train metrics: dsc: 0.927 ; iou: 0.876 ; accuracy: 0.999 ; precision: 0.930 ; recall: 0.937 ; loss: 0.044
2019-01-16 23:56:09,832:INFO: - Eval metrics : dsc: 0.890 ; iou: 0.831 ; accuracy: 0.999 ; precision: 0.891 ; recall: 0.931 ; loss: 0.090
2019-01-16 23:56:09,849:INFO: Epoch 30/45
2019-01-16 23:56:20,859:INFO: - Train metrics: dsc: 0.896 ; iou: 0.838 ; accuracy: 0.999 ; precision: 0.918 ; recall: 0.910 ; loss: 0.077
2019-01-16 23:56:21,961:INFO: - Eval metrics : dsc: 0.888 ; iou: 0.827 ; accuracy: 0.999 ; precision: 0.902 ; recall: 0.916 ; loss: 0.093
2019-01-16 23:56:21,977:INFO: Epoch 31/45
2019-01-16 23:56:32,898:INFO: - Train metrics: dsc: 0.922 ; iou: 0.868 ; accuracy: 0.999 ; precision: 0.925 ; recall: 0.935 ; loss: 0.049
2019-01-16 23:56:33,998:INFO: - Eval metrics : dsc: 0.886 ; iou: 0.825 ; accuracy: 0.999 ; precision: 0.916 ; recall: 0.900 ; loss: 0.094
2019-01-16 23:56:34,017:INFO: Epoch 32/45
2019-01-16 23:56:44,934:INFO: - Train metrics: dsc: 0.924 ; iou: 0.872 ; accuracy: 0.999 ; precision: 0.924 ; recall: 0.940 ; loss: 0.048
2019-01-16 23:56:46,032:INFO: - Eval metrics : dsc: 0.891 ; iou: 0.832 ; accuracy: 0.999 ; precision: 0.905 ; recall: 0.918 ; loss: 0.089
2019-01-16 23:56:46,057:INFO: Epoch 33/45
2019-01-16 23:56:56,984:INFO: - Train metrics: dsc: 0.927 ; iou: 0.876 ; accuracy: 0.999 ; precision: 0.927 ; recall: 0.941 ; loss: 0.045
2019-01-16 23:56:58,080:INFO: - Eval metrics : dsc: 0.887 ; iou: 0.826 ; accuracy: 0.999 ; precision: 0.909 ; recall: 0.909 ; loss: 0.093
2019-01-16 23:56:58,096:INFO: Epoch 34/45
2019-01-16 23:57:09,019:INFO: - Train metrics: dsc: 0.927 ; iou: 0.877 ; accuracy: 0.999 ; precision: 0.928 ; recall: 0.940 ; loss: 0.044
2019-01-16 23:57:10,153:INFO: - Eval metrics : dsc: 0.889 ; iou: 0.830 ; accuracy: 0.999 ; precision: 0.899 ; recall: 0.923 ; loss: 0.091
2019-01-16 23:57:10,168:INFO: Epoch 35/45
2019-01-16 23:57:21,132:INFO: - Train metrics: dsc: 0.929 ; iou: 0.878 ; accuracy: 0.999 ; precision: 0.930 ; recall: 0.940 ; loss: 0.042
2019-01-16 23:57:22,234:INFO: - Eval metrics : dsc: 0.891 ; iou: 0.833 ; accuracy: 0.999 ; precision: 0.904 ; recall: 0.920 ; loss: 0.089
2019-01-16 23:57:22,248:INFO: Epoch 36/45
2019-01-16 23:57:33,214:INFO: - Train metrics: dsc: 0.929 ; iou: 0.878 ; accuracy: 0.999 ; precision: 0.929 ; recall: 0.941 ; loss: 0.042
2019-01-16 23:57:34,364:INFO: - Eval metrics : dsc: 0.894 ; iou: 0.836 ; accuracy: 0.999 ; precision: 0.897 ; recall: 0.930 ; loss: 0.086
2019-01-16 23:57:34,383:INFO: - Found new best DSC
2019-01-16 23:57:34,384:INFO: Epoch 37/45
2019-01-16 23:57:45,344:INFO: - Train metrics: dsc: 0.930 ; iou: 0.880 ; accuracy: 0.999 ; precision: 0.932 ; recall: 0.941 ; loss: 0.041
2019-01-16 23:57:46,433:INFO: - Eval metrics : dsc: 0.894 ; iou: 0.837 ; accuracy: 0.999 ; precision: 0.900 ; recall: 0.927 ; loss: 0.086
2019-01-16 23:57:46,455:INFO: - Found new best DSC
2019-01-16 23:57:46,455:INFO: Epoch 38/45
2019-01-16 23:57:57,375:INFO: - Train metrics: dsc: 0.930 ; iou: 0.881 ; accuracy: 0.999 ; precision: 0.932 ; recall: 0.941 ; loss: 0.040
2019-01-16 23:57:58,534:INFO: - Eval metrics : dsc: 0.893 ; iou: 0.835 ; accuracy: 0.999 ; precision: 0.890 ; recall: 0.936 ; loss: 0.087
2019-01-16 23:57:58,561:INFO: Epoch 39/45
2019-01-16 23:58:09,474:INFO: - Train metrics: dsc: 0.931 ; iou: 0.881 ; accuracy: 0.999 ; precision: 0.932 ; recall: 0.942 ; loss: 0.040
2019-01-16 23:58:10,572:INFO: - Eval metrics : dsc: 0.893 ; iou: 0.836 ; accuracy: 0.999 ; precision: 0.896 ; recall: 0.929 ; loss: 0.085
2019-01-16 23:58:10,589:INFO: Epoch 40/45
2019-01-16 23:58:21,543:INFO: - Train metrics: dsc: 0.930 ; iou: 0.881 ; accuracy: 0.999 ; precision: 0.933 ; recall: 0.941 ; loss: 0.040
2019-01-16 23:58:22,642:INFO: - Eval metrics : dsc: 0.894 ; iou: 0.835 ; accuracy: 0.999 ; precision: 0.910 ; recall: 0.917 ; loss: 0.086
2019-01-16 23:58:22,656:INFO: Epoch 41/45
2019-01-16 23:58:33,642:INFO: - Train metrics: dsc: 0.930 ; iou: 0.882 ; accuracy: 0.999 ; precision: 0.934 ; recall: 0.940 ; loss: 0.040
2019-01-16 23:58:34,761:INFO: - Eval metrics : dsc: 0.894 ; iou: 0.836 ; accuracy: 0.999 ; precision: 0.901 ; recall: 0.925 ; loss: 0.086
2019-01-16 23:58:34,790:INFO: Epoch 42/45
2019-01-16 23:58:45,668:INFO: - Train metrics: dsc: 0.929 ; iou: 0.880 ; accuracy: 0.999 ; precision: 0.933 ; recall: 0.939 ; loss: 0.042
2019-01-16 23:58:46,768:INFO: - Eval metrics : dsc: 0.889 ; iou: 0.831 ; accuracy: 0.999 ; precision: 0.892 ; recall: 0.930 ; loss: 0.090
2019-01-16 23:58:46,783:INFO: Epoch 43/45
2019-01-16 23:58:57,725:INFO: - Train metrics: dsc: 0.930 ; iou: 0.881 ; accuracy: 0.999 ; precision: 0.931 ; recall: 0.943 ; loss: 0.040
2019-01-16 23:58:58,824:INFO: - Eval metrics : dsc: 0.888 ; iou: 0.826 ; accuracy: 0.999 ; precision: 0.922 ; recall: 0.895 ; loss: 0.091
2019-01-16 23:58:58,841:INFO: Epoch 44/45
2019-01-16 23:59:09,768:INFO: - Train metrics: dsc: 0.932 ; iou: 0.884 ; accuracy: 0.999 ; precision: 0.935 ; recall: 0.942 ; loss: 0.038
2019-01-16 23:59:10,868:INFO: - Eval metrics : dsc: 0.894 ; iou: 0.834 ; accuracy: 0.999 ; precision: 0.906 ; recall: 0.919 ; loss: 0.086
2019-01-16 23:59:10,887:INFO: Epoch 45/45
2019-01-16 23:59:21,765:INFO: - Train metrics: dsc: 0.930 ; iou: 0.881 ; accuracy: 0.999 ; precision: 0.935 ; recall: 0.940 ; loss: 0.040
2019-01-16 23:59:22,853:INFO: - Eval metrics : dsc: 0.895 ; iou: 0.836 ; accuracy: 0.999 ; precision: 0.899 ; recall: 0.928 ; loss: 0.084
2019-01-16 23:59:22,871:INFO: - Found new best DSC
2019-01-16 23:59:22,915:INFO: Loading the datasets...
2019-01-16 23:59:27,123:INFO: - done.
2019-01-16 23:59:27,123:INFO: For k-fold 2/5:
2019-01-16 23:59:27,124:INFO: Starting training for 45 epoch(s)
2019-01-16 23:59:27,124:INFO: Restoring parameters from experiments/ENDO/model_ModelA_transfer/data_augmentation/data_rot/batch_size_3/learning_rate_5e-05/EPI-modelA_random-data_rot-batch_size_3-learning_rate_1e-04-best.pth.tar
2019-01-16 23:59:27,141:INFO: Epoch 1/45
2019-01-16 23:59:37,954:INFO: - Train metrics: dsc: 0.846 ; iou: 0.767 ; accuracy: 0.998 ; precision: 0.833 ; recall: 0.917 ; loss: 0.151
2019-01-16 23:59:39,073:INFO: - Eval metrics : dsc: 0.882 ; iou: 0.821 ; accuracy: 0.999 ; precision: 0.882 ; recall: 0.927 ; loss: 0.112
2019-01-16 23:59:39,096:INFO: - Found new best DSC
2019-01-16 23:59:39,097:INFO: Epoch 2/45
2019-01-16 23:59:50,021:INFO: - Train metrics: dsc: 0.892 ; iou: 0.828 ; accuracy: 0.999 ; precision: 0.891 ; recall: 0.926 ; loss: 0.101
2019-01-16 23:59:51,132:INFO: - Eval metrics : dsc: 0.889 ; iou: 0.829 ; accuracy: 0.999 ; precision: 0.880 ; recall: 0.939 ; loss: 0.096
2019-01-16 23:59:51,149:INFO: - Found new best DSC
2019-01-16 23:59:51,149:INFO: Epoch 3/45
2019-01-17 00:00:02,059:INFO: - Train metrics: dsc: 0.897 ; iou: 0.834 ; accuracy: 0.999 ; precision: 0.900 ; recall: 0.924 ; loss: 0.094
2019-01-17 00:00:03,157:INFO: - Eval metrics : dsc: 0.891 ; iou: 0.832 ; accuracy: 0.999 ; precision: 0.891 ; recall: 0.931 ; loss: 0.089
2019-01-17 00:00:03,184:INFO: - Found new best DSC
2019-01-17 00:00:03,184:INFO: Epoch 4/45
2019-01-17 00:00:14,109:INFO: - Train metrics: dsc: 0.898 ; iou: 0.837 ; accuracy: 0.999 ; precision: 0.898 ; recall: 0.929 ; loss: 0.091
2019-01-17 00:00:15,207:INFO: - Eval metrics : dsc: 0.898 ; iou: 0.838 ; accuracy: 0.999 ; precision: 0.914 ; recall: 0.914 ; loss: 0.084
2019-01-17 00:00:15,222:INFO: - Found new best DSC
2019-01-17 00:00:15,223:INFO: Epoch 5/45
2019-01-17 00:00:26,116:INFO: - Train metrics: dsc: 0.908 ; iou: 0.849 ; accuracy: 0.999 ; precision: 0.908 ; recall: 0.932 ; loss: 0.079
2019-01-17 00:00:27,219:INFO: - Eval metrics : dsc: 0.902 ; iou: 0.844 ; accuracy: 0.999 ; precision: 0.911 ; recall: 0.920 ; loss: 0.072
2019-01-17 00:00:27,245:INFO: - Found new best DSC
2019-01-17 00:00:27,245:INFO: Epoch 6/45
2019-01-17 00:00:38,165:INFO: - Train metrics: dsc: 0.910 ; iou: 0.852 ; accuracy: 0.999 ; precision: 0.908 ; recall: 0.934 ; loss: 0.076
2019-01-17 00:00:39,309:INFO: - Eval metrics : dsc: 0.902 ; iou: 0.845 ; accuracy: 0.999 ; precision: 0.897 ; recall: 0.939 ; loss: 0.077
2019-01-17 00:00:39,325:INFO: - Found new best DSC
2019-01-17 00:00:39,326:INFO: Epoch 7/45
2019-01-17 00:00:50,245:INFO: - Train metrics: dsc: 0.909 ; iou: 0.850 ; accuracy: 0.999 ; precision: 0.910 ; recall: 0.931 ; loss: 0.077
2019-01-17 00:00:51,347:INFO: - Eval metrics : dsc: 0.902 ; iou: 0.846 ; accuracy: 0.999 ; precision: 0.906 ; recall: 0.932 ; loss: 0.074
2019-01-17 00:00:51,369:INFO: - Found new best DSC
2019-01-17 00:00:51,369:INFO: Epoch 8/45
2019-01-17 00:01:02,211:INFO: - Train metrics: dsc: 0.909 ; iou: 0.850 ; accuracy: 0.999 ; precision: 0.907 ; recall: 0.934 ; loss: 0.076
2019-01-17 00:01:03,332:INFO: - Eval metrics : dsc: 0.896 ; iou: 0.835 ; accuracy: 0.999 ; precision: 0.934 ; recall: 0.892 ; loss: 0.076
2019-01-17 00:01:03,353:INFO: Epoch 9/45
2019-01-17 00:01:14,239:INFO: - Train metrics: dsc: 0.900 ; iou: 0.840 ; accuracy: 0.999 ; precision: 0.911 ; recall: 0.919 ; loss: 0.087
2019-01-17 00:01:15,335:INFO: - Eval metrics : dsc: 0.862 ; iou: 0.787 ; accuracy: 0.998 ; precision: 0.843 ; recall: 0.931 ; loss: 0.116
2019-01-17 00:01:15,350:INFO: Epoch 10/45
2019-01-17 00:01:26,242:INFO: - Train metrics: dsc: 0.904 ; iou: 0.844 ; accuracy: 0.999 ; precision: 0.905 ; recall: 0.928 ; loss: 0.080
2019-01-17 00:01:27,343:INFO: - Eval metrics : dsc: 0.901 ; iou: 0.843 ; accuracy: 0.999 ; precision: 0.920 ; recall: 0.909 ; loss: 0.068
2019-01-17 00:01:27,357:INFO: Epoch 11/45
2019-01-17 00:01:38,299:INFO: - Train metrics: dsc: 0.914 ; iou: 0.857 ; accuracy: 0.999 ; precision: 0.912 ; recall: 0.936 ; loss: 0.068
2019-01-17 00:01:39,405:INFO: - Eval metrics : dsc: 0.902 ; iou: 0.845 ; accuracy: 0.999 ; precision: 0.908 ; recall: 0.922 ; loss: 0.067
2019-01-17 00:01:39,421:INFO: - Found new best DSC
2019-01-17 00:01:39,421:INFO: Epoch 12/45
2019-01-17 00:01:50,336:INFO: - Train metrics: dsc: 0.916 ; iou: 0.859 ; accuracy: 0.999 ; precision: 0.913 ; recall: 0.937 ; loss: 0.066
2019-01-17 00:01:51,438:INFO: - Eval metrics : dsc: 0.903 ; iou: 0.846 ; accuracy: 0.999 ; precision: 0.917 ; recall: 0.915 ; loss: 0.065
2019-01-17 00:01:51,454:INFO: - Found new best DSC
2019-01-17 00:01:51,454:INFO: Epoch 13/45
2019-01-17 00:02:02,333:INFO: - Train metrics: dsc: 0.916 ; iou: 0.861 ; accuracy: 0.999 ; precision: 0.917 ; recall: 0.935 ; loss: 0.065
2019-01-17 00:02:03,438:INFO: - Eval metrics : dsc: 0.902 ; iou: 0.846 ; accuracy: 0.999 ; precision: 0.916 ; recall: 0.922 ; loss: 0.063
2019-01-17 00:02:03,449:INFO: Epoch 14/45
2019-01-17 00:02:14,384:INFO: - Train metrics: dsc: 0.917 ; iou: 0.862 ; accuracy: 0.999 ; precision: 0.919 ; recall: 0.935 ; loss: 0.063
2019-01-17 00:02:15,483:INFO: - Eval metrics : dsc: 0.901 ; iou: 0.846 ; accuracy: 0.999 ; precision: 0.924 ; recall: 0.912 ; loss: 0.059
2019-01-17 00:02:15,498:INFO: Epoch 15/45
2019-01-17 00:02:26,428:INFO: - Train metrics: dsc: 0.921 ; iou: 0.867 ; accuracy: 0.999 ; precision: 0.919 ; recall: 0.939 ; loss: 0.060
2019-01-17 00:02:27,571:INFO: - Eval metrics : dsc: 0.907 ; iou: 0.851 ; accuracy: 0.999 ; precision: 0.915 ; recall: 0.923 ; loss: 0.060
2019-01-17 00:02:27,588:INFO: - Found new best DSC
2019-01-17 00:02:27,588:INFO: Epoch 16/45
2019-01-17 00:02:38,533:INFO: - Train metrics: dsc: 0.921 ; iou: 0.867 ; accuracy: 0.999 ; precision: 0.920 ; recall: 0.938 ; loss: 0.059
2019-01-17 00:02:39,717:INFO: - Eval metrics : dsc: 0.903 ; iou: 0.846 ; accuracy: 0.999 ; precision: 0.927 ; recall: 0.909 ; loss: 0.068
2019-01-17 00:02:39,731:INFO: Epoch 17/45
2019-01-17 00:02:50,638:INFO: - Train metrics: dsc: 0.922 ; iou: 0.869 ; accuracy: 0.999 ; precision: 0.921 ; recall: 0.939 ; loss: 0.058
2019-01-17 00:02:51,740:INFO: - Eval metrics : dsc: 0.906 ; iou: 0.851 ; accuracy: 0.999 ; precision: 0.925 ; recall: 0.917 ; loss: 0.059
2019-01-17 00:02:51,758:INFO: Epoch 18/45
2019-01-17 00:03:02,665:INFO: - Train metrics: dsc: 0.922 ; iou: 0.870 ; accuracy: 0.999 ; precision: 0.922 ; recall: 0.940 ; loss: 0.058
2019-01-17 00:03:03,821:INFO: - Eval metrics : dsc: 0.907 ; iou: 0.852 ; accuracy: 0.999 ; precision: 0.922 ; recall: 0.920 ; loss: 0.066
2019-01-17 00:03:03,841:INFO: - Found new best DSC
2019-01-17 00:03:03,842:INFO: Epoch 19/45
2019-01-17 00:03:14,797:INFO: - Train metrics: dsc: 0.917 ; iou: 0.862 ; accuracy: 0.999 ; precision: 0.916 ; recall: 0.938 ; loss: 0.064
2019-01-17 00:03:15,905:INFO: - Eval metrics : dsc: 0.904 ; iou: 0.849 ; accuracy: 0.999 ; precision: 0.910 ; recall: 0.931 ; loss: 0.064
2019-01-17 00:03:15,923:INFO: Epoch 20/45
2019-01-17 00:03:26,887:INFO: - Train metrics: dsc: 0.924 ; iou: 0.871 ; accuracy: 0.999 ; precision: 0.923 ; recall: 0.940 ; loss: 0.055
2019-01-17 00:03:27,979:INFO: - Eval metrics : dsc: 0.906 ; iou: 0.849 ; accuracy: 0.999 ; precision: 0.932 ; recall: 0.903 ; loss: 0.061
2019-01-17 00:03:27,993:INFO: Epoch 21/45
2019-01-17 00:03:38,943:INFO: - Train metrics: dsc: 0.926 ; iou: 0.874 ; accuracy: 0.999 ; precision: 0.926 ; recall: 0.940 ; loss: 0.053
2019-01-17 00:03:40,040:INFO: - Eval metrics : dsc: 0.906 ; iou: 0.852 ; accuracy: 0.999 ; precision: 0.915 ; recall: 0.928 ; loss: 0.059
2019-01-17 00:03:40,059:INFO: Epoch 22/45
2019-01-17 00:03:51,012:INFO: - Train metrics: dsc: 0.925 ; iou: 0.873 ; accuracy: 0.999 ; precision: 0.925 ; recall: 0.941 ; loss: 0.054
2019-01-17 00:03:52,110:INFO: - Eval metrics : dsc: 0.902 ; iou: 0.848 ; accuracy: 0.999 ; precision: 0.907 ; recall: 0.932 ; loss: 0.065
2019-01-17 00:03:52,129:INFO: Epoch 23/45
2019-01-17 00:04:03,113:INFO: - Train metrics: dsc: 0.926 ; iou: 0.875 ; accuracy: 0.999 ; precision: 0.927 ; recall: 0.941 ; loss: 0.052
2019-01-17 00:04:04,285:INFO: - Eval metrics : dsc: 0.909 ; iou: 0.854 ; accuracy: 0.999 ; precision: 0.925 ; recall: 0.920 ; loss: 0.056
2019-01-17 00:04:04,307:INFO: - Found new best DSC
2019-01-17 00:04:04,307:INFO: Epoch 24/45
2019-01-17 00:04:15,219:INFO: - Train metrics: dsc: 0.927 ; iou: 0.877 ; accuracy: 0.999 ; precision: 0.927 ; recall: 0.942 ; loss: 0.051
2019-01-17 00:04:16,385:INFO: - Eval metrics : dsc: 0.906 ; iou: 0.852 ; accuracy: 0.999 ; precision: 0.921 ; recall: 0.923 ; loss: 0.054
2019-01-17 00:04:16,403:INFO: Epoch 25/45
2019-01-17 00:04:27,268:INFO: - Train metrics: dsc: 0.916 ; iou: 0.861 ; accuracy: 0.999 ; precision: 0.916 ; recall: 0.937 ; loss: 0.064
2019-01-17 00:04:28,357:INFO: - Eval metrics : dsc: 0.898 ; iou: 0.841 ; accuracy: 0.999 ; precision: 0.916 ; recall: 0.916 ; loss: 0.065
2019-01-17 00:04:28,372:INFO: Epoch 26/45
2019-01-17 00:04:39,303:INFO: - Train metrics: dsc: 0.922 ; iou: 0.869 ; accuracy: 0.999 ; precision: 0.920 ; recall: 0.940 ; loss: 0.056
2019-01-17 00:04:40,437:INFO: - Eval metrics : dsc: 0.906 ; iou: 0.851 ; accuracy: 0.999 ; precision: 0.922 ; recall: 0.920 ; loss: 0.059
2019-01-17 00:04:40,456:INFO: Epoch 27/45
2019-01-17 00:04:51,404:INFO: - Train metrics: dsc: 0.926 ; iou: 0.875 ; accuracy: 0.999 ; precision: 0.926 ; recall: 0.941 ; loss: 0.051
2019-01-17 00:04:52,552:INFO: - Eval metrics : dsc: 0.908 ; iou: 0.853 ; accuracy: 0.999 ; precision: 0.909 ; recall: 0.933 ; loss: 0.053
2019-01-17 00:04:52,572:INFO: Epoch 28/45
2019-01-17 00:05:03,478:INFO: - Train metrics: dsc: 0.921 ; iou: 0.869 ; accuracy: 0.999 ; precision: 0.925 ; recall: 0.936 ; loss: 0.056
2019-01-17 00:05:04,597:INFO: - Eval metrics : dsc: 0.905 ; iou: 0.852 ; accuracy: 0.999 ; precision: 0.919 ; recall: 0.924 ; loss: 0.055
2019-01-17 00:05:04,611:INFO: Epoch 29/45
2019-01-17 00:05:15,528:INFO: - Train metrics: dsc: 0.926 ; iou: 0.875 ; accuracy: 0.999 ; precision: 0.927 ; recall: 0.940 ; loss: 0.051
2019-01-17 00:05:16,715:INFO: - Eval metrics : dsc: 0.905 ; iou: 0.851 ; accuracy: 0.999 ; precision: 0.927 ; recall: 0.914 ; loss: 0.055
2019-01-17 00:05:16,730:INFO: Epoch 30/45
2019-01-17 00:05:27,622:INFO: - Train metrics: dsc: 0.929 ; iou: 0.880 ; accuracy: 0.999 ; precision: 0.929 ; recall: 0.943 ; loss: 0.049
2019-01-17 00:05:28,722:INFO: - Eval metrics : dsc: 0.908 ; iou: 0.855 ; accuracy: 0.999 ; precision: 0.914 ; recall: 0.932 ; loss: 0.055
2019-01-17 00:05:28,742:INFO: Epoch 31/45
2019-01-17 00:05:39,629:INFO: - Train metrics: dsc: 0.930 ; iou: 0.880 ; accuracy: 0.999 ; precision: 0.929 ; recall: 0.943 ; loss: 0.047
2019-01-17 00:05:40,756:INFO: - Eval metrics : dsc: 0.908 ; iou: 0.853 ; accuracy: 0.999 ; precision: 0.922 ; recall: 0.922 ; loss: 0.059
2019-01-17 00:05:40,774:INFO: Epoch 32/45
2019-01-17 00:05:51,724:INFO: - Train metrics: dsc: 0.931 ; iou: 0.883 ; accuracy: 0.999 ; precision: 0.931 ; recall: 0.944 ; loss: 0.046
2019-01-17 00:05:52,817:INFO: - Eval metrics : dsc: 0.906 ; iou: 0.853 ; accuracy: 0.999 ; precision: 0.923 ; recall: 0.920 ; loss: 0.053
2019-01-17 00:05:52,831:INFO: Epoch 33/45
2019-01-17 00:06:03,757:INFO: - Train metrics: dsc: 0.924 ; iou: 0.874 ; accuracy: 0.999 ; precision: 0.930 ; recall: 0.936 ; loss: 0.053
2019-01-17 00:06:04,933:INFO: - Eval metrics : dsc: 0.884 ; iou: 0.827 ; accuracy: 0.999 ; precision: 0.944 ; recall: 0.874 ; loss: 0.068
2019-01-17 00:06:04,947:INFO: Epoch 34/45
2019-01-17 00:06:15,868:INFO: - Train metrics: dsc: 0.916 ; iou: 0.863 ; accuracy: 0.999 ; precision: 0.925 ; recall: 0.929 ; loss: 0.060
2019-01-17 00:06:17,017:INFO: - Eval metrics : dsc: 0.903 ; iou: 0.848 ; accuracy: 0.999 ; precision: 0.915 ; recall: 0.924 ; loss: 0.063
2019-01-17 00:06:17,033:INFO: Epoch 35/45
2019-01-17 00:06:27,996:INFO: - Train metrics: dsc: 0.928 ; iou: 0.878 ; accuracy: 0.999 ; precision: 0.927 ; recall: 0.943 ; loss: 0.049
2019-01-17 00:06:29,104:INFO: - Eval metrics : dsc: 0.907 ; iou: 0.853 ; accuracy: 0.999 ; precision: 0.916 ; recall: 0.924 ; loss: 0.056
2019-01-17 00:06:29,118:INFO: Epoch 36/45
2019-01-17 00:06:40,063:INFO: - Train metrics: dsc: 0.933 ; iou: 0.885 ; accuracy: 0.999 ; precision: 0.932 ; recall: 0.945 ; loss: 0.043
2019-01-17 00:06:41,185:INFO: - Eval metrics : dsc: 0.901 ; iou: 0.847 ; accuracy: 0.999 ; precision: 0.923 ; recall: 0.911 ; loss: 0.059
2019-01-17 00:06:41,200:INFO: Epoch 37/45
2019-01-17 00:06:52,145:INFO: - Train metrics: dsc: 0.931 ; iou: 0.883 ; accuracy: 0.999 ; precision: 0.931 ; recall: 0.945 ; loss: 0.044
2019-01-17 00:06:53,245:INFO: - Eval metrics : dsc: 0.898 ; iou: 0.844 ; accuracy: 0.999 ; precision: 0.905 ; recall: 0.931 ; loss: 0.073
2019-01-17 00:06:53,267:INFO: Epoch 38/45
2019-01-17 00:07:04,212:INFO: - Train metrics: dsc: 0.932 ; iou: 0.883 ; accuracy: 0.999 ; precision: 0.931 ; recall: 0.945 ; loss: 0.044
2019-01-17 00:07:05,311:INFO: - Eval metrics : dsc: 0.903 ; iou: 0.847 ; accuracy: 0.999 ; precision: 0.921 ; recall: 0.916 ; loss: 0.065
2019-01-17 00:07:05,325:INFO: Epoch 39/45
2019-01-17 00:07:16,264:INFO: - Train metrics: dsc: 0.934 ; iou: 0.887 ; accuracy: 0.999 ; precision: 0.934 ; recall: 0.946 ; loss: 0.041
2019-01-17 00:07:17,426:INFO: - Eval metrics : dsc: 0.908 ; iou: 0.852 ; accuracy: 0.999 ; precision: 0.922 ; recall: 0.921 ; loss: 0.057
2019-01-17 00:07:17,445:INFO: Epoch 40/45
2019-01-17 00:07:28,425:INFO: - Train metrics: dsc: 0.932 ; iou: 0.885 ; accuracy: 0.999 ; precision: 0.932 ; recall: 0.946 ; loss: 0.043
2019-01-17 00:07:29,524:INFO: - Eval metrics : dsc: 0.904 ; iou: 0.850 ; accuracy: 0.999 ; precision: 0.902 ; recall: 0.938 ; loss: 0.067
2019-01-17 00:07:29,538:INFO: Epoch 41/45
2019-01-17 00:07:40,468:INFO: - Train metrics: dsc: 0.930 ; iou: 0.881 ; accuracy: 0.999 ; precision: 0.931 ; recall: 0.942 ; loss: 0.046
2019-01-17 00:07:41,562:INFO: - Eval metrics : dsc: 0.904 ; iou: 0.850 ; accuracy: 0.999 ; precision: 0.911 ; recall: 0.928 ; loss: 0.063
2019-01-17 00:07:41,583:INFO: Epoch 42/45
2019-01-17 00:07:52,608:INFO: - Train metrics: dsc: 0.933 ; iou: 0.886 ; accuracy: 0.999 ; precision: 0.933 ; recall: 0.945 ; loss: 0.044
2019-01-17 00:07:53,700:INFO: - Eval metrics : dsc: 0.909 ; iou: 0.855 ; accuracy: 0.999 ; precision: 0.918 ; recall: 0.926 ; loss: 0.054
2019-01-17 00:07:53,714:INFO: Epoch 43/45
2019-01-17 00:08:04,611:INFO: - Train metrics: dsc: 0.935 ; iou: 0.889 ; accuracy: 0.999 ; precision: 0.934 ; recall: 0.948 ; loss: 0.040
2019-01-17 00:08:05,717:INFO: - Eval metrics : dsc: 0.906 ; iou: 0.850 ; accuracy: 0.999 ; precision: 0.892 ; recall: 0.948 ; loss: 0.056
2019-01-17 00:08:05,737:INFO: Epoch 44/45
2019-01-17 00:08:16,606:INFO: - Train metrics: dsc: 0.935 ; iou: 0.889 ; accuracy: 0.999 ; precision: 0.935 ; recall: 0.947 ; loss: 0.040
2019-01-17 00:08:17,776:INFO: - Eval metrics : dsc: 0.908 ; iou: 0.855 ; accuracy: 0.999 ; precision: 0.916 ; recall: 0.930 ; loss: 0.055
2019-01-17 00:08:17,796:INFO: Epoch 45/45
2019-01-17 00:08:28,722:INFO: - Train metrics: dsc: 0.937 ; iou: 0.892 ; accuracy: 0.999 ; precision: 0.936 ; recall: 0.949 ; loss: 0.039
2019-01-17 00:08:29,836:INFO: - Eval metrics : dsc: 0.903 ; iou: 0.849 ; accuracy: 0.999 ; precision: 0.904 ; recall: 0.934 ; loss: 0.062
2019-01-17 00:08:29,897:INFO: Loading the datasets...
2019-01-17 00:08:34,081:INFO: - done.
2019-01-17 00:08:34,081:INFO: For k-fold 3/5:
2019-01-17 00:08:34,081:INFO: Starting training for 45 epoch(s)
2019-01-17 00:08:34,081:INFO: Restoring parameters from experiments/ENDO/model_ModelA_transfer/data_augmentation/data_rot/batch_size_3/learning_rate_5e-05/EPI-modelA_random-data_rot-batch_size_3-learning_rate_1e-04-best.pth.tar
2019-01-17 00:08:34,099:INFO: Epoch 1/45
2019-01-17 00:08:44,941:INFO: - Train metrics: dsc: 0.837 ; iou: 0.755 ; accuracy: 0.998 ; precision: 0.829 ; recall: 0.912 ; loss: 0.161
2019-01-17 00:08:46,084:INFO: - Eval metrics : dsc: 0.900 ; iou: 0.834 ; accuracy: 0.999 ; precision: 0.915 ; recall: 0.907 ; loss: 0.095
2019-01-17 00:08:46,109:INFO: - Found new best DSC
2019-01-17 00:08:46,109:INFO: Epoch 2/45
2019-01-17 00:08:57,032:INFO: - Train metrics: dsc: 0.867 ; iou: 0.800 ; accuracy: 0.999 ; precision: 0.906 ; recall: 0.883 ; loss: 0.121
2019-01-17 00:08:58,195:INFO: - Eval metrics : dsc: 0.897 ; iou: 0.833 ; accuracy: 0.999 ; precision: 0.913 ; recall: 0.909 ; loss: 0.091
2019-01-17 00:08:58,213:INFO: Epoch 3/45
2019-01-17 00:09:09,051:INFO: - Train metrics: dsc: 0.885 ; iou: 0.820 ; accuracy: 0.999 ; precision: 0.901 ; recall: 0.909 ; loss: 0.097
2019-01-17 00:09:10,149:INFO: - Eval metrics : dsc: 0.903 ; iou: 0.838 ; accuracy: 0.999 ; precision: 0.907 ; recall: 0.920 ; loss: 0.086
2019-01-17 00:09:10,165:INFO: - Found new best DSC
2019-01-17 00:09:10,165:INFO: Epoch 4/45
2019-01-17 00:09:21,071:INFO: - Train metrics: dsc: 0.891 ; iou: 0.828 ; accuracy: 0.999 ; precision: 0.893 ; recall: 0.923 ; loss: 0.095
2019-01-17 00:09:22,193:INFO: - Eval metrics : dsc: 0.907 ; iou: 0.846 ; accuracy: 0.999 ; precision: 0.925 ; recall: 0.911 ; loss: 0.081
2019-01-17 00:09:22,210:INFO: - Found new best DSC
2019-01-17 00:09:22,211:INFO: Epoch 5/45
2019-01-17 00:09:33,086:INFO: - Train metrics: dsc: 0.888 ; iou: 0.824 ; accuracy: 0.999 ; precision: 0.909 ; recall: 0.904 ; loss: 0.094
2019-01-17 00:09:34,199:INFO: - Eval metrics : dsc: 0.907 ; iou: 0.845 ; accuracy: 0.999 ; precision: 0.907 ; recall: 0.929 ; loss: 0.078
2019-01-17 00:09:34,215:INFO: Epoch 6/45
2019-01-17 00:09:45,104:INFO: - Train metrics: dsc: 0.892 ; iou: 0.830 ; accuracy: 0.999 ; precision: 0.904 ; recall: 0.917 ; loss: 0.088
2019-01-17 00:09:46,196:INFO: - Eval metrics : dsc: 0.909 ; iou: 0.849 ; accuracy: 0.999 ; precision: 0.928 ; recall: 0.912 ; loss: 0.075
2019-01-17 00:09:46,210:INFO: - Found new best DSC
2019-01-17 00:09:46,210:INFO: Epoch 7/45
2019-01-17 00:09:57,142:INFO: - Train metrics: dsc: 0.898 ; iou: 0.837 ; accuracy: 0.999 ; precision: 0.906 ; recall: 0.923 ; loss: 0.083
2019-01-17 00:09:58,252:INFO: - Eval metrics : dsc: 0.910 ; iou: 0.851 ; accuracy: 0.999 ; precision: 0.924 ; recall: 0.917 ; loss: 0.073
2019-01-17 00:09:58,269:INFO: - Found new best DSC
2019-01-17 00:09:58,269:INFO: Epoch 8/45
2019-01-17 00:10:09,151:INFO: - Train metrics: dsc: 0.899 ; iou: 0.839 ; accuracy: 0.999 ; precision: 0.905 ; recall: 0.925 ; loss: 0.080
2019-01-17 00:10:10,262:INFO: - Eval metrics : dsc: 0.913 ; iou: 0.854 ; accuracy: 0.999 ; precision: 0.938 ; recall: 0.905 ; loss: 0.070
2019-01-17 00:10:10,279:INFO: - Found new best DSC
2019-01-17 00:10:10,279:INFO: Epoch 9/45
2019-01-17 00:10:21,226:INFO: - Train metrics: dsc: 0.901 ; iou: 0.840 ; accuracy: 0.999 ; precision: 0.910 ; recall: 0.921 ; loss: 0.081
2019-01-17 00:10:22,327:INFO: - Eval metrics : dsc: 0.906 ; iou: 0.844 ; accuracy: 0.999 ; precision: 0.935 ; recall: 0.899 ; loss: 0.076
2019-01-17 00:10:22,342:INFO: Epoch 10/45
2019-01-17 00:10:33,222:INFO: - Train metrics: dsc: 0.901 ; iou: 0.842 ; accuracy: 0.999 ; precision: 0.908 ; recall: 0.926 ; loss: 0.078
2019-01-17 00:10:34,329:INFO: - Eval metrics : dsc: 0.912 ; iou: 0.853 ; accuracy: 0.999 ; precision: 0.935 ; recall: 0.908 ; loss: 0.070
2019-01-17 00:10:34,345:INFO: Epoch 11/45
2019-01-17 00:10:45,222:INFO: - Train metrics: dsc: 0.906 ; iou: 0.848 ; accuracy: 0.999 ; precision: 0.910 ; recall: 0.930 ; loss: 0.072
2019-01-17 00:10:46,328:INFO: - Eval metrics : dsc: 0.913 ; iou: 0.856 ; accuracy: 0.999 ; precision: 0.917 ; recall: 0.930 ; loss: 0.068
2019-01-17 00:10:46,350:INFO: - Found new best DSC
2019-01-17 00:10:46,350:INFO: Epoch 12/45
2019-01-17 00:10:57,233:INFO: - Train metrics: dsc: 0.907 ; iou: 0.850 ; accuracy: 0.999 ; precision: 0.913 ; recall: 0.928 ; loss: 0.069
2019-01-17 00:10:58,331:INFO: - Eval metrics : dsc: 0.914 ; iou: 0.856 ; accuracy: 0.999 ; precision: 0.929 ; recall: 0.917 ; loss: 0.066
2019-01-17 00:10:58,347:INFO: - Found new best DSC
2019-01-17 00:10:58,347:INFO: Epoch 13/45
2019-01-17 00:11:09,160:INFO: - Train metrics: dsc: 0.909 ; iou: 0.853 ; accuracy: 0.999 ; precision: 0.916 ; recall: 0.928 ; loss: 0.066
2019-01-17 00:11:10,260:INFO: - Eval metrics : dsc: 0.913 ; iou: 0.856 ; accuracy: 0.999 ; precision: 0.932 ; recall: 0.913 ; loss: 0.067
2019-01-17 00:11:10,276:INFO: Epoch 14/45
2019-01-17 00:11:21,281:INFO: - Train metrics: dsc: 0.910 ; iou: 0.854 ; accuracy: 0.999 ; precision: 0.917 ; recall: 0.928 ; loss: 0.064
2019-01-17 00:11:22,394:INFO: - Eval metrics : dsc: 0.915 ; iou: 0.858 ; accuracy: 0.999 ; precision: 0.931 ; recall: 0.917 ; loss: 0.066
2019-01-17 00:11:22,421:INFO: - Found new best DSC
2019-01-17 00:11:22,421:INFO: Epoch 15/45
2019-01-17 00:11:33,358:INFO: - Train metrics: dsc: 0.898 ; iou: 0.840 ; accuracy: 0.999 ; precision: 0.913 ; recall: 0.918 ; loss: 0.078
2019-01-17 00:11:34,495:INFO: - Eval metrics : dsc: 0.913 ; iou: 0.854 ; accuracy: 0.999 ; precision: 0.926 ; recall: 0.918 ; loss: 0.067
2019-01-17 00:11:34,517:INFO: Epoch 16/45
2019-01-17 00:11:45,370:INFO: - Train metrics: dsc: 0.897 ; iou: 0.838 ; accuracy: 0.999 ; precision: 0.911 ; recall: 0.916 ; loss: 0.079
2019-01-17 00:11:46,531:INFO: - Eval metrics : dsc: 0.906 ; iou: 0.847 ; accuracy: 0.999 ; precision: 0.915 ; recall: 0.922 ; loss: 0.073
2019-01-17 00:11:46,548:INFO: Epoch 17/45
2019-01-17 00:11:57,593:INFO: - Train metrics: dsc: 0.911 ; iou: 0.854 ; accuracy: 0.999 ; precision: 0.916 ; recall: 0.929 ; loss: 0.064
2019-01-17 00:11:58,733:INFO: - Eval metrics : dsc: 0.906 ; iou: 0.847 ; accuracy: 0.999 ; precision: 0.919 ; recall: 0.918 ; loss: 0.073
2019-01-17 00:11:58,753:INFO: Epoch 18/45
2019-01-17 00:12:09,663:INFO: - Train metrics: dsc: 0.912 ; iou: 0.856 ; accuracy: 0.999 ; precision: 0.915 ; recall: 0.933 ; loss: 0.062
2019-01-17 00:12:10,838:INFO: - Eval metrics : dsc: 0.909 ; iou: 0.850 ; accuracy: 0.999 ; precision: 0.927 ; recall: 0.913 ; loss: 0.072
2019-01-17 00:12:10,858:INFO: Epoch 19/45
2019-01-17 00:12:21,805:INFO: - Train metrics: dsc: 0.912 ; iou: 0.856 ; accuracy: 0.999 ; precision: 0.917 ; recall: 0.930 ; loss: 0.062
2019-01-17 00:12:22,905:INFO: - Eval metrics : dsc: 0.903 ; iou: 0.845 ; accuracy: 0.999 ; precision: 0.914 ; recall: 0.922 ; loss: 0.076
2019-01-17 00:12:22,925:INFO: Epoch 20/45
2019-01-17 00:12:33,812:INFO: - Train metrics: dsc: 0.917 ; iou: 0.862 ; accuracy: 0.999 ; precision: 0.920 ; recall: 0.933 ; loss: 0.057
2019-01-17 00:12:34,921:INFO: - Eval metrics : dsc: 0.902 ; iou: 0.846 ; accuracy: 0.999 ; precision: 0.938 ; recall: 0.897 ; loss: 0.077
2019-01-17 00:12:34,935:INFO: Epoch 21/45
2019-01-17 00:12:45,807:INFO: - Train metrics: dsc: 0.914 ; iou: 0.859 ; accuracy: 0.999 ; precision: 0.917 ; recall: 0.932 ; loss: 0.059
2019-01-17 00:12:46,899:INFO: - Eval metrics : dsc: 0.914 ; iou: 0.857 ; accuracy: 0.999 ; precision: 0.935 ; recall: 0.911 ; loss: 0.065
2019-01-17 00:12:46,914:INFO: Epoch 22/45
2019-01-17 00:12:57,808:INFO: - Train metrics: dsc: 0.916 ; iou: 0.862 ; accuracy: 0.999 ; precision: 0.918 ; recall: 0.935 ; loss: 0.056
2019-01-17 00:12:58,905:INFO: - Eval metrics : dsc: 0.913 ; iou: 0.856 ; accuracy: 0.999 ; precision: 0.936 ; recall: 0.910 ; loss: 0.066
2019-01-17 00:12:58,916:INFO: Epoch 23/45
2019-01-17 00:13:09,837:INFO: - Train metrics: dsc: 0.916 ; iou: 0.863 ; accuracy: 0.999 ; precision: 0.921 ; recall: 0.934 ; loss: 0.055
2019-01-17 00:13:10,947:INFO: - Eval metrics : dsc: 0.911 ; iou: 0.854 ; accuracy: 0.999 ; precision: 0.937 ; recall: 0.907 ; loss: 0.067
2019-01-17 00:13:10,961:INFO: Epoch 24/45
2019-01-17 00:13:21,821:INFO: - Train metrics: dsc: 0.917 ; iou: 0.862 ; accuracy: 0.999 ; precision: 0.920 ; recall: 0.934 ; loss: 0.054
2019-01-17 00:13:22,938:INFO: - Eval metrics : dsc: 0.906 ; iou: 0.849 ; accuracy: 0.999 ; precision: 0.933 ; recall: 0.906 ; loss: 0.072
2019-01-17 00:13:22,952:INFO: Epoch 25/45
2019-01-17 00:13:33,875:INFO: - Train metrics: dsc: 0.914 ; iou: 0.860 ; accuracy: 0.999 ; precision: 0.916 ; recall: 0.935 ; loss: 0.060
2019-01-17 00:13:35,023:INFO: - Eval metrics : dsc: 0.909 ; iou: 0.852 ; accuracy: 0.999 ; precision: 0.932 ; recall: 0.911 ; loss: 0.069
2019-01-17 00:13:35,037:INFO: Epoch 26/45
2019-01-17 00:13:46,006:INFO: - Train metrics: dsc: 0.914 ; iou: 0.859 ; accuracy: 0.999 ; precision: 0.920 ; recall: 0.931 ; loss: 0.057
2019-01-17 00:13:47,168:INFO: - Eval metrics : dsc: 0.910 ; iou: 0.853 ; accuracy: 0.999 ; precision: 0.913 ; recall: 0.930 ; loss: 0.068
2019-01-17 00:13:47,190:INFO: Epoch 27/45
2019-01-17 00:13:58,158:INFO: - Train metrics: dsc: 0.919 ; iou: 0.866 ; accuracy: 0.999 ; precision: 0.923 ; recall: 0.936 ; loss: 0.051
2019-01-17 00:13:59,254:INFO: - Eval metrics : dsc: 0.907 ; iou: 0.851 ; accuracy: 0.999 ; precision: 0.915 ; recall: 0.927 ; loss: 0.070
2019-01-17 00:13:59,265:INFO: Epoch 28/45
2019-01-17 00:14:10,130:INFO: - Train metrics: dsc: 0.921 ; iou: 0.869 ; accuracy: 0.999 ; precision: 0.924 ; recall: 0.937 ; loss: 0.048
2019-01-17 00:14:11,243:INFO: - Eval metrics : dsc: 0.914 ; iou: 0.857 ; accuracy: 0.999 ; precision: 0.934 ; recall: 0.913 ; loss: 0.064
2019-01-17 00:14:11,262:INFO: Epoch 29/45
2019-01-17 00:14:22,142:INFO: - Train metrics: dsc: 0.922 ; iou: 0.871 ; accuracy: 0.999 ; precision: 0.927 ; recall: 0.936 ; loss: 0.048
2019-01-17 00:14:23,255:INFO: - Eval metrics : dsc: 0.913 ; iou: 0.857 ; accuracy: 0.999 ; precision: 0.934 ; recall: 0.913 ; loss: 0.064
2019-01-17 00:14:23,273:INFO: Epoch 30/45
2019-01-17 00:14:34,182:INFO: - Train metrics: dsc: 0.923 ; iou: 0.871 ; accuracy: 0.999 ; precision: 0.926 ; recall: 0.937 ; loss: 0.048
2019-01-17 00:14:35,286:INFO: - Eval metrics : dsc: 0.907 ; iou: 0.851 ; accuracy: 0.999 ; precision: 0.937 ; recall: 0.904 ; loss: 0.071
2019-01-17 00:14:35,313:INFO: Epoch 31/45
2019-01-17 00:14:46,274:INFO: - Train metrics: dsc: 0.921 ; iou: 0.870 ; accuracy: 0.999 ; precision: 0.929 ; recall: 0.933 ; loss: 0.048
2019-01-17 00:14:47,400:INFO: - Eval metrics : dsc: 0.905 ; iou: 0.849 ; accuracy: 0.999 ; precision: 0.943 ; recall: 0.896 ; loss: 0.072
2019-01-17 00:14:47,419:INFO: Epoch 32/45
2019-01-17 00:14:58,339:INFO: - Train metrics: dsc: 0.919 ; iou: 0.868 ; accuracy: 0.999 ; precision: 0.930 ; recall: 0.931 ; loss: 0.050
2019-01-17 00:14:59,487:INFO: - Eval metrics : dsc: 0.914 ; iou: 0.858 ; accuracy: 0.999 ; precision: 0.922 ; recall: 0.926 ; loss: 0.063
2019-01-17 00:14:59,499:INFO: Epoch 33/45
2019-01-17 00:15:10,356:INFO: - Train metrics: dsc: 0.921 ; iou: 0.871 ; accuracy: 0.999 ; precision: 0.927 ; recall: 0.937 ; loss: 0.049
2019-01-17 00:15:11,448:INFO: - Eval metrics : dsc: 0.911 ; iou: 0.853 ; accuracy: 0.999 ; precision: 0.945 ; recall: 0.899 ; loss: 0.066
2019-01-17 00:15:11,462:INFO: Epoch 34/45
2019-01-17 00:15:22,360:INFO: - Train metrics: dsc: 0.923 ; iou: 0.874 ; accuracy: 0.999 ; precision: 0.931 ; recall: 0.936 ; loss: 0.046
2019-01-17 00:15:23,450:INFO: - Eval metrics : dsc: 0.913 ; iou: 0.858 ; accuracy: 0.999 ; precision: 0.929 ; recall: 0.919 ; loss: 0.065
2019-01-17 00:15:23,465:INFO: Epoch 35/45
2019-01-17 00:15:34,431:INFO: - Train metrics: dsc: 0.922 ; iou: 0.872 ; accuracy: 0.999 ; precision: 0.927 ; recall: 0.937 ; loss: 0.048
2019-01-17 00:15:35,568:INFO: - Eval metrics : dsc: 0.910 ; iou: 0.854 ; accuracy: 0.999 ; precision: 0.930 ; recall: 0.914 ; loss: 0.067
2019-01-17 00:15:35,588:INFO: Epoch 36/45
2019-01-17 00:15:46,505:INFO: - Train metrics: dsc: 0.925 ; iou: 0.876 ; accuracy: 0.999 ; precision: 0.931 ; recall: 0.938 ; loss: 0.045
2019-01-17 00:15:47,619:INFO: - Eval metrics : dsc: 0.913 ; iou: 0.857 ; accuracy: 0.999 ; precision: 0.931 ; recall: 0.916 ; loss: 0.064
2019-01-17 00:15:47,639:INFO: Epoch 37/45
2019-01-17 00:15:58,550:INFO: - Train metrics: dsc: 0.927 ; iou: 0.879 ; accuracy: 0.999 ; precision: 0.933 ; recall: 0.939 ; loss: 0.043
2019-01-17 00:15:59,653:INFO: - Eval metrics : dsc: 0.917 ; iou: 0.862 ; accuracy: 0.999 ; precision: 0.928 ; recall: 0.924 ; loss: 0.060
2019-01-17 00:15:59,669:INFO: - Found new best DSC
2019-01-17 00:15:59,669:INFO: Epoch 38/45
2019-01-17 00:16:10,577:INFO: - Train metrics: dsc: 0.926 ; iou: 0.879 ; accuracy: 0.999 ; precision: 0.934 ; recall: 0.938 ; loss: 0.042
2019-01-17 00:16:11,718:INFO: - Eval metrics : dsc: 0.916 ; iou: 0.860 ; accuracy: 0.999 ; precision: 0.924 ; recall: 0.926 ; loss: 0.061
2019-01-17 00:16:11,734:INFO: Epoch 39/45
2019-01-17 00:16:22,626:INFO: - Train metrics: dsc: 0.927 ; iou: 0.880 ; accuracy: 0.999 ; precision: 0.932 ; recall: 0.941 ; loss: 0.042
2019-01-17 00:16:23,738:INFO: - Eval metrics : dsc: 0.907 ; iou: 0.851 ; accuracy: 0.999 ; precision: 0.940 ; recall: 0.901 ; loss: 0.070
2019-01-17 00:16:23,754:INFO: Epoch 40/45
2019-01-17 00:16:34,627:INFO: - Train metrics: dsc: 0.926 ; iou: 0.878 ; accuracy: 0.999 ; precision: 0.933 ; recall: 0.939 ; loss: 0.043
2019-01-17 00:16:35,718:INFO: - Eval metrics : dsc: 0.921 ; iou: 0.864 ; accuracy: 0.999 ; precision: 0.939 ; recall: 0.914 ; loss: 0.057
2019-01-17 00:16:35,734:INFO: - Found new best DSC
2019-01-17 00:16:35,734:INFO: Epoch 41/45
2019-01-17 00:16:46,688:INFO: - Train metrics: dsc: 0.912 ; iou: 0.858 ; accuracy: 0.999 ; precision: 0.918 ; recall: 0.931 ; loss: 0.062
2019-01-17 00:16:47,789:INFO: - Eval metrics : dsc: 0.912 ; iou: 0.855 ; accuracy: 0.999 ; precision: 0.924 ; recall: 0.920 ; loss: 0.068
2019-01-17 00:16:47,808:INFO: Epoch 42/45
2019-01-17 00:16:58,685:INFO: - Train metrics: dsc: 0.919 ; iou: 0.867 ; accuracy: 0.999 ; precision: 0.923 ; recall: 0.936 ; loss: 0.055
2019-01-17 00:16:59,790:INFO: - Eval metrics : dsc: 0.913 ; iou: 0.856 ; accuracy: 0.999 ; precision: 0.935 ; recall: 0.911 ; loss: 0.063
2019-01-17 00:16:59,807:INFO: Epoch 43/45
2019-01-17 00:17:10,723:INFO: - Train metrics: dsc: 0.926 ; iou: 0.877 ; accuracy: 0.999 ; precision: 0.928 ; recall: 0.941 ; loss: 0.043
2019-01-17 00:17:11,852:INFO: - Eval metrics : dsc: 0.915 ; iou: 0.858 ; accuracy: 0.999 ; precision: 0.934 ; recall: 0.915 ; loss: 0.062
2019-01-17 00:17:11,873:INFO: Epoch 44/45
2019-01-17 00:17:22,767:INFO: - Train metrics: dsc: 0.928 ; iou: 0.881 ; accuracy: 0.999 ; precision: 0.931 ; recall: 0.942 ; loss: 0.041
2019-01-17 00:17:23,861:INFO: - Eval metrics : dsc: 0.918 ; iou: 0.862 ; accuracy: 0.999 ; precision: 0.928 ; recall: 0.924 ; loss: 0.059
2019-01-17 00:17:23,876:INFO: Epoch 45/45
2019-01-17 00:17:34,784:INFO: - Train metrics: dsc: 0.928 ; iou: 0.880 ; accuracy: 0.999 ; precision: 0.931 ; recall: 0.942 ; loss: 0.043
2019-01-17 00:17:35,886:INFO: - Eval metrics : dsc: 0.909 ; iou: 0.852 ; accuracy: 0.999 ; precision: 0.940 ; recall: 0.902 ; loss: 0.068
2019-01-17 00:17:35,945:INFO: Loading the datasets...
2019-01-17 00:17:40,146:INFO: - done.
2019-01-17 00:17:40,146:INFO: For k-fold 4/5:
2019-01-17 00:17:40,146:INFO: Starting training for 45 epoch(s)
2019-01-17 00:17:40,146:INFO: Restoring parameters from experiments/ENDO/model_ModelA_transfer/data_augmentation/data_rot/batch_size_3/learning_rate_5e-05/EPI-modelA_random-data_rot-batch_size_3-learning_rate_1e-04-best.pth.tar
2019-01-17 00:17:40,164:INFO: Epoch 1/45
2019-01-17 00:17:50,952:INFO: - Train metrics: dsc: 0.844 ; iou: 0.765 ; accuracy: 0.998 ; precision: 0.840 ; recall: 0.911 ; loss: 0.154
2019-01-17 00:17:52,080:INFO: - Eval metrics : dsc: 0.879 ; iou: 0.811 ; accuracy: 0.999 ; precision: 0.929 ; recall: 0.875 ; loss: 0.113
2019-01-17 00:17:52,100:INFO: - Found new best DSC
2019-01-17 00:17:52,100:INFO: Epoch 2/45
2019-01-17 00:18:02,934:INFO: - Train metrics: dsc: 0.885 ; iou: 0.818 ; accuracy: 0.999 ; precision: 0.902 ; recall: 0.905 ; loss: 0.102
2019-01-17 00:18:04,049:INFO: - Eval metrics : dsc: 0.882 ; iou: 0.815 ; accuracy: 0.999 ; precision: 0.898 ; recall: 0.908 ; loss: 0.106
2019-01-17 00:18:04,065:INFO: - Found new best DSC
2019-01-17 00:18:04,065:INFO: Epoch 3/45
2019-01-17 00:18:14,901:INFO: - Train metrics: dsc: 0.888 ; iou: 0.824 ; accuracy: 0.999 ; precision: 0.899 ; recall: 0.914 ; loss: 0.094
2019-01-17 00:18:16,007:INFO: - Eval metrics : dsc: 0.892 ; iou: 0.829 ; accuracy: 0.999 ; precision: 0.918 ; recall: 0.904 ; loss: 0.095
2019-01-17 00:18:16,029:INFO: - Found new best DSC
2019-01-17 00:18:16,029:INFO: Epoch 4/45
2019-01-17 00:18:26,930:INFO: - Train metrics: dsc: 0.894 ; iou: 0.832 ; accuracy: 0.999 ; precision: 0.901 ; recall: 0.919 ; loss: 0.089
2019-01-17 00:18:28,062:INFO: - Eval metrics : dsc: 0.895 ; iou: 0.834 ; accuracy: 0.999 ; precision: 0.913 ; recall: 0.913 ; loss: 0.091
2019-01-17 00:18:28,077:INFO: - Found new best DSC
2019-01-17 00:18:28,078:INFO: Epoch 5/45
2019-01-17 00:18:38,984:INFO: - Train metrics: dsc: 0.897 ; iou: 0.836 ; accuracy: 0.999 ; precision: 0.907 ; recall: 0.918 ; loss: 0.086
2019-01-17 00:18:40,089:INFO: - Eval metrics : dsc: 0.896 ; iou: 0.834 ; accuracy: 0.999 ; precision: 0.892 ; recall: 0.932 ; loss: 0.090
2019-01-17 00:18:40,105:INFO: - Found new best DSC
2019-01-17 00:18:40,105:INFO: Epoch 6/45
2019-01-17 00:18:50,947:INFO: - Train metrics: dsc: 0.899 ; iou: 0.840 ; accuracy: 0.999 ; precision: 0.904 ; recall: 0.924 ; loss: 0.081
2019-01-17 00:18:52,042:INFO: - Eval metrics : dsc: 0.900 ; iou: 0.838 ; accuracy: 0.999 ; precision: 0.917 ; recall: 0.910 ; loss: 0.086
2019-01-17 00:18:52,061:INFO: - Found new best DSC
2019-01-17 00:18:52,061:INFO: Epoch 7/45
2019-01-17 00:19:02,958:INFO: - Train metrics: dsc: 0.904 ; iou: 0.845 ; accuracy: 0.999 ; precision: 0.909 ; recall: 0.926 ; loss: 0.076
2019-01-17 00:19:04,093:INFO: - Eval metrics : dsc: 0.898 ; iou: 0.838 ; accuracy: 0.999 ; precision: 0.917 ; recall: 0.913 ; loss: 0.086
2019-01-17 00:19:04,111:INFO: Epoch 8/45
2019-01-17 00:19:15,060:INFO: - Train metrics: dsc: 0.906 ; iou: 0.848 ; accuracy: 0.999 ; precision: 0.908 ; recall: 0.929 ; loss: 0.073
2019-01-17 00:19:16,202:INFO: - Eval metrics : dsc: 0.896 ; iou: 0.833 ; accuracy: 0.999 ; precision: 0.944 ; recall: 0.882 ; loss: 0.088
2019-01-17 00:19:16,222:INFO: Epoch 9/45
2019-01-17 00:19:27,070:INFO: - Train metrics: dsc: 0.903 ; iou: 0.845 ; accuracy: 0.999 ; precision: 0.908 ; recall: 0.927 ; loss: 0.075
2019-01-17 00:19:28,173:INFO: - Eval metrics : dsc: 0.904 ; iou: 0.843 ; accuracy: 0.999 ; precision: 0.927 ; recall: 0.908 ; loss: 0.081
2019-01-17 00:19:28,187:INFO: - Found new best DSC
2019-01-17 00:19:28,187:INFO: Epoch 10/45
2019-01-17 00:19:39,024:INFO: - Train metrics: dsc: 0.902 ; iou: 0.843 ; accuracy: 0.999 ; precision: 0.907 ; recall: 0.925 ; loss: 0.078
2019-01-17 00:19:40,152:INFO: - Eval metrics : dsc: 0.910 ; iou: 0.848 ; accuracy: 0.999 ; precision: 0.910 ; recall: 0.928 ; loss: 0.075
2019-01-17 00:19:40,174:INFO: - Found new best DSC
2019-01-17 00:19:40,174:INFO: Epoch 11/45
2019-01-17 00:19:51,068:INFO: - Train metrics: dsc: 0.906 ; iou: 0.849 ; accuracy: 0.999 ; precision: 0.909 ; recall: 0.931 ; loss: 0.071
2019-01-17 00:19:52,164:INFO: - Eval metrics : dsc: 0.909 ; iou: 0.847 ; accuracy: 0.999 ; precision: 0.893 ; recall: 0.945 ; loss: 0.076
2019-01-17 00:19:52,183:INFO: Epoch 12/45
2019-01-17 00:20:03,037:INFO: - Train metrics: dsc: 0.910 ; iou: 0.854 ; accuracy: 0.999 ; precision: 0.911 ; recall: 0.933 ; loss: 0.066
2019-01-17 00:20:04,133:INFO: - Eval metrics : dsc: 0.907 ; iou: 0.845 ; accuracy: 0.999 ; precision: 0.906 ; recall: 0.930 ; loss: 0.080
2019-01-17 00:20:04,148:INFO: Epoch 13/45
2019-01-17 00:20:15,008:INFO: - Train metrics: dsc: 0.912 ; iou: 0.856 ; accuracy: 0.999 ; precision: 0.914 ; recall: 0.933 ; loss: 0.063
2019-01-17 00:20:16,111:INFO: - Eval metrics : dsc: 0.902 ; iou: 0.841 ; accuracy: 0.999 ; precision: 0.908 ; recall: 0.924 ; loss: 0.085
2019-01-17 00:20:16,130:INFO: Epoch 14/45
2019-01-17 00:20:27,080:INFO: - Train metrics: dsc: 0.909 ; iou: 0.852 ; accuracy: 0.999 ; precision: 0.912 ; recall: 0.931 ; loss: 0.067
2019-01-17 00:20:28,242:INFO: - Eval metrics : dsc: 0.914 ; iou: 0.852 ; accuracy: 0.999 ; precision: 0.931 ; recall: 0.913 ; loss: 0.070
2019-01-17 00:20:28,286:INFO: - Found new best DSC
2019-01-17 00:20:28,286:INFO: Epoch 15/45
2019-01-17 00:20:39,239:INFO: - Train metrics: dsc: 0.914 ; iou: 0.859 ; accuracy: 0.999 ; precision: 0.915 ; recall: 0.934 ; loss: 0.062
2019-01-17 00:20:40,357:INFO: - Eval metrics : dsc: 0.915 ; iou: 0.854 ; accuracy: 0.999 ; precision: 0.910 ; recall: 0.936 ; loss: 0.069
2019-01-17 00:20:40,373:INFO: - Found new best DSC
2019-01-17 00:20:40,373:INFO: Epoch 16/45
2019-01-17 00:20:51,275:INFO: - Train metrics: dsc: 0.915 ; iou: 0.861 ; accuracy: 0.999 ; precision: 0.917 ; recall: 0.934 ; loss: 0.059
2019-01-17 00:20:52,378:INFO: - Eval metrics : dsc: 0.909 ; iou: 0.849 ; accuracy: 0.999 ; precision: 0.925 ; recall: 0.913 ; loss: 0.072
2019-01-17 00:20:52,397:INFO: Epoch 17/45
2019-01-17 00:21:03,270:INFO: - Train metrics: dsc: 0.914 ; iou: 0.861 ; accuracy: 0.999 ; precision: 0.920 ; recall: 0.932 ; loss: 0.060
2019-01-17 00:21:04,383:INFO: - Eval metrics : dsc: 0.913 ; iou: 0.852 ; accuracy: 0.999 ; precision: 0.915 ; recall: 0.929 ; loss: 0.071
2019-01-17 00:21:04,397:INFO: Epoch 18/45
2019-01-17 00:21:15,315:INFO: - Train metrics: dsc: 0.917 ; iou: 0.864 ; accuracy: 0.999 ; precision: 0.920 ; recall: 0.935 ; loss: 0.057
2019-01-17 00:21:16,428:INFO: - Eval metrics : dsc: 0.907 ; iou: 0.846 ; accuracy: 0.999 ; precision: 0.920 ; recall: 0.917 ; loss: 0.076
2019-01-17 00:21:16,443:INFO: Epoch 19/45
2019-01-17 00:21:27,351:INFO: - Train metrics: dsc: 0.917 ; iou: 0.864 ; accuracy: 0.999 ; precision: 0.920 ; recall: 0.935 ; loss: 0.056
2019-01-17 00:21:28,499:INFO: - Eval metrics : dsc: 0.907 ; iou: 0.847 ; accuracy: 0.999 ; precision: 0.916 ; recall: 0.923 ; loss: 0.079
2019-01-17 00:21:28,515:INFO: Epoch 20/45
2019-01-17 00:21:39,436:INFO: - Train metrics: dsc: 0.917 ; iou: 0.864 ; accuracy: 0.999 ; precision: 0.920 ; recall: 0.935 ; loss: 0.059
2019-01-17 00:21:40,587:INFO: - Eval metrics : dsc: 0.905 ; iou: 0.844 ; accuracy: 0.999 ; precision: 0.938 ; recall: 0.899 ; loss: 0.079
2019-01-17 00:21:40,606:INFO: Epoch 21/45
2019-01-17 00:21:51,490:INFO: - Train metrics: dsc: 0.906 ; iou: 0.851 ; accuracy: 0.999 ; precision: 0.916 ; recall: 0.926 ; loss: 0.070
2019-01-17 00:21:52,630:INFO: - Eval metrics : dsc: 0.910 ; iou: 0.850 ; accuracy: 0.999 ; precision: 0.921 ; recall: 0.923 ; loss: 0.072
2019-01-17 00:21:52,649:INFO: Epoch 22/45
2019-01-17 00:22:03,588:INFO: - Train metrics: dsc: 0.918 ; iou: 0.865 ; accuracy: 0.999 ; precision: 0.921 ; recall: 0.935 ; loss: 0.055
2019-01-17 00:22:04,747:INFO: - Eval metrics : dsc: 0.908 ; iou: 0.849 ; accuracy: 0.999 ; precision: 0.904 ; recall: 0.937 ; loss: 0.077
2019-01-17 00:22:04,761:INFO: Epoch 23/45
2019-01-17 00:22:15,685:INFO: - Train metrics: dsc: 0.919 ; iou: 0.868 ; accuracy: 0.999 ; precision: 0.923 ; recall: 0.935 ; loss: 0.054
2019-01-17 00:22:16,784:INFO: - Eval metrics : dsc: 0.912 ; iou: 0.852 ; accuracy: 0.999 ; precision: 0.919 ; recall: 0.927 ; loss: 0.070
2019-01-17 00:22:16,799:INFO: Epoch 24/45
2019-01-17 00:22:27,719:INFO: - Train metrics: dsc: 0.920 ; iou: 0.869 ; accuracy: 0.999 ; precision: 0.925 ; recall: 0.936 ; loss: 0.052
2019-01-17 00:22:28,832:INFO: - Eval metrics : dsc: 0.897 ; iou: 0.841 ; accuracy: 0.999 ; precision: 0.924 ; recall: 0.911 ; loss: 0.083
2019-01-17 00:22:28,850:INFO: Epoch 25/45
2019-01-17 00:22:39,700:INFO: - Train metrics: dsc: 0.920 ; iou: 0.869 ; accuracy: 0.999 ; precision: 0.925 ; recall: 0.936 ; loss: 0.051
2019-01-17 00:22:40,807:INFO: - Eval metrics : dsc: 0.915 ; iou: 0.856 ; accuracy: 0.999 ; precision: 0.908 ; recall: 0.942 ; loss: 0.071
2019-01-17 00:22:40,829:INFO: - Found new best DSC
2019-01-17 00:22:40,829:INFO: Epoch 26/45
2019-01-17 00:22:51,733:INFO: - Train metrics: dsc: 0.922 ; iou: 0.872 ; accuracy: 0.999 ; precision: 0.926 ; recall: 0.938 ; loss: 0.049
2019-01-17 00:22:52,839:INFO: - Eval metrics : dsc: 0.912 ; iou: 0.854 ; accuracy: 0.999 ; precision: 0.917 ; recall: 0.927 ; loss: 0.070
2019-01-17 00:22:52,857:INFO: Epoch 27/45
2019-01-17 00:23:03,782:INFO: - Train metrics: dsc: 0.922 ; iou: 0.873 ; accuracy: 0.999 ; precision: 0.927 ; recall: 0.938 ; loss: 0.049
2019-01-17 00:23:04,888:INFO: - Eval metrics : dsc: 0.902 ; iou: 0.844 ; accuracy: 0.999 ; precision: 0.912 ; recall: 0.923 ; loss: 0.081
2019-01-17 00:23:04,899:INFO: Epoch 28/45
2019-01-17 00:23:15,864:INFO: - Train metrics: dsc: 0.923 ; iou: 0.874 ; accuracy: 0.999 ; precision: 0.927 ; recall: 0.938 ; loss: 0.048
2019-01-17 00:23:17,018:INFO: - Eval metrics : dsc: 0.916 ; iou: 0.857 ; accuracy: 0.999 ; precision: 0.916 ; recall: 0.931 ; loss: 0.067
2019-01-17 00:23:17,043:INFO: - Found new best DSC
2019-01-17 00:23:17,043:INFO: Epoch 29/45
2019-01-17 00:23:27,853:INFO: - Train metrics: dsc: 0.924 ; iou: 0.874 ; accuracy: 0.999 ; precision: 0.927 ; recall: 0.939 ; loss: 0.047
2019-01-17 00:23:28,987:INFO: - Eval metrics : dsc: 0.905 ; iou: 0.846 ; accuracy: 0.999 ; precision: 0.899 ; recall: 0.940 ; loss: 0.080
2019-01-17 00:23:29,005:INFO: Epoch 30/45
2019-01-17 00:23:39,858:INFO: - Train metrics: dsc: 0.923 ; iou: 0.874 ; accuracy: 0.999 ; precision: 0.928 ; recall: 0.939 ; loss: 0.047
2019-01-17 00:23:40,964:INFO: - Eval metrics : dsc: 0.906 ; iou: 0.846 ; accuracy: 0.999 ; precision: 0.913 ; recall: 0.922 ; loss: 0.077
2019-01-17 00:23:40,975:INFO: Epoch 31/45
2019-01-17 00:23:51,870:INFO: - Train metrics: dsc: 0.923 ; iou: 0.873 ; accuracy: 0.999 ; precision: 0.928 ; recall: 0.937 ; loss: 0.048
2019-01-17 00:23:52,980:INFO: - Eval metrics : dsc: 0.893 ; iou: 0.834 ; accuracy: 0.999 ; precision: 0.907 ; recall: 0.922 ; loss: 0.088
2019-01-17 00:23:52,998:INFO: Epoch 32/45
2019-01-17 00:24:03,863:INFO: - Train metrics: dsc: 0.905 ; iou: 0.850 ; accuracy: 0.999 ; precision: 0.923 ; recall: 0.918 ; loss: 0.066
2019-01-17 00:24:04,974:INFO: - Eval metrics : dsc: 0.905 ; iou: 0.847 ; accuracy: 0.999 ; precision: 0.924 ; recall: 0.916 ; loss: 0.075
2019-01-17 00:24:04,996:INFO: Epoch 33/45
2019-01-17 00:24:15,870:INFO: - Train metrics: dsc: 0.911 ; iou: 0.857 ; accuracy: 0.999 ; precision: 0.921 ; recall: 0.927 ; loss: 0.060
2019-01-17 00:24:16,978:INFO: - Eval metrics : dsc: 0.905 ; iou: 0.844 ; accuracy: 0.999 ; precision: 0.936 ; recall: 0.897 ; loss: 0.075
2019-01-17 00:24:16,992:INFO: Epoch 34/45
2019-01-17 00:24:27,853:INFO: - Train metrics: dsc: 0.922 ; iou: 0.873 ; accuracy: 0.999 ; precision: 0.929 ; recall: 0.936 ; loss: 0.047
2019-01-17 00:24:28,949:INFO: - Eval metrics : dsc: 0.917 ; iou: 0.858 ; accuracy: 0.999 ; precision: 0.924 ; recall: 0.927 ; loss: 0.065
2019-01-17 00:24:28,965:INFO: - Found new best DSC
2019-01-17 00:24:28,965:INFO: Epoch 35/45
2019-01-17 00:24:39,781:INFO: - Train metrics: dsc: 0.926 ; iou: 0.877 ; accuracy: 0.999 ; precision: 0.929 ; recall: 0.939 ; loss: 0.044
2019-01-17 00:24:40,870:INFO: - Eval metrics : dsc: 0.914 ; iou: 0.855 ; accuracy: 0.999 ; precision: 0.919 ; recall: 0.928 ; loss: 0.067
2019-01-17 00:24:40,884:INFO: Epoch 36/45
2019-01-17 00:24:51,760:INFO: - Train metrics: dsc: 0.926 ; iou: 0.879 ; accuracy: 0.999 ; precision: 0.929 ; recall: 0.941 ; loss: 0.044
2019-01-17 00:24:52,905:INFO: - Eval metrics : dsc: 0.915 ; iou: 0.857 ; accuracy: 0.999 ; precision: 0.925 ; recall: 0.923 ; loss: 0.065
2019-01-17 00:24:52,921:INFO: Epoch 37/45
2019-01-17 00:25:03,781:INFO: - Train metrics: dsc: 0.925 ; iou: 0.877 ; accuracy: 0.999 ; precision: 0.931 ; recall: 0.937 ; loss: 0.045
2019-01-17 00:25:04,894:INFO: - Eval metrics : dsc: 0.896 ; iou: 0.838 ; accuracy: 0.999 ; precision: 0.913 ; recall: 0.919 ; loss: 0.084
2019-01-17 00:25:04,908:INFO: Epoch 38/45
2019-01-17 00:25:15,794:INFO: - Train metrics: dsc: 0.924 ; iou: 0.876 ; accuracy: 0.999 ; precision: 0.928 ; recall: 0.939 ; loss: 0.045
2019-01-17 00:25:16,907:INFO: - Eval metrics : dsc: 0.912 ; iou: 0.854 ; accuracy: 0.999 ; precision: 0.929 ; recall: 0.916 ; loss: 0.068
2019-01-17 00:25:16,922:INFO: Epoch 39/45
2019-01-17 00:25:27,804:INFO: - Train metrics: dsc: 0.928 ; iou: 0.881 ; accuracy: 0.999 ; precision: 0.932 ; recall: 0.941 ; loss: 0.041
2019-01-17 00:25:28,961:INFO: - Eval metrics : dsc: 0.911 ; iou: 0.854 ; accuracy: 0.999 ; precision: 0.923 ; recall: 0.925 ; loss: 0.069
2019-01-17 00:25:28,980:INFO: Epoch 40/45
2019-01-17 00:25:39,884:INFO: - Train metrics: dsc: 0.929 ; iou: 0.883 ; accuracy: 0.999 ; precision: 0.932 ; recall: 0.944 ; loss: 0.040
2019-01-17 00:25:41,024:INFO: - Eval metrics : dsc: 0.913 ; iou: 0.855 ; accuracy: 0.999 ; precision: 0.926 ; recall: 0.921 ; loss: 0.067
2019-01-17 00:25:41,038:INFO: Epoch 41/45
2019-01-17 00:25:51,902:INFO: - Train metrics: dsc: 0.930 ; iou: 0.885 ; accuracy: 0.999 ; precision: 0.934 ; recall: 0.943 ; loss: 0.039
2019-01-17 00:25:52,995:INFO: - Eval metrics : dsc: 0.909 ; iou: 0.852 ; accuracy: 0.999 ; precision: 0.918 ; recall: 0.928 ; loss: 0.071
2019-01-17 00:25:53,010:INFO: Epoch 42/45
2019-01-17 00:26:03,916:INFO: - Train metrics: dsc: 0.927 ; iou: 0.881 ; accuracy: 0.999 ; precision: 0.933 ; recall: 0.940 ; loss: 0.041
2019-01-17 00:26:05,062:INFO: - Eval metrics : dsc: 0.907 ; iou: 0.848 ; accuracy: 0.999 ; precision: 0.913 ; recall: 0.927 ; loss: 0.073
2019-01-17 00:26:05,079:INFO: Epoch 43/45
2019-01-17 00:26:16,032:INFO: - Train metrics: dsc: 0.930 ; iou: 0.884 ; accuracy: 0.999 ; precision: 0.934 ; recall: 0.942 ; loss: 0.039
2019-01-17 00:26:17,131:INFO: - Eval metrics : dsc: 0.904 ; iou: 0.845 ; accuracy: 0.999 ; precision: 0.932 ; recall: 0.906 ; loss: 0.075
2019-01-17 00:26:17,150:INFO: Epoch 44/45
2019-01-17 00:26:28,016:INFO: - Train metrics: dsc: 0.930 ; iou: 0.884 ; accuracy: 0.999 ; precision: 0.932 ; recall: 0.944 ; loss: 0.040
2019-01-17 00:26:29,166:INFO: - Eval metrics : dsc: 0.916 ; iou: 0.858 ; accuracy: 0.999 ; precision: 0.914 ; recall: 0.937 ; loss: 0.063
2019-01-17 00:26:29,186:INFO: Epoch 45/45
2019-01-17 00:26:40,063:INFO: - Train metrics: dsc: 0.929 ; iou: 0.883 ; accuracy: 0.999 ; precision: 0.931 ; recall: 0.945 ; loss: 0.040
2019-01-17 00:26:41,154:INFO: - Eval metrics : dsc: 0.913 ; iou: 0.855 ; accuracy: 0.999 ; precision: 0.926 ; recall: 0.921 ; loss: 0.067
2019-01-17 00:26:41,219:INFO: Loading the datasets...
2019-01-17 00:26:45,495:INFO: - done.
2019-01-17 00:26:45,495:INFO: For k-fold 5/5:
2019-01-17 00:26:45,495:INFO: Starting training for 45 epoch(s)
2019-01-17 00:26:45,495:INFO: Restoring parameters from experiments/ENDO/model_ModelA_transfer/data_augmentation/data_rot/batch_size_3/learning_rate_5e-05/EPI-modelA_random-data_rot-batch_size_3-learning_rate_1e-04-best.pth.tar
2019-01-17 00:26:45,512:INFO: Epoch 1/45
2019-01-17 00:26:56,302:INFO: - Train metrics: dsc: 0.845 ; iou: 0.763 ; accuracy: 0.998 ; precision: 0.830 ; recall: 0.918 ; loss: 0.154
2019-01-17 00:26:57,438:INFO: - Eval metrics : dsc: 0.877 ; iou: 0.807 ; accuracy: 0.999 ; precision: 0.893 ; recall: 0.902 ; loss: 0.119
2019-01-17 00:26:57,460:INFO: - Found new best DSC
2019-01-17 00:26:57,460:INFO: Epoch 2/45
2019-01-17 00:27:08,351:INFO: - Train metrics: dsc: 0.890 ; iou: 0.826 ; accuracy: 0.999 ; precision: 0.890 ; recall: 0.926 ; loss: 0.104
2019-01-17 00:27:09,448:INFO: - Eval metrics : dsc: 0.887 ; iou: 0.823 ; accuracy: 0.999 ; precision: 0.870 ; recall: 0.942 ; loss: 0.104
2019-01-17 00:27:09,480:INFO: - Found new best DSC
2019-01-17 00:27:09,480:INFO: Epoch 3/45
2019-01-17 00:27:20,393:INFO: - Train metrics: dsc: 0.897 ; iou: 0.835 ; accuracy: 0.999 ; precision: 0.898 ; recall: 0.928 ; loss: 0.094
2019-01-17 00:27:21,567:INFO: - Eval metrics : dsc: 0.890 ; iou: 0.828 ; accuracy: 0.999 ; precision: 0.889 ; recall: 0.927 ; loss: 0.099
2019-01-17 00:27:21,584:INFO: - Found new best DSC
2019-01-17 00:27:21,584:INFO: Epoch 4/45
2019-01-17 00:27:32,510:INFO: - Train metrics: dsc: 0.903 ; iou: 0.844 ; accuracy: 0.999 ; precision: 0.900 ; recall: 0.934 ; loss: 0.086
2019-01-17 00:27:33,608:INFO: - Eval metrics : dsc: 0.891 ; iou: 0.828 ; accuracy: 0.999 ; precision: 0.899 ; recall: 0.916 ; loss: 0.097
2019-01-17 00:27:33,629:INFO: - Found new best DSC
2019-01-17 00:27:33,629:INFO: Epoch 5/45
2019-01-17 00:27:44,527:INFO: - Train metrics: dsc: 0.902 ; iou: 0.841 ; accuracy: 0.999 ; precision: 0.909 ; recall: 0.923 ; loss: 0.083
2019-01-17 00:27:45,627:INFO: - Eval metrics : dsc: 0.893 ; iou: 0.833 ; accuracy: 0.999 ; precision: 0.878 ; recall: 0.945 ; loss: 0.093
2019-01-17 00:27:45,643:INFO: - Found new best DSC
2019-01-17 00:27:45,643:INFO: Epoch 6/45
2019-01-17 00:27:56,586:INFO: - Train metrics: dsc: 0.908 ; iou: 0.849 ; accuracy: 0.999 ; precision: 0.907 ; recall: 0.934 ; loss: 0.077
2019-01-17 00:27:57,693:INFO: - Eval metrics : dsc: 0.899 ; iou: 0.839 ; accuracy: 0.999 ; precision: 0.901 ; recall: 0.927 ; loss: 0.085
2019-01-17 00:27:57,709:INFO: - Found new best DSC
2019-01-17 00:27:57,710:INFO: Epoch 7/45
2019-01-17 00:28:08,670:INFO: - Train metrics: dsc: 0.908 ; iou: 0.849 ; accuracy: 0.999 ; precision: 0.914 ; recall: 0.927 ; loss: 0.074
2019-01-17 00:28:09,766:INFO: - Eval metrics : dsc: 0.894 ; iou: 0.832 ; accuracy: 0.999 ; precision: 0.893 ; recall: 0.928 ; loss: 0.088
2019-01-17 00:28:09,789:INFO: Epoch 8/45
2019-01-17 00:28:20,781:INFO: - Train metrics: dsc: 0.910 ; iou: 0.854 ; accuracy: 0.999 ; precision: 0.913 ; recall: 0.932 ; loss: 0.069
2019-01-17 00:28:21,899:INFO: - Eval metrics : dsc: 0.898 ; iou: 0.837 ; accuracy: 0.999 ; precision: 0.909 ; recall: 0.917 ; loss: 0.084
2019-01-17 00:28:21,917:INFO: Epoch 9/45
2019-01-17 00:28:32,884:INFO: - Train metrics: dsc: 0.914 ; iou: 0.857 ; accuracy: 0.999 ; precision: 0.914 ; recall: 0.935 ; loss: 0.067
2019-01-17 00:28:34,027:INFO: - Eval metrics : dsc: 0.900 ; iou: 0.842 ; accuracy: 0.999 ; precision: 0.897 ; recall: 0.935 ; loss: 0.081
2019-01-17 00:28:34,050:INFO: - Found new best DSC
2019-01-17 00:28:34,050:INFO: Epoch 10/45
2019-01-17 00:28:45,051:INFO: - Train metrics: dsc: 0.915 ; iou: 0.859 ; accuracy: 0.999 ; precision: 0.918 ; recall: 0.932 ; loss: 0.063
2019-01-17 00:28:46,185:INFO: - Eval metrics : dsc: 0.900 ; iou: 0.843 ; accuracy: 0.999 ; precision: 0.906 ; recall: 0.927 ; loss: 0.080
2019-01-17 00:28:46,207:INFO: - Found new best DSC
2019-01-17 00:28:46,207:INFO: Epoch 11/45
2019-01-17 00:28:57,118:INFO: - Train metrics: dsc: 0.915 ; iou: 0.860 ; accuracy: 0.999 ; precision: 0.919 ; recall: 0.932 ; loss: 0.063
2019-01-17 00:28:58,249:INFO: - Eval metrics : dsc: 0.896 ; iou: 0.840 ; accuracy: 0.999 ; precision: 0.888 ; recall: 0.942 ; loss: 0.083
2019-01-17 00:28:58,263:INFO: Epoch 12/45
2019-01-17 00:29:09,170:INFO: - Train metrics: dsc: 0.916 ; iou: 0.862 ; accuracy: 0.999 ; precision: 0.920 ; recall: 0.933 ; loss: 0.060
2019-01-17 00:29:10,263:INFO: - Eval metrics : dsc: 0.902 ; iou: 0.844 ; accuracy: 0.999 ; precision: 0.902 ; recall: 0.930 ; loss: 0.078
2019-01-17 00:29:10,280:INFO: - Found new best DSC
2019-01-17 00:29:10,280:INFO: Epoch 13/45
2019-01-17 00:29:21,132:INFO: - Train metrics: dsc: 0.914 ; iou: 0.860 ; accuracy: 0.999 ; precision: 0.922 ; recall: 0.930 ; loss: 0.061
2019-01-17 00:29:22,248:INFO: - Eval metrics : dsc: 0.903 ; iou: 0.846 ; accuracy: 0.999 ; precision: 0.901 ; recall: 0.934 ; loss: 0.077
2019-01-17 00:29:22,261:INFO: - Found new best DSC
2019-01-17 00:29:22,261:INFO: Epoch 14/45
2019-01-17 00:29:33,267:INFO: - Train metrics: dsc: 0.907 ; iou: 0.852 ; accuracy: 0.999 ; precision: 0.915 ; recall: 0.925 ; loss: 0.071
2019-01-17 00:29:34,381:INFO: - Eval metrics : dsc: 0.852 ; iou: 0.784 ; accuracy: 0.999 ; precision: 0.946 ; recall: 0.823 ; loss: 0.126
2019-01-17 00:29:34,400:INFO: Epoch 15/45
2019-01-17 00:29:45,337:INFO: - Train metrics: dsc: 0.907 ; iou: 0.851 ; accuracy: 0.999 ; precision: 0.917 ; recall: 0.924 ; loss: 0.068
2019-01-17 00:29:46,491:INFO: - Eval metrics : dsc: 0.897 ; iou: 0.841 ; accuracy: 0.999 ; precision: 0.887 ; recall: 0.943 ; loss: 0.081
2019-01-17 00:29:46,511:INFO: Epoch 16/45
2019-01-17 00:29:57,483:INFO: - Train metrics: dsc: 0.915 ; iou: 0.861 ; accuracy: 0.999 ; precision: 0.917 ; recall: 0.935 ; loss: 0.063
2019-01-17 00:29:58,594:INFO: - Eval metrics : dsc: 0.899 ; iou: 0.841 ; accuracy: 0.999 ; precision: 0.900 ; recall: 0.929 ; loss: 0.079
2019-01-17 00:29:58,613:INFO: Epoch 17/45
2019-01-17 00:30:09,534:INFO: - Train metrics: dsc: 0.915 ; iou: 0.861 ; accuracy: 0.999 ; precision: 0.921 ; recall: 0.931 ; loss: 0.060
2019-01-17 00:30:10,681:INFO: - Eval metrics : dsc: 0.897 ; iou: 0.840 ; accuracy: 0.999 ; precision: 0.904 ; recall: 0.927 ; loss: 0.081
2019-01-17 00:30:10,695:INFO: Epoch 18/45
2019-01-17 00:30:21,617:INFO: - Train metrics: dsc: 0.919 ; iou: 0.866 ; accuracy: 0.999 ; precision: 0.925 ; recall: 0.933 ; loss: 0.055
2019-01-17 00:30:22,780:INFO: - Eval metrics : dsc: 0.899 ; iou: 0.842 ; accuracy: 0.999 ; precision: 0.912 ; recall: 0.920 ; loss: 0.079
2019-01-17 00:30:22,812:INFO: Epoch 19/45
2019-01-17 00:30:33,791:INFO: - Train metrics: dsc: 0.919 ; iou: 0.867 ; accuracy: 0.999 ; precision: 0.924 ; recall: 0.935 ; loss: 0.054
2019-01-17 00:30:34,893:INFO: - Eval metrics : dsc: 0.893 ; iou: 0.834 ; accuracy: 0.999 ; precision: 0.917 ; recall: 0.908 ; loss: 0.085
2019-01-17 00:30:34,907:INFO: Epoch 20/45
2019-01-17 00:30:45,886:INFO: - Train metrics: dsc: 0.921 ; iou: 0.869 ; accuracy: 0.999 ; precision: 0.925 ; recall: 0.936 ; loss: 0.052
2019-01-17 00:30:47,044:INFO: - Eval metrics : dsc: 0.900 ; iou: 0.844 ; accuracy: 0.999 ; precision: 0.910 ; recall: 0.924 ; loss: 0.078
2019-01-17 00:30:47,063:INFO: Epoch 21/45
2019-01-17 00:30:58,023:INFO: - Train metrics: dsc: 0.921 ; iou: 0.870 ; accuracy: 0.999 ; precision: 0.927 ; recall: 0.935 ; loss: 0.052
2019-01-17 00:30:59,168:INFO: - Eval metrics : dsc: 0.902 ; iou: 0.846 ; accuracy: 0.999 ; precision: 0.893 ; recall: 0.938 ; loss: 0.076
2019-01-17 00:30:59,190:INFO: Epoch 22/45
2019-01-17 00:31:10,165:INFO: - Train metrics: dsc: 0.919 ; iou: 0.867 ; accuracy: 0.999 ; precision: 0.923 ; recall: 0.936 ; loss: 0.055
2019-01-17 00:31:11,276:INFO: - Eval metrics : dsc: 0.895 ; iou: 0.835 ; accuracy: 0.999 ; precision: 0.910 ; recall: 0.912 ; loss: 0.083
2019-01-17 00:31:11,295:INFO: Epoch 23/45
2019-01-17 00:31:22,195:INFO: - Train metrics: dsc: 0.911 ; iou: 0.855 ; accuracy: 0.999 ; precision: 0.925 ; recall: 0.922 ; loss: 0.065
2019-01-17 00:31:23,306:INFO: - Eval metrics : dsc: 0.868 ; iou: 0.801 ; accuracy: 0.999 ; precision: 0.925 ; recall: 0.863 ; loss: 0.101
2019-01-17 00:31:23,325:INFO: Epoch 24/45
2019-01-17 00:31:34,308:INFO: - Train metrics: dsc: 0.912 ; iou: 0.857 ; accuracy: 0.999 ; precision: 0.922 ; recall: 0.927 ; loss: 0.060
2019-01-17 00:31:35,407:INFO: - Eval metrics : dsc: 0.896 ; iou: 0.839 ; accuracy: 0.999 ; precision: 0.911 ; recall: 0.918 ; loss: 0.080
2019-01-17 00:31:35,421:INFO: Epoch 25/45
2019-01-17 00:31:46,371:INFO: - Train metrics: dsc: 0.917 ; iou: 0.865 ; accuracy: 0.999 ; precision: 0.925 ; recall: 0.932 ; loss: 0.058
2019-01-17 00:31:47,528:INFO: - Eval metrics : dsc: 0.891 ; iou: 0.831 ; accuracy: 0.999 ; precision: 0.906 ; recall: 0.916 ; loss: 0.086
2019-01-17 00:31:47,545:INFO: Epoch 26/45
2019-01-17 00:31:58,446:INFO: - Train metrics: dsc: 0.918 ; iou: 0.865 ; accuracy: 0.999 ; precision: 0.926 ; recall: 0.930 ; loss: 0.054
2019-01-17 00:31:59,554:INFO: - Eval metrics : dsc: 0.897 ; iou: 0.840 ; accuracy: 0.999 ; precision: 0.903 ; recall: 0.928 ; loss: 0.080
2019-01-17 00:31:59,573:INFO: Epoch 27/45
2019-01-17 00:32:10,480:INFO: - Train metrics: dsc: 0.922 ; iou: 0.871 ; accuracy: 0.999 ; precision: 0.929 ; recall: 0.934 ; loss: 0.050
2019-01-17 00:32:11,596:INFO: - Eval metrics : dsc: 0.898 ; iou: 0.842 ; accuracy: 0.999 ; precision: 0.912 ; recall: 0.920 ; loss: 0.078
2019-01-17 00:32:11,610:INFO: Epoch 28/45
2019-01-17 00:32:22,513:INFO: - Train metrics: dsc: 0.924 ; iou: 0.874 ; accuracy: 0.999 ; precision: 0.929 ; recall: 0.937 ; loss: 0.048
2019-01-17 00:32:23,658:INFO: - Eval metrics : dsc: 0.899 ; iou: 0.844 ; accuracy: 0.999 ; precision: 0.900 ; recall: 0.936 ; loss: 0.077
2019-01-17 00:32:23,684:INFO: Epoch 29/45
2019-01-17 00:32:34,671:INFO: - Train metrics: dsc: 0.925 ; iou: 0.876 ; accuracy: 0.999 ; precision: 0.929 ; recall: 0.940 ; loss: 0.047
2019-01-17 00:32:35,758:INFO: - Eval metrics : dsc: 0.900 ; iou: 0.844 ; accuracy: 0.999 ; precision: 0.912 ; recall: 0.922 ; loss: 0.076
2019-01-17 00:32:35,780:INFO: Epoch 30/45
2019-01-17 00:32:46,750:INFO: - Train metrics: dsc: 0.925 ; iou: 0.876 ; accuracy: 0.999 ; precision: 0.930 ; recall: 0.939 ; loss: 0.047
2019-01-17 00:32:47,868:INFO: - Eval metrics : dsc: 0.897 ; iou: 0.841 ; accuracy: 0.999 ; precision: 0.887 ; recall: 0.945 ; loss: 0.079
2019-01-17 00:32:47,882:INFO: Epoch 31/45
2019-01-17 00:32:58,801:INFO: - Train metrics: dsc: 0.925 ; iou: 0.875 ; accuracy: 0.999 ; precision: 0.930 ; recall: 0.938 ; loss: 0.047
2019-01-17 00:32:59,962:INFO: - Eval metrics : dsc: 0.901 ; iou: 0.846 ; accuracy: 0.999 ; precision: 0.904 ; recall: 0.933 ; loss: 0.075
2019-01-17 00:32:59,977:INFO: Epoch 32/45
2019-01-17 00:33:10,974:INFO: - Train metrics: dsc: 0.925 ; iou: 0.877 ; accuracy: 0.999 ; precision: 0.930 ; recall: 0.939 ; loss: 0.046
2019-01-17 00:33:12,113:INFO: - Eval metrics : dsc: 0.900 ; iou: 0.846 ; accuracy: 0.999 ; precision: 0.900 ; recall: 0.938 ; loss: 0.075
2019-01-17 00:33:12,128:INFO: Epoch 33/45
2019-01-17 00:33:23,100:INFO: - Train metrics: dsc: 0.927 ; iou: 0.880 ; accuracy: 0.999 ; precision: 0.932 ; recall: 0.941 ; loss: 0.044
2019-01-17 00:33:24,245:INFO: - Eval metrics : dsc: 0.900 ; iou: 0.844 ; accuracy: 0.999 ; precision: 0.899 ; recall: 0.933 ; loss: 0.076
2019-01-17 00:33:24,264:INFO: Epoch 34/45
2019-01-17 00:33:35,198:INFO: - Train metrics: dsc: 0.928 ; iou: 0.880 ; accuracy: 0.999 ; precision: 0.932 ; recall: 0.941 ; loss: 0.044
2019-01-17 00:33:36,341:INFO: - Eval metrics : dsc: 0.899 ; iou: 0.844 ; accuracy: 0.999 ; precision: 0.891 ; recall: 0.943 ; loss: 0.076
2019-01-17 00:33:36,355:INFO: Epoch 35/45
2019-01-17 00:33:47,266:INFO: - Train metrics: dsc: 0.928 ; iou: 0.881 ; accuracy: 0.999 ; precision: 0.934 ; recall: 0.940 ; loss: 0.043
2019-01-17 00:33:48,383:INFO: - Eval metrics : dsc: 0.900 ; iou: 0.845 ; accuracy: 0.999 ; precision: 0.904 ; recall: 0.932 ; loss: 0.076
2019-01-17 00:33:48,397:INFO: Epoch 36/45
2019-01-17 00:33:59,308:INFO: - Train metrics: dsc: 0.924 ; iou: 0.876 ; accuracy: 0.999 ; precision: 0.925 ; recall: 0.944 ; loss: 0.051
2019-01-17 00:34:00,408:INFO: - Eval metrics : dsc: 0.901 ; iou: 0.845 ; accuracy: 0.999 ; precision: 0.896 ; recall: 0.940 ; loss: 0.075
2019-01-17 00:34:00,426:INFO: Epoch 37/45
2019-01-17 00:34:11,345:INFO: - Train metrics: dsc: 0.927 ; iou: 0.879 ; accuracy: 0.999 ; precision: 0.931 ; recall: 0.941 ; loss: 0.045
2019-01-17 00:34:12,480:INFO: - Eval metrics : dsc: 0.899 ; iou: 0.841 ; accuracy: 0.999 ; precision: 0.894 ; recall: 0.938 ; loss: 0.077
2019-01-17 00:34:12,496:INFO: Epoch 38/45
2019-01-17 00:34:23,432:INFO: - Train metrics: dsc: 0.928 ; iou: 0.881 ; accuracy: 0.999 ; precision: 0.933 ; recall: 0.941 ; loss: 0.043
2019-01-17 00:34:24,550:INFO: - Eval metrics : dsc: 0.901 ; iou: 0.845 ; accuracy: 0.999 ; precision: 0.908 ; recall: 0.928 ; loss: 0.075
2019-01-17 00:34:24,568:INFO: Epoch 39/45
2019-01-17 00:34:35,555:INFO: - Train metrics: dsc: 0.928 ; iou: 0.881 ; accuracy: 0.999 ; precision: 0.933 ; recall: 0.941 ; loss: 0.043
2019-01-17 00:34:36,653:INFO: - Eval metrics : dsc: 0.902 ; iou: 0.846 ; accuracy: 0.999 ; precision: 0.886 ; recall: 0.950 ; loss: 0.075
2019-01-17 00:34:36,668:INFO: Epoch 40/45
2019-01-17 00:34:47,559:INFO: - Train metrics: dsc: 0.919 ; iou: 0.869 ; accuracy: 0.999 ; precision: 0.932 ; recall: 0.930 ; loss: 0.052
2019-01-17 00:34:48,721:INFO: - Eval metrics : dsc: 0.876 ; iou: 0.813 ; accuracy: 0.999 ; precision: 0.922 ; recall: 0.878 ; loss: 0.095
2019-01-17 00:34:48,741:INFO: Epoch 41/45
2019-01-17 00:34:59,683:INFO: - Train metrics: dsc: 0.922 ; iou: 0.872 ; accuracy: 0.999 ; precision: 0.929 ; recall: 0.936 ; loss: 0.051
2019-01-17 00:35:00,783:INFO: - Eval metrics : dsc: 0.894 ; iou: 0.839 ; accuracy: 0.999 ; precision: 0.891 ; recall: 0.939 ; loss: 0.085
2019-01-17 00:35:00,804:INFO: Epoch 42/45
2019-01-17 00:35:11,763:INFO: - Train metrics: dsc: 0.928 ; iou: 0.881 ; accuracy: 0.999 ; precision: 0.932 ; recall: 0.942 ; loss: 0.044
2019-01-17 00:35:12,913:INFO: - Eval metrics : dsc: 0.899 ; iou: 0.843 ; accuracy: 0.999 ; precision: 0.893 ; recall: 0.941 ; loss: 0.077
2019-01-17 00:35:12,929:INFO: Epoch 43/45
2019-01-17 00:35:23,837:INFO: - Train metrics: dsc: 0.931 ; iou: 0.885 ; accuracy: 0.999 ; precision: 0.935 ; recall: 0.943 ; loss: 0.040
2019-01-17 00:35:24,940:INFO: - Eval metrics : dsc: 0.902 ; iou: 0.846 ; accuracy: 0.999 ; precision: 0.912 ; recall: 0.925 ; loss: 0.074
2019-01-17 00:35:24,954:INFO: Epoch 44/45
2019-01-17 00:35:35,935:INFO: - Train metrics: dsc: 0.931 ; iou: 0.885 ; accuracy: 0.999 ; precision: 0.935 ; recall: 0.943 ; loss: 0.042
2019-01-17 00:35:37,073:INFO: - Eval metrics : dsc: 0.901 ; iou: 0.845 ; accuracy: 0.999 ; precision: 0.909 ; recall: 0.927 ; loss: 0.074
2019-01-17 00:35:37,092:INFO: Epoch 45/45
2019-01-17 00:35:48,039:INFO: - Train metrics: dsc: 0.929 ; iou: 0.883 ; accuracy: 0.999 ; precision: 0.933 ; recall: 0.943 ; loss: 0.042
2019-01-17 00:35:49,165:INFO: - Eval metrics : dsc: 0.901 ; iou: 0.848 ; accuracy: 0.999 ; precision: 0.905 ; recall: 0.934 ; loss: 0.074
