2019-01-16 14:55:25,637:INFO: Loading the datasets...
2019-01-16 14:55:29,811:INFO: - done.
2019-01-16 14:55:29,811:INFO: For k-fold 1/5:
2019-01-16 14:55:29,811:INFO: Starting training for 45 epoch(s)
2019-01-16 14:55:29,811:INFO: Epoch 1/45
2019-01-16 14:55:39,767:INFO: - Train metrics: dsc: 0.375 ; iou: 0.262 ; accuracy: 0.900 ; precision: 0.264 ; recall: 0.897 ; loss: 0.917
2019-01-16 14:55:40,851:INFO: - Eval metrics : dsc: 0.745 ; iou: 0.643 ; accuracy: 0.993 ; precision: 0.809 ; recall: 0.780 ; loss: 0.909
2019-01-16 14:55:40,871:INFO: - Found new best DSC
2019-01-16 14:55:40,871:INFO: Epoch 2/45
2019-01-16 14:55:50,901:INFO: - Train metrics: dsc: 0.708 ; iou: 0.574 ; accuracy: 0.988 ; precision: 0.577 ; recall: 0.969 ; loss: 0.881
2019-01-16 14:55:51,981:INFO: - Eval metrics : dsc: 0.823 ; iou: 0.717 ; accuracy: 0.994 ; precision: 0.738 ; recall: 0.971 ; loss: 0.859
2019-01-16 14:55:52,004:INFO: - Found new best DSC
2019-01-16 14:55:52,005:INFO: Epoch 3/45
2019-01-16 14:56:02,112:INFO: - Train metrics: dsc: 0.783 ; iou: 0.673 ; accuracy: 0.992 ; precision: 0.676 ; recall: 0.976 ; loss: 0.836
2019-01-16 14:56:03,240:INFO: - Eval metrics : dsc: 0.679 ; iou: 0.542 ; accuracy: 0.984 ; precision: 0.544 ; recall: 0.977 ; loss: 0.811
2019-01-16 14:56:03,257:INFO: Epoch 4/45
2019-01-16 14:56:13,401:INFO: - Train metrics: dsc: 0.820 ; iou: 0.725 ; accuracy: 0.994 ; precision: 0.737 ; recall: 0.971 ; loss: 0.753
2019-01-16 14:56:14,480:INFO: - Eval metrics : dsc: 0.887 ; iou: 0.819 ; accuracy: 0.997 ; precision: 0.848 ; recall: 0.957 ; loss: 0.660
2019-01-16 14:56:14,513:INFO: - Found new best DSC
2019-01-16 14:56:14,514:INFO: Epoch 5/45
2019-01-16 14:56:24,629:INFO: - Train metrics: dsc: 0.857 ; iou: 0.781 ; accuracy: 0.996 ; precision: 0.799 ; recall: 0.964 ; loss: 0.616
2019-01-16 14:56:25,782:INFO: - Eval metrics : dsc: 0.910 ; iou: 0.852 ; accuracy: 0.998 ; precision: 0.917 ; recall: 0.923 ; loss: 0.518
2019-01-16 14:56:25,811:INFO: - Found new best DSC
2019-01-16 14:56:25,811:INFO: Epoch 6/45
2019-01-16 14:56:35,874:INFO: - Train metrics: dsc: 0.885 ; iou: 0.823 ; accuracy: 0.997 ; precision: 0.853 ; recall: 0.950 ; loss: 0.445
2019-01-16 14:56:36,963:INFO: - Eval metrics : dsc: 0.909 ; iou: 0.849 ; accuracy: 0.998 ; precision: 0.872 ; recall: 0.968 ; loss: 0.375
2019-01-16 14:56:36,984:INFO: Epoch 7/45
2019-01-16 14:56:47,059:INFO: - Train metrics: dsc: 0.905 ; iou: 0.850 ; accuracy: 0.998 ; precision: 0.884 ; recall: 0.953 ; loss: 0.299
2019-01-16 14:56:48,148:INFO: - Eval metrics : dsc: 0.889 ; iou: 0.819 ; accuracy: 0.997 ; precision: 0.834 ; recall: 0.980 ; loss: 0.251
2019-01-16 14:56:48,169:INFO: Epoch 8/45
2019-01-16 14:56:58,196:INFO: - Train metrics: dsc: 0.911 ; iou: 0.859 ; accuracy: 0.998 ; precision: 0.904 ; recall: 0.945 ; loss: 0.211
2019-01-16 14:56:59,348:INFO: - Eval metrics : dsc: 0.906 ; iou: 0.851 ; accuracy: 0.998 ; precision: 0.956 ; recall: 0.888 ; loss: 0.210
2019-01-16 14:56:59,370:INFO: Epoch 9/45
2019-01-16 14:57:09,634:INFO: - Train metrics: dsc: 0.916 ; iou: 0.866 ; accuracy: 0.998 ; precision: 0.912 ; recall: 0.943 ; loss: 0.163
2019-01-16 14:57:10,723:INFO: - Eval metrics : dsc: 0.930 ; iou: 0.880 ; accuracy: 0.998 ; precision: 0.957 ; recall: 0.918 ; loss: 0.139
2019-01-16 14:57:10,748:INFO: - Found new best DSC
2019-01-16 14:57:10,748:INFO: Epoch 10/45
2019-01-16 14:57:20,779:INFO: - Train metrics: dsc: 0.913 ; iou: 0.862 ; accuracy: 0.998 ; precision: 0.918 ; recall: 0.937 ; loss: 0.141
2019-01-16 14:57:21,860:INFO: - Eval metrics : dsc: 0.925 ; iou: 0.878 ; accuracy: 0.998 ; precision: 0.961 ; recall: 0.908 ; loss: 0.122
2019-01-16 14:57:21,877:INFO: Epoch 11/45
2019-01-16 14:57:31,871:INFO: - Train metrics: dsc: 0.919 ; iou: 0.869 ; accuracy: 0.998 ; precision: 0.916 ; recall: 0.943 ; loss: 0.119
2019-01-16 14:57:32,974:INFO: - Eval metrics : dsc: 0.926 ; iou: 0.877 ; accuracy: 0.998 ; precision: 0.922 ; recall: 0.946 ; loss: 0.110
2019-01-16 14:57:32,997:INFO: Epoch 12/45
2019-01-16 14:57:43,147:INFO: - Train metrics: dsc: 0.923 ; iou: 0.874 ; accuracy: 0.998 ; precision: 0.924 ; recall: 0.943 ; loss: 0.106
2019-01-16 14:57:44,315:INFO: - Eval metrics : dsc: 0.935 ; iou: 0.890 ; accuracy: 0.998 ; precision: 0.926 ; recall: 0.959 ; loss: 0.088
2019-01-16 14:57:44,343:INFO: - Found new best DSC
2019-01-16 14:57:44,343:INFO: Epoch 13/45
2019-01-16 14:57:54,532:INFO: - Train metrics: dsc: 0.930 ; iou: 0.882 ; accuracy: 0.998 ; precision: 0.926 ; recall: 0.950 ; loss: 0.092
2019-01-16 14:57:55,631:INFO: - Eval metrics : dsc: 0.925 ; iou: 0.877 ; accuracy: 0.998 ; precision: 0.948 ; recall: 0.916 ; loss: 0.098
2019-01-16 14:57:55,653:INFO: Epoch 14/45
2019-01-16 14:58:05,668:INFO: - Train metrics: dsc: 0.929 ; iou: 0.881 ; accuracy: 0.998 ; precision: 0.926 ; recall: 0.947 ; loss: 0.089
2019-01-16 14:58:06,835:INFO: - Eval metrics : dsc: 0.932 ; iou: 0.886 ; accuracy: 0.998 ; precision: 0.943 ; recall: 0.934 ; loss: 0.082
2019-01-16 14:58:06,857:INFO: Epoch 15/45
2019-01-16 14:58:16,945:INFO: - Train metrics: dsc: 0.928 ; iou: 0.880 ; accuracy: 0.998 ; precision: 0.927 ; recall: 0.947 ; loss: 0.086
2019-01-16 14:58:18,033:INFO: - Eval metrics : dsc: 0.926 ; iou: 0.881 ; accuracy: 0.998 ; precision: 0.953 ; recall: 0.919 ; loss: 0.087
2019-01-16 14:58:18,056:INFO: Epoch 16/45
2019-01-16 14:58:28,118:INFO: - Train metrics: dsc: 0.930 ; iou: 0.882 ; accuracy: 0.998 ; precision: 0.927 ; recall: 0.947 ; loss: 0.082
2019-01-16 14:58:29,250:INFO: - Eval metrics : dsc: 0.941 ; iou: 0.896 ; accuracy: 0.998 ; precision: 0.934 ; recall: 0.957 ; loss: 0.068
2019-01-16 14:58:29,273:INFO: - Found new best DSC
2019-01-16 14:58:29,273:INFO: Epoch 17/45
2019-01-16 14:58:39,437:INFO: - Train metrics: dsc: 0.936 ; iou: 0.891 ; accuracy: 0.998 ; precision: 0.935 ; recall: 0.952 ; loss: 0.074
2019-01-16 14:58:40,502:INFO: - Eval metrics : dsc: 0.925 ; iou: 0.875 ; accuracy: 0.998 ; precision: 0.967 ; recall: 0.902 ; loss: 0.082
2019-01-16 14:58:40,537:INFO: Epoch 18/45
2019-01-16 14:58:50,614:INFO: - Train metrics: dsc: 0.932 ; iou: 0.887 ; accuracy: 0.998 ; precision: 0.933 ; recall: 0.945 ; loss: 0.077
2019-01-16 14:58:51,669:INFO: - Eval metrics : dsc: 0.933 ; iou: 0.888 ; accuracy: 0.998 ; precision: 0.960 ; recall: 0.922 ; loss: 0.076
2019-01-16 14:58:51,691:INFO: Epoch 19/45
2019-01-16 14:59:01,823:INFO: - Train metrics: dsc: 0.931 ; iou: 0.884 ; accuracy: 0.998 ; precision: 0.934 ; recall: 0.944 ; loss: 0.077
2019-01-16 14:59:03,004:INFO: - Eval metrics : dsc: 0.943 ; iou: 0.899 ; accuracy: 0.998 ; precision: 0.945 ; recall: 0.949 ; loss: 0.064
2019-01-16 14:59:03,035:INFO: - Found new best DSC
2019-01-16 14:59:03,036:INFO: Epoch 20/45
2019-01-16 14:59:13,110:INFO: - Train metrics: dsc: 0.937 ; iou: 0.893 ; accuracy: 0.998 ; precision: 0.936 ; recall: 0.952 ; loss: 0.069
2019-01-16 14:59:14,209:INFO: - Eval metrics : dsc: 0.938 ; iou: 0.896 ; accuracy: 0.998 ; precision: 0.946 ; recall: 0.941 ; loss: 0.067
2019-01-16 14:59:14,233:INFO: Epoch 21/45
2019-01-16 14:59:24,256:INFO: - Train metrics: dsc: 0.939 ; iou: 0.896 ; accuracy: 0.998 ; precision: 0.938 ; recall: 0.952 ; loss: 0.067
2019-01-16 14:59:25,384:INFO: - Eval metrics : dsc: 0.944 ; iou: 0.902 ; accuracy: 0.998 ; precision: 0.943 ; recall: 0.953 ; loss: 0.062
2019-01-16 14:59:25,412:INFO: - Found new best DSC
2019-01-16 14:59:25,412:INFO: Epoch 22/45
2019-01-16 14:59:35,474:INFO: - Train metrics: dsc: 0.938 ; iou: 0.894 ; accuracy: 0.998 ; precision: 0.938 ; recall: 0.951 ; loss: 0.067
2019-01-16 14:59:36,557:INFO: - Eval metrics : dsc: 0.941 ; iou: 0.896 ; accuracy: 0.998 ; precision: 0.930 ; recall: 0.959 ; loss: 0.064
2019-01-16 14:59:36,578:INFO: Epoch 23/45
2019-01-16 14:59:46,619:INFO: - Train metrics: dsc: 0.942 ; iou: 0.901 ; accuracy: 0.999 ; precision: 0.942 ; recall: 0.955 ; loss: 0.062
2019-01-16 14:59:47,707:INFO: - Eval metrics : dsc: 0.946 ; iou: 0.904 ; accuracy: 0.998 ; precision: 0.943 ; recall: 0.956 ; loss: 0.058
2019-01-16 14:59:47,730:INFO: - Found new best DSC
2019-01-16 14:59:47,730:INFO: Epoch 24/45
2019-01-16 14:59:57,771:INFO: - Train metrics: dsc: 0.942 ; iou: 0.902 ; accuracy: 0.999 ; precision: 0.941 ; recall: 0.957 ; loss: 0.061
2019-01-16 14:59:58,873:INFO: - Eval metrics : dsc: 0.945 ; iou: 0.903 ; accuracy: 0.998 ; precision: 0.950 ; recall: 0.948 ; loss: 0.058
2019-01-16 14:59:58,894:INFO: Epoch 25/45
2019-01-16 15:00:09,071:INFO: - Train metrics: dsc: 0.946 ; iou: 0.906 ; accuracy: 0.999 ; precision: 0.945 ; recall: 0.957 ; loss: 0.058
2019-01-16 15:00:10,149:INFO: - Eval metrics : dsc: 0.938 ; iou: 0.896 ; accuracy: 0.998 ; precision: 0.931 ; recall: 0.956 ; loss: 0.065
2019-01-16 15:00:10,166:INFO: Epoch 26/45
2019-01-16 15:00:20,188:INFO: - Train metrics: dsc: 0.942 ; iou: 0.901 ; accuracy: 0.999 ; precision: 0.944 ; recall: 0.952 ; loss: 0.061
2019-01-16 15:00:21,323:INFO: - Eval metrics : dsc: 0.941 ; iou: 0.899 ; accuracy: 0.998 ; precision: 0.933 ; recall: 0.961 ; loss: 0.062
2019-01-16 15:00:21,340:INFO: Epoch 27/45
2019-01-16 15:00:31,417:INFO: - Train metrics: dsc: 0.932 ; iou: 0.886 ; accuracy: 0.998 ; precision: 0.932 ; recall: 0.947 ; loss: 0.071
2019-01-16 15:00:32,529:INFO: - Eval metrics : dsc: 0.937 ; iou: 0.890 ; accuracy: 0.998 ; precision: 0.956 ; recall: 0.924 ; loss: 0.065
2019-01-16 15:00:32,546:INFO: Epoch 28/45
2019-01-16 15:00:42,630:INFO: - Train metrics: dsc: 0.940 ; iou: 0.897 ; accuracy: 0.998 ; precision: 0.941 ; recall: 0.951 ; loss: 0.063
2019-01-16 15:00:43,751:INFO: - Eval metrics : dsc: 0.944 ; iou: 0.899 ; accuracy: 0.998 ; precision: 0.944 ; recall: 0.951 ; loss: 0.058
2019-01-16 15:00:43,775:INFO: Epoch 29/45
2019-01-16 15:00:53,865:INFO: - Train metrics: dsc: 0.940 ; iou: 0.896 ; accuracy: 0.998 ; precision: 0.936 ; recall: 0.954 ; loss: 0.063
2019-01-16 15:00:54,946:INFO: - Eval metrics : dsc: 0.945 ; iou: 0.901 ; accuracy: 0.998 ; precision: 0.942 ; recall: 0.955 ; loss: 0.058
2019-01-16 15:00:54,961:INFO: Epoch 30/45
2019-01-16 15:01:05,022:INFO: - Train metrics: dsc: 0.944 ; iou: 0.904 ; accuracy: 0.999 ; precision: 0.942 ; recall: 0.957 ; loss: 0.058
2019-01-16 15:01:06,054:INFO: - Eval metrics : dsc: 0.945 ; iou: 0.901 ; accuracy: 0.998 ; precision: 0.962 ; recall: 0.932 ; loss: 0.058
2019-01-16 15:01:06,070:INFO: Epoch 31/45
2019-01-16 15:01:16,212:INFO: - Train metrics: dsc: 0.945 ; iou: 0.905 ; accuracy: 0.999 ; precision: 0.943 ; recall: 0.957 ; loss: 0.057
2019-01-16 15:01:17,278:INFO: - Eval metrics : dsc: 0.940 ; iou: 0.897 ; accuracy: 0.998 ; precision: 0.944 ; recall: 0.945 ; loss: 0.062
2019-01-16 15:01:17,299:INFO: Epoch 32/45
2019-01-16 15:01:27,527:INFO: - Train metrics: dsc: 0.944 ; iou: 0.905 ; accuracy: 0.999 ; precision: 0.947 ; recall: 0.954 ; loss: 0.057
2019-01-16 15:01:28,652:INFO: - Eval metrics : dsc: 0.946 ; iou: 0.902 ; accuracy: 0.998 ; precision: 0.952 ; recall: 0.945 ; loss: 0.056
2019-01-16 15:01:28,668:INFO: Epoch 33/45
2019-01-16 15:01:38,677:INFO: - Train metrics: dsc: 0.947 ; iou: 0.909 ; accuracy: 0.999 ; precision: 0.948 ; recall: 0.958 ; loss: 0.054
2019-01-16 15:01:39,721:INFO: - Eval metrics : dsc: 0.948 ; iou: 0.905 ; accuracy: 0.998 ; precision: 0.935 ; recall: 0.966 ; loss: 0.053
2019-01-16 15:01:39,750:INFO: - Found new best DSC
2019-01-16 15:01:39,750:INFO: Epoch 34/45
2019-01-16 15:01:49,999:INFO: - Train metrics: dsc: 0.949 ; iou: 0.913 ; accuracy: 0.999 ; precision: 0.950 ; recall: 0.959 ; loss: 0.052
2019-01-16 15:01:51,062:INFO: - Eval metrics : dsc: 0.946 ; iou: 0.904 ; accuracy: 0.998 ; precision: 0.955 ; recall: 0.944 ; loss: 0.055
2019-01-16 15:01:51,091:INFO: Epoch 35/45
2019-01-16 15:02:01,278:INFO: - Train metrics: dsc: 0.948 ; iou: 0.912 ; accuracy: 0.999 ; precision: 0.950 ; recall: 0.958 ; loss: 0.053
2019-01-16 15:02:02,396:INFO: - Eval metrics : dsc: 0.949 ; iou: 0.907 ; accuracy: 0.999 ; precision: 0.942 ; recall: 0.961 ; loss: 0.053
2019-01-16 15:02:02,415:INFO: - Found new best DSC
2019-01-16 15:02:02,415:INFO: Epoch 36/45
2019-01-16 15:02:12,432:INFO: - Train metrics: dsc: 0.946 ; iou: 0.907 ; accuracy: 0.999 ; precision: 0.944 ; recall: 0.957 ; loss: 0.056
2019-01-16 15:02:13,569:INFO: - Eval metrics : dsc: 0.934 ; iou: 0.883 ; accuracy: 0.998 ; precision: 0.922 ; recall: 0.954 ; loss: 0.069
2019-01-16 15:02:13,591:INFO: Epoch 37/45
2019-01-16 15:02:23,806:INFO: - Train metrics: dsc: 0.945 ; iou: 0.906 ; accuracy: 0.999 ; precision: 0.947 ; recall: 0.955 ; loss: 0.056
2019-01-16 15:02:24,857:INFO: - Eval metrics : dsc: 0.941 ; iou: 0.899 ; accuracy: 0.998 ; precision: 0.963 ; recall: 0.931 ; loss: 0.060
2019-01-16 15:02:24,877:INFO: Epoch 38/45
2019-01-16 15:02:35,096:INFO: - Train metrics: dsc: 0.945 ; iou: 0.907 ; accuracy: 0.999 ; precision: 0.949 ; recall: 0.954 ; loss: 0.056
2019-01-16 15:02:36,187:INFO: - Eval metrics : dsc: 0.941 ; iou: 0.898 ; accuracy: 0.998 ; precision: 0.941 ; recall: 0.953 ; loss: 0.060
2019-01-16 15:02:36,218:INFO: Epoch 39/45
2019-01-16 15:02:46,277:INFO: - Train metrics: dsc: 0.945 ; iou: 0.905 ; accuracy: 0.999 ; precision: 0.945 ; recall: 0.955 ; loss: 0.056
2019-01-16 15:02:47,410:INFO: - Eval metrics : dsc: 0.887 ; iou: 0.810 ; accuracy: 0.996 ; precision: 0.820 ; recall: 0.983 ; loss: 0.114
2019-01-16 15:02:47,430:INFO: Epoch 40/45
2019-01-16 15:02:57,510:INFO: - Train metrics: dsc: 0.939 ; iou: 0.895 ; accuracy: 0.998 ; precision: 0.939 ; recall: 0.951 ; loss: 0.062
2019-01-16 15:02:58,634:INFO: - Eval metrics : dsc: 0.940 ; iou: 0.895 ; accuracy: 0.998 ; precision: 0.958 ; recall: 0.928 ; loss: 0.061
2019-01-16 15:02:58,654:INFO: Epoch 41/45
2019-01-16 15:03:08,791:INFO: - Train metrics: dsc: 0.948 ; iou: 0.910 ; accuracy: 0.999 ; precision: 0.950 ; recall: 0.956 ; loss: 0.053
2019-01-16 15:03:09,880:INFO: - Eval metrics : dsc: 0.945 ; iou: 0.900 ; accuracy: 0.998 ; precision: 0.924 ; recall: 0.971 ; loss: 0.056
2019-01-16 15:03:09,900:INFO: Epoch 42/45
2019-01-16 15:03:20,123:INFO: - Train metrics: dsc: 0.949 ; iou: 0.912 ; accuracy: 0.999 ; precision: 0.951 ; recall: 0.957 ; loss: 0.052
2019-01-16 15:03:21,263:INFO: - Eval metrics : dsc: 0.948 ; iou: 0.906 ; accuracy: 0.998 ; precision: 0.939 ; recall: 0.960 ; loss: 0.053
2019-01-16 15:03:21,280:INFO: Epoch 43/45
2019-01-16 15:03:31,453:INFO: - Train metrics: dsc: 0.951 ; iou: 0.916 ; accuracy: 0.999 ; precision: 0.952 ; recall: 0.961 ; loss: 0.049
2019-01-16 15:03:32,601:INFO: - Eval metrics : dsc: 0.944 ; iou: 0.904 ; accuracy: 0.999 ; precision: 0.965 ; recall: 0.934 ; loss: 0.056
2019-01-16 15:03:32,621:INFO: Epoch 44/45
2019-01-16 15:03:42,720:INFO: - Train metrics: dsc: 0.948 ; iou: 0.910 ; accuracy: 0.999 ; precision: 0.948 ; recall: 0.957 ; loss: 0.053
2019-01-16 15:03:43,870:INFO: - Eval metrics : dsc: 0.943 ; iou: 0.901 ; accuracy: 0.998 ; precision: 0.944 ; recall: 0.948 ; loss: 0.058
2019-01-16 15:03:43,891:INFO: Epoch 45/45
2019-01-16 15:03:53,960:INFO: - Train metrics: dsc: 0.945 ; iou: 0.905 ; accuracy: 0.999 ; precision: 0.944 ; recall: 0.957 ; loss: 0.056
2019-01-16 15:03:55,030:INFO: - Eval metrics : dsc: 0.941 ; iou: 0.901 ; accuracy: 0.999 ; precision: 0.940 ; recall: 0.951 ; loss: 0.059
2019-01-16 15:03:55,109:INFO: Loading the datasets...
2019-01-16 15:03:59,333:INFO: - done.
2019-01-16 15:03:59,333:INFO: For k-fold 2/5:
2019-01-16 15:03:59,333:INFO: Starting training for 45 epoch(s)
2019-01-16 15:03:59,333:INFO: Epoch 1/45
2019-01-16 15:04:09,330:INFO: - Train metrics: dsc: 0.343 ; iou: 0.234 ; accuracy: 0.895 ; precision: 0.235 ; recall: 0.898 ; loss: 0.917
2019-01-16 15:04:10,450:INFO: - Eval metrics : dsc: 0.581 ; iou: 0.435 ; accuracy: 0.976 ; precision: 0.438 ; recall: 0.944 ; loss: 0.898
2019-01-16 15:04:10,475:INFO: - Found new best DSC
2019-01-16 15:04:10,475:INFO: Epoch 2/45
2019-01-16 15:04:20,566:INFO: - Train metrics: dsc: 0.687 ; iou: 0.551 ; accuracy: 0.986 ; precision: 0.555 ; recall: 0.967 ; loss: 0.879
2019-01-16 15:04:21,658:INFO: - Eval metrics : dsc: 0.693 ; iou: 0.556 ; accuracy: 0.987 ; precision: 0.557 ; recall: 0.969 ; loss: 0.860
2019-01-16 15:04:21,676:INFO: - Found new best DSC
2019-01-16 15:04:21,676:INFO: Epoch 3/45
2019-01-16 15:04:31,751:INFO: - Train metrics: dsc: 0.793 ; iou: 0.688 ; accuracy: 0.993 ; precision: 0.696 ; recall: 0.968 ; loss: 0.820
2019-01-16 15:04:32,846:INFO: - Eval metrics : dsc: 0.814 ; iou: 0.714 ; accuracy: 0.994 ; precision: 0.731 ; recall: 0.960 ; loss: 0.781
2019-01-16 15:04:32,868:INFO: - Found new best DSC
2019-01-16 15:04:32,869:INFO: Epoch 4/45
2019-01-16 15:04:42,970:INFO: - Train metrics: dsc: 0.843 ; iou: 0.757 ; accuracy: 0.995 ; precision: 0.769 ; recall: 0.972 ; loss: 0.722
2019-01-16 15:04:44,131:INFO: - Eval metrics : dsc: 0.623 ; iou: 0.482 ; accuracy: 0.979 ; precision: 0.483 ; recall: 0.977 ; loss: 0.699
2019-01-16 15:04:44,151:INFO: Epoch 5/45
2019-01-16 15:04:54,324:INFO: - Train metrics: dsc: 0.867 ; iou: 0.796 ; accuracy: 0.996 ; precision: 0.820 ; recall: 0.955 ; loss: 0.575
2019-01-16 15:04:55,412:INFO: - Eval metrics : dsc: 0.863 ; iou: 0.787 ; accuracy: 0.996 ; precision: 0.796 ; recall: 0.974 ; loss: 0.488
2019-01-16 15:04:55,431:INFO: - Found new best DSC
2019-01-16 15:04:55,431:INFO: Epoch 6/45
2019-01-16 15:05:05,542:INFO: - Train metrics: dsc: 0.894 ; iou: 0.837 ; accuracy: 0.998 ; precision: 0.874 ; recall: 0.947 ; loss: 0.404
2019-01-16 15:05:06,589:INFO: - Eval metrics : dsc: 0.878 ; iou: 0.814 ; accuracy: 0.997 ; precision: 0.854 ; recall: 0.945 ; loss: 0.347
2019-01-16 15:05:06,615:INFO: - Found new best DSC
2019-01-16 15:05:06,615:INFO: Epoch 7/45
2019-01-16 15:05:16,709:INFO: - Train metrics: dsc: 0.895 ; iou: 0.838 ; accuracy: 0.998 ; precision: 0.881 ; recall: 0.937 ; loss: 0.286
2019-01-16 15:05:17,793:INFO: - Eval metrics : dsc: 0.910 ; iou: 0.859 ; accuracy: 0.998 ; precision: 0.931 ; recall: 0.918 ; loss: 0.234
2019-01-16 15:05:17,829:INFO: - Found new best DSC
2019-01-16 15:05:17,829:INFO: Epoch 8/45
2019-01-16 15:05:27,887:INFO: - Train metrics: dsc: 0.911 ; iou: 0.862 ; accuracy: 0.998 ; precision: 0.906 ; recall: 0.939 ; loss: 0.206
2019-01-16 15:05:28,998:INFO: - Eval metrics : dsc: 0.915 ; iou: 0.866 ; accuracy: 0.998 ; precision: 0.898 ; recall: 0.950 ; loss: 0.185
2019-01-16 15:05:29,024:INFO: - Found new best DSC
2019-01-16 15:05:29,024:INFO: Epoch 9/45
2019-01-16 15:05:39,143:INFO: - Train metrics: dsc: 0.921 ; iou: 0.875 ; accuracy: 0.998 ; precision: 0.923 ; recall: 0.942 ; loss: 0.158
2019-01-16 15:05:40,267:INFO: - Eval metrics : dsc: 0.913 ; iou: 0.865 ; accuracy: 0.998 ; precision: 0.919 ; recall: 0.924 ; loss: 0.152
2019-01-16 15:05:40,284:INFO: Epoch 10/45
2019-01-16 15:05:50,548:INFO: - Train metrics: dsc: 0.914 ; iou: 0.866 ; accuracy: 0.998 ; precision: 0.916 ; recall: 0.935 ; loss: 0.140
2019-01-16 15:05:51,649:INFO: - Eval metrics : dsc: 0.904 ; iou: 0.849 ; accuracy: 0.998 ; precision: 0.921 ; recall: 0.912 ; loss: 0.142
2019-01-16 15:05:51,667:INFO: Epoch 11/45
2019-01-16 15:06:01,721:INFO: - Train metrics: dsc: 0.919 ; iou: 0.871 ; accuracy: 0.998 ; precision: 0.924 ; recall: 0.935 ; loss: 0.122
2019-01-16 15:06:02,867:INFO: - Eval metrics : dsc: 0.908 ; iou: 0.854 ; accuracy: 0.998 ; precision: 0.906 ; recall: 0.931 ; loss: 0.123
2019-01-16 15:06:02,893:INFO: Epoch 12/45
2019-01-16 15:06:12,983:INFO: - Train metrics: dsc: 0.919 ; iou: 0.869 ; accuracy: 0.998 ; precision: 0.920 ; recall: 0.938 ; loss: 0.113
2019-01-16 15:06:14,130:INFO: - Eval metrics : dsc: 0.916 ; iou: 0.867 ; accuracy: 0.998 ; precision: 0.929 ; recall: 0.926 ; loss: 0.113
2019-01-16 15:06:14,148:INFO: - Found new best DSC
2019-01-16 15:06:14,148:INFO: Epoch 13/45
2019-01-16 15:06:24,189:INFO: - Train metrics: dsc: 0.922 ; iou: 0.873 ; accuracy: 0.998 ; precision: 0.927 ; recall: 0.937 ; loss: 0.104
2019-01-16 15:06:25,278:INFO: - Eval metrics : dsc: 0.913 ; iou: 0.868 ; accuracy: 0.998 ; precision: 0.918 ; recall: 0.932 ; loss: 0.107
2019-01-16 15:06:25,299:INFO: Epoch 14/45
2019-01-16 15:06:35,489:INFO: - Train metrics: dsc: 0.931 ; iou: 0.885 ; accuracy: 0.998 ; precision: 0.930 ; recall: 0.945 ; loss: 0.090
2019-01-16 15:06:36,549:INFO: - Eval metrics : dsc: 0.920 ; iou: 0.874 ; accuracy: 0.998 ; precision: 0.945 ; recall: 0.918 ; loss: 0.098
2019-01-16 15:06:36,575:INFO: - Found new best DSC
2019-01-16 15:06:36,575:INFO: Epoch 15/45
2019-01-16 15:06:46,685:INFO: - Train metrics: dsc: 0.935 ; iou: 0.892 ; accuracy: 0.998 ; precision: 0.937 ; recall: 0.947 ; loss: 0.083
2019-01-16 15:06:47,849:INFO: - Eval metrics : dsc: 0.919 ; iou: 0.871 ; accuracy: 0.998 ; precision: 0.905 ; recall: 0.955 ; loss: 0.097
2019-01-16 15:06:47,871:INFO: Epoch 16/45
2019-01-16 15:06:57,998:INFO: - Train metrics: dsc: 0.939 ; iou: 0.896 ; accuracy: 0.998 ; precision: 0.938 ; recall: 0.952 ; loss: 0.076
2019-01-16 15:06:59,077:INFO: - Eval metrics : dsc: 0.926 ; iou: 0.882 ; accuracy: 0.998 ; precision: 0.928 ; recall: 0.941 ; loss: 0.087
2019-01-16 15:06:59,102:INFO: - Found new best DSC
2019-01-16 15:06:59,102:INFO: Epoch 17/45
2019-01-16 15:07:09,396:INFO: - Train metrics: dsc: 0.931 ; iou: 0.885 ; accuracy: 0.998 ; precision: 0.932 ; recall: 0.942 ; loss: 0.082
2019-01-16 15:07:10,527:INFO: - Eval metrics : dsc: 0.913 ; iou: 0.866 ; accuracy: 0.998 ; precision: 0.911 ; recall: 0.936 ; loss: 0.100
2019-01-16 15:07:10,551:INFO: Epoch 18/45
2019-01-16 15:07:20,743:INFO: - Train metrics: dsc: 0.937 ; iou: 0.895 ; accuracy: 0.998 ; precision: 0.939 ; recall: 0.948 ; loss: 0.074
2019-01-16 15:07:21,807:INFO: - Eval metrics : dsc: 0.925 ; iou: 0.879 ; accuracy: 0.998 ; precision: 0.938 ; recall: 0.931 ; loss: 0.084
2019-01-16 15:07:21,832:INFO: Epoch 19/45
2019-01-16 15:07:31,898:INFO: - Train metrics: dsc: 0.939 ; iou: 0.896 ; accuracy: 0.998 ; precision: 0.941 ; recall: 0.948 ; loss: 0.071
2019-01-16 15:07:33,011:INFO: - Eval metrics : dsc: 0.911 ; iou: 0.856 ; accuracy: 0.998 ; precision: 0.935 ; recall: 0.907 ; loss: 0.098
2019-01-16 15:07:33,039:INFO: Epoch 20/45
2019-01-16 15:07:43,104:INFO: - Train metrics: dsc: 0.934 ; iou: 0.889 ; accuracy: 0.998 ; precision: 0.935 ; recall: 0.945 ; loss: 0.075
2019-01-16 15:07:44,274:INFO: - Eval metrics : dsc: 0.912 ; iou: 0.863 ; accuracy: 0.998 ; precision: 0.908 ; recall: 0.942 ; loss: 0.098
2019-01-16 15:07:44,299:INFO: Epoch 21/45
2019-01-16 15:07:54,454:INFO: - Train metrics: dsc: 0.938 ; iou: 0.895 ; accuracy: 0.998 ; precision: 0.940 ; recall: 0.947 ; loss: 0.069
2019-01-16 15:07:55,577:INFO: - Eval metrics : dsc: 0.925 ; iou: 0.880 ; accuracy: 0.998 ; precision: 0.933 ; recall: 0.938 ; loss: 0.082
2019-01-16 15:07:55,597:INFO: Epoch 22/45
2019-01-16 15:08:05,664:INFO: - Train metrics: dsc: 0.937 ; iou: 0.894 ; accuracy: 0.998 ; precision: 0.936 ; recall: 0.948 ; loss: 0.069
2019-01-16 15:08:06,810:INFO: - Eval metrics : dsc: 0.905 ; iou: 0.849 ; accuracy: 0.998 ; precision: 0.945 ; recall: 0.884 ; loss: 0.100
2019-01-16 15:08:06,831:INFO: Epoch 23/45
2019-01-16 15:08:16,894:INFO: - Train metrics: dsc: 0.939 ; iou: 0.897 ; accuracy: 0.998 ; precision: 0.940 ; recall: 0.949 ; loss: 0.067
2019-01-16 15:08:17,949:INFO: - Eval metrics : dsc: 0.927 ; iou: 0.883 ; accuracy: 0.998 ; precision: 0.933 ; recall: 0.943 ; loss: 0.077
2019-01-16 15:08:17,978:INFO: - Found new best DSC
2019-01-16 15:08:17,978:INFO: Epoch 24/45
2019-01-16 15:08:28,049:INFO: - Train metrics: dsc: 0.944 ; iou: 0.905 ; accuracy: 0.999 ; precision: 0.946 ; recall: 0.954 ; loss: 0.061
2019-01-16 15:08:29,151:INFO: - Eval metrics : dsc: 0.924 ; iou: 0.881 ; accuracy: 0.998 ; precision: 0.930 ; recall: 0.942 ; loss: 0.079
2019-01-16 15:08:29,174:INFO: Epoch 25/45
2019-01-16 15:08:39,198:INFO: - Train metrics: dsc: 0.944 ; iou: 0.904 ; accuracy: 0.999 ; precision: 0.948 ; recall: 0.952 ; loss: 0.061
2019-01-16 15:08:40,321:INFO: - Eval metrics : dsc: 0.923 ; iou: 0.880 ; accuracy: 0.998 ; precision: 0.942 ; recall: 0.927 ; loss: 0.080
2019-01-16 15:08:40,342:INFO: Epoch 26/45
2019-01-16 15:08:50,504:INFO: - Train metrics: dsc: 0.944 ; iou: 0.905 ; accuracy: 0.999 ; precision: 0.946 ; recall: 0.955 ; loss: 0.060
2019-01-16 15:08:51,654:INFO: - Eval metrics : dsc: 0.922 ; iou: 0.873 ; accuracy: 0.998 ; precision: 0.953 ; recall: 0.910 ; loss: 0.082
2019-01-16 15:08:51,670:INFO: Epoch 27/45
2019-01-16 15:09:01,790:INFO: - Train metrics: dsc: 0.946 ; iou: 0.908 ; accuracy: 0.999 ; precision: 0.948 ; recall: 0.954 ; loss: 0.058
2019-01-16 15:09:02,939:INFO: - Eval metrics : dsc: 0.927 ; iou: 0.883 ; accuracy: 0.998 ; precision: 0.947 ; recall: 0.926 ; loss: 0.076
2019-01-16 15:09:02,961:INFO: Epoch 28/45
2019-01-16 15:09:13,152:INFO: - Train metrics: dsc: 0.948 ; iou: 0.912 ; accuracy: 0.999 ; precision: 0.954 ; recall: 0.954 ; loss: 0.055
2019-01-16 15:09:14,299:INFO: - Eval metrics : dsc: 0.929 ; iou: 0.886 ; accuracy: 0.998 ; precision: 0.927 ; recall: 0.941 ; loss: 0.074
2019-01-16 15:09:14,324:INFO: - Found new best DSC
2019-01-16 15:09:14,324:INFO: Epoch 29/45
2019-01-16 15:09:24,521:INFO: - Train metrics: dsc: 0.949 ; iou: 0.912 ; accuracy: 0.999 ; precision: 0.952 ; recall: 0.957 ; loss: 0.054
2019-01-16 15:09:25,619:INFO: - Eval metrics : dsc: 0.927 ; iou: 0.884 ; accuracy: 0.998 ; precision: 0.943 ; recall: 0.928 ; loss: 0.076
2019-01-16 15:09:25,634:INFO: Epoch 30/45
2019-01-16 15:09:35,723:INFO: - Train metrics: dsc: 0.950 ; iou: 0.915 ; accuracy: 0.999 ; precision: 0.956 ; recall: 0.956 ; loss: 0.053
2019-01-16 15:09:36,757:INFO: - Eval metrics : dsc: 0.928 ; iou: 0.885 ; accuracy: 0.998 ; precision: 0.935 ; recall: 0.942 ; loss: 0.073
2019-01-16 15:09:36,778:INFO: Epoch 31/45
2019-01-16 15:09:46,829:INFO: - Train metrics: dsc: 0.949 ; iou: 0.914 ; accuracy: 0.999 ; precision: 0.954 ; recall: 0.957 ; loss: 0.054
2019-01-16 15:09:47,971:INFO: - Eval metrics : dsc: 0.928 ; iou: 0.884 ; accuracy: 0.998 ; precision: 0.938 ; recall: 0.938 ; loss: 0.074
2019-01-16 15:09:47,993:INFO: Epoch 32/45
2019-01-16 15:09:58,163:INFO: - Train metrics: dsc: 0.951 ; iou: 0.917 ; accuracy: 0.999 ; precision: 0.956 ; recall: 0.958 ; loss: 0.051
2019-01-16 15:09:59,249:INFO: - Eval metrics : dsc: 0.927 ; iou: 0.884 ; accuracy: 0.998 ; precision: 0.949 ; recall: 0.926 ; loss: 0.074
2019-01-16 15:09:59,271:INFO: Epoch 33/45
2019-01-16 15:10:09,257:INFO: - Train metrics: dsc: 0.950 ; iou: 0.916 ; accuracy: 0.999 ; precision: 0.955 ; recall: 0.957 ; loss: 0.051
2019-01-16 15:10:10,326:INFO: - Eval metrics : dsc: 0.927 ; iou: 0.884 ; accuracy: 0.998 ; precision: 0.935 ; recall: 0.939 ; loss: 0.074
2019-01-16 15:10:10,348:INFO: Epoch 34/45
2019-01-16 15:10:20,377:INFO: - Train metrics: dsc: 0.950 ; iou: 0.916 ; accuracy: 0.999 ; precision: 0.953 ; recall: 0.958 ; loss: 0.051
2019-01-16 15:10:21,500:INFO: - Eval metrics : dsc: 0.924 ; iou: 0.877 ; accuracy: 0.998 ; precision: 0.939 ; recall: 0.926 ; loss: 0.077
2019-01-16 15:10:21,521:INFO: Epoch 35/45
2019-01-16 15:10:31,707:INFO: - Train metrics: dsc: 0.944 ; iou: 0.906 ; accuracy: 0.999 ; precision: 0.949 ; recall: 0.951 ; loss: 0.057
2019-01-16 15:10:32,821:INFO: - Eval metrics : dsc: 0.924 ; iou: 0.880 ; accuracy: 0.998 ; precision: 0.952 ; recall: 0.918 ; loss: 0.076
2019-01-16 15:10:32,844:INFO: Epoch 36/45
2019-01-16 15:10:42,923:INFO: - Train metrics: dsc: 0.948 ; iou: 0.913 ; accuracy: 0.999 ; precision: 0.953 ; recall: 0.955 ; loss: 0.053
2019-01-16 15:10:44,054:INFO: - Eval metrics : dsc: 0.927 ; iou: 0.883 ; accuracy: 0.998 ; precision: 0.938 ; recall: 0.935 ; loss: 0.074
2019-01-16 15:10:44,074:INFO: Epoch 37/45
2019-01-16 15:10:54,160:INFO: - Train metrics: dsc: 0.949 ; iou: 0.915 ; accuracy: 0.999 ; precision: 0.955 ; recall: 0.957 ; loss: 0.052
2019-01-16 15:10:55,309:INFO: - Eval metrics : dsc: 0.929 ; iou: 0.887 ; accuracy: 0.998 ; precision: 0.940 ; recall: 0.938 ; loss: 0.071
2019-01-16 15:10:55,336:INFO: - Found new best DSC
2019-01-16 15:10:55,336:INFO: Epoch 38/45
2019-01-16 15:11:05,450:INFO: - Train metrics: dsc: 0.939 ; iou: 0.897 ; accuracy: 0.998 ; precision: 0.943 ; recall: 0.948 ; loss: 0.062
2019-01-16 15:11:06,636:INFO: - Eval metrics : dsc: 0.926 ; iou: 0.883 ; accuracy: 0.998 ; precision: 0.930 ; recall: 0.943 ; loss: 0.073
2019-01-16 15:11:06,658:INFO: Epoch 39/45
2019-01-16 15:11:16,882:INFO: - Train metrics: dsc: 0.944 ; iou: 0.906 ; accuracy: 0.999 ; precision: 0.946 ; recall: 0.955 ; loss: 0.056
2019-01-16 15:11:17,997:INFO: - Eval metrics : dsc: 0.927 ; iou: 0.884 ; accuracy: 0.998 ; precision: 0.949 ; recall: 0.925 ; loss: 0.073
2019-01-16 15:11:18,011:INFO: Epoch 40/45
2019-01-16 15:11:28,155:INFO: - Train metrics: dsc: 0.949 ; iou: 0.913 ; accuracy: 0.999 ; precision: 0.952 ; recall: 0.957 ; loss: 0.052
2019-01-16 15:11:29,339:INFO: - Eval metrics : dsc: 0.925 ; iou: 0.882 ; accuracy: 0.998 ; precision: 0.951 ; recall: 0.920 ; loss: 0.074
2019-01-16 15:11:29,360:INFO: Epoch 41/45
2019-01-16 15:11:39,405:INFO: - Train metrics: dsc: 0.952 ; iou: 0.918 ; accuracy: 0.999 ; precision: 0.957 ; recall: 0.958 ; loss: 0.048
2019-01-16 15:11:40,517:INFO: - Eval metrics : dsc: 0.929 ; iou: 0.888 ; accuracy: 0.998 ; precision: 0.933 ; recall: 0.945 ; loss: 0.070
2019-01-16 15:11:40,539:INFO: Epoch 42/45
2019-01-16 15:11:50,670:INFO: - Train metrics: dsc: 0.952 ; iou: 0.919 ; accuracy: 0.999 ; precision: 0.958 ; recall: 0.959 ; loss: 0.048
2019-01-16 15:11:51,759:INFO: - Eval metrics : dsc: 0.926 ; iou: 0.884 ; accuracy: 0.998 ; precision: 0.933 ; recall: 0.938 ; loss: 0.074
2019-01-16 15:11:51,781:INFO: Epoch 43/45
2019-01-16 15:12:02,029:INFO: - Train metrics: dsc: 0.952 ; iou: 0.919 ; accuracy: 0.999 ; precision: 0.958 ; recall: 0.957 ; loss: 0.048
2019-01-16 15:12:03,080:INFO: - Eval metrics : dsc: 0.928 ; iou: 0.885 ; accuracy: 0.998 ; precision: 0.954 ; recall: 0.921 ; loss: 0.071
2019-01-16 15:12:03,101:INFO: Epoch 44/45
2019-01-16 15:12:13,258:INFO: - Train metrics: dsc: 0.953 ; iou: 0.921 ; accuracy: 0.999 ; precision: 0.959 ; recall: 0.959 ; loss: 0.047
2019-01-16 15:12:14,396:INFO: - Eval metrics : dsc: 0.923 ; iou: 0.877 ; accuracy: 0.998 ; precision: 0.957 ; recall: 0.909 ; loss: 0.076
2019-01-16 15:12:14,418:INFO: Epoch 45/45
2019-01-16 15:12:24,589:INFO: - Train metrics: dsc: 0.954 ; iou: 0.922 ; accuracy: 0.999 ; precision: 0.961 ; recall: 0.959 ; loss: 0.047
2019-01-16 15:12:25,679:INFO: - Eval metrics : dsc: 0.929 ; iou: 0.887 ; accuracy: 0.998 ; precision: 0.924 ; recall: 0.953 ; loss: 0.071
2019-01-16 15:12:25,706:INFO: - Found new best DSC
2019-01-16 15:12:25,758:INFO: Loading the datasets...
2019-01-16 15:12:31,066:INFO: - done.
2019-01-16 15:12:31,066:INFO: For k-fold 3/5:
2019-01-16 15:12:31,066:INFO: Starting training for 45 epoch(s)
2019-01-16 15:12:31,066:INFO: Epoch 1/45
2019-01-16 15:12:41,103:INFO: - Train metrics: dsc: 0.374 ; iou: 0.264 ; accuracy: 0.899 ; precision: 0.265 ; recall: 0.901 ; loss: 0.916
2019-01-16 15:12:42,246:INFO: - Eval metrics : dsc: 0.557 ; iou: 0.403 ; accuracy: 0.974 ; precision: 0.404 ; recall: 0.977 ; loss: 0.898
2019-01-16 15:12:42,288:INFO: - Found new best DSC
2019-01-16 15:12:42,288:INFO: Epoch 2/45
2019-01-16 15:12:52,377:INFO: - Train metrics: dsc: 0.718 ; iou: 0.588 ; accuracy: 0.988 ; precision: 0.591 ; recall: 0.969 ; loss: 0.878
2019-01-16 15:12:53,521:INFO: - Eval metrics : dsc: 0.746 ; iou: 0.619 ; accuracy: 0.990 ; precision: 0.621 ; recall: 0.967 ; loss: 0.862
2019-01-16 15:12:53,541:INFO: - Found new best DSC
2019-01-16 15:12:53,541:INFO: Epoch 3/45
2019-01-16 15:13:03,594:INFO: - Train metrics: dsc: 0.793 ; iou: 0.687 ; accuracy: 0.993 ; precision: 0.693 ; recall: 0.970 ; loss: 0.827
2019-01-16 15:13:04,679:INFO: - Eval metrics : dsc: 0.799 ; iou: 0.690 ; accuracy: 0.993 ; precision: 0.698 ; recall: 0.967 ; loss: 0.798
2019-01-16 15:13:04,697:INFO: - Found new best DSC
2019-01-16 15:13:04,697:INFO: Epoch 4/45
2019-01-16 15:13:14,721:INFO: - Train metrics: dsc: 0.836 ; iou: 0.749 ; accuracy: 0.995 ; precision: 0.764 ; recall: 0.966 ; loss: 0.736
2019-01-16 15:13:15,842:INFO: - Eval metrics : dsc: 0.872 ; iou: 0.799 ; accuracy: 0.997 ; precision: 0.820 ; recall: 0.953 ; loss: 0.695
2019-01-16 15:13:15,864:INFO: - Found new best DSC
2019-01-16 15:13:15,865:INFO: Epoch 5/45
2019-01-16 15:13:25,961:INFO: - Train metrics: dsc: 0.879 ; iou: 0.811 ; accuracy: 0.997 ; precision: 0.831 ; recall: 0.965 ; loss: 0.587
2019-01-16 15:13:27,085:INFO: - Eval metrics : dsc: 0.875 ; iou: 0.815 ; accuracy: 0.997 ; precision: 0.895 ; recall: 0.906 ; loss: 0.521
2019-01-16 15:13:27,121:INFO: - Found new best DSC
2019-01-16 15:13:27,122:INFO: Epoch 6/45
2019-01-16 15:13:37,216:INFO: - Train metrics: dsc: 0.888 ; iou: 0.826 ; accuracy: 0.997 ; precision: 0.855 ; recall: 0.954 ; loss: 0.418
2019-01-16 15:13:38,349:INFO: - Eval metrics : dsc: 0.871 ; iou: 0.800 ; accuracy: 0.997 ; precision: 0.834 ; recall: 0.938 ; loss: 0.374
2019-01-16 15:13:38,370:INFO: Epoch 7/45
2019-01-16 15:13:48,570:INFO: - Train metrics: dsc: 0.893 ; iou: 0.835 ; accuracy: 0.998 ; precision: 0.877 ; recall: 0.937 ; loss: 0.291
2019-01-16 15:13:49,674:INFO: - Eval metrics : dsc: 0.899 ; iou: 0.848 ; accuracy: 0.998 ; precision: 0.918 ; recall: 0.906 ; loss: 0.323
2019-01-16 15:13:49,696:INFO: - Found new best DSC
2019-01-16 15:13:49,696:INFO: Epoch 8/45
2019-01-16 15:13:59,815:INFO: - Train metrics: dsc: 0.912 ; iou: 0.861 ; accuracy: 0.998 ; precision: 0.907 ; recall: 0.939 ; loss: 0.203
2019-01-16 15:14:00,918:INFO: - Eval metrics : dsc: 0.908 ; iou: 0.854 ; accuracy: 0.998 ; precision: 0.895 ; recall: 0.947 ; loss: 0.180
2019-01-16 15:14:00,945:INFO: - Found new best DSC
2019-01-16 15:14:00,945:INFO: Epoch 9/45
2019-01-16 15:14:11,021:INFO: - Train metrics: dsc: 0.918 ; iou: 0.869 ; accuracy: 0.998 ; precision: 0.915 ; recall: 0.943 ; loss: 0.158
2019-01-16 15:14:12,139:INFO: - Eval metrics : dsc: 0.914 ; iou: 0.867 ; accuracy: 0.998 ; precision: 0.938 ; recall: 0.922 ; loss: 0.145
2019-01-16 15:14:12,166:INFO: - Found new best DSC
2019-01-16 15:14:12,166:INFO: Epoch 10/45
2019-01-16 15:14:22,206:INFO: - Train metrics: dsc: 0.916 ; iou: 0.864 ; accuracy: 0.998 ; precision: 0.909 ; recall: 0.942 ; loss: 0.138
2019-01-16 15:14:23,270:INFO: - Eval metrics : dsc: 0.910 ; iou: 0.858 ; accuracy: 0.998 ; precision: 0.935 ; recall: 0.915 ; loss: 0.138
2019-01-16 15:14:23,292:INFO: Epoch 11/45
2019-01-16 15:14:33,360:INFO: - Train metrics: dsc: 0.916 ; iou: 0.866 ; accuracy: 0.998 ; precision: 0.918 ; recall: 0.936 ; loss: 0.124
2019-01-16 15:14:34,430:INFO: - Eval metrics : dsc: 0.917 ; iou: 0.869 ; accuracy: 0.998 ; precision: 0.930 ; recall: 0.925 ; loss: 0.117
2019-01-16 15:14:34,460:INFO: - Found new best DSC
2019-01-16 15:14:34,460:INFO: Epoch 12/45
2019-01-16 15:14:44,491:INFO: - Train metrics: dsc: 0.924 ; iou: 0.875 ; accuracy: 0.998 ; precision: 0.924 ; recall: 0.942 ; loss: 0.108
2019-01-16 15:14:45,634:INFO: - Eval metrics : dsc: 0.921 ; iou: 0.870 ; accuracy: 0.998 ; precision: 0.911 ; recall: 0.951 ; loss: 0.104
2019-01-16 15:14:45,653:INFO: - Found new best DSC
2019-01-16 15:14:45,653:INFO: Epoch 13/45
2019-01-16 15:14:55,851:INFO: - Train metrics: dsc: 0.924 ; iou: 0.875 ; accuracy: 0.998 ; precision: 0.925 ; recall: 0.940 ; loss: 0.101
2019-01-16 15:14:56,928:INFO: - Eval metrics : dsc: 0.924 ; iou: 0.877 ; accuracy: 0.998 ; precision: 0.926 ; recall: 0.942 ; loss: 0.095
2019-01-16 15:14:56,951:INFO: - Found new best DSC
2019-01-16 15:14:56,951:INFO: Epoch 14/45
2019-01-16 15:15:07,117:INFO: - Train metrics: dsc: 0.934 ; iou: 0.889 ; accuracy: 0.998 ; precision: 0.932 ; recall: 0.946 ; loss: 0.087
2019-01-16 15:15:08,226:INFO: - Eval metrics : dsc: 0.916 ; iou: 0.869 ; accuracy: 0.998 ; precision: 0.945 ; recall: 0.912 ; loss: 0.099
2019-01-16 15:15:08,246:INFO: Epoch 15/45
2019-01-16 15:15:18,335:INFO: - Train metrics: dsc: 0.933 ; iou: 0.887 ; accuracy: 0.998 ; precision: 0.935 ; recall: 0.946 ; loss: 0.084
2019-01-16 15:15:19,387:INFO: - Eval metrics : dsc: 0.919 ; iou: 0.870 ; accuracy: 0.998 ; precision: 0.921 ; recall: 0.942 ; loss: 0.093
2019-01-16 15:15:19,408:INFO: Epoch 16/45
2019-01-16 15:15:29,510:INFO: - Train metrics: dsc: 0.936 ; iou: 0.891 ; accuracy: 0.998 ; precision: 0.936 ; recall: 0.949 ; loss: 0.079
2019-01-16 15:15:30,643:INFO: - Eval metrics : dsc: 0.923 ; iou: 0.879 ; accuracy: 0.998 ; precision: 0.927 ; recall: 0.941 ; loss: 0.089
2019-01-16 15:15:30,659:INFO: Epoch 17/45
2019-01-16 15:15:40,967:INFO: - Train metrics: dsc: 0.940 ; iou: 0.898 ; accuracy: 0.998 ; precision: 0.944 ; recall: 0.950 ; loss: 0.073
2019-01-16 15:15:42,118:INFO: - Eval metrics : dsc: 0.924 ; iou: 0.878 ; accuracy: 0.998 ; precision: 0.939 ; recall: 0.934 ; loss: 0.085
2019-01-16 15:15:42,142:INFO: Epoch 18/45
2019-01-16 15:15:52,285:INFO: - Train metrics: dsc: 0.942 ; iou: 0.901 ; accuracy: 0.999 ; precision: 0.943 ; recall: 0.952 ; loss: 0.069
2019-01-16 15:15:53,452:INFO: - Eval metrics : dsc: 0.927 ; iou: 0.882 ; accuracy: 0.998 ; precision: 0.946 ; recall: 0.926 ; loss: 0.082
2019-01-16 15:15:53,485:INFO: - Found new best DSC
2019-01-16 15:15:53,485:INFO: Epoch 19/45
2019-01-16 15:16:03,655:INFO: - Train metrics: dsc: 0.936 ; iou: 0.891 ; accuracy: 0.998 ; precision: 0.938 ; recall: 0.947 ; loss: 0.073
2019-01-16 15:16:04,779:INFO: - Eval metrics : dsc: 0.923 ; iou: 0.878 ; accuracy: 0.998 ; precision: 0.934 ; recall: 0.936 ; loss: 0.085
2019-01-16 15:16:04,802:INFO: Epoch 20/45
2019-01-16 15:16:14,901:INFO: - Train metrics: dsc: 0.938 ; iou: 0.895 ; accuracy: 0.998 ; precision: 0.941 ; recall: 0.949 ; loss: 0.069
2019-01-16 15:16:15,985:INFO: - Eval metrics : dsc: 0.915 ; iou: 0.869 ; accuracy: 0.998 ; precision: 0.943 ; recall: 0.921 ; loss: 0.091
2019-01-16 15:16:16,005:INFO: Epoch 21/45
2019-01-16 15:16:26,114:INFO: - Train metrics: dsc: 0.940 ; iou: 0.898 ; accuracy: 0.998 ; precision: 0.941 ; recall: 0.951 ; loss: 0.067
2019-01-16 15:16:27,191:INFO: - Eval metrics : dsc: 0.922 ; iou: 0.877 ; accuracy: 0.998 ; precision: 0.932 ; recall: 0.931 ; loss: 0.084
2019-01-16 15:16:27,209:INFO: Epoch 22/45
2019-01-16 15:16:37,274:INFO: - Train metrics: dsc: 0.943 ; iou: 0.902 ; accuracy: 0.999 ; precision: 0.945 ; recall: 0.952 ; loss: 0.063
2019-01-16 15:16:38,431:INFO: - Eval metrics : dsc: 0.923 ; iou: 0.879 ; accuracy: 0.998 ; precision: 0.934 ; recall: 0.938 ; loss: 0.082
2019-01-16 15:16:38,452:INFO: Epoch 23/45
2019-01-16 15:16:48,533:INFO: - Train metrics: dsc: 0.946 ; iou: 0.907 ; accuracy: 0.999 ; precision: 0.949 ; recall: 0.953 ; loss: 0.060
2019-01-16 15:16:49,646:INFO: - Eval metrics : dsc: 0.926 ; iou: 0.881 ; accuracy: 0.998 ; precision: 0.930 ; recall: 0.946 ; loss: 0.078
2019-01-16 15:16:49,668:INFO: Epoch 24/45
2019-01-16 15:16:59,699:INFO: - Train metrics: dsc: 0.943 ; iou: 0.903 ; accuracy: 0.999 ; precision: 0.946 ; recall: 0.951 ; loss: 0.062
2019-01-16 15:17:00,771:INFO: - Eval metrics : dsc: 0.909 ; iou: 0.863 ; accuracy: 0.998 ; precision: 0.934 ; recall: 0.916 ; loss: 0.095
2019-01-16 15:17:00,792:INFO: Epoch 25/45
2019-01-16 15:17:10,833:INFO: - Train metrics: dsc: 0.942 ; iou: 0.900 ; accuracy: 0.998 ; precision: 0.945 ; recall: 0.950 ; loss: 0.063
2019-01-16 15:17:11,961:INFO: - Eval metrics : dsc: 0.921 ; iou: 0.876 ; accuracy: 0.998 ; precision: 0.906 ; recall: 0.954 ; loss: 0.084
2019-01-16 15:17:11,985:INFO: Epoch 26/45
2019-01-16 15:17:22,173:INFO: - Train metrics: dsc: 0.936 ; iou: 0.890 ; accuracy: 0.998 ; precision: 0.936 ; recall: 0.948 ; loss: 0.068
2019-01-16 15:17:23,329:INFO: - Eval metrics : dsc: 0.901 ; iou: 0.854 ; accuracy: 0.998 ; precision: 0.943 ; recall: 0.906 ; loss: 0.101
2019-01-16 15:17:23,351:INFO: Epoch 27/45
2019-01-16 15:17:33,649:INFO: - Train metrics: dsc: 0.937 ; iou: 0.893 ; accuracy: 0.998 ; precision: 0.939 ; recall: 0.949 ; loss: 0.066
2019-01-16 15:17:34,691:INFO: - Eval metrics : dsc: 0.920 ; iou: 0.874 ; accuracy: 0.998 ; precision: 0.913 ; recall: 0.946 ; loss: 0.082
2019-01-16 15:17:34,718:INFO: Epoch 28/45
2019-01-16 15:17:44,816:INFO: - Train metrics: dsc: 0.942 ; iou: 0.900 ; accuracy: 0.998 ; precision: 0.942 ; recall: 0.953 ; loss: 0.062
2019-01-16 15:17:45,991:INFO: - Eval metrics : dsc: 0.926 ; iou: 0.881 ; accuracy: 0.998 ; precision: 0.939 ; recall: 0.934 ; loss: 0.078
2019-01-16 15:17:46,034:INFO: Epoch 29/45
2019-01-16 15:17:56,055:INFO: - Train metrics: dsc: 0.944 ; iou: 0.904 ; accuracy: 0.999 ; precision: 0.944 ; recall: 0.955 ; loss: 0.059
2019-01-16 15:17:57,200:INFO: - Eval metrics : dsc: 0.927 ; iou: 0.885 ; accuracy: 0.998 ; precision: 0.944 ; recall: 0.932 ; loss: 0.075
2019-01-16 15:17:57,223:INFO: Epoch 30/45
2019-01-16 15:18:07,327:INFO: - Train metrics: dsc: 0.947 ; iou: 0.909 ; accuracy: 0.999 ; precision: 0.948 ; recall: 0.956 ; loss: 0.055
2019-01-16 15:18:08,501:INFO: - Eval metrics : dsc: 0.922 ; iou: 0.880 ; accuracy: 0.998 ; precision: 0.947 ; recall: 0.922 ; loss: 0.081
2019-01-16 15:18:08,521:INFO: Epoch 31/45
2019-01-16 15:18:18,527:INFO: - Train metrics: dsc: 0.949 ; iou: 0.913 ; accuracy: 0.999 ; precision: 0.951 ; recall: 0.958 ; loss: 0.053
2019-01-16 15:18:19,664:INFO: - Eval metrics : dsc: 0.925 ; iou: 0.883 ; accuracy: 0.998 ; precision: 0.941 ; recall: 0.932 ; loss: 0.076
2019-01-16 15:18:19,689:INFO: Epoch 32/45
2019-01-16 15:18:29,919:INFO: - Train metrics: dsc: 0.950 ; iou: 0.913 ; accuracy: 0.999 ; precision: 0.950 ; recall: 0.959 ; loss: 0.052
2019-01-16 15:18:31,076:INFO: - Eval metrics : dsc: 0.923 ; iou: 0.881 ; accuracy: 0.998 ; precision: 0.946 ; recall: 0.925 ; loss: 0.079
2019-01-16 15:18:31,089:INFO: Epoch 33/45
2019-01-16 15:18:41,122:INFO: - Train metrics: dsc: 0.946 ; iou: 0.908 ; accuracy: 0.999 ; precision: 0.948 ; recall: 0.955 ; loss: 0.055
2019-01-16 15:18:42,209:INFO: - Eval metrics : dsc: 0.919 ; iou: 0.874 ; accuracy: 0.998 ; precision: 0.933 ; recall: 0.934 ; loss: 0.083
2019-01-16 15:18:42,232:INFO: Epoch 34/45
2019-01-16 15:18:52,242:INFO: - Train metrics: dsc: 0.948 ; iou: 0.910 ; accuracy: 0.999 ; precision: 0.950 ; recall: 0.955 ; loss: 0.053
2019-01-16 15:18:53,337:INFO: - Eval metrics : dsc: 0.928 ; iou: 0.886 ; accuracy: 0.998 ; precision: 0.934 ; recall: 0.945 ; loss: 0.073
2019-01-16 15:18:53,360:INFO: - Found new best DSC
2019-01-16 15:18:53,360:INFO: Epoch 35/45
2019-01-16 15:19:03,545:INFO: - Train metrics: dsc: 0.947 ; iou: 0.908 ; accuracy: 0.999 ; precision: 0.946 ; recall: 0.956 ; loss: 0.055
2019-01-16 15:19:04,687:INFO: - Eval metrics : dsc: 0.929 ; iou: 0.886 ; accuracy: 0.998 ; precision: 0.930 ; recall: 0.945 ; loss: 0.074
2019-01-16 15:19:04,712:INFO: - Found new best DSC
2019-01-16 15:19:04,713:INFO: Epoch 36/45
2019-01-16 15:19:14,941:INFO: - Train metrics: dsc: 0.948 ; iou: 0.911 ; accuracy: 0.999 ; precision: 0.948 ; recall: 0.956 ; loss: 0.053
2019-01-16 15:19:16,013:INFO: - Eval metrics : dsc: 0.926 ; iou: 0.882 ; accuracy: 0.998 ; precision: 0.953 ; recall: 0.919 ; loss: 0.075
2019-01-16 15:19:16,038:INFO: Epoch 37/45
2019-01-16 15:19:26,148:INFO: - Train metrics: dsc: 0.951 ; iou: 0.915 ; accuracy: 0.999 ; precision: 0.951 ; recall: 0.959 ; loss: 0.050
2019-01-16 15:19:27,310:INFO: - Eval metrics : dsc: 0.930 ; iou: 0.889 ; accuracy: 0.998 ; precision: 0.948 ; recall: 0.935 ; loss: 0.070
2019-01-16 15:19:27,335:INFO: - Found new best DSC
2019-01-16 15:19:27,335:INFO: Epoch 38/45
2019-01-16 15:19:37,438:INFO: - Train metrics: dsc: 0.952 ; iou: 0.918 ; accuracy: 0.999 ; precision: 0.955 ; recall: 0.959 ; loss: 0.049
2019-01-16 15:19:38,569:INFO: - Eval metrics : dsc: 0.924 ; iou: 0.882 ; accuracy: 0.998 ; precision: 0.930 ; recall: 0.947 ; loss: 0.076
2019-01-16 15:19:38,586:INFO: Epoch 39/45
2019-01-16 15:19:48,695:INFO: - Train metrics: dsc: 0.950 ; iou: 0.914 ; accuracy: 0.999 ; precision: 0.951 ; recall: 0.959 ; loss: 0.051
2019-01-16 15:19:49,846:INFO: - Eval metrics : dsc: 0.935 ; iou: 0.893 ; accuracy: 0.998 ; precision: 0.933 ; recall: 0.954 ; loss: 0.066
2019-01-16 15:19:49,874:INFO: - Found new best DSC
2019-01-16 15:19:49,874:INFO: Epoch 40/45
2019-01-16 15:20:00,133:INFO: - Train metrics: dsc: 0.954 ; iou: 0.919 ; accuracy: 0.999 ; precision: 0.953 ; recall: 0.962 ; loss: 0.047
2019-01-16 15:20:01,197:INFO: - Eval metrics : dsc: 0.925 ; iou: 0.884 ; accuracy: 0.998 ; precision: 0.949 ; recall: 0.930 ; loss: 0.076
2019-01-16 15:20:01,220:INFO: Epoch 41/45
2019-01-16 15:20:11,290:INFO: - Train metrics: dsc: 0.943 ; iou: 0.903 ; accuracy: 0.999 ; precision: 0.944 ; recall: 0.953 ; loss: 0.058
2019-01-16 15:20:12,444:INFO: - Eval metrics : dsc: 0.921 ; iou: 0.871 ; accuracy: 0.998 ; precision: 0.909 ; recall: 0.956 ; loss: 0.080
2019-01-16 15:20:12,464:INFO: Epoch 42/45
2019-01-16 15:20:22,678:INFO: - Train metrics: dsc: 0.948 ; iou: 0.908 ; accuracy: 0.999 ; precision: 0.946 ; recall: 0.958 ; loss: 0.053
2019-01-16 15:20:23,833:INFO: - Eval metrics : dsc: 0.924 ; iou: 0.881 ; accuracy: 0.998 ; precision: 0.938 ; recall: 0.937 ; loss: 0.077
2019-01-16 15:20:23,856:INFO: Epoch 43/45
2019-01-16 15:20:33,856:INFO: - Train metrics: dsc: 0.952 ; iou: 0.916 ; accuracy: 0.999 ; precision: 0.951 ; recall: 0.962 ; loss: 0.049
2019-01-16 15:20:34,970:INFO: - Eval metrics : dsc: 0.928 ; iou: 0.887 ; accuracy: 0.998 ; precision: 0.938 ; recall: 0.939 ; loss: 0.073
2019-01-16 15:20:34,989:INFO: Epoch 44/45
2019-01-16 15:20:45,019:INFO: - Train metrics: dsc: 0.955 ; iou: 0.920 ; accuracy: 0.999 ; precision: 0.955 ; recall: 0.962 ; loss: 0.046
2019-01-16 15:20:46,107:INFO: - Eval metrics : dsc: 0.929 ; iou: 0.889 ; accuracy: 0.998 ; precision: 0.942 ; recall: 0.941 ; loss: 0.071
2019-01-16 15:20:46,123:INFO: Epoch 45/45
2019-01-16 15:20:56,197:INFO: - Train metrics: dsc: 0.956 ; iou: 0.922 ; accuracy: 0.999 ; precision: 0.956 ; recall: 0.963 ; loss: 0.044
2019-01-16 15:20:57,364:INFO: - Eval metrics : dsc: 0.926 ; iou: 0.884 ; accuracy: 0.998 ; precision: 0.938 ; recall: 0.942 ; loss: 0.075
2019-01-16 15:20:57,462:INFO: Loading the datasets...
2019-01-16 15:21:02,209:INFO: - done.
2019-01-16 15:21:02,209:INFO: For k-fold 4/5:
2019-01-16 15:21:02,209:INFO: Starting training for 45 epoch(s)
2019-01-16 15:21:02,209:INFO: Epoch 1/45
2019-01-16 15:21:12,305:INFO: - Train metrics: dsc: 0.350 ; iou: 0.239 ; accuracy: 0.896 ; precision: 0.241 ; recall: 0.892 ; loss: 0.918
2019-01-16 15:21:13,356:INFO: - Eval metrics : dsc: 0.688 ; iou: 0.551 ; accuracy: 0.987 ; precision: 0.559 ; recall: 0.925 ; loss: 0.894
2019-01-16 15:21:13,377:INFO: - Found new best DSC
2019-01-16 15:21:13,377:INFO: Epoch 2/45
2019-01-16 15:21:23,462:INFO: - Train metrics: dsc: 0.707 ; iou: 0.572 ; accuracy: 0.987 ; precision: 0.576 ; recall: 0.966 ; loss: 0.879
2019-01-16 15:21:24,561:INFO: - Eval metrics : dsc: 0.798 ; iou: 0.693 ; accuracy: 0.994 ; precision: 0.713 ; recall: 0.953 ; loss: 0.862
2019-01-16 15:21:24,588:INFO: - Found new best DSC
2019-01-16 15:21:24,588:INFO: Epoch 3/45
2019-01-16 15:21:34,611:INFO: - Train metrics: dsc: 0.787 ; iou: 0.677 ; accuracy: 0.993 ; precision: 0.683 ; recall: 0.971 ; loss: 0.832
2019-01-16 15:21:35,785:INFO: - Eval metrics : dsc: 0.791 ; iou: 0.686 ; accuracy: 0.993 ; precision: 0.695 ; recall: 0.957 ; loss: 0.787
2019-01-16 15:21:35,804:INFO: Epoch 4/45
2019-01-16 15:21:46,072:INFO: - Train metrics: dsc: 0.815 ; iou: 0.719 ; accuracy: 0.994 ; precision: 0.735 ; recall: 0.954 ; loss: 0.748
2019-01-16 15:21:47,244:INFO: - Eval metrics : dsc: 0.725 ; iou: 0.605 ; accuracy: 0.988 ; precision: 0.611 ; recall: 0.957 ; loss: 0.714
2019-01-16 15:21:47,259:INFO: Epoch 5/45
2019-01-16 15:21:57,316:INFO: - Train metrics: dsc: 0.851 ; iou: 0.774 ; accuracy: 0.996 ; precision: 0.801 ; recall: 0.951 ; loss: 0.606
2019-01-16 15:21:58,420:INFO: - Eval metrics : dsc: 0.855 ; iou: 0.785 ; accuracy: 0.996 ; precision: 0.811 ; recall: 0.940 ; loss: 0.491
2019-01-16 15:21:58,440:INFO: - Found new best DSC
2019-01-16 15:21:58,440:INFO: Epoch 6/45
2019-01-16 15:22:08,649:INFO: - Train metrics: dsc: 0.891 ; iou: 0.831 ; accuracy: 0.997 ; precision: 0.867 ; recall: 0.951 ; loss: 0.435
2019-01-16 15:22:09,773:INFO: - Eval metrics : dsc: 0.879 ; iou: 0.821 ; accuracy: 0.997 ; precision: 0.862 ; recall: 0.934 ; loss: 0.418
2019-01-16 15:22:09,796:INFO: - Found new best DSC
2019-01-16 15:22:09,796:INFO: Epoch 7/45
2019-01-16 15:22:19,853:INFO: - Train metrics: dsc: 0.898 ; iou: 0.842 ; accuracy: 0.998 ; precision: 0.884 ; recall: 0.941 ; loss: 0.300
2019-01-16 15:22:20,949:INFO: - Eval metrics : dsc: 0.880 ; iou: 0.824 ; accuracy: 0.998 ; precision: 0.936 ; recall: 0.872 ; loss: 0.271
2019-01-16 15:22:20,975:INFO: - Found new best DSC
2019-01-16 15:22:20,975:INFO: Epoch 8/45
2019-01-16 15:22:31,113:INFO: - Train metrics: dsc: 0.902 ; iou: 0.848 ; accuracy: 0.998 ; precision: 0.902 ; recall: 0.930 ; loss: 0.219
2019-01-16 15:22:32,226:INFO: - Eval metrics : dsc: 0.879 ; iou: 0.820 ; accuracy: 0.997 ; precision: 0.864 ; recall: 0.929 ; loss: 0.204
2019-01-16 15:22:32,243:INFO: Epoch 9/45
2019-01-16 15:22:42,332:INFO: - Train metrics: dsc: 0.912 ; iou: 0.859 ; accuracy: 0.998 ; precision: 0.910 ; recall: 0.936 ; loss: 0.169
2019-01-16 15:22:43,481:INFO: - Eval metrics : dsc: 0.898 ; iou: 0.846 ; accuracy: 0.998 ; precision: 0.911 ; recall: 0.922 ; loss: 0.164
2019-01-16 15:22:43,499:INFO: - Found new best DSC
2019-01-16 15:22:43,499:INFO: Epoch 10/45
2019-01-16 15:22:53,559:INFO: - Train metrics: dsc: 0.918 ; iou: 0.869 ; accuracy: 0.998 ; precision: 0.915 ; recall: 0.940 ; loss: 0.138
2019-01-16 15:22:54,665:INFO: - Eval metrics : dsc: 0.901 ; iou: 0.848 ; accuracy: 0.998 ; precision: 0.923 ; recall: 0.904 ; loss: 0.154
2019-01-16 15:22:54,690:INFO: - Found new best DSC
2019-01-16 15:22:54,691:INFO: Epoch 11/45
2019-01-16 15:23:04,789:INFO: - Train metrics: dsc: 0.912 ; iou: 0.861 ; accuracy: 0.998 ; precision: 0.917 ; recall: 0.930 ; loss: 0.124
2019-01-16 15:23:05,953:INFO: - Eval metrics : dsc: 0.902 ; iou: 0.849 ; accuracy: 0.998 ; precision: 0.909 ; recall: 0.925 ; loss: 0.128
2019-01-16 15:23:06,000:INFO: - Found new best DSC
2019-01-16 15:23:06,000:INFO: Epoch 12/45
2019-01-16 15:23:16,099:INFO: - Train metrics: dsc: 0.920 ; iou: 0.870 ; accuracy: 0.998 ; precision: 0.920 ; recall: 0.940 ; loss: 0.107
2019-01-16 15:23:17,231:INFO: - Eval metrics : dsc: 0.906 ; iou: 0.853 ; accuracy: 0.998 ; precision: 0.902 ; recall: 0.940 ; loss: 0.115
2019-01-16 15:23:17,257:INFO: - Found new best DSC
2019-01-16 15:23:17,257:INFO: Epoch 13/45
2019-01-16 15:23:27,289:INFO: - Train metrics: dsc: 0.929 ; iou: 0.884 ; accuracy: 0.998 ; precision: 0.932 ; recall: 0.943 ; loss: 0.092
2019-01-16 15:23:28,344:INFO: - Eval metrics : dsc: 0.906 ; iou: 0.854 ; accuracy: 0.998 ; precision: 0.896 ; recall: 0.947 ; loss: 0.111
2019-01-16 15:23:28,373:INFO: - Found new best DSC
2019-01-16 15:23:28,373:INFO: Epoch 14/45
2019-01-16 15:23:38,406:INFO: - Train metrics: dsc: 0.930 ; iou: 0.885 ; accuracy: 0.998 ; precision: 0.935 ; recall: 0.940 ; loss: 0.088
2019-01-16 15:23:39,516:INFO: - Eval metrics : dsc: 0.911 ; iou: 0.861 ; accuracy: 0.998 ; precision: 0.918 ; recall: 0.931 ; loss: 0.104
2019-01-16 15:23:39,539:INFO: - Found new best DSC
2019-01-16 15:23:39,539:INFO: Epoch 15/45
2019-01-16 15:23:49,561:INFO: - Train metrics: dsc: 0.928 ; iou: 0.882 ; accuracy: 0.998 ; precision: 0.927 ; recall: 0.945 ; loss: 0.086
2019-01-16 15:23:50,661:INFO: - Eval metrics : dsc: 0.878 ; iou: 0.818 ; accuracy: 0.997 ; precision: 0.864 ; recall: 0.941 ; loss: 0.132
2019-01-16 15:23:50,681:INFO: Epoch 16/45
2019-01-16 15:24:00,866:INFO: - Train metrics: dsc: 0.932 ; iou: 0.887 ; accuracy: 0.998 ; precision: 0.934 ; recall: 0.946 ; loss: 0.081
2019-01-16 15:24:01,939:INFO: - Eval metrics : dsc: 0.914 ; iou: 0.866 ; accuracy: 0.998 ; precision: 0.916 ; recall: 0.938 ; loss: 0.097
2019-01-16 15:24:01,965:INFO: - Found new best DSC
2019-01-16 15:24:01,966:INFO: Epoch 17/45
2019-01-16 15:24:12,040:INFO: - Train metrics: dsc: 0.936 ; iou: 0.894 ; accuracy: 0.998 ; precision: 0.940 ; recall: 0.947 ; loss: 0.074
2019-01-16 15:24:13,193:INFO: - Eval metrics : dsc: 0.915 ; iou: 0.867 ; accuracy: 0.998 ; precision: 0.938 ; recall: 0.922 ; loss: 0.094
2019-01-16 15:24:13,220:INFO: - Found new best DSC
2019-01-16 15:24:13,220:INFO: Epoch 18/45
2019-01-16 15:24:23,332:INFO: - Train metrics: dsc: 0.937 ; iou: 0.895 ; accuracy: 0.998 ; precision: 0.942 ; recall: 0.946 ; loss: 0.072
2019-01-16 15:24:24,437:INFO: - Eval metrics : dsc: 0.918 ; iou: 0.867 ; accuracy: 0.998 ; precision: 0.937 ; recall: 0.914 ; loss: 0.090
2019-01-16 15:24:24,461:INFO: - Found new best DSC
2019-01-16 15:24:24,461:INFO: Epoch 19/45
2019-01-16 15:24:34,489:INFO: - Train metrics: dsc: 0.935 ; iou: 0.891 ; accuracy: 0.998 ; precision: 0.934 ; recall: 0.948 ; loss: 0.074
2019-01-16 15:24:35,625:INFO: - Eval metrics : dsc: 0.904 ; iou: 0.849 ; accuracy: 0.998 ; precision: 0.932 ; recall: 0.901 ; loss: 0.103
2019-01-16 15:24:35,656:INFO: Epoch 20/45
2019-01-16 15:24:45,864:INFO: - Train metrics: dsc: 0.933 ; iou: 0.888 ; accuracy: 0.998 ; precision: 0.937 ; recall: 0.945 ; loss: 0.075
2019-01-16 15:24:46,969:INFO: - Eval metrics : dsc: 0.908 ; iou: 0.852 ; accuracy: 0.998 ; precision: 0.877 ; recall: 0.963 ; loss: 0.099
2019-01-16 15:24:46,991:INFO: Epoch 21/45
2019-01-16 15:24:57,081:INFO: - Train metrics: dsc: 0.939 ; iou: 0.898 ; accuracy: 0.998 ; precision: 0.940 ; recall: 0.951 ; loss: 0.067
2019-01-16 15:24:58,200:INFO: - Eval metrics : dsc: 0.923 ; iou: 0.874 ; accuracy: 0.998 ; precision: 0.923 ; recall: 0.937 ; loss: 0.082
2019-01-16 15:24:58,222:INFO: - Found new best DSC
2019-01-16 15:24:58,222:INFO: Epoch 22/45
2019-01-16 15:25:08,339:INFO: - Train metrics: dsc: 0.933 ; iou: 0.889 ; accuracy: 0.998 ; precision: 0.933 ; recall: 0.947 ; loss: 0.073
2019-01-16 15:25:09,450:INFO: - Eval metrics : dsc: 0.899 ; iou: 0.846 ; accuracy: 0.998 ; precision: 0.926 ; recall: 0.911 ; loss: 0.105
2019-01-16 15:25:09,469:INFO: Epoch 23/45
2019-01-16 15:25:19,541:INFO: - Train metrics: dsc: 0.937 ; iou: 0.895 ; accuracy: 0.998 ; precision: 0.941 ; recall: 0.948 ; loss: 0.068
2019-01-16 15:25:20,703:INFO: - Eval metrics : dsc: 0.913 ; iou: 0.863 ; accuracy: 0.998 ; precision: 0.900 ; recall: 0.951 ; loss: 0.091
2019-01-16 15:25:20,721:INFO: Epoch 24/45
2019-01-16 15:25:31,070:INFO: - Train metrics: dsc: 0.930 ; iou: 0.886 ; accuracy: 0.998 ; precision: 0.935 ; recall: 0.942 ; loss: 0.074
2019-01-16 15:25:32,192:INFO: - Eval metrics : dsc: 0.920 ; iou: 0.867 ; accuracy: 0.998 ; precision: 0.906 ; recall: 0.952 ; loss: 0.084
2019-01-16 15:25:32,208:INFO: Epoch 25/45
2019-01-16 15:25:42,280:INFO: - Train metrics: dsc: 0.939 ; iou: 0.899 ; accuracy: 0.998 ; precision: 0.942 ; recall: 0.950 ; loss: 0.065
2019-01-16 15:25:43,393:INFO: - Eval metrics : dsc: 0.925 ; iou: 0.876 ; accuracy: 0.998 ; precision: 0.914 ; recall: 0.948 ; loss: 0.079
2019-01-16 15:25:43,419:INFO: - Found new best DSC
2019-01-16 15:25:43,419:INFO: Epoch 26/45
2019-01-16 15:25:53,697:INFO: - Train metrics: dsc: 0.942 ; iou: 0.904 ; accuracy: 0.999 ; precision: 0.945 ; recall: 0.954 ; loss: 0.061
2019-01-16 15:25:54,840:INFO: - Eval metrics : dsc: 0.925 ; iou: 0.878 ; accuracy: 0.998 ; precision: 0.916 ; recall: 0.949 ; loss: 0.078
2019-01-16 15:25:54,867:INFO: - Found new best DSC
2019-01-16 15:25:54,867:INFO: Epoch 27/45
2019-01-16 15:26:04,960:INFO: - Train metrics: dsc: 0.942 ; iou: 0.904 ; accuracy: 0.999 ; precision: 0.948 ; recall: 0.952 ; loss: 0.061
2019-01-16 15:26:06,105:INFO: - Eval metrics : dsc: 0.923 ; iou: 0.876 ; accuracy: 0.998 ; precision: 0.916 ; recall: 0.951 ; loss: 0.079
2019-01-16 15:26:06,128:INFO: Epoch 28/45
2019-01-16 15:26:16,193:INFO: - Train metrics: dsc: 0.944 ; iou: 0.908 ; accuracy: 0.999 ; precision: 0.949 ; recall: 0.955 ; loss: 0.059
2019-01-16 15:26:17,283:INFO: - Eval metrics : dsc: 0.924 ; iou: 0.877 ; accuracy: 0.998 ; precision: 0.911 ; recall: 0.952 ; loss: 0.079
2019-01-16 15:26:17,308:INFO: Epoch 29/45
2019-01-16 15:26:27,322:INFO: - Train metrics: dsc: 0.944 ; iou: 0.906 ; accuracy: 0.999 ; precision: 0.945 ; recall: 0.955 ; loss: 0.059
2019-01-16 15:26:28,403:INFO: - Eval metrics : dsc: 0.928 ; iou: 0.880 ; accuracy: 0.998 ; precision: 0.915 ; recall: 0.955 ; loss: 0.075
2019-01-16 15:26:28,427:INFO: - Found new best DSC
2019-01-16 15:26:28,427:INFO: Epoch 30/45
2019-01-16 15:26:38,430:INFO: - Train metrics: dsc: 0.937 ; iou: 0.895 ; accuracy: 0.998 ; precision: 0.941 ; recall: 0.947 ; loss: 0.065
2019-01-16 15:26:39,540:INFO: - Eval metrics : dsc: 0.921 ; iou: 0.872 ; accuracy: 0.998 ; precision: 0.932 ; recall: 0.930 ; loss: 0.081
2019-01-16 15:26:39,561:INFO: Epoch 31/45
2019-01-16 15:26:49,770:INFO: - Train metrics: dsc: 0.945 ; iou: 0.907 ; accuracy: 0.999 ; precision: 0.948 ; recall: 0.954 ; loss: 0.057
2019-01-16 15:26:50,895:INFO: - Eval metrics : dsc: 0.921 ; iou: 0.873 ; accuracy: 0.998 ; precision: 0.916 ; recall: 0.947 ; loss: 0.081
2019-01-16 15:26:50,925:INFO: Epoch 32/45
2019-01-16 15:27:01,005:INFO: - Train metrics: dsc: 0.942 ; iou: 0.903 ; accuracy: 0.999 ; precision: 0.946 ; recall: 0.952 ; loss: 0.060
2019-01-16 15:27:02,140:INFO: - Eval metrics : dsc: 0.896 ; iou: 0.832 ; accuracy: 0.997 ; precision: 0.857 ; recall: 0.964 ; loss: 0.106
2019-01-16 15:27:02,156:INFO: Epoch 33/45
2019-01-16 15:27:12,276:INFO: - Train metrics: dsc: 0.939 ; iou: 0.896 ; accuracy: 0.998 ; precision: 0.938 ; recall: 0.950 ; loss: 0.063
2019-01-16 15:27:13,405:INFO: - Eval metrics : dsc: 0.927 ; iou: 0.880 ; accuracy: 0.998 ; precision: 0.921 ; recall: 0.948 ; loss: 0.075
2019-01-16 15:27:13,422:INFO: Epoch 34/45
2019-01-16 15:27:23,639:INFO: - Train metrics: dsc: 0.944 ; iou: 0.905 ; accuracy: 0.999 ; precision: 0.944 ; recall: 0.955 ; loss: 0.058
2019-01-16 15:27:24,684:INFO: - Eval metrics : dsc: 0.921 ; iou: 0.872 ; accuracy: 0.998 ; precision: 0.903 ; recall: 0.958 ; loss: 0.080
2019-01-16 15:27:24,708:INFO: Epoch 35/45
2019-01-16 15:27:34,799:INFO: - Train metrics: dsc: 0.946 ; iou: 0.909 ; accuracy: 0.999 ; precision: 0.949 ; recall: 0.956 ; loss: 0.055
2019-01-16 15:27:35,862:INFO: - Eval metrics : dsc: 0.924 ; iou: 0.876 ; accuracy: 0.998 ; precision: 0.927 ; recall: 0.943 ; loss: 0.077
2019-01-16 15:27:35,885:INFO: Epoch 36/45
2019-01-16 15:27:45,979:INFO: - Train metrics: dsc: 0.947 ; iou: 0.912 ; accuracy: 0.999 ; precision: 0.950 ; recall: 0.956 ; loss: 0.054
2019-01-16 15:27:47,073:INFO: - Eval metrics : dsc: 0.930 ; iou: 0.884 ; accuracy: 0.998 ; precision: 0.926 ; recall: 0.946 ; loss: 0.071
2019-01-16 15:27:47,089:INFO: - Found new best DSC
2019-01-16 15:27:47,090:INFO: Epoch 37/45
2019-01-16 15:27:57,423:INFO: - Train metrics: dsc: 0.949 ; iou: 0.914 ; accuracy: 0.999 ; precision: 0.950 ; recall: 0.958 ; loss: 0.052
2019-01-16 15:27:58,585:INFO: - Eval metrics : dsc: 0.927 ; iou: 0.881 ; accuracy: 0.998 ; precision: 0.915 ; recall: 0.951 ; loss: 0.073
2019-01-16 15:27:58,629:INFO: Epoch 38/45
2019-01-16 15:28:08,732:INFO: - Train metrics: dsc: 0.950 ; iou: 0.915 ; accuracy: 0.999 ; precision: 0.952 ; recall: 0.957 ; loss: 0.051
2019-01-16 15:28:09,872:INFO: - Eval metrics : dsc: 0.918 ; iou: 0.868 ; accuracy: 0.998 ; precision: 0.904 ; recall: 0.946 ; loss: 0.083
2019-01-16 15:28:09,892:INFO: Epoch 39/45
2019-01-16 15:28:19,908:INFO: - Train metrics: dsc: 0.948 ; iou: 0.911 ; accuracy: 0.999 ; precision: 0.951 ; recall: 0.957 ; loss: 0.053
2019-01-16 15:28:21,000:INFO: - Eval metrics : dsc: 0.928 ; iou: 0.881 ; accuracy: 0.998 ; precision: 0.919 ; recall: 0.953 ; loss: 0.073
2019-01-16 15:28:21,023:INFO: Epoch 40/45
2019-01-16 15:28:31,278:INFO: - Train metrics: dsc: 0.951 ; iou: 0.916 ; accuracy: 0.999 ; precision: 0.953 ; recall: 0.960 ; loss: 0.050
2019-01-16 15:28:32,378:INFO: - Eval metrics : dsc: 0.922 ; iou: 0.875 ; accuracy: 0.998 ; precision: 0.913 ; recall: 0.953 ; loss: 0.078
2019-01-16 15:28:32,395:INFO: Epoch 41/45
2019-01-16 15:28:42,456:INFO: - Train metrics: dsc: 0.950 ; iou: 0.916 ; accuracy: 0.999 ; precision: 0.955 ; recall: 0.958 ; loss: 0.051
2019-01-16 15:28:43,573:INFO: - Eval metrics : dsc: 0.925 ; iou: 0.878 ; accuracy: 0.998 ; precision: 0.935 ; recall: 0.933 ; loss: 0.076
2019-01-16 15:28:43,604:INFO: Epoch 42/45
2019-01-16 15:28:53,689:INFO: - Train metrics: dsc: 0.952 ; iou: 0.918 ; accuracy: 0.999 ; precision: 0.953 ; recall: 0.960 ; loss: 0.049
2019-01-16 15:28:54,868:INFO: - Eval metrics : dsc: 0.925 ; iou: 0.879 ; accuracy: 0.998 ; precision: 0.926 ; recall: 0.942 ; loss: 0.076
2019-01-16 15:28:54,894:INFO: Epoch 43/45
2019-01-16 15:29:05,051:INFO: - Train metrics: dsc: 0.952 ; iou: 0.919 ; accuracy: 0.999 ; precision: 0.954 ; recall: 0.960 ; loss: 0.049
2019-01-16 15:29:06,159:INFO: - Eval metrics : dsc: 0.925 ; iou: 0.881 ; accuracy: 0.998 ; precision: 0.925 ; recall: 0.945 ; loss: 0.075
2019-01-16 15:29:06,180:INFO: Epoch 44/45
2019-01-16 15:29:16,327:INFO: - Train metrics: dsc: 0.953 ; iou: 0.922 ; accuracy: 0.999 ; precision: 0.957 ; recall: 0.961 ; loss: 0.048
2019-01-16 15:29:17,435:INFO: - Eval metrics : dsc: 0.928 ; iou: 0.884 ; accuracy: 0.998 ; precision: 0.940 ; recall: 0.938 ; loss: 0.073
2019-01-16 15:29:17,451:INFO: Epoch 45/45
2019-01-16 15:29:27,481:INFO: - Train metrics: dsc: 0.954 ; iou: 0.924 ; accuracy: 0.999 ; precision: 0.958 ; recall: 0.962 ; loss: 0.046
2019-01-16 15:29:28,605:INFO: - Eval metrics : dsc: 0.928 ; iou: 0.883 ; accuracy: 0.998 ; precision: 0.929 ; recall: 0.948 ; loss: 0.073
2019-01-16 15:29:28,669:INFO: Loading the datasets...
2019-01-16 15:29:32,869:INFO: - done.
2019-01-16 15:29:32,870:INFO: For k-fold 5/5:
2019-01-16 15:29:32,870:INFO: Starting training for 45 epoch(s)
2019-01-16 15:29:32,870:INFO: Epoch 1/45
2019-01-16 15:29:43,001:INFO: - Train metrics: dsc: 0.381 ; iou: 0.268 ; accuracy: 0.908 ; precision: 0.270 ; recall: 0.884 ; loss: 0.916
2019-01-16 15:29:44,111:INFO: - Eval metrics : dsc: 0.741 ; iou: 0.624 ; accuracy: 0.992 ; precision: 0.657 ; recall: 0.923 ; loss: 0.898
2019-01-16 15:29:44,135:INFO: - Found new best DSC
2019-01-16 15:29:44,135:INFO: Epoch 2/45
2019-01-16 15:29:54,208:INFO: - Train metrics: dsc: 0.720 ; iou: 0.588 ; accuracy: 0.988 ; precision: 0.593 ; recall: 0.968 ; loss: 0.879
2019-01-16 15:29:55,362:INFO: - Eval metrics : dsc: 0.776 ; iou: 0.670 ; accuracy: 0.993 ; precision: 0.708 ; recall: 0.923 ; loss: 0.866
2019-01-16 15:29:55,390:INFO: - Found new best DSC
2019-01-16 15:29:55,391:INFO: Epoch 3/45
2019-01-16 15:30:05,564:INFO: - Train metrics: dsc: 0.779 ; iou: 0.667 ; accuracy: 0.992 ; precision: 0.678 ; recall: 0.964 ; loss: 0.835
2019-01-16 15:30:06,666:INFO: - Eval metrics : dsc: 0.624 ; iou: 0.488 ; accuracy: 0.981 ; precision: 0.490 ; recall: 0.941 ; loss: 0.806
2019-01-16 15:30:06,688:INFO: Epoch 4/45
2019-01-16 15:30:16,690:INFO: - Train metrics: dsc: 0.801 ; iou: 0.703 ; accuracy: 0.993 ; precision: 0.720 ; recall: 0.949 ; loss: 0.741
2019-01-16 15:30:17,828:INFO: - Eval metrics : dsc: 0.800 ; iou: 0.705 ; accuracy: 0.994 ; precision: 0.726 ; recall: 0.944 ; loss: 0.623
2019-01-16 15:30:17,856:INFO: - Found new best DSC
2019-01-16 15:30:17,856:INFO: Epoch 5/45
2019-01-16 15:30:28,012:INFO: - Train metrics: dsc: 0.840 ; iou: 0.760 ; accuracy: 0.995 ; precision: 0.783 ; recall: 0.945 ; loss: 0.619
2019-01-16 15:30:29,116:INFO: - Eval metrics : dsc: 0.852 ; iou: 0.793 ; accuracy: 0.997 ; precision: 0.862 ; recall: 0.891 ; loss: 0.450
2019-01-16 15:30:29,143:INFO: - Found new best DSC
2019-01-16 15:30:29,143:INFO: Epoch 6/45
2019-01-16 15:30:39,232:INFO: - Train metrics: dsc: 0.868 ; iou: 0.803 ; accuracy: 0.997 ; precision: 0.846 ; recall: 0.935 ; loss: 0.483
2019-01-16 15:30:40,339:INFO: - Eval metrics : dsc: 0.858 ; iou: 0.800 ; accuracy: 0.997 ; precision: 0.872 ; recall: 0.897 ; loss: 0.396
2019-01-16 15:30:40,363:INFO: - Found new best DSC
2019-01-16 15:30:40,363:INFO: Epoch 7/45
2019-01-16 15:30:50,693:INFO: - Train metrics: dsc: 0.896 ; iou: 0.838 ; accuracy: 0.998 ; precision: 0.891 ; recall: 0.938 ; loss: 0.336
2019-01-16 15:30:51,830:INFO: - Eval metrics : dsc: 0.869 ; iou: 0.820 ; accuracy: 0.998 ; precision: 0.934 ; recall: 0.858 ; loss: 0.296
2019-01-16 15:30:51,853:INFO: - Found new best DSC
2019-01-16 15:30:51,853:INFO: Epoch 8/45
2019-01-16 15:31:01,925:INFO: - Train metrics: dsc: 0.907 ; iou: 0.855 ; accuracy: 0.998 ; precision: 0.908 ; recall: 0.935 ; loss: 0.219
2019-01-16 15:31:03,097:INFO: - Eval metrics : dsc: 0.875 ; iou: 0.825 ; accuracy: 0.998 ; precision: 0.891 ; recall: 0.910 ; loss: 0.203
2019-01-16 15:31:03,124:INFO: - Found new best DSC
2019-01-16 15:31:03,125:INFO: Epoch 9/45
2019-01-16 15:31:13,167:INFO: - Train metrics: dsc: 0.902 ; iou: 0.847 ; accuracy: 0.998 ; precision: 0.905 ; recall: 0.927 ; loss: 0.171
2019-01-16 15:31:14,227:INFO: - Eval metrics : dsc: 0.882 ; iou: 0.835 ; accuracy: 0.998 ; precision: 0.920 ; recall: 0.883 ; loss: 0.176
2019-01-16 15:31:14,251:INFO: - Found new best DSC
2019-01-16 15:31:14,251:INFO: Epoch 10/45
2019-01-16 15:31:24,265:INFO: - Train metrics: dsc: 0.920 ; iou: 0.872 ; accuracy: 0.998 ; precision: 0.927 ; recall: 0.937 ; loss: 0.131
2019-01-16 15:31:25,349:INFO: - Eval metrics : dsc: 0.894 ; iou: 0.847 ; accuracy: 0.998 ; precision: 0.920 ; recall: 0.897 ; loss: 0.148
2019-01-16 15:31:25,368:INFO: - Found new best DSC
2019-01-16 15:31:25,368:INFO: Epoch 11/45
2019-01-16 15:31:35,519:INFO: - Train metrics: dsc: 0.922 ; iou: 0.873 ; accuracy: 0.998 ; precision: 0.928 ; recall: 0.935 ; loss: 0.116
2019-01-16 15:31:36,606:INFO: - Eval metrics : dsc: 0.890 ; iou: 0.846 ; accuracy: 0.998 ; precision: 0.900 ; recall: 0.910 ; loss: 0.138
2019-01-16 15:31:36,622:INFO: Epoch 12/45
2019-01-16 15:31:46,754:INFO: - Train metrics: dsc: 0.925 ; iou: 0.878 ; accuracy: 0.998 ; precision: 0.927 ; recall: 0.941 ; loss: 0.103
2019-01-16 15:31:47,840:INFO: - Eval metrics : dsc: 0.901 ; iou: 0.853 ; accuracy: 0.998 ; precision: 0.921 ; recall: 0.909 ; loss: 0.122
2019-01-16 15:31:47,859:INFO: - Found new best DSC
2019-01-16 15:31:47,859:INFO: Epoch 13/45
2019-01-16 15:31:57,902:INFO: - Train metrics: dsc: 0.924 ; iou: 0.874 ; accuracy: 0.998 ; precision: 0.927 ; recall: 0.939 ; loss: 0.099
2019-01-16 15:31:59,032:INFO: - Eval metrics : dsc: 0.896 ; iou: 0.851 ; accuracy: 0.998 ; precision: 0.922 ; recall: 0.905 ; loss: 0.121
2019-01-16 15:31:59,054:INFO: Epoch 14/45
2019-01-16 15:32:09,098:INFO: - Train metrics: dsc: 0.927 ; iou: 0.881 ; accuracy: 0.998 ; precision: 0.935 ; recall: 0.939 ; loss: 0.091
2019-01-16 15:32:10,183:INFO: - Eval metrics : dsc: 0.895 ; iou: 0.855 ; accuracy: 0.998 ; precision: 0.938 ; recall: 0.895 ; loss: 0.118
2019-01-16 15:32:10,215:INFO: Epoch 15/45
2019-01-16 15:32:20,345:INFO: - Train metrics: dsc: 0.928 ; iou: 0.883 ; accuracy: 0.998 ; precision: 0.936 ; recall: 0.941 ; loss: 0.086
2019-01-16 15:32:21,445:INFO: - Eval metrics : dsc: 0.891 ; iou: 0.843 ; accuracy: 0.998 ; precision: 0.896 ; recall: 0.924 ; loss: 0.120
2019-01-16 15:32:21,467:INFO: Epoch 16/45
2019-01-16 15:32:31,669:INFO: - Train metrics: dsc: 0.930 ; iou: 0.884 ; accuracy: 0.998 ; precision: 0.935 ; recall: 0.943 ; loss: 0.082
2019-01-16 15:32:32,757:INFO: - Eval metrics : dsc: 0.904 ; iou: 0.859 ; accuracy: 0.998 ; precision: 0.929 ; recall: 0.909 ; loss: 0.107
2019-01-16 15:32:32,782:INFO: - Found new best DSC
2019-01-16 15:32:32,782:INFO: Epoch 17/45
2019-01-16 15:32:42,939:INFO: - Train metrics: dsc: 0.930 ; iou: 0.884 ; accuracy: 0.998 ; precision: 0.935 ; recall: 0.943 ; loss: 0.080
2019-01-16 15:32:44,067:INFO: - Eval metrics : dsc: 0.902 ; iou: 0.848 ; accuracy: 0.998 ; precision: 0.934 ; recall: 0.897 ; loss: 0.109
2019-01-16 15:32:44,090:INFO: Epoch 18/45
2019-01-16 15:32:54,191:INFO: - Train metrics: dsc: 0.928 ; iou: 0.879 ; accuracy: 0.998 ; precision: 0.928 ; recall: 0.943 ; loss: 0.082
2019-01-16 15:32:55,299:INFO: - Eval metrics : dsc: 0.910 ; iou: 0.864 ; accuracy: 0.998 ; precision: 0.954 ; recall: 0.895 ; loss: 0.100
2019-01-16 15:32:55,323:INFO: - Found new best DSC
2019-01-16 15:32:55,324:INFO: Epoch 19/45
2019-01-16 15:33:05,569:INFO: - Train metrics: dsc: 0.936 ; iou: 0.891 ; accuracy: 0.998 ; precision: 0.938 ; recall: 0.947 ; loss: 0.072
2019-01-16 15:33:06,638:INFO: - Eval metrics : dsc: 0.913 ; iou: 0.872 ; accuracy: 0.998 ; precision: 0.936 ; recall: 0.919 ; loss: 0.094
2019-01-16 15:33:06,657:INFO: - Found new best DSC
2019-01-16 15:33:06,657:INFO: Epoch 20/45
2019-01-16 15:33:16,670:INFO: - Train metrics: dsc: 0.939 ; iou: 0.896 ; accuracy: 0.998 ; precision: 0.943 ; recall: 0.948 ; loss: 0.068
2019-01-16 15:33:17,768:INFO: - Eval metrics : dsc: 0.912 ; iou: 0.868 ; accuracy: 0.998 ; precision: 0.917 ; recall: 0.943 ; loss: 0.093
2019-01-16 15:33:17,790:INFO: Epoch 21/45
2019-01-16 15:33:28,009:INFO: - Train metrics: dsc: 0.942 ; iou: 0.900 ; accuracy: 0.998 ; precision: 0.943 ; recall: 0.952 ; loss: 0.065
2019-01-16 15:33:29,158:INFO: - Eval metrics : dsc: 0.915 ; iou: 0.874 ; accuracy: 0.998 ; precision: 0.953 ; recall: 0.913 ; loss: 0.091
2019-01-16 15:33:29,181:INFO: - Found new best DSC
2019-01-16 15:33:29,181:INFO: Epoch 22/45
2019-01-16 15:33:39,296:INFO: - Train metrics: dsc: 0.943 ; iou: 0.902 ; accuracy: 0.999 ; precision: 0.945 ; recall: 0.952 ; loss: 0.063
2019-01-16 15:33:40,437:INFO: - Eval metrics : dsc: 0.916 ; iou: 0.875 ; accuracy: 0.998 ; precision: 0.952 ; recall: 0.917 ; loss: 0.089
2019-01-16 15:33:40,462:INFO: - Found new best DSC
2019-01-16 15:33:40,462:INFO: Epoch 23/45
2019-01-16 15:33:50,516:INFO: - Train metrics: dsc: 0.944 ; iou: 0.904 ; accuracy: 0.999 ; precision: 0.948 ; recall: 0.952 ; loss: 0.061
2019-01-16 15:33:51,555:INFO: - Eval metrics : dsc: 0.915 ; iou: 0.874 ; accuracy: 0.998 ; precision: 0.936 ; recall: 0.926 ; loss: 0.088
2019-01-16 15:33:51,581:INFO: Epoch 24/45
2019-01-16 15:34:01,803:INFO: - Train metrics: dsc: 0.943 ; iou: 0.904 ; accuracy: 0.999 ; precision: 0.948 ; recall: 0.951 ; loss: 0.061
2019-01-16 15:34:02,960:INFO: - Eval metrics : dsc: 0.918 ; iou: 0.876 ; accuracy: 0.998 ; precision: 0.932 ; recall: 0.927 ; loss: 0.086
2019-01-16 15:34:02,985:INFO: - Found new best DSC
2019-01-16 15:34:02,985:INFO: Epoch 25/45
2019-01-16 15:34:13,039:INFO: - Train metrics: dsc: 0.945 ; iou: 0.906 ; accuracy: 0.999 ; precision: 0.948 ; recall: 0.954 ; loss: 0.059
2019-01-16 15:34:14,085:INFO: - Eval metrics : dsc: 0.915 ; iou: 0.874 ; accuracy: 0.998 ; precision: 0.921 ; recall: 0.940 ; loss: 0.088
2019-01-16 15:34:14,101:INFO: Epoch 26/45
2019-01-16 15:34:24,265:INFO: - Train metrics: dsc: 0.930 ; iou: 0.883 ; accuracy: 0.998 ; precision: 0.934 ; recall: 0.943 ; loss: 0.073
2019-01-16 15:34:25,348:INFO: - Eval metrics : dsc: 0.894 ; iou: 0.846 ; accuracy: 0.998 ; precision: 0.888 ; recall: 0.923 ; loss: 0.108
2019-01-16 15:34:25,368:INFO: Epoch 27/45
2019-01-16 15:34:35,430:INFO: - Train metrics: dsc: 0.934 ; iou: 0.889 ; accuracy: 0.998 ; precision: 0.937 ; recall: 0.945 ; loss: 0.069
2019-01-16 15:34:36,480:INFO: - Eval metrics : dsc: 0.912 ; iou: 0.868 ; accuracy: 0.998 ; precision: 0.924 ; recall: 0.925 ; loss: 0.091
2019-01-16 15:34:36,501:INFO: Epoch 28/45
2019-01-16 15:34:46,638:INFO: - Train metrics: dsc: 0.942 ; iou: 0.902 ; accuracy: 0.998 ; precision: 0.944 ; recall: 0.952 ; loss: 0.060
2019-01-16 15:34:47,747:INFO: - Eval metrics : dsc: 0.914 ; iou: 0.872 ; accuracy: 0.998 ; precision: 0.921 ; recall: 0.926 ; loss: 0.089
2019-01-16 15:34:47,771:INFO: Epoch 29/45
2019-01-16 15:34:57,864:INFO: - Train metrics: dsc: 0.945 ; iou: 0.906 ; accuracy: 0.999 ; precision: 0.948 ; recall: 0.954 ; loss: 0.058
2019-01-16 15:34:59,008:INFO: - Eval metrics : dsc: 0.917 ; iou: 0.876 ; accuracy: 0.998 ; precision: 0.929 ; recall: 0.921 ; loss: 0.085
2019-01-16 15:34:59,032:INFO: Epoch 30/45
2019-01-16 15:35:09,154:INFO: - Train metrics: dsc: 0.946 ; iou: 0.908 ; accuracy: 0.999 ; precision: 0.948 ; recall: 0.955 ; loss: 0.056
2019-01-16 15:35:10,244:INFO: - Eval metrics : dsc: 0.915 ; iou: 0.872 ; accuracy: 0.998 ; precision: 0.913 ; recall: 0.940 ; loss: 0.087
2019-01-16 15:35:10,268:INFO: Epoch 31/45
2019-01-16 15:35:20,341:INFO: - Train metrics: dsc: 0.946 ; iou: 0.909 ; accuracy: 0.999 ; precision: 0.951 ; recall: 0.954 ; loss: 0.055
2019-01-16 15:35:21,482:INFO: - Eval metrics : dsc: 0.921 ; iou: 0.879 ; accuracy: 0.998 ; precision: 0.917 ; recall: 0.938 ; loss: 0.081
2019-01-16 15:35:21,513:INFO: - Found new best DSC
2019-01-16 15:35:21,513:INFO: Epoch 32/45
2019-01-16 15:35:31,652:INFO: - Train metrics: dsc: 0.945 ; iou: 0.906 ; accuracy: 0.999 ; precision: 0.946 ; recall: 0.953 ; loss: 0.057
2019-01-16 15:35:32,793:INFO: - Eval metrics : dsc: 0.912 ; iou: 0.871 ; accuracy: 0.998 ; precision: 0.936 ; recall: 0.918 ; loss: 0.090
2019-01-16 15:35:32,812:INFO: Epoch 33/45
2019-01-16 15:35:42,898:INFO: - Train metrics: dsc: 0.946 ; iou: 0.907 ; accuracy: 0.999 ; precision: 0.950 ; recall: 0.954 ; loss: 0.056
2019-01-16 15:35:44,007:INFO: - Eval metrics : dsc: 0.919 ; iou: 0.879 ; accuracy: 0.998 ; precision: 0.930 ; recall: 0.927 ; loss: 0.082
2019-01-16 15:35:44,022:INFO: Epoch 34/45
2019-01-16 15:35:54,239:INFO: - Train metrics: dsc: 0.948 ; iou: 0.911 ; accuracy: 0.999 ; precision: 0.950 ; recall: 0.957 ; loss: 0.053
2019-01-16 15:35:55,320:INFO: - Eval metrics : dsc: 0.917 ; iou: 0.875 ; accuracy: 0.998 ; precision: 0.937 ; recall: 0.918 ; loss: 0.084
2019-01-16 15:35:55,347:INFO: Epoch 35/45
2019-01-16 15:36:05,443:INFO: - Train metrics: dsc: 0.943 ; iou: 0.904 ; accuracy: 0.999 ; precision: 0.946 ; recall: 0.952 ; loss: 0.058
2019-01-16 15:36:06,593:INFO: - Eval metrics : dsc: 0.905 ; iou: 0.862 ; accuracy: 0.998 ; precision: 0.950 ; recall: 0.893 ; loss: 0.095
2019-01-16 15:36:06,614:INFO: Epoch 36/45
2019-01-16 15:36:16,921:INFO: - Train metrics: dsc: 0.947 ; iou: 0.909 ; accuracy: 0.999 ; precision: 0.950 ; recall: 0.956 ; loss: 0.054
2019-01-16 15:36:18,043:INFO: - Eval metrics : dsc: 0.914 ; iou: 0.875 ; accuracy: 0.998 ; precision: 0.935 ; recall: 0.917 ; loss: 0.086
2019-01-16 15:36:18,066:INFO: Epoch 37/45
2019-01-16 15:36:28,138:INFO: - Train metrics: dsc: 0.934 ; iou: 0.891 ; accuracy: 0.998 ; precision: 0.945 ; recall: 0.941 ; loss: 0.067
2019-01-16 15:36:29,244:INFO: - Eval metrics : dsc: 0.912 ; iou: 0.869 ; accuracy: 0.998 ; precision: 0.948 ; recall: 0.912 ; loss: 0.089
2019-01-16 15:36:29,267:INFO: Epoch 38/45
2019-01-16 15:36:39,337:INFO: - Train metrics: dsc: 0.944 ; iou: 0.906 ; accuracy: 0.999 ; precision: 0.953 ; recall: 0.949 ; loss: 0.056
2019-01-16 15:36:40,472:INFO: - Eval metrics : dsc: 0.925 ; iou: 0.884 ; accuracy: 0.999 ; precision: 0.947 ; recall: 0.923 ; loss: 0.076
2019-01-16 15:36:40,495:INFO: - Found new best DSC
2019-01-16 15:36:40,496:INFO: Epoch 39/45
2019-01-16 15:36:50,640:INFO: - Train metrics: dsc: 0.947 ; iou: 0.910 ; accuracy: 0.999 ; precision: 0.954 ; recall: 0.951 ; loss: 0.054
2019-01-16 15:36:51,777:INFO: - Eval metrics : dsc: 0.924 ; iou: 0.882 ; accuracy: 0.998 ; precision: 0.921 ; recall: 0.944 ; loss: 0.077
2019-01-16 15:36:51,795:INFO: Epoch 40/45
2019-01-16 15:37:02,057:INFO: - Train metrics: dsc: 0.946 ; iou: 0.909 ; accuracy: 0.999 ; precision: 0.952 ; recall: 0.953 ; loss: 0.054
2019-01-16 15:37:03,224:INFO: - Eval metrics : dsc: 0.914 ; iou: 0.871 ; accuracy: 0.998 ; precision: 0.904 ; recall: 0.941 ; loss: 0.086
2019-01-16 15:37:03,244:INFO: Epoch 41/45
2019-01-16 15:37:13,355:INFO: - Train metrics: dsc: 0.942 ; iou: 0.901 ; accuracy: 0.999 ; precision: 0.947 ; recall: 0.950 ; loss: 0.059
2019-01-16 15:37:14,505:INFO: - Eval metrics : dsc: 0.911 ; iou: 0.867 ; accuracy: 0.998 ; precision: 0.925 ; recall: 0.916 ; loss: 0.089
2019-01-16 15:37:14,519:INFO: Epoch 42/45
2019-01-16 15:37:24,520:INFO: - Train metrics: dsc: 0.948 ; iou: 0.911 ; accuracy: 0.999 ; precision: 0.951 ; recall: 0.954 ; loss: 0.052
2019-01-16 15:37:25,650:INFO: - Eval metrics : dsc: 0.923 ; iou: 0.883 ; accuracy: 0.998 ; precision: 0.923 ; recall: 0.938 ; loss: 0.077
2019-01-16 15:37:25,676:INFO: Epoch 43/45
2019-01-16 15:37:35,808:INFO: - Train metrics: dsc: 0.950 ; iou: 0.914 ; accuracy: 0.999 ; precision: 0.955 ; recall: 0.956 ; loss: 0.050
2019-01-16 15:37:36,973:INFO: - Eval metrics : dsc: 0.925 ; iou: 0.885 ; accuracy: 0.999 ; precision: 0.929 ; recall: 0.935 ; loss: 0.076
2019-01-16 15:37:36,995:INFO: Epoch 44/45
2019-01-16 15:37:47,120:INFO: - Train metrics: dsc: 0.951 ; iou: 0.917 ; accuracy: 0.999 ; precision: 0.955 ; recall: 0.957 ; loss: 0.049
2019-01-16 15:37:48,261:INFO: - Eval metrics : dsc: 0.916 ; iou: 0.875 ; accuracy: 0.998 ; precision: 0.929 ; recall: 0.919 ; loss: 0.084
2019-01-16 15:37:48,294:INFO: Epoch 45/45
2019-01-16 15:37:58,406:INFO: - Train metrics: dsc: 0.949 ; iou: 0.914 ; accuracy: 0.999 ; precision: 0.955 ; recall: 0.956 ; loss: 0.051
2019-01-16 15:37:59,549:INFO: - Eval metrics : dsc: 0.921 ; iou: 0.880 ; accuracy: 0.998 ; precision: 0.931 ; recall: 0.926 ; loss: 0.079
