2019-01-11 13:09:19,721:INFO: Loading the datasets...
2019-01-11 13:09:24,107:INFO: - done.
2019-01-11 13:09:24,107:INFO: For k-fold 1/5:
2019-01-11 13:09:24,107:INFO: Starting training for 45 epoch(s)
2019-01-11 13:09:24,108:INFO: Epoch 1/45
2019-01-11 13:09:34,441:INFO: - Train metrics: dsc: 0.260 ; iou: 0.170 ; accuracy: 0.917 ; precision: 0.171 ; recall: 0.925 ; loss: 0.959
2019-01-11 13:09:35,486:INFO: - Eval metrics : dsc: 0.552 ; iou: 0.411 ; accuracy: 0.990 ; precision: 0.416 ; recall: 0.949 ; loss: 0.949
2019-01-11 13:09:35,519:INFO: - Found new best DSC
2019-01-11 13:09:35,519:INFO: Epoch 2/45
2019-01-11 13:09:45,387:INFO: - Train metrics: dsc: 0.602 ; iou: 0.463 ; accuracy: 0.991 ; precision: 0.468 ; recall: 0.975 ; loss: 0.940
2019-01-11 13:09:46,477:INFO: - Eval metrics : dsc: 0.707 ; iou: 0.590 ; accuracy: 0.996 ; precision: 0.635 ; recall: 0.933 ; loss: 0.932
2019-01-11 13:09:46,507:INFO: - Found new best DSC
2019-01-11 13:09:46,507:INFO: Epoch 3/45
2019-01-11 13:09:56,469:INFO: - Train metrics: dsc: 0.659 ; iou: 0.530 ; accuracy: 0.993 ; precision: 0.534 ; recall: 0.978 ; loss: 0.914
2019-01-11 13:09:57,519:INFO: - Eval metrics : dsc: 0.681 ; iou: 0.570 ; accuracy: 0.996 ; precision: 0.632 ; recall: 0.899 ; loss: 0.892
2019-01-11 13:09:57,541:INFO: Epoch 4/45
2019-01-11 13:10:07,443:INFO: - Train metrics: dsc: 0.673 ; iou: 0.554 ; accuracy: 0.993 ; precision: 0.565 ; recall: 0.955 ; loss: 0.856
2019-01-11 13:10:08,486:INFO: - Eval metrics : dsc: 0.611 ; iou: 0.503 ; accuracy: 0.989 ; precision: 0.526 ; recall: 0.912 ; loss: 0.817
2019-01-11 13:10:08,512:INFO: Epoch 5/45
2019-01-11 13:10:18,485:INFO: - Train metrics: dsc: 0.697 ; iou: 0.594 ; accuracy: 0.993 ; precision: 0.617 ; recall: 0.946 ; loss: 0.740
2019-01-11 13:10:19,598:INFO: - Eval metrics : dsc: 0.704 ; iou: 0.628 ; accuracy: 0.998 ; precision: 0.895 ; recall: 0.702 ; loss: 0.527
2019-01-11 13:10:19,619:INFO: Epoch 6/45
2019-01-11 13:10:29,531:INFO: - Train metrics: dsc: 0.804 ; iou: 0.716 ; accuracy: 0.997 ; precision: 0.752 ; recall: 0.940 ; loss: 0.614
2019-01-11 13:10:30,568:INFO: - Eval metrics : dsc: 0.764 ; iou: 0.669 ; accuracy: 0.997 ; precision: 0.687 ; recall: 0.962 ; loss: 0.594
2019-01-11 13:10:30,599:INFO: - Found new best DSC
2019-01-11 13:10:30,599:INFO: Epoch 7/45
2019-01-11 13:10:40,559:INFO: - Train metrics: dsc: 0.856 ; iou: 0.785 ; accuracy: 0.999 ; precision: 0.831 ; recall: 0.936 ; loss: 0.422
2019-01-11 13:10:41,687:INFO: - Eval metrics : dsc: 0.842 ; iou: 0.773 ; accuracy: 0.999 ; precision: 0.821 ; recall: 0.936 ; loss: 0.374
2019-01-11 13:10:41,731:INFO: - Found new best DSC
2019-01-11 13:10:41,731:INFO: Epoch 8/45
2019-01-11 13:10:51,666:INFO: - Train metrics: dsc: 0.871 ; iou: 0.804 ; accuracy: 0.999 ; precision: 0.861 ; recall: 0.928 ; loss: 0.285
2019-01-11 13:10:52,741:INFO: - Eval metrics : dsc: 0.842 ; iou: 0.772 ; accuracy: 0.999 ; precision: 0.836 ; recall: 0.928 ; loss: 0.269
2019-01-11 13:10:52,789:INFO: Epoch 9/45
2019-01-11 13:11:02,749:INFO: - Train metrics: dsc: 0.884 ; iou: 0.820 ; accuracy: 0.999 ; precision: 0.875 ; recall: 0.930 ; loss: 0.215
2019-01-11 13:11:03,868:INFO: - Eval metrics : dsc: 0.851 ; iou: 0.784 ; accuracy: 0.999 ; precision: 0.915 ; recall: 0.859 ; loss: 0.226
2019-01-11 13:11:03,893:INFO: - Found new best DSC
2019-01-11 13:11:03,894:INFO: Epoch 10/45
2019-01-11 13:11:13,868:INFO: - Train metrics: dsc: 0.889 ; iou: 0.827 ; accuracy: 0.999 ; precision: 0.886 ; recall: 0.929 ; loss: 0.179
2019-01-11 13:11:14,955:INFO: - Eval metrics : dsc: 0.873 ; iou: 0.808 ; accuracy: 0.999 ; precision: 0.851 ; recall: 0.936 ; loss: 0.185
2019-01-11 13:11:14,985:INFO: - Found new best DSC
2019-01-11 13:11:14,985:INFO: Epoch 11/45
2019-01-11 13:11:24,886:INFO: - Train metrics: dsc: 0.897 ; iou: 0.838 ; accuracy: 0.999 ; precision: 0.897 ; recall: 0.931 ; loss: 0.156
2019-01-11 13:11:25,947:INFO: - Eval metrics : dsc: 0.869 ; iou: 0.808 ; accuracy: 0.999 ; precision: 0.841 ; recall: 0.949 ; loss: 0.170
2019-01-11 13:11:25,967:INFO: Epoch 12/45
2019-01-11 13:11:35,965:INFO: - Train metrics: dsc: 0.898 ; iou: 0.840 ; accuracy: 0.999 ; precision: 0.901 ; recall: 0.929 ; loss: 0.145
2019-01-11 13:11:37,022:INFO: - Eval metrics : dsc: 0.851 ; iou: 0.783 ; accuracy: 0.999 ; precision: 0.906 ; recall: 0.866 ; loss: 0.180
2019-01-11 13:11:37,043:INFO: Epoch 13/45
2019-01-11 13:11:47,096:INFO: - Train metrics: dsc: 0.903 ; iou: 0.846 ; accuracy: 0.999 ; precision: 0.904 ; recall: 0.933 ; loss: 0.134
2019-01-11 13:11:48,168:INFO: - Eval metrics : dsc: 0.865 ; iou: 0.803 ; accuracy: 0.999 ; precision: 0.908 ; recall: 0.885 ; loss: 0.168
2019-01-11 13:11:48,195:INFO: Epoch 14/45
2019-01-11 13:11:58,202:INFO: - Train metrics: dsc: 0.902 ; iou: 0.844 ; accuracy: 0.999 ; precision: 0.902 ; recall: 0.933 ; loss: 0.130
2019-01-11 13:11:59,237:INFO: - Eval metrics : dsc: 0.864 ; iou: 0.803 ; accuracy: 0.999 ; precision: 0.866 ; recall: 0.916 ; loss: 0.154
2019-01-11 13:11:59,262:INFO: Epoch 15/45
2019-01-11 13:12:09,348:INFO: - Train metrics: dsc: 0.893 ; iou: 0.833 ; accuracy: 0.999 ; precision: 0.899 ; recall: 0.925 ; loss: 0.131
2019-01-11 13:12:10,482:INFO: - Eval metrics : dsc: 0.878 ; iou: 0.820 ; accuracy: 0.999 ; precision: 0.888 ; recall: 0.923 ; loss: 0.148
2019-01-11 13:12:10,514:INFO: - Found new best DSC
2019-01-11 13:12:10,514:INFO: Epoch 16/45
2019-01-11 13:12:20,546:INFO: - Train metrics: dsc: 0.911 ; iou: 0.857 ; accuracy: 0.999 ; precision: 0.914 ; recall: 0.935 ; loss: 0.117
2019-01-11 13:12:21,618:INFO: - Eval metrics : dsc: 0.868 ; iou: 0.806 ; accuracy: 0.999 ; precision: 0.924 ; recall: 0.872 ; loss: 0.151
2019-01-11 13:12:21,647:INFO: Epoch 17/45
2019-01-11 13:12:31,817:INFO: - Train metrics: dsc: 0.912 ; iou: 0.859 ; accuracy: 0.999 ; precision: 0.918 ; recall: 0.930 ; loss: 0.113
2019-01-11 13:12:32,934:INFO: - Eval metrics : dsc: 0.873 ; iou: 0.819 ; accuracy: 0.999 ; precision: 0.908 ; recall: 0.901 ; loss: 0.146
2019-01-11 13:12:32,953:INFO: Epoch 18/45
2019-01-11 13:12:42,977:INFO: - Train metrics: dsc: 0.912 ; iou: 0.859 ; accuracy: 0.999 ; precision: 0.918 ; recall: 0.932 ; loss: 0.110
2019-01-11 13:12:44,068:INFO: - Eval metrics : dsc: 0.881 ; iou: 0.824 ; accuracy: 0.999 ; precision: 0.917 ; recall: 0.897 ; loss: 0.138
2019-01-11 13:12:44,100:INFO: - Found new best DSC
2019-01-11 13:12:44,100:INFO: Epoch 19/45
2019-01-11 13:12:54,128:INFO: - Train metrics: dsc: 0.911 ; iou: 0.856 ; accuracy: 0.999 ; precision: 0.917 ; recall: 0.930 ; loss: 0.109
2019-01-11 13:12:55,270:INFO: - Eval metrics : dsc: 0.872 ; iou: 0.813 ; accuracy: 0.999 ; precision: 0.861 ; recall: 0.935 ; loss: 0.134
2019-01-11 13:12:55,294:INFO: Epoch 20/45
2019-01-11 13:13:05,361:INFO: - Train metrics: dsc: 0.911 ; iou: 0.857 ; accuracy: 0.999 ; precision: 0.919 ; recall: 0.926 ; loss: 0.107
2019-01-11 13:13:06,447:INFO: - Eval metrics : dsc: 0.878 ; iou: 0.822 ; accuracy: 0.999 ; precision: 0.899 ; recall: 0.912 ; loss: 0.137
2019-01-11 13:13:06,475:INFO: Epoch 21/45
2019-01-11 13:13:16,503:INFO: - Train metrics: dsc: 0.900 ; iou: 0.846 ; accuracy: 0.999 ; precision: 0.916 ; recall: 0.920 ; loss: 0.113
2019-01-11 13:13:17,640:INFO: - Eval metrics : dsc: 0.838 ; iou: 0.769 ; accuracy: 0.999 ; precision: 0.932 ; recall: 0.823 ; loss: 0.174
2019-01-11 13:13:17,670:INFO: Epoch 22/45
2019-01-11 13:13:27,762:INFO: - Train metrics: dsc: 0.901 ; iou: 0.844 ; accuracy: 0.999 ; precision: 0.910 ; recall: 0.922 ; loss: 0.110
2019-01-11 13:13:28,905:INFO: - Eval metrics : dsc: 0.859 ; iou: 0.793 ; accuracy: 0.999 ; precision: 0.857 ; recall: 0.926 ; loss: 0.147
2019-01-11 13:13:28,935:INFO: Epoch 23/45
2019-01-11 13:13:39,028:INFO: - Train metrics: dsc: 0.895 ; iou: 0.833 ; accuracy: 0.999 ; precision: 0.903 ; recall: 0.921 ; loss: 0.114
2019-01-11 13:13:40,125:INFO: - Eval metrics : dsc: 0.874 ; iou: 0.816 ; accuracy: 0.999 ; precision: 0.886 ; recall: 0.907 ; loss: 0.133
2019-01-11 13:13:40,154:INFO: Epoch 24/45
2019-01-11 13:13:50,194:INFO: - Train metrics: dsc: 0.907 ; iou: 0.851 ; accuracy: 0.999 ; precision: 0.910 ; recall: 0.931 ; loss: 0.098
2019-01-11 13:13:51,325:INFO: - Eval metrics : dsc: 0.878 ; iou: 0.821 ; accuracy: 0.999 ; precision: 0.884 ; recall: 0.927 ; loss: 0.121
2019-01-11 13:13:51,351:INFO: Epoch 25/45
2019-01-11 13:14:01,492:INFO: - Train metrics: dsc: 0.901 ; iou: 0.840 ; accuracy: 0.999 ; precision: 0.913 ; recall: 0.917 ; loss: 0.103
2019-01-11 13:14:02,525:INFO: - Eval metrics : dsc: 0.789 ; iou: 0.727 ; accuracy: 0.999 ; precision: 0.951 ; recall: 0.767 ; loss: 0.214
2019-01-11 13:14:02,558:INFO: Epoch 26/45
2019-01-11 13:14:12,637:INFO: - Train metrics: dsc: 0.895 ; iou: 0.835 ; accuracy: 0.999 ; precision: 0.914 ; recall: 0.912 ; loss: 0.102
2019-01-11 13:14:13,753:INFO: - Eval metrics : dsc: 0.880 ; iou: 0.821 ; accuracy: 0.999 ; precision: 0.892 ; recall: 0.914 ; loss: 0.119
2019-01-11 13:14:13,792:INFO: Epoch 27/45
2019-01-11 13:14:23,783:INFO: - Train metrics: dsc: 0.906 ; iou: 0.850 ; accuracy: 0.999 ; precision: 0.920 ; recall: 0.921 ; loss: 0.088
2019-01-11 13:14:24,886:INFO: - Eval metrics : dsc: 0.827 ; iou: 0.747 ; accuracy: 0.998 ; precision: 0.811 ; recall: 0.922 ; loss: 0.162
2019-01-11 13:14:24,914:INFO: Epoch 28/45
2019-01-11 13:14:35,157:INFO: - Train metrics: dsc: 0.874 ; iou: 0.814 ; accuracy: 0.999 ; precision: 0.916 ; recall: 0.889 ; loss: 0.114
2019-01-11 13:14:36,256:INFO: - Eval metrics : dsc: 0.863 ; iou: 0.804 ; accuracy: 0.999 ; precision: 0.923 ; recall: 0.868 ; loss: 0.122
2019-01-11 13:14:36,285:INFO: Epoch 29/45
2019-01-11 13:14:46,260:INFO: - Train metrics: dsc: 0.870 ; iou: 0.803 ; accuracy: 0.999 ; precision: 0.901 ; recall: 0.882 ; loss: 0.116
2019-01-11 13:14:47,365:INFO: - Eval metrics : dsc: 0.808 ; iou: 0.716 ; accuracy: 0.998 ; precision: 0.952 ; recall: 0.753 ; loss: 0.173
2019-01-11 13:14:47,392:INFO: Epoch 30/45
2019-01-11 13:14:57,464:INFO: - Train metrics: dsc: 0.894 ; iou: 0.834 ; accuracy: 0.999 ; precision: 0.921 ; recall: 0.902 ; loss: 0.087
2019-01-11 13:14:58,568:INFO: - Eval metrics : dsc: 0.775 ; iou: 0.710 ; accuracy: 0.998 ; precision: 0.951 ; recall: 0.745 ; loss: 0.305
2019-01-11 13:14:58,595:INFO: Epoch 31/45
2019-01-11 13:15:08,637:INFO: - Train metrics: dsc: 0.838 ; iou: 0.767 ; accuracy: 0.998 ; precision: 0.891 ; recall: 0.856 ; loss: 0.146
2019-01-11 13:15:09,807:INFO: - Eval metrics : dsc: 0.768 ; iou: 0.680 ; accuracy: 0.998 ; precision: 0.958 ; recall: 0.713 ; loss: 0.212
2019-01-11 13:15:09,840:INFO: Epoch 32/45
2019-01-11 13:15:19,857:INFO: - Train metrics: dsc: 0.851 ; iou: 0.780 ; accuracy: 0.999 ; precision: 0.914 ; recall: 0.854 ; loss: 0.129
2019-01-11 13:15:20,979:INFO: - Eval metrics : dsc: 0.834 ; iou: 0.761 ; accuracy: 0.998 ; precision: 0.848 ; recall: 0.902 ; loss: 0.143
2019-01-11 13:15:21,008:INFO: Epoch 33/45
2019-01-11 13:15:31,083:INFO: - Train metrics: dsc: 0.885 ; iou: 0.823 ; accuracy: 0.999 ; precision: 0.911 ; recall: 0.902 ; loss: 0.091
2019-01-11 13:15:32,203:INFO: - Eval metrics : dsc: 0.861 ; iou: 0.801 ; accuracy: 0.999 ; precision: 0.897 ; recall: 0.890 ; loss: 0.116
2019-01-11 13:15:32,231:INFO: Epoch 34/45
2019-01-11 13:15:42,326:INFO: - Train metrics: dsc: 0.900 ; iou: 0.841 ; accuracy: 0.999 ; precision: 0.914 ; recall: 0.917 ; loss: 0.077
2019-01-11 13:15:43,468:INFO: - Eval metrics : dsc: 0.864 ; iou: 0.807 ; accuracy: 0.999 ; precision: 0.912 ; recall: 0.883 ; loss: 0.113
2019-01-11 13:15:43,498:INFO: Epoch 35/45
2019-01-11 13:15:53,539:INFO: - Train metrics: dsc: 0.910 ; iou: 0.854 ; accuracy: 0.999 ; precision: 0.921 ; recall: 0.924 ; loss: 0.065
2019-01-11 13:15:54,652:INFO: - Eval metrics : dsc: 0.876 ; iou: 0.818 ; accuracy: 0.999 ; precision: 0.893 ; recall: 0.908 ; loss: 0.105
2019-01-11 13:15:54,680:INFO: Epoch 36/45
2019-01-11 13:16:04,749:INFO: - Train metrics: dsc: 0.916 ; iou: 0.862 ; accuracy: 0.999 ; precision: 0.923 ; recall: 0.929 ; loss: 0.056
2019-01-11 13:16:05,806:INFO: - Eval metrics : dsc: 0.880 ; iou: 0.823 ; accuracy: 0.999 ; precision: 0.900 ; recall: 0.903 ; loss: 0.101
2019-01-11 13:16:05,835:INFO: Epoch 37/45
2019-01-11 13:16:15,923:INFO: - Train metrics: dsc: 0.917 ; iou: 0.864 ; accuracy: 0.999 ; precision: 0.925 ; recall: 0.929 ; loss: 0.055
2019-01-11 13:16:17,024:INFO: - Eval metrics : dsc: 0.878 ; iou: 0.822 ; accuracy: 0.999 ; precision: 0.887 ; recall: 0.911 ; loss: 0.102
2019-01-11 13:16:17,053:INFO: Epoch 38/45
2019-01-11 13:16:27,059:INFO: - Train metrics: dsc: 0.919 ; iou: 0.866 ; accuracy: 0.999 ; precision: 0.925 ; recall: 0.932 ; loss: 0.054
2019-01-11 13:16:28,115:INFO: - Eval metrics : dsc: 0.878 ; iou: 0.821 ; accuracy: 0.999 ; precision: 0.903 ; recall: 0.899 ; loss: 0.108
2019-01-11 13:16:28,144:INFO: Epoch 39/45
2019-01-11 13:16:38,081:INFO: - Train metrics: dsc: 0.920 ; iou: 0.867 ; accuracy: 0.999 ; precision: 0.927 ; recall: 0.930 ; loss: 0.052
2019-01-11 13:16:39,211:INFO: - Eval metrics : dsc: 0.877 ; iou: 0.819 ; accuracy: 0.999 ; precision: 0.904 ; recall: 0.897 ; loss: 0.104
2019-01-11 13:16:39,239:INFO: Epoch 40/45
2019-01-11 13:16:49,288:INFO: - Train metrics: dsc: 0.920 ; iou: 0.867 ; accuracy: 0.999 ; precision: 0.924 ; recall: 0.934 ; loss: 0.052
2019-01-11 13:16:50,403:INFO: - Eval metrics : dsc: 0.877 ; iou: 0.821 ; accuracy: 0.999 ; precision: 0.878 ; recall: 0.925 ; loss: 0.108
2019-01-11 13:16:50,429:INFO: Epoch 41/45
2019-01-11 13:17:00,531:INFO: - Train metrics: dsc: 0.922 ; iou: 0.870 ; accuracy: 0.999 ; precision: 0.929 ; recall: 0.933 ; loss: 0.050
2019-01-11 13:17:01,602:INFO: - Eval metrics : dsc: 0.882 ; iou: 0.826 ; accuracy: 0.999 ; precision: 0.895 ; recall: 0.917 ; loss: 0.099
2019-01-11 13:17:01,632:INFO: - Found new best DSC
2019-01-11 13:17:01,632:INFO: Epoch 42/45
2019-01-11 13:17:11,763:INFO: - Train metrics: dsc: 0.916 ; iou: 0.863 ; accuracy: 0.999 ; precision: 0.922 ; recall: 0.933 ; loss: 0.057
2019-01-11 13:17:12,855:INFO: - Eval metrics : dsc: 0.862 ; iou: 0.796 ; accuracy: 0.999 ; precision: 0.880 ; recall: 0.891 ; loss: 0.127
2019-01-11 13:17:12,882:INFO: Epoch 43/45
2019-01-11 13:17:22,987:INFO: - Train metrics: dsc: 0.907 ; iou: 0.850 ; accuracy: 0.999 ; precision: 0.925 ; recall: 0.915 ; loss: 0.065
2019-01-11 13:17:24,051:INFO: - Eval metrics : dsc: 0.861 ; iou: 0.795 ; accuracy: 0.999 ; precision: 0.851 ; recall: 0.934 ; loss: 0.121
2019-01-11 13:17:24,071:INFO: Epoch 44/45
2019-01-11 13:17:34,118:INFO: - Train metrics: dsc: 0.910 ; iou: 0.854 ; accuracy: 0.999 ; precision: 0.914 ; recall: 0.930 ; loss: 0.063
2019-01-11 13:17:35,234:INFO: - Eval metrics : dsc: 0.879 ; iou: 0.823 ; accuracy: 0.999 ; precision: 0.902 ; recall: 0.911 ; loss: 0.102
2019-01-11 13:17:35,263:INFO: Epoch 45/45
2019-01-11 13:17:45,421:INFO: - Train metrics: dsc: 0.907 ; iou: 0.851 ; accuracy: 0.999 ; precision: 0.920 ; recall: 0.921 ; loss: 0.068
2019-01-11 13:17:46,489:INFO: - Eval metrics : dsc: 0.876 ; iou: 0.819 ; accuracy: 0.999 ; precision: 0.905 ; recall: 0.900 ; loss: 0.104
2019-01-11 13:17:46,599:INFO: Loading the datasets...
2019-01-11 13:17:52,209:INFO: - done.
2019-01-11 13:17:52,209:INFO: For k-fold 2/5:
2019-01-11 13:17:52,209:INFO: Starting training for 45 epoch(s)
2019-01-11 13:17:52,209:INFO: Epoch 1/45
2019-01-11 13:18:02,235:INFO: - Train metrics: dsc: 0.249 ; iou: 0.161 ; accuracy: 0.915 ; precision: 0.162 ; recall: 0.911 ; loss: 0.960
2019-01-11 13:18:03,349:INFO: - Eval metrics : dsc: 0.362 ; iou: 0.236 ; accuracy: 0.973 ; precision: 0.237 ; recall: 0.961 ; loss: 0.951
2019-01-11 13:18:03,369:INFO: - Found new best DSC
2019-01-11 13:18:03,369:INFO: Epoch 2/45
2019-01-11 13:18:13,385:INFO: - Train metrics: dsc: 0.591 ; iou: 0.452 ; accuracy: 0.991 ; precision: 0.458 ; recall: 0.965 ; loss: 0.940
2019-01-11 13:18:14,490:INFO: - Eval metrics : dsc: 0.715 ; iou: 0.591 ; accuracy: 0.996 ; precision: 0.610 ; recall: 0.945 ; loss: 0.926
2019-01-11 13:18:14,521:INFO: - Found new best DSC
2019-01-11 13:18:14,522:INFO: Epoch 3/45
2019-01-11 13:18:24,691:INFO: - Train metrics: dsc: 0.681 ; iou: 0.551 ; accuracy: 0.995 ; precision: 0.561 ; recall: 0.973 ; loss: 0.915
2019-01-11 13:18:25,786:INFO: - Eval metrics : dsc: 0.703 ; iou: 0.585 ; accuracy: 0.995 ; precision: 0.604 ; recall: 0.949 ; loss: 0.863
2019-01-11 13:18:25,827:INFO: Epoch 4/45
2019-01-11 13:18:36,003:INFO: - Train metrics: dsc: 0.671 ; iou: 0.549 ; accuracy: 0.994 ; precision: 0.568 ; recall: 0.953 ; loss: 0.861
2019-01-11 13:18:37,129:INFO: - Eval metrics : dsc: 0.732 ; iou: 0.616 ; accuracy: 0.996 ; precision: 0.635 ; recall: 0.931 ; loss: 0.776
2019-01-11 13:18:37,161:INFO: - Found new best DSC
2019-01-11 13:18:37,161:INFO: Epoch 5/45
2019-01-11 13:18:47,284:INFO: - Train metrics: dsc: 0.731 ; iou: 0.626 ; accuracy: 0.996 ; precision: 0.650 ; recall: 0.948 ; loss: 0.747
2019-01-11 13:18:48,394:INFO: - Eval metrics : dsc: 0.742 ; iou: 0.636 ; accuracy: 0.996 ; precision: 0.665 ; recall: 0.944 ; loss: 0.649
2019-01-11 13:18:48,424:INFO: - Found new best DSC
2019-01-11 13:18:48,424:INFO: Epoch 6/45
2019-01-11 13:18:58,555:INFO: - Train metrics: dsc: 0.807 ; iou: 0.720 ; accuracy: 0.998 ; precision: 0.754 ; recall: 0.946 ; loss: 0.604
2019-01-11 13:18:59,675:INFO: - Eval metrics : dsc: 0.710 ; iou: 0.601 ; accuracy: 0.994 ; precision: 0.606 ; recall: 0.962 ; loss: 0.611
2019-01-11 13:18:59,709:INFO: Epoch 7/45
2019-01-11 13:19:09,770:INFO: - Train metrics: dsc: 0.845 ; iou: 0.771 ; accuracy: 0.998 ; precision: 0.817 ; recall: 0.938 ; loss: 0.429
2019-01-11 13:19:10,900:INFO: - Eval metrics : dsc: 0.859 ; iou: 0.790 ; accuracy: 0.999 ; precision: 0.834 ; recall: 0.929 ; loss: 0.353
2019-01-11 13:19:10,926:INFO: - Found new best DSC
2019-01-11 13:19:10,927:INFO: Epoch 8/45
2019-01-11 13:19:21,082:INFO: - Train metrics: dsc: 0.867 ; iou: 0.801 ; accuracy: 0.999 ; precision: 0.856 ; recall: 0.931 ; loss: 0.293
2019-01-11 13:19:22,203:INFO: - Eval metrics : dsc: 0.881 ; iou: 0.819 ; accuracy: 0.999 ; precision: 0.882 ; recall: 0.922 ; loss: 0.249
2019-01-11 13:19:22,274:INFO: - Found new best DSC
2019-01-11 13:19:22,274:INFO: Epoch 9/45
2019-01-11 13:19:32,410:INFO: - Train metrics: dsc: 0.861 ; iou: 0.792 ; accuracy: 0.999 ; precision: 0.858 ; recall: 0.918 ; loss: 0.236
2019-01-11 13:19:33,504:INFO: - Eval metrics : dsc: 0.866 ; iou: 0.798 ; accuracy: 0.999 ; precision: 0.922 ; recall: 0.859 ; loss: 0.229
2019-01-11 13:19:33,528:INFO: Epoch 10/45
2019-01-11 13:19:43,584:INFO: - Train metrics: dsc: 0.880 ; iou: 0.816 ; accuracy: 0.999 ; precision: 0.880 ; recall: 0.927 ; loss: 0.189
2019-01-11 13:19:44,705:INFO: - Eval metrics : dsc: 0.850 ; iou: 0.777 ; accuracy: 0.998 ; precision: 0.802 ; recall: 0.965 ; loss: 0.199
2019-01-11 13:19:44,733:INFO: Epoch 11/45
2019-01-11 13:19:54,725:INFO: - Train metrics: dsc: 0.890 ; iou: 0.830 ; accuracy: 0.999 ; precision: 0.885 ; recall: 0.934 ; loss: 0.162
2019-01-11 13:19:55,850:INFO: - Eval metrics : dsc: 0.888 ; iou: 0.829 ; accuracy: 0.999 ; precision: 0.871 ; recall: 0.947 ; loss: 0.167
2019-01-11 13:19:55,880:INFO: - Found new best DSC
2019-01-11 13:19:55,880:INFO: Epoch 12/45
2019-01-11 13:20:05,990:INFO: - Train metrics: dsc: 0.899 ; iou: 0.842 ; accuracy: 0.999 ; precision: 0.898 ; recall: 0.936 ; loss: 0.145
2019-01-11 13:20:07,065:INFO: - Eval metrics : dsc: 0.895 ; iou: 0.837 ; accuracy: 0.999 ; precision: 0.904 ; recall: 0.916 ; loss: 0.160
2019-01-11 13:20:07,097:INFO: - Found new best DSC
2019-01-11 13:20:07,097:INFO: Epoch 13/45
2019-01-11 13:20:17,114:INFO: - Train metrics: dsc: 0.901 ; iou: 0.843 ; accuracy: 0.999 ; precision: 0.902 ; recall: 0.932 ; loss: 0.138
2019-01-11 13:20:18,201:INFO: - Eval metrics : dsc: 0.864 ; iou: 0.796 ; accuracy: 0.999 ; precision: 0.956 ; recall: 0.826 ; loss: 0.180
2019-01-11 13:20:18,229:INFO: Epoch 14/45
2019-01-11 13:20:28,529:INFO: - Train metrics: dsc: 0.901 ; iou: 0.843 ; accuracy: 0.999 ; precision: 0.899 ; recall: 0.935 ; loss: 0.130
2019-01-11 13:20:29,617:INFO: - Eval metrics : dsc: 0.894 ; iou: 0.838 ; accuracy: 0.999 ; precision: 0.926 ; recall: 0.898 ; loss: 0.147
2019-01-11 13:20:29,649:INFO: Epoch 15/45
2019-01-11 13:20:39,899:INFO: - Train metrics: dsc: 0.900 ; iou: 0.841 ; accuracy: 0.999 ; precision: 0.905 ; recall: 0.927 ; loss: 0.130
2019-01-11 13:20:40,953:INFO: - Eval metrics : dsc: 0.883 ; iou: 0.823 ; accuracy: 0.999 ; precision: 0.878 ; recall: 0.934 ; loss: 0.145
2019-01-11 13:20:40,975:INFO: Epoch 16/45
2019-01-11 13:20:50,976:INFO: - Train metrics: dsc: 0.901 ; iou: 0.844 ; accuracy: 0.999 ; precision: 0.902 ; recall: 0.933 ; loss: 0.123
2019-01-11 13:20:52,064:INFO: - Eval metrics : dsc: 0.885 ; iou: 0.829 ; accuracy: 0.999 ; precision: 0.931 ; recall: 0.887 ; loss: 0.146
2019-01-11 13:20:52,092:INFO: Epoch 17/45
2019-01-11 13:21:02,300:INFO: - Train metrics: dsc: 0.902 ; iou: 0.845 ; accuracy: 0.999 ; precision: 0.902 ; recall: 0.934 ; loss: 0.120
2019-01-11 13:21:03,398:INFO: - Eval metrics : dsc: 0.860 ; iou: 0.794 ; accuracy: 0.999 ; precision: 0.886 ; recall: 0.893 ; loss: 0.153
2019-01-11 13:21:03,427:INFO: Epoch 18/45
2019-01-11 13:21:13,506:INFO: - Train metrics: dsc: 0.900 ; iou: 0.841 ; accuracy: 0.999 ; precision: 0.905 ; recall: 0.927 ; loss: 0.120
2019-01-11 13:21:14,608:INFO: - Eval metrics : dsc: 0.881 ; iou: 0.826 ; accuracy: 0.999 ; precision: 0.933 ; recall: 0.883 ; loss: 0.146
2019-01-11 13:21:14,635:INFO: Epoch 19/45
2019-01-11 13:21:24,681:INFO: - Train metrics: dsc: 0.910 ; iou: 0.856 ; accuracy: 0.999 ; precision: 0.912 ; recall: 0.934 ; loss: 0.110
2019-01-11 13:21:25,764:INFO: - Eval metrics : dsc: 0.887 ; iou: 0.827 ; accuracy: 0.999 ; precision: 0.891 ; recall: 0.925 ; loss: 0.131
2019-01-11 13:21:25,794:INFO: Epoch 20/45
2019-01-11 13:21:35,930:INFO: - Train metrics: dsc: 0.903 ; iou: 0.845 ; accuracy: 0.999 ; precision: 0.901 ; recall: 0.934 ; loss: 0.112
2019-01-11 13:21:37,049:INFO: - Eval metrics : dsc: 0.900 ; iou: 0.844 ; accuracy: 0.999 ; precision: 0.924 ; recall: 0.911 ; loss: 0.123
2019-01-11 13:21:37,071:INFO: - Found new best DSC
2019-01-11 13:21:37,071:INFO: Epoch 21/45
2019-01-11 13:21:47,156:INFO: - Train metrics: dsc: 0.911 ; iou: 0.856 ; accuracy: 0.999 ; precision: 0.908 ; recall: 0.939 ; loss: 0.103
2019-01-11 13:21:48,246:INFO: - Eval metrics : dsc: 0.897 ; iou: 0.843 ; accuracy: 0.999 ; precision: 0.899 ; recall: 0.929 ; loss: 0.113
2019-01-11 13:21:48,272:INFO: Epoch 22/45
2019-01-11 13:21:58,437:INFO: - Train metrics: dsc: 0.917 ; iou: 0.862 ; accuracy: 0.999 ; precision: 0.914 ; recall: 0.940 ; loss: 0.097
2019-01-11 13:21:59,573:INFO: - Eval metrics : dsc: 0.910 ; iou: 0.855 ; accuracy: 0.999 ; precision: 0.898 ; recall: 0.946 ; loss: 0.113
2019-01-11 13:21:59,605:INFO: - Found new best DSC
2019-01-11 13:21:59,605:INFO: Epoch 23/45
2019-01-11 13:22:09,670:INFO: - Train metrics: dsc: 0.901 ; iou: 0.844 ; accuracy: 0.999 ; precision: 0.907 ; recall: 0.927 ; loss: 0.109
2019-01-11 13:22:10,789:INFO: - Eval metrics : dsc: 0.865 ; iou: 0.802 ; accuracy: 0.999 ; precision: 0.942 ; recall: 0.848 ; loss: 0.137
2019-01-11 13:22:10,812:INFO: Epoch 24/45
2019-01-11 13:22:20,861:INFO: - Train metrics: dsc: 0.909 ; iou: 0.851 ; accuracy: 0.999 ; precision: 0.908 ; recall: 0.932 ; loss: 0.098
2019-01-11 13:22:21,965:INFO: - Eval metrics : dsc: 0.893 ; iou: 0.836 ; accuracy: 0.999 ; precision: 0.894 ; recall: 0.932 ; loss: 0.110
2019-01-11 13:22:21,986:INFO: Epoch 25/45
2019-01-11 13:22:31,995:INFO: - Train metrics: dsc: 0.914 ; iou: 0.858 ; accuracy: 0.999 ; precision: 0.911 ; recall: 0.938 ; loss: 0.089
2019-01-11 13:22:33,060:INFO: - Eval metrics : dsc: 0.887 ; iou: 0.831 ; accuracy: 0.999 ; precision: 0.893 ; recall: 0.927 ; loss: 0.116
2019-01-11 13:22:33,088:INFO: Epoch 26/45
2019-01-11 13:22:43,171:INFO: - Train metrics: dsc: 0.916 ; iou: 0.863 ; accuracy: 0.999 ; precision: 0.914 ; recall: 0.940 ; loss: 0.082
2019-01-11 13:22:44,260:INFO: - Eval metrics : dsc: 0.883 ; iou: 0.828 ; accuracy: 0.999 ; precision: 0.896 ; recall: 0.922 ; loss: 0.114
2019-01-11 13:22:44,287:INFO: Epoch 27/45
2019-01-11 13:22:54,410:INFO: - Train metrics: dsc: 0.906 ; iou: 0.849 ; accuracy: 0.999 ; precision: 0.912 ; recall: 0.927 ; loss: 0.088
2019-01-11 13:22:55,481:INFO: - Eval metrics : dsc: 0.885 ; iou: 0.828 ; accuracy: 0.999 ; precision: 0.876 ; recall: 0.937 ; loss: 0.109
2019-01-11 13:22:55,532:INFO: Epoch 28/45
2019-01-11 13:23:05,757:INFO: - Train metrics: dsc: 0.916 ; iou: 0.863 ; accuracy: 0.999 ; precision: 0.915 ; recall: 0.939 ; loss: 0.073
2019-01-11 13:23:06,868:INFO: - Eval metrics : dsc: 0.892 ; iou: 0.838 ; accuracy: 0.999 ; precision: 0.910 ; recall: 0.913 ; loss: 0.093
2019-01-11 13:23:06,895:INFO: Epoch 29/45
2019-01-11 13:23:17,021:INFO: - Train metrics: dsc: 0.919 ; iou: 0.865 ; accuracy: 0.999 ; precision: 0.916 ; recall: 0.940 ; loss: 0.068
2019-01-11 13:23:18,130:INFO: - Eval metrics : dsc: 0.899 ; iou: 0.844 ; accuracy: 0.999 ; precision: 0.888 ; recall: 0.947 ; loss: 0.091
2019-01-11 13:23:18,159:INFO: Epoch 30/45
2019-01-11 13:23:28,266:INFO: - Train metrics: dsc: 0.892 ; iou: 0.832 ; accuracy: 0.999 ; precision: 0.913 ; recall: 0.907 ; loss: 0.093
2019-01-11 13:23:29,402:INFO: - Eval metrics : dsc: 0.855 ; iou: 0.780 ; accuracy: 0.998 ; precision: 0.884 ; recall: 0.870 ; loss: 0.142
2019-01-11 13:23:29,428:INFO: Epoch 31/45
2019-01-11 13:23:39,574:INFO: - Train metrics: dsc: 0.858 ; iou: 0.787 ; accuracy: 0.999 ; precision: 0.897 ; recall: 0.871 ; loss: 0.132
2019-01-11 13:23:40,725:INFO: - Eval metrics : dsc: 0.868 ; iou: 0.803 ; accuracy: 0.999 ; precision: 0.873 ; recall: 0.908 ; loss: 0.113
2019-01-11 13:23:40,751:INFO: Epoch 32/45
2019-01-11 13:23:50,921:INFO: - Train metrics: dsc: 0.878 ; iou: 0.813 ; accuracy: 0.999 ; precision: 0.902 ; recall: 0.898 ; loss: 0.110
2019-01-11 13:23:52,020:INFO: - Eval metrics : dsc: 0.883 ; iou: 0.826 ; accuracy: 0.999 ; precision: 0.919 ; recall: 0.895 ; loss: 0.094
2019-01-11 13:23:52,042:INFO: Epoch 33/45
2019-01-11 13:24:02,182:INFO: - Train metrics: dsc: 0.898 ; iou: 0.841 ; accuracy: 0.999 ; precision: 0.911 ; recall: 0.922 ; loss: 0.085
2019-01-11 13:24:03,272:INFO: - Eval metrics : dsc: 0.869 ; iou: 0.803 ; accuracy: 0.999 ; precision: 0.844 ; recall: 0.946 ; loss: 0.122
2019-01-11 13:24:03,302:INFO: Epoch 34/45
2019-01-11 13:24:13,463:INFO: - Train metrics: dsc: 0.905 ; iou: 0.846 ; accuracy: 0.999 ; precision: 0.909 ; recall: 0.928 ; loss: 0.077
2019-01-11 13:24:14,598:INFO: - Eval metrics : dsc: 0.886 ; iou: 0.832 ; accuracy: 0.999 ; precision: 0.898 ; recall: 0.925 ; loss: 0.097
2019-01-11 13:24:14,625:INFO: Epoch 35/45
2019-01-11 13:24:24,625:INFO: - Train metrics: dsc: 0.915 ; iou: 0.860 ; accuracy: 0.999 ; precision: 0.917 ; recall: 0.935 ; loss: 0.066
2019-01-11 13:24:25,745:INFO: - Eval metrics : dsc: 0.886 ; iou: 0.831 ; accuracy: 0.999 ; precision: 0.895 ; recall: 0.922 ; loss: 0.103
2019-01-11 13:24:25,772:INFO: Epoch 36/45
2019-01-11 13:24:35,900:INFO: - Train metrics: dsc: 0.912 ; iou: 0.857 ; accuracy: 0.999 ; precision: 0.914 ; recall: 0.935 ; loss: 0.069
2019-01-11 13:24:36,991:INFO: - Eval metrics : dsc: 0.889 ; iou: 0.832 ; accuracy: 0.999 ; precision: 0.913 ; recall: 0.905 ; loss: 0.094
2019-01-11 13:24:37,020:INFO: Epoch 37/45
2019-01-11 13:24:47,098:INFO: - Train metrics: dsc: 0.917 ; iou: 0.863 ; accuracy: 0.999 ; precision: 0.915 ; recall: 0.939 ; loss: 0.062
2019-01-11 13:24:48,246:INFO: - Eval metrics : dsc: 0.882 ; iou: 0.824 ; accuracy: 0.999 ; precision: 0.902 ; recall: 0.908 ; loss: 0.107
2019-01-11 13:24:48,274:INFO: Epoch 38/45
2019-01-11 13:24:58,417:INFO: - Train metrics: dsc: 0.920 ; iou: 0.867 ; accuracy: 0.999 ; precision: 0.918 ; recall: 0.940 ; loss: 0.058
2019-01-11 13:24:59,572:INFO: - Eval metrics : dsc: 0.890 ; iou: 0.835 ; accuracy: 0.999 ; precision: 0.898 ; recall: 0.923 ; loss: 0.097
2019-01-11 13:24:59,603:INFO: Epoch 39/45
2019-01-11 13:25:09,663:INFO: - Train metrics: dsc: 0.921 ; iou: 0.868 ; accuracy: 0.999 ; precision: 0.920 ; recall: 0.941 ; loss: 0.058
2019-01-11 13:25:10,816:INFO: - Eval metrics : dsc: 0.897 ; iou: 0.841 ; accuracy: 0.999 ; precision: 0.894 ; recall: 0.938 ; loss: 0.086
2019-01-11 13:25:10,840:INFO: Epoch 40/45
2019-01-11 13:25:20,963:INFO: - Train metrics: dsc: 0.921 ; iou: 0.869 ; accuracy: 0.999 ; precision: 0.918 ; recall: 0.943 ; loss: 0.058
2019-01-11 13:25:22,084:INFO: - Eval metrics : dsc: 0.892 ; iou: 0.837 ; accuracy: 0.999 ; precision: 0.889 ; recall: 0.936 ; loss: 0.093
2019-01-11 13:25:22,117:INFO: Epoch 41/45
2019-01-11 13:25:32,142:INFO: - Train metrics: dsc: 0.923 ; iou: 0.871 ; accuracy: 0.999 ; precision: 0.922 ; recall: 0.941 ; loss: 0.054
2019-01-11 13:25:33,280:INFO: - Eval metrics : dsc: 0.892 ; iou: 0.837 ; accuracy: 0.999 ; precision: 0.888 ; recall: 0.939 ; loss: 0.091
2019-01-11 13:25:33,307:INFO: Epoch 42/45
2019-01-11 13:25:43,381:INFO: - Train metrics: dsc: 0.926 ; iou: 0.875 ; accuracy: 0.999 ; precision: 0.925 ; recall: 0.942 ; loss: 0.052
2019-01-11 13:25:44,490:INFO: - Eval metrics : dsc: 0.896 ; iou: 0.842 ; accuracy: 0.999 ; precision: 0.895 ; recall: 0.932 ; loss: 0.088
2019-01-11 13:25:44,518:INFO: Epoch 43/45
2019-01-11 13:25:54,584:INFO: - Train metrics: dsc: 0.926 ; iou: 0.875 ; accuracy: 0.999 ; precision: 0.924 ; recall: 0.943 ; loss: 0.051
2019-01-11 13:25:55,664:INFO: - Eval metrics : dsc: 0.891 ; iou: 0.836 ; accuracy: 0.999 ; precision: 0.918 ; recall: 0.907 ; loss: 0.083
2019-01-11 13:25:55,689:INFO: Epoch 44/45
2019-01-11 13:26:05,735:INFO: - Train metrics: dsc: 0.926 ; iou: 0.876 ; accuracy: 0.999 ; precision: 0.924 ; recall: 0.943 ; loss: 0.050
2019-01-11 13:26:06,845:INFO: - Eval metrics : dsc: 0.896 ; iou: 0.839 ; accuracy: 0.999 ; precision: 0.897 ; recall: 0.932 ; loss: 0.082
2019-01-11 13:26:06,867:INFO: Epoch 45/45
2019-01-11 13:26:17,005:INFO: - Train metrics: dsc: 0.928 ; iou: 0.878 ; accuracy: 0.999 ; precision: 0.927 ; recall: 0.944 ; loss: 0.049
2019-01-11 13:26:18,106:INFO: - Eval metrics : dsc: 0.890 ; iou: 0.835 ; accuracy: 0.999 ; precision: 0.892 ; recall: 0.928 ; loss: 0.087
2019-01-11 13:26:18,213:INFO: Loading the datasets...
2019-01-11 13:26:22,594:INFO: - done.
2019-01-11 13:26:22,594:INFO: For k-fold 3/5:
2019-01-11 13:26:22,594:INFO: Starting training for 45 epoch(s)
2019-01-11 13:26:22,594:INFO: Epoch 1/45
2019-01-11 13:26:32,559:INFO: - Train metrics: dsc: 0.281 ; iou: 0.186 ; accuracy: 0.923 ; precision: 0.187 ; recall: 0.923 ; loss: 0.959
2019-01-11 13:26:33,618:INFO: - Eval metrics : dsc: 0.648 ; iou: 0.520 ; accuracy: 0.995 ; precision: 0.634 ; recall: 0.808 ; loss: 0.953
2019-01-11 13:26:33,652:INFO: - Found new best DSC
2019-01-11 13:26:33,652:INFO: Epoch 2/45
2019-01-11 13:26:43,758:INFO: - Train metrics: dsc: 0.584 ; iou: 0.445 ; accuracy: 0.991 ; precision: 0.448 ; recall: 0.969 ; loss: 0.940
2019-01-11 13:26:44,809:INFO: - Eval metrics : dsc: 0.489 ; iou: 0.344 ; accuracy: 0.984 ; precision: 0.344 ; recall: 0.985 ; loss: 0.926
2019-01-11 13:26:44,842:INFO: Epoch 3/45
2019-01-11 13:26:54,833:INFO: - Train metrics: dsc: 0.682 ; iou: 0.555 ; accuracy: 0.995 ; precision: 0.563 ; recall: 0.975 ; loss: 0.916
2019-01-11 13:26:55,933:INFO: - Eval metrics : dsc: 0.734 ; iou: 0.618 ; accuracy: 0.996 ; precision: 0.628 ; recall: 0.969 ; loss: 0.870
2019-01-11 13:26:55,988:INFO: - Found new best DSC
2019-01-11 13:26:55,988:INFO: Epoch 4/45
2019-01-11 13:27:06,211:INFO: - Train metrics: dsc: 0.686 ; iou: 0.565 ; accuracy: 0.994 ; precision: 0.579 ; recall: 0.958 ; loss: 0.860
2019-01-11 13:27:07,344:INFO: - Eval metrics : dsc: 0.727 ; iou: 0.614 ; accuracy: 0.995 ; precision: 0.637 ; recall: 0.941 ; loss: 0.778
2019-01-11 13:27:07,373:INFO: Epoch 5/45
2019-01-11 13:27:17,465:INFO: - Train metrics: dsc: 0.761 ; iou: 0.664 ; accuracy: 0.996 ; precision: 0.688 ; recall: 0.952 ; loss: 0.739
2019-01-11 13:27:18,580:INFO: - Eval metrics : dsc: 0.803 ; iou: 0.712 ; accuracy: 0.997 ; precision: 0.732 ; recall: 0.959 ; loss: 0.670
2019-01-11 13:27:18,609:INFO: - Found new best DSC
2019-01-11 13:27:18,610:INFO: Epoch 6/45
2019-01-11 13:27:28,701:INFO: - Train metrics: dsc: 0.829 ; iou: 0.751 ; accuracy: 0.998 ; precision: 0.790 ; recall: 0.947 ; loss: 0.563
2019-01-11 13:27:29,791:INFO: - Eval metrics : dsc: 0.862 ; iou: 0.790 ; accuracy: 0.998 ; precision: 0.830 ; recall: 0.937 ; loss: 0.458
2019-01-11 13:27:29,822:INFO: - Found new best DSC
2019-01-11 13:27:29,822:INFO: Epoch 7/45
2019-01-11 13:27:39,938:INFO: - Train metrics: dsc: 0.856 ; iou: 0.788 ; accuracy: 0.999 ; precision: 0.840 ; recall: 0.936 ; loss: 0.388
2019-01-11 13:27:41,053:INFO: - Eval metrics : dsc: 0.878 ; iou: 0.813 ; accuracy: 0.999 ; precision: 0.868 ; recall: 0.916 ; loss: 0.298
2019-01-11 13:27:41,082:INFO: - Found new best DSC
2019-01-11 13:27:41,082:INFO: Epoch 8/45
2019-01-11 13:27:51,130:INFO: - Train metrics: dsc: 0.874 ; iou: 0.810 ; accuracy: 0.999 ; precision: 0.862 ; recall: 0.937 ; loss: 0.274
2019-01-11 13:27:52,263:INFO: - Eval metrics : dsc: 0.888 ; iou: 0.819 ; accuracy: 0.999 ; precision: 0.857 ; recall: 0.947 ; loss: 0.242
2019-01-11 13:27:52,294:INFO: - Found new best DSC
2019-01-11 13:27:52,294:INFO: Epoch 9/45
2019-01-11 13:28:02,561:INFO: - Train metrics: dsc: 0.878 ; iou: 0.815 ; accuracy: 0.999 ; precision: 0.870 ; recall: 0.934 ; loss: 0.216
2019-01-11 13:28:03,697:INFO: - Eval metrics : dsc: 0.876 ; iou: 0.800 ; accuracy: 0.998 ; precision: 0.939 ; recall: 0.841 ; loss: 0.204
2019-01-11 13:28:03,727:INFO: Epoch 10/45
2019-01-11 13:28:13,749:INFO: - Train metrics: dsc: 0.872 ; iou: 0.806 ; accuracy: 0.999 ; precision: 0.870 ; recall: 0.922 ; loss: 0.193
2019-01-11 13:28:14,855:INFO: - Eval metrics : dsc: 0.891 ; iou: 0.828 ; accuracy: 0.999 ; precision: 0.901 ; recall: 0.905 ; loss: 0.168
2019-01-11 13:28:14,886:INFO: - Found new best DSC
2019-01-11 13:28:14,886:INFO: Epoch 11/45
2019-01-11 13:28:24,878:INFO: - Train metrics: dsc: 0.888 ; iou: 0.829 ; accuracy: 0.999 ; precision: 0.883 ; recall: 0.937 ; loss: 0.161
2019-01-11 13:28:25,978:INFO: - Eval metrics : dsc: 0.895 ; iou: 0.836 ; accuracy: 0.999 ; precision: 0.868 ; recall: 0.951 ; loss: 0.142
2019-01-11 13:28:26,010:INFO: - Found new best DSC
2019-01-11 13:28:26,011:INFO: Epoch 12/45
2019-01-11 13:28:36,025:INFO: - Train metrics: dsc: 0.896 ; iou: 0.840 ; accuracy: 0.999 ; precision: 0.895 ; recall: 0.937 ; loss: 0.145
2019-01-11 13:28:37,145:INFO: - Eval metrics : dsc: 0.904 ; iou: 0.846 ; accuracy: 0.999 ; precision: 0.927 ; recall: 0.908 ; loss: 0.138
2019-01-11 13:28:37,168:INFO: - Found new best DSC
2019-01-11 13:28:37,168:INFO: Epoch 13/45
2019-01-11 13:28:47,205:INFO: - Train metrics: dsc: 0.902 ; iou: 0.845 ; accuracy: 0.999 ; precision: 0.900 ; recall: 0.937 ; loss: 0.137
2019-01-11 13:28:48,318:INFO: - Eval metrics : dsc: 0.894 ; iou: 0.834 ; accuracy: 0.999 ; precision: 0.913 ; recall: 0.906 ; loss: 0.131
2019-01-11 13:28:48,343:INFO: Epoch 14/45
2019-01-11 13:28:58,551:INFO: - Train metrics: dsc: 0.902 ; iou: 0.847 ; accuracy: 0.999 ; precision: 0.901 ; recall: 0.936 ; loss: 0.129
2019-01-11 13:28:59,633:INFO: - Eval metrics : dsc: 0.903 ; iou: 0.849 ; accuracy: 0.999 ; precision: 0.931 ; recall: 0.908 ; loss: 0.126
2019-01-11 13:28:59,655:INFO: Epoch 15/45
2019-01-11 13:29:09,818:INFO: - Train metrics: dsc: 0.904 ; iou: 0.850 ; accuracy: 0.999 ; precision: 0.905 ; recall: 0.937 ; loss: 0.122
2019-01-11 13:29:10,931:INFO: - Eval metrics : dsc: 0.906 ; iou: 0.851 ; accuracy: 0.999 ; precision: 0.910 ; recall: 0.927 ; loss: 0.120
2019-01-11 13:29:10,957:INFO: - Found new best DSC
2019-01-11 13:29:10,957:INFO: Epoch 16/45
2019-01-11 13:29:21,078:INFO: - Train metrics: dsc: 0.895 ; iou: 0.839 ; accuracy: 0.999 ; precision: 0.894 ; recall: 0.936 ; loss: 0.125
2019-01-11 13:29:22,174:INFO: - Eval metrics : dsc: 0.897 ; iou: 0.835 ; accuracy: 0.999 ; precision: 0.882 ; recall: 0.939 ; loss: 0.122
2019-01-11 13:29:22,202:INFO: Epoch 17/45
2019-01-11 13:29:32,441:INFO: - Train metrics: dsc: 0.900 ; iou: 0.844 ; accuracy: 0.999 ; precision: 0.901 ; recall: 0.935 ; loss: 0.119
2019-01-11 13:29:33,584:INFO: - Eval metrics : dsc: 0.886 ; iou: 0.825 ; accuracy: 0.999 ; precision: 0.895 ; recall: 0.905 ; loss: 0.132
2019-01-11 13:29:33,615:INFO: Epoch 18/45
2019-01-11 13:29:43,646:INFO: - Train metrics: dsc: 0.890 ; iou: 0.831 ; accuracy: 0.999 ; precision: 0.898 ; recall: 0.924 ; loss: 0.127
2019-01-11 13:29:44,769:INFO: - Eval metrics : dsc: 0.880 ; iou: 0.815 ; accuracy: 0.999 ; precision: 0.945 ; recall: 0.856 ; loss: 0.141
2019-01-11 13:29:44,793:INFO: Epoch 19/45
2019-01-11 13:29:54,900:INFO: - Train metrics: dsc: 0.898 ; iou: 0.842 ; accuracy: 0.999 ; precision: 0.909 ; recall: 0.923 ; loss: 0.119
2019-01-11 13:29:56,057:INFO: - Eval metrics : dsc: 0.893 ; iou: 0.835 ; accuracy: 0.999 ; precision: 0.912 ; recall: 0.909 ; loss: 0.138
2019-01-11 13:29:56,077:INFO: Epoch 20/45
2019-01-11 13:30:06,159:INFO: - Train metrics: dsc: 0.887 ; iou: 0.828 ; accuracy: 0.999 ; precision: 0.901 ; recall: 0.917 ; loss: 0.127
2019-01-11 13:30:07,197:INFO: - Eval metrics : dsc: 0.901 ; iou: 0.844 ; accuracy: 0.999 ; precision: 0.929 ; recall: 0.906 ; loss: 0.118
2019-01-11 13:30:07,227:INFO: Epoch 21/45
2019-01-11 13:30:17,209:INFO: - Train metrics: dsc: 0.912 ; iou: 0.858 ; accuracy: 0.999 ; precision: 0.912 ; recall: 0.937 ; loss: 0.104
2019-01-11 13:30:18,295:INFO: - Eval metrics : dsc: 0.916 ; iou: 0.861 ; accuracy: 0.999 ; precision: 0.932 ; recall: 0.919 ; loss: 0.100
2019-01-11 13:30:18,331:INFO: - Found new best DSC
2019-01-11 13:30:18,331:INFO: Epoch 22/45
2019-01-11 13:30:28,420:INFO: - Train metrics: dsc: 0.913 ; iou: 0.861 ; accuracy: 0.999 ; precision: 0.914 ; recall: 0.939 ; loss: 0.099
2019-01-11 13:30:29,540:INFO: - Eval metrics : dsc: 0.911 ; iou: 0.857 ; accuracy: 0.999 ; precision: 0.925 ; recall: 0.921 ; loss: 0.096
2019-01-11 13:30:29,562:INFO: Epoch 23/45
2019-01-11 13:30:39,671:INFO: - Train metrics: dsc: 0.904 ; iou: 0.849 ; accuracy: 0.999 ; precision: 0.907 ; recall: 0.928 ; loss: 0.103
2019-01-11 13:30:40,783:INFO: - Eval metrics : dsc: 0.868 ; iou: 0.798 ; accuracy: 0.999 ; precision: 0.949 ; recall: 0.838 ; loss: 0.141
2019-01-11 13:30:40,803:INFO: Epoch 24/45
2019-01-11 13:30:51,165:INFO: - Train metrics: dsc: 0.890 ; iou: 0.832 ; accuracy: 0.999 ; precision: 0.902 ; recall: 0.921 ; loss: 0.114
2019-01-11 13:30:52,283:INFO: - Eval metrics : dsc: 0.894 ; iou: 0.836 ; accuracy: 0.999 ; precision: 0.902 ; recall: 0.909 ; loss: 0.107
2019-01-11 13:30:52,324:INFO: Epoch 25/45
2019-01-11 13:31:02,513:INFO: - Train metrics: dsc: 0.889 ; iou: 0.830 ; accuracy: 0.999 ; precision: 0.906 ; recall: 0.914 ; loss: 0.111
2019-01-11 13:31:03,683:INFO: - Eval metrics : dsc: 0.871 ; iou: 0.807 ; accuracy: 0.999 ; precision: 0.941 ; recall: 0.855 ; loss: 0.134
2019-01-11 13:31:03,710:INFO: Epoch 26/45
2019-01-11 13:31:13,799:INFO: - Train metrics: dsc: 0.887 ; iou: 0.828 ; accuracy: 0.999 ; precision: 0.917 ; recall: 0.901 ; loss: 0.111
2019-01-11 13:31:14,913:INFO: - Eval metrics : dsc: 0.855 ; iou: 0.795 ; accuracy: 0.999 ; precision: 0.951 ; recall: 0.833 ; loss: 0.147
2019-01-11 13:31:14,944:INFO: Epoch 27/45
2019-01-11 13:31:25,032:INFO: - Train metrics: dsc: 0.892 ; iou: 0.833 ; accuracy: 0.999 ; precision: 0.907 ; recall: 0.916 ; loss: 0.100
2019-01-11 13:31:26,175:INFO: - Eval metrics : dsc: 0.911 ; iou: 0.856 ; accuracy: 0.999 ; precision: 0.928 ; recall: 0.918 ; loss: 0.084
2019-01-11 13:31:26,202:INFO: Epoch 28/45
2019-01-11 13:31:36,421:INFO: - Train metrics: dsc: 0.906 ; iou: 0.852 ; accuracy: 0.999 ; precision: 0.915 ; recall: 0.929 ; loss: 0.081
2019-01-11 13:31:37,532:INFO: - Eval metrics : dsc: 0.906 ; iou: 0.849 ; accuracy: 0.999 ; precision: 0.930 ; recall: 0.909 ; loss: 0.083
2019-01-11 13:31:37,561:INFO: Epoch 29/45
2019-01-11 13:31:47,620:INFO: - Train metrics: dsc: 0.897 ; iou: 0.839 ; accuracy: 0.999 ; precision: 0.909 ; recall: 0.919 ; loss: 0.088
2019-01-11 13:31:48,716:INFO: - Eval metrics : dsc: 0.893 ; iou: 0.835 ; accuracy: 0.999 ; precision: 0.934 ; recall: 0.886 ; loss: 0.095
2019-01-11 13:31:48,747:INFO: Epoch 30/45
2019-01-11 13:31:58,774:INFO: - Train metrics: dsc: 0.899 ; iou: 0.843 ; accuracy: 0.999 ; precision: 0.913 ; recall: 0.921 ; loss: 0.082
2019-01-11 13:31:59,883:INFO: - Eval metrics : dsc: 0.868 ; iou: 0.799 ; accuracy: 0.998 ; precision: 0.861 ; recall: 0.917 ; loss: 0.119
2019-01-11 13:31:59,912:INFO: Epoch 31/45
2019-01-11 13:32:10,025:INFO: - Train metrics: dsc: 0.899 ; iou: 0.843 ; accuracy: 0.999 ; precision: 0.916 ; recall: 0.918 ; loss: 0.081
2019-01-11 13:32:11,080:INFO: - Eval metrics : dsc: 0.900 ; iou: 0.842 ; accuracy: 0.999 ; precision: 0.902 ; recall: 0.930 ; loss: 0.083
2019-01-11 13:32:11,099:INFO: Epoch 32/45
2019-01-11 13:32:21,138:INFO: - Train metrics: dsc: 0.905 ; iou: 0.851 ; accuracy: 0.999 ; precision: 0.916 ; recall: 0.927 ; loss: 0.072
2019-01-11 13:32:22,211:INFO: - Eval metrics : dsc: 0.896 ; iou: 0.841 ; accuracy: 0.999 ; precision: 0.930 ; recall: 0.901 ; loss: 0.088
2019-01-11 13:32:22,242:INFO: Epoch 33/45
2019-01-11 13:32:32,338:INFO: - Train metrics: dsc: 0.909 ; iou: 0.856 ; accuracy: 0.999 ; precision: 0.921 ; recall: 0.927 ; loss: 0.066
2019-01-11 13:32:33,426:INFO: - Eval metrics : dsc: 0.903 ; iou: 0.850 ; accuracy: 0.999 ; precision: 0.933 ; recall: 0.908 ; loss: 0.077
2019-01-11 13:32:33,453:INFO: Epoch 34/45
2019-01-11 13:32:43,514:INFO: - Train metrics: dsc: 0.914 ; iou: 0.863 ; accuracy: 0.999 ; precision: 0.924 ; recall: 0.930 ; loss: 0.059
2019-01-11 13:32:44,624:INFO: - Eval metrics : dsc: 0.905 ; iou: 0.851 ; accuracy: 0.999 ; precision: 0.933 ; recall: 0.909 ; loss: 0.075
2019-01-11 13:32:44,646:INFO: Epoch 35/45
2019-01-11 13:32:54,853:INFO: - Train metrics: dsc: 0.916 ; iou: 0.866 ; accuracy: 0.999 ; precision: 0.925 ; recall: 0.931 ; loss: 0.056
2019-01-11 13:32:55,963:INFO: - Eval metrics : dsc: 0.901 ; iou: 0.847 ; accuracy: 0.999 ; precision: 0.928 ; recall: 0.910 ; loss: 0.082
2019-01-11 13:32:55,991:INFO: Epoch 36/45
2019-01-11 13:33:06,061:INFO: - Train metrics: dsc: 0.913 ; iou: 0.861 ; accuracy: 0.999 ; precision: 0.922 ; recall: 0.932 ; loss: 0.060
2019-01-11 13:33:07,088:INFO: - Eval metrics : dsc: 0.905 ; iou: 0.853 ; accuracy: 0.999 ; precision: 0.934 ; recall: 0.910 ; loss: 0.074
2019-01-11 13:33:07,120:INFO: Epoch 37/45
2019-01-11 13:33:17,318:INFO: - Train metrics: dsc: 0.914 ; iou: 0.864 ; accuracy: 0.999 ; precision: 0.923 ; recall: 0.933 ; loss: 0.060
2019-01-11 13:33:18,449:INFO: - Eval metrics : dsc: 0.902 ; iou: 0.847 ; accuracy: 0.999 ; precision: 0.934 ; recall: 0.903 ; loss: 0.081
2019-01-11 13:33:18,476:INFO: Epoch 38/45
2019-01-11 13:33:28,462:INFO: - Train metrics: dsc: 0.828 ; iou: 0.758 ; accuracy: 0.998 ; precision: 0.885 ; recall: 0.850 ; loss: 0.150
2019-01-11 13:33:29,619:INFO: - Eval metrics : dsc: 0.870 ; iou: 0.804 ; accuracy: 0.999 ; precision: 0.928 ; recall: 0.856 ; loss: 0.113
2019-01-11 13:33:29,651:INFO: Epoch 39/45
2019-01-11 13:33:39,655:INFO: - Train metrics: dsc: 0.891 ; iou: 0.828 ; accuracy: 0.999 ; precision: 0.904 ; recall: 0.912 ; loss: 0.085
2019-01-11 13:33:40,731:INFO: - Eval metrics : dsc: 0.892 ; iou: 0.832 ; accuracy: 0.999 ; precision: 0.901 ; recall: 0.915 ; loss: 0.096
2019-01-11 13:33:40,760:INFO: Epoch 40/45
2019-01-11 13:33:50,805:INFO: - Train metrics: dsc: 0.889 ; iou: 0.827 ; accuracy: 0.999 ; precision: 0.901 ; recall: 0.915 ; loss: 0.090
2019-01-11 13:33:51,908:INFO: - Eval metrics : dsc: 0.889 ; iou: 0.826 ; accuracy: 0.999 ; precision: 0.926 ; recall: 0.883 ; loss: 0.090
2019-01-11 13:33:51,936:INFO: Epoch 41/45
2019-01-11 13:34:01,946:INFO: - Train metrics: dsc: 0.900 ; iou: 0.843 ; accuracy: 0.999 ; precision: 0.912 ; recall: 0.923 ; loss: 0.075
2019-01-11 13:34:03,075:INFO: - Eval metrics : dsc: 0.894 ; iou: 0.834 ; accuracy: 0.999 ; precision: 0.908 ; recall: 0.904 ; loss: 0.089
2019-01-11 13:34:03,102:INFO: Epoch 42/45
2019-01-11 13:34:13,249:INFO: - Train metrics: dsc: 0.904 ; iou: 0.849 ; accuracy: 0.999 ; precision: 0.910 ; recall: 0.931 ; loss: 0.072
2019-01-11 13:34:14,312:INFO: - Eval metrics : dsc: 0.900 ; iou: 0.844 ; accuracy: 0.999 ; precision: 0.912 ; recall: 0.909 ; loss: 0.083
2019-01-11 13:34:14,334:INFO: Epoch 43/45
2019-01-11 13:34:24,406:INFO: - Train metrics: dsc: 0.902 ; iou: 0.846 ; accuracy: 0.999 ; precision: 0.915 ; recall: 0.923 ; loss: 0.073
2019-01-11 13:34:25,557:INFO: - Eval metrics : dsc: 0.906 ; iou: 0.849 ; accuracy: 0.999 ; precision: 0.905 ; recall: 0.933 ; loss: 0.076
2019-01-11 13:34:25,592:INFO: Epoch 44/45
2019-01-11 13:34:35,629:INFO: - Train metrics: dsc: 0.911 ; iou: 0.856 ; accuracy: 0.999 ; precision: 0.914 ; recall: 0.933 ; loss: 0.064
2019-01-11 13:34:36,788:INFO: - Eval metrics : dsc: 0.907 ; iou: 0.849 ; accuracy: 0.999 ; precision: 0.938 ; recall: 0.901 ; loss: 0.071
2019-01-11 13:34:36,821:INFO: Epoch 45/45
2019-01-11 13:34:46,993:INFO: - Train metrics: dsc: 0.914 ; iou: 0.859 ; accuracy: 0.999 ; precision: 0.920 ; recall: 0.931 ; loss: 0.059
2019-01-11 13:34:48,145:INFO: - Eval metrics : dsc: 0.914 ; iou: 0.857 ; accuracy: 0.999 ; precision: 0.910 ; recall: 0.936 ; loss: 0.064
2019-01-11 13:34:48,264:INFO: Loading the datasets...
2019-01-11 13:34:52,897:INFO: - done.
2019-01-11 13:34:52,897:INFO: For k-fold 4/5:
2019-01-11 13:34:52,897:INFO: Starting training for 45 epoch(s)
2019-01-11 13:34:52,897:INFO: Epoch 1/45
2019-01-11 13:35:02,929:INFO: - Train metrics: dsc: 0.256 ; iou: 0.168 ; accuracy: 0.915 ; precision: 0.169 ; recall: 0.926 ; loss: 0.959
2019-01-11 13:35:04,060:INFO: - Eval metrics : dsc: 0.537 ; iou: 0.390 ; accuracy: 0.989 ; precision: 0.391 ; recall: 0.959 ; loss: 0.950
2019-01-11 13:35:04,091:INFO: - Found new best DSC
2019-01-11 13:35:04,091:INFO: Epoch 2/45
2019-01-11 13:35:14,165:INFO: - Train metrics: dsc: 0.599 ; iou: 0.458 ; accuracy: 0.991 ; precision: 0.461 ; recall: 0.973 ; loss: 0.940
2019-01-11 13:35:15,268:INFO: - Eval metrics : dsc: 0.673 ; iou: 0.537 ; accuracy: 0.994 ; precision: 0.550 ; recall: 0.960 ; loss: 0.932
2019-01-11 13:35:15,309:INFO: - Found new best DSC
2019-01-11 13:35:15,309:INFO: Epoch 3/45
2019-01-11 13:35:25,315:INFO: - Train metrics: dsc: 0.681 ; iou: 0.553 ; accuracy: 0.994 ; precision: 0.557 ; recall: 0.976 ; loss: 0.916
2019-01-11 13:35:26,449:INFO: - Eval metrics : dsc: 0.712 ; iou: 0.591 ; accuracy: 0.996 ; precision: 0.616 ; recall: 0.943 ; loss: 0.889
2019-01-11 13:35:26,476:INFO: - Found new best DSC
2019-01-11 13:35:26,477:INFO: Epoch 4/45
2019-01-11 13:35:36,527:INFO: - Train metrics: dsc: 0.709 ; iou: 0.591 ; accuracy: 0.995 ; precision: 0.602 ; recall: 0.963 ; loss: 0.862
2019-01-11 13:35:37,624:INFO: - Eval metrics : dsc: 0.737 ; iou: 0.629 ; accuracy: 0.996 ; precision: 0.652 ; recall: 0.941 ; loss: 0.725
2019-01-11 13:35:37,648:INFO: - Found new best DSC
2019-01-11 13:35:37,649:INFO: Epoch 5/45
2019-01-11 13:35:47,810:INFO: - Train metrics: dsc: 0.765 ; iou: 0.667 ; accuracy: 0.997 ; precision: 0.686 ; recall: 0.955 ; loss: 0.744
2019-01-11 13:35:48,932:INFO: - Eval metrics : dsc: 0.819 ; iou: 0.742 ; accuracy: 0.998 ; precision: 0.887 ; recall: 0.839 ; loss: 0.524
2019-01-11 13:35:48,967:INFO: - Found new best DSC
2019-01-11 13:35:48,968:INFO: Epoch 6/45
2019-01-11 13:35:59,082:INFO: - Train metrics: dsc: 0.814 ; iou: 0.730 ; accuracy: 0.998 ; precision: 0.770 ; recall: 0.934 ; loss: 0.598
2019-01-11 13:36:00,207:INFO: - Eval metrics : dsc: 0.821 ; iou: 0.745 ; accuracy: 0.998 ; precision: 0.783 ; recall: 0.924 ; loss: 0.465
2019-01-11 13:36:00,238:INFO: - Found new best DSC
2019-01-11 13:36:00,238:INFO: Epoch 7/45
2019-01-11 13:36:10,346:INFO: - Train metrics: dsc: 0.854 ; iou: 0.783 ; accuracy: 0.999 ; precision: 0.831 ; recall: 0.938 ; loss: 0.420
2019-01-11 13:36:11,439:INFO: - Eval metrics : dsc: 0.873 ; iou: 0.810 ; accuracy: 0.999 ; precision: 0.874 ; recall: 0.914 ; loss: 0.350
2019-01-11 13:36:11,471:INFO: - Found new best DSC
2019-01-11 13:36:11,471:INFO: Epoch 8/45
2019-01-11 13:36:21,485:INFO: - Train metrics: dsc: 0.873 ; iou: 0.810 ; accuracy: 0.999 ; precision: 0.863 ; recall: 0.935 ; loss: 0.291
2019-01-11 13:36:22,558:INFO: - Eval metrics : dsc: 0.875 ; iou: 0.811 ; accuracy: 0.999 ; precision: 0.865 ; recall: 0.933 ; loss: 0.245
2019-01-11 13:36:22,581:INFO: - Found new best DSC
2019-01-11 13:36:22,582:INFO: Epoch 9/45
2019-01-11 13:36:32,702:INFO: - Train metrics: dsc: 0.883 ; iou: 0.822 ; accuracy: 0.999 ; precision: 0.887 ; recall: 0.924 ; loss: 0.228
2019-01-11 13:36:33,804:INFO: - Eval metrics : dsc: 0.888 ; iou: 0.828 ; accuracy: 0.999 ; precision: 0.894 ; recall: 0.918 ; loss: 0.202
2019-01-11 13:36:33,836:INFO: - Found new best DSC
2019-01-11 13:36:33,836:INFO: Epoch 10/45
2019-01-11 13:36:43,893:INFO: - Train metrics: dsc: 0.878 ; iou: 0.816 ; accuracy: 0.999 ; precision: 0.875 ; recall: 0.929 ; loss: 0.192
2019-01-11 13:36:44,981:INFO: - Eval metrics : dsc: 0.879 ; iou: 0.814 ; accuracy: 0.999 ; precision: 0.872 ; recall: 0.934 ; loss: 0.176
2019-01-11 13:36:45,001:INFO: Epoch 11/45
2019-01-11 13:36:55,073:INFO: - Train metrics: dsc: 0.887 ; iou: 0.826 ; accuracy: 0.999 ; precision: 0.882 ; recall: 0.935 ; loss: 0.168
2019-01-11 13:36:56,172:INFO: - Eval metrics : dsc: 0.879 ; iou: 0.818 ; accuracy: 0.999 ; precision: 0.885 ; recall: 0.923 ; loss: 0.165
2019-01-11 13:36:56,200:INFO: Epoch 12/45
2019-01-11 13:37:06,387:INFO: - Train metrics: dsc: 0.891 ; iou: 0.832 ; accuracy: 0.999 ; precision: 0.888 ; recall: 0.934 ; loss: 0.152
2019-01-11 13:37:07,533:INFO: - Eval metrics : dsc: 0.888 ; iou: 0.825 ; accuracy: 0.999 ; precision: 0.894 ; recall: 0.916 ; loss: 0.145
2019-01-11 13:37:07,568:INFO: - Found new best DSC
2019-01-11 13:37:07,568:INFO: Epoch 13/45
2019-01-11 13:37:17,669:INFO: - Train metrics: dsc: 0.890 ; iou: 0.831 ; accuracy: 0.999 ; precision: 0.891 ; recall: 0.929 ; loss: 0.146
2019-01-11 13:37:18,766:INFO: - Eval metrics : dsc: 0.871 ; iou: 0.801 ; accuracy: 0.999 ; precision: 0.934 ; recall: 0.856 ; loss: 0.164
2019-01-11 13:37:18,797:INFO: Epoch 14/45
2019-01-11 13:37:28,878:INFO: - Train metrics: dsc: 0.878 ; iou: 0.812 ; accuracy: 0.999 ; precision: 0.871 ; recall: 0.927 ; loss: 0.152
2019-01-11 13:37:29,941:INFO: - Eval metrics : dsc: 0.887 ; iou: 0.822 ; accuracy: 0.999 ; precision: 0.908 ; recall: 0.900 ; loss: 0.141
2019-01-11 13:37:29,967:INFO: Epoch 15/45
2019-01-11 13:37:40,042:INFO: - Train metrics: dsc: 0.898 ; iou: 0.839 ; accuracy: 0.999 ; precision: 0.896 ; recall: 0.933 ; loss: 0.133
2019-01-11 13:37:41,146:INFO: - Eval metrics : dsc: 0.907 ; iou: 0.849 ; accuracy: 0.999 ; precision: 0.894 ; recall: 0.938 ; loss: 0.119
2019-01-11 13:37:41,173:INFO: - Found new best DSC
2019-01-11 13:37:41,173:INFO: Epoch 16/45
2019-01-11 13:37:51,347:INFO: - Train metrics: dsc: 0.906 ; iou: 0.850 ; accuracy: 0.999 ; precision: 0.903 ; recall: 0.938 ; loss: 0.124
2019-01-11 13:37:52,445:INFO: - Eval metrics : dsc: 0.903 ; iou: 0.846 ; accuracy: 0.999 ; precision: 0.922 ; recall: 0.917 ; loss: 0.119
2019-01-11 13:37:52,472:INFO: Epoch 17/45
2019-01-11 13:38:02,457:INFO: - Train metrics: dsc: 0.913 ; iou: 0.859 ; accuracy: 0.999 ; precision: 0.909 ; recall: 0.939 ; loss: 0.116
2019-01-11 13:38:03,557:INFO: - Eval metrics : dsc: 0.899 ; iou: 0.840 ; accuracy: 0.999 ; precision: 0.922 ; recall: 0.906 ; loss: 0.117
2019-01-11 13:38:03,587:INFO: Epoch 18/45
2019-01-11 13:38:13,749:INFO: - Train metrics: dsc: 0.899 ; iou: 0.842 ; accuracy: 0.999 ; precision: 0.900 ; recall: 0.931 ; loss: 0.122
2019-01-11 13:38:14,798:INFO: - Eval metrics : dsc: 0.897 ; iou: 0.839 ; accuracy: 0.999 ; precision: 0.928 ; recall: 0.902 ; loss: 0.120
2019-01-11 13:38:14,826:INFO: Epoch 19/45
2019-01-11 13:38:25,002:INFO: - Train metrics: dsc: 0.900 ; iou: 0.842 ; accuracy: 0.999 ; precision: 0.904 ; recall: 0.929 ; loss: 0.121
2019-01-11 13:38:26,052:INFO: - Eval metrics : dsc: 0.897 ; iou: 0.838 ; accuracy: 0.999 ; precision: 0.908 ; recall: 0.922 ; loss: 0.118
2019-01-11 13:38:26,081:INFO: Epoch 20/45
2019-01-11 13:38:36,084:INFO: - Train metrics: dsc: 0.887 ; iou: 0.826 ; accuracy: 0.999 ; precision: 0.888 ; recall: 0.925 ; loss: 0.127
2019-01-11 13:38:37,191:INFO: - Eval metrics : dsc: 0.884 ; iou: 0.824 ; accuracy: 0.999 ; precision: 0.891 ; recall: 0.918 ; loss: 0.122
2019-01-11 13:38:37,222:INFO: Epoch 21/45
2019-01-11 13:38:47,371:INFO: - Train metrics: dsc: 0.909 ; iou: 0.853 ; accuracy: 0.999 ; precision: 0.908 ; recall: 0.933 ; loss: 0.111
2019-01-11 13:38:48,507:INFO: - Eval metrics : dsc: 0.892 ; iou: 0.832 ; accuracy: 0.999 ; precision: 0.910 ; recall: 0.911 ; loss: 0.114
2019-01-11 13:38:48,537:INFO: Epoch 22/45
2019-01-11 13:38:58,657:INFO: - Train metrics: dsc: 0.910 ; iou: 0.855 ; accuracy: 0.999 ; precision: 0.909 ; recall: 0.935 ; loss: 0.106
2019-01-11 13:38:59,749:INFO: - Eval metrics : dsc: 0.896 ; iou: 0.837 ; accuracy: 0.999 ; precision: 0.930 ; recall: 0.898 ; loss: 0.110
2019-01-11 13:38:59,776:INFO: Epoch 23/45
2019-01-11 13:39:09,793:INFO: - Train metrics: dsc: 0.916 ; iou: 0.863 ; accuracy: 0.999 ; precision: 0.914 ; recall: 0.939 ; loss: 0.098
2019-01-11 13:39:10,916:INFO: - Eval metrics : dsc: 0.894 ; iou: 0.838 ; accuracy: 0.999 ; precision: 0.903 ; recall: 0.923 ; loss: 0.109
2019-01-11 13:39:10,940:INFO: Epoch 24/45
2019-01-11 13:39:21,034:INFO: - Train metrics: dsc: 0.910 ; iou: 0.857 ; accuracy: 0.999 ; precision: 0.914 ; recall: 0.935 ; loss: 0.098
2019-01-11 13:39:22,127:INFO: - Eval metrics : dsc: 0.895 ; iou: 0.837 ; accuracy: 0.999 ; precision: 0.931 ; recall: 0.897 ; loss: 0.110
2019-01-11 13:39:22,154:INFO: Epoch 25/45
2019-01-11 13:39:32,190:INFO: - Train metrics: dsc: 0.915 ; iou: 0.863 ; accuracy: 0.999 ; precision: 0.919 ; recall: 0.935 ; loss: 0.089
2019-01-11 13:39:33,326:INFO: - Eval metrics : dsc: 0.899 ; iou: 0.843 ; accuracy: 0.999 ; precision: 0.920 ; recall: 0.916 ; loss: 0.101
2019-01-11 13:39:33,354:INFO: Epoch 26/45
2019-01-11 13:39:43,405:INFO: - Train metrics: dsc: 0.918 ; iou: 0.867 ; accuracy: 0.999 ; precision: 0.921 ; recall: 0.936 ; loss: 0.082
2019-01-11 13:39:44,515:INFO: - Eval metrics : dsc: 0.898 ; iou: 0.842 ; accuracy: 0.999 ; precision: 0.929 ; recall: 0.906 ; loss: 0.100
2019-01-11 13:39:44,539:INFO: Epoch 27/45
2019-01-11 13:39:54,582:INFO: - Train metrics: dsc: 0.920 ; iou: 0.869 ; accuracy: 0.999 ; precision: 0.924 ; recall: 0.937 ; loss: 0.073
2019-01-11 13:39:55,686:INFO: - Eval metrics : dsc: 0.894 ; iou: 0.838 ; accuracy: 0.999 ; precision: 0.906 ; recall: 0.925 ; loss: 0.106
2019-01-11 13:39:55,713:INFO: Epoch 28/45
2019-01-11 13:40:05,688:INFO: - Train metrics: dsc: 0.920 ; iou: 0.871 ; accuracy: 0.999 ; precision: 0.926 ; recall: 0.936 ; loss: 0.065
2019-01-11 13:40:06,782:INFO: - Eval metrics : dsc: 0.884 ; iou: 0.831 ; accuracy: 0.999 ; precision: 0.933 ; recall: 0.891 ; loss: 0.106
2019-01-11 13:40:06,812:INFO: Epoch 29/45
2019-01-11 13:40:16,825:INFO: - Train metrics: dsc: 0.919 ; iou: 0.869 ; accuracy: 0.999 ; precision: 0.924 ; recall: 0.936 ; loss: 0.062
2019-01-11 13:40:17,942:INFO: - Eval metrics : dsc: 0.896 ; iou: 0.836 ; accuracy: 0.999 ; precision: 0.884 ; recall: 0.944 ; loss: 0.100
2019-01-11 13:40:17,972:INFO: Epoch 30/45
2019-01-11 13:40:28,110:INFO: - Train metrics: dsc: 0.919 ; iou: 0.868 ; accuracy: 0.999 ; precision: 0.924 ; recall: 0.936 ; loss: 0.059
2019-01-11 13:40:29,231:INFO: - Eval metrics : dsc: 0.890 ; iou: 0.830 ; accuracy: 0.999 ; precision: 0.902 ; recall: 0.915 ; loss: 0.104
2019-01-11 13:40:29,253:INFO: Epoch 31/45
2019-01-11 13:40:39,230:INFO: - Train metrics: dsc: 0.854 ; iou: 0.783 ; accuracy: 0.999 ; precision: 0.900 ; recall: 0.866 ; loss: 0.130
2019-01-11 13:40:40,364:INFO: - Eval metrics : dsc: 0.859 ; iou: 0.796 ; accuracy: 0.999 ; precision: 0.895 ; recall: 0.888 ; loss: 0.129
2019-01-11 13:40:40,392:INFO: Epoch 32/45
2019-01-11 13:40:50,557:INFO: - Train metrics: dsc: 0.857 ; iou: 0.786 ; accuracy: 0.999 ; precision: 0.889 ; recall: 0.878 ; loss: 0.123
2019-01-11 13:40:51,653:INFO: - Eval metrics : dsc: 0.878 ; iou: 0.812 ; accuracy: 0.999 ; precision: 0.915 ; recall: 0.884 ; loss: 0.109
2019-01-11 13:40:51,681:INFO: Epoch 33/45
2019-01-11 13:41:01,906:INFO: - Train metrics: dsc: 0.891 ; iou: 0.833 ; accuracy: 0.999 ; precision: 0.913 ; recall: 0.910 ; loss: 0.085
2019-01-11 13:41:03,016:INFO: - Eval metrics : dsc: 0.890 ; iou: 0.828 ; accuracy: 0.999 ; precision: 0.931 ; recall: 0.886 ; loss: 0.102
2019-01-11 13:41:03,044:INFO: Epoch 34/45
2019-01-11 13:41:13,142:INFO: - Train metrics: dsc: 0.902 ; iou: 0.846 ; accuracy: 0.999 ; precision: 0.915 ; recall: 0.922 ; loss: 0.074
2019-01-11 13:41:14,254:INFO: - Eval metrics : dsc: 0.880 ; iou: 0.816 ; accuracy: 0.999 ; precision: 0.916 ; recall: 0.886 ; loss: 0.111
2019-01-11 13:41:14,311:INFO: Epoch 35/45
2019-01-11 13:41:24,396:INFO: - Train metrics: dsc: 0.892 ; iou: 0.832 ; accuracy: 0.999 ; precision: 0.909 ; recall: 0.911 ; loss: 0.087
2019-01-11 13:41:25,521:INFO: - Eval metrics : dsc: 0.800 ; iou: 0.705 ; accuracy: 0.997 ; precision: 0.734 ; recall: 0.951 ; loss: 0.200
2019-01-11 13:41:25,550:INFO: Epoch 36/45
2019-01-11 13:41:35,526:INFO: - Train metrics: dsc: 0.882 ; iou: 0.818 ; accuracy: 0.999 ; precision: 0.900 ; recall: 0.903 ; loss: 0.095
2019-01-11 13:41:36,629:INFO: - Eval metrics : dsc: 0.857 ; iou: 0.793 ; accuracy: 0.999 ; precision: 0.895 ; recall: 0.888 ; loss: 0.133
2019-01-11 13:41:36,658:INFO: Epoch 37/45
2019-01-11 13:41:46,805:INFO: - Train metrics: dsc: 0.905 ; iou: 0.848 ; accuracy: 0.999 ; precision: 0.915 ; recall: 0.924 ; loss: 0.068
2019-01-11 13:41:47,925:INFO: - Eval metrics : dsc: 0.883 ; iou: 0.819 ; accuracy: 0.999 ; precision: 0.935 ; recall: 0.873 ; loss: 0.106
2019-01-11 13:41:47,943:INFO: Epoch 38/45
2019-01-11 13:41:58,065:INFO: - Train metrics: dsc: 0.905 ; iou: 0.850 ; accuracy: 0.999 ; precision: 0.911 ; recall: 0.930 ; loss: 0.071
2019-01-11 13:41:59,202:INFO: - Eval metrics : dsc: 0.891 ; iou: 0.831 ; accuracy: 0.999 ; precision: 0.895 ; recall: 0.929 ; loss: 0.099
2019-01-11 13:41:59,232:INFO: Epoch 39/45
2019-01-11 13:42:09,315:INFO: - Train metrics: dsc: 0.882 ; iou: 0.820 ; accuracy: 0.999 ; precision: 0.911 ; recall: 0.897 ; loss: 0.093
2019-01-11 13:42:10,443:INFO: - Eval metrics : dsc: 0.869 ; iou: 0.804 ; accuracy: 0.999 ; precision: 0.875 ; recall: 0.913 ; loss: 0.116
2019-01-11 13:42:10,471:INFO: Epoch 40/45
2019-01-11 13:42:20,684:INFO: - Train metrics: dsc: 0.876 ; iou: 0.809 ; accuracy: 0.999 ; precision: 0.902 ; recall: 0.892 ; loss: 0.098
2019-01-11 13:42:21,785:INFO: - Eval metrics : dsc: 0.883 ; iou: 0.823 ; accuracy: 0.999 ; precision: 0.902 ; recall: 0.903 ; loss: 0.103
2019-01-11 13:42:21,807:INFO: Epoch 41/45
2019-01-11 13:42:31,929:INFO: - Train metrics: dsc: 0.899 ; iou: 0.840 ; accuracy: 0.999 ; precision: 0.910 ; recall: 0.920 ; loss: 0.076
2019-01-11 13:42:33,002:INFO: - Eval metrics : dsc: 0.872 ; iou: 0.811 ; accuracy: 0.999 ; precision: 0.895 ; recall: 0.905 ; loss: 0.113
2019-01-11 13:42:33,032:INFO: Epoch 42/45
2019-01-11 13:42:43,129:INFO: - Train metrics: dsc: 0.825 ; iou: 0.752 ; accuracy: 0.998 ; precision: 0.899 ; recall: 0.832 ; loss: 0.145
2019-01-11 13:42:44,274:INFO: - Eval metrics : dsc: 0.859 ; iou: 0.797 ; accuracy: 0.999 ; precision: 0.901 ; recall: 0.882 ; loss: 0.129
2019-01-11 13:42:44,302:INFO: Epoch 43/45
2019-01-11 13:42:54,326:INFO: - Train metrics: dsc: 0.898 ; iou: 0.838 ; accuracy: 0.999 ; precision: 0.906 ; recall: 0.920 ; loss: 0.074
2019-01-11 13:42:55,442:INFO: - Eval metrics : dsc: 0.883 ; iou: 0.823 ; accuracy: 0.999 ; precision: 0.896 ; recall: 0.914 ; loss: 0.107
2019-01-11 13:42:55,471:INFO: Epoch 44/45
2019-01-11 13:43:05,485:INFO: - Train metrics: dsc: 0.904 ; iou: 0.845 ; accuracy: 0.999 ; precision: 0.908 ; recall: 0.928 ; loss: 0.068
2019-01-11 13:43:06,565:INFO: - Eval metrics : dsc: 0.884 ; iou: 0.827 ; accuracy: 0.999 ; precision: 0.918 ; recall: 0.894 ; loss: 0.101
2019-01-11 13:43:06,591:INFO: Epoch 45/45
2019-01-11 13:43:16,703:INFO: - Train metrics: dsc: 0.911 ; iou: 0.856 ; accuracy: 0.999 ; precision: 0.914 ; recall: 0.933 ; loss: 0.061
2019-01-11 13:43:17,790:INFO: - Eval metrics : dsc: 0.882 ; iou: 0.825 ; accuracy: 0.999 ; precision: 0.899 ; recall: 0.911 ; loss: 0.102
2019-01-11 13:43:17,896:INFO: Loading the datasets...
2019-01-11 13:43:22,298:INFO: - done.
2019-01-11 13:43:22,298:INFO: For k-fold 5/5:
2019-01-11 13:43:22,298:INFO: Starting training for 45 epoch(s)
2019-01-11 13:43:22,298:INFO: Epoch 1/45
2019-01-11 13:43:32,278:INFO: - Train metrics: dsc: 0.270 ; iou: 0.178 ; accuracy: 0.920 ; precision: 0.179 ; recall: 0.919 ; loss: 0.959
2019-01-11 13:43:33,304:INFO: - Eval metrics : dsc: 0.571 ; iou: 0.439 ; accuracy: 0.989 ; precision: 0.441 ; recall: 0.940 ; loss: 0.949
2019-01-11 13:43:33,330:INFO: - Found new best DSC
2019-01-11 13:43:33,330:INFO: Epoch 2/45
2019-01-11 13:43:43,319:INFO: - Train metrics: dsc: 0.578 ; iou: 0.439 ; accuracy: 0.990 ; precision: 0.441 ; recall: 0.969 ; loss: 0.940
2019-01-11 13:43:44,395:INFO: - Eval metrics : dsc: 0.734 ; iou: 0.616 ; accuracy: 0.996 ; precision: 0.646 ; recall: 0.952 ; loss: 0.933
2019-01-11 13:43:44,425:INFO: - Found new best DSC
2019-01-11 13:43:44,425:INFO: Epoch 3/45
2019-01-11 13:43:54,406:INFO: - Train metrics: dsc: 0.660 ; iou: 0.527 ; accuracy: 0.994 ; precision: 0.535 ; recall: 0.969 ; loss: 0.915
2019-01-11 13:43:55,496:INFO: - Eval metrics : dsc: 0.762 ; iou: 0.668 ; accuracy: 0.998 ; precision: 0.782 ; recall: 0.855 ; loss: 0.898
2019-01-11 13:43:55,524:INFO: - Found new best DSC
2019-01-11 13:43:55,524:INFO: Epoch 4/45
2019-01-11 13:44:05,708:INFO: - Train metrics: dsc: 0.699 ; iou: 0.578 ; accuracy: 0.995 ; precision: 0.591 ; recall: 0.959 ; loss: 0.855
2019-01-11 13:44:06,819:INFO: - Eval metrics : dsc: 0.811 ; iou: 0.727 ; accuracy: 0.998 ; precision: 0.830 ; recall: 0.881 ; loss: 0.781
2019-01-11 13:44:06,863:INFO: - Found new best DSC
2019-01-11 13:44:06,863:INFO: Epoch 5/45
2019-01-11 13:44:16,908:INFO: - Train metrics: dsc: 0.771 ; iou: 0.673 ; accuracy: 0.996 ; precision: 0.703 ; recall: 0.947 ; loss: 0.739
2019-01-11 13:44:17,966:INFO: - Eval metrics : dsc: 0.755 ; iou: 0.657 ; accuracy: 0.997 ; precision: 0.681 ; recall: 0.947 ; loss: 0.669
2019-01-11 13:44:17,993:INFO: Epoch 6/45
2019-01-11 13:44:28,018:INFO: - Train metrics: dsc: 0.836 ; iou: 0.755 ; accuracy: 0.998 ; precision: 0.792 ; recall: 0.949 ; loss: 0.579
2019-01-11 13:44:29,106:INFO: - Eval metrics : dsc: 0.850 ; iou: 0.778 ; accuracy: 0.999 ; precision: 0.848 ; recall: 0.920 ; loss: 0.503
2019-01-11 13:44:29,133:INFO: - Found new best DSC
2019-01-11 13:44:29,133:INFO: Epoch 7/45
2019-01-11 13:44:39,366:INFO: - Train metrics: dsc: 0.852 ; iou: 0.780 ; accuracy: 0.998 ; precision: 0.826 ; recall: 0.939 ; loss: 0.408
2019-01-11 13:44:40,490:INFO: - Eval metrics : dsc: 0.866 ; iou: 0.802 ; accuracy: 0.999 ; precision: 0.863 ; recall: 0.930 ; loss: 0.326
2019-01-11 13:44:40,523:INFO: - Found new best DSC
2019-01-11 13:44:40,523:INFO: Epoch 8/45
2019-01-11 13:44:50,579:INFO: - Train metrics: dsc: 0.876 ; iou: 0.812 ; accuracy: 0.999 ; precision: 0.866 ; recall: 0.931 ; loss: 0.284
2019-01-11 13:44:51,718:INFO: - Eval metrics : dsc: 0.865 ; iou: 0.796 ; accuracy: 0.999 ; precision: 0.839 ; recall: 0.938 ; loss: 0.269
2019-01-11 13:44:51,748:INFO: Epoch 9/45
2019-01-11 13:45:01,957:INFO: - Train metrics: dsc: 0.870 ; iou: 0.806 ; accuracy: 0.999 ; precision: 0.864 ; recall: 0.927 ; loss: 0.223
2019-01-11 13:45:03,061:INFO: - Eval metrics : dsc: 0.867 ; iou: 0.804 ; accuracy: 0.999 ; precision: 0.832 ; recall: 0.943 ; loss: 0.219
2019-01-11 13:45:03,096:INFO: - Found new best DSC
2019-01-11 13:45:03,097:INFO: Epoch 10/45
2019-01-11 13:45:13,255:INFO: - Train metrics: dsc: 0.880 ; iou: 0.816 ; accuracy: 0.999 ; precision: 0.880 ; recall: 0.923 ; loss: 0.191
2019-01-11 13:45:14,340:INFO: - Eval metrics : dsc: 0.872 ; iou: 0.813 ; accuracy: 0.999 ; precision: 0.874 ; recall: 0.921 ; loss: 0.189
2019-01-11 13:45:14,371:INFO: - Found new best DSC
2019-01-11 13:45:14,371:INFO: Epoch 11/45
2019-01-11 13:45:24,529:INFO: - Train metrics: dsc: 0.891 ; iou: 0.833 ; accuracy: 0.999 ; precision: 0.893 ; recall: 0.929 ; loss: 0.160
2019-01-11 13:45:25,630:INFO: - Eval metrics : dsc: 0.881 ; iou: 0.824 ; accuracy: 0.999 ; precision: 0.865 ; recall: 0.934 ; loss: 0.165
2019-01-11 13:45:25,663:INFO: - Found new best DSC
2019-01-11 13:45:25,664:INFO: Epoch 12/45
2019-01-11 13:45:36,003:INFO: - Train metrics: dsc: 0.890 ; iou: 0.832 ; accuracy: 0.999 ; precision: 0.889 ; recall: 0.928 ; loss: 0.150
2019-01-11 13:45:37,112:INFO: - Eval metrics : dsc: 0.844 ; iou: 0.773 ; accuracy: 0.999 ; precision: 0.796 ; recall: 0.956 ; loss: 0.182
2019-01-11 13:45:37,130:INFO: Epoch 13/45
2019-01-11 13:45:47,193:INFO: - Train metrics: dsc: 0.901 ; iou: 0.844 ; accuracy: 0.999 ; precision: 0.898 ; recall: 0.936 ; loss: 0.136
2019-01-11 13:45:48,274:INFO: - Eval metrics : dsc: 0.882 ; iou: 0.825 ; accuracy: 0.999 ; precision: 0.879 ; recall: 0.927 ; loss: 0.147
2019-01-11 13:45:48,309:INFO: - Found new best DSC
2019-01-11 13:45:48,309:INFO: Epoch 14/45
2019-01-11 13:45:58,350:INFO: - Train metrics: dsc: 0.905 ; iou: 0.849 ; accuracy: 0.999 ; precision: 0.901 ; recall: 0.939 ; loss: 0.127
2019-01-11 13:45:59,499:INFO: - Eval metrics : dsc: 0.885 ; iou: 0.825 ; accuracy: 0.999 ; precision: 0.930 ; recall: 0.884 ; loss: 0.151
2019-01-11 13:45:59,532:INFO: - Found new best DSC
2019-01-11 13:45:59,532:INFO: Epoch 15/45
2019-01-11 13:46:09,622:INFO: - Train metrics: dsc: 0.906 ; iou: 0.850 ; accuracy: 0.999 ; precision: 0.900 ; recall: 0.938 ; loss: 0.121
2019-01-11 13:46:10,695:INFO: - Eval metrics : dsc: 0.882 ; iou: 0.825 ; accuracy: 0.999 ; precision: 0.871 ; recall: 0.945 ; loss: 0.143
2019-01-11 13:46:10,723:INFO: Epoch 16/45
2019-01-11 13:46:20,854:INFO: - Train metrics: dsc: 0.908 ; iou: 0.854 ; accuracy: 0.999 ; precision: 0.905 ; recall: 0.940 ; loss: 0.116
2019-01-11 13:46:21,990:INFO: - Eval metrics : dsc: 0.874 ; iou: 0.815 ; accuracy: 0.999 ; precision: 0.873 ; recall: 0.919 ; loss: 0.137
2019-01-11 13:46:22,017:INFO: Epoch 17/45
2019-01-11 13:46:32,029:INFO: - Train metrics: dsc: 0.902 ; iou: 0.844 ; accuracy: 0.999 ; precision: 0.899 ; recall: 0.935 ; loss: 0.119
2019-01-11 13:46:33,117:INFO: - Eval metrics : dsc: 0.888 ; iou: 0.832 ; accuracy: 0.999 ; precision: 0.901 ; recall: 0.917 ; loss: 0.134
2019-01-11 13:46:33,148:INFO: - Found new best DSC
2019-01-11 13:46:33,149:INFO: Epoch 18/45
2019-01-11 13:46:43,149:INFO: - Train metrics: dsc: 0.911 ; iou: 0.857 ; accuracy: 0.999 ; precision: 0.911 ; recall: 0.937 ; loss: 0.110
2019-01-11 13:46:44,275:INFO: - Eval metrics : dsc: 0.890 ; iou: 0.831 ; accuracy: 0.999 ; precision: 0.893 ; recall: 0.928 ; loss: 0.132
2019-01-11 13:46:44,304:INFO: - Found new best DSC
2019-01-11 13:46:44,305:INFO: Epoch 19/45
2019-01-11 13:46:54,630:INFO: - Train metrics: dsc: 0.912 ; iou: 0.859 ; accuracy: 0.999 ; precision: 0.910 ; recall: 0.941 ; loss: 0.108
2019-01-11 13:46:55,770:INFO: - Eval metrics : dsc: 0.879 ; iou: 0.820 ; accuracy: 0.999 ; precision: 0.927 ; recall: 0.878 ; loss: 0.143
2019-01-11 13:46:55,793:INFO: Epoch 20/45
2019-01-11 13:47:05,871:INFO: - Train metrics: dsc: 0.907 ; iou: 0.851 ; accuracy: 0.999 ; precision: 0.907 ; recall: 0.935 ; loss: 0.109
2019-01-11 13:47:06,990:INFO: - Eval metrics : dsc: 0.890 ; iou: 0.834 ; accuracy: 0.999 ; precision: 0.891 ; recall: 0.934 ; loss: 0.131
2019-01-11 13:47:07,021:INFO: - Found new best DSC
2019-01-11 13:47:07,021:INFO: Epoch 21/45
2019-01-11 13:47:17,125:INFO: - Train metrics: dsc: 0.894 ; iou: 0.833 ; accuracy: 0.999 ; precision: 0.903 ; recall: 0.921 ; loss: 0.119
2019-01-11 13:47:18,202:INFO: - Eval metrics : dsc: 0.878 ; iou: 0.819 ; accuracy: 0.999 ; precision: 0.907 ; recall: 0.903 ; loss: 0.134
2019-01-11 13:47:18,226:INFO: Epoch 22/45
2019-01-11 13:47:28,373:INFO: - Train metrics: dsc: 0.907 ; iou: 0.851 ; accuracy: 0.999 ; precision: 0.909 ; recall: 0.934 ; loss: 0.106
2019-01-11 13:47:29,485:INFO: - Eval metrics : dsc: 0.889 ; iou: 0.832 ; accuracy: 0.999 ; precision: 0.902 ; recall: 0.920 ; loss: 0.123
2019-01-11 13:47:29,512:INFO: Epoch 23/45
2019-01-11 13:47:39,559:INFO: - Train metrics: dsc: 0.912 ; iou: 0.859 ; accuracy: 0.999 ; precision: 0.912 ; recall: 0.937 ; loss: 0.099
2019-01-11 13:47:40,681:INFO: - Eval metrics : dsc: 0.892 ; iou: 0.838 ; accuracy: 0.999 ; precision: 0.888 ; recall: 0.935 ; loss: 0.118
2019-01-11 13:47:40,714:INFO: - Found new best DSC
2019-01-11 13:47:40,715:INFO: Epoch 24/45
2019-01-11 13:47:50,814:INFO: - Train metrics: dsc: 0.918 ; iou: 0.866 ; accuracy: 0.999 ; precision: 0.917 ; recall: 0.940 ; loss: 0.091
2019-01-11 13:47:51,952:INFO: - Eval metrics : dsc: 0.894 ; iou: 0.838 ; accuracy: 0.999 ; precision: 0.911 ; recall: 0.916 ; loss: 0.115
2019-01-11 13:47:51,985:INFO: - Found new best DSC
2019-01-11 13:47:51,986:INFO: Epoch 25/45
2019-01-11 13:48:02,171:INFO: - Train metrics: dsc: 0.915 ; iou: 0.862 ; accuracy: 0.999 ; precision: 0.915 ; recall: 0.937 ; loss: 0.090
2019-01-11 13:48:03,313:INFO: - Eval metrics : dsc: 0.890 ; iou: 0.834 ; accuracy: 0.999 ; precision: 0.915 ; recall: 0.909 ; loss: 0.115
2019-01-11 13:48:03,345:INFO: Epoch 26/45
2019-01-11 13:48:13,479:INFO: - Train metrics: dsc: 0.914 ; iou: 0.860 ; accuracy: 0.999 ; precision: 0.917 ; recall: 0.935 ; loss: 0.087
2019-01-11 13:48:14,547:INFO: - Eval metrics : dsc: 0.889 ; iou: 0.833 ; accuracy: 0.999 ; precision: 0.899 ; recall: 0.926 ; loss: 0.109
2019-01-11 13:48:14,575:INFO: Epoch 27/45
2019-01-11 13:48:24,624:INFO: - Train metrics: dsc: 0.888 ; iou: 0.827 ; accuracy: 0.999 ; precision: 0.903 ; recall: 0.912 ; loss: 0.108
2019-01-11 13:48:25,671:INFO: - Eval metrics : dsc: 0.844 ; iou: 0.776 ; accuracy: 0.999 ; precision: 0.918 ; recall: 0.844 ; loss: 0.155
2019-01-11 13:48:25,721:INFO: Epoch 28/45
2019-01-11 13:48:35,846:INFO: - Train metrics: dsc: 0.884 ; iou: 0.820 ; accuracy: 0.999 ; precision: 0.903 ; recall: 0.904 ; loss: 0.109
2019-01-11 13:48:36,948:INFO: - Eval metrics : dsc: 0.861 ; iou: 0.798 ; accuracy: 0.999 ; precision: 0.873 ; recall: 0.894 ; loss: 0.131
2019-01-11 13:48:36,978:INFO: Epoch 29/45
2019-01-11 13:48:47,125:INFO: - Train metrics: dsc: 0.863 ; iou: 0.795 ; accuracy: 0.999 ; precision: 0.893 ; recall: 0.886 ; loss: 0.129
2019-01-11 13:48:48,278:INFO: - Eval metrics : dsc: 0.884 ; iou: 0.822 ; accuracy: 0.999 ; precision: 0.891 ; recall: 0.916 ; loss: 0.108
2019-01-11 13:48:48,295:INFO: Epoch 30/45
2019-01-11 13:48:58,393:INFO: - Train metrics: dsc: 0.869 ; iou: 0.809 ; accuracy: 0.999 ; precision: 0.919 ; recall: 0.880 ; loss: 0.117
2019-01-11 13:48:59,484:INFO: - Eval metrics : dsc: 0.825 ; iou: 0.751 ; accuracy: 0.998 ; precision: 0.839 ; recall: 0.888 ; loss: 0.158
2019-01-11 13:48:59,512:INFO: Epoch 31/45
2019-01-11 13:49:09,499:INFO: - Train metrics: dsc: 0.880 ; iou: 0.818 ; accuracy: 0.999 ; precision: 0.909 ; recall: 0.899 ; loss: 0.105
2019-01-11 13:49:10,575:INFO: - Eval metrics : dsc: 0.876 ; iou: 0.814 ; accuracy: 0.999 ; precision: 0.866 ; recall: 0.934 ; loss: 0.108
2019-01-11 13:49:10,603:INFO: Epoch 32/45
2019-01-11 13:49:20,615:INFO: - Train metrics: dsc: 0.844 ; iou: 0.773 ; accuracy: 0.998 ; precision: 0.910 ; recall: 0.848 ; loss: 0.138
2019-01-11 13:49:21,768:INFO: - Eval metrics : dsc: 0.868 ; iou: 0.801 ; accuracy: 0.999 ; precision: 0.854 ; recall: 0.921 ; loss: 0.116
2019-01-11 13:49:21,799:INFO: Epoch 33/45
2019-01-11 13:49:31,945:INFO: - Train metrics: dsc: 0.881 ; iou: 0.816 ; accuracy: 0.999 ; precision: 0.902 ; recall: 0.901 ; loss: 0.103
2019-01-11 13:49:33,004:INFO: - Eval metrics : dsc: 0.884 ; iou: 0.821 ; accuracy: 0.999 ; precision: 0.899 ; recall: 0.907 ; loss: 0.099
2019-01-11 13:49:33,032:INFO: Epoch 34/45
2019-01-11 13:49:43,203:INFO: - Train metrics: dsc: 0.895 ; iou: 0.836 ; accuracy: 0.999 ; precision: 0.907 ; recall: 0.920 ; loss: 0.087
2019-01-11 13:49:44,331:INFO: - Eval metrics : dsc: 0.891 ; iou: 0.833 ; accuracy: 0.999 ; precision: 0.889 ; recall: 0.930 ; loss: 0.090
2019-01-11 13:49:44,353:INFO: Epoch 35/45
2019-01-11 13:49:54,386:INFO: - Train metrics: dsc: 0.909 ; iou: 0.852 ; accuracy: 0.999 ; precision: 0.915 ; recall: 0.929 ; loss: 0.070
2019-01-11 13:49:55,470:INFO: - Eval metrics : dsc: 0.889 ; iou: 0.831 ; accuracy: 0.999 ; precision: 0.873 ; recall: 0.945 ; loss: 0.091
2019-01-11 13:49:55,498:INFO: Epoch 36/45
2019-01-11 13:50:05,675:INFO: - Train metrics: dsc: 0.910 ; iou: 0.854 ; accuracy: 0.999 ; precision: 0.917 ; recall: 0.929 ; loss: 0.067
2019-01-11 13:50:06,802:INFO: - Eval metrics : dsc: 0.896 ; iou: 0.841 ; accuracy: 0.999 ; precision: 0.898 ; recall: 0.929 ; loss: 0.083
2019-01-11 13:50:06,830:INFO: - Found new best DSC
2019-01-11 13:50:06,830:INFO: Epoch 37/45
2019-01-11 13:50:16,878:INFO: - Train metrics: dsc: 0.915 ; iou: 0.861 ; accuracy: 0.999 ; precision: 0.920 ; recall: 0.932 ; loss: 0.061
2019-01-11 13:50:17,986:INFO: - Eval metrics : dsc: 0.890 ; iou: 0.832 ; accuracy: 0.999 ; precision: 0.926 ; recall: 0.897 ; loss: 0.088
2019-01-11 13:50:18,010:INFO: Epoch 38/45
2019-01-11 13:50:28,136:INFO: - Train metrics: dsc: 0.916 ; iou: 0.862 ; accuracy: 0.999 ; precision: 0.920 ; recall: 0.934 ; loss: 0.059
2019-01-11 13:50:29,241:INFO: - Eval metrics : dsc: 0.896 ; iou: 0.841 ; accuracy: 0.999 ; precision: 0.908 ; recall: 0.923 ; loss: 0.082
2019-01-11 13:50:29,272:INFO: Epoch 39/45
2019-01-11 13:50:39,317:INFO: - Train metrics: dsc: 0.917 ; iou: 0.863 ; accuracy: 0.999 ; precision: 0.923 ; recall: 0.932 ; loss: 0.057
2019-01-11 13:50:40,363:INFO: - Eval metrics : dsc: 0.893 ; iou: 0.838 ; accuracy: 0.999 ; precision: 0.894 ; recall: 0.935 ; loss: 0.085
2019-01-11 13:50:40,391:INFO: Epoch 40/45
2019-01-11 13:50:50,511:INFO: - Train metrics: dsc: 0.920 ; iou: 0.869 ; accuracy: 0.999 ; precision: 0.924 ; recall: 0.937 ; loss: 0.053
2019-01-11 13:50:51,607:INFO: - Eval metrics : dsc: 0.891 ; iou: 0.837 ; accuracy: 0.999 ; precision: 0.889 ; recall: 0.939 ; loss: 0.086
2019-01-11 13:50:51,639:INFO: Epoch 41/45
2019-01-11 13:51:01,670:INFO: - Train metrics: dsc: 0.920 ; iou: 0.869 ; accuracy: 0.999 ; precision: 0.925 ; recall: 0.935 ; loss: 0.053
2019-01-11 13:51:02,770:INFO: - Eval metrics : dsc: 0.892 ; iou: 0.839 ; accuracy: 0.999 ; precision: 0.914 ; recall: 0.915 ; loss: 0.084
2019-01-11 13:51:02,798:INFO: Epoch 42/45
2019-01-11 13:51:12,809:INFO: - Train metrics: dsc: 0.921 ; iou: 0.871 ; accuracy: 0.999 ; precision: 0.924 ; recall: 0.938 ; loss: 0.052
2019-01-11 13:51:13,939:INFO: - Eval metrics : dsc: 0.893 ; iou: 0.840 ; accuracy: 0.999 ; precision: 0.900 ; recall: 0.931 ; loss: 0.084
2019-01-11 13:51:13,970:INFO: Epoch 43/45
2019-01-11 13:51:24,033:INFO: - Train metrics: dsc: 0.921 ; iou: 0.870 ; accuracy: 0.999 ; precision: 0.924 ; recall: 0.938 ; loss: 0.054
2019-01-11 13:51:25,134:INFO: - Eval metrics : dsc: 0.888 ; iou: 0.827 ; accuracy: 0.999 ; precision: 0.922 ; recall: 0.895 ; loss: 0.090
2019-01-11 13:51:25,160:INFO: Epoch 44/45
2019-01-11 13:51:35,146:INFO: - Train metrics: dsc: 0.909 ; iou: 0.852 ; accuracy: 0.999 ; precision: 0.914 ; recall: 0.929 ; loss: 0.070
2019-01-11 13:51:36,293:INFO: - Eval metrics : dsc: 0.884 ; iou: 0.826 ; accuracy: 0.999 ; precision: 0.897 ; recall: 0.919 ; loss: 0.097
2019-01-11 13:51:36,319:INFO: Epoch 45/45
2019-01-11 13:51:46,356:INFO: - Train metrics: dsc: 0.895 ; iou: 0.839 ; accuracy: 0.999 ; precision: 0.924 ; recall: 0.907 ; loss: 0.080
2019-01-11 13:51:47,497:INFO: - Eval metrics : dsc: 0.695 ; iou: 0.577 ; accuracy: 0.994 ; precision: 0.611 ; recall: 0.940 ; loss: 0.306
2019-01-13 18:32:51,075:INFO: Loading the datasets...
2019-01-13 18:32:56,564:INFO: - done.
2019-01-13 18:32:56,565:INFO: Starting training for 45 epoch(s)
2019-01-13 18:32:56,565:INFO: Epoch 1/45
2019-01-13 18:33:09,379:INFO: - Train metrics: dsc: 0.329 ; iou: 0.225 ; accuracy: 0.937 ; precision: 0.226 ; recall: 0.930 ; loss: 0.956
2019-01-13 18:33:10,498:INFO: - Eval metrics : dsc: 0.728 ; iou: 0.612 ; accuracy: 0.996 ; precision: 0.679 ; recall: 0.919 ; loss: 0.944
2019-01-13 18:33:10,533:INFO: - Found new best DSC
2019-01-13 18:33:10,533:INFO: Epoch 2/45
2019-01-13 18:33:22,963:INFO: - Train metrics: dsc: 0.608 ; iou: 0.469 ; accuracy: 0.992 ; precision: 0.472 ; recall: 0.972 ; loss: 0.933
2019-01-13 18:33:24,083:INFO: - Eval metrics : dsc: 0.687 ; iou: 0.554 ; accuracy: 0.994 ; precision: 0.569 ; recall: 0.960 ; loss: 0.915
2019-01-13 18:33:24,119:INFO: Epoch 3/45
2019-01-13 18:33:36,425:INFO: - Train metrics: dsc: 0.670 ; iou: 0.544 ; accuracy: 0.994 ; precision: 0.557 ; recall: 0.959 ; loss: 0.887
2019-01-13 18:33:37,525:INFO: - Eval metrics : dsc: 0.744 ; iou: 0.628 ; accuracy: 0.996 ; precision: 0.697 ; recall: 0.909 ; loss: 0.831
2019-01-13 18:33:37,554:INFO: - Found new best DSC
2019-01-13 18:33:37,555:INFO: Epoch 4/45
2019-01-13 18:33:49,950:INFO: - Train metrics: dsc: 0.748 ; iou: 0.641 ; accuracy: 0.996 ; precision: 0.664 ; recall: 0.953 ; loss: 0.769
2019-01-13 18:33:50,996:INFO: - Eval metrics : dsc: 0.817 ; iou: 0.729 ; accuracy: 0.998 ; precision: 0.773 ; recall: 0.933 ; loss: 0.698
2019-01-13 18:33:51,026:INFO: - Found new best DSC
2019-01-13 18:33:51,026:INFO: Epoch 5/45
2019-01-13 18:34:03,390:INFO: - Train metrics: dsc: 0.827 ; iou: 0.743 ; accuracy: 0.998 ; precision: 0.786 ; recall: 0.941 ; loss: 0.571
2019-01-13 18:34:04,530:INFO: - Eval metrics : dsc: 0.885 ; iou: 0.820 ; accuracy: 0.999 ; precision: 0.902 ; recall: 0.913 ; loss: 0.484
2019-01-13 18:34:04,557:INFO: - Found new best DSC
2019-01-13 18:34:04,558:INFO: Epoch 6/45
2019-01-13 18:34:16,946:INFO: - Train metrics: dsc: 0.858 ; iou: 0.789 ; accuracy: 0.999 ; precision: 0.844 ; recall: 0.929 ; loss: 0.347
2019-01-13 18:34:18,026:INFO: - Eval metrics : dsc: 0.870 ; iou: 0.802 ; accuracy: 0.999 ; precision: 0.849 ; recall: 0.935 ; loss: 0.258
2019-01-13 18:34:18,046:INFO: Epoch 7/45
2019-01-13 18:34:30,526:INFO: - Train metrics: dsc: 0.866 ; iou: 0.801 ; accuracy: 0.999 ; precision: 0.867 ; recall: 0.917 ; loss: 0.235
2019-01-13 18:34:31,634:INFO: - Eval metrics : dsc: 0.893 ; iou: 0.837 ; accuracy: 0.999 ; precision: 0.921 ; recall: 0.910 ; loss: 0.184
2019-01-13 18:34:31,667:INFO: - Found new best DSC
2019-01-13 18:34:31,667:INFO: Epoch 8/45
2019-01-13 18:34:44,176:INFO: - Train metrics: dsc: 0.885 ; iou: 0.825 ; accuracy: 0.999 ; precision: 0.883 ; recall: 0.927 ; loss: 0.182
2019-01-13 18:34:45,322:INFO: - Eval metrics : dsc: 0.925 ; iou: 0.873 ; accuracy: 0.999 ; precision: 0.936 ; recall: 0.932 ; loss: 0.141
2019-01-13 18:34:45,351:INFO: - Found new best DSC
2019-01-13 18:34:45,351:INFO: Epoch 9/45
2019-01-13 18:34:57,833:INFO: - Train metrics: dsc: 0.885 ; iou: 0.823 ; accuracy: 0.999 ; precision: 0.882 ; recall: 0.928 ; loss: 0.163
2019-01-13 18:34:58,977:INFO: - Eval metrics : dsc: 0.919 ; iou: 0.864 ; accuracy: 0.999 ; precision: 0.925 ; recall: 0.934 ; loss: 0.125
2019-01-13 18:34:59,014:INFO: Epoch 10/45
2019-01-13 18:35:11,612:INFO: - Train metrics: dsc: 0.892 ; iou: 0.833 ; accuracy: 0.999 ; precision: 0.890 ; recall: 0.931 ; loss: 0.144
2019-01-13 18:35:12,704:INFO: - Eval metrics : dsc: 0.906 ; iou: 0.847 ; accuracy: 0.999 ; precision: 0.897 ; recall: 0.937 ; loss: 0.127
2019-01-13 18:35:12,731:INFO: Epoch 11/45
2019-01-13 18:35:25,280:INFO: - Train metrics: dsc: 0.894 ; iou: 0.835 ; accuracy: 0.999 ; precision: 0.890 ; recall: 0.934 ; loss: 0.135
2019-01-13 18:35:26,327:INFO: - Eval metrics : dsc: 0.923 ; iou: 0.868 ; accuracy: 0.999 ; precision: 0.945 ; recall: 0.918 ; loss: 0.103
2019-01-13 18:35:26,356:INFO: Epoch 12/45
2019-01-13 18:35:38,780:INFO: - Train metrics: dsc: 0.901 ; iou: 0.845 ; accuracy: 0.999 ; precision: 0.898 ; recall: 0.937 ; loss: 0.123
2019-01-13 18:35:39,901:INFO: - Eval metrics : dsc: 0.926 ; iou: 0.874 ; accuracy: 0.999 ; precision: 0.929 ; recall: 0.941 ; loss: 0.097
2019-01-13 18:35:39,933:INFO: - Found new best DSC
2019-01-13 18:35:39,933:INFO: Epoch 13/45
2019-01-13 18:35:52,697:INFO: - Train metrics: dsc: 0.899 ; iou: 0.842 ; accuracy: 0.999 ; precision: 0.897 ; recall: 0.936 ; loss: 0.121
2019-01-13 18:35:53,809:INFO: - Eval metrics : dsc: 0.930 ; iou: 0.879 ; accuracy: 0.999 ; precision: 0.949 ; recall: 0.925 ; loss: 0.092
2019-01-13 18:35:53,832:INFO: - Found new best DSC
2019-01-13 18:35:53,833:INFO: Epoch 14/45
2019-01-13 18:36:06,656:INFO: - Train metrics: dsc: 0.901 ; iou: 0.844 ; accuracy: 0.999 ; precision: 0.904 ; recall: 0.930 ; loss: 0.121
2019-01-13 18:36:07,783:INFO: - Eval metrics : dsc: 0.890 ; iou: 0.814 ; accuracy: 0.999 ; precision: 0.969 ; recall: 0.840 ; loss: 0.125
2019-01-13 18:36:07,815:INFO: Epoch 15/45
2019-01-13 18:36:20,541:INFO: - Train metrics: dsc: 0.903 ; iou: 0.845 ; accuracy: 0.999 ; precision: 0.904 ; recall: 0.931 ; loss: 0.116
2019-01-13 18:36:21,647:INFO: - Eval metrics : dsc: 0.922 ; iou: 0.865 ; accuracy: 0.999 ; precision: 0.899 ; recall: 0.961 ; loss: 0.092
2019-01-13 18:36:21,674:INFO: Epoch 16/45
2019-01-13 18:36:34,175:INFO: - Train metrics: dsc: 0.909 ; iou: 0.854 ; accuracy: 0.999 ; precision: 0.907 ; recall: 0.938 ; loss: 0.108
2019-01-13 18:36:35,280:INFO: - Eval metrics : dsc: 0.924 ; iou: 0.870 ; accuracy: 0.999 ; precision: 0.928 ; recall: 0.936 ; loss: 0.081
2019-01-13 18:36:35,310:INFO: Epoch 17/45
2019-01-13 18:36:47,821:INFO: - Train metrics: dsc: 0.912 ; iou: 0.858 ; accuracy: 0.999 ; precision: 0.911 ; recall: 0.938 ; loss: 0.102
2019-01-13 18:36:48,970:INFO: - Eval metrics : dsc: 0.925 ; iou: 0.876 ; accuracy: 0.999 ; precision: 0.942 ; recall: 0.928 ; loss: 0.085
2019-01-13 18:36:49,002:INFO: Epoch 18/45
2019-01-13 18:37:01,465:INFO: - Train metrics: dsc: 0.907 ; iou: 0.851 ; accuracy: 0.999 ; precision: 0.912 ; recall: 0.928 ; loss: 0.103
2019-01-13 18:37:02,524:INFO: - Eval metrics : dsc: 0.899 ; iou: 0.840 ; accuracy: 0.999 ; precision: 0.895 ; recall: 0.942 ; loss: 0.106
2019-01-13 18:37:02,552:INFO: Epoch 19/45
2019-01-13 18:37:15,121:INFO: - Train metrics: dsc: 0.902 ; iou: 0.845 ; accuracy: 0.999 ; precision: 0.910 ; recall: 0.926 ; loss: 0.101
2019-01-13 18:37:16,185:INFO: - Eval metrics : dsc: 0.905 ; iou: 0.852 ; accuracy: 0.999 ; precision: 0.935 ; recall: 0.912 ; loss: 0.100
2019-01-13 18:37:16,214:INFO: Epoch 20/45
2019-01-13 18:37:28,664:INFO: - Train metrics: dsc: 0.882 ; iou: 0.821 ; accuracy: 0.999 ; precision: 0.902 ; recall: 0.903 ; loss: 0.117
2019-01-13 18:37:29,746:INFO: - Eval metrics : dsc: 0.908 ; iou: 0.852 ; accuracy: 0.999 ; precision: 0.940 ; recall: 0.906 ; loss: 0.087
2019-01-13 18:37:29,776:INFO: Epoch 21/45
2019-01-13 18:37:42,304:INFO: - Train metrics: dsc: 0.901 ; iou: 0.843 ; accuracy: 0.999 ; precision: 0.911 ; recall: 0.921 ; loss: 0.091
2019-01-13 18:37:43,461:INFO: - Eval metrics : dsc: 0.912 ; iou: 0.863 ; accuracy: 0.999 ; precision: 0.938 ; recall: 0.920 ; loss: 0.078
2019-01-13 18:37:43,492:INFO: Epoch 22/45
2019-01-13 18:37:56,044:INFO: - Train metrics: dsc: 0.903 ; iou: 0.847 ; accuracy: 0.999 ; precision: 0.917 ; recall: 0.921 ; loss: 0.082
2019-01-13 18:37:57,210:INFO: - Eval metrics : dsc: 0.914 ; iou: 0.855 ; accuracy: 0.999 ; precision: 0.948 ; recall: 0.902 ; loss: 0.076
2019-01-13 18:37:57,239:INFO: Epoch 23/45
2019-01-13 18:38:09,846:INFO: - Train metrics: dsc: 0.904 ; iou: 0.849 ; accuracy: 0.999 ; precision: 0.910 ; recall: 0.929 ; loss: 0.081
2019-01-13 18:38:10,961:INFO: - Eval metrics : dsc: 0.910 ; iou: 0.854 ; accuracy: 0.999 ; precision: 0.974 ; recall: 0.875 ; loss: 0.078
2019-01-13 18:38:10,987:INFO: Epoch 24/45
2019-01-13 18:38:23,492:INFO: - Train metrics: dsc: 0.891 ; iou: 0.831 ; accuracy: 0.999 ; precision: 0.912 ; recall: 0.909 ; loss: 0.094
2019-01-13 18:38:24,652:INFO: - Eval metrics : dsc: 0.918 ; iou: 0.867 ; accuracy: 0.999 ; precision: 0.934 ; recall: 0.928 ; loss: 0.069
2019-01-13 18:38:24,682:INFO: Epoch 25/45
2019-01-13 18:38:37,217:INFO: - Train metrics: dsc: 0.905 ; iou: 0.850 ; accuracy: 0.999 ; precision: 0.913 ; recall: 0.929 ; loss: 0.077
2019-01-13 18:38:38,356:INFO: - Eval metrics : dsc: 0.920 ; iou: 0.869 ; accuracy: 0.999 ; precision: 0.916 ; recall: 0.949 ; loss: 0.066
2019-01-13 18:38:38,385:INFO: Epoch 26/45
2019-01-13 18:38:51,142:INFO: - Train metrics: dsc: 0.911 ; iou: 0.859 ; accuracy: 0.999 ; precision: 0.920 ; recall: 0.930 ; loss: 0.065
2019-01-13 18:38:52,314:INFO: - Eval metrics : dsc: 0.921 ; iou: 0.873 ; accuracy: 0.999 ; precision: 0.951 ; recall: 0.916 ; loss: 0.064
2019-01-13 18:38:52,339:INFO: Epoch 27/45
2019-01-13 18:39:04,847:INFO: - Train metrics: dsc: 0.915 ; iou: 0.863 ; accuracy: 0.999 ; precision: 0.923 ; recall: 0.931 ; loss: 0.062
2019-01-13 18:39:05,945:INFO: - Eval metrics : dsc: 0.921 ; iou: 0.872 ; accuracy: 0.999 ; precision: 0.932 ; recall: 0.934 ; loss: 0.064
2019-01-13 18:39:05,975:INFO: Epoch 28/45
2019-01-13 18:39:18,459:INFO: - Train metrics: dsc: 0.908 ; iou: 0.854 ; accuracy: 0.999 ; precision: 0.910 ; recall: 0.935 ; loss: 0.073
2019-01-13 18:39:19,638:INFO: - Eval metrics : dsc: 0.917 ; iou: 0.864 ; accuracy: 0.999 ; precision: 0.962 ; recall: 0.897 ; loss: 0.067
2019-01-13 18:39:19,666:INFO: Epoch 29/45
2019-01-13 18:39:32,264:INFO: - Train metrics: dsc: 0.912 ; iou: 0.859 ; accuracy: 0.999 ; precision: 0.917 ; recall: 0.933 ; loss: 0.065
2019-01-13 18:39:33,383:INFO: - Eval metrics : dsc: 0.924 ; iou: 0.874 ; accuracy: 0.999 ; precision: 0.935 ; recall: 0.935 ; loss: 0.060
2019-01-13 18:39:33,410:INFO: Epoch 30/45
2019-01-13 18:39:45,925:INFO: - Train metrics: dsc: 0.913 ; iou: 0.860 ; accuracy: 0.999 ; precision: 0.920 ; recall: 0.932 ; loss: 0.065
2019-01-13 18:39:47,021:INFO: - Eval metrics : dsc: 0.910 ; iou: 0.844 ; accuracy: 0.999 ; precision: 0.967 ; recall: 0.871 ; loss: 0.074
2019-01-13 18:39:47,050:INFO: Epoch 31/45
2019-01-13 18:39:59,579:INFO: - Train metrics: dsc: 0.913 ; iou: 0.859 ; accuracy: 0.999 ; precision: 0.917 ; recall: 0.934 ; loss: 0.065
2019-01-13 18:40:00,745:INFO: - Eval metrics : dsc: 0.926 ; iou: 0.878 ; accuracy: 0.999 ; precision: 0.940 ; recall: 0.933 ; loss: 0.058
2019-01-13 18:40:00,773:INFO: Epoch 32/45
2019-01-13 18:40:13,354:INFO: - Train metrics: dsc: 0.914 ; iou: 0.862 ; accuracy: 0.999 ; precision: 0.918 ; recall: 0.935 ; loss: 0.062
2019-01-13 18:40:14,452:INFO: - Eval metrics : dsc: 0.917 ; iou: 0.867 ; accuracy: 0.999 ; precision: 0.932 ; recall: 0.929 ; loss: 0.067
2019-01-13 18:40:14,480:INFO: Epoch 33/45
2019-01-13 18:40:27,111:INFO: - Train metrics: dsc: 0.878 ; iou: 0.816 ; accuracy: 0.999 ; precision: 0.903 ; recall: 0.899 ; loss: 0.101
2019-01-13 18:40:28,255:INFO: - Eval metrics : dsc: 0.914 ; iou: 0.859 ; accuracy: 0.999 ; precision: 0.922 ; recall: 0.933 ; loss: 0.071
2019-01-13 18:40:28,284:INFO: Epoch 34/45
2019-01-13 18:40:40,793:INFO: - Train metrics: dsc: 0.878 ; iou: 0.817 ; accuracy: 0.999 ; precision: 0.908 ; recall: 0.896 ; loss: 0.099
2019-01-13 18:40:41,963:INFO: - Eval metrics : dsc: 0.893 ; iou: 0.833 ; accuracy: 0.999 ; precision: 0.902 ; recall: 0.924 ; loss: 0.093
2019-01-13 18:40:41,990:INFO: Epoch 35/45
2019-01-13 18:40:54,476:INFO: - Train metrics: dsc: 0.886 ; iou: 0.826 ; accuracy: 0.999 ; precision: 0.905 ; recall: 0.909 ; loss: 0.092
2019-01-13 18:40:55,563:INFO: - Eval metrics : dsc: 0.915 ; iou: 0.863 ; accuracy: 0.999 ; precision: 0.941 ; recall: 0.918 ; loss: 0.069
2019-01-13 18:40:55,583:INFO: Epoch 36/45
2019-01-13 18:41:08,034:INFO: - Train metrics: dsc: 0.896 ; iou: 0.838 ; accuracy: 0.999 ; precision: 0.917 ; recall: 0.911 ; loss: 0.079
2019-01-13 18:41:09,110:INFO: - Eval metrics : dsc: 0.924 ; iou: 0.872 ; accuracy: 0.999 ; precision: 0.928 ; recall: 0.938 ; loss: 0.060
2019-01-13 18:41:09,138:INFO: Epoch 37/45
2019-01-13 18:41:21,714:INFO: - Train metrics: dsc: 0.903 ; iou: 0.848 ; accuracy: 0.999 ; precision: 0.912 ; recall: 0.927 ; loss: 0.075
2019-01-13 18:41:22,879:INFO: - Eval metrics : dsc: 0.918 ; iou: 0.868 ; accuracy: 0.999 ; precision: 0.935 ; recall: 0.928 ; loss: 0.066
2019-01-13 18:41:22,906:INFO: Epoch 38/45
2019-01-13 18:41:35,458:INFO: - Train metrics: dsc: 0.911 ; iou: 0.857 ; accuracy: 0.999 ; precision: 0.921 ; recall: 0.928 ; loss: 0.062
2019-01-13 18:41:36,593:INFO: - Eval metrics : dsc: 0.920 ; iou: 0.873 ; accuracy: 0.999 ; precision: 0.937 ; recall: 0.931 ; loss: 0.063
2019-01-13 18:41:36,621:INFO: Epoch 39/45
2019-01-13 18:41:49,221:INFO: - Train metrics: dsc: 0.915 ; iou: 0.863 ; accuracy: 0.999 ; precision: 0.921 ; recall: 0.933 ; loss: 0.058
2019-01-13 18:41:50,329:INFO: - Eval metrics : dsc: 0.924 ; iou: 0.873 ; accuracy: 0.999 ; precision: 0.917 ; recall: 0.950 ; loss: 0.059
2019-01-13 18:41:50,349:INFO: Epoch 40/45
2019-01-13 18:42:02,898:INFO: - Train metrics: dsc: 0.918 ; iou: 0.865 ; accuracy: 0.999 ; precision: 0.920 ; recall: 0.936 ; loss: 0.056
2019-01-13 18:42:04,007:INFO: - Eval metrics : dsc: 0.932 ; iou: 0.881 ; accuracy: 0.999 ; precision: 0.948 ; recall: 0.929 ; loss: 0.052
2019-01-13 18:42:04,040:INFO: - Found new best DSC
2019-01-13 18:42:04,040:INFO: Epoch 41/45
2019-01-13 18:42:16,735:INFO: - Train metrics: dsc: 0.910 ; iou: 0.857 ; accuracy: 0.999 ; precision: 0.918 ; recall: 0.928 ; loss: 0.063
2019-01-13 18:42:17,832:INFO: - Eval metrics : dsc: 0.860 ; iou: 0.791 ; accuracy: 0.998 ; precision: 0.969 ; recall: 0.816 ; loss: 0.124
2019-01-13 18:42:17,859:INFO: Epoch 42/45
2019-01-13 18:42:30,422:INFO: - Train metrics: dsc: 0.890 ; iou: 0.830 ; accuracy: 0.999 ; precision: 0.915 ; recall: 0.904 ; loss: 0.083
2019-01-13 18:42:31,556:INFO: - Eval metrics : dsc: 0.918 ; iou: 0.864 ; accuracy: 0.999 ; precision: 0.957 ; recall: 0.900 ; loss: 0.066
2019-01-13 18:42:31,577:INFO: Epoch 43/45
2019-01-13 18:42:44,316:INFO: - Train metrics: dsc: 0.911 ; iou: 0.856 ; accuracy: 0.999 ; precision: 0.920 ; recall: 0.927 ; loss: 0.063
2019-01-13 18:42:45,391:INFO: - Eval metrics : dsc: 0.925 ; iou: 0.877 ; accuracy: 0.999 ; precision: 0.934 ; recall: 0.938 ; loss: 0.058
2019-01-13 18:42:45,429:INFO: Epoch 44/45
2019-01-13 18:42:57,921:INFO: - Train metrics: dsc: 0.912 ; iou: 0.859 ; accuracy: 0.999 ; precision: 0.920 ; recall: 0.930 ; loss: 0.060
2019-01-13 18:42:59,008:INFO: - Eval metrics : dsc: 0.921 ; iou: 0.870 ; accuracy: 0.999 ; precision: 0.959 ; recall: 0.906 ; loss: 0.062
2019-01-13 18:42:59,036:INFO: Epoch 45/45
2019-01-13 18:43:11,544:INFO: - Train metrics: dsc: 0.899 ; iou: 0.841 ; accuracy: 0.999 ; precision: 0.912 ; recall: 0.919 ; loss: 0.075
2019-01-13 18:43:12,683:INFO: - Eval metrics : dsc: 0.917 ; iou: 0.858 ; accuracy: 0.999 ; precision: 0.966 ; recall: 0.886 ; loss: 0.066
