2019-01-18 21:20:21,224:INFO: Loading the datasets...
2019-01-18 21:20:25,623:INFO: - done.
2019-01-18 21:20:25,623:INFO: For k-fold 1/5:
2019-01-18 21:20:25,623:INFO: Starting training for 45 epoch(s)
2019-01-18 21:20:25,623:INFO: Epoch 1/45
2019-01-18 21:20:36,313:INFO: - Train metrics: dsc: 0.635 ; iou: 0.526 ; accuracy: 0.914 ; precision: 0.666 ; recall: 0.643 ; loss: 0.415
2019-01-18 21:20:37,393:INFO: - Eval metrics : dsc: 0.809 ; iou: 0.732 ; accuracy: 0.963 ; precision: 0.845 ; recall: 0.815 ; loss: 0.311
2019-01-18 21:20:37,410:INFO: - Found new best DSC
2019-01-18 21:20:37,410:INFO: Epoch 2/45
2019-01-18 21:20:48,144:INFO: - Train metrics: dsc: 0.831 ; iou: 0.751 ; accuracy: 0.966 ; precision: 0.843 ; recall: 0.842 ; loss: 0.277
2019-01-18 21:20:49,226:INFO: - Eval metrics : dsc: 0.849 ; iou: 0.781 ; accuracy: 0.973 ; precision: 0.905 ; recall: 0.834 ; loss: 0.239
2019-01-18 21:20:49,247:INFO: - Found new best DSC
2019-01-18 21:20:49,247:INFO: Epoch 3/45
2019-01-18 21:20:59,954:INFO: - Train metrics: dsc: 0.863 ; iou: 0.793 ; accuracy: 0.973 ; precision: 0.872 ; recall: 0.873 ; loss: 0.213
2019-01-18 21:21:01,035:INFO: - Eval metrics : dsc: 0.869 ; iou: 0.806 ; accuracy: 0.977 ; precision: 0.931 ; recall: 0.847 ; loss: 0.186
2019-01-18 21:21:01,058:INFO: - Found new best DSC
2019-01-18 21:21:01,058:INFO: Epoch 4/45
2019-01-18 21:21:11,831:INFO: - Train metrics: dsc: 0.876 ; iou: 0.811 ; accuracy: 0.976 ; precision: 0.889 ; recall: 0.882 ; loss: 0.170
2019-01-18 21:21:12,903:INFO: - Eval metrics : dsc: 0.865 ; iou: 0.807 ; accuracy: 0.978 ; precision: 0.926 ; recall: 0.841 ; loss: 0.145
2019-01-18 21:21:12,921:INFO: Epoch 5/45
2019-01-18 21:21:23,803:INFO: - Train metrics: dsc: 0.884 ; iou: 0.824 ; accuracy: 0.979 ; precision: 0.893 ; recall: 0.890 ; loss: 0.136
2019-01-18 21:21:24,884:INFO: - Eval metrics : dsc: 0.889 ; iou: 0.832 ; accuracy: 0.980 ; precision: 0.930 ; recall: 0.874 ; loss: 0.127
2019-01-18 21:21:24,906:INFO: - Found new best DSC
2019-01-18 21:21:24,906:INFO: Epoch 6/45
2019-01-18 21:21:35,656:INFO: - Train metrics: dsc: 0.895 ; iou: 0.837 ; accuracy: 0.980 ; precision: 0.902 ; recall: 0.901 ; loss: 0.111
2019-01-18 21:21:36,761:INFO: - Eval metrics : dsc: 0.897 ; iou: 0.841 ; accuracy: 0.981 ; precision: 0.942 ; recall: 0.878 ; loss: 0.099
2019-01-18 21:21:36,784:INFO: - Found new best DSC
2019-01-18 21:21:36,784:INFO: Epoch 7/45
2019-01-18 21:21:47,555:INFO: - Train metrics: dsc: 0.900 ; iou: 0.844 ; accuracy: 0.981 ; precision: 0.908 ; recall: 0.907 ; loss: 0.093
2019-01-18 21:21:48,700:INFO: - Eval metrics : dsc: 0.903 ; iou: 0.849 ; accuracy: 0.982 ; precision: 0.941 ; recall: 0.885 ; loss: 0.085
2019-01-18 21:21:48,724:INFO: - Found new best DSC
2019-01-18 21:21:48,724:INFO: Epoch 8/45
2019-01-18 21:21:59,546:INFO: - Train metrics: dsc: 0.902 ; iou: 0.848 ; accuracy: 0.982 ; precision: 0.916 ; recall: 0.907 ; loss: 0.080
2019-01-18 21:22:00,579:INFO: - Eval metrics : dsc: 0.907 ; iou: 0.856 ; accuracy: 0.983 ; precision: 0.938 ; recall: 0.899 ; loss: 0.071
2019-01-18 21:22:00,595:INFO: - Found new best DSC
2019-01-18 21:22:00,595:INFO: Epoch 9/45
2019-01-18 21:22:11,362:INFO: - Train metrics: dsc: 0.905 ; iou: 0.851 ; accuracy: 0.982 ; precision: 0.917 ; recall: 0.910 ; loss: 0.073
2019-01-18 21:22:12,477:INFO: - Eval metrics : dsc: 0.914 ; iou: 0.864 ; accuracy: 0.984 ; precision: 0.929 ; recall: 0.919 ; loss: 0.065
2019-01-18 21:22:12,500:INFO: - Found new best DSC
2019-01-18 21:22:12,500:INFO: Epoch 10/45
2019-01-18 21:22:23,353:INFO: - Train metrics: dsc: 0.911 ; iou: 0.860 ; accuracy: 0.984 ; precision: 0.917 ; recall: 0.913 ; loss: 0.062
2019-01-18 21:22:24,482:INFO: - Eval metrics : dsc: 0.915 ; iou: 0.865 ; accuracy: 0.984 ; precision: 0.930 ; recall: 0.914 ; loss: 0.059
2019-01-18 21:22:24,504:INFO: - Found new best DSC
2019-01-18 21:22:24,504:INFO: Epoch 11/45
2019-01-18 21:22:35,308:INFO: - Train metrics: dsc: 0.912 ; iou: 0.861 ; accuracy: 0.984 ; precision: 0.920 ; recall: 0.918 ; loss: 0.057
2019-01-18 21:22:36,444:INFO: - Eval metrics : dsc: 0.909 ; iou: 0.858 ; accuracy: 0.983 ; precision: 0.948 ; recall: 0.893 ; loss: 0.056
2019-01-18 21:22:36,463:INFO: Epoch 12/45
2019-01-18 21:22:47,249:INFO: - Train metrics: dsc: 0.913 ; iou: 0.862 ; accuracy: 0.984 ; precision: 0.926 ; recall: 0.916 ; loss: 0.053
2019-01-18 21:22:48,333:INFO: - Eval metrics : dsc: 0.911 ; iou: 0.859 ; accuracy: 0.982 ; precision: 0.922 ; recall: 0.918 ; loss: 0.054
2019-01-18 21:22:48,352:INFO: Epoch 13/45
2019-01-18 21:22:59,156:INFO: - Train metrics: dsc: 0.921 ; iou: 0.870 ; accuracy: 0.985 ; precision: 0.929 ; recall: 0.924 ; loss: 0.049
2019-01-18 21:23:00,229:INFO: - Eval metrics : dsc: 0.912 ; iou: 0.862 ; accuracy: 0.984 ; precision: 0.945 ; recall: 0.898 ; loss: 0.050
2019-01-18 21:23:00,248:INFO: Epoch 14/45
2019-01-18 21:23:11,045:INFO: - Train metrics: dsc: 0.921 ; iou: 0.872 ; accuracy: 0.985 ; precision: 0.931 ; recall: 0.924 ; loss: 0.046
2019-01-18 21:23:12,141:INFO: - Eval metrics : dsc: 0.916 ; iou: 0.864 ; accuracy: 0.984 ; precision: 0.956 ; recall: 0.897 ; loss: 0.049
2019-01-18 21:23:12,162:INFO: - Found new best DSC
2019-01-18 21:23:12,162:INFO: Epoch 15/45
2019-01-18 21:23:22,926:INFO: - Train metrics: dsc: 0.924 ; iou: 0.875 ; accuracy: 0.985 ; precision: 0.931 ; recall: 0.928 ; loss: 0.044
2019-01-18 21:23:24,020:INFO: - Eval metrics : dsc: 0.926 ; iou: 0.878 ; accuracy: 0.985 ; precision: 0.930 ; recall: 0.936 ; loss: 0.044
2019-01-18 21:23:24,042:INFO: - Found new best DSC
2019-01-18 21:23:24,043:INFO: Epoch 16/45
2019-01-18 21:23:34,847:INFO: - Train metrics: dsc: 0.925 ; iou: 0.878 ; accuracy: 0.986 ; precision: 0.935 ; recall: 0.927 ; loss: 0.041
2019-01-18 21:23:35,920:INFO: - Eval metrics : dsc: 0.916 ; iou: 0.864 ; accuracy: 0.984 ; precision: 0.945 ; recall: 0.903 ; loss: 0.046
2019-01-18 21:23:35,934:INFO: Epoch 17/45
2019-01-18 21:23:46,644:INFO: - Train metrics: dsc: 0.923 ; iou: 0.873 ; accuracy: 0.985 ; precision: 0.933 ; recall: 0.928 ; loss: 0.042
2019-01-18 21:23:47,737:INFO: - Eval metrics : dsc: 0.914 ; iou: 0.863 ; accuracy: 0.984 ; precision: 0.947 ; recall: 0.903 ; loss: 0.045
2019-01-18 21:23:47,753:INFO: Epoch 18/45
2019-01-18 21:23:58,627:INFO: - Train metrics: dsc: 0.927 ; iou: 0.880 ; accuracy: 0.986 ; precision: 0.934 ; recall: 0.930 ; loss: 0.038
2019-01-18 21:23:59,716:INFO: - Eval metrics : dsc: 0.922 ; iou: 0.870 ; accuracy: 0.984 ; precision: 0.952 ; recall: 0.906 ; loss: 0.044
2019-01-18 21:23:59,730:INFO: Epoch 19/45
2019-01-18 21:24:10,539:INFO: - Train metrics: dsc: 0.926 ; iou: 0.879 ; accuracy: 0.986 ; precision: 0.934 ; recall: 0.929 ; loss: 0.038
2019-01-18 21:24:11,671:INFO: - Eval metrics : dsc: 0.923 ; iou: 0.874 ; accuracy: 0.985 ; precision: 0.939 ; recall: 0.921 ; loss: 0.041
2019-01-18 21:24:11,691:INFO: Epoch 20/45
2019-01-18 21:24:22,482:INFO: - Train metrics: dsc: 0.931 ; iou: 0.885 ; accuracy: 0.987 ; precision: 0.938 ; recall: 0.934 ; loss: 0.036
2019-01-18 21:24:23,577:INFO: - Eval metrics : dsc: 0.917 ; iou: 0.864 ; accuracy: 0.983 ; precision: 0.944 ; recall: 0.910 ; loss: 0.046
2019-01-18 21:24:23,593:INFO: Epoch 21/45
2019-01-18 21:24:34,303:INFO: - Train metrics: dsc: 0.933 ; iou: 0.888 ; accuracy: 0.987 ; precision: 0.941 ; recall: 0.936 ; loss: 0.035
2019-01-18 21:24:35,381:INFO: - Eval metrics : dsc: 0.930 ; iou: 0.880 ; accuracy: 0.985 ; precision: 0.933 ; recall: 0.936 ; loss: 0.040
2019-01-18 21:24:35,396:INFO: - Found new best DSC
2019-01-18 21:24:35,397:INFO: Epoch 22/45
2019-01-18 21:24:46,179:INFO: - Train metrics: dsc: 0.932 ; iou: 0.886 ; accuracy: 0.987 ; precision: 0.942 ; recall: 0.935 ; loss: 0.035
2019-01-18 21:24:47,309:INFO: - Eval metrics : dsc: 0.926 ; iou: 0.877 ; accuracy: 0.985 ; precision: 0.941 ; recall: 0.922 ; loss: 0.040
2019-01-18 21:24:47,323:INFO: Epoch 23/45
2019-01-18 21:24:58,115:INFO: - Train metrics: dsc: 0.936 ; iou: 0.892 ; accuracy: 0.987 ; precision: 0.944 ; recall: 0.939 ; loss: 0.033
2019-01-18 21:24:59,216:INFO: - Eval metrics : dsc: 0.933 ; iou: 0.885 ; accuracy: 0.985 ; precision: 0.943 ; recall: 0.933 ; loss: 0.038
2019-01-18 21:24:59,232:INFO: - Found new best DSC
2019-01-18 21:24:59,232:INFO: Epoch 24/45
2019-01-18 21:25:10,124:INFO: - Train metrics: dsc: 0.933 ; iou: 0.888 ; accuracy: 0.987 ; precision: 0.942 ; recall: 0.935 ; loss: 0.034
2019-01-18 21:25:11,224:INFO: - Eval metrics : dsc: 0.928 ; iou: 0.881 ; accuracy: 0.986 ; precision: 0.947 ; recall: 0.924 ; loss: 0.038
2019-01-18 21:25:11,242:INFO: Epoch 25/45
2019-01-18 21:25:21,992:INFO: - Train metrics: dsc: 0.936 ; iou: 0.892 ; accuracy: 0.987 ; precision: 0.939 ; recall: 0.940 ; loss: 0.033
2019-01-18 21:25:23,070:INFO: - Eval metrics : dsc: 0.924 ; iou: 0.875 ; accuracy: 0.985 ; precision: 0.940 ; recall: 0.923 ; loss: 0.040
2019-01-18 21:25:23,085:INFO: Epoch 26/45
2019-01-18 21:25:33,863:INFO: - Train metrics: dsc: 0.938 ; iou: 0.895 ; accuracy: 0.988 ; precision: 0.944 ; recall: 0.942 ; loss: 0.031
2019-01-18 21:25:34,959:INFO: - Eval metrics : dsc: 0.922 ; iou: 0.873 ; accuracy: 0.985 ; precision: 0.954 ; recall: 0.909 ; loss: 0.040
2019-01-18 21:25:34,978:INFO: Epoch 27/45
2019-01-18 21:25:45,775:INFO: - Train metrics: dsc: 0.938 ; iou: 0.895 ; accuracy: 0.988 ; precision: 0.943 ; recall: 0.942 ; loss: 0.031
2019-01-18 21:25:46,880:INFO: - Eval metrics : dsc: 0.928 ; iou: 0.878 ; accuracy: 0.985 ; precision: 0.938 ; recall: 0.928 ; loss: 0.039
2019-01-18 21:25:46,898:INFO: Epoch 28/45
2019-01-18 21:25:57,706:INFO: - Train metrics: dsc: 0.938 ; iou: 0.894 ; accuracy: 0.988 ; precision: 0.945 ; recall: 0.939 ; loss: 0.031
2019-01-18 21:25:58,827:INFO: - Eval metrics : dsc: 0.926 ; iou: 0.877 ; accuracy: 0.985 ; precision: 0.931 ; recall: 0.936 ; loss: 0.041
2019-01-18 21:25:58,844:INFO: Epoch 29/45
2019-01-18 21:26:09,685:INFO: - Train metrics: dsc: 0.937 ; iou: 0.895 ; accuracy: 0.988 ; precision: 0.949 ; recall: 0.939 ; loss: 0.030
2019-01-18 21:26:10,880:INFO: - Eval metrics : dsc: 0.930 ; iou: 0.881 ; accuracy: 0.985 ; precision: 0.936 ; recall: 0.933 ; loss: 0.038
2019-01-18 21:26:10,896:INFO: Epoch 30/45
2019-01-18 21:26:21,683:INFO: - Train metrics: dsc: 0.936 ; iou: 0.892 ; accuracy: 0.987 ; precision: 0.944 ; recall: 0.939 ; loss: 0.031
2019-01-18 21:26:22,778:INFO: - Eval metrics : dsc: 0.929 ; iou: 0.881 ; accuracy: 0.985 ; precision: 0.941 ; recall: 0.930 ; loss: 0.038
2019-01-18 21:26:22,792:INFO: Epoch 31/45
2019-01-18 21:26:33,583:INFO: - Train metrics: dsc: 0.942 ; iou: 0.900 ; accuracy: 0.988 ; precision: 0.949 ; recall: 0.944 ; loss: 0.028
2019-01-18 21:26:34,714:INFO: - Eval metrics : dsc: 0.928 ; iou: 0.880 ; accuracy: 0.985 ; precision: 0.944 ; recall: 0.926 ; loss: 0.038
2019-01-18 21:26:34,736:INFO: Epoch 32/45
2019-01-18 21:26:45,527:INFO: - Train metrics: dsc: 0.943 ; iou: 0.901 ; accuracy: 0.988 ; precision: 0.952 ; recall: 0.943 ; loss: 0.028
2019-01-18 21:26:46,612:INFO: - Eval metrics : dsc: 0.932 ; iou: 0.883 ; accuracy: 0.985 ; precision: 0.931 ; recall: 0.943 ; loss: 0.039
2019-01-18 21:26:46,626:INFO: Epoch 33/45
2019-01-18 21:26:57,436:INFO: - Train metrics: dsc: 0.943 ; iou: 0.902 ; accuracy: 0.988 ; precision: 0.948 ; recall: 0.946 ; loss: 0.028
2019-01-18 21:26:58,555:INFO: - Eval metrics : dsc: 0.933 ; iou: 0.885 ; accuracy: 0.986 ; precision: 0.942 ; recall: 0.932 ; loss: 0.036
2019-01-18 21:26:58,574:INFO: Epoch 34/45
2019-01-18 21:27:09,385:INFO: - Train metrics: dsc: 0.941 ; iou: 0.899 ; accuracy: 0.988 ; precision: 0.949 ; recall: 0.941 ; loss: 0.029
2019-01-18 21:27:10,526:INFO: - Eval metrics : dsc: 0.931 ; iou: 0.883 ; accuracy: 0.985 ; precision: 0.945 ; recall: 0.929 ; loss: 0.038
2019-01-18 21:27:10,553:INFO: Epoch 35/45
2019-01-18 21:27:21,396:INFO: - Train metrics: dsc: 0.945 ; iou: 0.905 ; accuracy: 0.989 ; precision: 0.952 ; recall: 0.947 ; loss: 0.027
2019-01-18 21:27:22,528:INFO: - Eval metrics : dsc: 0.905 ; iou: 0.852 ; accuracy: 0.983 ; precision: 0.966 ; recall: 0.874 ; loss: 0.048
2019-01-18 21:27:22,539:INFO: Epoch 36/45
2019-01-18 21:27:33,356:INFO: - Train metrics: dsc: 0.944 ; iou: 0.903 ; accuracy: 0.989 ; precision: 0.953 ; recall: 0.945 ; loss: 0.027
2019-01-18 21:27:34,492:INFO: - Eval metrics : dsc: 0.931 ; iou: 0.884 ; accuracy: 0.985 ; precision: 0.941 ; recall: 0.931 ; loss: 0.038
2019-01-18 21:27:34,507:INFO: Epoch 37/45
2019-01-18 21:27:45,288:INFO: - Train metrics: dsc: 0.946 ; iou: 0.907 ; accuracy: 0.989 ; precision: 0.955 ; recall: 0.947 ; loss: 0.026
2019-01-18 21:27:46,342:INFO: - Eval metrics : dsc: 0.932 ; iou: 0.884 ; accuracy: 0.985 ; precision: 0.941 ; recall: 0.935 ; loss: 0.038
2019-01-18 21:27:46,363:INFO: Epoch 38/45
2019-01-18 21:27:57,162:INFO: - Train metrics: dsc: 0.947 ; iou: 0.907 ; accuracy: 0.989 ; precision: 0.953 ; recall: 0.948 ; loss: 0.026
2019-01-18 21:27:58,241:INFO: - Eval metrics : dsc: 0.934 ; iou: 0.886 ; accuracy: 0.985 ; precision: 0.932 ; recall: 0.940 ; loss: 0.039
2019-01-18 21:27:58,263:INFO: - Found new best DSC
2019-01-18 21:27:58,263:INFO: Epoch 39/45
2019-01-18 21:28:09,113:INFO: - Train metrics: dsc: 0.947 ; iou: 0.908 ; accuracy: 0.989 ; precision: 0.956 ; recall: 0.948 ; loss: 0.026
2019-01-18 21:28:10,199:INFO: - Eval metrics : dsc: 0.929 ; iou: 0.879 ; accuracy: 0.985 ; precision: 0.955 ; recall: 0.915 ; loss: 0.040
2019-01-18 21:28:10,213:INFO: Epoch 40/45
2019-01-18 21:28:20,951:INFO: - Train metrics: dsc: 0.950 ; iou: 0.912 ; accuracy: 0.990 ; precision: 0.956 ; recall: 0.951 ; loss: 0.025
2019-01-18 21:28:22,064:INFO: - Eval metrics : dsc: 0.934 ; iou: 0.887 ; accuracy: 0.986 ; precision: 0.936 ; recall: 0.944 ; loss: 0.037
2019-01-18 21:28:22,082:INFO: - Found new best DSC
2019-01-18 21:28:22,082:INFO: Epoch 41/45
2019-01-18 21:28:32,887:INFO: - Train metrics: dsc: 0.948 ; iou: 0.910 ; accuracy: 0.990 ; precision: 0.957 ; recall: 0.948 ; loss: 0.025
2019-01-18 21:28:33,999:INFO: - Eval metrics : dsc: 0.929 ; iou: 0.880 ; accuracy: 0.985 ; precision: 0.938 ; recall: 0.934 ; loss: 0.040
2019-01-18 21:28:34,013:INFO: Epoch 42/45
2019-01-18 21:28:44,798:INFO: - Train metrics: dsc: 0.944 ; iou: 0.903 ; accuracy: 0.989 ; precision: 0.953 ; recall: 0.945 ; loss: 0.026
2019-01-18 21:28:45,891:INFO: - Eval metrics : dsc: 0.920 ; iou: 0.869 ; accuracy: 0.984 ; precision: 0.952 ; recall: 0.906 ; loss: 0.044
2019-01-18 21:28:45,912:INFO: Epoch 43/45
2019-01-18 21:28:56,695:INFO: - Train metrics: dsc: 0.950 ; iou: 0.913 ; accuracy: 0.990 ; precision: 0.958 ; recall: 0.950 ; loss: 0.024
2019-01-18 21:28:57,783:INFO: - Eval metrics : dsc: 0.930 ; iou: 0.881 ; accuracy: 0.985 ; precision: 0.948 ; recall: 0.923 ; loss: 0.040
2019-01-18 21:28:57,800:INFO: Epoch 44/45
2019-01-18 21:29:08,637:INFO: - Train metrics: dsc: 0.952 ; iou: 0.915 ; accuracy: 0.990 ; precision: 0.957 ; recall: 0.953 ; loss: 0.024
2019-01-18 21:29:09,720:INFO: - Eval metrics : dsc: 0.929 ; iou: 0.880 ; accuracy: 0.985 ; precision: 0.952 ; recall: 0.917 ; loss: 0.042
2019-01-18 21:29:09,735:INFO: Epoch 45/45
2019-01-18 21:29:20,541:INFO: - Train metrics: dsc: 0.949 ; iou: 0.912 ; accuracy: 0.990 ; precision: 0.956 ; recall: 0.951 ; loss: 0.024
2019-01-18 21:29:21,629:INFO: - Eval metrics : dsc: 0.931 ; iou: 0.883 ; accuracy: 0.986 ; precision: 0.947 ; recall: 0.927 ; loss: 0.039
2019-01-18 21:29:21,687:INFO: Loading the datasets...
2019-01-18 21:29:26,071:INFO: - done.
2019-01-18 21:29:26,071:INFO: For k-fold 2/5:
2019-01-18 21:29:26,071:INFO: Starting training for 45 epoch(s)
2019-01-18 21:29:26,071:INFO: Epoch 1/45
2019-01-18 21:29:36,819:INFO: - Train metrics: dsc: 0.651 ; iou: 0.542 ; accuracy: 0.918 ; precision: 0.679 ; recall: 0.656 ; loss: 0.411
2019-01-18 21:29:37,892:INFO: - Eval metrics : dsc: 0.777 ; iou: 0.687 ; accuracy: 0.954 ; precision: 0.765 ; recall: 0.828 ; loss: 0.320
2019-01-18 21:29:37,913:INFO: - Found new best DSC
2019-01-18 21:29:37,913:INFO: Epoch 2/45
2019-01-18 21:29:48,650:INFO: - Train metrics: dsc: 0.836 ; iou: 0.757 ; accuracy: 0.967 ; precision: 0.848 ; recall: 0.843 ; loss: 0.276
2019-01-18 21:29:49,783:INFO: - Eval metrics : dsc: 0.841 ; iou: 0.768 ; accuracy: 0.971 ; precision: 0.868 ; recall: 0.844 ; loss: 0.235
2019-01-18 21:29:49,805:INFO: - Found new best DSC
2019-01-18 21:29:49,805:INFO: Epoch 3/45
2019-01-18 21:30:00,567:INFO: - Train metrics: dsc: 0.867 ; iou: 0.799 ; accuracy: 0.974 ; precision: 0.877 ; recall: 0.873 ; loss: 0.213
2019-01-18 21:30:01,670:INFO: - Eval metrics : dsc: 0.864 ; iou: 0.800 ; accuracy: 0.976 ; precision: 0.874 ; recall: 0.878 ; loss: 0.185
2019-01-18 21:30:01,692:INFO: - Found new best DSC
2019-01-18 21:30:01,692:INFO: Epoch 4/45
2019-01-18 21:30:12,485:INFO: - Train metrics: dsc: 0.882 ; iou: 0.820 ; accuracy: 0.977 ; precision: 0.892 ; recall: 0.885 ; loss: 0.167
2019-01-18 21:30:13,641:INFO: - Eval metrics : dsc: 0.874 ; iou: 0.812 ; accuracy: 0.978 ; precision: 0.892 ; recall: 0.884 ; loss: 0.141
2019-01-18 21:30:13,657:INFO: - Found new best DSC
2019-01-18 21:30:13,658:INFO: Epoch 5/45
2019-01-18 21:30:24,408:INFO: - Train metrics: dsc: 0.891 ; iou: 0.832 ; accuracy: 0.979 ; precision: 0.900 ; recall: 0.895 ; loss: 0.134
2019-01-18 21:30:25,507:INFO: - Eval metrics : dsc: 0.867 ; iou: 0.801 ; accuracy: 0.974 ; precision: 0.869 ; recall: 0.896 ; loss: 0.132
2019-01-18 21:30:25,520:INFO: Epoch 6/45
2019-01-18 21:30:36,257:INFO: - Train metrics: dsc: 0.897 ; iou: 0.840 ; accuracy: 0.980 ; precision: 0.907 ; recall: 0.902 ; loss: 0.110
2019-01-18 21:30:37,349:INFO: - Eval metrics : dsc: 0.888 ; iou: 0.830 ; accuracy: 0.981 ; precision: 0.911 ; recall: 0.887 ; loss: 0.100
2019-01-18 21:30:37,370:INFO: - Found new best DSC
2019-01-18 21:30:37,371:INFO: Epoch 7/45
2019-01-18 21:30:48,179:INFO: - Train metrics: dsc: 0.905 ; iou: 0.849 ; accuracy: 0.982 ; precision: 0.916 ; recall: 0.910 ; loss: 0.092
2019-01-18 21:30:49,277:INFO: - Eval metrics : dsc: 0.889 ; iou: 0.835 ; accuracy: 0.982 ; precision: 0.922 ; recall: 0.885 ; loss: 0.085
2019-01-18 21:30:49,298:INFO: - Found new best DSC
2019-01-18 21:30:49,298:INFO: Epoch 8/45
2019-01-18 21:31:00,050:INFO: - Train metrics: dsc: 0.910 ; iou: 0.857 ; accuracy: 0.983 ; precision: 0.921 ; recall: 0.913 ; loss: 0.078
2019-01-18 21:31:01,131:INFO: - Eval metrics : dsc: 0.859 ; iou: 0.795 ; accuracy: 0.977 ; precision: 0.928 ; recall: 0.841 ; loss: 0.089
2019-01-18 21:31:01,151:INFO: Epoch 9/45
2019-01-18 21:31:11,997:INFO: - Train metrics: dsc: 0.913 ; iou: 0.860 ; accuracy: 0.983 ; precision: 0.923 ; recall: 0.916 ; loss: 0.070
2019-01-18 21:31:13,080:INFO: - Eval metrics : dsc: 0.897 ; iou: 0.844 ; accuracy: 0.983 ; precision: 0.909 ; recall: 0.906 ; loss: 0.068
2019-01-18 21:31:13,116:INFO: - Found new best DSC
2019-01-18 21:31:13,117:INFO: Epoch 10/45
2019-01-18 21:31:23,897:INFO: - Train metrics: dsc: 0.917 ; iou: 0.865 ; accuracy: 0.984 ; precision: 0.928 ; recall: 0.918 ; loss: 0.062
2019-01-18 21:31:25,036:INFO: - Eval metrics : dsc: 0.902 ; iou: 0.851 ; accuracy: 0.984 ; precision: 0.916 ; recall: 0.908 ; loss: 0.060
2019-01-18 21:31:25,052:INFO: - Found new best DSC
2019-01-18 21:31:25,052:INFO: Epoch 11/45
2019-01-18 21:31:35,884:INFO: - Train metrics: dsc: 0.918 ; iou: 0.868 ; accuracy: 0.984 ; precision: 0.926 ; recall: 0.922 ; loss: 0.056
2019-01-18 21:31:37,026:INFO: - Eval metrics : dsc: 0.895 ; iou: 0.841 ; accuracy: 0.983 ; precision: 0.937 ; recall: 0.885 ; loss: 0.058
2019-01-18 21:31:37,044:INFO: Epoch 12/45
2019-01-18 21:31:47,891:INFO: - Train metrics: dsc: 0.922 ; iou: 0.873 ; accuracy: 0.985 ; precision: 0.932 ; recall: 0.923 ; loss: 0.052
2019-01-18 21:31:48,972:INFO: - Eval metrics : dsc: 0.902 ; iou: 0.850 ; accuracy: 0.984 ; precision: 0.917 ; recall: 0.910 ; loss: 0.052
2019-01-18 21:31:48,991:INFO: Epoch 13/45
2019-01-18 21:31:59,858:INFO: - Train metrics: dsc: 0.924 ; iou: 0.876 ; accuracy: 0.985 ; precision: 0.934 ; recall: 0.928 ; loss: 0.048
2019-01-18 21:32:00,982:INFO: - Eval metrics : dsc: 0.882 ; iou: 0.824 ; accuracy: 0.981 ; precision: 0.942 ; recall: 0.861 ; loss: 0.059
2019-01-18 21:32:01,001:INFO: Epoch 14/45
2019-01-18 21:32:11,765:INFO: - Train metrics: dsc: 0.925 ; iou: 0.877 ; accuracy: 0.985 ; precision: 0.933 ; recall: 0.929 ; loss: 0.046
2019-01-18 21:32:12,924:INFO: - Eval metrics : dsc: 0.898 ; iou: 0.846 ; accuracy: 0.984 ; precision: 0.931 ; recall: 0.886 ; loss: 0.049
2019-01-18 21:32:12,939:INFO: Epoch 15/45
2019-01-18 21:32:23,785:INFO: - Train metrics: dsc: 0.928 ; iou: 0.881 ; accuracy: 0.986 ; precision: 0.938 ; recall: 0.931 ; loss: 0.043
2019-01-18 21:32:24,882:INFO: - Eval metrics : dsc: 0.906 ; iou: 0.857 ; accuracy: 0.985 ; precision: 0.920 ; recall: 0.919 ; loss: 0.045
2019-01-18 21:32:24,906:INFO: - Found new best DSC
2019-01-18 21:32:24,907:INFO: Epoch 16/45
2019-01-18 21:32:35,682:INFO: - Train metrics: dsc: 0.930 ; iou: 0.884 ; accuracy: 0.986 ; precision: 0.941 ; recall: 0.931 ; loss: 0.041
2019-01-18 21:32:36,771:INFO: - Eval metrics : dsc: 0.907 ; iou: 0.857 ; accuracy: 0.985 ; precision: 0.930 ; recall: 0.908 ; loss: 0.045
2019-01-18 21:32:36,793:INFO: - Found new best DSC
2019-01-18 21:32:36,794:INFO: Epoch 17/45
2019-01-18 21:32:47,615:INFO: - Train metrics: dsc: 0.931 ; iou: 0.884 ; accuracy: 0.986 ; precision: 0.939 ; recall: 0.936 ; loss: 0.040
2019-01-18 21:32:48,705:INFO: - Eval metrics : dsc: 0.890 ; iou: 0.840 ; accuracy: 0.984 ; precision: 0.937 ; recall: 0.877 ; loss: 0.047
2019-01-18 21:32:48,724:INFO: Epoch 18/45
2019-01-18 21:32:59,517:INFO: - Train metrics: dsc: 0.933 ; iou: 0.887 ; accuracy: 0.986 ; precision: 0.939 ; recall: 0.935 ; loss: 0.039
2019-01-18 21:33:00,602:INFO: - Eval metrics : dsc: 0.899 ; iou: 0.848 ; accuracy: 0.984 ; precision: 0.946 ; recall: 0.885 ; loss: 0.045
2019-01-18 21:33:00,622:INFO: Epoch 19/45
2019-01-18 21:33:11,343:INFO: - Train metrics: dsc: 0.934 ; iou: 0.889 ; accuracy: 0.987 ; precision: 0.942 ; recall: 0.936 ; loss: 0.037
2019-01-18 21:33:12,426:INFO: - Eval metrics : dsc: 0.907 ; iou: 0.855 ; accuracy: 0.984 ; precision: 0.925 ; recall: 0.914 ; loss: 0.044
2019-01-18 21:33:12,441:INFO: Epoch 20/45
2019-01-18 21:33:23,287:INFO: - Train metrics: dsc: 0.934 ; iou: 0.888 ; accuracy: 0.986 ; precision: 0.942 ; recall: 0.937 ; loss: 0.037
2019-01-18 21:33:24,375:INFO: - Eval metrics : dsc: 0.904 ; iou: 0.854 ; accuracy: 0.984 ; precision: 0.924 ; recall: 0.909 ; loss: 0.044
2019-01-18 21:33:24,389:INFO: Epoch 21/45
2019-01-18 21:33:35,168:INFO: - Train metrics: dsc: 0.935 ; iou: 0.891 ; accuracy: 0.987 ; precision: 0.941 ; recall: 0.938 ; loss: 0.035
2019-01-18 21:33:36,247:INFO: - Eval metrics : dsc: 0.907 ; iou: 0.858 ; accuracy: 0.985 ; precision: 0.918 ; recall: 0.917 ; loss: 0.042
2019-01-18 21:33:36,261:INFO: Epoch 22/45
2019-01-18 21:33:47,038:INFO: - Train metrics: dsc: 0.938 ; iou: 0.895 ; accuracy: 0.987 ; precision: 0.946 ; recall: 0.941 ; loss: 0.034
2019-01-18 21:33:48,139:INFO: - Eval metrics : dsc: 0.909 ; iou: 0.859 ; accuracy: 0.985 ; precision: 0.931 ; recall: 0.913 ; loss: 0.042
2019-01-18 21:33:48,158:INFO: - Found new best DSC
2019-01-18 21:33:48,158:INFO: Epoch 23/45
2019-01-18 21:33:58,973:INFO: - Train metrics: dsc: 0.935 ; iou: 0.891 ; accuracy: 0.987 ; precision: 0.943 ; recall: 0.939 ; loss: 0.035
2019-01-18 21:34:00,070:INFO: - Eval metrics : dsc: 0.909 ; iou: 0.855 ; accuracy: 0.983 ; precision: 0.907 ; recall: 0.926 ; loss: 0.045
2019-01-18 21:34:00,086:INFO: - Found new best DSC
2019-01-18 21:34:00,086:INFO: Epoch 24/45
2019-01-18 21:34:10,841:INFO: - Train metrics: dsc: 0.937 ; iou: 0.894 ; accuracy: 0.987 ; precision: 0.946 ; recall: 0.939 ; loss: 0.034
2019-01-18 21:34:11,915:INFO: - Eval metrics : dsc: 0.907 ; iou: 0.857 ; accuracy: 0.985 ; precision: 0.942 ; recall: 0.900 ; loss: 0.042
2019-01-18 21:34:11,934:INFO: Epoch 25/45
2019-01-18 21:34:22,724:INFO: - Train metrics: dsc: 0.941 ; iou: 0.898 ; accuracy: 0.988 ; precision: 0.946 ; recall: 0.944 ; loss: 0.032
2019-01-18 21:34:23,794:INFO: - Eval metrics : dsc: 0.913 ; iou: 0.865 ; accuracy: 0.985 ; precision: 0.930 ; recall: 0.913 ; loss: 0.039
2019-01-18 21:34:23,818:INFO: - Found new best DSC
2019-01-18 21:34:23,818:INFO: Epoch 26/45
2019-01-18 21:34:34,592:INFO: - Train metrics: dsc: 0.942 ; iou: 0.900 ; accuracy: 0.988 ; precision: 0.950 ; recall: 0.943 ; loss: 0.031
2019-01-18 21:34:35,707:INFO: - Eval metrics : dsc: 0.913 ; iou: 0.862 ; accuracy: 0.985 ; precision: 0.920 ; recall: 0.922 ; loss: 0.040
2019-01-18 21:34:35,726:INFO: Epoch 27/45
2019-01-18 21:34:46,517:INFO: - Train metrics: dsc: 0.943 ; iou: 0.901 ; accuracy: 0.988 ; precision: 0.950 ; recall: 0.946 ; loss: 0.031
2019-01-18 21:34:47,602:INFO: - Eval metrics : dsc: 0.914 ; iou: 0.863 ; accuracy: 0.985 ; precision: 0.933 ; recall: 0.912 ; loss: 0.040
2019-01-18 21:34:47,626:INFO: - Found new best DSC
2019-01-18 21:34:47,626:INFO: Epoch 28/45
2019-01-18 21:34:58,401:INFO: - Train metrics: dsc: 0.944 ; iou: 0.903 ; accuracy: 0.988 ; precision: 0.949 ; recall: 0.946 ; loss: 0.030
2019-01-18 21:34:59,491:INFO: - Eval metrics : dsc: 0.908 ; iou: 0.857 ; accuracy: 0.985 ; precision: 0.933 ; recall: 0.903 ; loss: 0.042
2019-01-18 21:34:59,512:INFO: Epoch 29/45
2019-01-18 21:35:10,323:INFO: - Train metrics: dsc: 0.943 ; iou: 0.902 ; accuracy: 0.988 ; precision: 0.951 ; recall: 0.945 ; loss: 0.030
2019-01-18 21:35:11,461:INFO: - Eval metrics : dsc: 0.911 ; iou: 0.862 ; accuracy: 0.985 ; precision: 0.931 ; recall: 0.912 ; loss: 0.042
2019-01-18 21:35:11,483:INFO: Epoch 30/45
2019-01-18 21:35:22,274:INFO: - Train metrics: dsc: 0.943 ; iou: 0.900 ; accuracy: 0.988 ; precision: 0.949 ; recall: 0.946 ; loss: 0.031
2019-01-18 21:35:23,356:INFO: - Eval metrics : dsc: 0.912 ; iou: 0.864 ; accuracy: 0.986 ; precision: 0.936 ; recall: 0.908 ; loss: 0.039
2019-01-18 21:35:23,376:INFO: Epoch 31/45
2019-01-18 21:35:34,194:INFO: - Train metrics: dsc: 0.942 ; iou: 0.902 ; accuracy: 0.988 ; precision: 0.949 ; recall: 0.944 ; loss: 0.029
2019-01-18 21:35:35,285:INFO: - Eval metrics : dsc: 0.904 ; iou: 0.854 ; accuracy: 0.985 ; precision: 0.941 ; recall: 0.898 ; loss: 0.042
2019-01-18 21:35:35,308:INFO: Epoch 32/45
2019-01-18 21:35:46,101:INFO: - Train metrics: dsc: 0.946 ; iou: 0.906 ; accuracy: 0.989 ; precision: 0.953 ; recall: 0.947 ; loss: 0.028
2019-01-18 21:35:47,192:INFO: - Eval metrics : dsc: 0.911 ; iou: 0.862 ; accuracy: 0.985 ; precision: 0.934 ; recall: 0.908 ; loss: 0.040
2019-01-18 21:35:47,207:INFO: Epoch 33/45
2019-01-18 21:35:57,959:INFO: - Train metrics: dsc: 0.944 ; iou: 0.905 ; accuracy: 0.989 ; precision: 0.952 ; recall: 0.947 ; loss: 0.028
2019-01-18 21:35:59,052:INFO: - Eval metrics : dsc: 0.913 ; iou: 0.861 ; accuracy: 0.985 ; precision: 0.930 ; recall: 0.912 ; loss: 0.042
2019-01-18 21:35:59,066:INFO: Epoch 34/45
2019-01-18 21:36:09,825:INFO: - Train metrics: dsc: 0.947 ; iou: 0.908 ; accuracy: 0.989 ; precision: 0.950 ; recall: 0.948 ; loss: 0.027
2019-01-18 21:36:10,911:INFO: - Eval metrics : dsc: 0.909 ; iou: 0.858 ; accuracy: 0.984 ; precision: 0.926 ; recall: 0.911 ; loss: 0.043
2019-01-18 21:36:10,930:INFO: Epoch 35/45
2019-01-18 21:36:21,798:INFO: - Train metrics: dsc: 0.947 ; iou: 0.907 ; accuracy: 0.989 ; precision: 0.954 ; recall: 0.948 ; loss: 0.028
2019-01-18 21:36:22,842:INFO: - Eval metrics : dsc: 0.911 ; iou: 0.861 ; accuracy: 0.985 ; precision: 0.937 ; recall: 0.900 ; loss: 0.040
2019-01-18 21:36:22,856:INFO: Epoch 36/45
2019-01-18 21:36:33,627:INFO: - Train metrics: dsc: 0.948 ; iou: 0.909 ; accuracy: 0.989 ; precision: 0.955 ; recall: 0.949 ; loss: 0.026
2019-01-18 21:36:34,766:INFO: - Eval metrics : dsc: 0.916 ; iou: 0.866 ; accuracy: 0.985 ; precision: 0.919 ; recall: 0.926 ; loss: 0.040
2019-01-18 21:36:34,787:INFO: - Found new best DSC
2019-01-18 21:36:34,787:INFO: Epoch 37/45
2019-01-18 21:36:45,639:INFO: - Train metrics: dsc: 0.946 ; iou: 0.908 ; accuracy: 0.989 ; precision: 0.954 ; recall: 0.949 ; loss: 0.027
2019-01-18 21:36:46,759:INFO: - Eval metrics : dsc: 0.913 ; iou: 0.862 ; accuracy: 0.985 ; precision: 0.932 ; recall: 0.912 ; loss: 0.041
2019-01-18 21:36:46,778:INFO: Epoch 38/45
2019-01-18 21:36:57,562:INFO: - Train metrics: dsc: 0.950 ; iou: 0.912 ; accuracy: 0.989 ; precision: 0.955 ; recall: 0.952 ; loss: 0.026
2019-01-18 21:36:58,673:INFO: - Eval metrics : dsc: 0.921 ; iou: 0.872 ; accuracy: 0.986 ; precision: 0.926 ; recall: 0.933 ; loss: 0.038
2019-01-18 21:36:58,694:INFO: - Found new best DSC
2019-01-18 21:36:58,694:INFO: Epoch 39/45
2019-01-18 21:37:09,484:INFO: - Train metrics: dsc: 0.950 ; iou: 0.913 ; accuracy: 0.989 ; precision: 0.958 ; recall: 0.951 ; loss: 0.025
2019-01-18 21:37:10,582:INFO: - Eval metrics : dsc: 0.907 ; iou: 0.856 ; accuracy: 0.985 ; precision: 0.952 ; recall: 0.890 ; loss: 0.042
2019-01-18 21:37:10,596:INFO: Epoch 40/45
2019-01-18 21:37:21,357:INFO: - Train metrics: dsc: 0.951 ; iou: 0.912 ; accuracy: 0.989 ; precision: 0.953 ; recall: 0.952 ; loss: 0.026
2019-01-18 21:37:22,442:INFO: - Eval metrics : dsc: 0.916 ; iou: 0.867 ; accuracy: 0.986 ; precision: 0.927 ; recall: 0.922 ; loss: 0.039
2019-01-18 21:37:22,456:INFO: Epoch 41/45
2019-01-18 21:37:33,309:INFO: - Train metrics: dsc: 0.952 ; iou: 0.915 ; accuracy: 0.990 ; precision: 0.956 ; recall: 0.953 ; loss: 0.025
2019-01-18 21:37:34,465:INFO: - Eval metrics : dsc: 0.902 ; iou: 0.850 ; accuracy: 0.984 ; precision: 0.949 ; recall: 0.887 ; loss: 0.043
2019-01-18 21:37:34,484:INFO: Epoch 42/45
2019-01-18 21:37:45,305:INFO: - Train metrics: dsc: 0.953 ; iou: 0.915 ; accuracy: 0.990 ; precision: 0.957 ; recall: 0.954 ; loss: 0.024
2019-01-18 21:37:46,444:INFO: - Eval metrics : dsc: 0.920 ; iou: 0.871 ; accuracy: 0.985 ; precision: 0.927 ; recall: 0.927 ; loss: 0.040
2019-01-18 21:37:46,461:INFO: Epoch 43/45
2019-01-18 21:37:57,321:INFO: - Train metrics: dsc: 0.954 ; iou: 0.917 ; accuracy: 0.990 ; precision: 0.958 ; recall: 0.955 ; loss: 0.024
2019-01-18 21:37:58,413:INFO: - Eval metrics : dsc: 0.908 ; iou: 0.859 ; accuracy: 0.985 ; precision: 0.937 ; recall: 0.899 ; loss: 0.042
2019-01-18 21:37:58,428:INFO: Epoch 44/45
2019-01-18 21:38:09,242:INFO: - Train metrics: dsc: 0.950 ; iou: 0.913 ; accuracy: 0.990 ; precision: 0.958 ; recall: 0.951 ; loss: 0.024
2019-01-18 21:38:10,428:INFO: - Eval metrics : dsc: 0.906 ; iou: 0.858 ; accuracy: 0.985 ; precision: 0.938 ; recall: 0.899 ; loss: 0.043
2019-01-18 21:38:10,449:INFO: Epoch 45/45
2019-01-18 21:38:21,249:INFO: - Train metrics: dsc: 0.954 ; iou: 0.917 ; accuracy: 0.990 ; precision: 0.957 ; recall: 0.954 ; loss: 0.024
2019-01-18 21:38:22,362:INFO: - Eval metrics : dsc: 0.915 ; iou: 0.865 ; accuracy: 0.985 ; precision: 0.938 ; recall: 0.905 ; loss: 0.042
2019-01-18 21:38:22,415:INFO: Loading the datasets...
2019-01-18 21:38:26,773:INFO: - done.
2019-01-18 21:38:26,773:INFO: For k-fold 3/5:
2019-01-18 21:38:26,773:INFO: Starting training for 45 epoch(s)
2019-01-18 21:38:26,773:INFO: Epoch 1/45
2019-01-18 21:38:37,507:INFO: - Train metrics: dsc: 0.651 ; iou: 0.542 ; accuracy: 0.919 ; precision: 0.681 ; recall: 0.657 ; loss: 0.411
2019-01-18 21:38:38,589:INFO: - Eval metrics : dsc: 0.775 ; iou: 0.674 ; accuracy: 0.942 ; precision: 0.736 ; recall: 0.859 ; loss: 0.332
2019-01-18 21:38:38,607:INFO: - Found new best DSC
2019-01-18 21:38:38,607:INFO: Epoch 2/45
2019-01-18 21:38:49,312:INFO: - Train metrics: dsc: 0.833 ; iou: 0.755 ; accuracy: 0.967 ; precision: 0.850 ; recall: 0.840 ; loss: 0.276
2019-01-18 21:38:50,403:INFO: - Eval metrics : dsc: 0.849 ; iou: 0.777 ; accuracy: 0.970 ; precision: 0.884 ; recall: 0.851 ; loss: 0.234
2019-01-18 21:38:50,424:INFO: - Found new best DSC
2019-01-18 21:38:50,424:INFO: Epoch 3/45
2019-01-18 21:39:01,175:INFO: - Train metrics: dsc: 0.861 ; iou: 0.791 ; accuracy: 0.973 ; precision: 0.874 ; recall: 0.868 ; loss: 0.214
2019-01-18 21:39:02,263:INFO: - Eval metrics : dsc: 0.876 ; iou: 0.811 ; accuracy: 0.975 ; precision: 0.895 ; recall: 0.881 ; loss: 0.186
2019-01-18 21:39:02,280:INFO: - Found new best DSC
2019-01-18 21:39:02,280:INFO: Epoch 4/45
2019-01-18 21:39:13,014:INFO: - Train metrics: dsc: 0.879 ; iou: 0.816 ; accuracy: 0.977 ; precision: 0.891 ; recall: 0.882 ; loss: 0.167
2019-01-18 21:39:14,091:INFO: - Eval metrics : dsc: 0.881 ; iou: 0.821 ; accuracy: 0.978 ; precision: 0.911 ; recall: 0.882 ; loss: 0.144
2019-01-18 21:39:14,109:INFO: - Found new best DSC
2019-01-18 21:39:14,109:INFO: Epoch 5/45
2019-01-18 21:39:24,839:INFO: - Train metrics: dsc: 0.885 ; iou: 0.826 ; accuracy: 0.979 ; precision: 0.899 ; recall: 0.888 ; loss: 0.134
2019-01-18 21:39:25,919:INFO: - Eval metrics : dsc: 0.888 ; iou: 0.826 ; accuracy: 0.977 ; precision: 0.890 ; recall: 0.905 ; loss: 0.126
2019-01-18 21:39:25,932:INFO: - Found new best DSC
2019-01-18 21:39:25,932:INFO: Epoch 6/45
2019-01-18 21:39:36,774:INFO: - Train metrics: dsc: 0.892 ; iou: 0.835 ; accuracy: 0.981 ; precision: 0.908 ; recall: 0.893 ; loss: 0.110
2019-01-18 21:39:37,921:INFO: - Eval metrics : dsc: 0.895 ; iou: 0.837 ; accuracy: 0.979 ; precision: 0.910 ; recall: 0.900 ; loss: 0.104
2019-01-18 21:39:37,944:INFO: - Found new best DSC
2019-01-18 21:39:37,944:INFO: Epoch 7/45
2019-01-18 21:39:48,781:INFO: - Train metrics: dsc: 0.901 ; iou: 0.846 ; accuracy: 0.982 ; precision: 0.914 ; recall: 0.902 ; loss: 0.092
2019-01-18 21:39:49,901:INFO: - Eval metrics : dsc: 0.897 ; iou: 0.842 ; accuracy: 0.981 ; precision: 0.944 ; recall: 0.881 ; loss: 0.089
2019-01-18 21:39:49,922:INFO: - Found new best DSC
2019-01-18 21:39:49,922:INFO: Epoch 8/45
2019-01-18 21:40:00,732:INFO: - Train metrics: dsc: 0.903 ; iou: 0.849 ; accuracy: 0.982 ; precision: 0.920 ; recall: 0.905 ; loss: 0.080
2019-01-18 21:40:01,810:INFO: - Eval metrics : dsc: 0.900 ; iou: 0.844 ; accuracy: 0.981 ; precision: 0.939 ; recall: 0.886 ; loss: 0.078
2019-01-18 21:40:01,826:INFO: - Found new best DSC
2019-01-18 21:40:01,826:INFO: Epoch 9/45
2019-01-18 21:40:12,573:INFO: - Train metrics: dsc: 0.908 ; iou: 0.855 ; accuracy: 0.983 ; precision: 0.921 ; recall: 0.909 ; loss: 0.070
2019-01-18 21:40:13,674:INFO: - Eval metrics : dsc: 0.902 ; iou: 0.849 ; accuracy: 0.981 ; precision: 0.915 ; recall: 0.907 ; loss: 0.072
2019-01-18 21:40:13,690:INFO: - Found new best DSC
2019-01-18 21:40:13,690:INFO: Epoch 10/45
2019-01-18 21:40:24,494:INFO: - Train metrics: dsc: 0.915 ; iou: 0.864 ; accuracy: 0.984 ; precision: 0.930 ; recall: 0.914 ; loss: 0.061
2019-01-18 21:40:25,595:INFO: - Eval metrics : dsc: 0.902 ; iou: 0.849 ; accuracy: 0.982 ; precision: 0.942 ; recall: 0.886 ; loss: 0.062
2019-01-18 21:40:25,615:INFO: - Found new best DSC
2019-01-18 21:40:25,615:INFO: Epoch 11/45
2019-01-18 21:40:36,444:INFO: - Train metrics: dsc: 0.918 ; iou: 0.868 ; accuracy: 0.985 ; precision: 0.929 ; recall: 0.917 ; loss: 0.055
2019-01-18 21:40:37,527:INFO: - Eval metrics : dsc: 0.913 ; iou: 0.859 ; accuracy: 0.982 ; precision: 0.915 ; recall: 0.923 ; loss: 0.064
2019-01-18 21:40:37,548:INFO: - Found new best DSC
2019-01-18 21:40:37,549:INFO: Epoch 12/45
2019-01-18 21:40:48,361:INFO: - Train metrics: dsc: 0.917 ; iou: 0.866 ; accuracy: 0.984 ; precision: 0.930 ; recall: 0.918 ; loss: 0.053
2019-01-18 21:40:49,481:INFO: - Eval metrics : dsc: 0.907 ; iou: 0.853 ; accuracy: 0.982 ; precision: 0.923 ; recall: 0.908 ; loss: 0.058
2019-01-18 21:40:49,495:INFO: Epoch 13/45
2019-01-18 21:41:00,241:INFO: - Train metrics: dsc: 0.923 ; iou: 0.874 ; accuracy: 0.985 ; precision: 0.936 ; recall: 0.924 ; loss: 0.048
2019-01-18 21:41:01,319:INFO: - Eval metrics : dsc: 0.910 ; iou: 0.858 ; accuracy: 0.983 ; precision: 0.929 ; recall: 0.905 ; loss: 0.053
2019-01-18 21:41:01,334:INFO: Epoch 14/45
2019-01-18 21:41:12,096:INFO: - Train metrics: dsc: 0.924 ; iou: 0.876 ; accuracy: 0.985 ; precision: 0.936 ; recall: 0.925 ; loss: 0.045
2019-01-18 21:41:13,181:INFO: - Eval metrics : dsc: 0.908 ; iou: 0.858 ; accuracy: 0.983 ; precision: 0.936 ; recall: 0.902 ; loss: 0.052
2019-01-18 21:41:13,206:INFO: Epoch 15/45
2019-01-18 21:41:23,972:INFO: - Train metrics: dsc: 0.925 ; iou: 0.877 ; accuracy: 0.985 ; precision: 0.936 ; recall: 0.925 ; loss: 0.043
2019-01-18 21:41:25,074:INFO: - Eval metrics : dsc: 0.916 ; iou: 0.866 ; accuracy: 0.983 ; precision: 0.925 ; recall: 0.922 ; loss: 0.049
2019-01-18 21:41:25,106:INFO: - Found new best DSC
2019-01-18 21:41:25,106:INFO: Epoch 16/45
2019-01-18 21:41:35,839:INFO: - Train metrics: dsc: 0.927 ; iou: 0.881 ; accuracy: 0.986 ; precision: 0.940 ; recall: 0.930 ; loss: 0.041
2019-01-18 21:41:36,962:INFO: - Eval metrics : dsc: 0.918 ; iou: 0.868 ; accuracy: 0.983 ; precision: 0.920 ; recall: 0.928 ; loss: 0.048
2019-01-18 21:41:36,978:INFO: - Found new best DSC
2019-01-18 21:41:36,978:INFO: Epoch 17/45
2019-01-18 21:41:47,792:INFO: - Train metrics: dsc: 0.929 ; iou: 0.882 ; accuracy: 0.986 ; precision: 0.939 ; recall: 0.931 ; loss: 0.040
2019-01-18 21:41:48,890:INFO: - Eval metrics : dsc: 0.916 ; iou: 0.865 ; accuracy: 0.983 ; precision: 0.934 ; recall: 0.910 ; loss: 0.047
2019-01-18 21:41:48,904:INFO: Epoch 18/45
2019-01-18 21:41:59,708:INFO: - Train metrics: dsc: 0.932 ; iou: 0.887 ; accuracy: 0.987 ; precision: 0.941 ; recall: 0.934 ; loss: 0.037
2019-01-18 21:42:00,786:INFO: - Eval metrics : dsc: 0.910 ; iou: 0.860 ; accuracy: 0.983 ; precision: 0.947 ; recall: 0.893 ; loss: 0.049
2019-01-18 21:42:00,811:INFO: Epoch 19/45
2019-01-18 21:42:11,595:INFO: - Train metrics: dsc: 0.933 ; iou: 0.888 ; accuracy: 0.987 ; precision: 0.946 ; recall: 0.934 ; loss: 0.036
2019-01-18 21:42:12,719:INFO: - Eval metrics : dsc: 0.911 ; iou: 0.862 ; accuracy: 0.983 ; precision: 0.926 ; recall: 0.917 ; loss: 0.047
2019-01-18 21:42:12,738:INFO: Epoch 20/45
2019-01-18 21:42:23,529:INFO: - Train metrics: dsc: 0.931 ; iou: 0.885 ; accuracy: 0.986 ; precision: 0.940 ; recall: 0.933 ; loss: 0.037
2019-01-18 21:42:24,617:INFO: - Eval metrics : dsc: 0.913 ; iou: 0.863 ; accuracy: 0.983 ; precision: 0.934 ; recall: 0.913 ; loss: 0.047
2019-01-18 21:42:24,635:INFO: Epoch 21/45
2019-01-18 21:42:35,369:INFO: - Train metrics: dsc: 0.935 ; iou: 0.891 ; accuracy: 0.987 ; precision: 0.943 ; recall: 0.937 ; loss: 0.034
2019-01-18 21:42:36,458:INFO: - Eval metrics : dsc: 0.915 ; iou: 0.865 ; accuracy: 0.983 ; precision: 0.924 ; recall: 0.923 ; loss: 0.045
2019-01-18 21:42:36,473:INFO: Epoch 22/45
2019-01-18 21:42:47,299:INFO: - Train metrics: dsc: 0.937 ; iou: 0.894 ; accuracy: 0.987 ; precision: 0.944 ; recall: 0.940 ; loss: 0.033
2019-01-18 21:42:48,386:INFO: - Eval metrics : dsc: 0.914 ; iou: 0.865 ; accuracy: 0.984 ; precision: 0.936 ; recall: 0.910 ; loss: 0.045
2019-01-18 21:42:48,412:INFO: Epoch 23/45
2019-01-18 21:42:59,118:INFO: - Train metrics: dsc: 0.933 ; iou: 0.888 ; accuracy: 0.987 ; precision: 0.942 ; recall: 0.936 ; loss: 0.034
2019-01-18 21:43:00,205:INFO: - Eval metrics : dsc: 0.918 ; iou: 0.867 ; accuracy: 0.984 ; precision: 0.926 ; recall: 0.922 ; loss: 0.044
2019-01-18 21:43:00,218:INFO: Epoch 24/45
2019-01-18 21:43:10,993:INFO: - Train metrics: dsc: 0.939 ; iou: 0.896 ; accuracy: 0.988 ; precision: 0.946 ; recall: 0.941 ; loss: 0.032
2019-01-18 21:43:12,080:INFO: - Eval metrics : dsc: 0.914 ; iou: 0.865 ; accuracy: 0.984 ; precision: 0.940 ; recall: 0.912 ; loss: 0.044
2019-01-18 21:43:12,094:INFO: Epoch 25/45
2019-01-18 21:43:22,952:INFO: - Train metrics: dsc: 0.941 ; iou: 0.899 ; accuracy: 0.988 ; precision: 0.951 ; recall: 0.942 ; loss: 0.031
2019-01-18 21:43:24,063:INFO: - Eval metrics : dsc: 0.916 ; iou: 0.865 ; accuracy: 0.984 ; precision: 0.935 ; recall: 0.916 ; loss: 0.045
2019-01-18 21:43:24,077:INFO: Epoch 26/45
2019-01-18 21:43:34,832:INFO: - Train metrics: dsc: 0.941 ; iou: 0.898 ; accuracy: 0.988 ; precision: 0.946 ; recall: 0.943 ; loss: 0.031
2019-01-18 21:43:35,959:INFO: - Eval metrics : dsc: 0.912 ; iou: 0.862 ; accuracy: 0.983 ; precision: 0.942 ; recall: 0.901 ; loss: 0.046
2019-01-18 21:43:35,973:INFO: Epoch 27/45
2019-01-18 21:43:46,743:INFO: - Train metrics: dsc: 0.940 ; iou: 0.898 ; accuracy: 0.988 ; precision: 0.949 ; recall: 0.942 ; loss: 0.031
2019-01-18 21:43:47,829:INFO: - Eval metrics : dsc: 0.916 ; iou: 0.868 ; accuracy: 0.984 ; precision: 0.946 ; recall: 0.909 ; loss: 0.043
2019-01-18 21:43:47,843:INFO: Epoch 28/45
2019-01-18 21:43:58,612:INFO: - Train metrics: dsc: 0.942 ; iou: 0.901 ; accuracy: 0.988 ; precision: 0.948 ; recall: 0.944 ; loss: 0.029
2019-01-18 21:43:59,691:INFO: - Eval metrics : dsc: 0.910 ; iou: 0.860 ; accuracy: 0.983 ; precision: 0.941 ; recall: 0.900 ; loss: 0.048
2019-01-18 21:43:59,705:INFO: Epoch 29/45
2019-01-18 21:44:10,435:INFO: - Train metrics: dsc: 0.941 ; iou: 0.899 ; accuracy: 0.988 ; precision: 0.947 ; recall: 0.943 ; loss: 0.029
2019-01-18 21:44:11,575:INFO: - Eval metrics : dsc: 0.913 ; iou: 0.864 ; accuracy: 0.984 ; precision: 0.936 ; recall: 0.909 ; loss: 0.046
2019-01-18 21:44:11,593:INFO: Epoch 30/45
2019-01-18 21:44:22,442:INFO: - Train metrics: dsc: 0.944 ; iou: 0.903 ; accuracy: 0.988 ; precision: 0.952 ; recall: 0.947 ; loss: 0.029
2019-01-18 21:44:23,528:INFO: - Eval metrics : dsc: 0.913 ; iou: 0.863 ; accuracy: 0.983 ; precision: 0.936 ; recall: 0.908 ; loss: 0.046
2019-01-18 21:44:23,550:INFO: Epoch 31/45
2019-01-18 21:44:34,365:INFO: - Train metrics: dsc: 0.942 ; iou: 0.901 ; accuracy: 0.988 ; precision: 0.949 ; recall: 0.945 ; loss: 0.029
2019-01-18 21:44:35,501:INFO: - Eval metrics : dsc: 0.909 ; iou: 0.858 ; accuracy: 0.983 ; precision: 0.935 ; recall: 0.909 ; loss: 0.046
2019-01-18 21:44:35,519:INFO: Epoch 32/45
2019-01-18 21:44:46,327:INFO: - Train metrics: dsc: 0.946 ; iou: 0.906 ; accuracy: 0.989 ; precision: 0.952 ; recall: 0.948 ; loss: 0.028
2019-01-18 21:44:47,416:INFO: - Eval metrics : dsc: 0.912 ; iou: 0.862 ; accuracy: 0.982 ; precision: 0.916 ; recall: 0.927 ; loss: 0.050
2019-01-18 21:44:47,430:INFO: Epoch 33/45
2019-01-18 21:44:58,213:INFO: - Train metrics: dsc: 0.945 ; iou: 0.905 ; accuracy: 0.989 ; precision: 0.950 ; recall: 0.947 ; loss: 0.028
2019-01-18 21:44:59,303:INFO: - Eval metrics : dsc: 0.919 ; iou: 0.870 ; accuracy: 0.984 ; precision: 0.927 ; recall: 0.923 ; loss: 0.044
2019-01-18 21:44:59,323:INFO: - Found new best DSC
2019-01-18 21:44:59,323:INFO: Epoch 34/45
2019-01-18 21:45:10,178:INFO: - Train metrics: dsc: 0.945 ; iou: 0.906 ; accuracy: 0.989 ; precision: 0.955 ; recall: 0.946 ; loss: 0.027
2019-01-18 21:45:11,270:INFO: - Eval metrics : dsc: 0.916 ; iou: 0.867 ; accuracy: 0.984 ; precision: 0.926 ; recall: 0.921 ; loss: 0.045
2019-01-18 21:45:11,285:INFO: Epoch 35/45
2019-01-18 21:45:22,075:INFO: - Train metrics: dsc: 0.947 ; iou: 0.909 ; accuracy: 0.989 ; precision: 0.954 ; recall: 0.949 ; loss: 0.026
2019-01-18 21:45:23,214:INFO: - Eval metrics : dsc: 0.913 ; iou: 0.862 ; accuracy: 0.983 ; precision: 0.937 ; recall: 0.903 ; loss: 0.048
2019-01-18 21:45:23,228:INFO: Epoch 36/45
2019-01-18 21:45:34,008:INFO: - Train metrics: dsc: 0.945 ; iou: 0.907 ; accuracy: 0.989 ; precision: 0.954 ; recall: 0.947 ; loss: 0.026
2019-01-18 21:45:35,110:INFO: - Eval metrics : dsc: 0.916 ; iou: 0.867 ; accuracy: 0.984 ; precision: 0.924 ; recall: 0.927 ; loss: 0.045
2019-01-18 21:45:35,125:INFO: Epoch 37/45
2019-01-18 21:45:45,927:INFO: - Train metrics: dsc: 0.946 ; iou: 0.907 ; accuracy: 0.989 ; precision: 0.952 ; recall: 0.946 ; loss: 0.026
2019-01-18 21:45:47,055:INFO: - Eval metrics : dsc: 0.914 ; iou: 0.864 ; accuracy: 0.983 ; precision: 0.941 ; recall: 0.903 ; loss: 0.047
2019-01-18 21:45:47,082:INFO: Epoch 38/45
2019-01-18 21:45:57,810:INFO: - Train metrics: dsc: 0.949 ; iou: 0.910 ; accuracy: 0.989 ; precision: 0.955 ; recall: 0.952 ; loss: 0.025
2019-01-18 21:45:58,973:INFO: - Eval metrics : dsc: 0.915 ; iou: 0.865 ; accuracy: 0.984 ; precision: 0.915 ; recall: 0.934 ; loss: 0.046
2019-01-18 21:45:58,991:INFO: Epoch 39/45
2019-01-18 21:46:09,811:INFO: - Train metrics: dsc: 0.949 ; iou: 0.911 ; accuracy: 0.990 ; precision: 0.954 ; recall: 0.950 ; loss: 0.025
2019-01-18 21:46:10,892:INFO: - Eval metrics : dsc: 0.915 ; iou: 0.866 ; accuracy: 0.984 ; precision: 0.935 ; recall: 0.915 ; loss: 0.047
2019-01-18 21:46:10,918:INFO: Epoch 40/45
2019-01-18 21:46:21,739:INFO: - Train metrics: dsc: 0.950 ; iou: 0.912 ; accuracy: 0.990 ; precision: 0.956 ; recall: 0.951 ; loss: 0.025
2019-01-18 21:46:22,806:INFO: - Eval metrics : dsc: 0.919 ; iou: 0.870 ; accuracy: 0.984 ; precision: 0.922 ; recall: 0.933 ; loss: 0.045
2019-01-18 21:46:22,829:INFO: - Found new best DSC
2019-01-18 21:46:22,829:INFO: Epoch 41/45
2019-01-18 21:46:33,649:INFO: - Train metrics: dsc: 0.952 ; iou: 0.916 ; accuracy: 0.990 ; precision: 0.956 ; recall: 0.953 ; loss: 0.024
2019-01-18 21:46:34,744:INFO: - Eval metrics : dsc: 0.913 ; iou: 0.864 ; accuracy: 0.984 ; precision: 0.939 ; recall: 0.906 ; loss: 0.047
2019-01-18 21:46:34,759:INFO: Epoch 42/45
2019-01-18 21:46:45,488:INFO: - Train metrics: dsc: 0.951 ; iou: 0.915 ; accuracy: 0.990 ; precision: 0.960 ; recall: 0.951 ; loss: 0.024
2019-01-18 21:46:46,598:INFO: - Eval metrics : dsc: 0.914 ; iou: 0.865 ; accuracy: 0.984 ; precision: 0.935 ; recall: 0.912 ; loss: 0.049
2019-01-18 21:46:46,614:INFO: Epoch 43/45
2019-01-18 21:46:57,454:INFO: - Train metrics: dsc: 0.954 ; iou: 0.917 ; accuracy: 0.990 ; precision: 0.956 ; recall: 0.955 ; loss: 0.023
2019-01-18 21:46:58,543:INFO: - Eval metrics : dsc: 0.915 ; iou: 0.865 ; accuracy: 0.984 ; precision: 0.935 ; recall: 0.910 ; loss: 0.048
2019-01-18 21:46:58,562:INFO: Epoch 44/45
2019-01-18 21:47:09,318:INFO: - Train metrics: dsc: 0.951 ; iou: 0.913 ; accuracy: 0.990 ; precision: 0.956 ; recall: 0.951 ; loss: 0.025
2019-01-18 21:47:10,399:INFO: - Eval metrics : dsc: 0.917 ; iou: 0.869 ; accuracy: 0.984 ; precision: 0.935 ; recall: 0.915 ; loss: 0.046
2019-01-18 21:47:10,413:INFO: Epoch 45/45
2019-01-18 21:47:21,175:INFO: - Train metrics: dsc: 0.952 ; iou: 0.915 ; accuracy: 0.990 ; precision: 0.960 ; recall: 0.952 ; loss: 0.023
2019-01-18 21:47:22,278:INFO: - Eval metrics : dsc: 0.915 ; iou: 0.866 ; accuracy: 0.984 ; precision: 0.938 ; recall: 0.906 ; loss: 0.049
2019-01-18 21:47:22,333:INFO: Loading the datasets...
2019-01-18 21:47:26,695:INFO: - done.
2019-01-18 21:47:26,695:INFO: For k-fold 4/5:
2019-01-18 21:47:26,695:INFO: Starting training for 45 epoch(s)
2019-01-18 21:47:26,695:INFO: Epoch 1/45
2019-01-18 21:47:37,402:INFO: - Train metrics: dsc: 0.656 ; iou: 0.551 ; accuracy: 0.920 ; precision: 0.691 ; recall: 0.659 ; loss: 0.409
2019-01-18 21:47:38,510:INFO: - Eval metrics : dsc: 0.779 ; iou: 0.685 ; accuracy: 0.955 ; precision: 0.783 ; recall: 0.808 ; loss: 0.320
2019-01-18 21:47:38,530:INFO: - Found new best DSC
2019-01-18 21:47:38,530:INFO: Epoch 2/45
2019-01-18 21:47:49,283:INFO: - Train metrics: dsc: 0.841 ; iou: 0.764 ; accuracy: 0.968 ; precision: 0.860 ; recall: 0.849 ; loss: 0.274
2019-01-18 21:47:50,400:INFO: - Eval metrics : dsc: 0.826 ; iou: 0.745 ; accuracy: 0.963 ; precision: 0.810 ; recall: 0.871 ; loss: 0.248
2019-01-18 21:47:50,421:INFO: - Found new best DSC
2019-01-18 21:47:50,421:INFO: Epoch 3/45
2019-01-18 21:48:01,168:INFO: - Train metrics: dsc: 0.868 ; iou: 0.800 ; accuracy: 0.974 ; precision: 0.884 ; recall: 0.875 ; loss: 0.211
2019-01-18 21:48:02,272:INFO: - Eval metrics : dsc: 0.847 ; iou: 0.781 ; accuracy: 0.975 ; precision: 0.881 ; recall: 0.851 ; loss: 0.187
2019-01-18 21:48:02,288:INFO: - Found new best DSC
2019-01-18 21:48:02,288:INFO: Epoch 4/45
2019-01-18 21:48:13,058:INFO: - Train metrics: dsc: 0.887 ; iou: 0.825 ; accuracy: 0.978 ; precision: 0.893 ; recall: 0.894 ; loss: 0.165
2019-01-18 21:48:14,150:INFO: - Eval metrics : dsc: 0.859 ; iou: 0.796 ; accuracy: 0.976 ; precision: 0.880 ; recall: 0.868 ; loss: 0.142
2019-01-18 21:48:14,172:INFO: - Found new best DSC
2019-01-18 21:48:14,172:INFO: Epoch 5/45
2019-01-18 21:48:24,935:INFO: - Train metrics: dsc: 0.893 ; iou: 0.834 ; accuracy: 0.980 ; precision: 0.903 ; recall: 0.897 ; loss: 0.132
2019-01-18 21:48:26,052:INFO: - Eval metrics : dsc: 0.865 ; iou: 0.799 ; accuracy: 0.975 ; precision: 0.862 ; recall: 0.888 ; loss: 0.131
2019-01-18 21:48:26,074:INFO: - Found new best DSC
2019-01-18 21:48:26,074:INFO: Epoch 6/45
2019-01-18 21:48:36,865:INFO: - Train metrics: dsc: 0.901 ; iou: 0.845 ; accuracy: 0.981 ; precision: 0.911 ; recall: 0.905 ; loss: 0.108
2019-01-18 21:48:37,984:INFO: - Eval metrics : dsc: 0.879 ; iou: 0.819 ; accuracy: 0.979 ; precision: 0.906 ; recall: 0.876 ; loss: 0.105
2019-01-18 21:48:38,000:INFO: - Found new best DSC
2019-01-18 21:48:38,000:INFO: Epoch 7/45
2019-01-18 21:48:48,807:INFO: - Train metrics: dsc: 0.905 ; iou: 0.851 ; accuracy: 0.982 ; precision: 0.914 ; recall: 0.911 ; loss: 0.092
2019-01-18 21:48:49,927:INFO: - Eval metrics : dsc: 0.879 ; iou: 0.820 ; accuracy: 0.980 ; precision: 0.933 ; recall: 0.866 ; loss: 0.091
2019-01-18 21:48:49,942:INFO: - Found new best DSC
2019-01-18 21:48:49,942:INFO: Epoch 8/45
2019-01-18 21:49:00,697:INFO: - Train metrics: dsc: 0.907 ; iou: 0.854 ; accuracy: 0.983 ; precision: 0.923 ; recall: 0.910 ; loss: 0.078
2019-01-18 21:49:01,793:INFO: - Eval metrics : dsc: 0.874 ; iou: 0.817 ; accuracy: 0.980 ; precision: 0.920 ; recall: 0.862 ; loss: 0.080
2019-01-18 21:49:01,807:INFO: Epoch 9/45
2019-01-18 21:49:12,565:INFO: - Train metrics: dsc: 0.912 ; iou: 0.861 ; accuracy: 0.983 ; precision: 0.922 ; recall: 0.915 ; loss: 0.069
2019-01-18 21:49:13,668:INFO: - Eval metrics : dsc: 0.883 ; iou: 0.827 ; accuracy: 0.981 ; precision: 0.914 ; recall: 0.890 ; loss: 0.073
2019-01-18 21:49:13,684:INFO: - Found new best DSC
2019-01-18 21:49:13,684:INFO: Epoch 10/45
2019-01-18 21:49:24,533:INFO: - Train metrics: dsc: 0.917 ; iou: 0.867 ; accuracy: 0.984 ; precision: 0.927 ; recall: 0.920 ; loss: 0.061
2019-01-18 21:49:25,640:INFO: - Eval metrics : dsc: 0.893 ; iou: 0.838 ; accuracy: 0.982 ; precision: 0.903 ; recall: 0.906 ; loss: 0.063
2019-01-18 21:49:25,662:INFO: - Found new best DSC
2019-01-18 21:49:25,662:INFO: Epoch 11/45
2019-01-18 21:49:36,414:INFO: - Train metrics: dsc: 0.920 ; iou: 0.871 ; accuracy: 0.985 ; precision: 0.932 ; recall: 0.923 ; loss: 0.055
2019-01-18 21:49:37,544:INFO: - Eval metrics : dsc: 0.889 ; iou: 0.830 ; accuracy: 0.979 ; precision: 0.892 ; recall: 0.912 ; loss: 0.066
2019-01-18 21:49:37,558:INFO: Epoch 12/45
2019-01-18 21:49:48,447:INFO: - Train metrics: dsc: 0.917 ; iou: 0.869 ; accuracy: 0.984 ; precision: 0.931 ; recall: 0.919 ; loss: 0.052
2019-01-18 21:49:49,560:INFO: - Eval metrics : dsc: 0.889 ; iou: 0.836 ; accuracy: 0.982 ; precision: 0.918 ; recall: 0.891 ; loss: 0.057
2019-01-18 21:49:49,578:INFO: Epoch 13/45
2019-01-18 21:50:00,332:INFO: - Train metrics: dsc: 0.923 ; iou: 0.876 ; accuracy: 0.985 ; precision: 0.936 ; recall: 0.928 ; loss: 0.047
2019-01-18 21:50:01,429:INFO: - Eval metrics : dsc: 0.897 ; iou: 0.844 ; accuracy: 0.983 ; precision: 0.930 ; recall: 0.892 ; loss: 0.054
2019-01-18 21:50:01,445:INFO: - Found new best DSC
2019-01-18 21:50:01,445:INFO: Epoch 14/45
2019-01-18 21:50:12,243:INFO: - Train metrics: dsc: 0.930 ; iou: 0.883 ; accuracy: 0.986 ; precision: 0.937 ; recall: 0.933 ; loss: 0.044
2019-01-18 21:50:13,328:INFO: - Eval metrics : dsc: 0.894 ; iou: 0.842 ; accuracy: 0.983 ; precision: 0.917 ; recall: 0.901 ; loss: 0.052
2019-01-18 21:50:13,343:INFO: Epoch 15/45
2019-01-18 21:50:24,080:INFO: - Train metrics: dsc: 0.924 ; iou: 0.877 ; accuracy: 0.985 ; precision: 0.938 ; recall: 0.925 ; loss: 0.044
2019-01-18 21:50:25,240:INFO: - Eval metrics : dsc: 0.905 ; iou: 0.852 ; accuracy: 0.982 ; precision: 0.916 ; recall: 0.920 ; loss: 0.051
2019-01-18 21:50:25,256:INFO: - Found new best DSC
2019-01-18 21:50:25,256:INFO: Epoch 16/45
2019-01-18 21:50:36,156:INFO: - Train metrics: dsc: 0.929 ; iou: 0.883 ; accuracy: 0.986 ; precision: 0.939 ; recall: 0.931 ; loss: 0.040
2019-01-18 21:50:37,269:INFO: - Eval metrics : dsc: 0.904 ; iou: 0.845 ; accuracy: 0.980 ; precision: 0.893 ; recall: 0.935 ; loss: 0.056
2019-01-18 21:50:37,289:INFO: Epoch 17/45
2019-01-18 21:50:48,080:INFO: - Train metrics: dsc: 0.932 ; iou: 0.888 ; accuracy: 0.987 ; precision: 0.941 ; recall: 0.934 ; loss: 0.038
2019-01-18 21:50:49,179:INFO: - Eval metrics : dsc: 0.904 ; iou: 0.851 ; accuracy: 0.983 ; precision: 0.944 ; recall: 0.891 ; loss: 0.049
2019-01-18 21:50:49,209:INFO: Epoch 18/45
2019-01-18 21:51:00,039:INFO: - Train metrics: dsc: 0.928 ; iou: 0.883 ; accuracy: 0.986 ; precision: 0.937 ; recall: 0.932 ; loss: 0.039
2019-01-18 21:51:01,130:INFO: - Eval metrics : dsc: 0.896 ; iou: 0.842 ; accuracy: 0.982 ; precision: 0.936 ; recall: 0.887 ; loss: 0.051
2019-01-18 21:51:01,146:INFO: Epoch 19/45
2019-01-18 21:51:11,940:INFO: - Train metrics: dsc: 0.934 ; iou: 0.890 ; accuracy: 0.987 ; precision: 0.940 ; recall: 0.937 ; loss: 0.036
2019-01-18 21:51:13,047:INFO: - Eval metrics : dsc: 0.909 ; iou: 0.853 ; accuracy: 0.982 ; precision: 0.905 ; recall: 0.934 ; loss: 0.049
2019-01-18 21:51:13,060:INFO: - Found new best DSC
2019-01-18 21:51:13,061:INFO: Epoch 20/45
2019-01-18 21:51:23,896:INFO: - Train metrics: dsc: 0.933 ; iou: 0.888 ; accuracy: 0.987 ; precision: 0.943 ; recall: 0.936 ; loss: 0.036
2019-01-18 21:51:24,982:INFO: - Eval metrics : dsc: 0.908 ; iou: 0.856 ; accuracy: 0.983 ; precision: 0.928 ; recall: 0.912 ; loss: 0.045
2019-01-18 21:51:25,001:INFO: Epoch 21/45
2019-01-18 21:51:35,770:INFO: - Train metrics: dsc: 0.935 ; iou: 0.892 ; accuracy: 0.987 ; precision: 0.944 ; recall: 0.937 ; loss: 0.034
2019-01-18 21:51:36,847:INFO: - Eval metrics : dsc: 0.905 ; iou: 0.851 ; accuracy: 0.983 ; precision: 0.914 ; recall: 0.919 ; loss: 0.046
2019-01-18 21:51:36,861:INFO: Epoch 22/45
2019-01-18 21:51:47,603:INFO: - Train metrics: dsc: 0.938 ; iou: 0.895 ; accuracy: 0.988 ; precision: 0.947 ; recall: 0.939 ; loss: 0.032
2019-01-18 21:51:48,717:INFO: - Eval metrics : dsc: 0.905 ; iou: 0.852 ; accuracy: 0.983 ; precision: 0.931 ; recall: 0.901 ; loss: 0.045
2019-01-18 21:51:48,735:INFO: Epoch 23/45
2019-01-18 21:51:59,553:INFO: - Train metrics: dsc: 0.935 ; iou: 0.892 ; accuracy: 0.987 ; precision: 0.943 ; recall: 0.939 ; loss: 0.034
2019-01-18 21:52:00,652:INFO: - Eval metrics : dsc: 0.904 ; iou: 0.848 ; accuracy: 0.981 ; precision: 0.895 ; recall: 0.935 ; loss: 0.052
2019-01-18 21:52:00,665:INFO: Epoch 24/45
2019-01-18 21:52:11,460:INFO: - Train metrics: dsc: 0.939 ; iou: 0.896 ; accuracy: 0.988 ; precision: 0.948 ; recall: 0.942 ; loss: 0.032
2019-01-18 21:52:12,505:INFO: - Eval metrics : dsc: 0.912 ; iou: 0.860 ; accuracy: 0.984 ; precision: 0.928 ; recall: 0.920 ; loss: 0.044
2019-01-18 21:52:12,527:INFO: - Found new best DSC
2019-01-18 21:52:12,527:INFO: Epoch 25/45
2019-01-18 21:52:23,265:INFO: - Train metrics: dsc: 0.942 ; iou: 0.901 ; accuracy: 0.988 ; precision: 0.951 ; recall: 0.943 ; loss: 0.031
2019-01-18 21:52:24,371:INFO: - Eval metrics : dsc: 0.918 ; iou: 0.866 ; accuracy: 0.983 ; precision: 0.926 ; recall: 0.924 ; loss: 0.044
2019-01-18 21:52:24,392:INFO: - Found new best DSC
2019-01-18 21:52:24,392:INFO: Epoch 26/45
2019-01-18 21:52:35,169:INFO: - Train metrics: dsc: 0.938 ; iou: 0.895 ; accuracy: 0.987 ; precision: 0.945 ; recall: 0.941 ; loss: 0.032
2019-01-18 21:52:36,254:INFO: - Eval metrics : dsc: 0.896 ; iou: 0.844 ; accuracy: 0.983 ; precision: 0.928 ; recall: 0.895 ; loss: 0.047
2019-01-18 21:52:36,269:INFO: Epoch 27/45
2019-01-18 21:52:47,100:INFO: - Train metrics: dsc: 0.941 ; iou: 0.899 ; accuracy: 0.988 ; precision: 0.946 ; recall: 0.944 ; loss: 0.030
2019-01-18 21:52:48,152:INFO: - Eval metrics : dsc: 0.913 ; iou: 0.861 ; accuracy: 0.984 ; precision: 0.935 ; recall: 0.914 ; loss: 0.044
2019-01-18 21:52:48,166:INFO: Epoch 28/45
2019-01-18 21:52:58,891:INFO: - Train metrics: dsc: 0.942 ; iou: 0.902 ; accuracy: 0.988 ; precision: 0.953 ; recall: 0.944 ; loss: 0.029
2019-01-18 21:52:59,969:INFO: - Eval metrics : dsc: 0.900 ; iou: 0.847 ; accuracy: 0.983 ; precision: 0.942 ; recall: 0.892 ; loss: 0.047
2019-01-18 21:52:59,988:INFO: Epoch 29/45
2019-01-18 21:53:10,798:INFO: - Train metrics: dsc: 0.945 ; iou: 0.905 ; accuracy: 0.989 ; precision: 0.952 ; recall: 0.946 ; loss: 0.028
2019-01-18 21:53:11,901:INFO: - Eval metrics : dsc: 0.915 ; iou: 0.862 ; accuracy: 0.983 ; precision: 0.915 ; recall: 0.937 ; loss: 0.045
2019-01-18 21:53:11,920:INFO: Epoch 30/45
2019-01-18 21:53:22,717:INFO: - Train metrics: dsc: 0.944 ; iou: 0.903 ; accuracy: 0.988 ; precision: 0.951 ; recall: 0.945 ; loss: 0.029
2019-01-18 21:53:23,815:INFO: - Eval metrics : dsc: 0.903 ; iou: 0.852 ; accuracy: 0.983 ; precision: 0.923 ; recall: 0.902 ; loss: 0.046
2019-01-18 21:53:23,829:INFO: Epoch 31/45
2019-01-18 21:53:34,578:INFO: - Train metrics: dsc: 0.945 ; iou: 0.905 ; accuracy: 0.989 ; precision: 0.950 ; recall: 0.947 ; loss: 0.028
2019-01-18 21:53:35,678:INFO: - Eval metrics : dsc: 0.907 ; iou: 0.852 ; accuracy: 0.982 ; precision: 0.922 ; recall: 0.917 ; loss: 0.048
2019-01-18 21:53:35,699:INFO: Epoch 32/45
2019-01-18 21:53:46,424:INFO: - Train metrics: dsc: 0.946 ; iou: 0.907 ; accuracy: 0.989 ; precision: 0.955 ; recall: 0.948 ; loss: 0.027
2019-01-18 21:53:47,524:INFO: - Eval metrics : dsc: 0.897 ; iou: 0.846 ; accuracy: 0.983 ; precision: 0.929 ; recall: 0.900 ; loss: 0.048
2019-01-18 21:53:47,545:INFO: Epoch 33/45
2019-01-18 21:53:58,286:INFO: - Train metrics: dsc: 0.948 ; iou: 0.909 ; accuracy: 0.989 ; precision: 0.954 ; recall: 0.948 ; loss: 0.027
2019-01-18 21:53:59,372:INFO: - Eval metrics : dsc: 0.914 ; iou: 0.861 ; accuracy: 0.984 ; precision: 0.922 ; recall: 0.922 ; loss: 0.045
2019-01-18 21:53:59,391:INFO: Epoch 34/45
2019-01-18 21:54:10,282:INFO: - Train metrics: dsc: 0.946 ; iou: 0.908 ; accuracy: 0.989 ; precision: 0.953 ; recall: 0.948 ; loss: 0.027
2019-01-18 21:54:11,378:INFO: - Eval metrics : dsc: 0.909 ; iou: 0.854 ; accuracy: 0.983 ; precision: 0.920 ; recall: 0.920 ; loss: 0.050
2019-01-18 21:54:11,396:INFO: Epoch 35/45
2019-01-18 21:54:22,227:INFO: - Train metrics: dsc: 0.947 ; iou: 0.909 ; accuracy: 0.989 ; precision: 0.955 ; recall: 0.948 ; loss: 0.026
2019-01-18 21:54:23,318:INFO: - Eval metrics : dsc: 0.907 ; iou: 0.853 ; accuracy: 0.983 ; precision: 0.944 ; recall: 0.893 ; loss: 0.049
2019-01-18 21:54:23,337:INFO: Epoch 36/45
2019-01-18 21:54:34,192:INFO: - Train metrics: dsc: 0.946 ; iou: 0.908 ; accuracy: 0.989 ; precision: 0.954 ; recall: 0.946 ; loss: 0.026
2019-01-18 21:54:35,326:INFO: - Eval metrics : dsc: 0.912 ; iou: 0.858 ; accuracy: 0.983 ; precision: 0.911 ; recall: 0.934 ; loss: 0.047
2019-01-18 21:54:35,344:INFO: Epoch 37/45
2019-01-18 21:54:46,142:INFO: - Train metrics: dsc: 0.949 ; iou: 0.911 ; accuracy: 0.989 ; precision: 0.955 ; recall: 0.951 ; loss: 0.025
2019-01-18 21:54:47,239:INFO: - Eval metrics : dsc: 0.919 ; iou: 0.865 ; accuracy: 0.984 ; precision: 0.923 ; recall: 0.928 ; loss: 0.046
2019-01-18 21:54:47,265:INFO: - Found new best DSC
2019-01-18 21:54:47,265:INFO: Epoch 38/45
2019-01-18 21:54:58,067:INFO: - Train metrics: dsc: 0.950 ; iou: 0.912 ; accuracy: 0.990 ; precision: 0.956 ; recall: 0.951 ; loss: 0.025
2019-01-18 21:54:59,192:INFO: - Eval metrics : dsc: 0.911 ; iou: 0.856 ; accuracy: 0.983 ; precision: 0.912 ; recall: 0.928 ; loss: 0.049
2019-01-18 21:54:59,210:INFO: Epoch 39/45
2019-01-18 21:55:10,053:INFO: - Train metrics: dsc: 0.949 ; iou: 0.911 ; accuracy: 0.989 ; precision: 0.956 ; recall: 0.949 ; loss: 0.025
2019-01-18 21:55:11,148:INFO: - Eval metrics : dsc: 0.903 ; iou: 0.849 ; accuracy: 0.983 ; precision: 0.927 ; recall: 0.906 ; loss: 0.048
2019-01-18 21:55:11,165:INFO: Epoch 40/45
2019-01-18 21:55:21,933:INFO: - Train metrics: dsc: 0.949 ; iou: 0.910 ; accuracy: 0.989 ; precision: 0.957 ; recall: 0.949 ; loss: 0.025
2019-01-18 21:55:23,025:INFO: - Eval metrics : dsc: 0.912 ; iou: 0.860 ; accuracy: 0.983 ; precision: 0.928 ; recall: 0.916 ; loss: 0.047
2019-01-18 21:55:23,036:INFO: Epoch 41/45
2019-01-18 21:55:33,802:INFO: - Train metrics: dsc: 0.951 ; iou: 0.914 ; accuracy: 0.990 ; precision: 0.955 ; recall: 0.951 ; loss: 0.024
2019-01-18 21:55:34,895:INFO: - Eval metrics : dsc: 0.907 ; iou: 0.852 ; accuracy: 0.983 ; precision: 0.940 ; recall: 0.899 ; loss: 0.049
2019-01-18 21:55:34,909:INFO: Epoch 42/45
2019-01-18 21:55:45,691:INFO: - Train metrics: dsc: 0.954 ; iou: 0.918 ; accuracy: 0.990 ; precision: 0.960 ; recall: 0.954 ; loss: 0.023
2019-01-18 21:55:46,774:INFO: - Eval metrics : dsc: 0.916 ; iou: 0.863 ; accuracy: 0.983 ; precision: 0.912 ; recall: 0.938 ; loss: 0.048
2019-01-18 21:55:46,788:INFO: Epoch 43/45
2019-01-18 21:55:57,564:INFO: - Train metrics: dsc: 0.954 ; iou: 0.918 ; accuracy: 0.990 ; precision: 0.959 ; recall: 0.955 ; loss: 0.023
2019-01-18 21:55:58,662:INFO: - Eval metrics : dsc: 0.901 ; iou: 0.848 ; accuracy: 0.983 ; precision: 0.933 ; recall: 0.896 ; loss: 0.049
2019-01-18 21:55:58,673:INFO: Epoch 44/45
2019-01-18 21:56:09,418:INFO: - Train metrics: dsc: 0.954 ; iou: 0.918 ; accuracy: 0.990 ; precision: 0.958 ; recall: 0.955 ; loss: 0.023
2019-01-18 21:56:10,498:INFO: - Eval metrics : dsc: 0.898 ; iou: 0.845 ; accuracy: 0.982 ; precision: 0.908 ; recall: 0.912 ; loss: 0.051
2019-01-18 21:56:10,513:INFO: Epoch 45/45
2019-01-18 21:56:21,333:INFO: - Train metrics: dsc: 0.951 ; iou: 0.914 ; accuracy: 0.990 ; precision: 0.958 ; recall: 0.951 ; loss: 0.024
2019-01-18 21:56:22,418:INFO: - Eval metrics : dsc: 0.911 ; iou: 0.857 ; accuracy: 0.983 ; precision: 0.933 ; recall: 0.909 ; loss: 0.048
2019-01-18 21:56:22,479:INFO: Loading the datasets...
2019-01-18 21:56:27,740:INFO: - done.
2019-01-18 21:56:27,741:INFO: For k-fold 5/5:
2019-01-18 21:56:27,741:INFO: Starting training for 45 epoch(s)
2019-01-18 21:56:27,741:INFO: Epoch 1/45
2019-01-18 21:56:38,464:INFO: - Train metrics: dsc: 0.651 ; iou: 0.545 ; accuracy: 0.920 ; precision: 0.693 ; recall: 0.648 ; loss: 0.410
2019-01-18 21:56:39,602:INFO: - Eval metrics : dsc: 0.786 ; iou: 0.700 ; accuracy: 0.957 ; precision: 0.798 ; recall: 0.809 ; loss: 0.319
2019-01-18 21:56:39,625:INFO: - Found new best DSC
2019-01-18 21:56:39,627:INFO: Epoch 2/45
2019-01-18 21:56:50,399:INFO: - Train metrics: dsc: 0.831 ; iou: 0.754 ; accuracy: 0.967 ; precision: 0.853 ; recall: 0.838 ; loss: 0.276
2019-01-18 21:56:51,522:INFO: - Eval metrics : dsc: 0.831 ; iou: 0.767 ; accuracy: 0.973 ; precision: 0.865 ; recall: 0.833 ; loss: 0.235
2019-01-18 21:56:51,539:INFO: - Found new best DSC
2019-01-18 21:56:51,539:INFO: Epoch 3/45
2019-01-18 21:57:02,256:INFO: - Train metrics: dsc: 0.860 ; iou: 0.792 ; accuracy: 0.974 ; precision: 0.879 ; recall: 0.866 ; loss: 0.213
2019-01-18 21:57:03,340:INFO: - Eval metrics : dsc: 0.851 ; iou: 0.787 ; accuracy: 0.976 ; precision: 0.903 ; recall: 0.839 ; loss: 0.179
2019-01-18 21:57:03,358:INFO: - Found new best DSC
2019-01-18 21:57:03,358:INFO: Epoch 4/45
2019-01-18 21:57:14,127:INFO: - Train metrics: dsc: 0.879 ; iou: 0.817 ; accuracy: 0.977 ; precision: 0.889 ; recall: 0.887 ; loss: 0.167
2019-01-18 21:57:15,213:INFO: - Eval metrics : dsc: 0.858 ; iou: 0.802 ; accuracy: 0.979 ; precision: 0.914 ; recall: 0.843 ; loss: 0.144
2019-01-18 21:57:15,239:INFO: - Found new best DSC
2019-01-18 21:57:15,239:INFO: Epoch 5/45
2019-01-18 21:57:26,076:INFO: - Train metrics: dsc: 0.889 ; iou: 0.829 ; accuracy: 0.979 ; precision: 0.903 ; recall: 0.893 ; loss: 0.134
2019-01-18 21:57:27,202:INFO: - Eval metrics : dsc: 0.876 ; iou: 0.821 ; accuracy: 0.980 ; precision: 0.903 ; recall: 0.883 ; loss: 0.118
2019-01-18 21:57:27,224:INFO: - Found new best DSC
2019-01-18 21:57:27,224:INFO: Epoch 6/45
2019-01-18 21:57:37,970:INFO: - Train metrics: dsc: 0.897 ; iou: 0.840 ; accuracy: 0.980 ; precision: 0.909 ; recall: 0.901 ; loss: 0.110
2019-01-18 21:57:39,055:INFO: - Eval metrics : dsc: 0.877 ; iou: 0.823 ; accuracy: 0.980 ; precision: 0.907 ; recall: 0.882 ; loss: 0.101
2019-01-18 21:57:39,076:INFO: - Found new best DSC
2019-01-18 21:57:39,076:INFO: Epoch 7/45
2019-01-18 21:57:49,918:INFO: - Train metrics: dsc: 0.903 ; iou: 0.847 ; accuracy: 0.981 ; precision: 0.917 ; recall: 0.906 ; loss: 0.093
2019-01-18 21:57:51,005:INFO: - Eval metrics : dsc: 0.854 ; iou: 0.797 ; accuracy: 0.978 ; precision: 0.940 ; recall: 0.821 ; loss: 0.092
2019-01-18 21:57:51,019:INFO: Epoch 8/45
2019-01-18 21:58:01,801:INFO: - Train metrics: dsc: 0.906 ; iou: 0.851 ; accuracy: 0.982 ; precision: 0.917 ; recall: 0.908 ; loss: 0.081
2019-01-18 21:58:02,898:INFO: - Eval metrics : dsc: 0.884 ; iou: 0.833 ; accuracy: 0.983 ; precision: 0.922 ; recall: 0.884 ; loss: 0.074
2019-01-18 21:58:02,914:INFO: - Found new best DSC
2019-01-18 21:58:02,914:INFO: Epoch 9/45
2019-01-18 21:58:13,710:INFO: - Train metrics: dsc: 0.911 ; iou: 0.860 ; accuracy: 0.983 ; precision: 0.926 ; recall: 0.913 ; loss: 0.070
2019-01-18 21:58:14,801:INFO: - Eval metrics : dsc: 0.886 ; iou: 0.836 ; accuracy: 0.983 ; precision: 0.925 ; recall: 0.883 ; loss: 0.067
2019-01-18 21:58:14,822:INFO: - Found new best DSC
2019-01-18 21:58:14,823:INFO: Epoch 10/45
2019-01-18 21:58:25,633:INFO: - Train metrics: dsc: 0.914 ; iou: 0.862 ; accuracy: 0.983 ; precision: 0.925 ; recall: 0.915 ; loss: 0.063
2019-01-18 21:58:26,753:INFO: - Eval metrics : dsc: 0.890 ; iou: 0.841 ; accuracy: 0.983 ; precision: 0.900 ; recall: 0.896 ; loss: 0.060
2019-01-18 21:58:26,775:INFO: - Found new best DSC
2019-01-18 21:58:26,775:INFO: Epoch 11/45
2019-01-18 21:58:37,560:INFO: - Train metrics: dsc: 0.917 ; iou: 0.865 ; accuracy: 0.983 ; precision: 0.927 ; recall: 0.916 ; loss: 0.058
2019-01-18 21:58:38,643:INFO: - Eval metrics : dsc: 0.893 ; iou: 0.845 ; accuracy: 0.984 ; precision: 0.910 ; recall: 0.900 ; loss: 0.055
2019-01-18 21:58:38,659:INFO: - Found new best DSC
2019-01-18 21:58:38,659:INFO: Epoch 12/45
2019-01-18 21:58:49,411:INFO: - Train metrics: dsc: 0.923 ; iou: 0.874 ; accuracy: 0.985 ; precision: 0.933 ; recall: 0.924 ; loss: 0.052
2019-01-18 21:58:50,503:INFO: - Eval metrics : dsc: 0.881 ; iou: 0.829 ; accuracy: 0.983 ; precision: 0.943 ; recall: 0.862 ; loss: 0.055
2019-01-18 21:58:50,517:INFO: Epoch 13/45
2019-01-18 21:59:01,313:INFO: - Train metrics: dsc: 0.923 ; iou: 0.874 ; accuracy: 0.985 ; precision: 0.929 ; recall: 0.924 ; loss: 0.049
2019-01-18 21:59:02,453:INFO: - Eval metrics : dsc: 0.891 ; iou: 0.843 ; accuracy: 0.983 ; precision: 0.929 ; recall: 0.887 ; loss: 0.051
2019-01-18 21:59:02,473:INFO: Epoch 14/45
2019-01-18 21:59:13,304:INFO: - Train metrics: dsc: 0.927 ; iou: 0.878 ; accuracy: 0.985 ; precision: 0.935 ; recall: 0.928 ; loss: 0.046
2019-01-18 21:59:14,404:INFO: - Eval metrics : dsc: 0.896 ; iou: 0.846 ; accuracy: 0.982 ; precision: 0.913 ; recall: 0.910 ; loss: 0.052
2019-01-18 21:59:14,420:INFO: - Found new best DSC
2019-01-18 21:59:14,420:INFO: Epoch 15/45
2019-01-18 21:59:25,220:INFO: - Train metrics: dsc: 0.926 ; iou: 0.877 ; accuracy: 0.985 ; precision: 0.937 ; recall: 0.928 ; loss: 0.045
2019-01-18 21:59:26,359:INFO: - Eval metrics : dsc: 0.904 ; iou: 0.856 ; accuracy: 0.984 ; precision: 0.928 ; recall: 0.901 ; loss: 0.045
2019-01-18 21:59:26,375:INFO: - Found new best DSC
2019-01-18 21:59:26,375:INFO: Epoch 16/45
2019-01-18 21:59:37,182:INFO: - Train metrics: dsc: 0.931 ; iou: 0.883 ; accuracy: 0.986 ; precision: 0.939 ; recall: 0.933 ; loss: 0.042
2019-01-18 21:59:38,280:INFO: - Eval metrics : dsc: 0.898 ; iou: 0.849 ; accuracy: 0.984 ; precision: 0.925 ; recall: 0.897 ; loss: 0.046
2019-01-18 21:59:38,297:INFO: Epoch 17/45
2019-01-18 21:59:49,094:INFO: - Train metrics: dsc: 0.933 ; iou: 0.887 ; accuracy: 0.986 ; precision: 0.939 ; recall: 0.934 ; loss: 0.039
2019-01-18 21:59:50,240:INFO: - Eval metrics : dsc: 0.900 ; iou: 0.851 ; accuracy: 0.984 ; precision: 0.932 ; recall: 0.888 ; loss: 0.044
2019-01-18 21:59:50,253:INFO: Epoch 18/45
2019-01-18 22:00:01,077:INFO: - Train metrics: dsc: 0.932 ; iou: 0.885 ; accuracy: 0.986 ; precision: 0.940 ; recall: 0.934 ; loss: 0.039
2019-01-18 22:00:02,170:INFO: - Eval metrics : dsc: 0.895 ; iou: 0.847 ; accuracy: 0.984 ; precision: 0.932 ; recall: 0.890 ; loss: 0.043
2019-01-18 22:00:02,188:INFO: Epoch 19/45
2019-01-18 22:00:12,975:INFO: - Train metrics: dsc: 0.935 ; iou: 0.889 ; accuracy: 0.986 ; precision: 0.938 ; recall: 0.938 ; loss: 0.037
2019-01-18 22:00:14,063:INFO: - Eval metrics : dsc: 0.901 ; iou: 0.852 ; accuracy: 0.984 ; precision: 0.915 ; recall: 0.911 ; loss: 0.043
2019-01-18 22:00:14,082:INFO: Epoch 20/45
2019-01-18 22:00:24,891:INFO: - Train metrics: dsc: 0.933 ; iou: 0.886 ; accuracy: 0.986 ; precision: 0.941 ; recall: 0.935 ; loss: 0.038
2019-01-18 22:00:25,988:INFO: - Eval metrics : dsc: 0.893 ; iou: 0.845 ; accuracy: 0.983 ; precision: 0.911 ; recall: 0.900 ; loss: 0.046
2019-01-18 22:00:26,002:INFO: Epoch 21/45
2019-01-18 22:00:36,777:INFO: - Train metrics: dsc: 0.934 ; iou: 0.887 ; accuracy: 0.986 ; precision: 0.942 ; recall: 0.936 ; loss: 0.037
2019-01-18 22:00:37,899:INFO: - Eval metrics : dsc: 0.896 ; iou: 0.848 ; accuracy: 0.984 ; precision: 0.917 ; recall: 0.903 ; loss: 0.044
2019-01-18 22:00:37,918:INFO: Epoch 22/45
2019-01-18 22:00:48,724:INFO: - Train metrics: dsc: 0.935 ; iou: 0.890 ; accuracy: 0.987 ; precision: 0.941 ; recall: 0.939 ; loss: 0.035
2019-01-18 22:00:49,879:INFO: - Eval metrics : dsc: 0.895 ; iou: 0.846 ; accuracy: 0.984 ; precision: 0.938 ; recall: 0.883 ; loss: 0.045
2019-01-18 22:00:49,901:INFO: Epoch 23/45
2019-01-18 22:01:00,718:INFO: - Train metrics: dsc: 0.940 ; iou: 0.896 ; accuracy: 0.987 ; precision: 0.942 ; recall: 0.943 ; loss: 0.034
2019-01-18 22:01:01,871:INFO: - Eval metrics : dsc: 0.890 ; iou: 0.837 ; accuracy: 0.982 ; precision: 0.921 ; recall: 0.887 ; loss: 0.052
2019-01-18 22:01:01,891:INFO: Epoch 24/45
2019-01-18 22:01:12,698:INFO: - Train metrics: dsc: 0.940 ; iou: 0.897 ; accuracy: 0.987 ; precision: 0.946 ; recall: 0.942 ; loss: 0.033
2019-01-18 22:01:13,793:INFO: - Eval metrics : dsc: 0.900 ; iou: 0.852 ; accuracy: 0.985 ; precision: 0.933 ; recall: 0.899 ; loss: 0.042
2019-01-18 22:01:13,811:INFO: Epoch 25/45
2019-01-18 22:01:24,656:INFO: - Train metrics: dsc: 0.940 ; iou: 0.897 ; accuracy: 0.987 ; precision: 0.949 ; recall: 0.941 ; loss: 0.032
2019-01-18 22:01:25,790:INFO: - Eval metrics : dsc: 0.902 ; iou: 0.855 ; accuracy: 0.985 ; precision: 0.944 ; recall: 0.891 ; loss: 0.041
2019-01-18 22:01:25,808:INFO: Epoch 26/45
2019-01-18 22:01:36,630:INFO: - Train metrics: dsc: 0.940 ; iou: 0.897 ; accuracy: 0.987 ; precision: 0.946 ; recall: 0.941 ; loss: 0.032
2019-01-18 22:01:37,764:INFO: - Eval metrics : dsc: 0.897 ; iou: 0.848 ; accuracy: 0.984 ; precision: 0.939 ; recall: 0.882 ; loss: 0.043
2019-01-18 22:01:37,782:INFO: Epoch 27/45
2019-01-18 22:01:48,616:INFO: - Train metrics: dsc: 0.943 ; iou: 0.900 ; accuracy: 0.988 ; precision: 0.947 ; recall: 0.944 ; loss: 0.031
2019-01-18 22:01:49,708:INFO: - Eval metrics : dsc: 0.897 ; iou: 0.847 ; accuracy: 0.984 ; precision: 0.946 ; recall: 0.879 ; loss: 0.045
2019-01-18 22:01:49,726:INFO: Epoch 28/45
2019-01-18 22:02:00,541:INFO: - Train metrics: dsc: 0.942 ; iou: 0.900 ; accuracy: 0.988 ; precision: 0.948 ; recall: 0.944 ; loss: 0.031
2019-01-18 22:02:01,652:INFO: - Eval metrics : dsc: 0.903 ; iou: 0.856 ; accuracy: 0.985 ; precision: 0.937 ; recall: 0.900 ; loss: 0.040
2019-01-18 22:02:01,673:INFO: Epoch 29/45
2019-01-18 22:02:12,479:INFO: - Train metrics: dsc: 0.944 ; iou: 0.903 ; accuracy: 0.988 ; precision: 0.948 ; recall: 0.946 ; loss: 0.030
2019-01-18 22:02:13,576:INFO: - Eval metrics : dsc: 0.902 ; iou: 0.856 ; accuracy: 0.985 ; precision: 0.937 ; recall: 0.899 ; loss: 0.040
2019-01-18 22:02:13,594:INFO: Epoch 30/45
2019-01-18 22:02:24,489:INFO: - Train metrics: dsc: 0.944 ; iou: 0.902 ; accuracy: 0.988 ; precision: 0.949 ; recall: 0.946 ; loss: 0.030
2019-01-18 22:02:25,602:INFO: - Eval metrics : dsc: 0.899 ; iou: 0.852 ; accuracy: 0.985 ; precision: 0.947 ; recall: 0.886 ; loss: 0.042
2019-01-18 22:02:25,621:INFO: Epoch 31/45
2019-01-18 22:02:36,471:INFO: - Train metrics: dsc: 0.945 ; iou: 0.903 ; accuracy: 0.988 ; precision: 0.949 ; recall: 0.948 ; loss: 0.030
2019-01-18 22:02:37,617:INFO: - Eval metrics : dsc: 0.896 ; iou: 0.848 ; accuracy: 0.984 ; precision: 0.923 ; recall: 0.897 ; loss: 0.042
2019-01-18 22:02:37,638:INFO: Epoch 32/45
2019-01-18 22:02:48,477:INFO: - Train metrics: dsc: 0.946 ; iou: 0.905 ; accuracy: 0.988 ; precision: 0.953 ; recall: 0.947 ; loss: 0.029
2019-01-18 22:02:49,577:INFO: - Eval metrics : dsc: 0.906 ; iou: 0.858 ; accuracy: 0.985 ; precision: 0.919 ; recall: 0.914 ; loss: 0.040
2019-01-18 22:02:49,598:INFO: - Found new best DSC
2019-01-18 22:02:49,598:INFO: Epoch 33/45
2019-01-18 22:03:00,437:INFO: - Train metrics: dsc: 0.946 ; iou: 0.907 ; accuracy: 0.989 ; precision: 0.954 ; recall: 0.948 ; loss: 0.027
2019-01-18 22:03:01,488:INFO: - Eval metrics : dsc: 0.903 ; iou: 0.855 ; accuracy: 0.985 ; precision: 0.925 ; recall: 0.914 ; loss: 0.041
2019-01-18 22:03:01,507:INFO: Epoch 34/45
2019-01-18 22:03:12,310:INFO: - Train metrics: dsc: 0.949 ; iou: 0.909 ; accuracy: 0.989 ; precision: 0.953 ; recall: 0.950 ; loss: 0.027
2019-01-18 22:03:13,456:INFO: - Eval metrics : dsc: 0.897 ; iou: 0.845 ; accuracy: 0.983 ; precision: 0.912 ; recall: 0.914 ; loss: 0.047
2019-01-18 22:03:13,471:INFO: Epoch 35/45
2019-01-18 22:03:24,258:INFO: - Train metrics: dsc: 0.950 ; iou: 0.910 ; accuracy: 0.989 ; precision: 0.955 ; recall: 0.951 ; loss: 0.027
2019-01-18 22:03:25,368:INFO: - Eval metrics : dsc: 0.904 ; iou: 0.857 ; accuracy: 0.985 ; precision: 0.938 ; recall: 0.900 ; loss: 0.042
2019-01-18 22:03:25,388:INFO: Epoch 36/45
2019-01-18 22:03:36,226:INFO: - Train metrics: dsc: 0.948 ; iou: 0.909 ; accuracy: 0.989 ; precision: 0.955 ; recall: 0.951 ; loss: 0.027
2019-01-18 22:03:37,375:INFO: - Eval metrics : dsc: 0.901 ; iou: 0.852 ; accuracy: 0.984 ; precision: 0.924 ; recall: 0.904 ; loss: 0.044
2019-01-18 22:03:37,389:INFO: Epoch 37/45
2019-01-18 22:03:48,146:INFO: - Train metrics: dsc: 0.945 ; iou: 0.904 ; accuracy: 0.988 ; precision: 0.951 ; recall: 0.948 ; loss: 0.028
2019-01-18 22:03:49,239:INFO: - Eval metrics : dsc: 0.908 ; iou: 0.859 ; accuracy: 0.985 ; precision: 0.930 ; recall: 0.911 ; loss: 0.040
2019-01-18 22:03:49,263:INFO: - Found new best DSC
2019-01-18 22:03:49,263:INFO: Epoch 38/45
2019-01-18 22:04:00,093:INFO: - Train metrics: dsc: 0.949 ; iou: 0.911 ; accuracy: 0.989 ; precision: 0.953 ; recall: 0.951 ; loss: 0.026
2019-01-18 22:04:01,194:INFO: - Eval metrics : dsc: 0.904 ; iou: 0.855 ; accuracy: 0.985 ; precision: 0.918 ; recall: 0.914 ; loss: 0.041
2019-01-18 22:04:01,213:INFO: Epoch 39/45
2019-01-18 22:04:12,067:INFO: - Train metrics: dsc: 0.952 ; iou: 0.914 ; accuracy: 0.990 ; precision: 0.958 ; recall: 0.952 ; loss: 0.025
2019-01-18 22:04:13,208:INFO: - Eval metrics : dsc: 0.905 ; iou: 0.859 ; accuracy: 0.985 ; precision: 0.918 ; recall: 0.908 ; loss: 0.040
2019-01-18 22:04:13,219:INFO: Epoch 40/45
2019-01-18 22:04:23,956:INFO: - Train metrics: dsc: 0.953 ; iou: 0.916 ; accuracy: 0.989 ; precision: 0.957 ; recall: 0.955 ; loss: 0.025
2019-01-18 22:04:25,091:INFO: - Eval metrics : dsc: 0.901 ; iou: 0.851 ; accuracy: 0.984 ; precision: 0.920 ; recall: 0.907 ; loss: 0.044
2019-01-18 22:04:25,111:INFO: Epoch 41/45
2019-01-18 22:04:35,926:INFO: - Train metrics: dsc: 0.951 ; iou: 0.914 ; accuracy: 0.989 ; precision: 0.956 ; recall: 0.952 ; loss: 0.025
2019-01-18 22:04:37,047:INFO: - Eval metrics : dsc: 0.905 ; iou: 0.857 ; accuracy: 0.985 ; precision: 0.920 ; recall: 0.916 ; loss: 0.042
2019-01-18 22:04:37,062:INFO: Epoch 42/45
2019-01-18 22:04:47,898:INFO: - Train metrics: dsc: 0.950 ; iou: 0.912 ; accuracy: 0.989 ; precision: 0.957 ; recall: 0.951 ; loss: 0.025
2019-01-18 22:04:49,015:INFO: - Eval metrics : dsc: 0.901 ; iou: 0.849 ; accuracy: 0.984 ; precision: 0.924 ; recall: 0.906 ; loss: 0.046
2019-01-18 22:04:49,035:INFO: Epoch 43/45
2019-01-18 22:04:59,843:INFO: - Train metrics: dsc: 0.954 ; iou: 0.917 ; accuracy: 0.990 ; precision: 0.958 ; recall: 0.955 ; loss: 0.024
2019-01-18 22:05:00,933:INFO: - Eval metrics : dsc: 0.906 ; iou: 0.858 ; accuracy: 0.985 ; precision: 0.927 ; recall: 0.904 ; loss: 0.041
2019-01-18 22:05:00,952:INFO: Epoch 44/45
2019-01-18 22:05:11,747:INFO: - Train metrics: dsc: 0.953 ; iou: 0.915 ; accuracy: 0.989 ; precision: 0.957 ; recall: 0.953 ; loss: 0.025
2019-01-18 22:05:12,855:INFO: - Eval metrics : dsc: 0.906 ; iou: 0.856 ; accuracy: 0.985 ; precision: 0.928 ; recall: 0.908 ; loss: 0.044
2019-01-18 22:05:12,866:INFO: Epoch 45/45
2019-01-18 22:05:23,659:INFO: - Train metrics: dsc: 0.956 ; iou: 0.920 ; accuracy: 0.990 ; precision: 0.960 ; recall: 0.957 ; loss: 0.023
2019-01-18 22:05:24,753:INFO: - Eval metrics : dsc: 0.902 ; iou: 0.853 ; accuracy: 0.985 ; precision: 0.949 ; recall: 0.885 ; loss: 0.045
2019-01-18 23:45:56,025:INFO: Loading the datasets...
2019-01-18 23:46:02,768:INFO: - done.
2019-01-18 23:46:02,768:INFO: Starting training for 45 epoch(s)
2019-01-18 23:46:02,768:INFO: Epoch 1/45
2019-01-18 23:46:16,167:INFO: - Train metrics: dsc: 0.678 ; iou: 0.577 ; accuracy: 0.927 ; precision: 0.714 ; recall: 0.680 ; loss: 0.390
2019-01-18 23:46:17,287:INFO: - Eval metrics : dsc: 0.829 ; iou: 0.759 ; accuracy: 0.969 ; precision: 0.902 ; recall: 0.809 ; loss: 0.284
2019-01-18 23:46:17,308:INFO: - Found new best DSC
2019-01-18 23:46:17,308:INFO: Epoch 2/45
2019-01-18 23:46:30,747:INFO: - Train metrics: dsc: 0.843 ; iou: 0.770 ; accuracy: 0.970 ; precision: 0.859 ; recall: 0.852 ; loss: 0.250
2019-01-18 23:46:31,875:INFO: - Eval metrics : dsc: 0.869 ; iou: 0.798 ; accuracy: 0.972 ; precision: 0.859 ; recall: 0.898 ; loss: 0.209
2019-01-18 23:46:31,891:INFO: - Found new best DSC
2019-01-18 23:46:31,891:INFO: Epoch 3/45
2019-01-18 23:46:45,245:INFO: - Train metrics: dsc: 0.866 ; iou: 0.801 ; accuracy: 0.975 ; precision: 0.884 ; recall: 0.873 ; loss: 0.184
2019-01-18 23:46:46,360:INFO: - Eval metrics : dsc: 0.894 ; iou: 0.832 ; accuracy: 0.979 ; precision: 0.912 ; recall: 0.890 ; loss: 0.155
2019-01-18 23:46:46,381:INFO: - Found new best DSC
2019-01-18 23:46:46,382:INFO: Epoch 4/45
2019-01-18 23:46:59,784:INFO: - Train metrics: dsc: 0.883 ; iou: 0.822 ; accuracy: 0.978 ; precision: 0.895 ; recall: 0.889 ; loss: 0.139
2019-01-18 23:47:00,895:INFO: - Eval metrics : dsc: 0.899 ; iou: 0.841 ; accuracy: 0.981 ; precision: 0.929 ; recall: 0.890 ; loss: 0.119
2019-01-18 23:47:00,917:INFO: - Found new best DSC
2019-01-18 23:47:00,917:INFO: Epoch 5/45
2019-01-18 23:47:14,387:INFO: - Train metrics: dsc: 0.891 ; iou: 0.834 ; accuracy: 0.980 ; precision: 0.905 ; recall: 0.895 ; loss: 0.109
2019-01-18 23:47:15,566:INFO: - Eval metrics : dsc: 0.910 ; iou: 0.856 ; accuracy: 0.982 ; precision: 0.926 ; recall: 0.907 ; loss: 0.094
2019-01-18 23:47:15,587:INFO: - Found new best DSC
2019-01-18 23:47:15,587:INFO: Epoch 6/45
2019-01-18 23:47:29,063:INFO: - Train metrics: dsc: 0.898 ; iou: 0.843 ; accuracy: 0.981 ; precision: 0.912 ; recall: 0.900 ; loss: 0.088
2019-01-18 23:47:30,202:INFO: - Eval metrics : dsc: 0.898 ; iou: 0.842 ; accuracy: 0.981 ; precision: 0.933 ; recall: 0.887 ; loss: 0.077
2019-01-18 23:47:30,228:INFO: Epoch 7/45
2019-01-18 23:47:43,748:INFO: - Train metrics: dsc: 0.905 ; iou: 0.851 ; accuracy: 0.982 ; precision: 0.917 ; recall: 0.909 ; loss: 0.075
2019-01-18 23:47:44,883:INFO: - Eval metrics : dsc: 0.922 ; iou: 0.873 ; accuracy: 0.984 ; precision: 0.935 ; recall: 0.917 ; loss: 0.064
2019-01-18 23:47:44,900:INFO: - Found new best DSC
2019-01-18 23:47:44,900:INFO: Epoch 8/45
2019-01-18 23:47:58,368:INFO: - Train metrics: dsc: 0.910 ; iou: 0.858 ; accuracy: 0.983 ; precision: 0.920 ; recall: 0.911 ; loss: 0.064
2019-01-18 23:47:59,513:INFO: - Eval metrics : dsc: 0.920 ; iou: 0.870 ; accuracy: 0.984 ; precision: 0.935 ; recall: 0.914 ; loss: 0.058
2019-01-18 23:47:59,526:INFO: Epoch 9/45
2019-01-18 23:48:12,995:INFO: - Train metrics: dsc: 0.915 ; iou: 0.865 ; accuracy: 0.984 ; precision: 0.925 ; recall: 0.918 ; loss: 0.057
2019-01-18 23:48:14,116:INFO: - Eval metrics : dsc: 0.922 ; iou: 0.873 ; accuracy: 0.984 ; precision: 0.931 ; recall: 0.922 ; loss: 0.055
2019-01-18 23:48:14,139:INFO: - Found new best DSC
2019-01-18 23:48:14,139:INFO: Epoch 10/45
2019-01-18 23:48:27,608:INFO: - Train metrics: dsc: 0.914 ; iou: 0.863 ; accuracy: 0.984 ; precision: 0.923 ; recall: 0.916 ; loss: 0.054
2019-01-18 23:48:28,738:INFO: - Eval metrics : dsc: 0.927 ; iou: 0.879 ; accuracy: 0.985 ; precision: 0.930 ; recall: 0.929 ; loss: 0.048
2019-01-18 23:48:28,763:INFO: - Found new best DSC
2019-01-18 23:48:28,763:INFO: Epoch 11/45
2019-01-18 23:48:42,210:INFO: - Train metrics: dsc: 0.921 ; iou: 0.871 ; accuracy: 0.985 ; precision: 0.932 ; recall: 0.925 ; loss: 0.048
2019-01-18 23:48:43,314:INFO: - Eval metrics : dsc: 0.925 ; iou: 0.877 ; accuracy: 0.985 ; precision: 0.942 ; recall: 0.914 ; loss: 0.047
2019-01-18 23:48:43,330:INFO: Epoch 12/45
2019-01-18 23:48:56,811:INFO: - Train metrics: dsc: 0.925 ; iou: 0.876 ; accuracy: 0.985 ; precision: 0.934 ; recall: 0.928 ; loss: 0.044
2019-01-18 23:48:57,927:INFO: - Eval metrics : dsc: 0.929 ; iou: 0.883 ; accuracy: 0.985 ; precision: 0.940 ; recall: 0.921 ; loss: 0.043
2019-01-18 23:48:57,948:INFO: - Found new best DSC
2019-01-18 23:48:57,948:INFO: Epoch 13/45
2019-01-18 23:49:11,386:INFO: - Train metrics: dsc: 0.924 ; iou: 0.875 ; accuracy: 0.985 ; precision: 0.934 ; recall: 0.926 ; loss: 0.043
2019-01-18 23:49:12,599:INFO: - Eval metrics : dsc: 0.922 ; iou: 0.872 ; accuracy: 0.983 ; precision: 0.925 ; recall: 0.929 ; loss: 0.046
2019-01-18 23:49:12,626:INFO: Epoch 14/45
2019-01-18 23:49:26,112:INFO: - Train metrics: dsc: 0.926 ; iou: 0.878 ; accuracy: 0.986 ; precision: 0.938 ; recall: 0.929 ; loss: 0.041
2019-01-18 23:49:27,224:INFO: - Eval metrics : dsc: 0.930 ; iou: 0.885 ; accuracy: 0.986 ; precision: 0.940 ; recall: 0.925 ; loss: 0.040
2019-01-18 23:49:27,241:INFO: - Found new best DSC
2019-01-18 23:49:27,241:INFO: Epoch 15/45
2019-01-18 23:49:40,686:INFO: - Train metrics: dsc: 0.930 ; iou: 0.883 ; accuracy: 0.986 ; precision: 0.937 ; recall: 0.934 ; loss: 0.039
2019-01-18 23:49:41,818:INFO: - Eval metrics : dsc: 0.928 ; iou: 0.881 ; accuracy: 0.985 ; precision: 0.939 ; recall: 0.923 ; loss: 0.041
2019-01-18 23:49:41,832:INFO: Epoch 16/45
2019-01-18 23:49:55,275:INFO: - Train metrics: dsc: 0.929 ; iou: 0.884 ; accuracy: 0.986 ; precision: 0.938 ; recall: 0.933 ; loss: 0.037
2019-01-18 23:49:56,398:INFO: - Eval metrics : dsc: 0.929 ; iou: 0.883 ; accuracy: 0.985 ; precision: 0.933 ; recall: 0.934 ; loss: 0.040
2019-01-18 23:49:56,409:INFO: Epoch 17/45
2019-01-18 23:50:09,873:INFO: - Train metrics: dsc: 0.932 ; iou: 0.886 ; accuracy: 0.986 ; precision: 0.937 ; recall: 0.936 ; loss: 0.037
2019-01-18 23:50:10,993:INFO: - Eval metrics : dsc: 0.925 ; iou: 0.877 ; accuracy: 0.985 ; precision: 0.955 ; recall: 0.910 ; loss: 0.041
2019-01-18 23:50:11,018:INFO: Epoch 18/45
2019-01-18 23:50:24,547:INFO: - Train metrics: dsc: 0.933 ; iou: 0.888 ; accuracy: 0.987 ; precision: 0.942 ; recall: 0.936 ; loss: 0.035
2019-01-18 23:50:25,651:INFO: - Eval metrics : dsc: 0.927 ; iou: 0.882 ; accuracy: 0.985 ; precision: 0.950 ; recall: 0.914 ; loss: 0.038
2019-01-18 23:50:25,666:INFO: Epoch 19/45
2019-01-18 23:50:39,174:INFO: - Train metrics: dsc: 0.934 ; iou: 0.889 ; accuracy: 0.987 ; precision: 0.941 ; recall: 0.938 ; loss: 0.034
2019-01-18 23:50:40,338:INFO: - Eval metrics : dsc: 0.934 ; iou: 0.890 ; accuracy: 0.986 ; precision: 0.944 ; recall: 0.933 ; loss: 0.035
2019-01-18 23:50:40,360:INFO: - Found new best DSC
2019-01-18 23:50:40,360:INFO: Epoch 20/45
2019-01-18 23:50:53,779:INFO: - Train metrics: dsc: 0.935 ; iou: 0.890 ; accuracy: 0.987 ; precision: 0.942 ; recall: 0.937 ; loss: 0.034
2019-01-18 23:50:54,943:INFO: - Eval metrics : dsc: 0.928 ; iou: 0.883 ; accuracy: 0.986 ; precision: 0.943 ; recall: 0.928 ; loss: 0.037
2019-01-18 23:50:54,957:INFO: Epoch 21/45
2019-01-18 23:51:08,516:INFO: - Train metrics: dsc: 0.936 ; iou: 0.891 ; accuracy: 0.987 ; precision: 0.941 ; recall: 0.941 ; loss: 0.034
2019-01-18 23:51:09,651:INFO: - Eval metrics : dsc: 0.934 ; iou: 0.891 ; accuracy: 0.987 ; precision: 0.944 ; recall: 0.938 ; loss: 0.035
2019-01-18 23:51:09,669:INFO: - Found new best DSC
2019-01-18 23:51:09,669:INFO: Epoch 22/45
2019-01-18 23:51:23,058:INFO: - Train metrics: dsc: 0.938 ; iou: 0.895 ; accuracy: 0.987 ; precision: 0.946 ; recall: 0.941 ; loss: 0.032
2019-01-18 23:51:24,178:INFO: - Eval metrics : dsc: 0.932 ; iou: 0.887 ; accuracy: 0.986 ; precision: 0.948 ; recall: 0.930 ; loss: 0.036
2019-01-18 23:51:24,192:INFO: Epoch 23/45
2019-01-18 23:51:37,671:INFO: - Train metrics: dsc: 0.937 ; iou: 0.894 ; accuracy: 0.988 ; precision: 0.945 ; recall: 0.940 ; loss: 0.032
2019-01-18 23:51:38,811:INFO: - Eval metrics : dsc: 0.930 ; iou: 0.886 ; accuracy: 0.986 ; precision: 0.955 ; recall: 0.924 ; loss: 0.036
2019-01-18 23:51:38,828:INFO: Epoch 24/45
2019-01-18 23:51:52,291:INFO: - Train metrics: dsc: 0.938 ; iou: 0.894 ; accuracy: 0.987 ; precision: 0.942 ; recall: 0.943 ; loss: 0.032
2019-01-18 23:51:53,423:INFO: - Eval metrics : dsc: 0.935 ; iou: 0.892 ; accuracy: 0.986 ; precision: 0.944 ; recall: 0.934 ; loss: 0.034
2019-01-18 23:51:53,440:INFO: - Found new best DSC
2019-01-18 23:51:53,441:INFO: Epoch 25/45
2019-01-18 23:52:06,880:INFO: - Train metrics: dsc: 0.940 ; iou: 0.898 ; accuracy: 0.988 ; precision: 0.948 ; recall: 0.941 ; loss: 0.030
2019-01-18 23:52:08,015:INFO: - Eval metrics : dsc: 0.933 ; iou: 0.889 ; accuracy: 0.986 ; precision: 0.939 ; recall: 0.935 ; loss: 0.035
2019-01-18 23:52:08,033:INFO: Epoch 26/45
2019-01-18 23:52:21,480:INFO: - Train metrics: dsc: 0.940 ; iou: 0.898 ; accuracy: 0.988 ; precision: 0.946 ; recall: 0.943 ; loss: 0.030
2019-01-18 23:52:22,627:INFO: - Eval metrics : dsc: 0.931 ; iou: 0.887 ; accuracy: 0.986 ; precision: 0.936 ; recall: 0.932 ; loss: 0.037
2019-01-18 23:52:22,645:INFO: Epoch 27/45
2019-01-18 23:52:36,078:INFO: - Train metrics: dsc: 0.939 ; iou: 0.897 ; accuracy: 0.988 ; precision: 0.946 ; recall: 0.942 ; loss: 0.030
2019-01-18 23:52:37,195:INFO: - Eval metrics : dsc: 0.934 ; iou: 0.890 ; accuracy: 0.986 ; precision: 0.952 ; recall: 0.930 ; loss: 0.035
2019-01-18 23:52:37,210:INFO: Epoch 28/45
2019-01-18 23:52:50,595:INFO: - Train metrics: dsc: 0.945 ; iou: 0.904 ; accuracy: 0.988 ; precision: 0.950 ; recall: 0.947 ; loss: 0.028
2019-01-18 23:52:51,714:INFO: - Eval metrics : dsc: 0.938 ; iou: 0.895 ; accuracy: 0.987 ; precision: 0.939 ; recall: 0.947 ; loss: 0.033
2019-01-18 23:52:51,730:INFO: - Found new best DSC
2019-01-18 23:52:51,730:INFO: Epoch 29/45
2019-01-18 23:53:05,210:INFO: - Train metrics: dsc: 0.945 ; iou: 0.903 ; accuracy: 0.988 ; precision: 0.951 ; recall: 0.946 ; loss: 0.029
2019-01-18 23:53:06,366:INFO: - Eval metrics : dsc: 0.936 ; iou: 0.892 ; accuracy: 0.987 ; precision: 0.951 ; recall: 0.929 ; loss: 0.034
2019-01-18 23:53:06,385:INFO: Epoch 30/45
2019-01-18 23:53:19,828:INFO: - Train metrics: dsc: 0.944 ; iou: 0.903 ; accuracy: 0.988 ; precision: 0.952 ; recall: 0.946 ; loss: 0.028
2019-01-18 23:53:20,974:INFO: - Eval metrics : dsc: 0.933 ; iou: 0.887 ; accuracy: 0.986 ; precision: 0.938 ; recall: 0.938 ; loss: 0.036
2019-01-18 23:53:20,990:INFO: Epoch 31/45
2019-01-18 23:53:34,507:INFO: - Train metrics: dsc: 0.945 ; iou: 0.904 ; accuracy: 0.988 ; precision: 0.950 ; recall: 0.946 ; loss: 0.028
2019-01-18 23:53:35,624:INFO: - Eval metrics : dsc: 0.935 ; iou: 0.893 ; accuracy: 0.987 ; precision: 0.939 ; recall: 0.941 ; loss: 0.033
2019-01-18 23:53:35,650:INFO: Epoch 32/45
2019-01-18 23:53:49,072:INFO: - Train metrics: dsc: 0.942 ; iou: 0.902 ; accuracy: 0.988 ; precision: 0.950 ; recall: 0.946 ; loss: 0.028
2019-01-18 23:53:50,226:INFO: - Eval metrics : dsc: 0.941 ; iou: 0.898 ; accuracy: 0.987 ; precision: 0.950 ; recall: 0.940 ; loss: 0.032
2019-01-18 23:53:50,243:INFO: - Found new best DSC
2019-01-18 23:53:50,243:INFO: Epoch 33/45
2019-01-18 23:54:03,751:INFO: - Train metrics: dsc: 0.941 ; iou: 0.898 ; accuracy: 0.988 ; precision: 0.947 ; recall: 0.941 ; loss: 0.029
2019-01-18 23:54:04,875:INFO: - Eval metrics : dsc: 0.931 ; iou: 0.884 ; accuracy: 0.986 ; precision: 0.939 ; recall: 0.934 ; loss: 0.037
2019-01-18 23:54:04,894:INFO: Epoch 34/45
2019-01-18 23:54:18,392:INFO: - Train metrics: dsc: 0.944 ; iou: 0.904 ; accuracy: 0.989 ; precision: 0.950 ; recall: 0.946 ; loss: 0.027
2019-01-18 23:54:19,510:INFO: - Eval metrics : dsc: 0.937 ; iou: 0.892 ; accuracy: 0.986 ; precision: 0.939 ; recall: 0.944 ; loss: 0.034
2019-01-18 23:54:19,525:INFO: Epoch 35/45
2019-01-18 23:54:33,005:INFO: - Train metrics: dsc: 0.948 ; iou: 0.909 ; accuracy: 0.989 ; precision: 0.953 ; recall: 0.950 ; loss: 0.026
2019-01-18 23:54:34,109:INFO: - Eval metrics : dsc: 0.935 ; iou: 0.893 ; accuracy: 0.987 ; precision: 0.963 ; recall: 0.925 ; loss: 0.035
2019-01-18 23:54:34,129:INFO: Epoch 36/45
2019-01-18 23:54:47,613:INFO: - Train metrics: dsc: 0.948 ; iou: 0.908 ; accuracy: 0.989 ; precision: 0.953 ; recall: 0.949 ; loss: 0.026
2019-01-18 23:54:48,757:INFO: - Eval metrics : dsc: 0.937 ; iou: 0.889 ; accuracy: 0.986 ; precision: 0.947 ; recall: 0.936 ; loss: 0.035
2019-01-18 23:54:48,777:INFO: Epoch 37/45
2019-01-18 23:55:02,243:INFO: - Train metrics: dsc: 0.946 ; iou: 0.907 ; accuracy: 0.989 ; precision: 0.954 ; recall: 0.947 ; loss: 0.026
2019-01-18 23:55:03,399:INFO: - Eval metrics : dsc: 0.938 ; iou: 0.894 ; accuracy: 0.987 ; precision: 0.952 ; recall: 0.937 ; loss: 0.033
2019-01-18 23:55:03,417:INFO: Epoch 38/45
2019-01-18 23:55:16,897:INFO: - Train metrics: dsc: 0.951 ; iou: 0.913 ; accuracy: 0.989 ; precision: 0.956 ; recall: 0.952 ; loss: 0.025
2019-01-18 23:55:18,027:INFO: - Eval metrics : dsc: 0.936 ; iou: 0.891 ; accuracy: 0.986 ; precision: 0.935 ; recall: 0.947 ; loss: 0.035
2019-01-18 23:55:18,041:INFO: Epoch 39/45
2019-01-18 23:55:31,500:INFO: - Train metrics: dsc: 0.951 ; iou: 0.913 ; accuracy: 0.990 ; precision: 0.956 ; recall: 0.951 ; loss: 0.025
2019-01-18 23:55:32,678:INFO: - Eval metrics : dsc: 0.939 ; iou: 0.895 ; accuracy: 0.987 ; precision: 0.953 ; recall: 0.936 ; loss: 0.033
2019-01-18 23:55:32,693:INFO: Epoch 40/45
2019-01-18 23:55:46,109:INFO: - Train metrics: dsc: 0.947 ; iou: 0.909 ; accuracy: 0.989 ; precision: 0.956 ; recall: 0.948 ; loss: 0.026
2019-01-18 23:55:47,218:INFO: - Eval metrics : dsc: 0.940 ; iou: 0.896 ; accuracy: 0.987 ; precision: 0.951 ; recall: 0.940 ; loss: 0.033
2019-01-18 23:55:47,237:INFO: Epoch 41/45
2019-01-18 23:56:00,709:INFO: - Train metrics: dsc: 0.949 ; iou: 0.912 ; accuracy: 0.990 ; precision: 0.957 ; recall: 0.950 ; loss: 0.025
2019-01-18 23:56:01,858:INFO: - Eval metrics : dsc: 0.920 ; iou: 0.862 ; accuracy: 0.981 ; precision: 0.969 ; recall: 0.888 ; loss: 0.054
2019-01-18 23:56:01,873:INFO: Epoch 42/45
2019-01-18 23:56:15,290:INFO: - Train metrics: dsc: 0.953 ; iou: 0.917 ; accuracy: 0.990 ; precision: 0.959 ; recall: 0.954 ; loss: 0.023
2019-01-18 23:56:16,413:INFO: - Eval metrics : dsc: 0.940 ; iou: 0.896 ; accuracy: 0.987 ; precision: 0.944 ; recall: 0.946 ; loss: 0.033
2019-01-18 23:56:16,427:INFO: Epoch 43/45
2019-01-18 23:56:29,808:INFO: - Train metrics: dsc: 0.951 ; iou: 0.913 ; accuracy: 0.990 ; precision: 0.957 ; recall: 0.952 ; loss: 0.024
2019-01-18 23:56:30,916:INFO: - Eval metrics : dsc: 0.945 ; iou: 0.902 ; accuracy: 0.988 ; precision: 0.954 ; recall: 0.943 ; loss: 0.031
2019-01-18 23:56:30,933:INFO: - Found new best DSC
2019-01-18 23:56:30,933:INFO: Epoch 44/45
2019-01-18 23:56:44,492:INFO: - Train metrics: dsc: 0.952 ; iou: 0.916 ; accuracy: 0.990 ; precision: 0.958 ; recall: 0.954 ; loss: 0.024
2019-01-18 23:56:45,606:INFO: - Eval metrics : dsc: 0.938 ; iou: 0.895 ; accuracy: 0.987 ; precision: 0.946 ; recall: 0.942 ; loss: 0.033
2019-01-18 23:56:45,625:INFO: Epoch 45/45
2019-01-18 23:56:59,094:INFO: - Train metrics: dsc: 0.952 ; iou: 0.916 ; accuracy: 0.990 ; precision: 0.961 ; recall: 0.952 ; loss: 0.024
2019-01-18 23:57:00,226:INFO: - Eval metrics : dsc: 0.936 ; iou: 0.892 ; accuracy: 0.987 ; precision: 0.956 ; recall: 0.927 ; loss: 0.034
