2019-01-11 14:01:45,284:INFO: Loading the datasets...
2019-01-11 14:01:49,663:INFO: - done.
2019-01-11 14:01:49,663:INFO: For k-fold 1/5:
2019-01-11 14:01:49,664:INFO: Starting training for 45 epoch(s)
2019-01-11 14:01:49,664:INFO: Epoch 1/45
2019-01-11 14:02:00,868:INFO: - Train metrics: dsc: 0.464 ; iou: 0.349 ; accuracy: 0.967 ; precision: 0.354 ; recall: 0.936 ; loss: 0.924
2019-01-11 14:02:01,954:INFO: - Eval metrics : dsc: 0.738 ; iou: 0.633 ; accuracy: 0.997 ; precision: 0.692 ; recall: 0.921 ; loss: 0.824
2019-01-11 14:02:01,978:INFO: - Found new best DSC
2019-01-11 14:02:01,978:INFO: Epoch 2/45
2019-01-11 14:02:12,776:INFO: - Train metrics: dsc: 0.784 ; iou: 0.693 ; accuracy: 0.997 ; precision: 0.746 ; recall: 0.908 ; loss: 0.520
2019-01-11 14:02:13,903:INFO: - Eval metrics : dsc: 0.816 ; iou: 0.738 ; accuracy: 0.998 ; precision: 0.851 ; recall: 0.871 ; loss: 0.284
2019-01-11 14:02:13,937:INFO: - Found new best DSC
2019-01-11 14:02:13,937:INFO: Epoch 3/45
2019-01-11 14:02:24,766:INFO: - Train metrics: dsc: 0.855 ; iou: 0.785 ; accuracy: 0.999 ; precision: 0.865 ; recall: 0.903 ; loss: 0.207
2019-01-11 14:02:25,892:INFO: - Eval metrics : dsc: 0.857 ; iou: 0.792 ; accuracy: 0.999 ; precision: 0.911 ; recall: 0.870 ; loss: 0.183
2019-01-11 14:02:25,923:INFO: - Found new best DSC
2019-01-11 14:02:25,923:INFO: Epoch 4/45
2019-01-11 14:02:36,752:INFO: - Train metrics: dsc: 0.863 ; iou: 0.796 ; accuracy: 0.999 ; precision: 0.885 ; recall: 0.897 ; loss: 0.163
2019-01-11 14:02:37,866:INFO: - Eval metrics : dsc: 0.859 ; iou: 0.798 ; accuracy: 0.999 ; precision: 0.886 ; recall: 0.901 ; loss: 0.160
2019-01-11 14:02:37,896:INFO: - Found new best DSC
2019-01-11 14:02:37,896:INFO: Epoch 5/45
2019-01-11 14:02:48,637:INFO: - Train metrics: dsc: 0.870 ; iou: 0.804 ; accuracy: 0.999 ; precision: 0.882 ; recall: 0.903 ; loss: 0.150
2019-01-11 14:02:49,721:INFO: - Eval metrics : dsc: 0.837 ; iou: 0.774 ; accuracy: 0.999 ; precision: 0.892 ; recall: 0.861 ; loss: 0.181
2019-01-11 14:02:49,742:INFO: Epoch 6/45
2019-01-11 14:03:00,554:INFO: - Train metrics: dsc: 0.874 ; iou: 0.809 ; accuracy: 0.999 ; precision: 0.895 ; recall: 0.900 ; loss: 0.140
2019-01-11 14:03:01,625:INFO: - Eval metrics : dsc: 0.865 ; iou: 0.804 ; accuracy: 0.999 ; precision: 0.881 ; recall: 0.913 ; loss: 0.147
2019-01-11 14:03:01,657:INFO: - Found new best DSC
2019-01-11 14:03:01,658:INFO: Epoch 7/45
2019-01-11 14:03:12,473:INFO: - Train metrics: dsc: 0.867 ; iou: 0.802 ; accuracy: 0.999 ; precision: 0.887 ; recall: 0.896 ; loss: 0.140
2019-01-11 14:03:13,571:INFO: - Eval metrics : dsc: 0.866 ; iou: 0.803 ; accuracy: 0.999 ; precision: 0.899 ; recall: 0.884 ; loss: 0.138
2019-01-11 14:03:13,594:INFO: - Found new best DSC
2019-01-11 14:03:13,595:INFO: Epoch 8/45
2019-01-11 14:03:24,429:INFO: - Train metrics: dsc: 0.865 ; iou: 0.797 ; accuracy: 0.999 ; precision: 0.889 ; recall: 0.895 ; loss: 0.135
2019-01-11 14:03:25,525:INFO: - Eval metrics : dsc: 0.853 ; iou: 0.787 ; accuracy: 0.999 ; precision: 0.846 ; recall: 0.916 ; loss: 0.144
2019-01-11 14:03:25,546:INFO: Epoch 9/45
2019-01-11 14:03:36,397:INFO: - Train metrics: dsc: 0.810 ; iou: 0.739 ; accuracy: 0.998 ; precision: 0.876 ; recall: 0.832 ; loss: 0.185
2019-01-11 14:03:37,451:INFO: - Eval metrics : dsc: 0.834 ; iou: 0.772 ; accuracy: 0.999 ; precision: 0.903 ; recall: 0.855 ; loss: 0.146
2019-01-11 14:03:37,472:INFO: Epoch 10/45
2019-01-11 14:03:48,336:INFO: - Train metrics: dsc: 0.870 ; iou: 0.805 ; accuracy: 0.999 ; precision: 0.893 ; recall: 0.897 ; loss: 0.121
2019-01-11 14:03:49,458:INFO: - Eval metrics : dsc: 0.863 ; iou: 0.798 ; accuracy: 0.999 ; precision: 0.892 ; recall: 0.886 ; loss: 0.127
2019-01-11 14:03:49,479:INFO: Epoch 11/45
2019-01-11 14:04:00,397:INFO: - Train metrics: dsc: 0.865 ; iou: 0.797 ; accuracy: 0.999 ; precision: 0.899 ; recall: 0.883 ; loss: 0.118
2019-01-11 14:04:01,537:INFO: - Eval metrics : dsc: 0.665 ; iou: 0.564 ; accuracy: 0.997 ; precision: 0.948 ; recall: 0.587 ; loss: 0.330
2019-01-11 14:04:01,567:INFO: Epoch 12/45
2019-01-11 14:04:12,440:INFO: - Train metrics: dsc: 0.859 ; iou: 0.789 ; accuracy: 0.999 ; precision: 0.883 ; recall: 0.886 ; loss: 0.125
2019-01-11 14:04:13,568:INFO: - Eval metrics : dsc: 0.862 ; iou: 0.799 ; accuracy: 0.999 ; precision: 0.908 ; recall: 0.879 ; loss: 0.119
2019-01-11 14:04:13,603:INFO: Epoch 13/45
2019-01-11 14:04:24,547:INFO: - Train metrics: dsc: 0.875 ; iou: 0.811 ; accuracy: 0.999 ; precision: 0.908 ; recall: 0.887 ; loss: 0.098
2019-01-11 14:04:25,669:INFO: - Eval metrics : dsc: 0.866 ; iou: 0.805 ; accuracy: 0.999 ; precision: 0.932 ; recall: 0.861 ; loss: 0.106
2019-01-11 14:04:25,698:INFO: Epoch 14/45
2019-01-11 14:04:36,667:INFO: - Train metrics: dsc: 0.884 ; iou: 0.822 ; accuracy: 0.999 ; precision: 0.904 ; recall: 0.908 ; loss: 0.092
2019-01-11 14:04:37,761:INFO: - Eval metrics : dsc: 0.869 ; iou: 0.808 ; accuracy: 0.999 ; precision: 0.905 ; recall: 0.883 ; loss: 0.107
2019-01-11 14:04:37,784:INFO: - Found new best DSC
2019-01-11 14:04:37,784:INFO: Epoch 15/45
2019-01-11 14:04:48,695:INFO: - Train metrics: dsc: 0.898 ; iou: 0.838 ; accuracy: 0.999 ; precision: 0.918 ; recall: 0.910 ; loss: 0.073
2019-01-11 14:04:49,778:INFO: - Eval metrics : dsc: 0.874 ; iou: 0.815 ; accuracy: 0.999 ; precision: 0.891 ; recall: 0.910 ; loss: 0.101
2019-01-11 14:04:49,807:INFO: - Found new best DSC
2019-01-11 14:04:49,807:INFO: Epoch 16/45
2019-01-11 14:05:00,721:INFO: - Train metrics: dsc: 0.867 ; iou: 0.801 ; accuracy: 0.999 ; precision: 0.899 ; recall: 0.886 ; loss: 0.111
2019-01-11 14:05:01,857:INFO: - Eval metrics : dsc: 0.840 ; iou: 0.772 ; accuracy: 0.999 ; precision: 0.926 ; recall: 0.835 ; loss: 0.131
2019-01-11 14:05:01,889:INFO: Epoch 17/45
2019-01-11 14:05:12,809:INFO: - Train metrics: dsc: 0.854 ; iou: 0.789 ; accuracy: 0.999 ; precision: 0.914 ; recall: 0.861 ; loss: 0.118
2019-01-11 14:05:13,940:INFO: - Eval metrics : dsc: 0.852 ; iou: 0.788 ; accuracy: 0.999 ; precision: 0.886 ; recall: 0.890 ; loss: 0.126
2019-01-11 14:05:13,978:INFO: Epoch 18/45
2019-01-11 14:05:25,027:INFO: - Train metrics: dsc: 0.858 ; iou: 0.792 ; accuracy: 0.999 ; precision: 0.909 ; recall: 0.870 ; loss: 0.121
2019-01-11 14:05:26,160:INFO: - Eval metrics : dsc: 0.841 ; iou: 0.776 ; accuracy: 0.999 ; precision: 0.910 ; recall: 0.856 ; loss: 0.137
2019-01-11 14:05:26,181:INFO: Epoch 19/45
2019-01-11 14:05:37,072:INFO: - Train metrics: dsc: 0.877 ; iou: 0.815 ; accuracy: 0.999 ; precision: 0.909 ; recall: 0.895 ; loss: 0.097
2019-01-11 14:05:38,156:INFO: - Eval metrics : dsc: 0.864 ; iou: 0.802 ; accuracy: 0.999 ; precision: 0.914 ; recall: 0.878 ; loss: 0.110
2019-01-11 14:05:38,177:INFO: Epoch 20/45
2019-01-11 14:05:49,130:INFO: - Train metrics: dsc: 0.896 ; iou: 0.836 ; accuracy: 0.999 ; precision: 0.915 ; recall: 0.910 ; loss: 0.075
2019-01-11 14:05:50,211:INFO: - Eval metrics : dsc: 0.859 ; iou: 0.800 ; accuracy: 0.999 ; precision: 0.927 ; recall: 0.863 ; loss: 0.115
2019-01-11 14:05:50,236:INFO: Epoch 21/45
2019-01-11 14:06:01,266:INFO: - Train metrics: dsc: 0.898 ; iou: 0.839 ; accuracy: 0.999 ; precision: 0.913 ; recall: 0.915 ; loss: 0.077
2019-01-11 14:06:02,342:INFO: - Eval metrics : dsc: 0.875 ; iou: 0.817 ; accuracy: 0.999 ; precision: 0.900 ; recall: 0.908 ; loss: 0.102
2019-01-11 14:06:02,365:INFO: - Found new best DSC
2019-01-11 14:06:02,365:INFO: Epoch 22/45
2019-01-11 14:06:13,238:INFO: - Train metrics: dsc: 0.893 ; iou: 0.834 ; accuracy: 0.999 ; precision: 0.911 ; recall: 0.912 ; loss: 0.081
2019-01-11 14:06:14,342:INFO: - Eval metrics : dsc: 0.877 ; iou: 0.817 ; accuracy: 0.999 ; precision: 0.878 ; recall: 0.929 ; loss: 0.107
2019-01-11 14:06:14,375:INFO: - Found new best DSC
2019-01-11 14:06:14,375:INFO: Epoch 23/45
2019-01-11 14:06:25,279:INFO: - Train metrics: dsc: 0.900 ; iou: 0.841 ; accuracy: 0.999 ; precision: 0.911 ; recall: 0.920 ; loss: 0.073
2019-01-11 14:06:26,354:INFO: - Eval metrics : dsc: 0.867 ; iou: 0.806 ; accuracy: 0.999 ; precision: 0.874 ; recall: 0.912 ; loss: 0.122
2019-01-11 14:06:26,376:INFO: Epoch 24/45
2019-01-11 14:06:37,319:INFO: - Train metrics: dsc: 0.870 ; iou: 0.800 ; accuracy: 0.999 ; precision: 0.900 ; recall: 0.885 ; loss: 0.107
2019-01-11 14:06:38,446:INFO: - Eval metrics : dsc: 0.864 ; iou: 0.802 ; accuracy: 0.999 ; precision: 0.888 ; recall: 0.903 ; loss: 0.111
2019-01-11 14:06:38,473:INFO: Epoch 25/45
2019-01-11 14:06:49,416:INFO: - Train metrics: dsc: 0.894 ; iou: 0.831 ; accuracy: 0.999 ; precision: 0.908 ; recall: 0.913 ; loss: 0.077
2019-01-11 14:06:50,506:INFO: - Eval metrics : dsc: 0.872 ; iou: 0.813 ; accuracy: 0.999 ; precision: 0.920 ; recall: 0.883 ; loss: 0.097
2019-01-11 14:06:50,542:INFO: Epoch 26/45
2019-01-11 14:07:01,395:INFO: - Train metrics: dsc: 0.903 ; iou: 0.845 ; accuracy: 0.999 ; precision: 0.916 ; recall: 0.920 ; loss: 0.068
2019-01-11 14:07:02,530:INFO: - Eval metrics : dsc: 0.878 ; iou: 0.820 ; accuracy: 0.999 ; precision: 0.907 ; recall: 0.902 ; loss: 0.096
2019-01-11 14:07:02,559:INFO: - Found new best DSC
2019-01-11 14:07:02,559:INFO: Epoch 27/45
2019-01-11 14:07:13,489:INFO: - Train metrics: dsc: 0.881 ; iou: 0.820 ; accuracy: 0.999 ; precision: 0.911 ; recall: 0.897 ; loss: 0.090
2019-01-11 14:07:14,614:INFO: - Eval metrics : dsc: 0.826 ; iou: 0.741 ; accuracy: 0.998 ; precision: 0.881 ; recall: 0.831 ; loss: 0.151
2019-01-11 14:07:14,644:INFO: Epoch 28/45
2019-01-11 14:07:25,587:INFO: - Train metrics: dsc: 0.862 ; iou: 0.796 ; accuracy: 0.999 ; precision: 0.908 ; recall: 0.875 ; loss: 0.110
2019-01-11 14:07:26,651:INFO: - Eval metrics : dsc: 0.829 ; iou: 0.767 ; accuracy: 0.999 ; precision: 0.922 ; recall: 0.835 ; loss: 0.131
2019-01-11 14:07:26,672:INFO: Epoch 29/45
2019-01-11 14:07:37,563:INFO: - Train metrics: dsc: 0.884 ; iou: 0.822 ; accuracy: 0.999 ; precision: 0.907 ; recall: 0.904 ; loss: 0.089
2019-01-11 14:07:38,639:INFO: - Eval metrics : dsc: 0.865 ; iou: 0.797 ; accuracy: 0.999 ; precision: 0.918 ; recall: 0.868 ; loss: 0.112
2019-01-11 14:07:38,660:INFO: Epoch 30/45
2019-01-11 14:07:49,529:INFO: - Train metrics: dsc: 0.893 ; iou: 0.832 ; accuracy: 0.999 ; precision: 0.909 ; recall: 0.911 ; loss: 0.081
2019-01-11 14:07:50,629:INFO: - Eval metrics : dsc: 0.871 ; iou: 0.814 ; accuracy: 0.999 ; precision: 0.909 ; recall: 0.896 ; loss: 0.103
2019-01-11 14:07:50,647:INFO: Epoch 31/45
2019-01-11 14:08:01,612:INFO: - Train metrics: dsc: 0.901 ; iou: 0.844 ; accuracy: 0.999 ; precision: 0.917 ; recall: 0.917 ; loss: 0.071
2019-01-11 14:08:02,708:INFO: - Eval metrics : dsc: 0.878 ; iou: 0.819 ; accuracy: 0.999 ; precision: 0.914 ; recall: 0.889 ; loss: 0.098
2019-01-11 14:08:02,729:INFO: Epoch 32/45
2019-01-11 14:08:13,554:INFO: - Train metrics: dsc: 0.893 ; iou: 0.833 ; accuracy: 0.999 ; precision: 0.906 ; recall: 0.915 ; loss: 0.083
2019-01-11 14:08:14,670:INFO: - Eval metrics : dsc: 0.875 ; iou: 0.813 ; accuracy: 0.999 ; precision: 0.904 ; recall: 0.900 ; loss: 0.108
2019-01-11 14:08:14,692:INFO: Epoch 33/45
2019-01-11 14:08:25,610:INFO: - Train metrics: dsc: 0.900 ; iou: 0.841 ; accuracy: 0.999 ; precision: 0.902 ; recall: 0.927 ; loss: 0.077
2019-01-11 14:08:26,689:INFO: - Eval metrics : dsc: 0.875 ; iou: 0.809 ; accuracy: 0.999 ; precision: 0.910 ; recall: 0.888 ; loss: 0.109
2019-01-11 14:08:26,710:INFO: Epoch 34/45
2019-01-11 14:08:37,570:INFO: - Train metrics: dsc: 0.825 ; iou: 0.756 ; accuracy: 0.998 ; precision: 0.901 ; recall: 0.835 ; loss: 0.150
2019-01-11 14:08:38,647:INFO: - Eval metrics : dsc: 0.805 ; iou: 0.742 ; accuracy: 0.998 ; precision: 0.922 ; recall: 0.810 ; loss: 0.155
2019-01-11 14:08:38,668:INFO: Epoch 35/45
2019-01-11 14:08:49,571:INFO: - Train metrics: dsc: 0.874 ; iou: 0.813 ; accuracy: 0.999 ; precision: 0.918 ; recall: 0.882 ; loss: 0.096
2019-01-11 14:08:50,659:INFO: - Eval metrics : dsc: 0.855 ; iou: 0.785 ; accuracy: 0.999 ; precision: 0.935 ; recall: 0.839 ; loss: 0.122
2019-01-11 14:08:50,679:INFO: Epoch 36/45
2019-01-11 14:09:01,583:INFO: - Train metrics: dsc: 0.894 ; iou: 0.834 ; accuracy: 0.999 ; precision: 0.912 ; recall: 0.912 ; loss: 0.079
2019-01-11 14:09:02,669:INFO: - Eval metrics : dsc: 0.875 ; iou: 0.815 ; accuracy: 0.999 ; precision: 0.906 ; recall: 0.898 ; loss: 0.100
2019-01-11 14:09:02,697:INFO: Epoch 37/45
2019-01-11 14:09:13,540:INFO: - Train metrics: dsc: 0.883 ; iou: 0.821 ; accuracy: 0.999 ; precision: 0.917 ; recall: 0.895 ; loss: 0.091
2019-01-11 14:09:14,638:INFO: - Eval metrics : dsc: 0.861 ; iou: 0.800 ; accuracy: 0.999 ; precision: 0.883 ; recall: 0.908 ; loss: 0.113
2019-01-11 14:09:14,659:INFO: Epoch 38/45
2019-01-11 14:09:25,527:INFO: - Train metrics: dsc: 0.890 ; iou: 0.829 ; accuracy: 0.999 ; precision: 0.916 ; recall: 0.903 ; loss: 0.080
2019-01-11 14:09:26,612:INFO: - Eval metrics : dsc: 0.849 ; iou: 0.790 ; accuracy: 0.999 ; precision: 0.920 ; recall: 0.860 ; loss: 0.121
2019-01-11 14:09:26,645:INFO: Epoch 39/45
2019-01-11 14:09:37,459:INFO: - Train metrics: dsc: 0.897 ; iou: 0.838 ; accuracy: 0.999 ; precision: 0.916 ; recall: 0.913 ; loss: 0.074
2019-01-11 14:09:38,544:INFO: - Eval metrics : dsc: 0.875 ; iou: 0.812 ; accuracy: 0.999 ; precision: 0.911 ; recall: 0.891 ; loss: 0.102
2019-01-11 14:09:38,573:INFO: Epoch 40/45
2019-01-11 14:09:49,451:INFO: - Train metrics: dsc: 0.884 ; iou: 0.817 ; accuracy: 0.999 ; precision: 0.903 ; recall: 0.901 ; loss: 0.090
2019-01-11 14:09:50,523:INFO: - Eval metrics : dsc: 0.875 ; iou: 0.813 ; accuracy: 0.999 ; precision: 0.891 ; recall: 0.906 ; loss: 0.100
2019-01-11 14:09:50,560:INFO: Epoch 41/45
2019-01-11 14:10:01,436:INFO: - Train metrics: dsc: 0.900 ; iou: 0.841 ; accuracy: 0.999 ; precision: 0.916 ; recall: 0.916 ; loss: 0.070
2019-01-11 14:10:02,554:INFO: - Eval metrics : dsc: 0.868 ; iou: 0.806 ; accuracy: 0.999 ; precision: 0.928 ; recall: 0.868 ; loss: 0.106
2019-01-11 14:10:02,587:INFO: Epoch 42/45
2019-01-11 14:10:13,410:INFO: - Train metrics: dsc: 0.905 ; iou: 0.847 ; accuracy: 0.999 ; precision: 0.917 ; recall: 0.920 ; loss: 0.066
2019-01-11 14:10:14,502:INFO: - Eval metrics : dsc: 0.871 ; iou: 0.813 ; accuracy: 0.999 ; precision: 0.911 ; recall: 0.891 ; loss: 0.103
2019-01-11 14:10:14,523:INFO: Epoch 43/45
2019-01-11 14:10:25,375:INFO: - Train metrics: dsc: 0.906 ; iou: 0.849 ; accuracy: 0.999 ; precision: 0.918 ; recall: 0.921 ; loss: 0.063
2019-01-11 14:10:26,454:INFO: - Eval metrics : dsc: 0.873 ; iou: 0.810 ; accuracy: 0.999 ; precision: 0.931 ; recall: 0.865 ; loss: 0.101
2019-01-11 14:10:26,474:INFO: Epoch 44/45
2019-01-11 14:10:37,353:INFO: - Train metrics: dsc: 0.895 ; iou: 0.837 ; accuracy: 0.999 ; precision: 0.920 ; recall: 0.908 ; loss: 0.078
2019-01-11 14:10:38,428:INFO: - Eval metrics : dsc: 0.780 ; iou: 0.710 ; accuracy: 0.998 ; precision: 0.915 ; recall: 0.781 ; loss: 0.184
2019-01-11 14:10:38,449:INFO: Epoch 45/45
2019-01-11 14:10:49,344:INFO: - Train metrics: dsc: 0.889 ; iou: 0.827 ; accuracy: 0.999 ; precision: 0.913 ; recall: 0.905 ; loss: 0.082
2019-01-11 14:10:50,419:INFO: - Eval metrics : dsc: 0.877 ; iou: 0.819 ; accuracy: 0.999 ; precision: 0.899 ; recall: 0.906 ; loss: 0.100
2019-01-11 14:10:50,539:INFO: Loading the datasets...
2019-01-11 14:10:55,271:INFO: - done.
2019-01-11 14:10:55,271:INFO: For k-fold 2/5:
2019-01-11 14:10:55,271:INFO: Starting training for 45 epoch(s)
2019-01-11 14:10:55,272:INFO: Epoch 1/45
2019-01-11 14:11:06,112:INFO: - Train metrics: dsc: 0.460 ; iou: 0.344 ; accuracy: 0.964 ; precision: 0.349 ; recall: 0.938 ; loss: 0.925
2019-01-11 14:11:07,196:INFO: - Eval metrics : dsc: 0.573 ; iou: 0.435 ; accuracy: 0.991 ; precision: 0.438 ; recall: 0.951 ; loss: 0.849
2019-01-11 14:11:07,219:INFO: - Found new best DSC
2019-01-11 14:11:07,220:INFO: Epoch 2/45
2019-01-11 14:11:18,100:INFO: - Train metrics: dsc: 0.787 ; iou: 0.694 ; accuracy: 0.997 ; precision: 0.745 ; recall: 0.921 ; loss: 0.542
2019-01-11 14:11:19,213:INFO: - Eval metrics : dsc: 0.825 ; iou: 0.746 ; accuracy: 0.998 ; precision: 0.788 ; recall: 0.929 ; loss: 0.293
2019-01-11 14:11:19,237:INFO: - Found new best DSC
2019-01-11 14:11:19,237:INFO: Epoch 3/45
2019-01-11 14:11:30,090:INFO: - Train metrics: dsc: 0.848 ; iou: 0.777 ; accuracy: 0.999 ; precision: 0.856 ; recall: 0.899 ; loss: 0.212
2019-01-11 14:11:31,166:INFO: - Eval metrics : dsc: 0.858 ; iou: 0.789 ; accuracy: 0.999 ; precision: 0.917 ; recall: 0.856 ; loss: 0.179
2019-01-11 14:11:31,189:INFO: - Found new best DSC
2019-01-11 14:11:31,189:INFO: Epoch 4/45
2019-01-11 14:11:42,109:INFO: - Train metrics: dsc: 0.865 ; iou: 0.796 ; accuracy: 0.999 ; precision: 0.873 ; recall: 0.908 ; loss: 0.162
2019-01-11 14:11:43,183:INFO: - Eval metrics : dsc: 0.841 ; iou: 0.770 ; accuracy: 0.998 ; precision: 0.814 ; recall: 0.929 ; loss: 0.177
2019-01-11 14:11:43,207:INFO: Epoch 5/45
2019-01-11 14:11:54,093:INFO: - Train metrics: dsc: 0.870 ; iou: 0.804 ; accuracy: 0.999 ; precision: 0.883 ; recall: 0.908 ; loss: 0.143
2019-01-11 14:11:55,215:INFO: - Eval metrics : dsc: 0.865 ; iou: 0.801 ; accuracy: 0.999 ; precision: 0.889 ; recall: 0.899 ; loss: 0.140
2019-01-11 14:11:55,241:INFO: - Found new best DSC
2019-01-11 14:11:55,241:INFO: Epoch 6/45
2019-01-11 14:12:06,091:INFO: - Train metrics: dsc: 0.872 ; iou: 0.805 ; accuracy: 0.999 ; precision: 0.887 ; recall: 0.901 ; loss: 0.142
2019-01-11 14:12:07,157:INFO: - Eval metrics : dsc: 0.847 ; iou: 0.781 ; accuracy: 0.999 ; precision: 0.817 ; recall: 0.945 ; loss: 0.150
2019-01-11 14:12:07,180:INFO: Epoch 7/45
2019-01-11 14:12:18,052:INFO: - Train metrics: dsc: 0.870 ; iou: 0.805 ; accuracy: 0.999 ; precision: 0.874 ; recall: 0.914 ; loss: 0.134
2019-01-11 14:12:19,193:INFO: - Eval metrics : dsc: 0.862 ; iou: 0.795 ; accuracy: 0.999 ; precision: 0.929 ; recall: 0.855 ; loss: 0.147
2019-01-11 14:12:19,221:INFO: Epoch 8/45
2019-01-11 14:12:30,113:INFO: - Train metrics: dsc: 0.873 ; iou: 0.807 ; accuracy: 0.999 ; precision: 0.887 ; recall: 0.907 ; loss: 0.131
2019-01-11 14:12:31,204:INFO: - Eval metrics : dsc: 0.879 ; iou: 0.815 ; accuracy: 0.999 ; precision: 0.878 ; recall: 0.915 ; loss: 0.121
2019-01-11 14:12:31,230:INFO: - Found new best DSC
2019-01-11 14:12:31,230:INFO: Epoch 9/45
2019-01-11 14:12:42,092:INFO: - Train metrics: dsc: 0.855 ; iou: 0.786 ; accuracy: 0.999 ; precision: 0.886 ; recall: 0.882 ; loss: 0.143
2019-01-11 14:12:43,202:INFO: - Eval metrics : dsc: 0.857 ; iou: 0.782 ; accuracy: 0.998 ; precision: 0.944 ; recall: 0.826 ; loss: 0.119
2019-01-11 14:12:43,223:INFO: Epoch 10/45
2019-01-11 14:12:54,100:INFO: - Train metrics: dsc: 0.884 ; iou: 0.820 ; accuracy: 0.999 ; precision: 0.892 ; recall: 0.916 ; loss: 0.106
2019-01-11 14:12:55,182:INFO: - Eval metrics : dsc: 0.894 ; iou: 0.833 ; accuracy: 0.999 ; precision: 0.924 ; recall: 0.897 ; loss: 0.074
2019-01-11 14:12:55,210:INFO: - Found new best DSC
2019-01-11 14:12:55,210:INFO: Epoch 11/45
2019-01-11 14:13:06,038:INFO: - Train metrics: dsc: 0.893 ; iou: 0.832 ; accuracy: 0.999 ; precision: 0.895 ; recall: 0.925 ; loss: 0.095
2019-01-11 14:13:07,106:INFO: - Eval metrics : dsc: 0.888 ; iou: 0.828 ; accuracy: 0.999 ; precision: 0.899 ; recall: 0.912 ; loss: 0.091
2019-01-11 14:13:07,127:INFO: Epoch 12/45
2019-01-11 14:13:17,973:INFO: - Train metrics: dsc: 0.884 ; iou: 0.819 ; accuracy: 0.999 ; precision: 0.897 ; recall: 0.909 ; loss: 0.101
2019-01-11 14:13:19,044:INFO: - Eval metrics : dsc: 0.849 ; iou: 0.778 ; accuracy: 0.999 ; precision: 0.948 ; recall: 0.819 ; loss: 0.127
2019-01-11 14:13:19,074:INFO: Epoch 13/45
2019-01-11 14:13:29,951:INFO: - Train metrics: dsc: 0.882 ; iou: 0.817 ; accuracy: 0.999 ; precision: 0.898 ; recall: 0.908 ; loss: 0.101
2019-01-11 14:13:31,034:INFO: - Eval metrics : dsc: 0.890 ; iou: 0.832 ; accuracy: 0.999 ; precision: 0.891 ; recall: 0.930 ; loss: 0.085
2019-01-11 14:13:31,064:INFO: Epoch 14/45
2019-01-11 14:13:42,011:INFO: - Train metrics: dsc: 0.895 ; iou: 0.836 ; accuracy: 0.999 ; precision: 0.900 ; recall: 0.925 ; loss: 0.090
2019-01-11 14:13:43,110:INFO: - Eval metrics : dsc: 0.903 ; iou: 0.845 ; accuracy: 0.999 ; precision: 0.911 ; recall: 0.920 ; loss: 0.071
2019-01-11 14:13:43,140:INFO: - Found new best DSC
2019-01-11 14:13:43,140:INFO: Epoch 15/45
2019-01-11 14:13:53,977:INFO: - Train metrics: dsc: 0.854 ; iou: 0.789 ; accuracy: 0.999 ; precision: 0.908 ; recall: 0.864 ; loss: 0.124
2019-01-11 14:13:55,057:INFO: - Eval metrics : dsc: 0.849 ; iou: 0.789 ; accuracy: 0.999 ; precision: 0.938 ; recall: 0.840 ; loss: 0.105
2019-01-11 14:13:55,079:INFO: Epoch 16/45
2019-01-11 14:14:05,985:INFO: - Train metrics: dsc: 0.828 ; iou: 0.761 ; accuracy: 0.998 ; precision: 0.902 ; recall: 0.842 ; loss: 0.150
2019-01-11 14:14:07,063:INFO: - Eval metrics : dsc: 0.860 ; iou: 0.798 ; accuracy: 0.999 ; precision: 0.912 ; recall: 0.869 ; loss: 0.097
2019-01-11 14:14:07,081:INFO: Epoch 17/45
2019-01-11 14:14:17,937:INFO: - Train metrics: dsc: 0.868 ; iou: 0.808 ; accuracy: 0.999 ; precision: 0.907 ; recall: 0.888 ; loss: 0.110
2019-01-11 14:14:19,089:INFO: - Eval metrics : dsc: 0.877 ; iou: 0.818 ; accuracy: 0.999 ; precision: 0.911 ; recall: 0.890 ; loss: 0.080
2019-01-11 14:14:19,118:INFO: Epoch 18/45
2019-01-11 14:14:29,947:INFO: - Train metrics: dsc: 0.859 ; iou: 0.799 ; accuracy: 0.999 ; precision: 0.910 ; recall: 0.875 ; loss: 0.118
2019-01-11 14:14:31,087:INFO: - Eval metrics : dsc: 0.850 ; iou: 0.795 ; accuracy: 0.999 ; precision: 0.915 ; recall: 0.861 ; loss: 0.110
2019-01-11 14:14:31,119:INFO: Epoch 19/45
2019-01-11 14:14:42,008:INFO: - Train metrics: dsc: 0.856 ; iou: 0.788 ; accuracy: 0.999 ; precision: 0.882 ; recall: 0.891 ; loss: 0.132
2019-01-11 14:14:43,104:INFO: - Eval metrics : dsc: 0.878 ; iou: 0.821 ; accuracy: 0.999 ; precision: 0.909 ; recall: 0.894 ; loss: 0.079
2019-01-11 14:14:43,125:INFO: Epoch 20/45
2019-01-11 14:14:54,037:INFO: - Train metrics: dsc: 0.888 ; iou: 0.827 ; accuracy: 0.999 ; precision: 0.907 ; recall: 0.907 ; loss: 0.089
2019-01-11 14:14:55,116:INFO: - Eval metrics : dsc: 0.874 ; iou: 0.816 ; accuracy: 0.999 ; precision: 0.926 ; recall: 0.876 ; loss: 0.087
2019-01-11 14:14:55,137:INFO: Epoch 21/45
2019-01-11 14:15:05,997:INFO: - Train metrics: dsc: 0.867 ; iou: 0.803 ; accuracy: 0.999 ; precision: 0.906 ; recall: 0.885 ; loss: 0.111
2019-01-11 14:15:07,065:INFO: - Eval metrics : dsc: 0.883 ; iou: 0.825 ; accuracy: 0.999 ; precision: 0.920 ; recall: 0.895 ; loss: 0.069
2019-01-11 14:15:07,087:INFO: Epoch 22/45
2019-01-11 14:15:17,950:INFO: - Train metrics: dsc: 0.876 ; iou: 0.810 ; accuracy: 0.999 ; precision: 0.885 ; recall: 0.910 ; loss: 0.109
2019-01-11 14:15:19,097:INFO: - Eval metrics : dsc: 0.880 ; iou: 0.822 ; accuracy: 0.999 ; precision: 0.909 ; recall: 0.894 ; loss: 0.081
2019-01-11 14:15:19,119:INFO: Epoch 23/45
2019-01-11 14:15:29,958:INFO: - Train metrics: dsc: 0.889 ; iou: 0.826 ; accuracy: 0.999 ; precision: 0.900 ; recall: 0.916 ; loss: 0.092
2019-01-11 14:15:31,038:INFO: - Eval metrics : dsc: 0.889 ; iou: 0.831 ; accuracy: 0.999 ; precision: 0.921 ; recall: 0.895 ; loss: 0.067
2019-01-11 14:15:31,067:INFO: Epoch 24/45
2019-01-11 14:15:41,948:INFO: - Train metrics: dsc: 0.893 ; iou: 0.835 ; accuracy: 0.999 ; precision: 0.906 ; recall: 0.919 ; loss: 0.089
2019-01-11 14:15:43,076:INFO: - Eval metrics : dsc: 0.888 ; iou: 0.832 ; accuracy: 0.999 ; precision: 0.926 ; recall: 0.895 ; loss: 0.064
2019-01-11 14:15:43,101:INFO: Epoch 25/45
2019-01-11 14:15:54,038:INFO: - Train metrics: dsc: 0.896 ; iou: 0.836 ; accuracy: 0.999 ; precision: 0.904 ; recall: 0.921 ; loss: 0.085
2019-01-11 14:15:55,126:INFO: - Eval metrics : dsc: 0.889 ; iou: 0.834 ; accuracy: 0.999 ; precision: 0.928 ; recall: 0.897 ; loss: 0.063
2019-01-11 14:15:55,153:INFO: Epoch 26/45
2019-01-11 14:16:06,126:INFO: - Train metrics: dsc: 0.900 ; iou: 0.842 ; accuracy: 0.999 ; precision: 0.905 ; recall: 0.929 ; loss: 0.082
2019-01-11 14:16:07,203:INFO: - Eval metrics : dsc: 0.885 ; iou: 0.822 ; accuracy: 0.999 ; precision: 0.921 ; recall: 0.889 ; loss: 0.084
2019-01-11 14:16:07,224:INFO: Epoch 27/45
2019-01-11 14:16:18,129:INFO: - Train metrics: dsc: 0.900 ; iou: 0.842 ; accuracy: 0.999 ; precision: 0.907 ; recall: 0.926 ; loss: 0.082
2019-01-11 14:16:19,234:INFO: - Eval metrics : dsc: 0.885 ; iou: 0.828 ; accuracy: 0.999 ; precision: 0.911 ; recall: 0.905 ; loss: 0.074
2019-01-11 14:16:19,265:INFO: Epoch 28/45
2019-01-11 14:16:30,177:INFO: - Train metrics: dsc: 0.872 ; iou: 0.807 ; accuracy: 0.999 ; precision: 0.900 ; recall: 0.891 ; loss: 0.109
2019-01-11 14:16:31,303:INFO: - Eval metrics : dsc: 0.870 ; iou: 0.809 ; accuracy: 0.999 ; precision: 0.946 ; recall: 0.847 ; loss: 0.082
2019-01-11 14:16:31,332:INFO: Epoch 29/45
2019-01-11 14:16:42,156:INFO: - Train metrics: dsc: 0.894 ; iou: 0.834 ; accuracy: 0.999 ; precision: 0.908 ; recall: 0.916 ; loss: 0.084
2019-01-11 14:16:43,260:INFO: - Eval metrics : dsc: 0.891 ; iou: 0.835 ; accuracy: 0.999 ; precision: 0.901 ; recall: 0.922 ; loss: 0.078
2019-01-11 14:16:43,279:INFO: Epoch 30/45
2019-01-11 14:16:54,138:INFO: - Train metrics: dsc: 0.868 ; iou: 0.810 ; accuracy: 0.999 ; precision: 0.912 ; recall: 0.886 ; loss: 0.108
2019-01-11 14:16:55,221:INFO: - Eval metrics : dsc: 0.841 ; iou: 0.783 ; accuracy: 0.999 ; precision: 0.926 ; recall: 0.845 ; loss: 0.111
2019-01-11 14:16:55,251:INFO: Epoch 31/45
2019-01-11 14:17:06,126:INFO: - Train metrics: dsc: 0.881 ; iou: 0.820 ; accuracy: 0.999 ; precision: 0.900 ; recall: 0.908 ; loss: 0.098
2019-01-11 14:17:07,194:INFO: - Eval metrics : dsc: 0.884 ; iou: 0.825 ; accuracy: 0.999 ; precision: 0.916 ; recall: 0.894 ; loss: 0.074
2019-01-11 14:17:07,216:INFO: Epoch 32/45
2019-01-11 14:17:18,122:INFO: - Train metrics: dsc: 0.904 ; iou: 0.845 ; accuracy: 0.999 ; precision: 0.912 ; recall: 0.925 ; loss: 0.074
2019-01-11 14:17:19,255:INFO: - Eval metrics : dsc: 0.885 ; iou: 0.829 ; accuracy: 0.999 ; precision: 0.925 ; recall: 0.890 ; loss: 0.073
2019-01-11 14:17:19,285:INFO: Epoch 33/45
2019-01-11 14:17:30,196:INFO: - Train metrics: dsc: 0.905 ; iou: 0.847 ; accuracy: 0.999 ; precision: 0.907 ; recall: 0.931 ; loss: 0.074
2019-01-11 14:17:31,318:INFO: - Eval metrics : dsc: 0.893 ; iou: 0.834 ; accuracy: 0.999 ; precision: 0.915 ; recall: 0.904 ; loss: 0.074
2019-01-11 14:17:31,346:INFO: Epoch 34/45
2019-01-11 14:17:42,273:INFO: - Train metrics: dsc: 0.901 ; iou: 0.843 ; accuracy: 0.999 ; precision: 0.905 ; recall: 0.927 ; loss: 0.080
2019-01-11 14:17:43,376:INFO: - Eval metrics : dsc: 0.894 ; iou: 0.838 ; accuracy: 0.999 ; precision: 0.920 ; recall: 0.904 ; loss: 0.061
2019-01-11 14:17:43,401:INFO: Epoch 35/45
2019-01-11 14:17:54,218:INFO: - Train metrics: dsc: 0.907 ; iou: 0.851 ; accuracy: 0.999 ; precision: 0.910 ; recall: 0.931 ; loss: 0.072
2019-01-11 14:17:55,323:INFO: - Eval metrics : dsc: 0.895 ; iou: 0.837 ; accuracy: 0.999 ; precision: 0.918 ; recall: 0.903 ; loss: 0.072
2019-01-11 14:17:55,351:INFO: Epoch 36/45
2019-01-11 14:18:06,237:INFO: - Train metrics: dsc: 0.911 ; iou: 0.855 ; accuracy: 0.999 ; precision: 0.913 ; recall: 0.933 ; loss: 0.067
2019-01-11 14:18:07,278:INFO: - Eval metrics : dsc: 0.899 ; iou: 0.844 ; accuracy: 0.999 ; precision: 0.916 ; recall: 0.918 ; loss: 0.064
2019-01-11 14:18:07,300:INFO: Epoch 37/45
2019-01-11 14:18:18,158:INFO: - Train metrics: dsc: 0.908 ; iou: 0.853 ; accuracy: 0.999 ; precision: 0.912 ; recall: 0.931 ; loss: 0.071
2019-01-11 14:18:19,245:INFO: - Eval metrics : dsc: 0.794 ; iou: 0.723 ; accuracy: 0.997 ; precision: 0.837 ; recall: 0.856 ; loss: 0.314
2019-01-11 14:18:19,279:INFO: Epoch 38/45
2019-01-11 14:18:30,105:INFO: - Train metrics: dsc: 0.888 ; iou: 0.828 ; accuracy: 0.999 ; precision: 0.916 ; recall: 0.900 ; loss: 0.087
2019-01-11 14:18:31,207:INFO: - Eval metrics : dsc: 0.889 ; iou: 0.832 ; accuracy: 0.999 ; precision: 0.936 ; recall: 0.882 ; loss: 0.063
2019-01-11 14:18:31,229:INFO: Epoch 39/45
2019-01-11 14:18:42,073:INFO: - Train metrics: dsc: 0.880 ; iou: 0.819 ; accuracy: 0.999 ; precision: 0.899 ; recall: 0.908 ; loss: 0.104
2019-01-11 14:18:43,176:INFO: - Eval metrics : dsc: 0.873 ; iou: 0.819 ; accuracy: 0.999 ; precision: 0.928 ; recall: 0.883 ; loss: 0.078
2019-01-11 14:18:43,204:INFO: Epoch 40/45
2019-01-11 14:18:54,029:INFO: - Train metrics: dsc: 0.849 ; iou: 0.780 ; accuracy: 0.998 ; precision: 0.895 ; recall: 0.867 ; loss: 0.130
2019-01-11 14:18:55,109:INFO: - Eval metrics : dsc: 0.892 ; iou: 0.832 ; accuracy: 0.999 ; precision: 0.893 ; recall: 0.926 ; loss: 0.071
2019-01-11 14:18:55,130:INFO: Epoch 41/45
2019-01-11 14:19:05,998:INFO: - Train metrics: dsc: 0.896 ; iou: 0.836 ; accuracy: 0.999 ; precision: 0.899 ; recall: 0.925 ; loss: 0.085
2019-01-11 14:19:07,065:INFO: - Eval metrics : dsc: 0.903 ; iou: 0.845 ; accuracy: 0.999 ; precision: 0.904 ; recall: 0.926 ; loss: 0.063
2019-01-11 14:19:07,092:INFO: - Found new best DSC
2019-01-11 14:19:07,092:INFO: Epoch 42/45
2019-01-11 14:19:17,923:INFO: - Train metrics: dsc: 0.900 ; iou: 0.842 ; accuracy: 0.999 ; precision: 0.900 ; recall: 0.930 ; loss: 0.081
2019-01-11 14:19:18,991:INFO: - Eval metrics : dsc: 0.893 ; iou: 0.836 ; accuracy: 0.999 ; precision: 0.905 ; recall: 0.920 ; loss: 0.082
2019-01-11 14:19:19,011:INFO: Epoch 43/45
2019-01-11 14:19:30,010:INFO: - Train metrics: dsc: 0.904 ; iou: 0.846 ; accuracy: 0.999 ; precision: 0.907 ; recall: 0.928 ; loss: 0.078
2019-01-11 14:19:31,116:INFO: - Eval metrics : dsc: 0.891 ; iou: 0.831 ; accuracy: 0.999 ; precision: 0.936 ; recall: 0.885 ; loss: 0.077
2019-01-11 14:19:31,137:INFO: Epoch 44/45
2019-01-11 14:19:41,963:INFO: - Train metrics: dsc: 0.909 ; iou: 0.853 ; accuracy: 0.999 ; precision: 0.913 ; recall: 0.932 ; loss: 0.068
2019-01-11 14:19:43,062:INFO: - Eval metrics : dsc: 0.892 ; iou: 0.836 ; accuracy: 0.999 ; precision: 0.915 ; recall: 0.912 ; loss: 0.075
2019-01-11 14:19:43,089:INFO: Epoch 45/45
2019-01-11 14:19:54,005:INFO: - Train metrics: dsc: 0.910 ; iou: 0.855 ; accuracy: 0.999 ; precision: 0.912 ; recall: 0.934 ; loss: 0.068
2019-01-11 14:19:55,126:INFO: - Eval metrics : dsc: 0.893 ; iou: 0.838 ; accuracy: 0.999 ; precision: 0.909 ; recall: 0.919 ; loss: 0.077
2019-01-11 14:19:55,229:INFO: Loading the datasets...
2019-01-11 14:20:00,760:INFO: - done.
2019-01-11 14:20:00,760:INFO: For k-fold 3/5:
2019-01-11 14:20:00,760:INFO: Starting training for 45 epoch(s)
2019-01-11 14:20:00,760:INFO: Epoch 1/45
2019-01-11 14:20:11,567:INFO: - Train metrics: dsc: 0.472 ; iou: 0.357 ; accuracy: 0.967 ; precision: 0.360 ; recall: 0.935 ; loss: 0.924
2019-01-11 14:20:12,687:INFO: - Eval metrics : dsc: 0.541 ; iou: 0.403 ; accuracy: 0.988 ; precision: 0.419 ; recall: 0.936 ; loss: 0.832
2019-01-11 14:20:12,719:INFO: - Found new best DSC
2019-01-11 14:20:12,720:INFO: Epoch 2/45
2019-01-11 14:20:23,591:INFO: - Train metrics: dsc: 0.784 ; iou: 0.695 ; accuracy: 0.997 ; precision: 0.754 ; recall: 0.915 ; loss: 0.533
2019-01-11 14:20:24,695:INFO: - Eval metrics : dsc: 0.856 ; iou: 0.781 ; accuracy: 0.998 ; precision: 0.906 ; recall: 0.855 ; loss: 0.242
2019-01-11 14:20:24,719:INFO: - Found new best DSC
2019-01-11 14:20:24,719:INFO: Epoch 3/45
2019-01-11 14:20:35,562:INFO: - Train metrics: dsc: 0.853 ; iou: 0.784 ; accuracy: 0.999 ; precision: 0.861 ; recall: 0.904 ; loss: 0.218
2019-01-11 14:20:36,635:INFO: - Eval metrics : dsc: 0.861 ; iou: 0.788 ; accuracy: 0.998 ; precision: 0.956 ; recall: 0.821 ; loss: 0.184
2019-01-11 14:20:36,665:INFO: - Found new best DSC
2019-01-11 14:20:36,665:INFO: Epoch 4/45
2019-01-11 14:20:47,450:INFO: - Train metrics: dsc: 0.853 ; iou: 0.783 ; accuracy: 0.999 ; precision: 0.871 ; recall: 0.893 ; loss: 0.177
2019-01-11 14:20:48,515:INFO: - Eval metrics : dsc: 0.880 ; iou: 0.816 ; accuracy: 0.999 ; precision: 0.880 ; recall: 0.913 ; loss: 0.143
2019-01-11 14:20:48,546:INFO: - Found new best DSC
2019-01-11 14:20:48,546:INFO: Epoch 5/45
2019-01-11 14:20:59,411:INFO: - Train metrics: dsc: 0.872 ; iou: 0.807 ; accuracy: 0.999 ; precision: 0.885 ; recall: 0.908 ; loss: 0.146
2019-01-11 14:21:00,482:INFO: - Eval metrics : dsc: 0.891 ; iou: 0.829 ; accuracy: 0.999 ; precision: 0.918 ; recall: 0.894 ; loss: 0.128
2019-01-11 14:21:00,505:INFO: - Found new best DSC
2019-01-11 14:21:00,505:INFO: Epoch 6/45
2019-01-11 14:21:11,362:INFO: - Train metrics: dsc: 0.871 ; iou: 0.805 ; accuracy: 0.999 ; precision: 0.886 ; recall: 0.907 ; loss: 0.140
2019-01-11 14:21:12,437:INFO: - Eval metrics : dsc: 0.871 ; iou: 0.804 ; accuracy: 0.998 ; precision: 0.837 ; recall: 0.938 ; loss: 0.135
2019-01-11 14:21:12,458:INFO: Epoch 7/45
2019-01-11 14:21:23,379:INFO: - Train metrics: dsc: 0.864 ; iou: 0.799 ; accuracy: 0.999 ; precision: 0.882 ; recall: 0.899 ; loss: 0.142
2019-01-11 14:21:24,458:INFO: - Eval metrics : dsc: 0.879 ; iou: 0.814 ; accuracy: 0.999 ; precision: 0.912 ; recall: 0.883 ; loss: 0.128
2019-01-11 14:21:24,480:INFO: Epoch 8/45
2019-01-11 14:21:35,309:INFO: - Train metrics: dsc: 0.865 ; iou: 0.796 ; accuracy: 0.999 ; precision: 0.888 ; recall: 0.893 ; loss: 0.138
2019-01-11 14:21:36,387:INFO: - Eval metrics : dsc: 0.877 ; iou: 0.808 ; accuracy: 0.999 ; precision: 0.908 ; recall: 0.886 ; loss: 0.122
2019-01-11 14:21:36,421:INFO: Epoch 9/45
2019-01-11 14:21:47,259:INFO: - Train metrics: dsc: 0.859 ; iou: 0.795 ; accuracy: 0.999 ; precision: 0.897 ; recall: 0.882 ; loss: 0.133
2019-01-11 14:21:48,346:INFO: - Eval metrics : dsc: 0.829 ; iou: 0.750 ; accuracy: 0.998 ; precision: 0.841 ; recall: 0.871 ; loss: 0.169
2019-01-11 14:21:48,370:INFO: Epoch 10/45
2019-01-11 14:21:59,239:INFO: - Train metrics: dsc: 0.822 ; iou: 0.746 ; accuracy: 0.998 ; precision: 0.879 ; recall: 0.845 ; loss: 0.168
2019-01-11 14:22:00,310:INFO: - Eval metrics : dsc: 0.852 ; iou: 0.777 ; accuracy: 0.998 ; precision: 0.898 ; recall: 0.852 ; loss: 0.138
2019-01-11 14:22:00,340:INFO: Epoch 11/45
2019-01-11 14:22:11,147:INFO: - Train metrics: dsc: 0.860 ; iou: 0.791 ; accuracy: 0.999 ; precision: 0.883 ; recall: 0.891 ; loss: 0.125
2019-01-11 14:22:12,241:INFO: - Eval metrics : dsc: 0.885 ; iou: 0.822 ; accuracy: 0.999 ; precision: 0.914 ; recall: 0.893 ; loss: 0.096
2019-01-11 14:22:12,262:INFO: Epoch 12/45
2019-01-11 14:22:23,142:INFO: - Train metrics: dsc: 0.873 ; iou: 0.807 ; accuracy: 0.999 ; precision: 0.892 ; recall: 0.904 ; loss: 0.109
2019-01-11 14:22:24,257:INFO: - Eval metrics : dsc: 0.870 ; iou: 0.798 ; accuracy: 0.999 ; precision: 0.900 ; recall: 0.878 ; loss: 0.117
2019-01-11 14:22:24,282:INFO: Epoch 13/45
2019-01-11 14:22:35,167:INFO: - Train metrics: dsc: 0.883 ; iou: 0.821 ; accuracy: 0.999 ; precision: 0.906 ; recall: 0.904 ; loss: 0.093
2019-01-11 14:22:36,280:INFO: - Eval metrics : dsc: 0.884 ; iou: 0.822 ; accuracy: 0.999 ; precision: 0.937 ; recall: 0.874 ; loss: 0.094
2019-01-11 14:22:36,309:INFO: Epoch 14/45
2019-01-11 14:22:47,176:INFO: - Train metrics: dsc: 0.841 ; iou: 0.770 ; accuracy: 0.998 ; precision: 0.876 ; recall: 0.874 ; loss: 0.137
2019-01-11 14:22:48,255:INFO: - Eval metrics : dsc: 0.857 ; iou: 0.786 ; accuracy: 0.998 ; precision: 0.892 ; recall: 0.870 ; loss: 0.123
2019-01-11 14:22:48,273:INFO: Epoch 15/45
2019-01-11 14:22:59,128:INFO: - Train metrics: dsc: 0.858 ; iou: 0.788 ; accuracy: 0.999 ; precision: 0.895 ; recall: 0.878 ; loss: 0.120
2019-01-11 14:23:00,211:INFO: - Eval metrics : dsc: 0.887 ; iou: 0.821 ; accuracy: 0.999 ; precision: 0.924 ; recall: 0.885 ; loss: 0.091
2019-01-11 14:23:00,232:INFO: Epoch 16/45
2019-01-11 14:23:11,114:INFO: - Train metrics: dsc: 0.880 ; iou: 0.814 ; accuracy: 0.999 ; precision: 0.899 ; recall: 0.902 ; loss: 0.097
2019-01-11 14:23:12,199:INFO: - Eval metrics : dsc: 0.852 ; iou: 0.778 ; accuracy: 0.999 ; precision: 0.952 ; recall: 0.812 ; loss: 0.125
2019-01-11 14:23:12,229:INFO: Epoch 17/45
2019-01-11 14:23:23,044:INFO: - Train metrics: dsc: 0.876 ; iou: 0.811 ; accuracy: 0.999 ; precision: 0.904 ; recall: 0.894 ; loss: 0.098
2019-01-11 14:23:24,124:INFO: - Eval metrics : dsc: 0.881 ; iou: 0.815 ; accuracy: 0.999 ; precision: 0.936 ; recall: 0.868 ; loss: 0.097
2019-01-11 14:23:24,145:INFO: Epoch 18/45
2019-01-11 14:23:34,981:INFO: - Train metrics: dsc: 0.884 ; iou: 0.820 ; accuracy: 0.999 ; precision: 0.900 ; recall: 0.908 ; loss: 0.092
2019-01-11 14:23:36,043:INFO: - Eval metrics : dsc: 0.813 ; iou: 0.730 ; accuracy: 0.998 ; precision: 0.942 ; recall: 0.774 ; loss: 0.168
2019-01-11 14:23:36,071:INFO: Epoch 19/45
2019-01-11 14:23:46,893:INFO: - Train metrics: dsc: 0.881 ; iou: 0.817 ; accuracy: 0.999 ; precision: 0.904 ; recall: 0.902 ; loss: 0.094
2019-01-11 14:23:48,000:INFO: - Eval metrics : dsc: 0.889 ; iou: 0.827 ; accuracy: 0.999 ; precision: 0.910 ; recall: 0.907 ; loss: 0.092
2019-01-11 14:23:48,024:INFO: Epoch 20/45
2019-01-11 14:23:58,882:INFO: - Train metrics: dsc: 0.877 ; iou: 0.813 ; accuracy: 0.999 ; precision: 0.905 ; recall: 0.893 ; loss: 0.099
2019-01-11 14:23:59,974:INFO: - Eval metrics : dsc: 0.801 ; iou: 0.716 ; accuracy: 0.998 ; precision: 0.946 ; recall: 0.754 ; loss: 0.175
2019-01-11 14:24:00,002:INFO: Epoch 21/45
2019-01-11 14:24:10,793:INFO: - Train metrics: dsc: 0.879 ; iou: 0.815 ; accuracy: 0.999 ; precision: 0.904 ; recall: 0.900 ; loss: 0.095
2019-01-11 14:24:11,880:INFO: - Eval metrics : dsc: 0.878 ; iou: 0.813 ; accuracy: 0.999 ; precision: 0.903 ; recall: 0.886 ; loss: 0.104
2019-01-11 14:24:11,906:INFO: Epoch 22/45
2019-01-11 14:24:22,811:INFO: - Train metrics: dsc: 0.887 ; iou: 0.826 ; accuracy: 0.999 ; precision: 0.902 ; recall: 0.912 ; loss: 0.089
2019-01-11 14:24:23,912:INFO: - Eval metrics : dsc: 0.894 ; iou: 0.833 ; accuracy: 0.999 ; precision: 0.909 ; recall: 0.905 ; loss: 0.083
2019-01-11 14:24:23,942:INFO: - Found new best DSC
2019-01-11 14:24:23,943:INFO: Epoch 23/45
2019-01-11 14:24:34,746:INFO: - Train metrics: dsc: 0.875 ; iou: 0.810 ; accuracy: 0.999 ; precision: 0.897 ; recall: 0.903 ; loss: 0.105
2019-01-11 14:24:35,826:INFO: - Eval metrics : dsc: 0.897 ; iou: 0.837 ; accuracy: 0.999 ; precision: 0.938 ; recall: 0.890 ; loss: 0.079
2019-01-11 14:24:35,850:INFO: - Found new best DSC
2019-01-11 14:24:35,850:INFO: Epoch 24/45
2019-01-11 14:24:46,715:INFO: - Train metrics: dsc: 0.880 ; iou: 0.815 ; accuracy: 0.999 ; precision: 0.905 ; recall: 0.896 ; loss: 0.092
2019-01-11 14:24:47,792:INFO: - Eval metrics : dsc: 0.891 ; iou: 0.829 ; accuracy: 0.999 ; precision: 0.938 ; recall: 0.880 ; loss: 0.085
2019-01-11 14:24:47,811:INFO: Epoch 25/45
2019-01-11 14:24:58,714:INFO: - Train metrics: dsc: 0.894 ; iou: 0.834 ; accuracy: 0.999 ; precision: 0.906 ; recall: 0.919 ; loss: 0.079
2019-01-11 14:24:59,791:INFO: - Eval metrics : dsc: 0.896 ; iou: 0.838 ; accuracy: 0.999 ; precision: 0.906 ; recall: 0.916 ; loss: 0.085
2019-01-11 14:24:59,839:INFO: Epoch 26/45
2019-01-11 14:25:10,702:INFO: - Train metrics: dsc: 0.898 ; iou: 0.840 ; accuracy: 0.999 ; precision: 0.911 ; recall: 0.920 ; loss: 0.075
2019-01-11 14:25:11,781:INFO: - Eval metrics : dsc: 0.899 ; iou: 0.841 ; accuracy: 0.999 ; precision: 0.931 ; recall: 0.897 ; loss: 0.077
2019-01-11 14:25:11,805:INFO: - Found new best DSC
2019-01-11 14:25:11,805:INFO: Epoch 27/45
2019-01-11 14:25:22,689:INFO: - Train metrics: dsc: 0.862 ; iou: 0.798 ; accuracy: 0.999 ; precision: 0.894 ; recall: 0.885 ; loss: 0.109
2019-01-11 14:25:23,766:INFO: - Eval metrics : dsc: 0.872 ; iou: 0.803 ; accuracy: 0.999 ; precision: 0.902 ; recall: 0.886 ; loss: 0.105
2019-01-11 14:25:23,794:INFO: Epoch 28/45
2019-01-11 14:25:34,618:INFO: - Train metrics: dsc: 0.867 ; iou: 0.802 ; accuracy: 0.999 ; precision: 0.909 ; recall: 0.878 ; loss: 0.105
2019-01-11 14:25:35,697:INFO: - Eval metrics : dsc: 0.853 ; iou: 0.791 ; accuracy: 0.999 ; precision: 0.925 ; recall: 0.851 ; loss: 0.128
2019-01-11 14:25:35,725:INFO: Epoch 29/45
2019-01-11 14:25:46,542:INFO: - Train metrics: dsc: 0.889 ; iou: 0.828 ; accuracy: 0.999 ; precision: 0.914 ; recall: 0.904 ; loss: 0.080
2019-01-11 14:25:47,619:INFO: - Eval metrics : dsc: 0.887 ; iou: 0.824 ; accuracy: 0.999 ; precision: 0.937 ; recall: 0.876 ; loss: 0.089
2019-01-11 14:25:47,640:INFO: Epoch 30/45
2019-01-11 14:25:58,492:INFO: - Train metrics: dsc: 0.840 ; iou: 0.777 ; accuracy: 0.999 ; precision: 0.911 ; recall: 0.851 ; loss: 0.130
2019-01-11 14:25:59,566:INFO: - Eval metrics : dsc: 0.856 ; iou: 0.794 ; accuracy: 0.999 ; precision: 0.918 ; recall: 0.857 ; loss: 0.121
2019-01-11 14:25:59,587:INFO: Epoch 31/45
2019-01-11 14:26:10,441:INFO: - Train metrics: dsc: 0.873 ; iou: 0.814 ; accuracy: 0.999 ; precision: 0.915 ; recall: 0.888 ; loss: 0.095
2019-01-11 14:26:11,532:INFO: - Eval metrics : dsc: 0.880 ; iou: 0.818 ; accuracy: 0.999 ; precision: 0.937 ; recall: 0.872 ; loss: 0.096
2019-01-11 14:26:11,553:INFO: Epoch 32/45
2019-01-11 14:26:22,459:INFO: - Train metrics: dsc: 0.878 ; iou: 0.817 ; accuracy: 0.999 ; precision: 0.913 ; recall: 0.893 ; loss: 0.091
2019-01-11 14:26:23,585:INFO: - Eval metrics : dsc: 0.889 ; iou: 0.827 ; accuracy: 0.999 ; precision: 0.921 ; recall: 0.894 ; loss: 0.087
2019-01-11 14:26:23,613:INFO: Epoch 33/45
2019-01-11 14:26:34,412:INFO: - Train metrics: dsc: 0.881 ; iou: 0.822 ; accuracy: 0.999 ; precision: 0.916 ; recall: 0.896 ; loss: 0.088
2019-01-11 14:26:35,497:INFO: - Eval metrics : dsc: 0.871 ; iou: 0.807 ; accuracy: 0.999 ; precision: 0.949 ; recall: 0.848 ; loss: 0.105
2019-01-11 14:26:35,519:INFO: Epoch 34/45
2019-01-11 14:26:46,400:INFO: - Train metrics: dsc: 0.883 ; iou: 0.826 ; accuracy: 0.999 ; precision: 0.916 ; recall: 0.901 ; loss: 0.087
2019-01-11 14:26:47,515:INFO: - Eval metrics : dsc: 0.891 ; iou: 0.832 ; accuracy: 0.999 ; precision: 0.901 ; recall: 0.912 ; loss: 0.091
2019-01-11 14:26:47,544:INFO: Epoch 35/45
2019-01-11 14:26:58,462:INFO: - Train metrics: dsc: 0.883 ; iou: 0.825 ; accuracy: 0.999 ; precision: 0.913 ; recall: 0.902 ; loss: 0.089
2019-01-11 14:26:59,539:INFO: - Eval metrics : dsc: 0.878 ; iou: 0.820 ; accuracy: 0.999 ; precision: 0.931 ; recall: 0.878 ; loss: 0.098
2019-01-11 14:26:59,560:INFO: Epoch 36/45
2019-01-11 14:27:10,423:INFO: - Train metrics: dsc: 0.888 ; iou: 0.830 ; accuracy: 0.999 ; precision: 0.911 ; recall: 0.910 ; loss: 0.086
2019-01-11 14:27:11,549:INFO: - Eval metrics : dsc: 0.895 ; iou: 0.837 ; accuracy: 0.999 ; precision: 0.897 ; recall: 0.925 ; loss: 0.086
2019-01-11 14:27:11,568:INFO: Epoch 37/45
2019-01-11 14:27:22,505:INFO: - Train metrics: dsc: 0.899 ; iou: 0.843 ; accuracy: 0.999 ; precision: 0.912 ; recall: 0.922 ; loss: 0.073
2019-01-11 14:27:23,578:INFO: - Eval metrics : dsc: 0.896 ; iou: 0.837 ; accuracy: 0.999 ; precision: 0.935 ; recall: 0.891 ; loss: 0.080
2019-01-11 14:27:23,601:INFO: Epoch 38/45
2019-01-11 14:27:34,629:INFO: - Train metrics: dsc: 0.901 ; iou: 0.846 ; accuracy: 0.999 ; precision: 0.915 ; recall: 0.922 ; loss: 0.070
2019-01-11 14:27:35,694:INFO: - Eval metrics : dsc: 0.900 ; iou: 0.844 ; accuracy: 0.999 ; precision: 0.927 ; recall: 0.908 ; loss: 0.076
2019-01-11 14:27:35,727:INFO: - Found new best DSC
2019-01-11 14:27:35,727:INFO: Epoch 39/45
2019-01-11 14:27:46,591:INFO: - Train metrics: dsc: 0.845 ; iou: 0.772 ; accuracy: 0.998 ; precision: 0.886 ; recall: 0.869 ; loss: 0.136
2019-01-11 14:27:47,669:INFO: - Eval metrics : dsc: 0.861 ; iou: 0.794 ; accuracy: 0.998 ; precision: 0.914 ; recall: 0.865 ; loss: 0.116
2019-01-11 14:27:47,695:INFO: Epoch 40/45
2019-01-11 14:27:58,602:INFO: - Train metrics: dsc: 0.826 ; iou: 0.759 ; accuracy: 0.998 ; precision: 0.902 ; recall: 0.836 ; loss: 0.143
2019-01-11 14:27:59,694:INFO: - Eval metrics : dsc: 0.834 ; iou: 0.770 ; accuracy: 0.998 ; precision: 0.928 ; recall: 0.825 ; loss: 0.137
2019-01-11 14:27:59,712:INFO: Epoch 41/45
2019-01-11 14:28:10,651:INFO: - Train metrics: dsc: 0.856 ; iou: 0.790 ; accuracy: 0.999 ; precision: 0.885 ; recall: 0.886 ; loss: 0.121
2019-01-11 14:28:11,730:INFO: - Eval metrics : dsc: 0.866 ; iou: 0.796 ; accuracy: 0.999 ; precision: 0.935 ; recall: 0.846 ; loss: 0.106
2019-01-11 14:28:11,751:INFO: Epoch 42/45
2019-01-11 14:28:22,684:INFO: - Train metrics: dsc: 0.856 ; iou: 0.791 ; accuracy: 0.999 ; precision: 0.899 ; recall: 0.875 ; loss: 0.120
2019-01-11 14:28:23,782:INFO: - Eval metrics : dsc: 0.884 ; iou: 0.820 ; accuracy: 0.999 ; precision: 0.920 ; recall: 0.882 ; loss: 0.092
2019-01-11 14:28:23,814:INFO: Epoch 43/45
2019-01-11 14:28:34,729:INFO: - Train metrics: dsc: 0.889 ; iou: 0.830 ; accuracy: 0.999 ; precision: 0.908 ; recall: 0.911 ; loss: 0.081
2019-01-11 14:28:35,847:INFO: - Eval metrics : dsc: 0.900 ; iou: 0.841 ; accuracy: 0.999 ; precision: 0.925 ; recall: 0.905 ; loss: 0.077
2019-01-11 14:28:35,893:INFO: Epoch 44/45
2019-01-11 14:28:46,749:INFO: - Train metrics: dsc: 0.891 ; iou: 0.832 ; accuracy: 0.999 ; precision: 0.909 ; recall: 0.913 ; loss: 0.080
2019-01-11 14:28:47,868:INFO: - Eval metrics : dsc: 0.889 ; iou: 0.829 ; accuracy: 0.999 ; precision: 0.933 ; recall: 0.887 ; loss: 0.087
2019-01-11 14:28:47,886:INFO: Epoch 45/45
2019-01-11 14:28:58,782:INFO: - Train metrics: dsc: 0.891 ; iou: 0.833 ; accuracy: 0.999 ; precision: 0.914 ; recall: 0.909 ; loss: 0.081
2019-01-11 14:28:59,857:INFO: - Eval metrics : dsc: 0.854 ; iou: 0.790 ; accuracy: 0.999 ; precision: 0.906 ; recall: 0.868 ; loss: 0.122
2019-01-11 14:28:59,963:INFO: Loading the datasets...
2019-01-11 14:29:04,373:INFO: - done.
2019-01-11 14:29:04,373:INFO: For k-fold 4/5:
2019-01-11 14:29:04,373:INFO: Starting training for 45 epoch(s)
2019-01-11 14:29:04,373:INFO: Epoch 1/45
2019-01-11 14:29:15,204:INFO: - Train metrics: dsc: 0.487 ; iou: 0.371 ; accuracy: 0.967 ; precision: 0.377 ; recall: 0.937 ; loss: 0.924
2019-01-11 14:29:16,328:INFO: - Eval metrics : dsc: 0.736 ; iou: 0.631 ; accuracy: 0.997 ; precision: 0.704 ; recall: 0.877 ; loss: 0.848
2019-01-11 14:29:16,353:INFO: - Found new best DSC
2019-01-11 14:29:16,353:INFO: Epoch 2/45
2019-01-11 14:29:27,187:INFO: - Train metrics: dsc: 0.784 ; iou: 0.691 ; accuracy: 0.997 ; precision: 0.743 ; recall: 0.914 ; loss: 0.551
2019-01-11 14:29:28,263:INFO: - Eval metrics : dsc: 0.841 ; iou: 0.765 ; accuracy: 0.998 ; precision: 0.891 ; recall: 0.865 ; loss: 0.275
2019-01-11 14:29:28,295:INFO: - Found new best DSC
2019-01-11 14:29:28,296:INFO: Epoch 3/45
2019-01-11 14:29:39,103:INFO: - Train metrics: dsc: 0.854 ; iou: 0.783 ; accuracy: 0.999 ; precision: 0.853 ; recall: 0.905 ; loss: 0.216
2019-01-11 14:29:40,190:INFO: - Eval metrics : dsc: 0.833 ; iou: 0.753 ; accuracy: 0.998 ; precision: 0.882 ; recall: 0.840 ; loss: 0.193
2019-01-11 14:29:40,218:INFO: Epoch 4/45
2019-01-11 14:29:51,123:INFO: - Train metrics: dsc: 0.857 ; iou: 0.787 ; accuracy: 0.999 ; precision: 0.867 ; recall: 0.902 ; loss: 0.172
2019-01-11 14:29:52,223:INFO: - Eval metrics : dsc: 0.848 ; iou: 0.778 ; accuracy: 0.998 ; precision: 0.875 ; recall: 0.872 ; loss: 0.177
2019-01-11 14:29:52,247:INFO: - Found new best DSC
2019-01-11 14:29:52,248:INFO: Epoch 5/45
2019-01-11 14:30:03,176:INFO: - Train metrics: dsc: 0.874 ; iou: 0.808 ; accuracy: 0.999 ; precision: 0.881 ; recall: 0.909 ; loss: 0.145
2019-01-11 14:30:04,265:INFO: - Eval metrics : dsc: 0.878 ; iou: 0.817 ; accuracy: 0.999 ; precision: 0.884 ; recall: 0.915 ; loss: 0.135
2019-01-11 14:30:04,289:INFO: - Found new best DSC
2019-01-11 14:30:04,289:INFO: Epoch 6/45
2019-01-11 14:30:15,206:INFO: - Train metrics: dsc: 0.879 ; iou: 0.817 ; accuracy: 0.999 ; precision: 0.893 ; recall: 0.913 ; loss: 0.134
2019-01-11 14:30:16,283:INFO: - Eval metrics : dsc: 0.892 ; iou: 0.832 ; accuracy: 0.999 ; precision: 0.921 ; recall: 0.903 ; loss: 0.116
2019-01-11 14:30:16,311:INFO: - Found new best DSC
2019-01-11 14:30:16,311:INFO: Epoch 7/45
2019-01-11 14:30:27,163:INFO: - Train metrics: dsc: 0.882 ; iou: 0.819 ; accuracy: 0.999 ; precision: 0.896 ; recall: 0.909 ; loss: 0.127
2019-01-11 14:30:28,278:INFO: - Eval metrics : dsc: 0.879 ; iou: 0.818 ; accuracy: 0.999 ; precision: 0.923 ; recall: 0.887 ; loss: 0.122
2019-01-11 14:30:28,308:INFO: Epoch 8/45
2019-01-11 14:30:39,181:INFO: - Train metrics: dsc: 0.858 ; iou: 0.789 ; accuracy: 0.998 ; precision: 0.884 ; recall: 0.887 ; loss: 0.144
2019-01-11 14:30:40,278:INFO: - Eval metrics : dsc: 0.870 ; iou: 0.806 ; accuracy: 0.999 ; precision: 0.917 ; recall: 0.878 ; loss: 0.125
2019-01-11 14:30:40,300:INFO: Epoch 9/45
2019-01-11 14:30:51,199:INFO: - Train metrics: dsc: 0.868 ; iou: 0.801 ; accuracy: 0.999 ; precision: 0.884 ; recall: 0.898 ; loss: 0.121
2019-01-11 14:30:52,305:INFO: - Eval metrics : dsc: 0.876 ; iou: 0.809 ; accuracy: 0.999 ; precision: 0.906 ; recall: 0.888 ; loss: 0.116
2019-01-11 14:30:52,338:INFO: Epoch 10/45
2019-01-11 14:31:03,213:INFO: - Train metrics: dsc: 0.856 ; iou: 0.789 ; accuracy: 0.999 ; precision: 0.896 ; recall: 0.877 ; loss: 0.126
2019-01-11 14:31:04,310:INFO: - Eval metrics : dsc: 0.845 ; iou: 0.772 ; accuracy: 0.999 ; precision: 0.919 ; recall: 0.838 ; loss: 0.146
2019-01-11 14:31:04,339:INFO: Epoch 11/45
2019-01-11 14:31:15,234:INFO: - Train metrics: dsc: 0.872 ; iou: 0.807 ; accuracy: 0.999 ; precision: 0.893 ; recall: 0.900 ; loss: 0.105
2019-01-11 14:31:16,398:INFO: - Eval metrics : dsc: 0.853 ; iou: 0.790 ; accuracy: 0.999 ; precision: 0.900 ; recall: 0.872 ; loss: 0.132
2019-01-11 14:31:16,424:INFO: Epoch 12/45
2019-01-11 14:31:27,327:INFO: - Train metrics: dsc: 0.842 ; iou: 0.776 ; accuracy: 0.999 ; precision: 0.899 ; recall: 0.858 ; loss: 0.135
2019-01-11 14:31:28,440:INFO: - Eval metrics : dsc: 0.822 ; iou: 0.762 ; accuracy: 0.999 ; precision: 0.943 ; recall: 0.809 ; loss: 0.165
2019-01-11 14:31:28,461:INFO: Epoch 13/45
2019-01-11 14:31:39,375:INFO: - Train metrics: dsc: 0.855 ; iou: 0.788 ; accuracy: 0.999 ; precision: 0.898 ; recall: 0.877 ; loss: 0.118
2019-01-11 14:31:40,497:INFO: - Eval metrics : dsc: 0.857 ; iou: 0.790 ; accuracy: 0.999 ; precision: 0.945 ; recall: 0.837 ; loss: 0.127
2019-01-11 14:31:40,526:INFO: Epoch 14/45
2019-01-11 14:31:51,338:INFO: - Train metrics: dsc: 0.884 ; iou: 0.823 ; accuracy: 0.999 ; precision: 0.911 ; recall: 0.902 ; loss: 0.086
2019-01-11 14:31:52,436:INFO: - Eval metrics : dsc: 0.871 ; iou: 0.810 ; accuracy: 0.999 ; precision: 0.932 ; recall: 0.867 ; loss: 0.113
2019-01-11 14:31:52,465:INFO: Epoch 15/45
2019-01-11 14:32:03,307:INFO: - Train metrics: dsc: 0.887 ; iou: 0.827 ; accuracy: 0.999 ; precision: 0.911 ; recall: 0.905 ; loss: 0.084
2019-01-11 14:32:04,442:INFO: - Eval metrics : dsc: 0.864 ; iou: 0.805 ; accuracy: 0.999 ; precision: 0.928 ; recall: 0.871 ; loss: 0.115
2019-01-11 14:32:04,473:INFO: Epoch 16/45
2019-01-11 14:32:15,365:INFO: - Train metrics: dsc: 0.839 ; iou: 0.775 ; accuracy: 0.999 ; precision: 0.888 ; recall: 0.863 ; loss: 0.138
2019-01-11 14:32:16,497:INFO: - Eval metrics : dsc: 0.861 ; iou: 0.797 ; accuracy: 0.999 ; precision: 0.901 ; recall: 0.868 ; loss: 0.125
2019-01-11 14:32:16,518:INFO: Epoch 17/45
2019-01-11 14:32:27,403:INFO: - Train metrics: dsc: 0.880 ; iou: 0.819 ; accuracy: 0.999 ; precision: 0.899 ; recall: 0.904 ; loss: 0.096
2019-01-11 14:32:28,491:INFO: - Eval metrics : dsc: 0.864 ; iou: 0.805 ; accuracy: 0.999 ; precision: 0.940 ; recall: 0.859 ; loss: 0.120
2019-01-11 14:32:28,513:INFO: Epoch 18/45
2019-01-11 14:32:39,357:INFO: - Train metrics: dsc: 0.806 ; iou: 0.732 ; accuracy: 0.998 ; precision: 0.883 ; recall: 0.814 ; loss: 0.167
2019-01-11 14:32:40,463:INFO: - Eval metrics : dsc: 0.807 ; iou: 0.745 ; accuracy: 0.998 ; precision: 0.934 ; recall: 0.795 ; loss: 0.172
2019-01-11 14:32:40,480:INFO: Epoch 19/45
2019-01-11 14:32:51,415:INFO: - Train metrics: dsc: 0.857 ; iou: 0.792 ; accuracy: 0.999 ; precision: 0.902 ; recall: 0.872 ; loss: 0.114
2019-01-11 14:32:52,508:INFO: - Eval metrics : dsc: 0.849 ; iou: 0.786 ; accuracy: 0.999 ; precision: 0.933 ; recall: 0.839 ; loss: 0.134
2019-01-11 14:32:52,537:INFO: Epoch 20/45
2019-01-11 14:33:03,531:INFO: - Train metrics: dsc: 0.872 ; iou: 0.809 ; accuracy: 0.999 ; precision: 0.894 ; recall: 0.896 ; loss: 0.103
2019-01-11 14:33:04,621:INFO: - Eval metrics : dsc: 0.839 ; iou: 0.767 ; accuracy: 0.998 ; precision: 0.948 ; recall: 0.810 ; loss: 0.145
2019-01-11 14:33:04,649:INFO: Epoch 21/45
2019-01-11 14:33:15,498:INFO: - Train metrics: dsc: 0.876 ; iou: 0.814 ; accuracy: 0.999 ; precision: 0.907 ; recall: 0.891 ; loss: 0.093
2019-01-11 14:33:16,637:INFO: - Eval metrics : dsc: 0.839 ; iou: 0.783 ; accuracy: 0.999 ; precision: 0.931 ; recall: 0.840 ; loss: 0.143
2019-01-11 14:33:16,666:INFO: Epoch 22/45
2019-01-11 14:33:27,523:INFO: - Train metrics: dsc: 0.881 ; iou: 0.824 ; accuracy: 0.999 ; precision: 0.913 ; recall: 0.898 ; loss: 0.087
2019-01-11 14:33:28,660:INFO: - Eval metrics : dsc: 0.856 ; iou: 0.799 ; accuracy: 0.999 ; precision: 0.927 ; recall: 0.859 ; loss: 0.127
2019-01-11 14:33:28,691:INFO: Epoch 23/45
2019-01-11 14:33:39,610:INFO: - Train metrics: dsc: 0.885 ; iou: 0.827 ; accuracy: 0.999 ; precision: 0.908 ; recall: 0.908 ; loss: 0.087
2019-01-11 14:33:40,696:INFO: - Eval metrics : dsc: 0.877 ; iou: 0.817 ; accuracy: 0.999 ; precision: 0.906 ; recall: 0.893 ; loss: 0.106
2019-01-11 14:33:40,724:INFO: Epoch 24/45
2019-01-11 14:33:51,562:INFO: - Train metrics: dsc: 0.892 ; iou: 0.832 ; accuracy: 0.999 ; precision: 0.905 ; recall: 0.915 ; loss: 0.080
2019-01-11 14:33:52,640:INFO: - Eval metrics : dsc: 0.885 ; iou: 0.823 ; accuracy: 0.999 ; precision: 0.900 ; recall: 0.909 ; loss: 0.103
2019-01-11 14:33:52,670:INFO: Epoch 25/45
2019-01-11 14:34:03,512:INFO: - Train metrics: dsc: 0.835 ; iou: 0.763 ; accuracy: 0.998 ; precision: 0.893 ; recall: 0.845 ; loss: 0.138
2019-01-11 14:34:04,584:INFO: - Eval metrics : dsc: 0.850 ; iou: 0.785 ; accuracy: 0.999 ; precision: 0.900 ; recall: 0.876 ; loss: 0.134
2019-01-11 14:34:04,605:INFO: Epoch 26/45
2019-01-11 14:34:15,609:INFO: - Train metrics: dsc: 0.881 ; iou: 0.818 ; accuracy: 0.999 ; precision: 0.905 ; recall: 0.899 ; loss: 0.090
2019-01-11 14:34:16,698:INFO: - Eval metrics : dsc: 0.871 ; iou: 0.811 ; accuracy: 0.999 ; precision: 0.922 ; recall: 0.882 ; loss: 0.112
2019-01-11 14:34:16,726:INFO: Epoch 27/45
2019-01-11 14:34:27,554:INFO: - Train metrics: dsc: 0.877 ; iou: 0.812 ; accuracy: 0.999 ; precision: 0.901 ; recall: 0.897 ; loss: 0.095
2019-01-11 14:34:28,668:INFO: - Eval metrics : dsc: 0.785 ; iou: 0.704 ; accuracy: 0.998 ; precision: 0.811 ; recall: 0.862 ; loss: 0.199
2019-01-11 14:34:28,697:INFO: Epoch 28/45
2019-01-11 14:34:39,631:INFO: - Train metrics: dsc: 0.869 ; iou: 0.802 ; accuracy: 0.999 ; precision: 0.903 ; recall: 0.884 ; loss: 0.099
2019-01-11 14:34:40,731:INFO: - Eval metrics : dsc: 0.856 ; iou: 0.789 ; accuracy: 0.999 ; precision: 0.931 ; recall: 0.848 ; loss: 0.128
2019-01-11 14:34:40,776:INFO: Epoch 29/45
2019-01-11 14:34:51,720:INFO: - Train metrics: dsc: 0.887 ; iou: 0.825 ; accuracy: 0.999 ; precision: 0.905 ; recall: 0.906 ; loss: 0.085
2019-01-11 14:34:52,814:INFO: - Eval metrics : dsc: 0.856 ; iou: 0.794 ; accuracy: 0.999 ; precision: 0.940 ; recall: 0.846 ; loss: 0.127
2019-01-11 14:34:52,841:INFO: Epoch 30/45
2019-01-11 14:35:03,751:INFO: - Train metrics: dsc: 0.852 ; iou: 0.786 ; accuracy: 0.999 ; precision: 0.899 ; recall: 0.868 ; loss: 0.117
2019-01-11 14:35:04,833:INFO: - Eval metrics : dsc: 0.842 ; iou: 0.780 ; accuracy: 0.999 ; precision: 0.916 ; recall: 0.853 ; loss: 0.141
2019-01-11 14:35:04,861:INFO: Epoch 31/45
2019-01-11 14:35:15,699:INFO: - Train metrics: dsc: 0.865 ; iou: 0.801 ; accuracy: 0.999 ; precision: 0.902 ; recall: 0.882 ; loss: 0.106
2019-01-11 14:35:16,768:INFO: - Eval metrics : dsc: 0.847 ; iou: 0.789 ; accuracy: 0.999 ; precision: 0.921 ; recall: 0.862 ; loss: 0.135
2019-01-11 14:35:16,791:INFO: Epoch 32/45
2019-01-11 14:35:27,719:INFO: - Train metrics: dsc: 0.888 ; iou: 0.830 ; accuracy: 0.999 ; precision: 0.915 ; recall: 0.904 ; loss: 0.079
2019-01-11 14:35:28,796:INFO: - Eval metrics : dsc: 0.875 ; iou: 0.817 ; accuracy: 0.999 ; precision: 0.923 ; recall: 0.882 ; loss: 0.108
2019-01-11 14:35:28,824:INFO: Epoch 33/45
2019-01-11 14:35:39,691:INFO: - Train metrics: dsc: 0.889 ; iou: 0.830 ; accuracy: 0.999 ; precision: 0.907 ; recall: 0.912 ; loss: 0.083
2019-01-11 14:35:40,816:INFO: - Eval metrics : dsc: 0.880 ; iou: 0.822 ; accuracy: 0.999 ; precision: 0.916 ; recall: 0.894 ; loss: 0.103
2019-01-11 14:35:40,838:INFO: Epoch 34/45
2019-01-11 14:35:51,754:INFO: - Train metrics: dsc: 0.892 ; iou: 0.834 ; accuracy: 0.999 ; precision: 0.907 ; recall: 0.915 ; loss: 0.079
2019-01-11 14:35:52,898:INFO: - Eval metrics : dsc: 0.880 ; iou: 0.822 ; accuracy: 0.999 ; precision: 0.921 ; recall: 0.889 ; loss: 0.103
2019-01-11 14:35:52,929:INFO: Epoch 35/45
2019-01-11 14:36:03,856:INFO: - Train metrics: dsc: 0.899 ; iou: 0.842 ; accuracy: 0.999 ; precision: 0.912 ; recall: 0.918 ; loss: 0.069
2019-01-11 14:36:04,945:INFO: - Eval metrics : dsc: 0.873 ; iou: 0.815 ; accuracy: 0.999 ; precision: 0.930 ; recall: 0.878 ; loss: 0.110
2019-01-11 14:36:04,973:INFO: Epoch 36/45
2019-01-11 14:36:15,836:INFO: - Train metrics: dsc: 0.892 ; iou: 0.834 ; accuracy: 0.999 ; precision: 0.905 ; recall: 0.917 ; loss: 0.081
2019-01-11 14:36:16,913:INFO: - Eval metrics : dsc: 0.887 ; iou: 0.826 ; accuracy: 0.999 ; precision: 0.897 ; recall: 0.917 ; loss: 0.100
2019-01-11 14:36:16,935:INFO: Epoch 37/45
2019-01-11 14:36:27,806:INFO: - Train metrics: dsc: 0.872 ; iou: 0.807 ; accuracy: 0.999 ; precision: 0.901 ; recall: 0.889 ; loss: 0.102
2019-01-11 14:36:28,890:INFO: - Eval metrics : dsc: 0.767 ; iou: 0.686 ; accuracy: 0.998 ; precision: 0.866 ; recall: 0.793 ; loss: 0.218
2019-01-11 14:36:28,911:INFO: Epoch 38/45
2019-01-11 14:36:39,781:INFO: - Train metrics: dsc: 0.868 ; iou: 0.802 ; accuracy: 0.999 ; precision: 0.895 ; recall: 0.890 ; loss: 0.103
2019-01-11 14:36:40,871:INFO: - Eval metrics : dsc: 0.847 ; iou: 0.775 ; accuracy: 0.999 ; precision: 0.919 ; recall: 0.838 ; loss: 0.136
2019-01-11 14:36:40,898:INFO: Epoch 39/45
2019-01-11 14:36:51,787:INFO: - Train metrics: dsc: 0.886 ; iou: 0.824 ; accuracy: 0.999 ; precision: 0.903 ; recall: 0.907 ; loss: 0.084
2019-01-11 14:36:52,905:INFO: - Eval metrics : dsc: 0.866 ; iou: 0.806 ; accuracy: 0.999 ; precision: 0.903 ; recall: 0.892 ; loss: 0.117
2019-01-11 14:36:52,926:INFO: Epoch 40/45
2019-01-11 14:37:03,806:INFO: - Train metrics: dsc: 0.894 ; iou: 0.835 ; accuracy: 0.999 ; precision: 0.909 ; recall: 0.917 ; loss: 0.078
2019-01-11 14:37:04,929:INFO: - Eval metrics : dsc: 0.868 ; iou: 0.810 ; accuracy: 0.999 ; precision: 0.916 ; recall: 0.880 ; loss: 0.115
2019-01-11 14:37:04,947:INFO: Epoch 41/45
2019-01-11 14:37:15,808:INFO: - Train metrics: dsc: 0.888 ; iou: 0.828 ; accuracy: 0.999 ; precision: 0.913 ; recall: 0.904 ; loss: 0.083
2019-01-11 14:37:16,908:INFO: - Eval metrics : dsc: 0.740 ; iou: 0.655 ; accuracy: 0.997 ; precision: 0.802 ; recall: 0.815 ; loss: 0.246
2019-01-11 14:37:16,937:INFO: Epoch 42/45
2019-01-11 14:37:27,730:INFO: - Train metrics: dsc: 0.863 ; iou: 0.801 ; accuracy: 0.999 ; precision: 0.903 ; recall: 0.881 ; loss: 0.106
2019-01-11 14:37:28,806:INFO: - Eval metrics : dsc: 0.851 ; iou: 0.793 ; accuracy: 0.999 ; precision: 0.918 ; recall: 0.861 ; loss: 0.128
2019-01-11 14:37:28,827:INFO: Epoch 43/45
2019-01-11 14:37:39,761:INFO: - Train metrics: dsc: 0.892 ; iou: 0.834 ; accuracy: 0.999 ; precision: 0.910 ; recall: 0.912 ; loss: 0.078
2019-01-11 14:37:40,857:INFO: - Eval metrics : dsc: 0.860 ; iou: 0.804 ; accuracy: 0.999 ; precision: 0.929 ; recall: 0.864 ; loss: 0.118
2019-01-11 14:37:40,886:INFO: Epoch 44/45
2019-01-11 14:37:51,708:INFO: - Train metrics: dsc: 0.896 ; iou: 0.840 ; accuracy: 0.999 ; precision: 0.913 ; recall: 0.917 ; loss: 0.073
2019-01-11 14:37:52,814:INFO: - Eval metrics : dsc: 0.878 ; iou: 0.821 ; accuracy: 0.999 ; precision: 0.913 ; recall: 0.895 ; loss: 0.105
2019-01-11 14:37:52,839:INFO: Epoch 45/45
2019-01-11 14:38:03,693:INFO: - Train metrics: dsc: 0.900 ; iou: 0.844 ; accuracy: 0.999 ; precision: 0.918 ; recall: 0.916 ; loss: 0.067
2019-01-11 14:38:04,784:INFO: - Eval metrics : dsc: 0.875 ; iou: 0.819 ; accuracy: 0.999 ; precision: 0.932 ; recall: 0.880 ; loss: 0.108
2019-01-11 14:38:04,898:INFO: Loading the datasets...
2019-01-11 14:38:09,477:INFO: - done.
2019-01-11 14:38:09,478:INFO: For k-fold 5/5:
2019-01-11 14:38:09,478:INFO: Starting training for 45 epoch(s)
2019-01-11 14:38:09,478:INFO: Epoch 1/45
2019-01-11 14:38:20,338:INFO: - Train metrics: dsc: 0.473 ; iou: 0.357 ; accuracy: 0.966 ; precision: 0.363 ; recall: 0.934 ; loss: 0.925
2019-01-11 14:38:21,410:INFO: - Eval metrics : dsc: 0.595 ; iou: 0.457 ; accuracy: 0.992 ; precision: 0.462 ; recall: 0.953 ; loss: 0.843
2019-01-11 14:38:21,437:INFO: - Found new best DSC
2019-01-11 14:38:21,438:INFO: Epoch 2/45
2019-01-11 14:38:32,243:INFO: - Train metrics: dsc: 0.780 ; iou: 0.685 ; accuracy: 0.997 ; precision: 0.731 ; recall: 0.920 ; loss: 0.550
2019-01-11 14:38:33,341:INFO: - Eval metrics : dsc: 0.856 ; iou: 0.784 ; accuracy: 0.999 ; precision: 0.881 ; recall: 0.890 ; loss: 0.281
2019-01-11 14:38:33,366:INFO: - Found new best DSC
2019-01-11 14:38:33,366:INFO: Epoch 3/45
2019-01-11 14:38:44,244:INFO: - Train metrics: dsc: 0.853 ; iou: 0.782 ; accuracy: 0.999 ; precision: 0.865 ; recall: 0.904 ; loss: 0.215
2019-01-11 14:38:45,331:INFO: - Eval metrics : dsc: 0.843 ; iou: 0.766 ; accuracy: 0.998 ; precision: 0.873 ; recall: 0.869 ; loss: 0.189
2019-01-11 14:38:45,361:INFO: Epoch 4/45
2019-01-11 14:38:56,263:INFO: - Train metrics: dsc: 0.858 ; iou: 0.790 ; accuracy: 0.999 ; precision: 0.869 ; recall: 0.903 ; loss: 0.167
2019-01-11 14:38:57,339:INFO: - Eval metrics : dsc: 0.871 ; iou: 0.807 ; accuracy: 0.999 ; precision: 0.876 ; recall: 0.914 ; loss: 0.157
2019-01-11 14:38:57,363:INFO: - Found new best DSC
2019-01-11 14:38:57,363:INFO: Epoch 5/45
2019-01-11 14:39:08,294:INFO: - Train metrics: dsc: 0.874 ; iou: 0.807 ; accuracy: 0.999 ; precision: 0.878 ; recall: 0.914 ; loss: 0.145
2019-01-11 14:39:09,374:INFO: - Eval metrics : dsc: 0.872 ; iou: 0.808 ; accuracy: 0.999 ; precision: 0.872 ; recall: 0.921 ; loss: 0.145
2019-01-11 14:39:09,398:INFO: - Found new best DSC
2019-01-11 14:39:09,398:INFO: Epoch 6/45
2019-01-11 14:39:20,325:INFO: - Train metrics: dsc: 0.882 ; iou: 0.817 ; accuracy: 0.999 ; precision: 0.891 ; recall: 0.915 ; loss: 0.131
2019-01-11 14:39:21,437:INFO: - Eval metrics : dsc: 0.859 ; iou: 0.793 ; accuracy: 0.999 ; precision: 0.882 ; recall: 0.895 ; loss: 0.144
2019-01-11 14:39:21,465:INFO: Epoch 7/45
2019-01-11 14:39:32,401:INFO: - Train metrics: dsc: 0.874 ; iou: 0.809 ; accuracy: 0.999 ; precision: 0.884 ; recall: 0.910 ; loss: 0.130
2019-01-11 14:39:33,492:INFO: - Eval metrics : dsc: 0.886 ; iou: 0.825 ; accuracy: 0.999 ; precision: 0.886 ; recall: 0.924 ; loss: 0.122
2019-01-11 14:39:33,524:INFO: - Found new best DSC
2019-01-11 14:39:33,524:INFO: Epoch 8/45
2019-01-11 14:39:44,438:INFO: - Train metrics: dsc: 0.861 ; iou: 0.793 ; accuracy: 0.999 ; precision: 0.890 ; recall: 0.887 ; loss: 0.142
2019-01-11 14:39:45,504:INFO: - Eval metrics : dsc: 0.866 ; iou: 0.800 ; accuracy: 0.999 ; precision: 0.892 ; recall: 0.892 ; loss: 0.133
2019-01-11 14:39:45,532:INFO: Epoch 9/45
2019-01-11 14:39:56,486:INFO: - Train metrics: dsc: 0.851 ; iou: 0.780 ; accuracy: 0.998 ; precision: 0.886 ; recall: 0.876 ; loss: 0.144
2019-01-11 14:39:57,571:INFO: - Eval metrics : dsc: 0.827 ; iou: 0.750 ; accuracy: 0.999 ; precision: 0.916 ; recall: 0.811 ; loss: 0.166
2019-01-11 14:39:57,608:INFO: Epoch 10/45
2019-01-11 14:40:08,544:INFO: - Train metrics: dsc: 0.850 ; iou: 0.781 ; accuracy: 0.999 ; precision: 0.893 ; recall: 0.871 ; loss: 0.138
2019-01-11 14:40:09,623:INFO: - Eval metrics : dsc: 0.852 ; iou: 0.791 ; accuracy: 0.999 ; precision: 0.903 ; recall: 0.876 ; loss: 0.130
2019-01-11 14:40:09,654:INFO: Epoch 11/45
2019-01-11 14:40:20,578:INFO: - Train metrics: dsc: 0.859 ; iou: 0.795 ; accuracy: 0.999 ; precision: 0.904 ; recall: 0.877 ; loss: 0.123
2019-01-11 14:40:21,715:INFO: - Eval metrics : dsc: 0.873 ; iou: 0.813 ; accuracy: 0.999 ; precision: 0.912 ; recall: 0.889 ; loss: 0.103
2019-01-11 14:40:21,752:INFO: Epoch 12/45
2019-01-11 14:40:32,654:INFO: - Train metrics: dsc: 0.884 ; iou: 0.822 ; accuracy: 0.999 ; precision: 0.905 ; recall: 0.905 ; loss: 0.093
2019-01-11 14:40:33,758:INFO: - Eval metrics : dsc: 0.865 ; iou: 0.805 ; accuracy: 0.999 ; precision: 0.925 ; recall: 0.870 ; loss: 0.107
2019-01-11 14:40:33,800:INFO: Epoch 13/45
2019-01-11 14:40:44,655:INFO: - Train metrics: dsc: 0.887 ; iou: 0.827 ; accuracy: 0.999 ; precision: 0.907 ; recall: 0.909 ; loss: 0.088
2019-01-11 14:40:45,721:INFO: - Eval metrics : dsc: 0.877 ; iou: 0.819 ; accuracy: 0.999 ; precision: 0.913 ; recall: 0.895 ; loss: 0.099
2019-01-11 14:40:45,742:INFO: Epoch 14/45
2019-01-11 14:40:56,783:INFO: - Train metrics: dsc: 0.888 ; iou: 0.828 ; accuracy: 0.999 ; precision: 0.909 ; recall: 0.910 ; loss: 0.089
2019-01-11 14:40:57,880:INFO: - Eval metrics : dsc: 0.875 ; iou: 0.813 ; accuracy: 0.999 ; precision: 0.870 ; recall: 0.929 ; loss: 0.110
2019-01-11 14:40:57,901:INFO: Epoch 15/45
2019-01-11 14:41:08,930:INFO: - Train metrics: dsc: 0.888 ; iou: 0.826 ; accuracy: 0.999 ; precision: 0.908 ; recall: 0.906 ; loss: 0.086
2019-01-11 14:41:10,011:INFO: - Eval metrics : dsc: 0.872 ; iou: 0.815 ; accuracy: 0.999 ; precision: 0.905 ; recall: 0.901 ; loss: 0.103
2019-01-11 14:41:10,032:INFO: Epoch 16/45
2019-01-11 14:41:20,942:INFO: - Train metrics: dsc: 0.893 ; iou: 0.833 ; accuracy: 0.999 ; precision: 0.912 ; recall: 0.912 ; loss: 0.082
2019-01-11 14:41:22,015:INFO: - Eval metrics : dsc: 0.876 ; iou: 0.816 ; accuracy: 0.999 ; precision: 0.890 ; recall: 0.915 ; loss: 0.099
2019-01-11 14:41:22,043:INFO: Epoch 17/45
2019-01-11 14:41:32,949:INFO: - Train metrics: dsc: 0.877 ; iou: 0.818 ; accuracy: 0.999 ; precision: 0.916 ; recall: 0.893 ; loss: 0.094
2019-01-11 14:41:34,027:INFO: - Eval metrics : dsc: 0.854 ; iou: 0.793 ; accuracy: 0.999 ; precision: 0.941 ; recall: 0.842 ; loss: 0.115
2019-01-11 14:41:34,054:INFO: Epoch 18/45
2019-01-11 14:41:44,949:INFO: - Train metrics: dsc: 0.872 ; iou: 0.804 ; accuracy: 0.999 ; precision: 0.904 ; recall: 0.886 ; loss: 0.103
2019-01-11 14:41:46,024:INFO: - Eval metrics : dsc: 0.813 ; iou: 0.742 ; accuracy: 0.998 ; precision: 0.941 ; recall: 0.790 ; loss: 0.157
2019-01-11 14:41:46,045:INFO: Epoch 19/45
2019-01-11 14:41:56,968:INFO: - Train metrics: dsc: 0.850 ; iou: 0.781 ; accuracy: 0.998 ; precision: 0.895 ; recall: 0.869 ; loss: 0.126
2019-01-11 14:41:58,037:INFO: - Eval metrics : dsc: 0.810 ; iou: 0.750 ; accuracy: 0.999 ; precision: 0.935 ; recall: 0.804 ; loss: 0.154
2019-01-11 14:41:58,055:INFO: Epoch 20/45
2019-01-11 14:42:08,951:INFO: - Train metrics: dsc: 0.843 ; iou: 0.782 ; accuracy: 0.999 ; precision: 0.913 ; recall: 0.854 ; loss: 0.126
2019-01-11 14:42:10,032:INFO: - Eval metrics : dsc: 0.866 ; iou: 0.805 ; accuracy: 0.999 ; precision: 0.931 ; recall: 0.863 ; loss: 0.099
2019-01-11 14:42:10,053:INFO: Epoch 21/45
2019-01-11 14:42:21,003:INFO: - Train metrics: dsc: 0.883 ; iou: 0.821 ; accuracy: 0.999 ; precision: 0.901 ; recall: 0.906 ; loss: 0.090
2019-01-11 14:42:22,078:INFO: - Eval metrics : dsc: 0.879 ; iou: 0.815 ; accuracy: 0.999 ; precision: 0.880 ; recall: 0.910 ; loss: 0.092
2019-01-11 14:42:22,099:INFO: Epoch 22/45
2019-01-11 14:42:33,155:INFO: - Train metrics: dsc: 0.893 ; iou: 0.834 ; accuracy: 0.999 ; precision: 0.911 ; recall: 0.913 ; loss: 0.080
2019-01-11 14:42:34,255:INFO: - Eval metrics : dsc: 0.882 ; iou: 0.825 ; accuracy: 0.999 ; precision: 0.908 ; recall: 0.902 ; loss: 0.088
2019-01-11 14:42:34,276:INFO: Epoch 23/45
2019-01-11 14:42:45,171:INFO: - Train metrics: dsc: 0.897 ; iou: 0.838 ; accuracy: 0.999 ; precision: 0.915 ; recall: 0.913 ; loss: 0.074
2019-01-11 14:42:46,239:INFO: - Eval metrics : dsc: 0.872 ; iou: 0.814 ; accuracy: 0.999 ; precision: 0.912 ; recall: 0.889 ; loss: 0.102
2019-01-11 14:42:46,262:INFO: Epoch 24/45
2019-01-11 14:42:57,269:INFO: - Train metrics: dsc: 0.896 ; iou: 0.836 ; accuracy: 0.999 ; precision: 0.907 ; recall: 0.917 ; loss: 0.077
2019-01-11 14:42:58,399:INFO: - Eval metrics : dsc: 0.858 ; iou: 0.790 ; accuracy: 0.999 ; precision: 0.874 ; recall: 0.897 ; loss: 0.133
2019-01-11 14:42:58,424:INFO: Epoch 25/45
2019-01-11 14:43:09,327:INFO: - Train metrics: dsc: 0.894 ; iou: 0.834 ; accuracy: 0.999 ; precision: 0.905 ; recall: 0.919 ; loss: 0.084
2019-01-11 14:43:10,418:INFO: - Eval metrics : dsc: 0.847 ; iou: 0.777 ; accuracy: 0.999 ; precision: 0.923 ; recall: 0.840 ; loss: 0.122
2019-01-11 14:43:10,439:INFO: Epoch 26/45
2019-01-11 14:43:21,381:INFO: - Train metrics: dsc: 0.900 ; iou: 0.842 ; accuracy: 0.999 ; precision: 0.909 ; recall: 0.923 ; loss: 0.076
2019-01-11 14:43:22,458:INFO: - Eval metrics : dsc: 0.884 ; iou: 0.824 ; accuracy: 0.999 ; precision: 0.905 ; recall: 0.908 ; loss: 0.091
2019-01-11 14:43:22,488:INFO: Epoch 27/45
2019-01-11 14:43:33,384:INFO: - Train metrics: dsc: 0.848 ; iou: 0.776 ; accuracy: 0.998 ; precision: 0.887 ; recall: 0.864 ; loss: 0.130
2019-01-11 14:43:34,463:INFO: - Eval metrics : dsc: 0.870 ; iou: 0.803 ; accuracy: 0.999 ; precision: 0.884 ; recall: 0.901 ; loss: 0.114
2019-01-11 14:43:34,484:INFO: Epoch 28/45
2019-01-11 14:43:45,397:INFO: - Train metrics: dsc: 0.856 ; iou: 0.789 ; accuracy: 0.999 ; precision: 0.907 ; recall: 0.867 ; loss: 0.119
2019-01-11 14:43:46,487:INFO: - Eval metrics : dsc: 0.623 ; iou: 0.533 ; accuracy: 0.997 ; precision: 0.984 ; recall: 0.542 ; loss: 0.352
2019-01-11 14:43:46,516:INFO: Epoch 29/45
2019-01-11 14:43:57,507:INFO: - Train metrics: dsc: 0.862 ; iou: 0.794 ; accuracy: 0.999 ; precision: 0.910 ; recall: 0.871 ; loss: 0.108
2019-01-11 14:43:58,599:INFO: - Eval metrics : dsc: 0.855 ; iou: 0.795 ; accuracy: 0.999 ; precision: 0.929 ; recall: 0.855 ; loss: 0.113
2019-01-11 14:43:58,620:INFO: Epoch 30/45
2019-01-11 14:44:09,505:INFO: - Train metrics: dsc: 0.888 ; iou: 0.828 ; accuracy: 0.999 ; precision: 0.916 ; recall: 0.902 ; loss: 0.083
2019-01-11 14:44:10,581:INFO: - Eval metrics : dsc: 0.874 ; iou: 0.813 ; accuracy: 0.999 ; precision: 0.905 ; recall: 0.891 ; loss: 0.095
2019-01-11 14:44:10,602:INFO: Epoch 31/45
2019-01-11 14:44:21,559:INFO: - Train metrics: dsc: 0.891 ; iou: 0.831 ; accuracy: 0.999 ; precision: 0.910 ; recall: 0.911 ; loss: 0.082
2019-01-11 14:44:22,636:INFO: - Eval metrics : dsc: 0.884 ; iou: 0.822 ; accuracy: 0.999 ; precision: 0.914 ; recall: 0.891 ; loss: 0.091
2019-01-11 14:44:22,657:INFO: Epoch 32/45
2019-01-11 14:44:33,584:INFO: - Train metrics: dsc: 0.847 ; iou: 0.780 ; accuracy: 0.998 ; precision: 0.911 ; recall: 0.855 ; loss: 0.122
2019-01-11 14:44:34,717:INFO: - Eval metrics : dsc: 0.871 ; iou: 0.810 ; accuracy: 0.999 ; precision: 0.896 ; recall: 0.897 ; loss: 0.099
2019-01-11 14:44:34,744:INFO: Epoch 33/45
2019-01-11 14:44:45,646:INFO: - Train metrics: dsc: 0.891 ; iou: 0.830 ; accuracy: 0.999 ; precision: 0.914 ; recall: 0.906 ; loss: 0.079
2019-01-11 14:44:46,745:INFO: - Eval metrics : dsc: 0.861 ; iou: 0.802 ; accuracy: 0.999 ; precision: 0.879 ; recall: 0.907 ; loss: 0.112
2019-01-11 14:44:46,777:INFO: Epoch 34/45
2019-01-11 14:44:57,849:INFO: - Train metrics: dsc: 0.894 ; iou: 0.835 ; accuracy: 0.999 ; precision: 0.909 ; recall: 0.916 ; loss: 0.079
2019-01-11 14:44:58,988:INFO: - Eval metrics : dsc: 0.869 ; iou: 0.806 ; accuracy: 0.999 ; precision: 0.880 ; recall: 0.910 ; loss: 0.118
2019-01-11 14:44:59,020:INFO: Epoch 35/45
2019-01-11 14:45:09,953:INFO: - Train metrics: dsc: 0.892 ; iou: 0.834 ; accuracy: 0.999 ; precision: 0.906 ; recall: 0.919 ; loss: 0.087
2019-01-11 14:45:11,059:INFO: - Eval metrics : dsc: 0.887 ; iou: 0.828 ; accuracy: 0.999 ; precision: 0.888 ; recall: 0.925 ; loss: 0.089
2019-01-11 14:45:11,087:INFO: - Found new best DSC
2019-01-11 14:45:11,087:INFO: Epoch 36/45
2019-01-11 14:45:21,982:INFO: - Train metrics: dsc: 0.896 ; iou: 0.837 ; accuracy: 0.999 ; precision: 0.902 ; recall: 0.925 ; loss: 0.084
2019-01-11 14:45:23,062:INFO: - Eval metrics : dsc: 0.872 ; iou: 0.814 ; accuracy: 0.999 ; precision: 0.880 ; recall: 0.920 ; loss: 0.116
2019-01-11 14:45:23,085:INFO: Epoch 37/45
2019-01-11 14:45:34,010:INFO: - Train metrics: dsc: 0.903 ; iou: 0.846 ; accuracy: 0.999 ; precision: 0.907 ; recall: 0.930 ; loss: 0.077
2019-01-11 14:45:35,093:INFO: - Eval metrics : dsc: 0.880 ; iou: 0.823 ; accuracy: 0.999 ; precision: 0.892 ; recall: 0.921 ; loss: 0.103
2019-01-11 14:45:35,115:INFO: Epoch 38/45
2019-01-11 14:45:46,069:INFO: - Train metrics: dsc: 0.896 ; iou: 0.837 ; accuracy: 0.999 ; precision: 0.905 ; recall: 0.922 ; loss: 0.081
2019-01-11 14:45:47,139:INFO: - Eval metrics : dsc: 0.889 ; iou: 0.830 ; accuracy: 0.999 ; precision: 0.882 ; recall: 0.929 ; loss: 0.086
2019-01-11 14:45:47,163:INFO: - Found new best DSC
2019-01-11 14:45:47,163:INFO: Epoch 39/45
2019-01-11 14:45:58,091:INFO: - Train metrics: dsc: 0.904 ; iou: 0.847 ; accuracy: 0.999 ; precision: 0.909 ; recall: 0.928 ; loss: 0.070
2019-01-11 14:45:59,201:INFO: - Eval metrics : dsc: 0.883 ; iou: 0.824 ; accuracy: 0.999 ; precision: 0.863 ; recall: 0.948 ; loss: 0.092
2019-01-11 14:45:59,229:INFO: Epoch 40/45
2019-01-11 14:46:10,156:INFO: - Train metrics: dsc: 0.907 ; iou: 0.850 ; accuracy: 0.999 ; precision: 0.911 ; recall: 0.930 ; loss: 0.070
2019-01-11 14:46:11,298:INFO: - Eval metrics : dsc: 0.872 ; iou: 0.812 ; accuracy: 0.999 ; precision: 0.877 ; recall: 0.919 ; loss: 0.116
2019-01-11 14:46:11,326:INFO: Epoch 41/45
2019-01-11 14:46:22,262:INFO: - Train metrics: dsc: 0.902 ; iou: 0.845 ; accuracy: 0.999 ; precision: 0.907 ; recall: 0.929 ; loss: 0.078
2019-01-11 14:46:23,353:INFO: - Eval metrics : dsc: 0.885 ; iou: 0.826 ; accuracy: 0.999 ; precision: 0.881 ; recall: 0.931 ; loss: 0.090
2019-01-11 14:46:23,382:INFO: Epoch 42/45
2019-01-11 14:46:34,264:INFO: - Train metrics: dsc: 0.893 ; iou: 0.834 ; accuracy: 0.999 ; precision: 0.909 ; recall: 0.914 ; loss: 0.081
2019-01-11 14:46:35,390:INFO: - Eval metrics : dsc: 0.876 ; iou: 0.819 ; accuracy: 0.999 ; precision: 0.879 ; recall: 0.926 ; loss: 0.104
2019-01-11 14:46:35,422:INFO: Epoch 43/45
2019-01-11 14:46:46,386:INFO: - Train metrics: dsc: 0.904 ; iou: 0.847 ; accuracy: 0.999 ; precision: 0.909 ; recall: 0.929 ; loss: 0.073
2019-01-11 14:46:47,470:INFO: - Eval metrics : dsc: 0.873 ; iou: 0.815 ; accuracy: 0.999 ; precision: 0.878 ; recall: 0.928 ; loss: 0.115
2019-01-11 14:46:47,500:INFO: Epoch 44/45
2019-01-11 14:46:58,386:INFO: - Train metrics: dsc: 0.853 ; iou: 0.792 ; accuracy: 0.999 ; precision: 0.910 ; recall: 0.869 ; loss: 0.123
2019-01-11 14:46:59,516:INFO: - Eval metrics : dsc: 0.860 ; iou: 0.801 ; accuracy: 0.999 ; precision: 0.902 ; recall: 0.877 ; loss: 0.120
2019-01-11 14:46:59,536:INFO: Epoch 45/45
2019-01-11 14:47:10,498:INFO: - Train metrics: dsc: 0.857 ; iou: 0.795 ; accuracy: 0.999 ; precision: 0.913 ; recall: 0.870 ; loss: 0.116
2019-01-11 14:47:11,588:INFO: - Eval metrics : dsc: 0.820 ; iou: 0.760 ; accuracy: 0.999 ; precision: 0.916 ; recall: 0.832 ; loss: 0.147
