2019-01-18 19:50:20,841:INFO: Loading the datasets...
2019-01-18 19:50:25,205:INFO: - done.
2019-01-18 19:50:25,205:INFO: For k-fold 1/5:
2019-01-18 19:50:25,205:INFO: Starting training for 45 epoch(s)
2019-01-18 19:50:25,205:INFO: Epoch 1/45
2019-01-18 19:50:35,911:INFO: - Train metrics: dsc: 0.644 ; iou: 0.536 ; accuracy: 0.917 ; precision: 0.675 ; recall: 0.648 ; loss: 0.412
2019-01-18 19:50:37,019:INFO: - Eval metrics : dsc: 0.810 ; iou: 0.731 ; accuracy: 0.963 ; precision: 0.851 ; recall: 0.815 ; loss: 0.311
2019-01-18 19:50:37,035:INFO: - Found new best DSC
2019-01-18 19:50:37,035:INFO: Epoch 2/45
2019-01-18 19:50:47,830:INFO: - Train metrics: dsc: 0.830 ; iou: 0.749 ; accuracy: 0.966 ; precision: 0.844 ; recall: 0.838 ; loss: 0.277
2019-01-18 19:50:48,907:INFO: - Eval metrics : dsc: 0.836 ; iou: 0.766 ; accuracy: 0.972 ; precision: 0.920 ; recall: 0.802 ; loss: 0.240
2019-01-18 19:50:48,929:INFO: - Found new best DSC
2019-01-18 19:50:48,929:INFO: Epoch 3/45
2019-01-18 19:50:59,701:INFO: - Train metrics: dsc: 0.862 ; iou: 0.792 ; accuracy: 0.973 ; precision: 0.874 ; recall: 0.871 ; loss: 0.214
2019-01-18 19:51:00,786:INFO: - Eval metrics : dsc: 0.860 ; iou: 0.797 ; accuracy: 0.977 ; precision: 0.931 ; recall: 0.837 ; loss: 0.182
2019-01-18 19:51:00,813:INFO: - Found new best DSC
2019-01-18 19:51:00,813:INFO: Epoch 4/45
2019-01-18 19:51:11,629:INFO: - Train metrics: dsc: 0.874 ; iou: 0.809 ; accuracy: 0.976 ; precision: 0.886 ; recall: 0.881 ; loss: 0.170
2019-01-18 19:51:12,726:INFO: - Eval metrics : dsc: 0.894 ; iou: 0.834 ; accuracy: 0.980 ; precision: 0.921 ; recall: 0.887 ; loss: 0.145
2019-01-18 19:51:12,748:INFO: - Found new best DSC
2019-01-18 19:51:12,748:INFO: Epoch 5/45
2019-01-18 19:51:23,535:INFO: - Train metrics: dsc: 0.886 ; iou: 0.826 ; accuracy: 0.979 ; precision: 0.893 ; recall: 0.892 ; loss: 0.136
2019-01-18 19:51:24,570:INFO: - Eval metrics : dsc: 0.896 ; iou: 0.841 ; accuracy: 0.981 ; precision: 0.923 ; recall: 0.895 ; loss: 0.124
2019-01-18 19:51:24,586:INFO: - Found new best DSC
2019-01-18 19:51:24,587:INFO: Epoch 6/45
2019-01-18 19:51:35,343:INFO: - Train metrics: dsc: 0.892 ; iou: 0.834 ; accuracy: 0.980 ; precision: 0.903 ; recall: 0.898 ; loss: 0.112
2019-01-18 19:51:36,410:INFO: - Eval metrics : dsc: 0.905 ; iou: 0.851 ; accuracy: 0.982 ; precision: 0.939 ; recall: 0.892 ; loss: 0.096
2019-01-18 19:51:36,422:INFO: - Found new best DSC
2019-01-18 19:51:36,422:INFO: Epoch 7/45
2019-01-18 19:51:47,157:INFO: - Train metrics: dsc: 0.903 ; iou: 0.847 ; accuracy: 0.982 ; precision: 0.909 ; recall: 0.912 ; loss: 0.093
2019-01-18 19:51:48,251:INFO: - Eval metrics : dsc: 0.906 ; iou: 0.854 ; accuracy: 0.983 ; precision: 0.941 ; recall: 0.897 ; loss: 0.085
2019-01-18 19:51:48,269:INFO: - Found new best DSC
2019-01-18 19:51:48,269:INFO: Epoch 8/45
2019-01-18 19:51:58,980:INFO: - Train metrics: dsc: 0.905 ; iou: 0.851 ; accuracy: 0.983 ; precision: 0.916 ; recall: 0.910 ; loss: 0.080
2019-01-18 19:52:00,104:INFO: - Eval metrics : dsc: 0.911 ; iou: 0.860 ; accuracy: 0.983 ; precision: 0.937 ; recall: 0.906 ; loss: 0.071
2019-01-18 19:52:00,122:INFO: - Found new best DSC
2019-01-18 19:52:00,122:INFO: Epoch 9/45
2019-01-18 19:52:10,944:INFO: - Train metrics: dsc: 0.907 ; iou: 0.853 ; accuracy: 0.983 ; precision: 0.917 ; recall: 0.916 ; loss: 0.072
2019-01-18 19:52:12,009:INFO: - Eval metrics : dsc: 0.916 ; iou: 0.866 ; accuracy: 0.984 ; precision: 0.934 ; recall: 0.913 ; loss: 0.064
2019-01-18 19:52:12,032:INFO: - Found new best DSC
2019-01-18 19:52:12,032:INFO: Epoch 10/45
2019-01-18 19:52:22,838:INFO: - Train metrics: dsc: 0.915 ; iou: 0.863 ; accuracy: 0.984 ; precision: 0.921 ; recall: 0.922 ; loss: 0.062
2019-01-18 19:52:23,927:INFO: - Eval metrics : dsc: 0.905 ; iou: 0.854 ; accuracy: 0.983 ; precision: 0.948 ; recall: 0.890 ; loss: 0.061
2019-01-18 19:52:23,941:INFO: Epoch 11/45
2019-01-18 19:52:34,670:INFO: - Train metrics: dsc: 0.915 ; iou: 0.865 ; accuracy: 0.984 ; precision: 0.923 ; recall: 0.925 ; loss: 0.056
2019-01-18 19:52:35,758:INFO: - Eval metrics : dsc: 0.919 ; iou: 0.869 ; accuracy: 0.984 ; precision: 0.951 ; recall: 0.901 ; loss: 0.054
2019-01-18 19:52:35,775:INFO: - Found new best DSC
2019-01-18 19:52:35,775:INFO: Epoch 12/45
2019-01-18 19:52:46,568:INFO: - Train metrics: dsc: 0.917 ; iou: 0.866 ; accuracy: 0.984 ; precision: 0.930 ; recall: 0.920 ; loss: 0.052
2019-01-18 19:52:47,683:INFO: - Eval metrics : dsc: 0.916 ; iou: 0.865 ; accuracy: 0.983 ; precision: 0.939 ; recall: 0.909 ; loss: 0.053
2019-01-18 19:52:47,705:INFO: Epoch 13/45
2019-01-18 19:52:58,566:INFO: - Train metrics: dsc: 0.924 ; iou: 0.875 ; accuracy: 0.985 ; precision: 0.929 ; recall: 0.929 ; loss: 0.048
2019-01-18 19:52:59,631:INFO: - Eval metrics : dsc: 0.920 ; iou: 0.871 ; accuracy: 0.984 ; precision: 0.929 ; recall: 0.927 ; loss: 0.048
2019-01-18 19:52:59,653:INFO: - Found new best DSC
2019-01-18 19:52:59,653:INFO: Epoch 14/45
2019-01-18 19:53:10,444:INFO: - Train metrics: dsc: 0.923 ; iou: 0.874 ; accuracy: 0.985 ; precision: 0.929 ; recall: 0.928 ; loss: 0.046
2019-01-18 19:53:11,513:INFO: - Eval metrics : dsc: 0.916 ; iou: 0.866 ; accuracy: 0.984 ; precision: 0.953 ; recall: 0.899 ; loss: 0.050
2019-01-18 19:53:11,530:INFO: Epoch 15/45
2019-01-18 19:53:22,290:INFO: - Train metrics: dsc: 0.925 ; iou: 0.877 ; accuracy: 0.986 ; precision: 0.932 ; recall: 0.931 ; loss: 0.043
2019-01-18 19:53:23,363:INFO: - Eval metrics : dsc: 0.925 ; iou: 0.877 ; accuracy: 0.984 ; precision: 0.934 ; recall: 0.930 ; loss: 0.045
2019-01-18 19:53:23,384:INFO: - Found new best DSC
2019-01-18 19:53:23,384:INFO: Epoch 16/45
2019-01-18 19:53:34,197:INFO: - Train metrics: dsc: 0.927 ; iou: 0.880 ; accuracy: 0.986 ; precision: 0.935 ; recall: 0.932 ; loss: 0.041
2019-01-18 19:53:35,282:INFO: - Eval metrics : dsc: 0.917 ; iou: 0.867 ; accuracy: 0.984 ; precision: 0.940 ; recall: 0.911 ; loss: 0.047
2019-01-18 19:53:35,297:INFO: Epoch 17/45
2019-01-18 19:53:46,045:INFO: - Train metrics: dsc: 0.926 ; iou: 0.878 ; accuracy: 0.986 ; precision: 0.933 ; recall: 0.933 ; loss: 0.041
2019-01-18 19:53:47,124:INFO: - Eval metrics : dsc: 0.903 ; iou: 0.852 ; accuracy: 0.983 ; precision: 0.953 ; recall: 0.888 ; loss: 0.049
2019-01-18 19:53:47,139:INFO: Epoch 18/45
2019-01-18 19:53:57,912:INFO: - Train metrics: dsc: 0.929 ; iou: 0.881 ; accuracy: 0.986 ; precision: 0.935 ; recall: 0.932 ; loss: 0.039
2019-01-18 19:53:58,982:INFO: - Eval metrics : dsc: 0.925 ; iou: 0.875 ; accuracy: 0.984 ; precision: 0.954 ; recall: 0.910 ; loss: 0.044
2019-01-18 19:53:58,998:INFO: - Found new best DSC
2019-01-18 19:53:58,998:INFO: Epoch 19/45
2019-01-18 19:54:09,749:INFO: - Train metrics: dsc: 0.930 ; iou: 0.885 ; accuracy: 0.986 ; precision: 0.941 ; recall: 0.935 ; loss: 0.038
2019-01-18 19:54:10,831:INFO: - Eval metrics : dsc: 0.926 ; iou: 0.878 ; accuracy: 0.985 ; precision: 0.945 ; recall: 0.919 ; loss: 0.042
2019-01-18 19:54:10,852:INFO: - Found new best DSC
2019-01-18 19:54:10,852:INFO: Epoch 20/45
2019-01-18 19:54:21,617:INFO: - Train metrics: dsc: 0.931 ; iou: 0.886 ; accuracy: 0.987 ; precision: 0.937 ; recall: 0.936 ; loss: 0.036
2019-01-18 19:54:22,687:INFO: - Eval metrics : dsc: 0.920 ; iou: 0.873 ; accuracy: 0.985 ; precision: 0.941 ; recall: 0.918 ; loss: 0.042
2019-01-18 19:54:22,701:INFO: Epoch 21/45
2019-01-18 19:54:33,454:INFO: - Train metrics: dsc: 0.934 ; iou: 0.890 ; accuracy: 0.987 ; precision: 0.939 ; recall: 0.938 ; loss: 0.034
2019-01-18 19:54:34,528:INFO: - Eval metrics : dsc: 0.927 ; iou: 0.880 ; accuracy: 0.985 ; precision: 0.940 ; recall: 0.926 ; loss: 0.041
2019-01-18 19:54:34,544:INFO: - Found new best DSC
2019-01-18 19:54:34,544:INFO: Epoch 22/45
2019-01-18 19:54:45,328:INFO: - Train metrics: dsc: 0.935 ; iou: 0.890 ; accuracy: 0.987 ; precision: 0.939 ; recall: 0.939 ; loss: 0.034
2019-01-18 19:54:46,410:INFO: - Eval metrics : dsc: 0.928 ; iou: 0.882 ; accuracy: 0.985 ; precision: 0.943 ; recall: 0.925 ; loss: 0.039
2019-01-18 19:54:46,433:INFO: - Found new best DSC
2019-01-18 19:54:46,433:INFO: Epoch 23/45
2019-01-18 19:54:57,220:INFO: - Train metrics: dsc: 0.936 ; iou: 0.892 ; accuracy: 0.987 ; precision: 0.943 ; recall: 0.940 ; loss: 0.033
2019-01-18 19:54:58,312:INFO: - Eval metrics : dsc: 0.927 ; iou: 0.881 ; accuracy: 0.985 ; precision: 0.944 ; recall: 0.923 ; loss: 0.039
2019-01-18 19:54:58,326:INFO: Epoch 24/45
2019-01-18 19:55:09,148:INFO: - Train metrics: dsc: 0.935 ; iou: 0.892 ; accuracy: 0.988 ; precision: 0.941 ; recall: 0.938 ; loss: 0.032
2019-01-18 19:55:10,237:INFO: - Eval metrics : dsc: 0.926 ; iou: 0.878 ; accuracy: 0.985 ; precision: 0.946 ; recall: 0.920 ; loss: 0.041
2019-01-18 19:55:10,257:INFO: Epoch 25/45
2019-01-18 19:55:21,007:INFO: - Train metrics: dsc: 0.937 ; iou: 0.893 ; accuracy: 0.987 ; precision: 0.945 ; recall: 0.941 ; loss: 0.032
2019-01-18 19:55:22,076:INFO: - Eval metrics : dsc: 0.928 ; iou: 0.881 ; accuracy: 0.985 ; precision: 0.938 ; recall: 0.928 ; loss: 0.039
2019-01-18 19:55:22,090:INFO: Epoch 26/45
2019-01-18 19:55:32,903:INFO: - Train metrics: dsc: 0.938 ; iou: 0.896 ; accuracy: 0.988 ; precision: 0.946 ; recall: 0.942 ; loss: 0.031
2019-01-18 19:55:34,025:INFO: - Eval metrics : dsc: 0.926 ; iou: 0.881 ; accuracy: 0.986 ; precision: 0.949 ; recall: 0.917 ; loss: 0.039
2019-01-18 19:55:34,046:INFO: Epoch 27/45
2019-01-18 19:55:44,817:INFO: - Train metrics: dsc: 0.937 ; iou: 0.894 ; accuracy: 0.988 ; precision: 0.944 ; recall: 0.940 ; loss: 0.032
2019-01-18 19:55:45,962:INFO: - Eval metrics : dsc: 0.921 ; iou: 0.873 ; accuracy: 0.985 ; precision: 0.947 ; recall: 0.911 ; loss: 0.041
2019-01-18 19:55:45,982:INFO: Epoch 28/45
2019-01-18 19:55:56,770:INFO: - Train metrics: dsc: 0.940 ; iou: 0.897 ; accuracy: 0.988 ; precision: 0.946 ; recall: 0.943 ; loss: 0.030
2019-01-18 19:55:57,855:INFO: - Eval metrics : dsc: 0.933 ; iou: 0.886 ; accuracy: 0.985 ; precision: 0.931 ; recall: 0.946 ; loss: 0.038
2019-01-18 19:55:57,871:INFO: - Found new best DSC
2019-01-18 19:55:57,872:INFO: Epoch 29/45
2019-01-18 19:56:08,617:INFO: - Train metrics: dsc: 0.938 ; iou: 0.896 ; accuracy: 0.988 ; precision: 0.951 ; recall: 0.940 ; loss: 0.030
2019-01-18 19:56:09,713:INFO: - Eval metrics : dsc: 0.922 ; iou: 0.868 ; accuracy: 0.983 ; precision: 0.907 ; recall: 0.947 ; loss: 0.046
2019-01-18 19:56:09,731:INFO: Epoch 30/45
2019-01-18 19:56:20,493:INFO: - Train metrics: dsc: 0.934 ; iou: 0.891 ; accuracy: 0.987 ; precision: 0.941 ; recall: 0.938 ; loss: 0.032
2019-01-18 19:56:21,573:INFO: - Eval metrics : dsc: 0.927 ; iou: 0.879 ; accuracy: 0.985 ; precision: 0.943 ; recall: 0.924 ; loss: 0.038
2019-01-18 19:56:21,586:INFO: Epoch 31/45
2019-01-18 19:56:32,432:INFO: - Train metrics: dsc: 0.942 ; iou: 0.901 ; accuracy: 0.988 ; precision: 0.949 ; recall: 0.944 ; loss: 0.029
2019-01-18 19:56:33,514:INFO: - Eval metrics : dsc: 0.919 ; iou: 0.871 ; accuracy: 0.985 ; precision: 0.948 ; recall: 0.910 ; loss: 0.042
2019-01-18 19:56:33,533:INFO: Epoch 32/45
2019-01-18 19:56:44,321:INFO: - Train metrics: dsc: 0.942 ; iou: 0.900 ; accuracy: 0.988 ; precision: 0.948 ; recall: 0.945 ; loss: 0.028
2019-01-18 19:56:45,403:INFO: - Eval metrics : dsc: 0.931 ; iou: 0.884 ; accuracy: 0.985 ; precision: 0.935 ; recall: 0.939 ; loss: 0.038
2019-01-18 19:56:45,420:INFO: Epoch 33/45
2019-01-18 19:56:56,191:INFO: - Train metrics: dsc: 0.940 ; iou: 0.900 ; accuracy: 0.988 ; precision: 0.949 ; recall: 0.943 ; loss: 0.028
2019-01-18 19:56:57,307:INFO: - Eval metrics : dsc: 0.913 ; iou: 0.864 ; accuracy: 0.984 ; precision: 0.941 ; recall: 0.906 ; loss: 0.044
2019-01-18 19:56:57,322:INFO: Epoch 34/45
2019-01-18 19:57:08,107:INFO: - Train metrics: dsc: 0.944 ; iou: 0.903 ; accuracy: 0.989 ; precision: 0.947 ; recall: 0.946 ; loss: 0.028
2019-01-18 19:57:09,219:INFO: - Eval metrics : dsc: 0.923 ; iou: 0.873 ; accuracy: 0.984 ; precision: 0.944 ; recall: 0.916 ; loss: 0.045
2019-01-18 19:57:09,240:INFO: Epoch 35/45
2019-01-18 19:57:19,974:INFO: - Train metrics: dsc: 0.944 ; iou: 0.905 ; accuracy: 0.989 ; precision: 0.953 ; recall: 0.945 ; loss: 0.026
2019-01-18 19:57:21,079:INFO: - Eval metrics : dsc: 0.922 ; iou: 0.874 ; accuracy: 0.985 ; precision: 0.954 ; recall: 0.906 ; loss: 0.042
2019-01-18 19:57:21,099:INFO: Epoch 36/45
2019-01-18 19:57:31,920:INFO: - Train metrics: dsc: 0.943 ; iou: 0.904 ; accuracy: 0.989 ; precision: 0.953 ; recall: 0.944 ; loss: 0.027
2019-01-18 19:57:33,020:INFO: - Eval metrics : dsc: 0.932 ; iou: 0.886 ; accuracy: 0.986 ; precision: 0.945 ; recall: 0.929 ; loss: 0.039
2019-01-18 19:57:33,035:INFO: Epoch 37/45
2019-01-18 19:57:43,802:INFO: - Train metrics: dsc: 0.945 ; iou: 0.905 ; accuracy: 0.989 ; precision: 0.952 ; recall: 0.946 ; loss: 0.027
2019-01-18 19:57:44,888:INFO: - Eval metrics : dsc: 0.931 ; iou: 0.883 ; accuracy: 0.985 ; precision: 0.950 ; recall: 0.923 ; loss: 0.040
2019-01-18 19:57:44,907:INFO: Epoch 38/45
2019-01-18 19:57:55,659:INFO: - Train metrics: dsc: 0.946 ; iou: 0.906 ; accuracy: 0.989 ; precision: 0.952 ; recall: 0.948 ; loss: 0.026
2019-01-18 19:57:56,741:INFO: - Eval metrics : dsc: 0.926 ; iou: 0.879 ; accuracy: 0.985 ; precision: 0.935 ; recall: 0.930 ; loss: 0.040
2019-01-18 19:57:56,760:INFO: Epoch 39/45
2019-01-18 19:58:07,581:INFO: - Train metrics: dsc: 0.949 ; iou: 0.910 ; accuracy: 0.989 ; precision: 0.955 ; recall: 0.951 ; loss: 0.025
2019-01-18 19:58:08,720:INFO: - Eval metrics : dsc: 0.920 ; iou: 0.871 ; accuracy: 0.984 ; precision: 0.956 ; recall: 0.901 ; loss: 0.045
2019-01-18 19:58:08,740:INFO: Epoch 40/45
2019-01-18 19:58:19,477:INFO: - Train metrics: dsc: 0.949 ; iou: 0.911 ; accuracy: 0.990 ; precision: 0.955 ; recall: 0.951 ; loss: 0.025
2019-01-18 19:58:20,583:INFO: - Eval metrics : dsc: 0.932 ; iou: 0.886 ; accuracy: 0.986 ; precision: 0.939 ; recall: 0.933 ; loss: 0.038
2019-01-18 19:58:20,597:INFO: Epoch 41/45
2019-01-18 19:58:31,343:INFO: - Train metrics: dsc: 0.950 ; iou: 0.913 ; accuracy: 0.990 ; precision: 0.955 ; recall: 0.951 ; loss: 0.024
2019-01-18 19:58:32,470:INFO: - Eval metrics : dsc: 0.925 ; iou: 0.875 ; accuracy: 0.984 ; precision: 0.944 ; recall: 0.918 ; loss: 0.043
2019-01-18 19:58:32,489:INFO: Epoch 42/45
2019-01-18 19:58:43,357:INFO: - Train metrics: dsc: 0.940 ; iou: 0.900 ; accuracy: 0.989 ; precision: 0.950 ; recall: 0.942 ; loss: 0.027
2019-01-18 19:58:44,495:INFO: - Eval metrics : dsc: 0.925 ; iou: 0.874 ; accuracy: 0.984 ; precision: 0.949 ; recall: 0.913 ; loss: 0.044
2019-01-18 19:58:44,515:INFO: Epoch 43/45
2019-01-18 19:58:55,267:INFO: - Train metrics: dsc: 0.947 ; iou: 0.909 ; accuracy: 0.990 ; precision: 0.952 ; recall: 0.948 ; loss: 0.025
2019-01-18 19:58:56,358:INFO: - Eval metrics : dsc: 0.926 ; iou: 0.880 ; accuracy: 0.985 ; precision: 0.938 ; recall: 0.925 ; loss: 0.039
2019-01-18 19:58:56,374:INFO: Epoch 44/45
2019-01-18 19:59:07,215:INFO: - Train metrics: dsc: 0.950 ; iou: 0.913 ; accuracy: 0.990 ; precision: 0.955 ; recall: 0.952 ; loss: 0.024
2019-01-18 19:59:08,302:INFO: - Eval metrics : dsc: 0.933 ; iou: 0.888 ; accuracy: 0.986 ; precision: 0.945 ; recall: 0.930 ; loss: 0.039
2019-01-18 19:59:08,318:INFO: - Found new best DSC
2019-01-18 19:59:08,318:INFO: Epoch 45/45
2019-01-18 19:59:19,046:INFO: - Train metrics: dsc: 0.951 ; iou: 0.915 ; accuracy: 0.990 ; precision: 0.961 ; recall: 0.951 ; loss: 0.023
2019-01-18 19:59:20,146:INFO: - Eval metrics : dsc: 0.931 ; iou: 0.885 ; accuracy: 0.985 ; precision: 0.937 ; recall: 0.934 ; loss: 0.040
2019-01-18 19:59:20,217:INFO: Loading the datasets...
2019-01-18 19:59:24,590:INFO: - done.
2019-01-18 19:59:24,590:INFO: For k-fold 2/5:
2019-01-18 19:59:24,590:INFO: Starting training for 45 epoch(s)
2019-01-18 19:59:24,590:INFO: Epoch 1/45
2019-01-18 19:59:35,312:INFO: - Train metrics: dsc: 0.656 ; iou: 0.548 ; accuracy: 0.919 ; precision: 0.684 ; recall: 0.662 ; loss: 0.410
2019-01-18 19:59:36,399:INFO: - Eval metrics : dsc: 0.783 ; iou: 0.693 ; accuracy: 0.953 ; precision: 0.767 ; recall: 0.840 ; loss: 0.316
2019-01-18 19:59:36,414:INFO: - Found new best DSC
2019-01-18 19:59:36,415:INFO: Epoch 2/45
2019-01-18 19:59:47,147:INFO: - Train metrics: dsc: 0.838 ; iou: 0.762 ; accuracy: 0.968 ; precision: 0.851 ; recall: 0.846 ; loss: 0.274
2019-01-18 19:59:48,213:INFO: - Eval metrics : dsc: 0.841 ; iou: 0.774 ; accuracy: 0.974 ; precision: 0.891 ; recall: 0.829 ; loss: 0.231
2019-01-18 19:59:48,229:INFO: - Found new best DSC
2019-01-18 19:59:48,229:INFO: Epoch 3/45
2019-01-18 19:59:58,957:INFO: - Train metrics: dsc: 0.868 ; iou: 0.801 ; accuracy: 0.974 ; precision: 0.879 ; recall: 0.876 ; loss: 0.211
2019-01-18 20:00:00,029:INFO: - Eval metrics : dsc: 0.861 ; iou: 0.799 ; accuracy: 0.977 ; precision: 0.875 ; recall: 0.870 ; loss: 0.183
2019-01-18 20:00:00,049:INFO: - Found new best DSC
2019-01-18 20:00:00,049:INFO: Epoch 4/45
2019-01-18 20:00:10,849:INFO: - Train metrics: dsc: 0.882 ; iou: 0.821 ; accuracy: 0.978 ; precision: 0.895 ; recall: 0.886 ; loss: 0.166
2019-01-18 20:00:11,951:INFO: - Eval metrics : dsc: 0.872 ; iou: 0.814 ; accuracy: 0.980 ; precision: 0.911 ; recall: 0.862 ; loss: 0.142
2019-01-18 20:00:11,971:INFO: - Found new best DSC
2019-01-18 20:00:11,971:INFO: Epoch 5/45
2019-01-18 20:00:22,782:INFO: - Train metrics: dsc: 0.890 ; iou: 0.832 ; accuracy: 0.979 ; precision: 0.901 ; recall: 0.894 ; loss: 0.134
2019-01-18 20:00:23,842:INFO: - Eval metrics : dsc: 0.883 ; iou: 0.826 ; accuracy: 0.981 ; precision: 0.912 ; recall: 0.883 ; loss: 0.119
2019-01-18 20:00:23,858:INFO: - Found new best DSC
2019-01-18 20:00:23,859:INFO: Epoch 6/45
2019-01-18 20:00:34,669:INFO: - Train metrics: dsc: 0.896 ; iou: 0.840 ; accuracy: 0.981 ; precision: 0.906 ; recall: 0.899 ; loss: 0.110
2019-01-18 20:00:35,744:INFO: - Eval metrics : dsc: 0.887 ; iou: 0.832 ; accuracy: 0.982 ; precision: 0.923 ; recall: 0.880 ; loss: 0.100
2019-01-18 20:00:35,756:INFO: - Found new best DSC
2019-01-18 20:00:35,756:INFO: Epoch 7/45
2019-01-18 20:00:46,498:INFO: - Train metrics: dsc: 0.900 ; iou: 0.845 ; accuracy: 0.982 ; precision: 0.912 ; recall: 0.903 ; loss: 0.093
2019-01-18 20:00:47,583:INFO: - Eval metrics : dsc: 0.900 ; iou: 0.847 ; accuracy: 0.983 ; precision: 0.905 ; recall: 0.907 ; loss: 0.086
2019-01-18 20:00:47,602:INFO: - Found new best DSC
2019-01-18 20:00:47,602:INFO: Epoch 8/45
2019-01-18 20:00:58,471:INFO: - Train metrics: dsc: 0.908 ; iou: 0.855 ; accuracy: 0.983 ; precision: 0.926 ; recall: 0.909 ; loss: 0.079
2019-01-18 20:00:59,537:INFO: - Eval metrics : dsc: 0.892 ; iou: 0.839 ; accuracy: 0.983 ; precision: 0.928 ; recall: 0.890 ; loss: 0.074
2019-01-18 20:00:59,554:INFO: Epoch 9/45
2019-01-18 20:01:10,269:INFO: - Train metrics: dsc: 0.910 ; iou: 0.858 ; accuracy: 0.983 ; precision: 0.923 ; recall: 0.912 ; loss: 0.071
2019-01-18 20:01:11,352:INFO: - Eval metrics : dsc: 0.906 ; iou: 0.855 ; accuracy: 0.983 ; precision: 0.906 ; recall: 0.919 ; loss: 0.065
2019-01-18 20:01:11,374:INFO: - Found new best DSC
2019-01-18 20:01:11,374:INFO: Epoch 10/45
2019-01-18 20:01:22,214:INFO: - Train metrics: dsc: 0.919 ; iou: 0.868 ; accuracy: 0.984 ; precision: 0.928 ; recall: 0.921 ; loss: 0.061
2019-01-18 20:01:23,276:INFO: - Eval metrics : dsc: 0.905 ; iou: 0.854 ; accuracy: 0.984 ; precision: 0.926 ; recall: 0.900 ; loss: 0.060
2019-01-18 20:01:23,297:INFO: Epoch 11/45
2019-01-18 20:01:34,040:INFO: - Train metrics: dsc: 0.918 ; iou: 0.868 ; accuracy: 0.984 ; precision: 0.927 ; recall: 0.919 ; loss: 0.057
2019-01-18 20:01:35,121:INFO: - Eval metrics : dsc: 0.900 ; iou: 0.846 ; accuracy: 0.983 ; precision: 0.939 ; recall: 0.887 ; loss: 0.058
2019-01-18 20:01:35,140:INFO: Epoch 12/45
2019-01-18 20:01:45,956:INFO: - Train metrics: dsc: 0.922 ; iou: 0.872 ; accuracy: 0.985 ; precision: 0.934 ; recall: 0.922 ; loss: 0.052
2019-01-18 20:01:47,073:INFO: - Eval metrics : dsc: 0.909 ; iou: 0.859 ; accuracy: 0.984 ; precision: 0.931 ; recall: 0.912 ; loss: 0.052
2019-01-18 20:01:47,093:INFO: - Found new best DSC
2019-01-18 20:01:47,093:INFO: Epoch 13/45
2019-01-18 20:01:57,915:INFO: - Train metrics: dsc: 0.925 ; iou: 0.877 ; accuracy: 0.985 ; precision: 0.936 ; recall: 0.928 ; loss: 0.048
2019-01-18 20:01:58,994:INFO: - Eval metrics : dsc: 0.904 ; iou: 0.853 ; accuracy: 0.984 ; precision: 0.933 ; recall: 0.901 ; loss: 0.049
2019-01-18 20:01:59,007:INFO: Epoch 14/45
2019-01-18 20:02:09,776:INFO: - Train metrics: dsc: 0.924 ; iou: 0.876 ; accuracy: 0.985 ; precision: 0.933 ; recall: 0.927 ; loss: 0.046
2019-01-18 20:02:10,859:INFO: - Eval metrics : dsc: 0.899 ; iou: 0.850 ; accuracy: 0.984 ; precision: 0.939 ; recall: 0.882 ; loss: 0.048
2019-01-18 20:02:10,877:INFO: Epoch 15/45
2019-01-18 20:02:21,670:INFO: - Train metrics: dsc: 0.929 ; iou: 0.882 ; accuracy: 0.986 ; precision: 0.940 ; recall: 0.929 ; loss: 0.042
2019-01-18 20:02:22,760:INFO: - Eval metrics : dsc: 0.909 ; iou: 0.859 ; accuracy: 0.984 ; precision: 0.909 ; recall: 0.924 ; loss: 0.047
2019-01-18 20:02:22,774:INFO: Epoch 16/45
2019-01-18 20:02:33,559:INFO: - Train metrics: dsc: 0.933 ; iou: 0.887 ; accuracy: 0.986 ; precision: 0.941 ; recall: 0.933 ; loss: 0.040
2019-01-18 20:02:34,653:INFO: - Eval metrics : dsc: 0.910 ; iou: 0.861 ; accuracy: 0.985 ; precision: 0.931 ; recall: 0.914 ; loss: 0.044
2019-01-18 20:02:34,670:INFO: - Found new best DSC
2019-01-18 20:02:34,670:INFO: Epoch 17/45
2019-01-18 20:02:45,431:INFO: - Train metrics: dsc: 0.932 ; iou: 0.886 ; accuracy: 0.986 ; precision: 0.941 ; recall: 0.935 ; loss: 0.039
2019-01-18 20:02:46,484:INFO: - Eval metrics : dsc: 0.898 ; iou: 0.848 ; accuracy: 0.984 ; precision: 0.933 ; recall: 0.885 ; loss: 0.046
2019-01-18 20:02:46,497:INFO: Epoch 18/45
2019-01-18 20:02:57,256:INFO: - Train metrics: dsc: 0.931 ; iou: 0.885 ; accuracy: 0.986 ; precision: 0.939 ; recall: 0.933 ; loss: 0.039
2019-01-18 20:02:58,335:INFO: - Eval metrics : dsc: 0.895 ; iou: 0.842 ; accuracy: 0.983 ; precision: 0.932 ; recall: 0.881 ; loss: 0.050
2019-01-18 20:02:58,356:INFO: Epoch 19/45
2019-01-18 20:03:09,115:INFO: - Train metrics: dsc: 0.936 ; iou: 0.891 ; accuracy: 0.987 ; precision: 0.942 ; recall: 0.936 ; loss: 0.036
2019-01-18 20:03:10,192:INFO: - Eval metrics : dsc: 0.908 ; iou: 0.860 ; accuracy: 0.985 ; precision: 0.934 ; recall: 0.912 ; loss: 0.042
2019-01-18 20:03:10,205:INFO: Epoch 20/45
2019-01-18 20:03:20,979:INFO: - Train metrics: dsc: 0.934 ; iou: 0.888 ; accuracy: 0.986 ; precision: 0.941 ; recall: 0.936 ; loss: 0.037
2019-01-18 20:03:22,013:INFO: - Eval metrics : dsc: 0.898 ; iou: 0.846 ; accuracy: 0.984 ; precision: 0.933 ; recall: 0.889 ; loss: 0.045
2019-01-18 20:03:22,027:INFO: Epoch 21/45
2019-01-18 20:03:32,823:INFO: - Train metrics: dsc: 0.935 ; iou: 0.890 ; accuracy: 0.987 ; precision: 0.944 ; recall: 0.937 ; loss: 0.035
2019-01-18 20:03:33,890:INFO: - Eval metrics : dsc: 0.908 ; iou: 0.859 ; accuracy: 0.985 ; precision: 0.925 ; recall: 0.910 ; loss: 0.041
2019-01-18 20:03:33,906:INFO: Epoch 22/45
2019-01-18 20:03:44,694:INFO: - Train metrics: dsc: 0.937 ; iou: 0.894 ; accuracy: 0.987 ; precision: 0.944 ; recall: 0.942 ; loss: 0.034
2019-01-18 20:03:45,773:INFO: - Eval metrics : dsc: 0.907 ; iou: 0.858 ; accuracy: 0.985 ; precision: 0.932 ; recall: 0.906 ; loss: 0.042
2019-01-18 20:03:45,801:INFO: Epoch 23/45
2019-01-18 20:03:56,522:INFO: - Train metrics: dsc: 0.935 ; iou: 0.890 ; accuracy: 0.987 ; precision: 0.944 ; recall: 0.938 ; loss: 0.035
2019-01-18 20:03:57,599:INFO: - Eval metrics : dsc: 0.912 ; iou: 0.859 ; accuracy: 0.983 ; precision: 0.918 ; recall: 0.922 ; loss: 0.045
2019-01-18 20:03:57,620:INFO: - Found new best DSC
2019-01-18 20:03:57,621:INFO: Epoch 24/45
2019-01-18 20:04:08,438:INFO: - Train metrics: dsc: 0.936 ; iou: 0.893 ; accuracy: 0.987 ; precision: 0.947 ; recall: 0.937 ; loss: 0.033
2019-01-18 20:04:09,566:INFO: - Eval metrics : dsc: 0.915 ; iou: 0.868 ; accuracy: 0.986 ; precision: 0.927 ; recall: 0.924 ; loss: 0.039
2019-01-18 20:04:09,583:INFO: - Found new best DSC
2019-01-18 20:04:09,583:INFO: Epoch 25/45
2019-01-18 20:04:20,427:INFO: - Train metrics: dsc: 0.939 ; iou: 0.897 ; accuracy: 0.988 ; precision: 0.947 ; recall: 0.942 ; loss: 0.031
2019-01-18 20:04:21,519:INFO: - Eval metrics : dsc: 0.917 ; iou: 0.869 ; accuracy: 0.985 ; precision: 0.922 ; recall: 0.929 ; loss: 0.038
2019-01-18 20:04:21,535:INFO: - Found new best DSC
2019-01-18 20:04:21,535:INFO: Epoch 26/45
2019-01-18 20:04:32,329:INFO: - Train metrics: dsc: 0.941 ; iou: 0.900 ; accuracy: 0.988 ; precision: 0.950 ; recall: 0.943 ; loss: 0.030
2019-01-18 20:04:33,456:INFO: - Eval metrics : dsc: 0.916 ; iou: 0.868 ; accuracy: 0.986 ; precision: 0.931 ; recall: 0.918 ; loss: 0.038
2019-01-18 20:04:33,470:INFO: Epoch 27/45
2019-01-18 20:04:44,249:INFO: - Train metrics: dsc: 0.943 ; iou: 0.901 ; accuracy: 0.988 ; precision: 0.950 ; recall: 0.944 ; loss: 0.030
2019-01-18 20:04:45,327:INFO: - Eval metrics : dsc: 0.911 ; iou: 0.862 ; accuracy: 0.985 ; precision: 0.931 ; recall: 0.912 ; loss: 0.040
2019-01-18 20:04:45,345:INFO: Epoch 28/45
2019-01-18 20:04:56,183:INFO: - Train metrics: dsc: 0.943 ; iou: 0.902 ; accuracy: 0.988 ; precision: 0.950 ; recall: 0.944 ; loss: 0.029
2019-01-18 20:04:57,274:INFO: - Eval metrics : dsc: 0.909 ; iou: 0.860 ; accuracy: 0.985 ; precision: 0.929 ; recall: 0.909 ; loss: 0.041
2019-01-18 20:04:57,296:INFO: Epoch 29/45
2019-01-18 20:05:08,049:INFO: - Train metrics: dsc: 0.942 ; iou: 0.901 ; accuracy: 0.988 ; precision: 0.951 ; recall: 0.943 ; loss: 0.029
2019-01-18 20:05:09,148:INFO: - Eval metrics : dsc: 0.913 ; iou: 0.864 ; accuracy: 0.985 ; precision: 0.928 ; recall: 0.919 ; loss: 0.039
2019-01-18 20:05:09,167:INFO: Epoch 30/45
2019-01-18 20:05:20,001:INFO: - Train metrics: dsc: 0.941 ; iou: 0.899 ; accuracy: 0.988 ; precision: 0.949 ; recall: 0.943 ; loss: 0.030
2019-01-18 20:05:21,092:INFO: - Eval metrics : dsc: 0.909 ; iou: 0.861 ; accuracy: 0.985 ; precision: 0.928 ; recall: 0.915 ; loss: 0.040
2019-01-18 20:05:21,106:INFO: Epoch 31/45
2019-01-18 20:05:31,883:INFO: - Train metrics: dsc: 0.942 ; iou: 0.901 ; accuracy: 0.988 ; precision: 0.949 ; recall: 0.944 ; loss: 0.029
2019-01-18 20:05:33,013:INFO: - Eval metrics : dsc: 0.906 ; iou: 0.859 ; accuracy: 0.985 ; precision: 0.923 ; recall: 0.912 ; loss: 0.042
2019-01-18 20:05:33,031:INFO: Epoch 32/45
2019-01-18 20:05:43,922:INFO: - Train metrics: dsc: 0.945 ; iou: 0.905 ; accuracy: 0.988 ; precision: 0.954 ; recall: 0.946 ; loss: 0.028
2019-01-18 20:05:45,011:INFO: - Eval metrics : dsc: 0.911 ; iou: 0.864 ; accuracy: 0.986 ; precision: 0.935 ; recall: 0.914 ; loss: 0.039
2019-01-18 20:05:45,031:INFO: Epoch 33/45
2019-01-18 20:05:55,825:INFO: - Train metrics: dsc: 0.944 ; iou: 0.904 ; accuracy: 0.988 ; precision: 0.951 ; recall: 0.946 ; loss: 0.029
2019-01-18 20:05:56,909:INFO: - Eval metrics : dsc: 0.906 ; iou: 0.856 ; accuracy: 0.984 ; precision: 0.919 ; recall: 0.915 ; loss: 0.042
2019-01-18 20:05:56,936:INFO: Epoch 34/45
2019-01-18 20:06:07,657:INFO: - Train metrics: dsc: 0.943 ; iou: 0.904 ; accuracy: 0.989 ; precision: 0.951 ; recall: 0.945 ; loss: 0.028
2019-01-18 20:06:08,793:INFO: - Eval metrics : dsc: 0.913 ; iou: 0.865 ; accuracy: 0.986 ; precision: 0.927 ; recall: 0.916 ; loss: 0.039
2019-01-18 20:06:08,813:INFO: Epoch 35/45
2019-01-18 20:06:19,610:INFO: - Train metrics: dsc: 0.947 ; iou: 0.909 ; accuracy: 0.989 ; precision: 0.955 ; recall: 0.949 ; loss: 0.026
2019-01-18 20:06:20,696:INFO: - Eval metrics : dsc: 0.907 ; iou: 0.860 ; accuracy: 0.985 ; precision: 0.938 ; recall: 0.901 ; loss: 0.041
2019-01-18 20:06:20,710:INFO: Epoch 36/45
2019-01-18 20:06:31,474:INFO: - Train metrics: dsc: 0.947 ; iou: 0.908 ; accuracy: 0.989 ; precision: 0.956 ; recall: 0.947 ; loss: 0.026
2019-01-18 20:06:32,554:INFO: - Eval metrics : dsc: 0.908 ; iou: 0.861 ; accuracy: 0.985 ; precision: 0.922 ; recall: 0.922 ; loss: 0.040
2019-01-18 20:06:32,573:INFO: Epoch 37/45
2019-01-18 20:06:43,368:INFO: - Train metrics: dsc: 0.946 ; iou: 0.907 ; accuracy: 0.989 ; precision: 0.952 ; recall: 0.948 ; loss: 0.026
2019-01-18 20:06:44,510:INFO: - Eval metrics : dsc: 0.910 ; iou: 0.862 ; accuracy: 0.985 ; precision: 0.937 ; recall: 0.910 ; loss: 0.041
2019-01-18 20:06:44,529:INFO: Epoch 38/45
2019-01-18 20:06:55,303:INFO: - Train metrics: dsc: 0.951 ; iou: 0.913 ; accuracy: 0.990 ; precision: 0.956 ; recall: 0.951 ; loss: 0.025
2019-01-18 20:06:56,379:INFO: - Eval metrics : dsc: 0.910 ; iou: 0.863 ; accuracy: 0.985 ; precision: 0.923 ; recall: 0.924 ; loss: 0.041
2019-01-18 20:06:56,394:INFO: Epoch 39/45
2019-01-18 20:07:07,170:INFO: - Train metrics: dsc: 0.948 ; iou: 0.910 ; accuracy: 0.989 ; precision: 0.956 ; recall: 0.949 ; loss: 0.025
2019-01-18 20:07:08,251:INFO: - Eval metrics : dsc: 0.902 ; iou: 0.853 ; accuracy: 0.985 ; precision: 0.935 ; recall: 0.900 ; loss: 0.045
2019-01-18 20:07:08,269:INFO: Epoch 40/45
2019-01-18 20:07:19,054:INFO: - Train metrics: dsc: 0.952 ; iou: 0.914 ; accuracy: 0.990 ; precision: 0.956 ; recall: 0.953 ; loss: 0.025
2019-01-18 20:07:20,167:INFO: - Eval metrics : dsc: 0.915 ; iou: 0.867 ; accuracy: 0.985 ; precision: 0.917 ; recall: 0.937 ; loss: 0.040
2019-01-18 20:07:20,181:INFO: Epoch 41/45
2019-01-18 20:07:30,971:INFO: - Train metrics: dsc: 0.951 ; iou: 0.914 ; accuracy: 0.990 ; precision: 0.957 ; recall: 0.951 ; loss: 0.024
2019-01-18 20:07:32,117:INFO: - Eval metrics : dsc: 0.901 ; iou: 0.851 ; accuracy: 0.985 ; precision: 0.930 ; recall: 0.905 ; loss: 0.042
2019-01-18 20:07:32,136:INFO: Epoch 42/45
2019-01-18 20:07:42,920:INFO: - Train metrics: dsc: 0.951 ; iou: 0.914 ; accuracy: 0.990 ; precision: 0.958 ; recall: 0.951 ; loss: 0.024
2019-01-18 20:07:44,009:INFO: - Eval metrics : dsc: 0.914 ; iou: 0.865 ; accuracy: 0.985 ; precision: 0.925 ; recall: 0.927 ; loss: 0.041
2019-01-18 20:07:44,024:INFO: Epoch 43/45
2019-01-18 20:07:54,768:INFO: - Train metrics: dsc: 0.951 ; iou: 0.914 ; accuracy: 0.990 ; precision: 0.956 ; recall: 0.952 ; loss: 0.025
2019-01-18 20:07:55,840:INFO: - Eval metrics : dsc: 0.907 ; iou: 0.861 ; accuracy: 0.985 ; precision: 0.936 ; recall: 0.909 ; loss: 0.040
2019-01-18 20:07:55,854:INFO: Epoch 44/45
2019-01-18 20:08:06,660:INFO: - Train metrics: dsc: 0.951 ; iou: 0.914 ; accuracy: 0.990 ; precision: 0.959 ; recall: 0.952 ; loss: 0.024
2019-01-18 20:08:07,749:INFO: - Eval metrics : dsc: 0.906 ; iou: 0.860 ; accuracy: 0.986 ; precision: 0.930 ; recall: 0.904 ; loss: 0.042
2019-01-18 20:08:07,769:INFO: Epoch 45/45
2019-01-18 20:08:18,523:INFO: - Train metrics: dsc: 0.953 ; iou: 0.917 ; accuracy: 0.990 ; precision: 0.960 ; recall: 0.953 ; loss: 0.023
2019-01-18 20:08:19,609:INFO: - Eval metrics : dsc: 0.910 ; iou: 0.862 ; accuracy: 0.985 ; precision: 0.928 ; recall: 0.920 ; loss: 0.042
2019-01-18 20:08:19,666:INFO: Loading the datasets...
2019-01-18 20:08:24,107:INFO: - done.
2019-01-18 20:08:24,107:INFO: For k-fold 3/5:
2019-01-18 20:08:24,107:INFO: Starting training for 45 epoch(s)
2019-01-18 20:08:24,108:INFO: Epoch 1/45
2019-01-18 20:08:34,831:INFO: - Train metrics: dsc: 0.645 ; iou: 0.538 ; accuracy: 0.918 ; precision: 0.677 ; recall: 0.652 ; loss: 0.412
2019-01-18 20:08:35,919:INFO: - Eval metrics : dsc: 0.768 ; iou: 0.670 ; accuracy: 0.941 ; precision: 0.735 ; recall: 0.847 ; loss: 0.337
2019-01-18 20:08:35,941:INFO: - Found new best DSC
2019-01-18 20:08:35,941:INFO: Epoch 2/45
2019-01-18 20:08:46,691:INFO: - Train metrics: dsc: 0.833 ; iou: 0.755 ; accuracy: 0.967 ; precision: 0.849 ; recall: 0.839 ; loss: 0.276
2019-01-18 20:08:47,770:INFO: - Eval metrics : dsc: 0.840 ; iou: 0.768 ; accuracy: 0.970 ; precision: 0.881 ; recall: 0.834 ; loss: 0.235
2019-01-18 20:08:47,786:INFO: - Found new best DSC
2019-01-18 20:08:47,786:INFO: Epoch 3/45
2019-01-18 20:08:58,528:INFO: - Train metrics: dsc: 0.860 ; iou: 0.792 ; accuracy: 0.973 ; precision: 0.876 ; recall: 0.868 ; loss: 0.213
2019-01-18 20:08:59,631:INFO: - Eval metrics : dsc: 0.869 ; iou: 0.805 ; accuracy: 0.975 ; precision: 0.906 ; recall: 0.866 ; loss: 0.186
2019-01-18 20:08:59,652:INFO: - Found new best DSC
2019-01-18 20:08:59,652:INFO: Epoch 4/45
2019-01-18 20:09:10,404:INFO: - Train metrics: dsc: 0.879 ; iou: 0.817 ; accuracy: 0.977 ; precision: 0.893 ; recall: 0.883 ; loss: 0.166
2019-01-18 20:09:11,485:INFO: - Eval metrics : dsc: 0.875 ; iou: 0.813 ; accuracy: 0.975 ; precision: 0.897 ; recall: 0.884 ; loss: 0.147
2019-01-18 20:09:11,506:INFO: - Found new best DSC
2019-01-18 20:09:11,507:INFO: Epoch 5/45
2019-01-18 20:09:22,335:INFO: - Train metrics: dsc: 0.888 ; iou: 0.829 ; accuracy: 0.980 ; precision: 0.902 ; recall: 0.891 ; loss: 0.133
2019-01-18 20:09:23,403:INFO: - Eval metrics : dsc: 0.892 ; iou: 0.834 ; accuracy: 0.979 ; precision: 0.903 ; recall: 0.898 ; loss: 0.125
2019-01-18 20:09:23,424:INFO: - Found new best DSC
2019-01-18 20:09:23,424:INFO: Epoch 6/45
2019-01-18 20:09:34,192:INFO: - Train metrics: dsc: 0.895 ; iou: 0.839 ; accuracy: 0.981 ; precision: 0.912 ; recall: 0.897 ; loss: 0.109
2019-01-18 20:09:35,324:INFO: - Eval metrics : dsc: 0.883 ; iou: 0.826 ; accuracy: 0.979 ; precision: 0.937 ; recall: 0.867 ; loss: 0.103
2019-01-18 20:09:35,340:INFO: Epoch 7/45
2019-01-18 20:09:46,112:INFO: - Train metrics: dsc: 0.904 ; iou: 0.849 ; accuracy: 0.982 ; precision: 0.914 ; recall: 0.906 ; loss: 0.092
2019-01-18 20:09:47,178:INFO: - Eval metrics : dsc: 0.901 ; iou: 0.845 ; accuracy: 0.981 ; precision: 0.923 ; recall: 0.894 ; loss: 0.087
2019-01-18 20:09:47,195:INFO: - Found new best DSC
2019-01-18 20:09:47,195:INFO: Epoch 8/45
2019-01-18 20:09:57,961:INFO: - Train metrics: dsc: 0.905 ; iou: 0.850 ; accuracy: 0.982 ; precision: 0.916 ; recall: 0.909 ; loss: 0.080
2019-01-18 20:09:59,059:INFO: - Eval metrics : dsc: 0.894 ; iou: 0.839 ; accuracy: 0.980 ; precision: 0.940 ; recall: 0.878 ; loss: 0.080
2019-01-18 20:09:59,077:INFO: Epoch 9/45
2019-01-18 20:10:09,862:INFO: - Train metrics: dsc: 0.907 ; iou: 0.855 ; accuracy: 0.983 ; precision: 0.922 ; recall: 0.911 ; loss: 0.070
2019-01-18 20:10:10,947:INFO: - Eval metrics : dsc: 0.904 ; iou: 0.849 ; accuracy: 0.981 ; precision: 0.912 ; recall: 0.920 ; loss: 0.073
2019-01-18 20:10:10,964:INFO: - Found new best DSC
2019-01-18 20:10:10,964:INFO: Epoch 10/45
2019-01-18 20:10:21,725:INFO: - Train metrics: dsc: 0.915 ; iou: 0.864 ; accuracy: 0.984 ; precision: 0.926 ; recall: 0.915 ; loss: 0.061
2019-01-18 20:10:22,804:INFO: - Eval metrics : dsc: 0.901 ; iou: 0.848 ; accuracy: 0.982 ; precision: 0.932 ; recall: 0.895 ; loss: 0.064
2019-01-18 20:10:22,824:INFO: Epoch 11/45
2019-01-18 20:10:33,610:INFO: - Train metrics: dsc: 0.920 ; iou: 0.871 ; accuracy: 0.985 ; precision: 0.931 ; recall: 0.924 ; loss: 0.055
2019-01-18 20:10:34,698:INFO: - Eval metrics : dsc: 0.910 ; iou: 0.858 ; accuracy: 0.983 ; precision: 0.923 ; recall: 0.918 ; loss: 0.061
2019-01-18 20:10:34,715:INFO: - Found new best DSC
2019-01-18 20:10:34,715:INFO: Epoch 12/45
2019-01-18 20:10:45,469:INFO: - Train metrics: dsc: 0.919 ; iou: 0.871 ; accuracy: 0.985 ; precision: 0.930 ; recall: 0.921 ; loss: 0.051
2019-01-18 20:10:46,567:INFO: - Eval metrics : dsc: 0.909 ; iou: 0.856 ; accuracy: 0.982 ; precision: 0.928 ; recall: 0.913 ; loss: 0.059
2019-01-18 20:10:46,586:INFO: Epoch 13/45
2019-01-18 20:10:57,368:INFO: - Train metrics: dsc: 0.923 ; iou: 0.875 ; accuracy: 0.985 ; precision: 0.932 ; recall: 0.927 ; loss: 0.048
2019-01-18 20:10:58,450:INFO: - Eval metrics : dsc: 0.911 ; iou: 0.858 ; accuracy: 0.983 ; precision: 0.927 ; recall: 0.916 ; loss: 0.054
2019-01-18 20:10:58,472:INFO: - Found new best DSC
2019-01-18 20:10:58,472:INFO: Epoch 14/45
2019-01-18 20:11:09,292:INFO: - Train metrics: dsc: 0.926 ; iou: 0.878 ; accuracy: 0.985 ; precision: 0.936 ; recall: 0.928 ; loss: 0.045
2019-01-18 20:11:10,382:INFO: - Eval metrics : dsc: 0.902 ; iou: 0.851 ; accuracy: 0.983 ; precision: 0.944 ; recall: 0.889 ; loss: 0.052
2019-01-18 20:11:10,396:INFO: Epoch 15/45
2019-01-18 20:11:21,203:INFO: - Train metrics: dsc: 0.926 ; iou: 0.879 ; accuracy: 0.986 ; precision: 0.939 ; recall: 0.926 ; loss: 0.043
2019-01-18 20:11:22,290:INFO: - Eval metrics : dsc: 0.914 ; iou: 0.863 ; accuracy: 0.983 ; precision: 0.917 ; recall: 0.926 ; loss: 0.050
2019-01-18 20:11:22,312:INFO: - Found new best DSC
2019-01-18 20:11:22,312:INFO: Epoch 16/45
2019-01-18 20:11:33,166:INFO: - Train metrics: dsc: 0.928 ; iou: 0.882 ; accuracy: 0.986 ; precision: 0.937 ; recall: 0.931 ; loss: 0.041
2019-01-18 20:11:34,338:INFO: - Eval metrics : dsc: 0.916 ; iou: 0.866 ; accuracy: 0.983 ; precision: 0.917 ; recall: 0.929 ; loss: 0.048
2019-01-18 20:11:34,359:INFO: - Found new best DSC
2019-01-18 20:11:34,359:INFO: Epoch 17/45
2019-01-18 20:11:45,201:INFO: - Train metrics: dsc: 0.930 ; iou: 0.883 ; accuracy: 0.986 ; precision: 0.940 ; recall: 0.933 ; loss: 0.040
2019-01-18 20:11:46,341:INFO: - Eval metrics : dsc: 0.916 ; iou: 0.865 ; accuracy: 0.983 ; precision: 0.929 ; recall: 0.916 ; loss: 0.048
2019-01-18 20:11:46,361:INFO: Epoch 18/45
2019-01-18 20:11:57,137:INFO: - Train metrics: dsc: 0.932 ; iou: 0.887 ; accuracy: 0.987 ; precision: 0.940 ; recall: 0.936 ; loss: 0.037
2019-01-18 20:11:58,285:INFO: - Eval metrics : dsc: 0.912 ; iou: 0.860 ; accuracy: 0.983 ; precision: 0.947 ; recall: 0.899 ; loss: 0.049
2019-01-18 20:11:58,298:INFO: Epoch 19/45
2019-01-18 20:12:09,045:INFO: - Train metrics: dsc: 0.935 ; iou: 0.891 ; accuracy: 0.987 ; precision: 0.943 ; recall: 0.937 ; loss: 0.035
2019-01-18 20:12:10,131:INFO: - Eval metrics : dsc: 0.917 ; iou: 0.867 ; accuracy: 0.983 ; precision: 0.925 ; recall: 0.926 ; loss: 0.047
2019-01-18 20:12:10,148:INFO: - Found new best DSC
2019-01-18 20:12:10,148:INFO: Epoch 20/45
2019-01-18 20:12:20,967:INFO: - Train metrics: dsc: 0.932 ; iou: 0.886 ; accuracy: 0.986 ; precision: 0.941 ; recall: 0.935 ; loss: 0.037
2019-01-18 20:12:22,048:INFO: - Eval metrics : dsc: 0.915 ; iou: 0.864 ; accuracy: 0.983 ; precision: 0.918 ; recall: 0.928 ; loss: 0.047
2019-01-18 20:12:22,066:INFO: Epoch 21/45
2019-01-18 20:12:32,847:INFO: - Train metrics: dsc: 0.934 ; iou: 0.890 ; accuracy: 0.987 ; precision: 0.941 ; recall: 0.936 ; loss: 0.034
2019-01-18 20:12:33,953:INFO: - Eval metrics : dsc: 0.919 ; iou: 0.870 ; accuracy: 0.984 ; precision: 0.934 ; recall: 0.922 ; loss: 0.044
2019-01-18 20:12:33,970:INFO: - Found new best DSC
2019-01-18 20:12:33,970:INFO: Epoch 22/45
2019-01-18 20:12:44,772:INFO: - Train metrics: dsc: 0.938 ; iou: 0.895 ; accuracy: 0.988 ; precision: 0.944 ; recall: 0.941 ; loss: 0.033
2019-01-18 20:12:45,861:INFO: - Eval metrics : dsc: 0.916 ; iou: 0.867 ; accuracy: 0.984 ; precision: 0.939 ; recall: 0.914 ; loss: 0.044
2019-01-18 20:12:45,881:INFO: Epoch 23/45
2019-01-18 20:12:56,656:INFO: - Train metrics: dsc: 0.933 ; iou: 0.888 ; accuracy: 0.987 ; precision: 0.940 ; recall: 0.937 ; loss: 0.035
2019-01-18 20:12:57,739:INFO: - Eval metrics : dsc: 0.913 ; iou: 0.861 ; accuracy: 0.982 ; precision: 0.904 ; recall: 0.934 ; loss: 0.050
2019-01-18 20:12:57,754:INFO: Epoch 24/45
2019-01-18 20:13:08,541:INFO: - Train metrics: dsc: 0.939 ; iou: 0.895 ; accuracy: 0.988 ; precision: 0.945 ; recall: 0.942 ; loss: 0.032
2019-01-18 20:13:09,636:INFO: - Eval metrics : dsc: 0.922 ; iou: 0.873 ; accuracy: 0.984 ; precision: 0.934 ; recall: 0.926 ; loss: 0.043
2019-01-18 20:13:09,656:INFO: - Found new best DSC
2019-01-18 20:13:09,656:INFO: Epoch 25/45
2019-01-18 20:13:20,427:INFO: - Train metrics: dsc: 0.942 ; iou: 0.900 ; accuracy: 0.988 ; precision: 0.949 ; recall: 0.945 ; loss: 0.031
2019-01-18 20:13:21,497:INFO: - Eval metrics : dsc: 0.921 ; iou: 0.870 ; accuracy: 0.984 ; precision: 0.931 ; recall: 0.924 ; loss: 0.044
2019-01-18 20:13:21,516:INFO: Epoch 26/45
2019-01-18 20:13:32,395:INFO: - Train metrics: dsc: 0.941 ; iou: 0.900 ; accuracy: 0.988 ; precision: 0.945 ; recall: 0.945 ; loss: 0.030
2019-01-18 20:13:33,531:INFO: - Eval metrics : dsc: 0.920 ; iou: 0.870 ; accuracy: 0.984 ; precision: 0.938 ; recall: 0.917 ; loss: 0.045
2019-01-18 20:13:33,559:INFO: Epoch 27/45
2019-01-18 20:13:44,318:INFO: - Train metrics: dsc: 0.943 ; iou: 0.901 ; accuracy: 0.988 ; precision: 0.949 ; recall: 0.945 ; loss: 0.030
2019-01-18 20:13:45,404:INFO: - Eval metrics : dsc: 0.916 ; iou: 0.865 ; accuracy: 0.983 ; precision: 0.942 ; recall: 0.908 ; loss: 0.046
2019-01-18 20:13:45,420:INFO: Epoch 28/45
2019-01-18 20:13:56,191:INFO: - Train metrics: dsc: 0.944 ; iou: 0.903 ; accuracy: 0.988 ; precision: 0.948 ; recall: 0.946 ; loss: 0.029
2019-01-18 20:13:57,269:INFO: - Eval metrics : dsc: 0.912 ; iou: 0.860 ; accuracy: 0.983 ; precision: 0.941 ; recall: 0.901 ; loss: 0.048
2019-01-18 20:13:57,283:INFO: Epoch 29/45
2019-01-18 20:14:08,095:INFO: - Train metrics: dsc: 0.941 ; iou: 0.900 ; accuracy: 0.988 ; precision: 0.948 ; recall: 0.943 ; loss: 0.029
2019-01-18 20:14:09,179:INFO: - Eval metrics : dsc: 0.919 ; iou: 0.870 ; accuracy: 0.984 ; precision: 0.930 ; recall: 0.923 ; loss: 0.044
2019-01-18 20:14:09,194:INFO: Epoch 30/45
2019-01-18 20:14:19,976:INFO: - Train metrics: dsc: 0.946 ; iou: 0.905 ; accuracy: 0.989 ; precision: 0.950 ; recall: 0.949 ; loss: 0.028
2019-01-18 20:14:21,057:INFO: - Eval metrics : dsc: 0.922 ; iou: 0.872 ; accuracy: 0.984 ; precision: 0.936 ; recall: 0.921 ; loss: 0.043
2019-01-18 20:14:21,071:INFO: Epoch 31/45
2019-01-18 20:14:31,845:INFO: - Train metrics: dsc: 0.945 ; iou: 0.904 ; accuracy: 0.989 ; precision: 0.952 ; recall: 0.947 ; loss: 0.028
2019-01-18 20:14:32,940:INFO: - Eval metrics : dsc: 0.914 ; iou: 0.865 ; accuracy: 0.984 ; precision: 0.928 ; recall: 0.920 ; loss: 0.045
2019-01-18 20:14:32,954:INFO: Epoch 32/45
2019-01-18 20:14:43,721:INFO: - Train metrics: dsc: 0.948 ; iou: 0.909 ; accuracy: 0.989 ; precision: 0.952 ; recall: 0.950 ; loss: 0.027
2019-01-18 20:14:44,834:INFO: - Eval metrics : dsc: 0.915 ; iou: 0.863 ; accuracy: 0.983 ; precision: 0.934 ; recall: 0.916 ; loss: 0.047
2019-01-18 20:14:44,850:INFO: Epoch 33/45
2019-01-18 20:14:55,684:INFO: - Train metrics: dsc: 0.947 ; iou: 0.907 ; accuracy: 0.989 ; precision: 0.949 ; recall: 0.950 ; loss: 0.027
2019-01-18 20:14:56,783:INFO: - Eval metrics : dsc: 0.916 ; iou: 0.866 ; accuracy: 0.984 ; precision: 0.925 ; recall: 0.926 ; loss: 0.045
2019-01-18 20:14:56,804:INFO: Epoch 34/45
2019-01-18 20:15:07,572:INFO: - Train metrics: dsc: 0.947 ; iou: 0.908 ; accuracy: 0.989 ; precision: 0.954 ; recall: 0.949 ; loss: 0.027
2019-01-18 20:15:08,693:INFO: - Eval metrics : dsc: 0.916 ; iou: 0.866 ; accuracy: 0.984 ; precision: 0.928 ; recall: 0.924 ; loss: 0.047
2019-01-18 20:15:08,711:INFO: Epoch 35/45
2019-01-18 20:15:19,481:INFO: - Train metrics: dsc: 0.949 ; iou: 0.910 ; accuracy: 0.989 ; precision: 0.955 ; recall: 0.950 ; loss: 0.026
2019-01-18 20:15:20,603:INFO: - Eval metrics : dsc: 0.915 ; iou: 0.865 ; accuracy: 0.984 ; precision: 0.946 ; recall: 0.906 ; loss: 0.047
2019-01-18 20:15:20,622:INFO: Epoch 36/45
2019-01-18 20:15:31,468:INFO: - Train metrics: dsc: 0.948 ; iou: 0.909 ; accuracy: 0.989 ; precision: 0.953 ; recall: 0.949 ; loss: 0.026
2019-01-18 20:15:32,554:INFO: - Eval metrics : dsc: 0.917 ; iou: 0.868 ; accuracy: 0.984 ; precision: 0.931 ; recall: 0.923 ; loss: 0.045
2019-01-18 20:15:32,569:INFO: Epoch 37/45
2019-01-18 20:15:43,354:INFO: - Train metrics: dsc: 0.948 ; iou: 0.910 ; accuracy: 0.989 ; precision: 0.952 ; recall: 0.951 ; loss: 0.026
2019-01-18 20:15:44,451:INFO: - Eval metrics : dsc: 0.914 ; iou: 0.863 ; accuracy: 0.984 ; precision: 0.935 ; recall: 0.913 ; loss: 0.047
2019-01-18 20:15:44,471:INFO: Epoch 38/45
2019-01-18 20:15:55,253:INFO: - Train metrics: dsc: 0.952 ; iou: 0.914 ; accuracy: 0.990 ; precision: 0.956 ; recall: 0.954 ; loss: 0.025
2019-01-18 20:15:56,324:INFO: - Eval metrics : dsc: 0.920 ; iou: 0.871 ; accuracy: 0.984 ; precision: 0.918 ; recall: 0.937 ; loss: 0.046
2019-01-18 20:15:56,343:INFO: Epoch 39/45
2019-01-18 20:16:07,136:INFO: - Train metrics: dsc: 0.948 ; iou: 0.909 ; accuracy: 0.989 ; precision: 0.956 ; recall: 0.949 ; loss: 0.026
2019-01-18 20:16:08,238:INFO: - Eval metrics : dsc: 0.921 ; iou: 0.871 ; accuracy: 0.984 ; precision: 0.933 ; recall: 0.926 ; loss: 0.048
2019-01-18 20:16:08,260:INFO: Epoch 40/45
2019-01-18 20:16:19,052:INFO: - Train metrics: dsc: 0.950 ; iou: 0.911 ; accuracy: 0.990 ; precision: 0.956 ; recall: 0.950 ; loss: 0.025
2019-01-18 20:16:20,142:INFO: - Eval metrics : dsc: 0.918 ; iou: 0.868 ; accuracy: 0.983 ; precision: 0.920 ; recall: 0.932 ; loss: 0.048
2019-01-18 20:16:20,162:INFO: Epoch 41/45
2019-01-18 20:16:30,966:INFO: - Train metrics: dsc: 0.951 ; iou: 0.915 ; accuracy: 0.990 ; precision: 0.956 ; recall: 0.952 ; loss: 0.024
2019-01-18 20:16:32,103:INFO: - Eval metrics : dsc: 0.920 ; iou: 0.871 ; accuracy: 0.984 ; precision: 0.934 ; recall: 0.920 ; loss: 0.045
2019-01-18 20:16:32,125:INFO: Epoch 42/45
2019-01-18 20:16:42,966:INFO: - Train metrics: dsc: 0.951 ; iou: 0.914 ; accuracy: 0.990 ; precision: 0.959 ; recall: 0.952 ; loss: 0.024
2019-01-18 20:16:44,075:INFO: - Eval metrics : dsc: 0.918 ; iou: 0.867 ; accuracy: 0.984 ; precision: 0.940 ; recall: 0.914 ; loss: 0.048
2019-01-18 20:16:44,089:INFO: Epoch 43/45
2019-01-18 20:16:54,861:INFO: - Train metrics: dsc: 0.952 ; iou: 0.915 ; accuracy: 0.990 ; precision: 0.957 ; recall: 0.954 ; loss: 0.024
2019-01-18 20:16:55,948:INFO: - Eval metrics : dsc: 0.914 ; iou: 0.864 ; accuracy: 0.984 ; precision: 0.937 ; recall: 0.911 ; loss: 0.048
2019-01-18 20:16:55,966:INFO: Epoch 44/45
2019-01-18 20:17:06,727:INFO: - Train metrics: dsc: 0.955 ; iou: 0.918 ; accuracy: 0.990 ; precision: 0.959 ; recall: 0.956 ; loss: 0.023
2019-01-18 20:17:07,817:INFO: - Eval metrics : dsc: 0.916 ; iou: 0.866 ; accuracy: 0.984 ; precision: 0.947 ; recall: 0.906 ; loss: 0.049
2019-01-18 20:17:07,838:INFO: Epoch 45/45
2019-01-18 20:17:18,736:INFO: - Train metrics: dsc: 0.955 ; iou: 0.919 ; accuracy: 0.990 ; precision: 0.960 ; recall: 0.956 ; loss: 0.022
2019-01-18 20:17:19,812:INFO: - Eval metrics : dsc: 0.916 ; iou: 0.865 ; accuracy: 0.983 ; precision: 0.942 ; recall: 0.908 ; loss: 0.051
2019-01-18 20:17:19,879:INFO: Loading the datasets...
2019-01-18 20:17:24,304:INFO: - done.
2019-01-18 20:17:24,304:INFO: For k-fold 4/5:
2019-01-18 20:17:24,304:INFO: Starting training for 45 epoch(s)
2019-01-18 20:17:24,304:INFO: Epoch 1/45
2019-01-18 20:17:35,010:INFO: - Train metrics: dsc: 0.653 ; iou: 0.546 ; accuracy: 0.920 ; precision: 0.690 ; recall: 0.657 ; loss: 0.410
2019-01-18 20:17:36,131:INFO: - Eval metrics : dsc: 0.777 ; iou: 0.683 ; accuracy: 0.951 ; precision: 0.772 ; recall: 0.826 ; loss: 0.325
2019-01-18 20:17:36,148:INFO: - Found new best DSC
2019-01-18 20:17:36,148:INFO: Epoch 2/45
2019-01-18 20:17:46,907:INFO: - Train metrics: dsc: 0.837 ; iou: 0.760 ; accuracy: 0.967 ; precision: 0.852 ; recall: 0.846 ; loss: 0.276
2019-01-18 20:17:48,018:INFO: - Eval metrics : dsc: 0.819 ; iou: 0.737 ; accuracy: 0.962 ; precision: 0.804 ; recall: 0.866 ; loss: 0.248
2019-01-18 20:17:48,042:INFO: - Found new best DSC
2019-01-18 20:17:48,043:INFO: Epoch 3/45
2019-01-18 20:17:58,806:INFO: - Train metrics: dsc: 0.866 ; iou: 0.798 ; accuracy: 0.974 ; precision: 0.884 ; recall: 0.874 ; loss: 0.212
2019-01-18 20:17:59,901:INFO: - Eval metrics : dsc: 0.837 ; iou: 0.772 ; accuracy: 0.974 ; precision: 0.891 ; recall: 0.836 ; loss: 0.187
2019-01-18 20:17:59,918:INFO: - Found new best DSC
2019-01-18 20:17:59,918:INFO: Epoch 4/45
2019-01-18 20:18:10,653:INFO: - Train metrics: dsc: 0.882 ; iou: 0.820 ; accuracy: 0.977 ; precision: 0.893 ; recall: 0.888 ; loss: 0.166
2019-01-18 20:18:11,734:INFO: - Eval metrics : dsc: 0.852 ; iou: 0.789 ; accuracy: 0.976 ; precision: 0.884 ; recall: 0.855 ; loss: 0.143
2019-01-18 20:18:11,755:INFO: - Found new best DSC
2019-01-18 20:18:11,755:INFO: Epoch 5/45
2019-01-18 20:18:22,503:INFO: - Train metrics: dsc: 0.894 ; iou: 0.836 ; accuracy: 0.980 ; precision: 0.906 ; recall: 0.898 ; loss: 0.132
2019-01-18 20:18:23,575:INFO: - Eval metrics : dsc: 0.862 ; iou: 0.795 ; accuracy: 0.974 ; precision: 0.860 ; recall: 0.896 ; loss: 0.134
2019-01-18 20:18:23,591:INFO: - Found new best DSC
2019-01-18 20:18:23,591:INFO: Epoch 6/45
2019-01-18 20:18:34,389:INFO: - Train metrics: dsc: 0.900 ; iou: 0.845 ; accuracy: 0.981 ; precision: 0.913 ; recall: 0.906 ; loss: 0.108
2019-01-18 20:18:35,477:INFO: - Eval metrics : dsc: 0.872 ; iou: 0.810 ; accuracy: 0.978 ; precision: 0.902 ; recall: 0.862 ; loss: 0.107
2019-01-18 20:18:35,491:INFO: - Found new best DSC
2019-01-18 20:18:35,492:INFO: Epoch 7/45
2019-01-18 20:18:46,291:INFO: - Train metrics: dsc: 0.907 ; iou: 0.854 ; accuracy: 0.982 ; precision: 0.917 ; recall: 0.911 ; loss: 0.091
2019-01-18 20:18:47,393:INFO: - Eval metrics : dsc: 0.884 ; iou: 0.826 ; accuracy: 0.980 ; precision: 0.929 ; recall: 0.873 ; loss: 0.089
2019-01-18 20:18:47,410:INFO: - Found new best DSC
2019-01-18 20:18:47,410:INFO: Epoch 8/45
2019-01-18 20:18:58,156:INFO: - Train metrics: dsc: 0.907 ; iou: 0.855 ; accuracy: 0.983 ; precision: 0.921 ; recall: 0.910 ; loss: 0.078
2019-01-18 20:18:59,224:INFO: - Eval metrics : dsc: 0.867 ; iou: 0.810 ; accuracy: 0.980 ; precision: 0.930 ; recall: 0.853 ; loss: 0.082
2019-01-18 20:18:59,242:INFO: Epoch 9/45
2019-01-18 20:19:09,993:INFO: - Train metrics: dsc: 0.912 ; iou: 0.861 ; accuracy: 0.984 ; precision: 0.923 ; recall: 0.916 ; loss: 0.069
2019-01-18 20:19:11,109:INFO: - Eval metrics : dsc: 0.887 ; iou: 0.830 ; accuracy: 0.981 ; precision: 0.908 ; recall: 0.898 ; loss: 0.073
2019-01-18 20:19:11,125:INFO: - Found new best DSC
2019-01-18 20:19:11,125:INFO: Epoch 10/45
2019-01-18 20:19:22,009:INFO: - Train metrics: dsc: 0.918 ; iou: 0.868 ; accuracy: 0.984 ; precision: 0.925 ; recall: 0.921 ; loss: 0.061
2019-01-18 20:19:23,097:INFO: - Eval metrics : dsc: 0.891 ; iou: 0.835 ; accuracy: 0.981 ; precision: 0.897 ; recall: 0.907 ; loss: 0.065
2019-01-18 20:19:23,118:INFO: - Found new best DSC
2019-01-18 20:19:23,118:INFO: Epoch 11/45
2019-01-18 20:19:33,894:INFO: - Train metrics: dsc: 0.917 ; iou: 0.868 ; accuracy: 0.985 ; precision: 0.930 ; recall: 0.920 ; loss: 0.055
2019-01-18 20:19:35,006:INFO: - Eval metrics : dsc: 0.897 ; iou: 0.842 ; accuracy: 0.981 ; precision: 0.896 ; recall: 0.921 ; loss: 0.062
2019-01-18 20:19:35,022:INFO: - Found new best DSC
2019-01-18 20:19:35,022:INFO: Epoch 12/45
2019-01-18 20:19:45,835:INFO: - Train metrics: dsc: 0.918 ; iou: 0.870 ; accuracy: 0.985 ; precision: 0.928 ; recall: 0.921 ; loss: 0.051
2019-01-18 20:19:46,939:INFO: - Eval metrics : dsc: 0.897 ; iou: 0.844 ; accuracy: 0.982 ; precision: 0.911 ; recall: 0.911 ; loss: 0.057
2019-01-18 20:19:46,952:INFO: Epoch 13/45
2019-01-18 20:19:57,765:INFO: - Train metrics: dsc: 0.922 ; iou: 0.875 ; accuracy: 0.985 ; precision: 0.933 ; recall: 0.926 ; loss: 0.047
2019-01-18 20:19:58,851:INFO: - Eval metrics : dsc: 0.892 ; iou: 0.836 ; accuracy: 0.981 ; precision: 0.896 ; recall: 0.914 ; loss: 0.059
2019-01-18 20:19:58,869:INFO: Epoch 14/45
2019-01-18 20:20:09,658:INFO: - Train metrics: dsc: 0.927 ; iou: 0.880 ; accuracy: 0.986 ; precision: 0.933 ; recall: 0.931 ; loss: 0.044
2019-01-18 20:20:10,772:INFO: - Eval metrics : dsc: 0.893 ; iou: 0.841 ; accuracy: 0.983 ; precision: 0.922 ; recall: 0.897 ; loss: 0.053
2019-01-18 20:20:10,793:INFO: Epoch 15/45
2019-01-18 20:20:21,630:INFO: - Train metrics: dsc: 0.927 ; iou: 0.881 ; accuracy: 0.986 ; precision: 0.936 ; recall: 0.929 ; loss: 0.042
2019-01-18 20:20:22,696:INFO: - Eval metrics : dsc: 0.899 ; iou: 0.845 ; accuracy: 0.982 ; precision: 0.899 ; recall: 0.914 ; loss: 0.053
2019-01-18 20:20:22,719:INFO: - Found new best DSC
2019-01-18 20:20:22,719:INFO: Epoch 16/45
2019-01-18 20:20:33,524:INFO: - Train metrics: dsc: 0.932 ; iou: 0.886 ; accuracy: 0.987 ; precision: 0.938 ; recall: 0.934 ; loss: 0.039
2019-01-18 20:20:34,606:INFO: - Eval metrics : dsc: 0.900 ; iou: 0.841 ; accuracy: 0.980 ; precision: 0.898 ; recall: 0.920 ; loss: 0.055
2019-01-18 20:20:34,628:INFO: - Found new best DSC
2019-01-18 20:20:34,628:INFO: Epoch 17/45
2019-01-18 20:20:45,428:INFO: - Train metrics: dsc: 0.930 ; iou: 0.885 ; accuracy: 0.986 ; precision: 0.937 ; recall: 0.934 ; loss: 0.038
2019-01-18 20:20:46,530:INFO: - Eval metrics : dsc: 0.901 ; iou: 0.847 ; accuracy: 0.982 ; precision: 0.930 ; recall: 0.897 ; loss: 0.051
2019-01-18 20:20:46,553:INFO: - Found new best DSC
2019-01-18 20:20:46,554:INFO: Epoch 18/45
2019-01-18 20:20:57,369:INFO: - Train metrics: dsc: 0.930 ; iou: 0.885 ; accuracy: 0.986 ; precision: 0.938 ; recall: 0.933 ; loss: 0.038
2019-01-18 20:20:58,447:INFO: - Eval metrics : dsc: 0.894 ; iou: 0.842 ; accuracy: 0.983 ; precision: 0.920 ; recall: 0.897 ; loss: 0.050
2019-01-18 20:20:58,466:INFO: Epoch 19/45
2019-01-18 20:21:09,180:INFO: - Train metrics: dsc: 0.933 ; iou: 0.889 ; accuracy: 0.987 ; precision: 0.941 ; recall: 0.936 ; loss: 0.035
2019-01-18 20:21:10,302:INFO: - Eval metrics : dsc: 0.902 ; iou: 0.848 ; accuracy: 0.983 ; precision: 0.912 ; recall: 0.917 ; loss: 0.050
2019-01-18 20:21:10,323:INFO: - Found new best DSC
2019-01-18 20:21:10,323:INFO: Epoch 20/45
2019-01-18 20:21:21,138:INFO: - Train metrics: dsc: 0.933 ; iou: 0.888 ; accuracy: 0.987 ; precision: 0.941 ; recall: 0.936 ; loss: 0.035
2019-01-18 20:21:22,191:INFO: - Eval metrics : dsc: 0.899 ; iou: 0.847 ; accuracy: 0.983 ; precision: 0.924 ; recall: 0.905 ; loss: 0.048
2019-01-18 20:21:22,205:INFO: Epoch 21/45
2019-01-18 20:21:32,929:INFO: - Train metrics: dsc: 0.932 ; iou: 0.887 ; accuracy: 0.987 ; precision: 0.941 ; recall: 0.934 ; loss: 0.035
2019-01-18 20:21:34,015:INFO: - Eval metrics : dsc: 0.904 ; iou: 0.850 ; accuracy: 0.983 ; precision: 0.931 ; recall: 0.908 ; loss: 0.047
2019-01-18 20:21:34,046:INFO: - Found new best DSC
2019-01-18 20:21:34,046:INFO: Epoch 22/45
2019-01-18 20:21:44,860:INFO: - Train metrics: dsc: 0.936 ; iou: 0.894 ; accuracy: 0.988 ; precision: 0.946 ; recall: 0.940 ; loss: 0.033
2019-01-18 20:21:45,938:INFO: - Eval metrics : dsc: 0.898 ; iou: 0.846 ; accuracy: 0.983 ; precision: 0.923 ; recall: 0.897 ; loss: 0.047
2019-01-18 20:21:45,956:INFO: Epoch 23/45
2019-01-18 20:21:56,801:INFO: - Train metrics: dsc: 0.934 ; iou: 0.890 ; accuracy: 0.987 ; precision: 0.940 ; recall: 0.937 ; loss: 0.034
2019-01-18 20:21:57,909:INFO: - Eval metrics : dsc: 0.906 ; iou: 0.848 ; accuracy: 0.980 ; precision: 0.895 ; recall: 0.934 ; loss: 0.054
2019-01-18 20:21:57,926:INFO: - Found new best DSC
2019-01-18 20:21:57,926:INFO: Epoch 24/45
2019-01-18 20:22:08,695:INFO: - Train metrics: dsc: 0.940 ; iou: 0.898 ; accuracy: 0.988 ; precision: 0.945 ; recall: 0.943 ; loss: 0.031
2019-01-18 20:22:09,786:INFO: - Eval metrics : dsc: 0.909 ; iou: 0.857 ; accuracy: 0.984 ; precision: 0.922 ; recall: 0.917 ; loss: 0.045
2019-01-18 20:22:09,806:INFO: - Found new best DSC
2019-01-18 20:22:09,807:INFO: Epoch 25/45
2019-01-18 20:22:20,547:INFO: - Train metrics: dsc: 0.942 ; iou: 0.900 ; accuracy: 0.988 ; precision: 0.950 ; recall: 0.943 ; loss: 0.030
2019-01-18 20:22:21,680:INFO: - Eval metrics : dsc: 0.916 ; iou: 0.863 ; accuracy: 0.983 ; precision: 0.919 ; recall: 0.930 ; loss: 0.045
2019-01-18 20:22:21,695:INFO: - Found new best DSC
2019-01-18 20:22:21,695:INFO: Epoch 26/45
2019-01-18 20:22:32,503:INFO: - Train metrics: dsc: 0.936 ; iou: 0.893 ; accuracy: 0.987 ; precision: 0.945 ; recall: 0.939 ; loss: 0.032
2019-01-18 20:22:33,608:INFO: - Eval metrics : dsc: 0.891 ; iou: 0.835 ; accuracy: 0.982 ; precision: 0.930 ; recall: 0.878 ; loss: 0.052
2019-01-18 20:22:33,626:INFO: Epoch 27/45
2019-01-18 20:22:44,396:INFO: - Train metrics: dsc: 0.941 ; iou: 0.900 ; accuracy: 0.988 ; precision: 0.946 ; recall: 0.945 ; loss: 0.029
2019-01-18 20:22:45,492:INFO: - Eval metrics : dsc: 0.894 ; iou: 0.841 ; accuracy: 0.983 ; precision: 0.929 ; recall: 0.889 ; loss: 0.050
2019-01-18 20:22:45,505:INFO: Epoch 28/45
2019-01-18 20:22:56,264:INFO: - Train metrics: dsc: 0.943 ; iou: 0.901 ; accuracy: 0.988 ; precision: 0.947 ; recall: 0.946 ; loss: 0.029
2019-01-18 20:22:57,347:INFO: - Eval metrics : dsc: 0.897 ; iou: 0.844 ; accuracy: 0.983 ; precision: 0.928 ; recall: 0.895 ; loss: 0.049
2019-01-18 20:22:57,372:INFO: Epoch 29/45
2019-01-18 20:23:08,110:INFO: - Train metrics: dsc: 0.944 ; iou: 0.904 ; accuracy: 0.989 ; precision: 0.950 ; recall: 0.946 ; loss: 0.028
2019-01-18 20:23:09,208:INFO: - Eval metrics : dsc: 0.902 ; iou: 0.852 ; accuracy: 0.983 ; precision: 0.913 ; recall: 0.919 ; loss: 0.047
2019-01-18 20:23:09,228:INFO: Epoch 30/45
2019-01-18 20:23:20,083:INFO: - Train metrics: dsc: 0.943 ; iou: 0.903 ; accuracy: 0.988 ; precision: 0.951 ; recall: 0.945 ; loss: 0.029
2019-01-18 20:23:21,176:INFO: - Eval metrics : dsc: 0.900 ; iou: 0.850 ; accuracy: 0.983 ; precision: 0.925 ; recall: 0.902 ; loss: 0.046
2019-01-18 20:23:21,195:INFO: Epoch 31/45
2019-01-18 20:23:31,956:INFO: - Train metrics: dsc: 0.944 ; iou: 0.904 ; accuracy: 0.989 ; precision: 0.950 ; recall: 0.947 ; loss: 0.028
2019-01-18 20:23:33,050:INFO: - Eval metrics : dsc: 0.907 ; iou: 0.856 ; accuracy: 0.983 ; precision: 0.924 ; recall: 0.917 ; loss: 0.047
2019-01-18 20:23:33,070:INFO: Epoch 32/45
2019-01-18 20:23:43,890:INFO: - Train metrics: dsc: 0.945 ; iou: 0.905 ; accuracy: 0.989 ; precision: 0.952 ; recall: 0.946 ; loss: 0.027
2019-01-18 20:23:44,994:INFO: - Eval metrics : dsc: 0.903 ; iou: 0.852 ; accuracy: 0.983 ; precision: 0.924 ; recall: 0.911 ; loss: 0.046
2019-01-18 20:23:45,008:INFO: Epoch 33/45
2019-01-18 20:23:55,807:INFO: - Train metrics: dsc: 0.948 ; iou: 0.909 ; accuracy: 0.989 ; precision: 0.953 ; recall: 0.950 ; loss: 0.027
2019-01-18 20:23:56,899:INFO: - Eval metrics : dsc: 0.899 ; iou: 0.849 ; accuracy: 0.983 ; precision: 0.910 ; recall: 0.914 ; loss: 0.045
2019-01-18 20:23:56,918:INFO: Epoch 34/45
2019-01-18 20:24:07,745:INFO: - Train metrics: dsc: 0.948 ; iou: 0.910 ; accuracy: 0.989 ; precision: 0.952 ; recall: 0.950 ; loss: 0.026
2019-01-18 20:24:08,840:INFO: - Eval metrics : dsc: 0.904 ; iou: 0.852 ; accuracy: 0.983 ; precision: 0.905 ; recall: 0.923 ; loss: 0.050
2019-01-18 20:24:08,858:INFO: Epoch 35/45
2019-01-18 20:24:19,687:INFO: - Train metrics: dsc: 0.948 ; iou: 0.910 ; accuracy: 0.989 ; precision: 0.952 ; recall: 0.950 ; loss: 0.025
2019-01-18 20:24:20,795:INFO: - Eval metrics : dsc: 0.897 ; iou: 0.844 ; accuracy: 0.983 ; precision: 0.942 ; recall: 0.885 ; loss: 0.051
2019-01-18 20:24:20,809:INFO: Epoch 36/45
2019-01-18 20:24:31,646:INFO: - Train metrics: dsc: 0.947 ; iou: 0.909 ; accuracy: 0.989 ; precision: 0.953 ; recall: 0.947 ; loss: 0.025
2019-01-18 20:24:32,778:INFO: - Eval metrics : dsc: 0.909 ; iou: 0.855 ; accuracy: 0.983 ; precision: 0.907 ; recall: 0.927 ; loss: 0.049
2019-01-18 20:24:32,804:INFO: Epoch 37/45
2019-01-18 20:24:43,581:INFO: - Train metrics: dsc: 0.948 ; iou: 0.909 ; accuracy: 0.989 ; precision: 0.952 ; recall: 0.952 ; loss: 0.026
2019-01-18 20:24:44,679:INFO: - Eval metrics : dsc: 0.907 ; iou: 0.854 ; accuracy: 0.983 ; precision: 0.923 ; recall: 0.913 ; loss: 0.049
2019-01-18 20:24:44,698:INFO: Epoch 38/45
2019-01-18 20:24:55,484:INFO: - Train metrics: dsc: 0.951 ; iou: 0.913 ; accuracy: 0.990 ; precision: 0.955 ; recall: 0.952 ; loss: 0.025
2019-01-18 20:24:56,576:INFO: - Eval metrics : dsc: 0.896 ; iou: 0.844 ; accuracy: 0.983 ; precision: 0.907 ; recall: 0.911 ; loss: 0.050
2019-01-18 20:24:56,594:INFO: Epoch 39/45
2019-01-18 20:25:07,387:INFO: - Train metrics: dsc: 0.948 ; iou: 0.910 ; accuracy: 0.989 ; precision: 0.955 ; recall: 0.949 ; loss: 0.025
2019-01-18 20:25:08,475:INFO: - Eval metrics : dsc: 0.899 ; iou: 0.846 ; accuracy: 0.983 ; precision: 0.928 ; recall: 0.898 ; loss: 0.049
2019-01-18 20:25:08,492:INFO: Epoch 40/45
2019-01-18 20:25:19,316:INFO: - Train metrics: dsc: 0.950 ; iou: 0.913 ; accuracy: 0.990 ; precision: 0.959 ; recall: 0.950 ; loss: 0.024
2019-01-18 20:25:20,405:INFO: - Eval metrics : dsc: 0.903 ; iou: 0.853 ; accuracy: 0.983 ; precision: 0.922 ; recall: 0.914 ; loss: 0.047
2019-01-18 20:25:20,424:INFO: Epoch 41/45
2019-01-18 20:25:31,243:INFO: - Train metrics: dsc: 0.950 ; iou: 0.914 ; accuracy: 0.990 ; precision: 0.955 ; recall: 0.951 ; loss: 0.024
2019-01-18 20:25:32,403:INFO: - Eval metrics : dsc: 0.901 ; iou: 0.848 ; accuracy: 0.983 ; precision: 0.935 ; recall: 0.892 ; loss: 0.050
2019-01-18 20:25:32,423:INFO: Epoch 42/45
2019-01-18 20:25:43,238:INFO: - Train metrics: dsc: 0.953 ; iou: 0.917 ; accuracy: 0.990 ; precision: 0.959 ; recall: 0.953 ; loss: 0.023
2019-01-18 20:25:44,316:INFO: - Eval metrics : dsc: 0.906 ; iou: 0.855 ; accuracy: 0.983 ; precision: 0.915 ; recall: 0.919 ; loss: 0.051
2019-01-18 20:25:44,333:INFO: Epoch 43/45
2019-01-18 20:25:55,098:INFO: - Train metrics: dsc: 0.951 ; iou: 0.915 ; accuracy: 0.990 ; precision: 0.958 ; recall: 0.952 ; loss: 0.023
2019-01-18 20:25:56,175:INFO: - Eval metrics : dsc: 0.901 ; iou: 0.846 ; accuracy: 0.983 ; precision: 0.928 ; recall: 0.900 ; loss: 0.051
2019-01-18 20:25:56,192:INFO: Epoch 44/45
2019-01-18 20:26:07,004:INFO: - Train metrics: dsc: 0.954 ; iou: 0.918 ; accuracy: 0.990 ; precision: 0.961 ; recall: 0.955 ; loss: 0.023
2019-01-18 20:26:08,100:INFO: - Eval metrics : dsc: 0.907 ; iou: 0.856 ; accuracy: 0.984 ; precision: 0.918 ; recall: 0.920 ; loss: 0.048
2019-01-18 20:26:08,113:INFO: Epoch 45/45
2019-01-18 20:26:18,878:INFO: - Train metrics: dsc: 0.954 ; iou: 0.919 ; accuracy: 0.990 ; precision: 0.960 ; recall: 0.954 ; loss: 0.023
2019-01-18 20:26:19,967:INFO: - Eval metrics : dsc: 0.899 ; iou: 0.847 ; accuracy: 0.983 ; precision: 0.931 ; recall: 0.894 ; loss: 0.051
2019-01-18 20:26:20,024:INFO: Loading the datasets...
2019-01-18 20:26:24,409:INFO: - done.
2019-01-18 20:26:24,409:INFO: For k-fold 5/5:
2019-01-18 20:26:24,409:INFO: Starting training for 45 epoch(s)
2019-01-18 20:26:24,409:INFO: Epoch 1/45
2019-01-18 20:26:35,114:INFO: - Train metrics: dsc: 0.647 ; iou: 0.540 ; accuracy: 0.918 ; precision: 0.688 ; recall: 0.648 ; loss: 0.411
2019-01-18 20:26:36,190:INFO: - Eval metrics : dsc: 0.786 ; iou: 0.706 ; accuracy: 0.961 ; precision: 0.823 ; recall: 0.793 ; loss: 0.314
2019-01-18 20:26:36,205:INFO: - Found new best DSC
2019-01-18 20:26:36,205:INFO: Epoch 2/45
2019-01-18 20:26:46,960:INFO: - Train metrics: dsc: 0.832 ; iou: 0.754 ; accuracy: 0.967 ; precision: 0.851 ; recall: 0.839 ; loss: 0.276
2019-01-18 20:26:48,095:INFO: - Eval metrics : dsc: 0.816 ; iou: 0.749 ; accuracy: 0.972 ; precision: 0.907 ; recall: 0.785 ; loss: 0.238
2019-01-18 20:26:48,117:INFO: - Found new best DSC
2019-01-18 20:26:48,118:INFO: Epoch 3/45
2019-01-18 20:26:58,923:INFO: - Train metrics: dsc: 0.858 ; iou: 0.791 ; accuracy: 0.973 ; precision: 0.880 ; recall: 0.865 ; loss: 0.213
2019-01-18 20:27:00,046:INFO: - Eval metrics : dsc: 0.846 ; iou: 0.782 ; accuracy: 0.976 ; precision: 0.917 ; recall: 0.826 ; loss: 0.181
2019-01-18 20:27:00,068:INFO: - Found new best DSC
2019-01-18 20:27:00,068:INFO: Epoch 4/45
2019-01-18 20:27:10,853:INFO: - Train metrics: dsc: 0.877 ; iou: 0.814 ; accuracy: 0.976 ; precision: 0.889 ; recall: 0.884 ; loss: 0.168
2019-01-18 20:27:11,926:INFO: - Eval metrics : dsc: 0.860 ; iou: 0.804 ; accuracy: 0.979 ; precision: 0.929 ; recall: 0.842 ; loss: 0.143
2019-01-18 20:27:11,951:INFO: - Found new best DSC
2019-01-18 20:27:11,951:INFO: Epoch 5/45
2019-01-18 20:27:22,814:INFO: - Train metrics: dsc: 0.890 ; iou: 0.830 ; accuracy: 0.979 ; precision: 0.902 ; recall: 0.893 ; loss: 0.134
2019-01-18 20:27:23,881:INFO: - Eval metrics : dsc: 0.864 ; iou: 0.803 ; accuracy: 0.976 ; precision: 0.877 ; recall: 0.880 ; loss: 0.122
2019-01-18 20:27:23,902:INFO: - Found new best DSC
2019-01-18 20:27:23,903:INFO: Epoch 6/45
2019-01-18 20:27:34,853:INFO: - Train metrics: dsc: 0.896 ; iou: 0.839 ; accuracy: 0.980 ; precision: 0.915 ; recall: 0.899 ; loss: 0.110
2019-01-18 20:27:35,937:INFO: - Eval metrics : dsc: 0.877 ; iou: 0.817 ; accuracy: 0.977 ; precision: 0.884 ; recall: 0.895 ; loss: 0.108
2019-01-18 20:27:35,956:INFO: - Found new best DSC
2019-01-18 20:27:35,956:INFO: Epoch 7/45
2019-01-18 20:27:46,722:INFO: - Train metrics: dsc: 0.904 ; iou: 0.849 ; accuracy: 0.981 ; precision: 0.918 ; recall: 0.906 ; loss: 0.093
2019-01-18 20:27:47,798:INFO: - Eval metrics : dsc: 0.866 ; iou: 0.810 ; accuracy: 0.980 ; precision: 0.957 ; recall: 0.837 ; loss: 0.090
2019-01-18 20:27:47,819:INFO: Epoch 8/45
2019-01-18 20:27:58,678:INFO: - Train metrics: dsc: 0.908 ; iou: 0.854 ; accuracy: 0.982 ; precision: 0.918 ; recall: 0.910 ; loss: 0.080
2019-01-18 20:27:59,755:INFO: - Eval metrics : dsc: 0.873 ; iou: 0.821 ; accuracy: 0.982 ; precision: 0.940 ; recall: 0.853 ; loss: 0.075
2019-01-18 20:27:59,774:INFO: Epoch 9/45
2019-01-18 20:28:10,566:INFO: - Train metrics: dsc: 0.912 ; iou: 0.859 ; accuracy: 0.983 ; precision: 0.927 ; recall: 0.914 ; loss: 0.070
2019-01-18 20:28:11,666:INFO: - Eval metrics : dsc: 0.884 ; iou: 0.834 ; accuracy: 0.983 ; precision: 0.915 ; recall: 0.884 ; loss: 0.067
2019-01-18 20:28:11,687:INFO: - Found new best DSC
2019-01-18 20:28:11,688:INFO: Epoch 10/45
2019-01-18 20:28:22,532:INFO: - Train metrics: dsc: 0.911 ; iou: 0.859 ; accuracy: 0.983 ; precision: 0.924 ; recall: 0.912 ; loss: 0.064
2019-01-18 20:28:23,605:INFO: - Eval metrics : dsc: 0.890 ; iou: 0.840 ; accuracy: 0.983 ; precision: 0.914 ; recall: 0.888 ; loss: 0.058
2019-01-18 20:28:23,626:INFO: - Found new best DSC
2019-01-18 20:28:23,626:INFO: Epoch 11/45
2019-01-18 20:28:34,426:INFO: - Train metrics: dsc: 0.919 ; iou: 0.868 ; accuracy: 0.984 ; precision: 0.930 ; recall: 0.920 ; loss: 0.057
2019-01-18 20:28:35,468:INFO: - Eval metrics : dsc: 0.898 ; iou: 0.849 ; accuracy: 0.984 ; precision: 0.912 ; recall: 0.903 ; loss: 0.055
2019-01-18 20:28:35,484:INFO: - Found new best DSC
2019-01-18 20:28:35,484:INFO: Epoch 12/45
2019-01-18 20:28:46,262:INFO: - Train metrics: dsc: 0.923 ; iou: 0.873 ; accuracy: 0.985 ; precision: 0.936 ; recall: 0.924 ; loss: 0.052
2019-01-18 20:28:47,347:INFO: - Eval metrics : dsc: 0.883 ; iou: 0.834 ; accuracy: 0.984 ; precision: 0.942 ; recall: 0.871 ; loss: 0.052
2019-01-18 20:28:47,366:INFO: Epoch 13/45
2019-01-18 20:28:58,133:INFO: - Train metrics: dsc: 0.925 ; iou: 0.875 ; accuracy: 0.985 ; precision: 0.931 ; recall: 0.927 ; loss: 0.049
2019-01-18 20:28:59,208:INFO: - Eval metrics : dsc: 0.893 ; iou: 0.843 ; accuracy: 0.984 ; precision: 0.941 ; recall: 0.877 ; loss: 0.049
2019-01-18 20:28:59,221:INFO: Epoch 14/45
2019-01-18 20:29:10,027:INFO: - Train metrics: dsc: 0.927 ; iou: 0.879 ; accuracy: 0.985 ; precision: 0.933 ; recall: 0.929 ; loss: 0.046
2019-01-18 20:29:11,139:INFO: - Eval metrics : dsc: 0.898 ; iou: 0.848 ; accuracy: 0.983 ; precision: 0.914 ; recall: 0.903 ; loss: 0.050
2019-01-18 20:29:11,154:INFO: - Found new best DSC
2019-01-18 20:29:11,154:INFO: Epoch 15/45
2019-01-18 20:29:21,939:INFO: - Train metrics: dsc: 0.928 ; iou: 0.879 ; accuracy: 0.985 ; precision: 0.936 ; recall: 0.929 ; loss: 0.045
2019-01-18 20:29:23,027:INFO: - Eval metrics : dsc: 0.899 ; iou: 0.848 ; accuracy: 0.982 ; precision: 0.912 ; recall: 0.907 ; loss: 0.049
2019-01-18 20:29:23,049:INFO: - Found new best DSC
2019-01-18 20:29:23,049:INFO: Epoch 16/45
2019-01-18 20:29:33,872:INFO: - Train metrics: dsc: 0.932 ; iou: 0.885 ; accuracy: 0.986 ; precision: 0.939 ; recall: 0.934 ; loss: 0.041
2019-01-18 20:29:35,011:INFO: - Eval metrics : dsc: 0.904 ; iou: 0.854 ; accuracy: 0.984 ; precision: 0.914 ; recall: 0.905 ; loss: 0.045
2019-01-18 20:29:35,031:INFO: - Found new best DSC
2019-01-18 20:29:35,032:INFO: Epoch 17/45
2019-01-18 20:29:45,857:INFO: - Train metrics: dsc: 0.934 ; iou: 0.887 ; accuracy: 0.986 ; precision: 0.941 ; recall: 0.935 ; loss: 0.039
2019-01-18 20:29:46,969:INFO: - Eval metrics : dsc: 0.895 ; iou: 0.844 ; accuracy: 0.984 ; precision: 0.954 ; recall: 0.874 ; loss: 0.046
2019-01-18 20:29:46,980:INFO: Epoch 18/45
2019-01-18 20:29:57,819:INFO: - Train metrics: dsc: 0.933 ; iou: 0.887 ; accuracy: 0.986 ; precision: 0.942 ; recall: 0.936 ; loss: 0.039
2019-01-18 20:29:58,898:INFO: - Eval metrics : dsc: 0.898 ; iou: 0.849 ; accuracy: 0.985 ; precision: 0.920 ; recall: 0.896 ; loss: 0.043
2019-01-18 20:29:58,912:INFO: Epoch 19/45
2019-01-18 20:30:09,722:INFO: - Train metrics: dsc: 0.936 ; iou: 0.891 ; accuracy: 0.987 ; precision: 0.939 ; recall: 0.940 ; loss: 0.037
2019-01-18 20:30:10,826:INFO: - Eval metrics : dsc: 0.898 ; iou: 0.848 ; accuracy: 0.984 ; precision: 0.930 ; recall: 0.895 ; loss: 0.044
2019-01-18 20:30:10,847:INFO: Epoch 20/45
2019-01-18 20:30:21,710:INFO: - Train metrics: dsc: 0.934 ; iou: 0.887 ; accuracy: 0.986 ; precision: 0.942 ; recall: 0.936 ; loss: 0.037
2019-01-18 20:30:22,790:INFO: - Eval metrics : dsc: 0.905 ; iou: 0.857 ; accuracy: 0.984 ; precision: 0.918 ; recall: 0.914 ; loss: 0.041
2019-01-18 20:30:22,807:INFO: - Found new best DSC
2019-01-18 20:30:22,807:INFO: Epoch 21/45
2019-01-18 20:30:33,614:INFO: - Train metrics: dsc: 0.936 ; iou: 0.891 ; accuracy: 0.987 ; precision: 0.942 ; recall: 0.938 ; loss: 0.035
2019-01-18 20:30:34,701:INFO: - Eval metrics : dsc: 0.901 ; iou: 0.852 ; accuracy: 0.984 ; precision: 0.927 ; recall: 0.895 ; loss: 0.042
2019-01-18 20:30:34,715:INFO: Epoch 22/45
2019-01-18 20:30:45,551:INFO: - Train metrics: dsc: 0.936 ; iou: 0.891 ; accuracy: 0.987 ; precision: 0.944 ; recall: 0.938 ; loss: 0.034
2019-01-18 20:30:46,633:INFO: - Eval metrics : dsc: 0.892 ; iou: 0.845 ; accuracy: 0.985 ; precision: 0.942 ; recall: 0.883 ; loss: 0.041
2019-01-18 20:30:46,646:INFO: Epoch 23/45
2019-01-18 20:30:57,383:INFO: - Train metrics: dsc: 0.939 ; iou: 0.895 ; accuracy: 0.987 ; precision: 0.941 ; recall: 0.943 ; loss: 0.034
2019-01-18 20:30:58,472:INFO: - Eval metrics : dsc: 0.898 ; iou: 0.849 ; accuracy: 0.984 ; precision: 0.916 ; recall: 0.898 ; loss: 0.044
2019-01-18 20:30:58,491:INFO: Epoch 24/45
2019-01-18 20:31:09,290:INFO: - Train metrics: dsc: 0.938 ; iou: 0.894 ; accuracy: 0.987 ; precision: 0.947 ; recall: 0.940 ; loss: 0.033
2019-01-18 20:31:10,438:INFO: - Eval metrics : dsc: 0.895 ; iou: 0.848 ; accuracy: 0.985 ; precision: 0.929 ; recall: 0.888 ; loss: 0.042
2019-01-18 20:31:10,453:INFO: Epoch 25/45
2019-01-18 20:31:21,328:INFO: - Train metrics: dsc: 0.941 ; iou: 0.898 ; accuracy: 0.987 ; precision: 0.948 ; recall: 0.942 ; loss: 0.032
2019-01-18 20:31:22,472:INFO: - Eval metrics : dsc: 0.905 ; iou: 0.858 ; accuracy: 0.985 ; precision: 0.915 ; recall: 0.909 ; loss: 0.040
2019-01-18 20:31:22,493:INFO: - Found new best DSC
2019-01-18 20:31:22,493:INFO: Epoch 26/45
2019-01-18 20:31:33,265:INFO: - Train metrics: dsc: 0.942 ; iou: 0.900 ; accuracy: 0.988 ; precision: 0.948 ; recall: 0.944 ; loss: 0.031
2019-01-18 20:31:34,399:INFO: - Eval metrics : dsc: 0.902 ; iou: 0.852 ; accuracy: 0.984 ; precision: 0.938 ; recall: 0.888 ; loss: 0.042
2019-01-18 20:31:34,418:INFO: Epoch 27/45
2019-01-18 20:31:45,206:INFO: - Train metrics: dsc: 0.944 ; iou: 0.902 ; accuracy: 0.988 ; precision: 0.949 ; recall: 0.946 ; loss: 0.031
2019-01-18 20:31:46,304:INFO: - Eval metrics : dsc: 0.885 ; iou: 0.836 ; accuracy: 0.984 ; precision: 0.947 ; recall: 0.868 ; loss: 0.047
2019-01-18 20:31:46,317:INFO: Epoch 28/45
2019-01-18 20:31:57,085:INFO: - Train metrics: dsc: 0.945 ; iou: 0.903 ; accuracy: 0.988 ; precision: 0.952 ; recall: 0.946 ; loss: 0.030
2019-01-18 20:31:58,176:INFO: - Eval metrics : dsc: 0.907 ; iou: 0.859 ; accuracy: 0.985 ; precision: 0.937 ; recall: 0.902 ; loss: 0.039
2019-01-18 20:31:58,192:INFO: - Found new best DSC
2019-01-18 20:31:58,192:INFO: Epoch 29/45
2019-01-18 20:32:08,991:INFO: - Train metrics: dsc: 0.945 ; iou: 0.904 ; accuracy: 0.988 ; precision: 0.951 ; recall: 0.947 ; loss: 0.029
2019-01-18 20:32:10,084:INFO: - Eval metrics : dsc: 0.902 ; iou: 0.854 ; accuracy: 0.985 ; precision: 0.923 ; recall: 0.907 ; loss: 0.039
2019-01-18 20:32:10,102:INFO: Epoch 30/45
2019-01-18 20:32:20,863:INFO: - Train metrics: dsc: 0.944 ; iou: 0.902 ; accuracy: 0.988 ; precision: 0.950 ; recall: 0.946 ; loss: 0.030
2019-01-18 20:32:21,910:INFO: - Eval metrics : dsc: 0.903 ; iou: 0.855 ; accuracy: 0.985 ; precision: 0.932 ; recall: 0.897 ; loss: 0.038
2019-01-18 20:32:21,924:INFO: Epoch 31/45
2019-01-18 20:32:32,729:INFO: - Train metrics: dsc: 0.945 ; iou: 0.904 ; accuracy: 0.988 ; precision: 0.952 ; recall: 0.947 ; loss: 0.029
2019-01-18 20:32:33,810:INFO: - Eval metrics : dsc: 0.906 ; iou: 0.857 ; accuracy: 0.984 ; precision: 0.919 ; recall: 0.918 ; loss: 0.041
2019-01-18 20:32:33,832:INFO: Epoch 32/45
2019-01-18 20:32:44,629:INFO: - Train metrics: dsc: 0.947 ; iou: 0.906 ; accuracy: 0.988 ; precision: 0.953 ; recall: 0.947 ; loss: 0.028
2019-01-18 20:32:45,728:INFO: - Eval metrics : dsc: 0.896 ; iou: 0.846 ; accuracy: 0.984 ; precision: 0.925 ; recall: 0.894 ; loss: 0.042
2019-01-18 20:32:45,744:INFO: Epoch 33/45
2019-01-18 20:32:56,548:INFO: - Train metrics: dsc: 0.948 ; iou: 0.908 ; accuracy: 0.989 ; precision: 0.952 ; recall: 0.949 ; loss: 0.027
2019-01-18 20:32:57,638:INFO: - Eval metrics : dsc: 0.898 ; iou: 0.848 ; accuracy: 0.984 ; precision: 0.930 ; recall: 0.893 ; loss: 0.042
2019-01-18 20:32:57,654:INFO: Epoch 34/45
2019-01-18 20:33:08,425:INFO: - Train metrics: dsc: 0.947 ; iou: 0.907 ; accuracy: 0.989 ; precision: 0.957 ; recall: 0.947 ; loss: 0.027
2019-01-18 20:33:09,505:INFO: - Eval metrics : dsc: 0.910 ; iou: 0.860 ; accuracy: 0.984 ; precision: 0.902 ; recall: 0.932 ; loss: 0.042
2019-01-18 20:33:09,526:INFO: - Found new best DSC
2019-01-18 20:33:09,526:INFO: Epoch 35/45
2019-01-18 20:33:20,318:INFO: - Train metrics: dsc: 0.948 ; iou: 0.909 ; accuracy: 0.989 ; precision: 0.952 ; recall: 0.949 ; loss: 0.027
2019-01-18 20:33:21,432:INFO: - Eval metrics : dsc: 0.899 ; iou: 0.847 ; accuracy: 0.984 ; precision: 0.948 ; recall: 0.880 ; loss: 0.045
2019-01-18 20:33:21,450:INFO: Epoch 36/45
2019-01-18 20:33:32,229:INFO: - Train metrics: dsc: 0.947 ; iou: 0.908 ; accuracy: 0.989 ; precision: 0.952 ; recall: 0.948 ; loss: 0.027
2019-01-18 20:33:33,348:INFO: - Eval metrics : dsc: 0.910 ; iou: 0.863 ; accuracy: 0.986 ; precision: 0.928 ; recall: 0.918 ; loss: 0.039
2019-01-18 20:33:33,368:INFO: Epoch 37/45
2019-01-18 20:33:44,223:INFO: - Train metrics: dsc: 0.947 ; iou: 0.907 ; accuracy: 0.989 ; precision: 0.952 ; recall: 0.948 ; loss: 0.028
2019-01-18 20:33:45,390:INFO: - Eval metrics : dsc: 0.910 ; iou: 0.863 ; accuracy: 0.986 ; precision: 0.926 ; recall: 0.916 ; loss: 0.040
2019-01-18 20:33:45,407:INFO: - Found new best DSC
2019-01-18 20:33:45,407:INFO: Epoch 38/45
2019-01-18 20:33:56,227:INFO: - Train metrics: dsc: 0.951 ; iou: 0.912 ; accuracy: 0.989 ; precision: 0.954 ; recall: 0.952 ; loss: 0.025
2019-01-18 20:33:57,308:INFO: - Eval metrics : dsc: 0.906 ; iou: 0.860 ; accuracy: 0.985 ; precision: 0.927 ; recall: 0.913 ; loss: 0.039
2019-01-18 20:33:57,327:INFO: Epoch 39/45
2019-01-18 20:34:08,119:INFO: - Train metrics: dsc: 0.952 ; iou: 0.915 ; accuracy: 0.990 ; precision: 0.960 ; recall: 0.951 ; loss: 0.025
2019-01-18 20:34:09,210:INFO: - Eval metrics : dsc: 0.909 ; iou: 0.862 ; accuracy: 0.986 ; precision: 0.922 ; recall: 0.913 ; loss: 0.038
2019-01-18 20:34:09,223:INFO: Epoch 40/45
2019-01-18 20:34:20,018:INFO: - Train metrics: dsc: 0.953 ; iou: 0.916 ; accuracy: 0.990 ; precision: 0.960 ; recall: 0.953 ; loss: 0.025
2019-01-18 20:34:21,099:INFO: - Eval metrics : dsc: 0.902 ; iou: 0.853 ; accuracy: 0.984 ; precision: 0.922 ; recall: 0.909 ; loss: 0.043
2019-01-18 20:34:21,112:INFO: Epoch 41/45
2019-01-18 20:34:31,867:INFO: - Train metrics: dsc: 0.950 ; iou: 0.912 ; accuracy: 0.989 ; precision: 0.956 ; recall: 0.951 ; loss: 0.025
2019-01-18 20:34:32,953:INFO: - Eval metrics : dsc: 0.902 ; iou: 0.852 ; accuracy: 0.984 ; precision: 0.925 ; recall: 0.900 ; loss: 0.046
2019-01-18 20:34:32,967:INFO: Epoch 42/45
2019-01-18 20:34:43,845:INFO: - Train metrics: dsc: 0.948 ; iou: 0.910 ; accuracy: 0.989 ; precision: 0.954 ; recall: 0.948 ; loss: 0.026
2019-01-18 20:34:44,930:INFO: - Eval metrics : dsc: 0.906 ; iou: 0.857 ; accuracy: 0.985 ; precision: 0.928 ; recall: 0.906 ; loss: 0.041
2019-01-18 20:34:44,945:INFO: Epoch 43/45
2019-01-18 20:34:55,684:INFO: - Train metrics: dsc: 0.953 ; iou: 0.917 ; accuracy: 0.990 ; precision: 0.959 ; recall: 0.954 ; loss: 0.024
2019-01-18 20:34:56,776:INFO: - Eval metrics : dsc: 0.900 ; iou: 0.851 ; accuracy: 0.984 ; precision: 0.917 ; recall: 0.910 ; loss: 0.043
2019-01-18 20:34:56,800:INFO: Epoch 44/45
2019-01-18 20:35:07,596:INFO: - Train metrics: dsc: 0.953 ; iou: 0.916 ; accuracy: 0.990 ; precision: 0.960 ; recall: 0.953 ; loss: 0.024
2019-01-18 20:35:08,687:INFO: - Eval metrics : dsc: 0.901 ; iou: 0.852 ; accuracy: 0.985 ; precision: 0.931 ; recall: 0.896 ; loss: 0.044
2019-01-18 20:35:08,707:INFO: Epoch 45/45
2019-01-18 20:35:19,522:INFO: - Train metrics: dsc: 0.956 ; iou: 0.921 ; accuracy: 0.990 ; precision: 0.960 ; recall: 0.957 ; loss: 0.023
2019-01-18 20:35:20,612:INFO: - Eval metrics : dsc: 0.905 ; iou: 0.855 ; accuracy: 0.985 ; precision: 0.941 ; recall: 0.887 ; loss: 0.042
2019-01-19 00:08:03,132:INFO: Loading the datasets...
2019-01-19 00:08:08,558:INFO: - done.
2019-01-19 00:08:08,558:INFO: Starting training for 45 epoch(s)
2019-01-19 00:08:08,558:INFO: Epoch 1/45
2019-01-19 00:08:21,924:INFO: - Train metrics: dsc: 0.673 ; iou: 0.571 ; accuracy: 0.926 ; precision: 0.711 ; recall: 0.676 ; loss: 0.391
2019-01-19 00:08:23,041:INFO: - Eval metrics : dsc: 0.835 ; iou: 0.763 ; accuracy: 0.969 ; precision: 0.885 ; recall: 0.830 ; loss: 0.285
2019-01-19 00:08:23,065:INFO: - Found new best DSC
2019-01-19 00:08:23,065:INFO: Epoch 2/45
2019-01-19 00:08:36,430:INFO: - Train metrics: dsc: 0.840 ; iou: 0.766 ; accuracy: 0.969 ; precision: 0.857 ; recall: 0.848 ; loss: 0.251
2019-01-19 00:08:37,597:INFO: - Eval metrics : dsc: 0.866 ; iou: 0.798 ; accuracy: 0.973 ; precision: 0.866 ; recall: 0.896 ; loss: 0.211
2019-01-19 00:08:37,620:INFO: - Found new best DSC
2019-01-19 00:08:37,621:INFO: Epoch 3/45
2019-01-19 00:08:51,051:INFO: - Train metrics: dsc: 0.865 ; iou: 0.800 ; accuracy: 0.975 ; precision: 0.883 ; recall: 0.872 ; loss: 0.184
2019-01-19 00:08:52,164:INFO: - Eval metrics : dsc: 0.890 ; iou: 0.826 ; accuracy: 0.978 ; precision: 0.896 ; recall: 0.900 ; loss: 0.157
2019-01-19 00:08:52,188:INFO: - Found new best DSC
2019-01-19 00:08:52,188:INFO: Epoch 4/45
2019-01-19 00:09:05,591:INFO: - Train metrics: dsc: 0.884 ; iou: 0.823 ; accuracy: 0.978 ; precision: 0.897 ; recall: 0.889 ; loss: 0.138
2019-01-19 00:09:06,724:INFO: - Eval metrics : dsc: 0.899 ; iou: 0.841 ; accuracy: 0.981 ; precision: 0.935 ; recall: 0.885 ; loss: 0.118
2019-01-19 00:09:06,745:INFO: - Found new best DSC
2019-01-19 00:09:06,745:INFO: Epoch 5/45
2019-01-19 00:09:20,233:INFO: - Train metrics: dsc: 0.891 ; iou: 0.834 ; accuracy: 0.980 ; precision: 0.903 ; recall: 0.895 ; loss: 0.109
2019-01-19 00:09:21,399:INFO: - Eval metrics : dsc: 0.907 ; iou: 0.850 ; accuracy: 0.980 ; precision: 0.909 ; recall: 0.917 ; loss: 0.097
2019-01-19 00:09:21,422:INFO: - Found new best DSC
2019-01-19 00:09:21,422:INFO: Epoch 6/45
2019-01-19 00:09:34,902:INFO: - Train metrics: dsc: 0.899 ; iou: 0.843 ; accuracy: 0.981 ; precision: 0.911 ; recall: 0.901 ; loss: 0.088
2019-01-19 00:09:36,031:INFO: - Eval metrics : dsc: 0.907 ; iou: 0.849 ; accuracy: 0.981 ; precision: 0.935 ; recall: 0.892 ; loss: 0.076
2019-01-19 00:09:36,050:INFO: Epoch 7/45
2019-01-19 00:09:49,506:INFO: - Train metrics: dsc: 0.905 ; iou: 0.852 ; accuracy: 0.982 ; precision: 0.918 ; recall: 0.909 ; loss: 0.075
2019-01-19 00:09:50,656:INFO: - Eval metrics : dsc: 0.920 ; iou: 0.869 ; accuracy: 0.984 ; precision: 0.935 ; recall: 0.913 ; loss: 0.066
2019-01-19 00:09:50,672:INFO: - Found new best DSC
2019-01-19 00:09:50,672:INFO: Epoch 8/45
2019-01-19 00:10:04,119:INFO: - Train metrics: dsc: 0.909 ; iou: 0.858 ; accuracy: 0.983 ; precision: 0.917 ; recall: 0.912 ; loss: 0.064
2019-01-19 00:10:05,264:INFO: - Eval metrics : dsc: 0.925 ; iou: 0.878 ; accuracy: 0.985 ; precision: 0.932 ; recall: 0.925 ; loss: 0.057
2019-01-19 00:10:05,280:INFO: - Found new best DSC
2019-01-19 00:10:05,280:INFO: Epoch 9/45
2019-01-19 00:10:18,756:INFO: - Train metrics: dsc: 0.914 ; iou: 0.864 ; accuracy: 0.984 ; precision: 0.923 ; recall: 0.917 ; loss: 0.056
2019-01-19 00:10:19,869:INFO: - Eval metrics : dsc: 0.922 ; iou: 0.872 ; accuracy: 0.984 ; precision: 0.929 ; recall: 0.926 ; loss: 0.055
2019-01-19 00:10:19,886:INFO: Epoch 10/45
2019-01-19 00:10:33,298:INFO: - Train metrics: dsc: 0.914 ; iou: 0.864 ; accuracy: 0.984 ; precision: 0.925 ; recall: 0.917 ; loss: 0.053
2019-01-19 00:10:34,465:INFO: - Eval metrics : dsc: 0.927 ; iou: 0.879 ; accuracy: 0.985 ; precision: 0.942 ; recall: 0.926 ; loss: 0.049
2019-01-19 00:10:34,489:INFO: - Found new best DSC
2019-01-19 00:10:34,490:INFO: Epoch 11/45
2019-01-19 00:10:47,978:INFO: - Train metrics: dsc: 0.921 ; iou: 0.872 ; accuracy: 0.985 ; precision: 0.932 ; recall: 0.926 ; loss: 0.048
2019-01-19 00:10:49,144:INFO: - Eval metrics : dsc: 0.913 ; iou: 0.860 ; accuracy: 0.983 ; precision: 0.955 ; recall: 0.887 ; loss: 0.051
2019-01-19 00:10:49,164:INFO: Epoch 12/45
2019-01-19 00:11:02,630:INFO: - Train metrics: dsc: 0.922 ; iou: 0.873 ; accuracy: 0.985 ; precision: 0.928 ; recall: 0.925 ; loss: 0.045
2019-01-19 00:11:03,759:INFO: - Eval metrics : dsc: 0.925 ; iou: 0.877 ; accuracy: 0.985 ; precision: 0.943 ; recall: 0.914 ; loss: 0.044
2019-01-19 00:11:03,774:INFO: Epoch 13/45
2019-01-19 00:11:17,272:INFO: - Train metrics: dsc: 0.923 ; iou: 0.875 ; accuracy: 0.985 ; precision: 0.932 ; recall: 0.926 ; loss: 0.043
2019-01-19 00:11:18,463:INFO: - Eval metrics : dsc: 0.921 ; iou: 0.872 ; accuracy: 0.984 ; precision: 0.944 ; recall: 0.912 ; loss: 0.046
2019-01-19 00:11:18,482:INFO: Epoch 14/45
2019-01-19 00:11:31,910:INFO: - Train metrics: dsc: 0.926 ; iou: 0.880 ; accuracy: 0.986 ; precision: 0.937 ; recall: 0.931 ; loss: 0.040
2019-01-19 00:11:33,038:INFO: - Eval metrics : dsc: 0.928 ; iou: 0.881 ; accuracy: 0.985 ; precision: 0.947 ; recall: 0.919 ; loss: 0.042
2019-01-19 00:11:33,053:INFO: - Found new best DSC
2019-01-19 00:11:33,054:INFO: Epoch 15/45
2019-01-19 00:11:46,521:INFO: - Train metrics: dsc: 0.927 ; iou: 0.880 ; accuracy: 0.986 ; precision: 0.939 ; recall: 0.930 ; loss: 0.039
2019-01-19 00:11:47,645:INFO: - Eval metrics : dsc: 0.931 ; iou: 0.887 ; accuracy: 0.986 ; precision: 0.927 ; recall: 0.940 ; loss: 0.039
2019-01-19 00:11:47,675:INFO: - Found new best DSC
2019-01-19 00:11:47,676:INFO: Epoch 16/45
2019-01-19 00:12:01,227:INFO: - Train metrics: dsc: 0.931 ; iou: 0.886 ; accuracy: 0.986 ; precision: 0.939 ; recall: 0.933 ; loss: 0.037
2019-01-19 00:12:02,376:INFO: - Eval metrics : dsc: 0.926 ; iou: 0.882 ; accuracy: 0.986 ; precision: 0.943 ; recall: 0.923 ; loss: 0.039
2019-01-19 00:12:02,397:INFO: Epoch 17/45
2019-01-19 00:12:15,821:INFO: - Train metrics: dsc: 0.931 ; iou: 0.886 ; accuracy: 0.986 ; precision: 0.937 ; recall: 0.935 ; loss: 0.037
2019-01-19 00:12:16,975:INFO: - Eval metrics : dsc: 0.933 ; iou: 0.890 ; accuracy: 0.986 ; precision: 0.947 ; recall: 0.931 ; loss: 0.036
2019-01-19 00:12:16,997:INFO: - Found new best DSC
2019-01-19 00:12:16,997:INFO: Epoch 18/45
2019-01-19 00:12:30,418:INFO: - Train metrics: dsc: 0.934 ; iou: 0.889 ; accuracy: 0.987 ; precision: 0.942 ; recall: 0.937 ; loss: 0.035
2019-01-19 00:12:31,540:INFO: - Eval metrics : dsc: 0.930 ; iou: 0.884 ; accuracy: 0.985 ; precision: 0.955 ; recall: 0.915 ; loss: 0.038
2019-01-19 00:12:31,559:INFO: Epoch 19/45
2019-01-19 00:12:45,012:INFO: - Train metrics: dsc: 0.935 ; iou: 0.890 ; accuracy: 0.987 ; precision: 0.945 ; recall: 0.936 ; loss: 0.034
2019-01-19 00:12:46,140:INFO: - Eval metrics : dsc: 0.932 ; iou: 0.888 ; accuracy: 0.986 ; precision: 0.956 ; recall: 0.924 ; loss: 0.036
2019-01-19 00:12:46,155:INFO: Epoch 20/45
2019-01-19 00:12:59,570:INFO: - Train metrics: dsc: 0.937 ; iou: 0.893 ; accuracy: 0.987 ; precision: 0.943 ; recall: 0.940 ; loss: 0.033
2019-01-19 00:13:00,727:INFO: - Eval metrics : dsc: 0.930 ; iou: 0.887 ; accuracy: 0.986 ; precision: 0.941 ; recall: 0.933 ; loss: 0.036
2019-01-19 00:13:00,745:INFO: Epoch 21/45
2019-01-19 00:13:14,171:INFO: - Train metrics: dsc: 0.936 ; iou: 0.892 ; accuracy: 0.987 ; precision: 0.944 ; recall: 0.941 ; loss: 0.033
2019-01-19 00:13:15,287:INFO: - Eval metrics : dsc: 0.931 ; iou: 0.887 ; accuracy: 0.986 ; precision: 0.940 ; recall: 0.932 ; loss: 0.037
2019-01-19 00:13:15,301:INFO: Epoch 22/45
2019-01-19 00:13:28,728:INFO: - Train metrics: dsc: 0.936 ; iou: 0.892 ; accuracy: 0.987 ; precision: 0.944 ; recall: 0.938 ; loss: 0.033
2019-01-19 00:13:29,850:INFO: - Eval metrics : dsc: 0.931 ; iou: 0.887 ; accuracy: 0.986 ; precision: 0.949 ; recall: 0.931 ; loss: 0.036
2019-01-19 00:13:29,865:INFO: Epoch 23/45
2019-01-19 00:13:43,429:INFO: - Train metrics: dsc: 0.938 ; iou: 0.895 ; accuracy: 0.988 ; precision: 0.945 ; recall: 0.940 ; loss: 0.031
2019-01-19 00:13:44,622:INFO: - Eval metrics : dsc: 0.934 ; iou: 0.890 ; accuracy: 0.986 ; precision: 0.948 ; recall: 0.930 ; loss: 0.035
2019-01-19 00:13:44,644:INFO: - Found new best DSC
2019-01-19 00:13:44,644:INFO: Epoch 24/45
2019-01-19 00:13:58,065:INFO: - Train metrics: dsc: 0.939 ; iou: 0.895 ; accuracy: 0.988 ; precision: 0.942 ; recall: 0.942 ; loss: 0.031
2019-01-19 00:13:59,195:INFO: - Eval metrics : dsc: 0.937 ; iou: 0.894 ; accuracy: 0.987 ; precision: 0.938 ; recall: 0.942 ; loss: 0.033
2019-01-19 00:13:59,216:INFO: - Found new best DSC
2019-01-19 00:13:59,216:INFO: Epoch 25/45
2019-01-19 00:14:12,709:INFO: - Train metrics: dsc: 0.940 ; iou: 0.899 ; accuracy: 0.988 ; precision: 0.947 ; recall: 0.942 ; loss: 0.030
2019-01-19 00:14:13,834:INFO: - Eval metrics : dsc: 0.932 ; iou: 0.886 ; accuracy: 0.986 ; precision: 0.949 ; recall: 0.929 ; loss: 0.037
2019-01-19 00:14:13,848:INFO: Epoch 26/45
2019-01-19 00:14:27,217:INFO: - Train metrics: dsc: 0.940 ; iou: 0.898 ; accuracy: 0.988 ; precision: 0.947 ; recall: 0.943 ; loss: 0.030
2019-01-19 00:14:28,344:INFO: - Eval metrics : dsc: 0.934 ; iou: 0.890 ; accuracy: 0.986 ; precision: 0.945 ; recall: 0.934 ; loss: 0.035
2019-01-19 00:14:28,356:INFO: Epoch 27/45
2019-01-19 00:14:41,834:INFO: - Train metrics: dsc: 0.940 ; iou: 0.898 ; accuracy: 0.988 ; precision: 0.949 ; recall: 0.942 ; loss: 0.030
2019-01-19 00:14:42,998:INFO: - Eval metrics : dsc: 0.931 ; iou: 0.886 ; accuracy: 0.986 ; precision: 0.952 ; recall: 0.921 ; loss: 0.036
2019-01-19 00:14:43,020:INFO: Epoch 28/45
2019-01-19 00:14:56,432:INFO: - Train metrics: dsc: 0.944 ; iou: 0.903 ; accuracy: 0.988 ; precision: 0.949 ; recall: 0.946 ; loss: 0.028
2019-01-19 00:14:57,559:INFO: - Eval metrics : dsc: 0.936 ; iou: 0.893 ; accuracy: 0.987 ; precision: 0.946 ; recall: 0.940 ; loss: 0.034
2019-01-19 00:14:57,573:INFO: Epoch 29/45
2019-01-19 00:15:11,005:INFO: - Train metrics: dsc: 0.941 ; iou: 0.900 ; accuracy: 0.988 ; precision: 0.949 ; recall: 0.944 ; loss: 0.029
2019-01-19 00:15:12,119:INFO: - Eval metrics : dsc: 0.935 ; iou: 0.892 ; accuracy: 0.987 ; precision: 0.963 ; recall: 0.924 ; loss: 0.034
2019-01-19 00:15:12,130:INFO: Epoch 30/45
2019-01-19 00:15:25,551:INFO: - Train metrics: dsc: 0.944 ; iou: 0.904 ; accuracy: 0.989 ; precision: 0.955 ; recall: 0.945 ; loss: 0.028
2019-01-19 00:15:26,676:INFO: - Eval metrics : dsc: 0.935 ; iou: 0.891 ; accuracy: 0.987 ; precision: 0.937 ; recall: 0.946 ; loss: 0.033
2019-01-19 00:15:26,693:INFO: Epoch 31/45
2019-01-19 00:15:40,147:INFO: - Train metrics: dsc: 0.946 ; iou: 0.905 ; accuracy: 0.989 ; precision: 0.950 ; recall: 0.947 ; loss: 0.028
2019-01-19 00:15:41,278:INFO: - Eval metrics : dsc: 0.935 ; iou: 0.891 ; accuracy: 0.986 ; precision: 0.939 ; recall: 0.947 ; loss: 0.034
2019-01-19 00:15:41,292:INFO: Epoch 32/45
2019-01-19 00:15:54,709:INFO: - Train metrics: dsc: 0.943 ; iou: 0.902 ; accuracy: 0.988 ; precision: 0.950 ; recall: 0.946 ; loss: 0.028
2019-01-19 00:15:55,824:INFO: - Eval metrics : dsc: 0.936 ; iou: 0.894 ; accuracy: 0.987 ; precision: 0.940 ; recall: 0.941 ; loss: 0.033
2019-01-19 00:15:55,839:INFO: Epoch 33/45
2019-01-19 00:16:09,344:INFO: - Train metrics: dsc: 0.941 ; iou: 0.899 ; accuracy: 0.988 ; precision: 0.950 ; recall: 0.941 ; loss: 0.029
2019-01-19 00:16:10,462:INFO: - Eval metrics : dsc: 0.932 ; iou: 0.887 ; accuracy: 0.986 ; precision: 0.935 ; recall: 0.936 ; loss: 0.035
2019-01-19 00:16:10,481:INFO: Epoch 34/45
2019-01-19 00:16:23,955:INFO: - Train metrics: dsc: 0.945 ; iou: 0.905 ; accuracy: 0.989 ; precision: 0.954 ; recall: 0.946 ; loss: 0.027
2019-01-19 00:16:25,107:INFO: - Eval metrics : dsc: 0.936 ; iou: 0.893 ; accuracy: 0.986 ; precision: 0.940 ; recall: 0.942 ; loss: 0.034
2019-01-19 00:16:25,126:INFO: Epoch 35/45
2019-01-19 00:16:38,564:INFO: - Train metrics: dsc: 0.948 ; iou: 0.909 ; accuracy: 0.989 ; precision: 0.956 ; recall: 0.949 ; loss: 0.026
2019-01-19 00:16:39,700:INFO: - Eval metrics : dsc: 0.941 ; iou: 0.898 ; accuracy: 0.987 ; precision: 0.948 ; recall: 0.937 ; loss: 0.032
2019-01-19 00:16:39,727:INFO: - Found new best DSC
2019-01-19 00:16:39,727:INFO: Epoch 36/45
2019-01-19 00:16:53,197:INFO: - Train metrics: dsc: 0.946 ; iou: 0.907 ; accuracy: 0.989 ; precision: 0.954 ; recall: 0.948 ; loss: 0.026
2019-01-19 00:16:54,368:INFO: - Eval metrics : dsc: 0.933 ; iou: 0.886 ; accuracy: 0.985 ; precision: 0.942 ; recall: 0.930 ; loss: 0.036
2019-01-19 00:16:54,386:INFO: Epoch 37/45
2019-01-19 00:17:07,848:INFO: - Train metrics: dsc: 0.949 ; iou: 0.911 ; accuracy: 0.989 ; precision: 0.958 ; recall: 0.949 ; loss: 0.025
2019-01-19 00:17:08,951:INFO: - Eval metrics : dsc: 0.936 ; iou: 0.893 ; accuracy: 0.987 ; precision: 0.950 ; recall: 0.932 ; loss: 0.034
2019-01-19 00:17:08,970:INFO: Epoch 38/45
2019-01-19 00:17:22,412:INFO: - Train metrics: dsc: 0.947 ; iou: 0.908 ; accuracy: 0.989 ; precision: 0.955 ; recall: 0.949 ; loss: 0.027
2019-01-19 00:17:23,608:INFO: - Eval metrics : dsc: 0.928 ; iou: 0.881 ; accuracy: 0.984 ; precision: 0.918 ; recall: 0.943 ; loss: 0.039
2019-01-19 00:17:23,629:INFO: Epoch 39/45
2019-01-19 00:17:37,087:INFO: - Train metrics: dsc: 0.950 ; iou: 0.912 ; accuracy: 0.990 ; precision: 0.957 ; recall: 0.951 ; loss: 0.025
2019-01-19 00:17:38,198:INFO: - Eval metrics : dsc: 0.939 ; iou: 0.896 ; accuracy: 0.987 ; precision: 0.950 ; recall: 0.938 ; loss: 0.033
2019-01-19 00:17:38,214:INFO: Epoch 40/45
2019-01-19 00:17:51,680:INFO: - Train metrics: dsc: 0.950 ; iou: 0.912 ; accuracy: 0.989 ; precision: 0.955 ; recall: 0.951 ; loss: 0.025
2019-01-19 00:17:52,795:INFO: - Eval metrics : dsc: 0.936 ; iou: 0.893 ; accuracy: 0.987 ; precision: 0.949 ; recall: 0.936 ; loss: 0.034
2019-01-19 00:17:52,816:INFO: Epoch 41/45
2019-01-19 00:18:06,275:INFO: - Train metrics: dsc: 0.950 ; iou: 0.913 ; accuracy: 0.990 ; precision: 0.961 ; recall: 0.950 ; loss: 0.024
2019-01-19 00:18:07,438:INFO: - Eval metrics : dsc: 0.929 ; iou: 0.881 ; accuracy: 0.985 ; precision: 0.954 ; recall: 0.914 ; loss: 0.041
2019-01-19 00:18:07,451:INFO: Epoch 42/45
2019-01-19 00:18:20,906:INFO: - Train metrics: dsc: 0.951 ; iou: 0.914 ; accuracy: 0.990 ; precision: 0.959 ; recall: 0.951 ; loss: 0.024
2019-01-19 00:18:22,032:INFO: - Eval metrics : dsc: 0.935 ; iou: 0.890 ; accuracy: 0.986 ; precision: 0.930 ; recall: 0.945 ; loss: 0.035
2019-01-19 00:18:22,044:INFO: Epoch 43/45
2019-01-19 00:18:35,499:INFO: - Train metrics: dsc: 0.945 ; iou: 0.906 ; accuracy: 0.989 ; precision: 0.952 ; recall: 0.946 ; loss: 0.026
2019-01-19 00:18:36,632:INFO: - Eval metrics : dsc: 0.941 ; iou: 0.899 ; accuracy: 0.987 ; precision: 0.945 ; recall: 0.941 ; loss: 0.032
2019-01-19 00:18:36,654:INFO: - Found new best DSC
2019-01-19 00:18:36,654:INFO: Epoch 44/45
2019-01-19 00:18:50,126:INFO: - Train metrics: dsc: 0.954 ; iou: 0.918 ; accuracy: 0.990 ; precision: 0.958 ; recall: 0.955 ; loss: 0.023
2019-01-19 00:18:51,242:INFO: - Eval metrics : dsc: 0.936 ; iou: 0.892 ; accuracy: 0.986 ; precision: 0.936 ; recall: 0.945 ; loss: 0.035
2019-01-19 00:18:51,256:INFO: Epoch 45/45
2019-01-19 00:19:04,727:INFO: - Train metrics: dsc: 0.953 ; iou: 0.918 ; accuracy: 0.990 ; precision: 0.960 ; recall: 0.953 ; loss: 0.023
2019-01-19 00:19:05,897:INFO: - Eval metrics : dsc: 0.938 ; iou: 0.896 ; accuracy: 0.987 ; precision: 0.952 ; recall: 0.931 ; loss: 0.032
