2019-01-11 16:15:28,195:INFO: Loading the datasets...
2019-01-11 16:15:32,578:INFO: - done.
2019-01-11 16:15:32,578:INFO: For k-fold 1/5:
2019-01-11 16:15:32,578:INFO: Starting training for 45 epoch(s)
2019-01-11 16:15:32,579:INFO: Epoch 1/45
2019-01-11 16:15:43,706:INFO: - Train metrics: dsc: 0.082 ; iou: 0.044 ; accuracy: 0.838 ; precision: 0.044 ; recall: 0.833 ; loss: 0.970
2019-01-11 16:15:45,013:INFO: - Eval metrics : dsc: 0.129 ; iou: 0.075 ; accuracy: 0.977 ; precision: 0.104 ; recall: 0.257 ; loss: 0.981
2019-01-11 16:15:45,043:INFO: - Found new best DSC
2019-01-11 16:15:45,043:INFO: Epoch 2/45
2019-01-11 16:15:55,882:INFO: - Train metrics: dsc: 0.314 ; iou: 0.202 ; accuracy: 0.956 ; precision: 0.202 ; recall: 0.971 ; loss: 0.956
2019-01-11 16:15:57,209:INFO: - Eval metrics : dsc: 0.558 ; iou: 0.416 ; accuracy: 0.991 ; precision: 0.431 ; recall: 0.923 ; loss: 0.956
2019-01-11 16:15:57,244:INFO: - Found new best DSC
2019-01-11 16:15:57,244:INFO: Epoch 3/45
2019-01-11 16:16:08,135:INFO: - Train metrics: dsc: 0.534 ; iou: 0.390 ; accuracy: 0.988 ; precision: 0.392 ; recall: 0.977 ; loss: 0.951
2019-01-11 16:16:09,388:INFO: - Eval metrics : dsc: 0.527 ; iou: 0.384 ; accuracy: 0.989 ; precision: 0.389 ; recall: 0.967 ; loss: 0.950
2019-01-11 16:16:09,420:INFO: Epoch 4/45
2019-01-11 16:16:20,399:INFO: - Train metrics: dsc: 0.608 ; iou: 0.466 ; accuracy: 0.992 ; precision: 0.467 ; recall: 0.979 ; loss: 0.947
2019-01-11 16:16:21,672:INFO: - Eval metrics : dsc: 0.614 ; iou: 0.478 ; accuracy: 0.993 ; precision: 0.480 ; recall: 0.970 ; loss: 0.947
2019-01-11 16:16:21,710:INFO: - Found new best DSC
2019-01-11 16:16:21,710:INFO: Epoch 5/45
2019-01-11 16:16:32,586:INFO: - Train metrics: dsc: 0.615 ; iou: 0.477 ; accuracy: 0.992 ; precision: 0.479 ; recall: 0.984 ; loss: 0.942
2019-01-11 16:16:33,852:INFO: - Eval metrics : dsc: 0.654 ; iou: 0.529 ; accuracy: 0.995 ; precision: 0.543 ; recall: 0.947 ; loss: 0.946
2019-01-11 16:16:33,887:INFO: - Found new best DSC
2019-01-11 16:16:33,888:INFO: Epoch 6/45
2019-01-11 16:16:44,910:INFO: - Train metrics: dsc: 0.635 ; iou: 0.503 ; accuracy: 0.992 ; precision: 0.503 ; recall: 0.985 ; loss: 0.936
2019-01-11 16:16:46,235:INFO: - Eval metrics : dsc: 0.685 ; iou: 0.571 ; accuracy: 0.995 ; precision: 0.586 ; recall: 0.936 ; loss: 0.926
2019-01-11 16:16:46,307:INFO: - Found new best DSC
2019-01-11 16:16:46,307:INFO: Epoch 7/45
2019-01-11 16:16:57,275:INFO: - Train metrics: dsc: 0.601 ; iou: 0.475 ; accuracy: 0.988 ; precision: 0.476 ; recall: 0.983 ; loss: 0.927
2019-01-11 16:16:58,569:INFO: - Eval metrics : dsc: 0.670 ; iou: 0.555 ; accuracy: 0.995 ; precision: 0.595 ; recall: 0.916 ; loss: 0.875
2019-01-11 16:16:58,602:INFO: Epoch 8/45
2019-01-11 16:17:09,546:INFO: - Train metrics: dsc: 0.528 ; iou: 0.407 ; accuracy: 0.982 ; precision: 0.412 ; recall: 0.967 ; loss: 0.907
2019-01-11 16:17:10,811:INFO: - Eval metrics : dsc: 0.661 ; iou: 0.557 ; accuracy: 0.994 ; precision: 0.589 ; recall: 0.876 ; loss: 0.570
2019-01-11 16:17:10,844:INFO: Epoch 9/45
2019-01-11 16:17:21,856:INFO: - Train metrics: dsc: 0.532 ; iou: 0.411 ; accuracy: 0.984 ; precision: 0.417 ; recall: 0.974 ; loss: 0.877
2019-01-11 16:17:23,160:INFO: - Eval metrics : dsc: 0.371 ; iou: 0.270 ; accuracy: 0.960 ; precision: 0.270 ; recall: 0.980 ; loss: 0.878
2019-01-11 16:17:23,194:INFO: Epoch 10/45
2019-01-11 16:17:34,106:INFO: - Train metrics: dsc: 0.555 ; iou: 0.448 ; accuracy: 0.982 ; precision: 0.459 ; recall: 0.954 ; loss: 0.832
2019-01-11 16:17:35,306:INFO: - Eval metrics : dsc: 0.590 ; iou: 0.480 ; accuracy: 0.987 ; precision: 0.511 ; recall: 0.936 ; loss: 0.800
2019-01-11 16:17:35,341:INFO: Epoch 11/45
2019-01-11 16:17:46,206:INFO: - Train metrics: dsc: 0.551 ; iou: 0.445 ; accuracy: 0.983 ; precision: 0.455 ; recall: 0.960 ; loss: 0.794
2019-01-11 16:17:47,448:INFO: - Eval metrics : dsc: 0.682 ; iou: 0.593 ; accuracy: 0.996 ; precision: 0.667 ; recall: 0.816 ; loss: 0.662
2019-01-11 16:17:47,477:INFO: Epoch 12/45
2019-01-11 16:17:58,355:INFO: - Train metrics: dsc: 0.625 ; iou: 0.519 ; accuracy: 0.988 ; precision: 0.536 ; recall: 0.950 ; loss: 0.763
2019-01-11 16:17:59,686:INFO: - Eval metrics : dsc: 0.551 ; iou: 0.453 ; accuracy: 0.982 ; precision: 0.492 ; recall: 0.918 ; loss: 0.725
2019-01-11 16:17:59,712:INFO: Epoch 13/45
2019-01-11 16:18:10,668:INFO: - Train metrics: dsc: 0.599 ; iou: 0.501 ; accuracy: 0.981 ; precision: 0.520 ; recall: 0.950 ; loss: 0.736
2019-01-11 16:18:12,002:INFO: - Eval metrics : dsc: 0.695 ; iou: 0.597 ; accuracy: 0.997 ; precision: 0.682 ; recall: 0.849 ; loss: 0.732
2019-01-11 16:18:12,040:INFO: - Found new best DSC
2019-01-11 16:18:12,040:INFO: Epoch 14/45
2019-01-11 16:18:22,963:INFO: - Train metrics: dsc: 0.625 ; iou: 0.520 ; accuracy: 0.990 ; precision: 0.541 ; recall: 0.948 ; loss: 0.695
2019-01-11 16:18:24,198:INFO: - Eval metrics : dsc: 0.599 ; iou: 0.494 ; accuracy: 0.988 ; precision: 0.520 ; recall: 0.934 ; loss: 0.709
2019-01-11 16:18:24,234:INFO: Epoch 15/45
2019-01-11 16:18:35,099:INFO: - Train metrics: dsc: 0.647 ; iou: 0.547 ; accuracy: 0.990 ; precision: 0.566 ; recall: 0.948 ; loss: 0.674
2019-01-11 16:18:36,341:INFO: - Eval metrics : dsc: 0.434 ; iou: 0.362 ; accuracy: 0.951 ; precision: 0.393 ; recall: 0.935 ; loss: 0.724
2019-01-11 16:18:36,365:INFO: Epoch 16/45
2019-01-11 16:18:47,321:INFO: - Train metrics: dsc: 0.676 ; iou: 0.572 ; accuracy: 0.992 ; precision: 0.599 ; recall: 0.937 ; loss: 0.655
2019-01-11 16:18:48,624:INFO: - Eval metrics : dsc: 0.556 ; iou: 0.453 ; accuracy: 0.985 ; precision: 0.474 ; recall: 0.949 ; loss: 0.689
2019-01-11 16:18:48,668:INFO: Epoch 17/45
2019-01-11 16:18:59,662:INFO: - Train metrics: dsc: 0.713 ; iou: 0.610 ; accuracy: 0.994 ; precision: 0.637 ; recall: 0.941 ; loss: 0.632
2019-01-11 16:19:00,941:INFO: - Eval metrics : dsc: 0.530 ; iou: 0.435 ; accuracy: 0.981 ; precision: 0.458 ; recall: 0.953 ; loss: 0.677
2019-01-11 16:19:00,978:INFO: Epoch 18/45
2019-01-11 16:19:11,935:INFO: - Train metrics: dsc: 0.691 ; iou: 0.594 ; accuracy: 0.992 ; precision: 0.620 ; recall: 0.948 ; loss: 0.613
2019-01-11 16:19:13,297:INFO: - Eval metrics : dsc: 0.657 ; iou: 0.556 ; accuracy: 0.992 ; precision: 0.627 ; recall: 0.898 ; loss: 0.681
2019-01-11 16:19:13,329:INFO: Epoch 19/45
2019-01-11 16:19:24,283:INFO: - Train metrics: dsc: 0.687 ; iou: 0.588 ; accuracy: 0.991 ; precision: 0.614 ; recall: 0.944 ; loss: 0.622
2019-01-11 16:19:25,535:INFO: - Eval metrics : dsc: 0.500 ; iou: 0.402 ; accuracy: 0.975 ; precision: 0.407 ; recall: 0.967 ; loss: 0.677
2019-01-11 16:19:25,595:INFO: Epoch 20/45
2019-01-11 16:19:36,531:INFO: - Train metrics: dsc: 0.702 ; iou: 0.602 ; accuracy: 0.993 ; precision: 0.633 ; recall: 0.938 ; loss: 0.612
2019-01-11 16:19:37,813:INFO: - Eval metrics : dsc: 0.769 ; iou: 0.682 ; accuracy: 0.997 ; precision: 0.740 ; recall: 0.891 ; loss: 0.594
2019-01-11 16:19:37,851:INFO: - Found new best DSC
2019-01-11 16:19:37,851:INFO: Epoch 21/45
2019-01-11 16:19:48,796:INFO: - Train metrics: dsc: 0.730 ; iou: 0.634 ; accuracy: 0.994 ; precision: 0.660 ; recall: 0.941 ; loss: 0.600
2019-01-11 16:19:50,159:INFO: - Eval metrics : dsc: 0.547 ; iou: 0.452 ; accuracy: 0.981 ; precision: 0.469 ; recall: 0.959 ; loss: 0.666
2019-01-11 16:19:50,190:INFO: Epoch 22/45
2019-01-11 16:20:01,102:INFO: - Train metrics: dsc: 0.735 ; iou: 0.642 ; accuracy: 0.994 ; precision: 0.666 ; recall: 0.942 ; loss: 0.591
2019-01-11 16:20:02,354:INFO: - Eval metrics : dsc: 0.408 ; iou: 0.356 ; accuracy: 0.902 ; precision: 0.376 ; recall: 0.968 ; loss: 0.664
2019-01-11 16:20:02,388:INFO: Epoch 23/45
2019-01-11 16:20:13,245:INFO: - Train metrics: dsc: 0.714 ; iou: 0.622 ; accuracy: 0.993 ; precision: 0.646 ; recall: 0.953 ; loss: 0.589
2019-01-11 16:20:14,497:INFO: - Eval metrics : dsc: 0.781 ; iou: 0.696 ; accuracy: 0.997 ; precision: 0.751 ; recall: 0.915 ; loss: 0.639
2019-01-11 16:20:14,549:INFO: - Found new best DSC
2019-01-11 16:20:14,549:INFO: Epoch 24/45
2019-01-11 16:20:25,609:INFO: - Train metrics: dsc: 0.783 ; iou: 0.694 ; accuracy: 0.997 ; precision: 0.725 ; recall: 0.939 ; loss: 0.581
2019-01-11 16:20:26,913:INFO: - Eval metrics : dsc: 0.712 ; iou: 0.620 ; accuracy: 0.996 ; precision: 0.704 ; recall: 0.874 ; loss: 0.633
2019-01-11 16:20:26,936:INFO: Epoch 25/45
2019-01-11 16:20:37,926:INFO: - Train metrics: dsc: 0.754 ; iou: 0.662 ; accuracy: 0.995 ; precision: 0.691 ; recall: 0.944 ; loss: 0.571
2019-01-11 16:20:39,254:INFO: - Eval metrics : dsc: 0.677 ; iou: 0.573 ; accuracy: 0.994 ; precision: 0.598 ; recall: 0.947 ; loss: 0.642
2019-01-11 16:20:39,316:INFO: Epoch 26/45
2019-01-11 16:20:50,251:INFO: - Train metrics: dsc: 0.773 ; iou: 0.685 ; accuracy: 0.996 ; precision: 0.711 ; recall: 0.948 ; loss: 0.558
2019-01-11 16:20:51,501:INFO: - Eval metrics : dsc: 0.750 ; iou: 0.662 ; accuracy: 0.996 ; precision: 0.719 ; recall: 0.909 ; loss: 0.609
2019-01-11 16:20:51,540:INFO: Epoch 27/45
2019-01-11 16:21:02,387:INFO: - Train metrics: dsc: 0.780 ; iou: 0.701 ; accuracy: 0.995 ; precision: 0.730 ; recall: 0.946 ; loss: 0.535
2019-01-11 16:21:03,622:INFO: - Eval metrics : dsc: 0.644 ; iou: 0.559 ; accuracy: 0.988 ; precision: 0.606 ; recall: 0.914 ; loss: 0.598
2019-01-11 16:21:03,655:INFO: Epoch 28/45
2019-01-11 16:21:14,684:INFO: - Train metrics: dsc: 0.811 ; iou: 0.731 ; accuracy: 0.997 ; precision: 0.767 ; recall: 0.941 ; loss: 0.516
2019-01-11 16:21:15,991:INFO: - Eval metrics : dsc: 0.783 ; iou: 0.699 ; accuracy: 0.997 ; precision: 0.743 ; recall: 0.921 ; loss: 0.558
2019-01-11 16:21:16,028:INFO: - Found new best DSC
2019-01-11 16:21:16,028:INFO: Epoch 29/45
2019-01-11 16:21:27,041:INFO: - Train metrics: dsc: 0.816 ; iou: 0.736 ; accuracy: 0.997 ; precision: 0.774 ; recall: 0.942 ; loss: 0.491
2019-01-11 16:21:28,277:INFO: - Eval metrics : dsc: 0.817 ; iou: 0.743 ; accuracy: 0.998 ; precision: 0.834 ; recall: 0.893 ; loss: 0.472
2019-01-11 16:21:28,316:INFO: - Found new best DSC
2019-01-11 16:21:28,316:INFO: Epoch 30/45
2019-01-11 16:21:39,353:INFO: - Train metrics: dsc: 0.810 ; iou: 0.733 ; accuracy: 0.996 ; precision: 0.770 ; recall: 0.946 ; loss: 0.459
2019-01-11 16:21:40,595:INFO: - Eval metrics : dsc: 0.765 ; iou: 0.683 ; accuracy: 0.996 ; precision: 0.747 ; recall: 0.910 ; loss: 0.501
2019-01-11 16:21:40,626:INFO: Epoch 31/45
2019-01-11 16:21:51,540:INFO: - Train metrics: dsc: 0.843 ; iou: 0.772 ; accuracy: 0.998 ; precision: 0.809 ; recall: 0.945 ; loss: 0.434
2019-01-11 16:21:52,836:INFO: - Eval metrics : dsc: 0.828 ; iou: 0.757 ; accuracy: 0.998 ; precision: 0.837 ; recall: 0.903 ; loss: 0.449
2019-01-11 16:21:52,878:INFO: - Found new best DSC
2019-01-11 16:21:52,878:INFO: Epoch 32/45
2019-01-11 16:22:03,845:INFO: - Train metrics: dsc: 0.855 ; iou: 0.789 ; accuracy: 0.998 ; precision: 0.828 ; recall: 0.942 ; loss: 0.397
2019-01-11 16:22:05,171:INFO: - Eval metrics : dsc: 0.828 ; iou: 0.757 ; accuracy: 0.998 ; precision: 0.827 ; recall: 0.918 ; loss: 0.412
2019-01-11 16:22:05,211:INFO: - Found new best DSC
2019-01-11 16:22:05,211:INFO: Epoch 33/45
2019-01-11 16:22:16,178:INFO: - Train metrics: dsc: 0.873 ; iou: 0.811 ; accuracy: 0.999 ; precision: 0.858 ; recall: 0.939 ; loss: 0.352
2019-01-11 16:22:17,493:INFO: - Eval metrics : dsc: 0.858 ; iou: 0.795 ; accuracy: 0.999 ; precision: 0.853 ; recall: 0.928 ; loss: 0.340
2019-01-11 16:22:17,533:INFO: - Found new best DSC
2019-01-11 16:22:17,534:INFO: Epoch 34/45
2019-01-11 16:22:28,524:INFO: - Train metrics: dsc: 0.886 ; iou: 0.828 ; accuracy: 0.999 ; precision: 0.879 ; recall: 0.937 ; loss: 0.285
2019-01-11 16:22:29,735:INFO: - Eval metrics : dsc: 0.839 ; iou: 0.774 ; accuracy: 0.999 ; precision: 0.919 ; recall: 0.841 ; loss: 0.325
2019-01-11 16:22:29,764:INFO: Epoch 35/45
2019-01-11 16:22:40,693:INFO: - Train metrics: dsc: 0.898 ; iou: 0.842 ; accuracy: 0.999 ; precision: 0.897 ; recall: 0.938 ; loss: 0.239
2019-01-11 16:22:41,953:INFO: - Eval metrics : dsc: 0.856 ; iou: 0.794 ; accuracy: 0.999 ; precision: 0.887 ; recall: 0.895 ; loss: 0.273
2019-01-11 16:22:41,990:INFO: Epoch 36/45
2019-01-11 16:22:52,905:INFO: - Train metrics: dsc: 0.904 ; iou: 0.849 ; accuracy: 0.999 ; precision: 0.903 ; recall: 0.938 ; loss: 0.212
2019-01-11 16:22:54,205:INFO: - Eval metrics : dsc: 0.867 ; iou: 0.810 ; accuracy: 0.999 ; precision: 0.883 ; recall: 0.917 ; loss: 0.233
2019-01-11 16:22:54,230:INFO: - Found new best DSC
2019-01-11 16:22:54,230:INFO: Epoch 37/45
2019-01-11 16:23:05,202:INFO: - Train metrics: dsc: 0.912 ; iou: 0.859 ; accuracy: 0.999 ; precision: 0.910 ; recall: 0.941 ; loss: 0.187
2019-01-11 16:23:06,537:INFO: - Eval metrics : dsc: 0.868 ; iou: 0.809 ; accuracy: 0.999 ; precision: 0.895 ; recall: 0.899 ; loss: 0.214
2019-01-11 16:23:06,563:INFO: - Found new best DSC
2019-01-11 16:23:06,563:INFO: Epoch 38/45
2019-01-11 16:23:17,536:INFO: - Train metrics: dsc: 0.904 ; iou: 0.850 ; accuracy: 0.999 ; precision: 0.899 ; recall: 0.941 ; loss: 0.179
2019-01-11 16:23:18,827:INFO: - Eval metrics : dsc: 0.859 ; iou: 0.798 ; accuracy: 0.999 ; precision: 0.908 ; recall: 0.881 ; loss: 0.207
2019-01-11 16:23:18,857:INFO: Epoch 39/45
2019-01-11 16:23:29,844:INFO: - Train metrics: dsc: 0.909 ; iou: 0.855 ; accuracy: 0.999 ; precision: 0.919 ; recall: 0.928 ; loss: 0.167
2019-01-11 16:23:31,135:INFO: - Eval metrics : dsc: 0.860 ; iou: 0.802 ; accuracy: 0.999 ; precision: 0.878 ; recall: 0.910 ; loss: 0.196
2019-01-11 16:23:31,168:INFO: Epoch 40/45
2019-01-11 16:23:42,104:INFO: - Train metrics: dsc: 0.901 ; iou: 0.847 ; accuracy: 0.999 ; precision: 0.902 ; recall: 0.936 ; loss: 0.164
2019-01-11 16:23:43,337:INFO: - Eval metrics : dsc: 0.858 ; iou: 0.799 ; accuracy: 0.999 ; precision: 0.898 ; recall: 0.892 ; loss: 0.201
2019-01-11 16:23:43,368:INFO: Epoch 41/45
2019-01-11 16:23:54,283:INFO: - Train metrics: dsc: 0.910 ; iou: 0.857 ; accuracy: 0.999 ; precision: 0.913 ; recall: 0.936 ; loss: 0.149
2019-01-11 16:23:55,511:INFO: - Eval metrics : dsc: 0.868 ; iou: 0.809 ; accuracy: 0.999 ; precision: 0.912 ; recall: 0.886 ; loss: 0.189
2019-01-11 16:23:55,550:INFO: - Found new best DSC
2019-01-11 16:23:55,550:INFO: Epoch 42/45
2019-01-11 16:24:06,552:INFO: - Train metrics: dsc: 0.918 ; iou: 0.866 ; accuracy: 0.999 ; precision: 0.918 ; recall: 0.940 ; loss: 0.140
2019-01-11 16:24:07,796:INFO: - Eval metrics : dsc: 0.867 ; iou: 0.807 ; accuracy: 0.999 ; precision: 0.894 ; recall: 0.895 ; loss: 0.181
2019-01-11 16:24:07,825:INFO: Epoch 43/45
2019-01-11 16:24:18,904:INFO: - Train metrics: dsc: 0.920 ; iou: 0.870 ; accuracy: 0.999 ; precision: 0.924 ; recall: 0.938 ; loss: 0.133
2019-01-11 16:24:20,156:INFO: - Eval metrics : dsc: 0.868 ; iou: 0.813 ; accuracy: 0.999 ; precision: 0.887 ; recall: 0.917 ; loss: 0.170
2019-01-11 16:24:20,191:INFO: - Found new best DSC
2019-01-11 16:24:20,191:INFO: Epoch 44/45
2019-01-11 16:24:31,100:INFO: - Train metrics: dsc: 0.920 ; iou: 0.872 ; accuracy: 0.999 ; precision: 0.923 ; recall: 0.940 ; loss: 0.131
2019-01-11 16:24:32,356:INFO: - Eval metrics : dsc: 0.866 ; iou: 0.807 ; accuracy: 0.999 ; precision: 0.854 ; recall: 0.937 ; loss: 0.167
2019-01-11 16:24:32,389:INFO: Epoch 45/45
2019-01-11 16:24:43,411:INFO: - Train metrics: dsc: 0.904 ; iou: 0.849 ; accuracy: 0.999 ; precision: 0.908 ; recall: 0.931 ; loss: 0.137
2019-01-11 16:24:44,655:INFO: - Eval metrics : dsc: 0.860 ; iou: 0.800 ; accuracy: 0.999 ; precision: 0.849 ; recall: 0.928 ; loss: 0.169
2019-01-11 16:24:44,779:INFO: Loading the datasets...
2019-01-11 16:24:49,161:INFO: - done.
2019-01-11 16:24:49,162:INFO: For k-fold 2/5:
2019-01-11 16:24:49,162:INFO: Starting training for 45 epoch(s)
2019-01-11 16:24:49,162:INFO: Epoch 1/45
2019-01-11 16:25:00,151:INFO: - Train metrics: dsc: 0.082 ; iou: 0.044 ; accuracy: 0.839 ; precision: 0.044 ; recall: 0.837 ; loss: 0.970
2019-01-11 16:25:01,469:INFO: - Eval metrics : dsc: 0.085 ; iou: 0.049 ; accuracy: 0.983 ; precision: 0.091 ; recall: 0.142 ; loss: 0.981
2019-01-11 16:25:01,514:INFO: - Found new best DSC
2019-01-11 16:25:01,514:INFO: Epoch 2/45
2019-01-11 16:25:12,449:INFO: - Train metrics: dsc: 0.315 ; iou: 0.202 ; accuracy: 0.958 ; precision: 0.202 ; recall: 0.970 ; loss: 0.956
2019-01-11 16:25:13,741:INFO: - Eval metrics : dsc: 0.570 ; iou: 0.428 ; accuracy: 0.992 ; precision: 0.440 ; recall: 0.921 ; loss: 0.958
2019-01-11 16:25:13,771:INFO: - Found new best DSC
2019-01-11 16:25:13,771:INFO: Epoch 3/45
2019-01-11 16:25:24,768:INFO: - Train metrics: dsc: 0.537 ; iou: 0.393 ; accuracy: 0.989 ; precision: 0.393 ; recall: 0.979 ; loss: 0.951
2019-01-11 16:25:26,107:INFO: - Eval metrics : dsc: 0.504 ; iou: 0.363 ; accuracy: 0.986 ; precision: 0.363 ; recall: 0.978 ; loss: 0.951
2019-01-11 16:25:26,151:INFO: Epoch 4/45
2019-01-11 16:25:37,148:INFO: - Train metrics: dsc: 0.598 ; iou: 0.457 ; accuracy: 0.992 ; precision: 0.460 ; recall: 0.981 ; loss: 0.947
2019-01-11 16:25:38,517:INFO: - Eval metrics : dsc: 0.669 ; iou: 0.534 ; accuracy: 0.994 ; precision: 0.550 ; recall: 0.973 ; loss: 0.947
2019-01-11 16:25:38,557:INFO: - Found new best DSC
2019-01-11 16:25:38,558:INFO: Epoch 5/45
2019-01-11 16:25:49,549:INFO: - Train metrics: dsc: 0.643 ; iou: 0.505 ; accuracy: 0.993 ; precision: 0.508 ; recall: 0.984 ; loss: 0.942
2019-01-11 16:25:50,926:INFO: - Eval metrics : dsc: 0.674 ; iou: 0.540 ; accuracy: 0.994 ; precision: 0.551 ; recall: 0.975 ; loss: 0.943
2019-01-11 16:25:50,962:INFO: - Found new best DSC
2019-01-11 16:25:50,962:INFO: Epoch 6/45
2019-01-11 16:26:02,038:INFO: - Train metrics: dsc: 0.653 ; iou: 0.522 ; accuracy: 0.993 ; precision: 0.522 ; recall: 0.987 ; loss: 0.937
2019-01-11 16:26:03,324:INFO: - Eval metrics : dsc: 0.554 ; iou: 0.416 ; accuracy: 0.989 ; precision: 0.417 ; recall: 0.981 ; loss: 0.937
2019-01-11 16:26:03,358:INFO: Epoch 7/45
2019-01-11 16:26:14,407:INFO: - Train metrics: dsc: 0.657 ; iou: 0.529 ; accuracy: 0.993 ; precision: 0.529 ; recall: 0.988 ; loss: 0.931
2019-01-11 16:26:15,765:INFO: - Eval metrics : dsc: 0.640 ; iou: 0.525 ; accuracy: 0.990 ; precision: 0.531 ; recall: 0.948 ; loss: 0.931
2019-01-11 16:26:15,791:INFO: Epoch 8/45
2019-01-11 16:26:26,753:INFO: - Train metrics: dsc: 0.642 ; iou: 0.518 ; accuracy: 0.992 ; precision: 0.519 ; recall: 0.985 ; loss: 0.922
2019-01-11 16:26:28,069:INFO: - Eval metrics : dsc: 0.619 ; iou: 0.501 ; accuracy: 0.989 ; precision: 0.509 ; recall: 0.949 ; loss: 0.916
2019-01-11 16:26:28,111:INFO: Epoch 9/45
2019-01-11 16:26:39,056:INFO: - Train metrics: dsc: 0.614 ; iou: 0.492 ; accuracy: 0.989 ; precision: 0.493 ; recall: 0.987 ; loss: 0.909
2019-01-11 16:26:40,298:INFO: - Eval metrics : dsc: 0.505 ; iou: 0.413 ; accuracy: 0.995 ; precision: 0.932 ; recall: 0.455 ; loss: 0.882
2019-01-11 16:26:40,337:INFO: Epoch 10/45
2019-01-11 16:26:51,375:INFO: - Train metrics: dsc: 0.601 ; iou: 0.484 ; accuracy: 0.987 ; precision: 0.491 ; recall: 0.973 ; loss: 0.890
2019-01-11 16:26:52,637:INFO: - Eval metrics : dsc: 0.766 ; iou: 0.669 ; accuracy: 0.997 ; precision: 0.806 ; recall: 0.829 ; loss: 0.610
2019-01-11 16:26:52,675:INFO: - Found new best DSC
2019-01-11 16:26:52,676:INFO: Epoch 11/45
2019-01-11 16:27:03,696:INFO: - Train metrics: dsc: 0.566 ; iou: 0.450 ; accuracy: 0.986 ; precision: 0.461 ; recall: 0.960 ; loss: 0.848
2019-01-11 16:27:04,976:INFO: - Eval metrics : dsc: 0.645 ; iou: 0.534 ; accuracy: 0.993 ; precision: 0.581 ; recall: 0.889 ; loss: 0.720
2019-01-11 16:27:05,010:INFO: Epoch 12/45
2019-01-11 16:27:16,040:INFO: - Train metrics: dsc: 0.539 ; iou: 0.434 ; accuracy: 0.981 ; precision: 0.446 ; recall: 0.952 ; loss: 0.803
2019-01-11 16:27:17,405:INFO: - Eval metrics : dsc: 0.773 ; iou: 0.687 ; accuracy: 0.997 ; precision: 0.777 ; recall: 0.837 ; loss: 0.659
2019-01-11 16:27:17,443:INFO: - Found new best DSC
2019-01-11 16:27:17,443:INFO: Epoch 13/45
2019-01-11 16:27:28,509:INFO: - Train metrics: dsc: 0.562 ; iou: 0.459 ; accuracy: 0.983 ; precision: 0.474 ; recall: 0.955 ; loss: 0.770
2019-01-11 16:27:29,790:INFO: - Eval metrics : dsc: 0.435 ; iou: 0.340 ; accuracy: 0.959 ; precision: 0.348 ; recall: 0.970 ; loss: 0.768
2019-01-11 16:27:29,828:INFO: Epoch 14/45
2019-01-11 16:27:40,789:INFO: - Train metrics: dsc: 0.619 ; iou: 0.514 ; accuracy: 0.988 ; precision: 0.537 ; recall: 0.945 ; loss: 0.719
2019-01-11 16:27:42,028:INFO: - Eval metrics : dsc: 0.535 ; iou: 0.446 ; accuracy: 0.978 ; precision: 0.488 ; recall: 0.922 ; loss: 0.728
2019-01-11 16:27:42,063:INFO: Epoch 15/45
2019-01-11 16:27:53,032:INFO: - Train metrics: dsc: 0.616 ; iou: 0.515 ; accuracy: 0.988 ; precision: 0.539 ; recall: 0.940 ; loss: 0.682
2019-01-11 16:27:54,257:INFO: - Eval metrics : dsc: 0.579 ; iou: 0.478 ; accuracy: 0.985 ; precision: 0.543 ; recall: 0.907 ; loss: 0.709
2019-01-11 16:27:54,293:INFO: Epoch 16/45
2019-01-11 16:28:05,227:INFO: - Train metrics: dsc: 0.654 ; iou: 0.551 ; accuracy: 0.991 ; precision: 0.579 ; recall: 0.936 ; loss: 0.662
2019-01-11 16:28:06,545:INFO: - Eval metrics : dsc: 0.803 ; iou: 0.718 ; accuracy: 0.997 ; precision: 0.765 ; recall: 0.924 ; loss: 0.601
2019-01-11 16:28:06,584:INFO: - Found new best DSC
2019-01-11 16:28:06,584:INFO: Epoch 17/45
2019-01-11 16:28:17,492:INFO: - Train metrics: dsc: 0.654 ; iou: 0.553 ; accuracy: 0.990 ; precision: 0.579 ; recall: 0.945 ; loss: 0.638
2019-01-11 16:28:18,803:INFO: - Eval metrics : dsc: 0.658 ; iou: 0.563 ; accuracy: 0.989 ; precision: 0.597 ; recall: 0.929 ; loss: 0.626
2019-01-11 16:28:18,839:INFO: Epoch 18/45
2019-01-11 16:28:29,816:INFO: - Train metrics: dsc: 0.640 ; iou: 0.544 ; accuracy: 0.988 ; precision: 0.570 ; recall: 0.944 ; loss: 0.640
2019-01-11 16:28:31,149:INFO: - Eval metrics : dsc: 0.583 ; iou: 0.488 ; accuracy: 0.984 ; precision: 0.509 ; recall: 0.950 ; loss: 0.642
2019-01-11 16:28:31,179:INFO: Epoch 19/45
2019-01-11 16:28:42,194:INFO: - Train metrics: dsc: 0.673 ; iou: 0.576 ; accuracy: 0.990 ; precision: 0.601 ; recall: 0.948 ; loss: 0.623
2019-01-11 16:28:43,458:INFO: - Eval metrics : dsc: 0.822 ; iou: 0.741 ; accuracy: 0.998 ; precision: 0.780 ; recall: 0.929 ; loss: 0.469
2019-01-11 16:28:43,496:INFO: - Found new best DSC
2019-01-11 16:28:43,496:INFO: Epoch 20/45
2019-01-11 16:28:54,441:INFO: - Train metrics: dsc: 0.702 ; iou: 0.603 ; accuracy: 0.993 ; precision: 0.631 ; recall: 0.943 ; loss: 0.609
2019-01-11 16:28:55,711:INFO: - Eval metrics : dsc: 0.739 ; iou: 0.640 ; accuracy: 0.995 ; precision: 0.693 ; recall: 0.921 ; loss: 0.610
2019-01-11 16:28:55,746:INFO: Epoch 21/45
2019-01-11 16:29:06,742:INFO: - Train metrics: dsc: 0.726 ; iou: 0.630 ; accuracy: 0.994 ; precision: 0.656 ; recall: 0.945 ; loss: 0.593
2019-01-11 16:29:07,991:INFO: - Eval metrics : dsc: 0.703 ; iou: 0.605 ; accuracy: 0.993 ; precision: 0.630 ; recall: 0.944 ; loss: 0.619
2019-01-11 16:29:08,022:INFO: Epoch 22/45
2019-01-11 16:29:19,014:INFO: - Train metrics: dsc: 0.709 ; iou: 0.615 ; accuracy: 0.993 ; precision: 0.643 ; recall: 0.948 ; loss: 0.580
2019-01-11 16:29:20,305:INFO: - Eval metrics : dsc: 0.763 ; iou: 0.673 ; accuracy: 0.996 ; precision: 0.713 ; recall: 0.933 ; loss: 0.617
2019-01-11 16:29:20,335:INFO: Epoch 23/45
2019-01-11 16:29:31,265:INFO: - Train metrics: dsc: 0.738 ; iou: 0.649 ; accuracy: 0.995 ; precision: 0.676 ; recall: 0.948 ; loss: 0.580
2019-01-11 16:29:32,575:INFO: - Eval metrics : dsc: 0.814 ; iou: 0.729 ; accuracy: 0.997 ; precision: 0.757 ; recall: 0.951 ; loss: 0.587
2019-01-11 16:29:32,635:INFO: Epoch 24/45
2019-01-11 16:29:43,638:INFO: - Train metrics: dsc: 0.763 ; iou: 0.676 ; accuracy: 0.995 ; precision: 0.704 ; recall: 0.948 ; loss: 0.568
2019-01-11 16:29:44,868:INFO: - Eval metrics : dsc: 0.739 ; iou: 0.647 ; accuracy: 0.995 ; precision: 0.708 ; recall: 0.909 ; loss: 0.612
2019-01-11 16:29:44,897:INFO: Epoch 25/45
2019-01-11 16:29:55,812:INFO: - Train metrics: dsc: 0.753 ; iou: 0.667 ; accuracy: 0.995 ; precision: 0.696 ; recall: 0.945 ; loss: 0.553
2019-01-11 16:29:57,098:INFO: - Eval metrics : dsc: 0.805 ; iou: 0.724 ; accuracy: 0.997 ; precision: 0.763 ; recall: 0.926 ; loss: 0.557
2019-01-11 16:29:57,136:INFO: Epoch 26/45
2019-01-11 16:30:08,109:INFO: - Train metrics: dsc: 0.790 ; iou: 0.709 ; accuracy: 0.997 ; precision: 0.743 ; recall: 0.937 ; loss: 0.530
2019-01-11 16:30:09,372:INFO: - Eval metrics : dsc: 0.843 ; iou: 0.770 ; accuracy: 0.998 ; precision: 0.824 ; recall: 0.923 ; loss: 0.360
2019-01-11 16:30:09,420:INFO: - Found new best DSC
2019-01-11 16:30:09,420:INFO: Epoch 27/45
2019-01-11 16:30:20,360:INFO: - Train metrics: dsc: 0.770 ; iou: 0.689 ; accuracy: 0.995 ; precision: 0.725 ; recall: 0.941 ; loss: 0.496
2019-01-11 16:30:21,660:INFO: - Eval metrics : dsc: 0.826 ; iou: 0.749 ; accuracy: 0.998 ; precision: 0.795 ; recall: 0.935 ; loss: 0.502
2019-01-11 16:30:21,713:INFO: Epoch 28/45
2019-01-11 16:30:32,709:INFO: - Train metrics: dsc: 0.806 ; iou: 0.727 ; accuracy: 0.997 ; precision: 0.765 ; recall: 0.944 ; loss: 0.470
2019-01-11 16:30:34,050:INFO: - Eval metrics : dsc: 0.784 ; iou: 0.694 ; accuracy: 0.997 ; precision: 0.716 ; recall: 0.952 ; loss: 0.528
2019-01-11 16:30:34,076:INFO: Epoch 29/45
2019-01-11 16:30:45,010:INFO: - Train metrics: dsc: 0.821 ; iou: 0.746 ; accuracy: 0.998 ; precision: 0.791 ; recall: 0.939 ; loss: 0.449
2019-01-11 16:30:46,256:INFO: - Eval metrics : dsc: 0.782 ; iou: 0.699 ; accuracy: 0.996 ; precision: 0.729 ; recall: 0.952 ; loss: 0.496
2019-01-11 16:30:46,294:INFO: Epoch 30/45
2019-01-11 16:30:57,237:INFO: - Train metrics: dsc: 0.823 ; iou: 0.752 ; accuracy: 0.998 ; precision: 0.792 ; recall: 0.942 ; loss: 0.423
2019-01-11 16:30:58,581:INFO: - Eval metrics : dsc: 0.869 ; iou: 0.805 ; accuracy: 0.999 ; precision: 0.877 ; recall: 0.912 ; loss: 0.345
2019-01-11 16:30:58,620:INFO: - Found new best DSC
2019-01-11 16:30:58,620:INFO: Epoch 31/45
2019-01-11 16:31:09,668:INFO: - Train metrics: dsc: 0.867 ; iou: 0.805 ; accuracy: 0.999 ; precision: 0.860 ; recall: 0.928 ; loss: 0.317
2019-01-11 16:31:10,995:INFO: - Eval metrics : dsc: 0.868 ; iou: 0.804 ; accuracy: 0.999 ; precision: 0.848 ; recall: 0.936 ; loss: 0.326
2019-01-11 16:31:11,024:INFO: Epoch 32/45
2019-01-11 16:31:22,041:INFO: - Train metrics: dsc: 0.875 ; iou: 0.815 ; accuracy: 0.999 ; precision: 0.864 ; recall: 0.939 ; loss: 0.257
2019-01-11 16:31:23,365:INFO: - Eval metrics : dsc: 0.874 ; iou: 0.813 ; accuracy: 0.999 ; precision: 0.871 ; recall: 0.929 ; loss: 0.274
2019-01-11 16:31:23,389:INFO: - Found new best DSC
2019-01-11 16:31:23,389:INFO: Epoch 33/45
2019-01-11 16:31:34,317:INFO: - Train metrics: dsc: 0.891 ; iou: 0.835 ; accuracy: 0.999 ; precision: 0.887 ; recall: 0.939 ; loss: 0.220
2019-01-11 16:31:35,626:INFO: - Eval metrics : dsc: 0.890 ; iou: 0.832 ; accuracy: 0.999 ; precision: 0.929 ; recall: 0.892 ; loss: 0.232
2019-01-11 16:31:35,659:INFO: - Found new best DSC
2019-01-11 16:31:35,660:INFO: Epoch 34/45
2019-01-11 16:31:46,683:INFO: - Train metrics: dsc: 0.897 ; iou: 0.842 ; accuracy: 0.999 ; precision: 0.891 ; recall: 0.943 ; loss: 0.197
2019-01-11 16:31:47,981:INFO: - Eval metrics : dsc: 0.904 ; iou: 0.849 ; accuracy: 0.999 ; precision: 0.915 ; recall: 0.924 ; loss: 0.202
2019-01-11 16:31:48,015:INFO: - Found new best DSC
2019-01-11 16:31:48,015:INFO: Epoch 35/45
2019-01-11 16:31:58,969:INFO: - Train metrics: dsc: 0.903 ; iou: 0.851 ; accuracy: 0.999 ; precision: 0.900 ; recall: 0.943 ; loss: 0.175
2019-01-11 16:32:00,169:INFO: - Eval metrics : dsc: 0.895 ; iou: 0.840 ; accuracy: 0.999 ; precision: 0.908 ; recall: 0.922 ; loss: 0.190
2019-01-11 16:32:00,204:INFO: Epoch 36/45
2019-01-11 16:32:11,148:INFO: - Train metrics: dsc: 0.904 ; iou: 0.851 ; accuracy: 0.999 ; precision: 0.903 ; recall: 0.940 ; loss: 0.166
2019-01-11 16:32:12,495:INFO: - Eval metrics : dsc: 0.894 ; iou: 0.839 ; accuracy: 0.999 ; precision: 0.909 ; recall: 0.920 ; loss: 0.178
2019-01-11 16:32:12,538:INFO: Epoch 37/45
2019-01-11 16:32:23,625:INFO: - Train metrics: dsc: 0.904 ; iou: 0.851 ; accuracy: 0.999 ; precision: 0.902 ; recall: 0.940 ; loss: 0.155
2019-01-11 16:32:24,985:INFO: - Eval metrics : dsc: 0.893 ; iou: 0.837 ; accuracy: 0.999 ; precision: 0.897 ; recall: 0.930 ; loss: 0.172
2019-01-11 16:32:25,016:INFO: Epoch 38/45
2019-01-11 16:32:36,080:INFO: - Train metrics: dsc: 0.891 ; iou: 0.835 ; accuracy: 0.999 ; precision: 0.890 ; recall: 0.935 ; loss: 0.158
2019-01-11 16:32:37,394:INFO: - Eval metrics : dsc: 0.894 ; iou: 0.836 ; accuracy: 0.999 ; precision: 0.922 ; recall: 0.903 ; loss: 0.169
2019-01-11 16:32:37,444:INFO: Epoch 39/45
2019-01-11 16:32:48,429:INFO: - Train metrics: dsc: 0.902 ; iou: 0.847 ; accuracy: 0.999 ; precision: 0.901 ; recall: 0.937 ; loss: 0.142
2019-01-11 16:32:49,742:INFO: - Eval metrics : dsc: 0.896 ; iou: 0.840 ; accuracy: 0.999 ; precision: 0.903 ; recall: 0.926 ; loss: 0.160
2019-01-11 16:32:49,779:INFO: Epoch 40/45
2019-01-11 16:33:00,746:INFO: - Train metrics: dsc: 0.910 ; iou: 0.857 ; accuracy: 0.999 ; precision: 0.905 ; recall: 0.944 ; loss: 0.136
2019-01-11 16:33:02,037:INFO: - Eval metrics : dsc: 0.896 ; iou: 0.839 ; accuracy: 0.999 ; precision: 0.895 ; recall: 0.934 ; loss: 0.156
2019-01-11 16:33:02,073:INFO: Epoch 41/45
2019-01-11 16:33:13,072:INFO: - Train metrics: dsc: 0.912 ; iou: 0.860 ; accuracy: 0.999 ; precision: 0.904 ; recall: 0.946 ; loss: 0.129
2019-01-11 16:33:14,303:INFO: - Eval metrics : dsc: 0.896 ; iou: 0.841 ; accuracy: 0.999 ; precision: 0.906 ; recall: 0.926 ; loss: 0.153
2019-01-11 16:33:14,336:INFO: Epoch 42/45
2019-01-11 16:33:25,372:INFO: - Train metrics: dsc: 0.915 ; iou: 0.863 ; accuracy: 0.999 ; precision: 0.912 ; recall: 0.942 ; loss: 0.125
2019-01-11 16:33:26,658:INFO: - Eval metrics : dsc: 0.896 ; iou: 0.840 ; accuracy: 0.999 ; precision: 0.907 ; recall: 0.922 ; loss: 0.151
2019-01-11 16:33:26,714:INFO: Epoch 43/45
2019-01-11 16:33:37,710:INFO: - Train metrics: dsc: 0.917 ; iou: 0.868 ; accuracy: 0.999 ; precision: 0.915 ; recall: 0.944 ; loss: 0.119
2019-01-11 16:33:39,000:INFO: - Eval metrics : dsc: 0.901 ; iou: 0.847 ; accuracy: 0.999 ; precision: 0.915 ; recall: 0.924 ; loss: 0.143
2019-01-11 16:33:39,032:INFO: Epoch 44/45
2019-01-11 16:33:50,044:INFO: - Train metrics: dsc: 0.919 ; iou: 0.871 ; accuracy: 0.999 ; precision: 0.917 ; recall: 0.946 ; loss: 0.119
2019-01-11 16:33:51,398:INFO: - Eval metrics : dsc: 0.892 ; iou: 0.836 ; accuracy: 0.999 ; precision: 0.917 ; recall: 0.908 ; loss: 0.150
2019-01-11 16:33:51,432:INFO: Epoch 45/45
2019-01-11 16:34:02,386:INFO: - Train metrics: dsc: 0.923 ; iou: 0.875 ; accuracy: 0.999 ; precision: 0.918 ; recall: 0.950 ; loss: 0.113
2019-01-11 16:34:03,649:INFO: - Eval metrics : dsc: 0.899 ; iou: 0.845 ; accuracy: 0.999 ; precision: 0.923 ; recall: 0.912 ; loss: 0.142
2019-01-11 16:34:03,800:INFO: Loading the datasets...
2019-01-11 16:34:08,441:INFO: - done.
2019-01-11 16:34:08,441:INFO: For k-fold 3/5:
2019-01-11 16:34:08,441:INFO: Starting training for 45 epoch(s)
2019-01-11 16:34:08,441:INFO: Epoch 1/45
2019-01-11 16:34:19,314:INFO: - Train metrics: dsc: 0.081 ; iou: 0.043 ; accuracy: 0.839 ; precision: 0.044 ; recall: 0.834 ; loss: 0.970
2019-01-11 16:34:20,607:INFO: - Eval metrics : dsc: 0.085 ; iou: 0.050 ; accuracy: 0.984 ; precision: 0.098 ; recall: 0.127 ; loss: 0.980
2019-01-11 16:34:20,643:INFO: - Found new best DSC
2019-01-11 16:34:20,643:INFO: Epoch 2/45
2019-01-11 16:34:31,512:INFO: - Train metrics: dsc: 0.316 ; iou: 0.204 ; accuracy: 0.959 ; precision: 0.204 ; recall: 0.973 ; loss: 0.957
2019-01-11 16:34:32,852:INFO: - Eval metrics : dsc: 0.622 ; iou: 0.480 ; accuracy: 0.992 ; precision: 0.494 ; recall: 0.953 ; loss: 0.953
2019-01-11 16:34:32,892:INFO: - Found new best DSC
2019-01-11 16:34:32,892:INFO: Epoch 3/45
2019-01-11 16:34:43,898:INFO: - Train metrics: dsc: 0.542 ; iou: 0.398 ; accuracy: 0.989 ; precision: 0.399 ; recall: 0.967 ; loss: 0.952
2019-01-11 16:34:45,099:INFO: - Eval metrics : dsc: 0.552 ; iou: 0.403 ; accuracy: 0.988 ; precision: 0.404 ; recall: 0.985 ; loss: 0.949
2019-01-11 16:34:45,130:INFO: Epoch 4/45
2019-01-11 16:34:56,123:INFO: - Train metrics: dsc: 0.605 ; iou: 0.465 ; accuracy: 0.992 ; precision: 0.465 ; recall: 0.981 ; loss: 0.947
2019-01-11 16:34:57,376:INFO: - Eval metrics : dsc: 0.706 ; iou: 0.574 ; accuracy: 0.995 ; precision: 0.577 ; recall: 0.982 ; loss: 0.946
2019-01-11 16:34:57,416:INFO: - Found new best DSC
2019-01-11 16:34:57,416:INFO: Epoch 5/45
2019-01-11 16:35:08,292:INFO: - Train metrics: dsc: 0.643 ; iou: 0.507 ; accuracy: 0.994 ; precision: 0.515 ; recall: 0.981 ; loss: 0.943
2019-01-11 16:35:09,507:INFO: - Eval metrics : dsc: 0.681 ; iou: 0.544 ; accuracy: 0.994 ; precision: 0.549 ; recall: 0.973 ; loss: 0.940
2019-01-11 16:35:09,530:INFO: Epoch 6/45
2019-01-11 16:35:20,655:INFO: - Train metrics: dsc: 0.661 ; iou: 0.530 ; accuracy: 0.994 ; precision: 0.532 ; recall: 0.985 ; loss: 0.937
2019-01-11 16:35:21,995:INFO: - Eval metrics : dsc: 0.701 ; iou: 0.573 ; accuracy: 0.995 ; precision: 0.587 ; recall: 0.970 ; loss: 0.928
2019-01-11 16:35:22,019:INFO: Epoch 7/45
2019-01-11 16:35:32,965:INFO: - Train metrics: dsc: 0.637 ; iou: 0.508 ; accuracy: 0.992 ; precision: 0.508 ; recall: 0.984 ; loss: 0.931
2019-01-11 16:35:34,285:INFO: - Eval metrics : dsc: 0.610 ; iou: 0.479 ; accuracy: 0.988 ; precision: 0.481 ; recall: 0.985 ; loss: 0.909
2019-01-11 16:35:34,358:INFO: Epoch 8/45
2019-01-11 16:35:45,305:INFO: - Train metrics: dsc: 0.574 ; iou: 0.450 ; accuracy: 0.987 ; precision: 0.454 ; recall: 0.977 ; loss: 0.918
2019-01-11 16:35:46,586:INFO: - Eval metrics : dsc: 0.629 ; iou: 0.501 ; accuracy: 0.991 ; precision: 0.521 ; recall: 0.942 ; loss: 0.727
2019-01-11 16:35:46,629:INFO: Epoch 9/45
2019-01-11 16:35:57,533:INFO: - Train metrics: dsc: 0.525 ; iou: 0.406 ; accuracy: 0.981 ; precision: 0.411 ; recall: 0.977 ; loss: 0.891
2019-01-11 16:35:58,817:INFO: - Eval metrics : dsc: 0.563 ; iou: 0.454 ; accuracy: 0.977 ; precision: 0.502 ; recall: 0.927 ; loss: 0.734
2019-01-11 16:35:58,851:INFO: Epoch 10/45
2019-01-11 16:36:09,814:INFO: - Train metrics: dsc: 0.534 ; iou: 0.423 ; accuracy: 0.981 ; precision: 0.431 ; recall: 0.972 ; loss: 0.858
2019-01-11 16:36:11,120:INFO: - Eval metrics : dsc: 0.603 ; iou: 0.467 ; accuracy: 0.990 ; precision: 0.480 ; recall: 0.939 ; loss: 0.674
2019-01-11 16:36:11,147:INFO: Epoch 11/45
2019-01-11 16:36:22,101:INFO: - Train metrics: dsc: 0.547 ; iou: 0.441 ; accuracy: 0.981 ; precision: 0.453 ; recall: 0.969 ; loss: 0.815
2019-01-11 16:36:23,365:INFO: - Eval metrics : dsc: 0.759 ; iou: 0.672 ; accuracy: 0.997 ; precision: 0.871 ; recall: 0.779 ; loss: 0.596
2019-01-11 16:36:23,409:INFO: - Found new best DSC
2019-01-11 16:36:23,410:INFO: Epoch 12/45
2019-01-11 16:36:34,311:INFO: - Train metrics: dsc: 0.626 ; iou: 0.518 ; accuracy: 0.988 ; precision: 0.534 ; recall: 0.954 ; loss: 0.775
2019-01-11 16:36:35,546:INFO: - Eval metrics : dsc: 0.467 ; iou: 0.358 ; accuracy: 0.973 ; precision: 0.362 ; recall: 0.974 ; loss: 0.803
2019-01-11 16:36:35,579:INFO: Epoch 13/45
2019-01-11 16:36:46,512:INFO: - Train metrics: dsc: 0.627 ; iou: 0.522 ; accuracy: 0.988 ; precision: 0.542 ; recall: 0.943 ; loss: 0.747
2019-01-11 16:36:47,840:INFO: - Eval metrics : dsc: 0.701 ; iou: 0.591 ; accuracy: 0.994 ; precision: 0.628 ; recall: 0.931 ; loss: 0.684
2019-01-11 16:36:47,874:INFO: Epoch 14/45
2019-01-11 16:36:58,882:INFO: - Train metrics: dsc: 0.613 ; iou: 0.511 ; accuracy: 0.987 ; precision: 0.532 ; recall: 0.954 ; loss: 0.704
2019-01-11 16:37:00,127:INFO: - Eval metrics : dsc: 0.698 ; iou: 0.588 ; accuracy: 0.994 ; precision: 0.613 ; recall: 0.941 ; loss: 0.712
2019-01-11 16:37:00,172:INFO: Epoch 15/45
2019-01-11 16:37:11,100:INFO: - Train metrics: dsc: 0.662 ; iou: 0.560 ; accuracy: 0.991 ; precision: 0.585 ; recall: 0.943 ; loss: 0.678
2019-01-11 16:37:12,345:INFO: - Eval metrics : dsc: 0.799 ; iou: 0.712 ; accuracy: 0.997 ; precision: 0.768 ; recall: 0.912 ; loss: 0.595
2019-01-11 16:37:12,415:INFO: - Found new best DSC
2019-01-11 16:37:12,415:INFO: Epoch 16/45
2019-01-11 16:37:23,365:INFO: - Train metrics: dsc: 0.652 ; iou: 0.550 ; accuracy: 0.992 ; precision: 0.574 ; recall: 0.946 ; loss: 0.666
2019-01-11 16:37:24,627:INFO: - Eval metrics : dsc: 0.684 ; iou: 0.571 ; accuracy: 0.993 ; precision: 0.617 ; recall: 0.925 ; loss: 0.704
2019-01-11 16:37:24,669:INFO: Epoch 17/45
2019-01-11 16:37:35,723:INFO: - Train metrics: dsc: 0.686 ; iou: 0.582 ; accuracy: 0.993 ; precision: 0.609 ; recall: 0.942 ; loss: 0.650
2019-01-11 16:37:37,005:INFO: - Eval metrics : dsc: 0.491 ; iou: 0.401 ; accuracy: 0.970 ; precision: 0.494 ; recall: 0.880 ; loss: 0.702
2019-01-11 16:37:37,043:INFO: Epoch 18/45
2019-01-11 16:37:48,032:INFO: - Train metrics: dsc: 0.686 ; iou: 0.586 ; accuracy: 0.993 ; precision: 0.617 ; recall: 0.935 ; loss: 0.639
2019-01-11 16:37:49,266:INFO: - Eval metrics : dsc: 0.797 ; iou: 0.704 ; accuracy: 0.997 ; precision: 0.739 ; recall: 0.934 ; loss: 0.615
2019-01-11 16:37:49,292:INFO: Epoch 19/45
2019-01-11 16:38:00,177:INFO: - Train metrics: dsc: 0.731 ; iou: 0.632 ; accuracy: 0.996 ; precision: 0.662 ; recall: 0.944 ; loss: 0.624
2019-01-11 16:38:01,401:INFO: - Eval metrics : dsc: 0.600 ; iou: 0.503 ; accuracy: 0.985 ; precision: 0.516 ; recall: 0.968 ; loss: 0.642
2019-01-11 16:38:01,430:INFO: Epoch 20/45
2019-01-11 16:38:12,350:INFO: - Train metrics: dsc: 0.707 ; iou: 0.608 ; accuracy: 0.994 ; precision: 0.636 ; recall: 0.944 ; loss: 0.612
2019-01-11 16:38:13,696:INFO: - Eval metrics : dsc: 0.729 ; iou: 0.622 ; accuracy: 0.994 ; precision: 0.682 ; recall: 0.910 ; loss: 0.612
2019-01-11 16:38:13,739:INFO: Epoch 21/45
2019-01-11 16:38:24,684:INFO: - Train metrics: dsc: 0.706 ; iou: 0.606 ; accuracy: 0.994 ; precision: 0.637 ; recall: 0.944 ; loss: 0.600
2019-01-11 16:38:26,067:INFO: - Eval metrics : dsc: 0.730 ; iou: 0.627 ; accuracy: 0.995 ; precision: 0.657 ; recall: 0.946 ; loss: 0.613
2019-01-11 16:38:26,095:INFO: Epoch 22/45
2019-01-11 16:38:37,053:INFO: - Train metrics: dsc: 0.715 ; iou: 0.618 ; accuracy: 0.994 ; precision: 0.644 ; recall: 0.947 ; loss: 0.597
2019-01-11 16:38:38,269:INFO: - Eval metrics : dsc: 0.654 ; iou: 0.554 ; accuracy: 0.989 ; precision: 0.585 ; recall: 0.947 ; loss: 0.607
2019-01-11 16:38:38,303:INFO: Epoch 23/45
2019-01-11 16:38:49,355:INFO: - Train metrics: dsc: 0.734 ; iou: 0.638 ; accuracy: 0.995 ; precision: 0.665 ; recall: 0.942 ; loss: 0.588
2019-01-11 16:38:50,699:INFO: - Eval metrics : dsc: 0.718 ; iou: 0.616 ; accuracy: 0.994 ; precision: 0.641 ; recall: 0.955 ; loss: 0.595
2019-01-11 16:38:50,743:INFO: Epoch 24/45
2019-01-11 16:39:01,716:INFO: - Train metrics: dsc: 0.740 ; iou: 0.645 ; accuracy: 0.995 ; precision: 0.673 ; recall: 0.951 ; loss: 0.576
2019-01-11 16:39:02,978:INFO: - Eval metrics : dsc: 0.641 ; iou: 0.543 ; accuracy: 0.986 ; precision: 0.579 ; recall: 0.944 ; loss: 0.604
2019-01-11 16:39:03,010:INFO: Epoch 25/45
2019-01-11 16:39:14,043:INFO: - Train metrics: dsc: 0.722 ; iou: 0.627 ; accuracy: 0.994 ; precision: 0.656 ; recall: 0.947 ; loss: 0.581
2019-01-11 16:39:15,359:INFO: - Eval metrics : dsc: 0.695 ; iou: 0.591 ; accuracy: 0.993 ; precision: 0.620 ; recall: 0.950 ; loss: 0.605
2019-01-11 16:39:15,414:INFO: Epoch 26/45
2019-01-11 16:39:26,445:INFO: - Train metrics: dsc: 0.754 ; iou: 0.659 ; accuracy: 0.996 ; precision: 0.692 ; recall: 0.940 ; loss: 0.582
2019-01-11 16:39:27,783:INFO: - Eval metrics : dsc: 0.796 ; iou: 0.706 ; accuracy: 0.997 ; precision: 0.732 ; recall: 0.949 ; loss: 0.532
2019-01-11 16:39:27,831:INFO: Epoch 27/45
2019-01-11 16:39:38,897:INFO: - Train metrics: dsc: 0.791 ; iou: 0.707 ; accuracy: 0.997 ; precision: 0.742 ; recall: 0.941 ; loss: 0.561
2019-01-11 16:39:40,265:INFO: - Eval metrics : dsc: 0.857 ; iou: 0.783 ; accuracy: 0.998 ; precision: 0.835 ; recall: 0.932 ; loss: 0.531
2019-01-11 16:39:40,333:INFO: - Found new best DSC
2019-01-11 16:39:40,333:INFO: Epoch 28/45
2019-01-11 16:39:51,268:INFO: - Train metrics: dsc: 0.808 ; iou: 0.732 ; accuracy: 0.997 ; precision: 0.769 ; recall: 0.943 ; loss: 0.531
2019-01-11 16:39:52,518:INFO: - Eval metrics : dsc: 0.858 ; iou: 0.784 ; accuracy: 0.998 ; precision: 0.839 ; recall: 0.927 ; loss: 0.542
2019-01-11 16:39:52,589:INFO: - Found new best DSC
2019-01-11 16:39:52,590:INFO: Epoch 29/45
2019-01-11 16:40:03,584:INFO: - Train metrics: dsc: 0.835 ; iou: 0.762 ; accuracy: 0.998 ; precision: 0.802 ; recall: 0.941 ; loss: 0.494
2019-01-11 16:40:04,903:INFO: - Eval metrics : dsc: 0.802 ; iou: 0.719 ; accuracy: 0.997 ; precision: 0.764 ; recall: 0.932 ; loss: 0.516
2019-01-11 16:40:04,946:INFO: Epoch 30/45
2019-01-11 16:40:15,882:INFO: - Train metrics: dsc: 0.826 ; iou: 0.751 ; accuracy: 0.998 ; precision: 0.791 ; recall: 0.942 ; loss: 0.463
2019-01-11 16:40:17,147:INFO: - Eval metrics : dsc: 0.889 ; iou: 0.827 ; accuracy: 0.999 ; precision: 0.916 ; recall: 0.897 ; loss: 0.265
2019-01-11 16:40:17,181:INFO: - Found new best DSC
2019-01-11 16:40:17,181:INFO: Epoch 31/45
2019-01-11 16:40:28,128:INFO: - Train metrics: dsc: 0.830 ; iou: 0.757 ; accuracy: 0.998 ; precision: 0.801 ; recall: 0.935 ; loss: 0.448
2019-01-11 16:40:29,477:INFO: - Eval metrics : dsc: 0.836 ; iou: 0.759 ; accuracy: 0.998 ; precision: 0.791 ; recall: 0.948 ; loss: 0.551
2019-01-11 16:40:29,551:INFO: Epoch 32/45
2019-01-11 16:40:40,563:INFO: - Train metrics: dsc: 0.849 ; iou: 0.779 ; accuracy: 0.998 ; precision: 0.822 ; recall: 0.939 ; loss: 0.418
2019-01-11 16:40:41,873:INFO: - Eval metrics : dsc: 0.889 ; iou: 0.826 ; accuracy: 0.999 ; precision: 0.894 ; recall: 0.919 ; loss: 0.340
2019-01-11 16:40:41,918:INFO: Epoch 33/45
2019-01-11 16:40:52,829:INFO: - Train metrics: dsc: 0.880 ; iou: 0.820 ; accuracy: 0.999 ; precision: 0.873 ; recall: 0.935 ; loss: 0.346
2019-01-11 16:40:54,087:INFO: - Eval metrics : dsc: 0.896 ; iou: 0.837 ; accuracy: 0.999 ; precision: 0.890 ; recall: 0.934 ; loss: 0.318
2019-01-11 16:40:54,124:INFO: - Found new best DSC
2019-01-11 16:40:54,124:INFO: Epoch 34/45
2019-01-11 16:41:05,043:INFO: - Train metrics: dsc: 0.888 ; iou: 0.831 ; accuracy: 0.999 ; precision: 0.884 ; recall: 0.938 ; loss: 0.271
2019-01-11 16:41:06,301:INFO: - Eval metrics : dsc: 0.900 ; iou: 0.841 ; accuracy: 0.999 ; precision: 0.917 ; recall: 0.915 ; loss: 0.257
2019-01-11 16:41:06,339:INFO: - Found new best DSC
2019-01-11 16:41:06,339:INFO: Epoch 35/45
2019-01-11 16:41:17,217:INFO: - Train metrics: dsc: 0.892 ; iou: 0.837 ; accuracy: 0.999 ; precision: 0.892 ; recall: 0.936 ; loss: 0.233
2019-01-11 16:41:18,488:INFO: - Eval metrics : dsc: 0.898 ; iou: 0.841 ; accuracy: 0.999 ; precision: 0.913 ; recall: 0.918 ; loss: 0.231
2019-01-11 16:41:18,517:INFO: Epoch 36/45
2019-01-11 16:41:29,523:INFO: - Train metrics: dsc: 0.894 ; iou: 0.840 ; accuracy: 0.999 ; precision: 0.893 ; recall: 0.939 ; loss: 0.210
2019-01-11 16:41:30,777:INFO: - Eval metrics : dsc: 0.896 ; iou: 0.838 ; accuracy: 0.999 ; precision: 0.920 ; recall: 0.909 ; loss: 0.189
2019-01-11 16:41:30,808:INFO: Epoch 37/45
2019-01-11 16:41:41,690:INFO: - Train metrics: dsc: 0.898 ; iou: 0.844 ; accuracy: 0.999 ; precision: 0.901 ; recall: 0.934 ; loss: 0.189
2019-01-11 16:41:42,934:INFO: - Eval metrics : dsc: 0.891 ; iou: 0.830 ; accuracy: 0.999 ; precision: 0.887 ; recall: 0.924 ; loss: 0.173
2019-01-11 16:41:42,959:INFO: Epoch 38/45
2019-01-11 16:41:53,921:INFO: - Train metrics: dsc: 0.882 ; iou: 0.821 ; accuracy: 0.999 ; precision: 0.876 ; recall: 0.931 ; loss: 0.188
2019-01-11 16:41:55,152:INFO: - Eval metrics : dsc: 0.901 ; iou: 0.843 ; accuracy: 0.999 ; precision: 0.908 ; recall: 0.925 ; loss: 0.165
2019-01-11 16:41:55,191:INFO: - Found new best DSC
2019-01-11 16:41:55,191:INFO: Epoch 39/45
2019-01-11 16:42:06,060:INFO: - Train metrics: dsc: 0.899 ; iou: 0.845 ; accuracy: 0.999 ; precision: 0.897 ; recall: 0.938 ; loss: 0.165
2019-01-11 16:42:07,312:INFO: - Eval metrics : dsc: 0.901 ; iou: 0.846 ; accuracy: 0.999 ; precision: 0.910 ; recall: 0.925 ; loss: 0.149
2019-01-11 16:42:07,354:INFO: Epoch 40/45
2019-01-11 16:42:18,429:INFO: - Train metrics: dsc: 0.898 ; iou: 0.844 ; accuracy: 0.999 ; precision: 0.894 ; recall: 0.940 ; loss: 0.157
2019-01-11 16:42:19,701:INFO: - Eval metrics : dsc: 0.901 ; iou: 0.842 ; accuracy: 0.999 ; precision: 0.891 ; recall: 0.943 ; loss: 0.150
2019-01-11 16:42:19,741:INFO: - Found new best DSC
2019-01-11 16:42:19,741:INFO: Epoch 41/45
2019-01-11 16:42:30,668:INFO: - Train metrics: dsc: 0.904 ; iou: 0.851 ; accuracy: 0.999 ; precision: 0.900 ; recall: 0.942 ; loss: 0.148
2019-01-11 16:42:31,998:INFO: - Eval metrics : dsc: 0.900 ; iou: 0.846 ; accuracy: 0.999 ; precision: 0.923 ; recall: 0.914 ; loss: 0.142
2019-01-11 16:42:32,034:INFO: Epoch 42/45
2019-01-11 16:42:42,955:INFO: - Train metrics: dsc: 0.903 ; iou: 0.850 ; accuracy: 0.999 ; precision: 0.902 ; recall: 0.938 ; loss: 0.143
2019-01-11 16:42:44,192:INFO: - Eval metrics : dsc: 0.909 ; iou: 0.854 ; accuracy: 0.999 ; precision: 0.917 ; recall: 0.928 ; loss: 0.132
2019-01-11 16:42:44,223:INFO: - Found new best DSC
2019-01-11 16:42:44,223:INFO: Epoch 43/45
2019-01-11 16:42:55,205:INFO: - Train metrics: dsc: 0.910 ; iou: 0.858 ; accuracy: 0.999 ; precision: 0.912 ; recall: 0.938 ; loss: 0.136
2019-01-11 16:42:56,453:INFO: - Eval metrics : dsc: 0.903 ; iou: 0.850 ; accuracy: 0.999 ; precision: 0.922 ; recall: 0.919 ; loss: 0.131
2019-01-11 16:42:56,482:INFO: Epoch 44/45
2019-01-11 16:43:07,505:INFO: - Train metrics: dsc: 0.915 ; iou: 0.865 ; accuracy: 0.999 ; precision: 0.913 ; recall: 0.944 ; loss: 0.134
2019-01-11 16:43:08,786:INFO: - Eval metrics : dsc: 0.901 ; iou: 0.846 ; accuracy: 0.999 ; precision: 0.935 ; recall: 0.902 ; loss: 0.131
2019-01-11 16:43:08,816:INFO: Epoch 45/45
2019-01-11 16:43:19,915:INFO: - Train metrics: dsc: 0.912 ; iou: 0.863 ; accuracy: 0.999 ; precision: 0.914 ; recall: 0.942 ; loss: 0.126
2019-01-11 16:43:21,210:INFO: - Eval metrics : dsc: 0.904 ; iou: 0.851 ; accuracy: 0.999 ; precision: 0.914 ; recall: 0.928 ; loss: 0.124
2019-01-11 16:43:21,339:INFO: Loading the datasets...
2019-01-11 16:43:25,777:INFO: - done.
2019-01-11 16:43:25,777:INFO: For k-fold 4/5:
2019-01-11 16:43:25,777:INFO: Starting training for 45 epoch(s)
2019-01-11 16:43:25,777:INFO: Epoch 1/45
2019-01-11 16:43:36,762:INFO: - Train metrics: dsc: 0.084 ; iou: 0.045 ; accuracy: 0.841 ; precision: 0.045 ; recall: 0.843 ; loss: 0.970
2019-01-11 16:43:38,022:INFO: - Eval metrics : dsc: 0.132 ; iou: 0.076 ; accuracy: 0.978 ; precision: 0.112 ; recall: 0.228 ; loss: 0.981
2019-01-11 16:43:38,049:INFO: - Found new best DSC
2019-01-11 16:43:38,049:INFO: Epoch 2/45
2019-01-11 16:43:49,031:INFO: - Train metrics: dsc: 0.313 ; iou: 0.201 ; accuracy: 0.958 ; precision: 0.202 ; recall: 0.975 ; loss: 0.956
2019-01-11 16:43:50,328:INFO: - Eval metrics : dsc: 0.578 ; iou: 0.434 ; accuracy: 0.992 ; precision: 0.450 ; recall: 0.902 ; loss: 0.958
2019-01-11 16:43:50,356:INFO: - Found new best DSC
2019-01-11 16:43:50,356:INFO: Epoch 3/45
2019-01-11 16:44:01,263:INFO: - Train metrics: dsc: 0.532 ; iou: 0.388 ; accuracy: 0.989 ; precision: 0.390 ; recall: 0.974 ; loss: 0.951
2019-01-11 16:44:02,511:INFO: - Eval metrics : dsc: 0.566 ; iou: 0.419 ; accuracy: 0.990 ; precision: 0.421 ; recall: 0.968 ; loss: 0.953
2019-01-11 16:44:02,541:INFO: Epoch 4/45
2019-01-11 16:44:13,395:INFO: - Train metrics: dsc: 0.593 ; iou: 0.452 ; accuracy: 0.991 ; precision: 0.454 ; recall: 0.983 ; loss: 0.946
2019-01-11 16:44:14,674:INFO: - Eval metrics : dsc: 0.643 ; iou: 0.503 ; accuracy: 0.994 ; precision: 0.505 ; recall: 0.975 ; loss: 0.950
2019-01-11 16:44:14,706:INFO: - Found new best DSC
2019-01-11 16:44:14,707:INFO: Epoch 5/45
2019-01-11 16:44:25,755:INFO: - Train metrics: dsc: 0.633 ; iou: 0.494 ; accuracy: 0.993 ; precision: 0.498 ; recall: 0.984 ; loss: 0.943
2019-01-11 16:44:27,062:INFO: - Eval metrics : dsc: 0.670 ; iou: 0.533 ; accuracy: 0.995 ; precision: 0.550 ; recall: 0.966 ; loss: 0.943
2019-01-11 16:44:27,102:INFO: - Found new best DSC
2019-01-11 16:44:27,102:INFO: Epoch 6/45
2019-01-11 16:44:38,093:INFO: - Train metrics: dsc: 0.662 ; iou: 0.528 ; accuracy: 0.994 ; precision: 0.531 ; recall: 0.986 ; loss: 0.937
2019-01-11 16:44:39,339:INFO: - Eval metrics : dsc: 0.685 ; iou: 0.555 ; accuracy: 0.995 ; precision: 0.567 ; recall: 0.972 ; loss: 0.934
2019-01-11 16:44:39,421:INFO: - Found new best DSC
2019-01-11 16:44:39,422:INFO: Epoch 7/45
2019-01-11 16:44:50,443:INFO: - Train metrics: dsc: 0.666 ; iou: 0.535 ; accuracy: 0.994 ; precision: 0.540 ; recall: 0.988 ; loss: 0.931
2019-01-11 16:44:51,638:INFO: - Eval metrics : dsc: 0.661 ; iou: 0.526 ; accuracy: 0.994 ; precision: 0.529 ; recall: 0.973 ; loss: 0.926
2019-01-11 16:44:51,673:INFO: Epoch 8/45
2019-01-11 16:45:02,651:INFO: - Train metrics: dsc: 0.645 ; iou: 0.519 ; accuracy: 0.992 ; precision: 0.521 ; recall: 0.983 ; loss: 0.923
2019-01-11 16:45:03,929:INFO: - Eval metrics : dsc: 0.575 ; iou: 0.445 ; accuracy: 0.990 ; precision: 0.457 ; recall: 0.944 ; loss: 0.862
2019-01-11 16:45:03,965:INFO: Epoch 9/45
2019-01-11 16:45:14,931:INFO: - Train metrics: dsc: 0.609 ; iou: 0.482 ; accuracy: 0.990 ; precision: 0.486 ; recall: 0.974 ; loss: 0.906
2019-01-11 16:45:16,193:INFO: - Eval metrics : dsc: 0.495 ; iou: 0.357 ; accuracy: 0.985 ; precision: 0.357 ; recall: 0.967 ; loss: 0.879
2019-01-11 16:45:16,225:INFO: Epoch 10/45
2019-01-11 16:45:27,174:INFO: - Train metrics: dsc: 0.575 ; iou: 0.458 ; accuracy: 0.984 ; precision: 0.465 ; recall: 0.969 ; loss: 0.875
2019-01-11 16:45:28,489:INFO: - Eval metrics : dsc: 0.722 ; iou: 0.627 ; accuracy: 0.997 ; precision: 0.803 ; recall: 0.791 ; loss: 0.551
2019-01-11 16:45:28,532:INFO: - Found new best DSC
2019-01-11 16:45:28,533:INFO: Epoch 11/45
2019-01-11 16:45:39,517:INFO: - Train metrics: dsc: 0.560 ; iou: 0.450 ; accuracy: 0.983 ; precision: 0.461 ; recall: 0.962 ; loss: 0.830
2019-01-11 16:45:40,789:INFO: - Eval metrics : dsc: 0.725 ; iou: 0.636 ; accuracy: 0.996 ; precision: 0.757 ; recall: 0.812 ; loss: 0.747
2019-01-11 16:45:40,827:INFO: - Found new best DSC
2019-01-11 16:45:40,827:INFO: Epoch 12/45
2019-01-11 16:45:51,859:INFO: - Train metrics: dsc: 0.583 ; iou: 0.478 ; accuracy: 0.983 ; precision: 0.495 ; recall: 0.952 ; loss: 0.781
2019-01-11 16:45:53,101:INFO: - Eval metrics : dsc: 0.491 ; iou: 0.407 ; accuracy: 0.962 ; precision: 0.416 ; recall: 0.972 ; loss: 0.739
2019-01-11 16:45:53,131:INFO: Epoch 13/45
2019-01-11 16:46:04,035:INFO: - Train metrics: dsc: 0.596 ; iou: 0.495 ; accuracy: 0.984 ; precision: 0.514 ; recall: 0.955 ; loss: 0.746
2019-01-11 16:46:05,277:INFO: - Eval metrics : dsc: 0.770 ; iou: 0.679 ; accuracy: 0.997 ; precision: 0.752 ; recall: 0.891 ; loss: 0.556
2019-01-11 16:46:05,310:INFO: - Found new best DSC
2019-01-11 16:46:05,310:INFO: Epoch 14/45
2019-01-11 16:46:16,282:INFO: - Train metrics: dsc: 0.606 ; iou: 0.508 ; accuracy: 0.984 ; precision: 0.529 ; recall: 0.954 ; loss: 0.707
2019-01-11 16:46:17,556:INFO: - Eval metrics : dsc: 0.541 ; iou: 0.456 ; accuracy: 0.977 ; precision: 0.477 ; recall: 0.950 ; loss: 0.832
2019-01-11 16:46:17,596:INFO: Epoch 15/45
2019-01-11 16:46:28,617:INFO: - Train metrics: dsc: 0.676 ; iou: 0.573 ; accuracy: 0.992 ; precision: 0.597 ; recall: 0.944 ; loss: 0.681
2019-01-11 16:46:29,875:INFO: - Eval metrics : dsc: 0.624 ; iou: 0.513 ; accuracy: 0.990 ; precision: 0.523 ; recall: 0.970 ; loss: 0.628
2019-01-11 16:46:29,910:INFO: Epoch 16/45
2019-01-11 16:46:40,976:INFO: - Train metrics: dsc: 0.654 ; iou: 0.557 ; accuracy: 0.990 ; precision: 0.583 ; recall: 0.938 ; loss: 0.676
2019-01-11 16:46:42,305:INFO: - Eval metrics : dsc: 0.699 ; iou: 0.619 ; accuracy: 0.997 ; precision: 0.933 ; recall: 0.675 ; loss: 0.581
2019-01-11 16:46:42,360:INFO: Epoch 17/45
2019-01-11 16:46:53,253:INFO: - Train metrics: dsc: 0.675 ; iou: 0.577 ; accuracy: 0.991 ; precision: 0.603 ; recall: 0.946 ; loss: 0.652
2019-01-11 16:46:54,517:INFO: - Eval metrics : dsc: 0.808 ; iou: 0.724 ; accuracy: 0.998 ; precision: 0.810 ; recall: 0.869 ; loss: 0.584
2019-01-11 16:46:54,556:INFO: - Found new best DSC
2019-01-11 16:46:54,556:INFO: Epoch 18/45
2019-01-11 16:47:05,482:INFO: - Train metrics: dsc: 0.707 ; iou: 0.609 ; accuracy: 0.993 ; precision: 0.637 ; recall: 0.941 ; loss: 0.635
2019-01-11 16:47:06,809:INFO: - Eval metrics : dsc: 0.639 ; iou: 0.544 ; accuracy: 0.988 ; precision: 0.586 ; recall: 0.940 ; loss: 0.654
2019-01-11 16:47:06,841:INFO: Epoch 19/45
2019-01-11 16:47:17,895:INFO: - Train metrics: dsc: 0.711 ; iou: 0.617 ; accuracy: 0.993 ; precision: 0.644 ; recall: 0.941 ; loss: 0.623
2019-01-11 16:47:19,140:INFO: - Eval metrics : dsc: 0.569 ; iou: 0.491 ; accuracy: 0.974 ; precision: 0.526 ; recall: 0.951 ; loss: 0.586
2019-01-11 16:47:19,168:INFO: Epoch 20/45
2019-01-11 16:47:30,179:INFO: - Train metrics: dsc: 0.743 ; iou: 0.647 ; accuracy: 0.995 ; precision: 0.676 ; recall: 0.940 ; loss: 0.613
2019-01-11 16:47:31,454:INFO: - Eval metrics : dsc: 0.789 ; iou: 0.692 ; accuracy: 0.997 ; precision: 0.734 ; recall: 0.930 ; loss: 0.554
2019-01-11 16:47:31,485:INFO: Epoch 21/45
2019-01-11 16:47:42,524:INFO: - Train metrics: dsc: 0.705 ; iou: 0.609 ; accuracy: 0.993 ; precision: 0.635 ; recall: 0.946 ; loss: 0.608
2019-01-11 16:47:43,810:INFO: - Eval metrics : dsc: 0.711 ; iou: 0.611 ; accuracy: 0.994 ; precision: 0.657 ; recall: 0.918 ; loss: 0.581
2019-01-11 16:47:43,847:INFO: Epoch 22/45
2019-01-11 16:47:54,765:INFO: - Train metrics: dsc: 0.744 ; iou: 0.651 ; accuracy: 0.995 ; precision: 0.680 ; recall: 0.942 ; loss: 0.601
2019-01-11 16:47:56,009:INFO: - Eval metrics : dsc: 0.773 ; iou: 0.678 ; accuracy: 0.996 ; precision: 0.713 ; recall: 0.947 ; loss: 0.534
2019-01-11 16:47:56,042:INFO: Epoch 23/45
2019-01-11 16:48:07,003:INFO: - Train metrics: dsc: 0.736 ; iou: 0.648 ; accuracy: 0.994 ; precision: 0.675 ; recall: 0.948 ; loss: 0.593
2019-01-11 16:48:08,285:INFO: - Eval metrics : dsc: 0.755 ; iou: 0.658 ; accuracy: 0.996 ; precision: 0.688 ; recall: 0.940 ; loss: 0.559
2019-01-11 16:48:08,315:INFO: Epoch 24/45
2019-01-11 16:48:19,293:INFO: - Train metrics: dsc: 0.752 ; iou: 0.663 ; accuracy: 0.995 ; precision: 0.694 ; recall: 0.944 ; loss: 0.572
2019-01-11 16:48:20,527:INFO: - Eval metrics : dsc: 0.846 ; iou: 0.769 ; accuracy: 0.998 ; precision: 0.823 ; recall: 0.919 ; loss: 0.437
2019-01-11 16:48:20,563:INFO: - Found new best DSC
2019-01-11 16:48:20,563:INFO: Epoch 25/45
2019-01-11 16:48:31,517:INFO: - Train metrics: dsc: 0.756 ; iou: 0.671 ; accuracy: 0.995 ; precision: 0.698 ; recall: 0.950 ; loss: 0.546
2019-01-11 16:48:32,751:INFO: - Eval metrics : dsc: 0.824 ; iou: 0.750 ; accuracy: 0.998 ; precision: 0.809 ; recall: 0.904 ; loss: 0.450
2019-01-11 16:48:32,785:INFO: Epoch 26/45
2019-01-11 16:48:43,728:INFO: - Train metrics: dsc: 0.761 ; iou: 0.676 ; accuracy: 0.996 ; precision: 0.713 ; recall: 0.936 ; loss: 0.518
2019-01-11 16:48:44,956:INFO: - Eval metrics : dsc: 0.761 ; iou: 0.682 ; accuracy: 0.993 ; precision: 0.761 ; recall: 0.905 ; loss: 0.472
2019-01-11 16:48:44,981:INFO: Epoch 27/45
2019-01-11 16:48:55,944:INFO: - Train metrics: dsc: 0.813 ; iou: 0.735 ; accuracy: 0.997 ; precision: 0.775 ; recall: 0.940 ; loss: 0.497
2019-01-11 16:48:57,274:INFO: - Eval metrics : dsc: 0.841 ; iou: 0.765 ; accuracy: 0.998 ; precision: 0.867 ; recall: 0.871 ; loss: 0.400
2019-01-11 16:48:57,304:INFO: Epoch 28/45
2019-01-11 16:49:08,356:INFO: - Train metrics: dsc: 0.808 ; iou: 0.728 ; accuracy: 0.997 ; precision: 0.768 ; recall: 0.942 ; loss: 0.487
2019-01-11 16:49:09,617:INFO: - Eval metrics : dsc: 0.833 ; iou: 0.753 ; accuracy: 0.998 ; precision: 0.782 ; recall: 0.950 ; loss: 0.397
2019-01-11 16:49:09,643:INFO: Epoch 29/45
2019-01-11 16:49:20,685:INFO: - Train metrics: dsc: 0.825 ; iou: 0.751 ; accuracy: 0.998 ; precision: 0.791 ; recall: 0.942 ; loss: 0.474
2019-01-11 16:49:21,947:INFO: - Eval metrics : dsc: 0.855 ; iou: 0.788 ; accuracy: 0.999 ; precision: 0.864 ; recall: 0.902 ; loss: 0.268
2019-01-11 16:49:21,986:INFO: - Found new best DSC
2019-01-11 16:49:21,987:INFO: Epoch 30/45
2019-01-11 16:49:32,909:INFO: - Train metrics: dsc: 0.824 ; iou: 0.752 ; accuracy: 0.998 ; precision: 0.801 ; recall: 0.935 ; loss: 0.457
2019-01-11 16:49:34,206:INFO: - Eval metrics : dsc: 0.852 ; iou: 0.782 ; accuracy: 0.999 ; precision: 0.831 ; recall: 0.931 ; loss: 0.348
2019-01-11 16:49:34,234:INFO: Epoch 31/45
2019-01-11 16:49:45,197:INFO: - Train metrics: dsc: 0.841 ; iou: 0.772 ; accuracy: 0.998 ; precision: 0.814 ; recall: 0.940 ; loss: 0.440
2019-01-11 16:49:46,441:INFO: - Eval metrics : dsc: 0.865 ; iou: 0.801 ; accuracy: 0.999 ; precision: 0.863 ; recall: 0.918 ; loss: 0.319
2019-01-11 16:49:46,477:INFO: - Found new best DSC
2019-01-11 16:49:46,478:INFO: Epoch 32/45
2019-01-11 16:49:57,448:INFO: - Train metrics: dsc: 0.852 ; iou: 0.784 ; accuracy: 0.998 ; precision: 0.823 ; recall: 0.948 ; loss: 0.404
2019-01-11 16:49:58,696:INFO: - Eval metrics : dsc: 0.844 ; iou: 0.773 ; accuracy: 0.998 ; precision: 0.820 ; recall: 0.932 ; loss: 0.434
2019-01-11 16:49:58,743:INFO: Epoch 33/45
2019-01-11 16:50:09,757:INFO: - Train metrics: dsc: 0.879 ; iou: 0.818 ; accuracy: 0.999 ; precision: 0.869 ; recall: 0.938 ; loss: 0.317
2019-01-11 16:50:11,022:INFO: - Eval metrics : dsc: 0.883 ; iou: 0.823 ; accuracy: 0.999 ; precision: 0.897 ; recall: 0.911 ; loss: 0.281
2019-01-11 16:50:11,061:INFO: - Found new best DSC
2019-01-11 16:50:11,061:INFO: Epoch 34/45
2019-01-11 16:50:22,189:INFO: - Train metrics: dsc: 0.888 ; iou: 0.832 ; accuracy: 0.999 ; precision: 0.885 ; recall: 0.935 ; loss: 0.257
2019-01-11 16:50:23,465:INFO: - Eval metrics : dsc: 0.878 ; iou: 0.817 ; accuracy: 0.999 ; precision: 0.874 ; recall: 0.928 ; loss: 0.246
2019-01-11 16:50:23,501:INFO: Epoch 35/45
2019-01-11 16:50:34,511:INFO: - Train metrics: dsc: 0.892 ; iou: 0.837 ; accuracy: 0.999 ; precision: 0.889 ; recall: 0.938 ; loss: 0.222
2019-01-11 16:50:35,805:INFO: - Eval metrics : dsc: 0.879 ; iou: 0.816 ; accuracy: 0.999 ; precision: 0.873 ; recall: 0.928 ; loss: 0.218
2019-01-11 16:50:35,855:INFO: Epoch 36/45
2019-01-11 16:50:46,763:INFO: - Train metrics: dsc: 0.896 ; iou: 0.842 ; accuracy: 0.999 ; precision: 0.892 ; recall: 0.940 ; loss: 0.201
2019-01-11 16:50:48,019:INFO: - Eval metrics : dsc: 0.884 ; iou: 0.822 ; accuracy: 0.999 ; precision: 0.913 ; recall: 0.890 ; loss: 0.196
2019-01-11 16:50:48,047:INFO: - Found new best DSC
2019-01-11 16:50:48,047:INFO: Epoch 37/45
2019-01-11 16:50:59,056:INFO: - Train metrics: dsc: 0.908 ; iou: 0.855 ; accuracy: 0.999 ; precision: 0.903 ; recall: 0.943 ; loss: 0.179
2019-01-11 16:51:00,353:INFO: - Eval metrics : dsc: 0.892 ; iou: 0.832 ; accuracy: 0.999 ; precision: 0.922 ; recall: 0.897 ; loss: 0.176
2019-01-11 16:51:00,387:INFO: - Found new best DSC
2019-01-11 16:51:00,387:INFO: Epoch 38/45
2019-01-11 16:51:11,272:INFO: - Train metrics: dsc: 0.903 ; iou: 0.850 ; accuracy: 0.999 ; precision: 0.898 ; recall: 0.943 ; loss: 0.171
2019-01-11 16:51:12,573:INFO: - Eval metrics : dsc: 0.888 ; iou: 0.831 ; accuracy: 0.999 ; precision: 0.924 ; recall: 0.895 ; loss: 0.169
2019-01-11 16:51:12,604:INFO: Epoch 39/45
2019-01-11 16:51:23,642:INFO: - Train metrics: dsc: 0.899 ; iou: 0.845 ; accuracy: 0.999 ; precision: 0.897 ; recall: 0.936 ; loss: 0.162
2019-01-11 16:51:24,917:INFO: - Eval metrics : dsc: 0.899 ; iou: 0.839 ; accuracy: 0.999 ; precision: 0.895 ; recall: 0.932 ; loss: 0.157
2019-01-11 16:51:24,945:INFO: - Found new best DSC
2019-01-11 16:51:24,945:INFO: Epoch 40/45
2019-01-11 16:51:35,924:INFO: - Train metrics: dsc: 0.901 ; iou: 0.847 ; accuracy: 0.999 ; precision: 0.897 ; recall: 0.940 ; loss: 0.159
2019-01-11 16:51:37,207:INFO: - Eval metrics : dsc: 0.892 ; iou: 0.830 ; accuracy: 0.999 ; precision: 0.888 ; recall: 0.932 ; loss: 0.155
2019-01-11 16:51:37,242:INFO: Epoch 41/45
2019-01-11 16:51:48,317:INFO: - Train metrics: dsc: 0.906 ; iou: 0.852 ; accuracy: 0.999 ; precision: 0.903 ; recall: 0.940 ; loss: 0.148
2019-01-11 16:51:49,554:INFO: - Eval metrics : dsc: 0.870 ; iou: 0.805 ; accuracy: 0.999 ; precision: 0.928 ; recall: 0.866 ; loss: 0.171
2019-01-11 16:51:49,582:INFO: Epoch 42/45
2019-01-11 16:52:00,537:INFO: - Train metrics: dsc: 0.901 ; iou: 0.847 ; accuracy: 0.999 ; precision: 0.899 ; recall: 0.939 ; loss: 0.146
2019-01-11 16:52:01,898:INFO: - Eval metrics : dsc: 0.898 ; iou: 0.836 ; accuracy: 0.999 ; precision: 0.892 ; recall: 0.932 ; loss: 0.142
2019-01-11 16:52:01,935:INFO: Epoch 43/45
2019-01-11 16:52:12,885:INFO: - Train metrics: dsc: 0.903 ; iou: 0.851 ; accuracy: 0.999 ; precision: 0.900 ; recall: 0.941 ; loss: 0.137
2019-01-11 16:52:14,141:INFO: - Eval metrics : dsc: 0.893 ; iou: 0.833 ; accuracy: 0.999 ; precision: 0.904 ; recall: 0.918 ; loss: 0.143
2019-01-11 16:52:14,175:INFO: Epoch 44/45
2019-01-11 16:52:25,232:INFO: - Train metrics: dsc: 0.912 ; iou: 0.861 ; accuracy: 0.999 ; precision: 0.909 ; recall: 0.943 ; loss: 0.133
2019-01-11 16:52:26,559:INFO: - Eval metrics : dsc: 0.887 ; iou: 0.830 ; accuracy: 0.999 ; precision: 0.925 ; recall: 0.892 ; loss: 0.145
2019-01-11 16:52:26,589:INFO: Epoch 45/45
2019-01-11 16:52:37,608:INFO: - Train metrics: dsc: 0.913 ; iou: 0.863 ; accuracy: 0.999 ; precision: 0.913 ; recall: 0.941 ; loss: 0.126
2019-01-11 16:52:38,900:INFO: - Eval metrics : dsc: 0.899 ; iou: 0.840 ; accuracy: 0.999 ; precision: 0.907 ; recall: 0.917 ; loss: 0.132
2019-01-11 16:52:39,008:INFO: Loading the datasets...
2019-01-11 16:52:43,452:INFO: - done.
2019-01-11 16:52:43,452:INFO: For k-fold 5/5:
2019-01-11 16:52:43,452:INFO: Starting training for 45 epoch(s)
2019-01-11 16:52:43,452:INFO: Epoch 1/45
2019-01-11 16:52:54,341:INFO: - Train metrics: dsc: 0.083 ; iou: 0.044 ; accuracy: 0.838 ; precision: 0.045 ; recall: 0.843 ; loss: 0.969
2019-01-11 16:52:55,587:INFO: - Eval metrics : dsc: 0.122 ; iou: 0.072 ; accuracy: 0.979 ; precision: 0.109 ; recall: 0.216 ; loss: 0.981
2019-01-11 16:52:55,617:INFO: - Found new best DSC
2019-01-11 16:52:55,617:INFO: Epoch 2/45
2019-01-11 16:53:06,526:INFO: - Train metrics: dsc: 0.321 ; iou: 0.208 ; accuracy: 0.957 ; precision: 0.208 ; recall: 0.973 ; loss: 0.956
2019-01-11 16:53:07,799:INFO: - Eval metrics : dsc: 0.465 ; iou: 0.326 ; accuracy: 0.985 ; precision: 0.330 ; recall: 0.946 ; loss: 0.957
2019-01-11 16:53:07,834:INFO: - Found new best DSC
2019-01-11 16:53:07,834:INFO: Epoch 3/45
2019-01-11 16:53:18,718:INFO: - Train metrics: dsc: 0.531 ; iou: 0.386 ; accuracy: 0.988 ; precision: 0.386 ; recall: 0.974 ; loss: 0.951
2019-01-11 16:53:19,954:INFO: - Eval metrics : dsc: 0.505 ; iou: 0.360 ; accuracy: 0.987 ; precision: 0.361 ; recall: 0.976 ; loss: 0.952
2019-01-11 16:53:20,015:INFO: - Found new best DSC
2019-01-11 16:53:20,016:INFO: Epoch 4/45
2019-01-11 16:53:30,923:INFO: - Train metrics: dsc: 0.595 ; iou: 0.454 ; accuracy: 0.992 ; precision: 0.456 ; recall: 0.975 ; loss: 0.946
2019-01-11 16:53:32,186:INFO: - Eval metrics : dsc: 0.670 ; iou: 0.539 ; accuracy: 0.994 ; precision: 0.545 ; recall: 0.976 ; loss: 0.948
2019-01-11 16:53:32,219:INFO: - Found new best DSC
2019-01-11 16:53:32,220:INFO: Epoch 5/45
2019-01-11 16:53:43,168:INFO: - Train metrics: dsc: 0.639 ; iou: 0.500 ; accuracy: 0.993 ; precision: 0.506 ; recall: 0.979 ; loss: 0.942
2019-01-11 16:53:44,467:INFO: - Eval metrics : dsc: 0.712 ; iou: 0.587 ; accuracy: 0.996 ; precision: 0.598 ; recall: 0.964 ; loss: 0.944
2019-01-11 16:53:44,503:INFO: - Found new best DSC
2019-01-11 16:53:44,504:INFO: Epoch 6/45
2019-01-11 16:53:55,450:INFO: - Train metrics: dsc: 0.669 ; iou: 0.535 ; accuracy: 0.994 ; precision: 0.540 ; recall: 0.981 ; loss: 0.937
2019-01-11 16:53:56,771:INFO: - Eval metrics : dsc: 0.670 ; iou: 0.538 ; accuracy: 0.995 ; precision: 0.539 ; recall: 0.976 ; loss: 0.937
2019-01-11 16:53:56,843:INFO: Epoch 7/45
2019-01-11 16:54:07,874:INFO: - Train metrics: dsc: 0.652 ; iou: 0.521 ; accuracy: 0.993 ; precision: 0.522 ; recall: 0.984 ; loss: 0.930
2019-01-11 16:54:09,140:INFO: - Eval metrics : dsc: 0.200 ; iou: 0.119 ; accuracy: 0.919 ; precision: 0.119 ; recall: 0.987 ; loss: 0.948
2019-01-11 16:54:09,175:INFO: Epoch 8/45
2019-01-11 16:54:20,096:INFO: - Train metrics: dsc: 0.603 ; iou: 0.473 ; accuracy: 0.990 ; precision: 0.476 ; recall: 0.974 ; loss: 0.919
2019-01-11 16:54:21,366:INFO: - Eval metrics : dsc: 0.537 ; iou: 0.406 ; accuracy: 0.986 ; precision: 0.409 ; recall: 0.969 ; loss: 0.824
2019-01-11 16:54:21,408:INFO: Epoch 9/45
2019-01-11 16:54:32,412:INFO: - Train metrics: dsc: 0.548 ; iou: 0.427 ; accuracy: 0.984 ; precision: 0.432 ; recall: 0.970 ; loss: 0.899
2019-01-11 16:54:33,694:INFO: - Eval metrics : dsc: 0.758 ; iou: 0.662 ; accuracy: 0.997 ; precision: 0.808 ; recall: 0.830 ; loss: 0.614
2019-01-11 16:54:33,733:INFO: - Found new best DSC
2019-01-11 16:54:33,733:INFO: Epoch 10/45
2019-01-11 16:54:44,659:INFO: - Train metrics: dsc: 0.524 ; iou: 0.416 ; accuracy: 0.976 ; precision: 0.424 ; recall: 0.965 ; loss: 0.862
2019-01-11 16:54:45,932:INFO: - Eval metrics : dsc: 0.713 ; iou: 0.608 ; accuracy: 0.995 ; precision: 0.660 ; recall: 0.905 ; loss: 0.714
2019-01-11 16:54:45,966:INFO: Epoch 11/45
2019-01-11 16:54:56,936:INFO: - Train metrics: dsc: 0.513 ; iou: 0.411 ; accuracy: 0.975 ; precision: 0.423 ; recall: 0.959 ; loss: 0.820
2019-01-11 16:54:58,175:INFO: - Eval metrics : dsc: 0.570 ; iou: 0.462 ; accuracy: 0.987 ; precision: 0.543 ; recall: 0.867 ; loss: 0.771
2019-01-11 16:54:58,212:INFO: Epoch 12/45
2019-01-11 16:55:09,137:INFO: - Train metrics: dsc: 0.520 ; iou: 0.425 ; accuracy: 0.976 ; precision: 0.442 ; recall: 0.951 ; loss: 0.768
2019-01-11 16:55:10,343:INFO: - Eval metrics : dsc: 0.450 ; iou: 0.355 ; accuracy: 0.966 ; precision: 0.361 ; recall: 0.970 ; loss: 0.754
2019-01-11 16:55:10,382:INFO: Epoch 13/45
2019-01-11 16:55:21,270:INFO: - Train metrics: dsc: 0.555 ; iou: 0.461 ; accuracy: 0.979 ; precision: 0.481 ; recall: 0.956 ; loss: 0.735
2019-01-11 16:55:22,585:INFO: - Eval metrics : dsc: 0.715 ; iou: 0.614 ; accuracy: 0.995 ; precision: 0.651 ; recall: 0.935 ; loss: 0.633
2019-01-11 16:55:22,641:INFO: Epoch 14/45
2019-01-11 16:55:33,534:INFO: - Train metrics: dsc: 0.608 ; iou: 0.506 ; accuracy: 0.988 ; precision: 0.530 ; recall: 0.953 ; loss: 0.699
2019-01-11 16:55:34,856:INFO: - Eval metrics : dsc: 0.568 ; iou: 0.476 ; accuracy: 0.982 ; precision: 0.496 ; recall: 0.956 ; loss: 0.672
2019-01-11 16:55:34,890:INFO: Epoch 15/45
2019-01-11 16:55:45,857:INFO: - Train metrics: dsc: 0.631 ; iou: 0.530 ; accuracy: 0.988 ; precision: 0.555 ; recall: 0.948 ; loss: 0.683
2019-01-11 16:55:47,147:INFO: - Eval metrics : dsc: 0.694 ; iou: 0.589 ; accuracy: 0.994 ; precision: 0.612 ; recall: 0.951 ; loss: 0.662
2019-01-11 16:55:47,178:INFO: Epoch 16/45
2019-01-11 16:55:58,092:INFO: - Train metrics: dsc: 0.653 ; iou: 0.551 ; accuracy: 0.991 ; precision: 0.576 ; recall: 0.946 ; loss: 0.665
2019-01-11 16:55:59,343:INFO: - Eval metrics : dsc: 0.528 ; iou: 0.448 ; accuracy: 0.972 ; precision: 0.484 ; recall: 0.945 ; loss: 0.636
2019-01-11 16:55:59,404:INFO: Epoch 17/45
2019-01-11 16:56:10,432:INFO: - Train metrics: dsc: 0.671 ; iou: 0.571 ; accuracy: 0.991 ; precision: 0.600 ; recall: 0.946 ; loss: 0.644
2019-01-11 16:56:11,693:INFO: - Eval metrics : dsc: 0.616 ; iou: 0.516 ; accuracy: 0.988 ; precision: 0.570 ; recall: 0.917 ; loss: 0.632
2019-01-11 16:56:11,737:INFO: Epoch 18/45
2019-01-11 16:56:22,680:INFO: - Train metrics: dsc: 0.675 ; iou: 0.577 ; accuracy: 0.991 ; precision: 0.604 ; recall: 0.949 ; loss: 0.630
2019-01-11 16:56:24,006:INFO: - Eval metrics : dsc: 0.707 ; iou: 0.605 ; accuracy: 0.994 ; precision: 0.623 ; recall: 0.955 ; loss: 0.615
2019-01-11 16:56:24,036:INFO: Epoch 19/45
2019-01-11 16:56:34,989:INFO: - Train metrics: dsc: 0.733 ; iou: 0.634 ; accuracy: 0.995 ; precision: 0.663 ; recall: 0.946 ; loss: 0.617
2019-01-11 16:56:36,239:INFO: - Eval metrics : dsc: 0.702 ; iou: 0.601 ; accuracy: 0.994 ; precision: 0.625 ; recall: 0.942 ; loss: 0.591
2019-01-11 16:56:36,275:INFO: Epoch 20/45
2019-01-11 16:56:47,183:INFO: - Train metrics: dsc: 0.714 ; iou: 0.614 ; accuracy: 0.994 ; precision: 0.642 ; recall: 0.945 ; loss: 0.607
2019-01-11 16:56:48,502:INFO: - Eval metrics : dsc: 0.716 ; iou: 0.617 ; accuracy: 0.995 ; precision: 0.655 ; recall: 0.931 ; loss: 0.582
2019-01-11 16:56:48,532:INFO: Epoch 21/45
2019-01-11 16:56:59,438:INFO: - Train metrics: dsc: 0.698 ; iou: 0.602 ; accuracy: 0.993 ; precision: 0.629 ; recall: 0.953 ; loss: 0.600
2019-01-11 16:57:00,680:INFO: - Eval metrics : dsc: 0.686 ; iou: 0.591 ; accuracy: 0.993 ; precision: 0.617 ; recall: 0.947 ; loss: 0.574
2019-01-11 16:57:00,712:INFO: Epoch 22/45
2019-01-11 16:57:11,705:INFO: - Train metrics: dsc: 0.752 ; iou: 0.660 ; accuracy: 0.996 ; precision: 0.690 ; recall: 0.942 ; loss: 0.595
2019-01-11 16:57:13,038:INFO: - Eval metrics : dsc: 0.715 ; iou: 0.613 ; accuracy: 0.995 ; precision: 0.626 ; recall: 0.959 ; loss: 0.588
2019-01-11 16:57:13,057:INFO: Epoch 23/45
2019-01-11 16:57:24,043:INFO: - Train metrics: dsc: 0.727 ; iou: 0.637 ; accuracy: 0.993 ; precision: 0.666 ; recall: 0.945 ; loss: 0.590
2019-01-11 16:57:25,306:INFO: - Eval metrics : dsc: 0.577 ; iou: 0.489 ; accuracy: 0.979 ; precision: 0.501 ; recall: 0.965 ; loss: 0.612
2019-01-11 16:57:25,340:INFO: Epoch 24/45
2019-01-11 16:57:36,282:INFO: - Train metrics: dsc: 0.761 ; iou: 0.675 ; accuracy: 0.995 ; precision: 0.707 ; recall: 0.939 ; loss: 0.581
2019-01-11 16:57:37,483:INFO: - Eval metrics : dsc: 0.799 ; iou: 0.717 ; accuracy: 0.997 ; precision: 0.777 ; recall: 0.921 ; loss: 0.580
2019-01-11 16:57:37,516:INFO: - Found new best DSC
2019-01-11 16:57:37,517:INFO: Epoch 25/45
2019-01-11 16:57:48,442:INFO: - Train metrics: dsc: 0.758 ; iou: 0.674 ; accuracy: 0.995 ; precision: 0.707 ; recall: 0.946 ; loss: 0.564
2019-01-11 16:57:49,701:INFO: - Eval metrics : dsc: 0.838 ; iou: 0.763 ; accuracy: 0.998 ; precision: 0.823 ; recall: 0.921 ; loss: 0.487
2019-01-11 16:57:49,731:INFO: - Found new best DSC
2019-01-11 16:57:49,731:INFO: Epoch 26/45
2019-01-11 16:58:00,698:INFO: - Train metrics: dsc: 0.792 ; iou: 0.709 ; accuracy: 0.997 ; precision: 0.750 ; recall: 0.937 ; loss: 0.545
2019-01-11 16:58:02,022:INFO: - Eval metrics : dsc: 0.721 ; iou: 0.635 ; accuracy: 0.993 ; precision: 0.705 ; recall: 0.919 ; loss: 0.527
2019-01-11 16:58:02,047:INFO: Epoch 27/45
2019-01-11 16:58:12,924:INFO: - Train metrics: dsc: 0.818 ; iou: 0.741 ; accuracy: 0.998 ; precision: 0.781 ; recall: 0.939 ; loss: 0.510
2019-01-11 16:58:14,207:INFO: - Eval metrics : dsc: 0.804 ; iou: 0.720 ; accuracy: 0.998 ; precision: 0.776 ; recall: 0.930 ; loss: 0.505
2019-01-11 16:58:14,238:INFO: Epoch 28/45
2019-01-11 16:58:25,234:INFO: - Train metrics: dsc: 0.831 ; iou: 0.757 ; accuracy: 0.998 ; precision: 0.796 ; recall: 0.941 ; loss: 0.483
2019-01-11 16:58:26,549:INFO: - Eval metrics : dsc: 0.830 ; iou: 0.757 ; accuracy: 0.998 ; precision: 0.816 ; recall: 0.914 ; loss: 0.422
2019-01-11 16:58:26,610:INFO: Epoch 29/45
2019-01-11 16:58:37,590:INFO: - Train metrics: dsc: 0.822 ; iou: 0.749 ; accuracy: 0.997 ; precision: 0.788 ; recall: 0.943 ; loss: 0.469
2019-01-11 16:58:38,907:INFO: - Eval metrics : dsc: 0.846 ; iou: 0.776 ; accuracy: 0.999 ; precision: 0.844 ; recall: 0.917 ; loss: 0.440
2019-01-11 16:58:38,949:INFO: - Found new best DSC
2019-01-11 16:58:38,949:INFO: Epoch 30/45
2019-01-11 16:58:49,989:INFO: - Train metrics: dsc: 0.829 ; iou: 0.758 ; accuracy: 0.998 ; precision: 0.796 ; recall: 0.945 ; loss: 0.434
2019-01-11 16:58:51,309:INFO: - Eval metrics : dsc: 0.760 ; iou: 0.685 ; accuracy: 0.991 ; precision: 0.722 ; recall: 0.952 ; loss: 0.416
2019-01-11 16:58:51,380:INFO: Epoch 31/45
2019-01-11 16:59:02,387:INFO: - Train metrics: dsc: 0.855 ; iou: 0.788 ; accuracy: 0.998 ; precision: 0.833 ; recall: 0.942 ; loss: 0.398
2019-01-11 16:59:03,735:INFO: - Eval metrics : dsc: 0.863 ; iou: 0.800 ; accuracy: 0.999 ; precision: 0.857 ; recall: 0.934 ; loss: 0.348
2019-01-11 16:59:03,777:INFO: - Found new best DSC
2019-01-11 16:59:03,777:INFO: Epoch 32/45
2019-01-11 16:59:14,786:INFO: - Train metrics: dsc: 0.871 ; iou: 0.809 ; accuracy: 0.999 ; precision: 0.854 ; recall: 0.939 ; loss: 0.346
2019-01-11 16:59:16,112:INFO: - Eval metrics : dsc: 0.857 ; iou: 0.794 ; accuracy: 0.999 ; precision: 0.857 ; recall: 0.923 ; loss: 0.289
2019-01-11 16:59:16,144:INFO: Epoch 33/45
2019-01-11 16:59:27,045:INFO: - Train metrics: dsc: 0.882 ; iou: 0.825 ; accuracy: 0.999 ; precision: 0.878 ; recall: 0.934 ; loss: 0.262
2019-01-11 16:59:28,322:INFO: - Eval metrics : dsc: 0.872 ; iou: 0.811 ; accuracy: 0.999 ; precision: 0.891 ; recall: 0.910 ; loss: 0.281
2019-01-11 16:59:28,362:INFO: - Found new best DSC
2019-01-11 16:59:28,362:INFO: Epoch 34/45
2019-01-11 16:59:39,351:INFO: - Train metrics: dsc: 0.887 ; iou: 0.831 ; accuracy: 0.999 ; precision: 0.887 ; recall: 0.933 ; loss: 0.229
2019-01-11 16:59:40,623:INFO: - Eval metrics : dsc: 0.865 ; iou: 0.807 ; accuracy: 0.999 ; precision: 0.886 ; recall: 0.908 ; loss: 0.241
2019-01-11 16:59:40,651:INFO: Epoch 35/45
2019-01-11 16:59:51,551:INFO: - Train metrics: dsc: 0.894 ; iou: 0.839 ; accuracy: 0.999 ; precision: 0.889 ; recall: 0.938 ; loss: 0.201
2019-01-11 16:59:52,825:INFO: - Eval metrics : dsc: 0.866 ; iou: 0.804 ; accuracy: 0.999 ; precision: 0.860 ; recall: 0.936 ; loss: 0.219
2019-01-11 16:59:52,862:INFO: Epoch 36/45
2019-01-11 17:00:03,878:INFO: - Train metrics: dsc: 0.896 ; iou: 0.840 ; accuracy: 0.999 ; precision: 0.890 ; recall: 0.940 ; loss: 0.188
2019-01-11 17:00:05,141:INFO: - Eval metrics : dsc: 0.866 ; iou: 0.804 ; accuracy: 0.999 ; precision: 0.898 ; recall: 0.892 ; loss: 0.202
2019-01-11 17:00:05,166:INFO: Epoch 37/45
2019-01-11 17:00:16,128:INFO: - Train metrics: dsc: 0.902 ; iou: 0.849 ; accuracy: 0.999 ; precision: 0.900 ; recall: 0.937 ; loss: 0.171
2019-01-11 17:00:17,435:INFO: - Eval metrics : dsc: 0.882 ; iou: 0.825 ; accuracy: 0.999 ; precision: 0.888 ; recall: 0.924 ; loss: 0.184
2019-01-11 17:00:17,480:INFO: - Found new best DSC
2019-01-11 17:00:17,480:INFO: Epoch 38/45
2019-01-11 17:00:28,451:INFO: - Train metrics: dsc: 0.909 ; iou: 0.857 ; accuracy: 0.999 ; precision: 0.907 ; recall: 0.941 ; loss: 0.159
2019-01-11 17:00:29,775:INFO: - Eval metrics : dsc: 0.880 ; iou: 0.822 ; accuracy: 0.999 ; precision: 0.878 ; recall: 0.932 ; loss: 0.177
2019-01-11 17:00:29,808:INFO: Epoch 39/45
2019-01-11 17:00:40,844:INFO: - Train metrics: dsc: 0.908 ; iou: 0.856 ; accuracy: 0.999 ; precision: 0.907 ; recall: 0.942 ; loss: 0.150
2019-01-11 17:00:42,138:INFO: - Eval metrics : dsc: 0.878 ; iou: 0.821 ; accuracy: 0.999 ; precision: 0.874 ; recall: 0.934 ; loss: 0.172
2019-01-11 17:00:42,174:INFO: Epoch 40/45
2019-01-11 17:00:53,048:INFO: - Train metrics: dsc: 0.909 ; iou: 0.858 ; accuracy: 0.999 ; precision: 0.905 ; recall: 0.945 ; loss: 0.143
2019-01-11 17:00:54,418:INFO: - Eval metrics : dsc: 0.866 ; iou: 0.807 ; accuracy: 0.999 ; precision: 0.874 ; recall: 0.920 ; loss: 0.167
2019-01-11 17:00:54,487:INFO: Epoch 41/45
2019-01-11 17:01:05,393:INFO: - Train metrics: dsc: 0.916 ; iou: 0.865 ; accuracy: 0.999 ; precision: 0.917 ; recall: 0.939 ; loss: 0.137
2019-01-11 17:01:06,614:INFO: - Eval metrics : dsc: 0.882 ; iou: 0.825 ; accuracy: 0.999 ; precision: 0.903 ; recall: 0.909 ; loss: 0.164
2019-01-11 17:01:06,659:INFO: - Found new best DSC
2019-01-11 17:01:06,660:INFO: Epoch 42/45
2019-01-11 17:01:17,606:INFO: - Train metrics: dsc: 0.918 ; iou: 0.867 ; accuracy: 0.999 ; precision: 0.913 ; recall: 0.946 ; loss: 0.132
2019-01-11 17:01:18,860:INFO: - Eval metrics : dsc: 0.887 ; iou: 0.830 ; accuracy: 0.999 ; precision: 0.893 ; recall: 0.928 ; loss: 0.159
2019-01-11 17:01:18,893:INFO: - Found new best DSC
2019-01-11 17:01:18,893:INFO: Epoch 43/45
2019-01-11 17:01:29,820:INFO: - Train metrics: dsc: 0.919 ; iou: 0.869 ; accuracy: 0.999 ; precision: 0.918 ; recall: 0.943 ; loss: 0.125
2019-01-11 17:01:31,115:INFO: - Eval metrics : dsc: 0.886 ; iou: 0.830 ; accuracy: 0.999 ; precision: 0.900 ; recall: 0.919 ; loss: 0.152
2019-01-11 17:01:31,148:INFO: Epoch 44/45
2019-01-11 17:01:42,089:INFO: - Train metrics: dsc: 0.918 ; iou: 0.868 ; accuracy: 0.999 ; precision: 0.913 ; recall: 0.945 ; loss: 0.125
2019-01-11 17:01:43,323:INFO: - Eval metrics : dsc: 0.879 ; iou: 0.823 ; accuracy: 0.999 ; precision: 0.876 ; recall: 0.935 ; loss: 0.154
2019-01-11 17:01:43,354:INFO: Epoch 45/45
2019-01-11 17:01:54,279:INFO: - Train metrics: dsc: 0.920 ; iou: 0.870 ; accuracy: 0.999 ; precision: 0.914 ; recall: 0.947 ; loss: 0.119
2019-01-11 17:01:55,539:INFO: - Eval metrics : dsc: 0.883 ; iou: 0.826 ; accuracy: 0.999 ; precision: 0.901 ; recall: 0.916 ; loss: 0.150
